[38;5;112m[Appium][0m Welcome to Appium v2.16.0
[38;5;112m[Appium][0m Non-default server args:
[38;5;112m[Appium][0m { basePath: [32m'/wd/hub'[39m, loglevel: [32m'info'[39m, port: [33m64024[39m }
[38;5;112m[Appium][0m Attempting to load driver uiautomator2...
[38;5;112m[Appium][0m Appium REST http interface listener started on http://0.0.0.0:64024/wd/hub
[38;5;112m[Appium][0m You can provide the following URLs in your client code to connect to this server:
	http://192.168.0.104:64024/wd/hub
	http://127.0.0.1:64024/wd/hub (only accessible from the same host)
[38;5;112m[Appium][0m Available drivers:
[38;5;112m[Appium][0m   - uiautomator2@4.0.1 (automationName 'UiAutomator2')
[38;5;112m[Appium][0m No plugins have been installed. Use the "appium plugin" command to install the one(s) you want to use.
[38;5;86m[HTTP][0m [37m-->[39m [37mGET[39m [37m/wd/hub/status[39m [90m{}[39m
[38;5;86m[HTTP][0m [37m<-- GET /wd/hub/status [39m[32m200[39m [90m10 ms - 111[39m [90m[39m
[38;5;86m[HTTP][0m [37m-->[39m [37mPOST[39m [37m/wd/hub/session[39m [90m{"capabilities":{"firstMatch":[{"appium:app":"C:\\Users\\GVVignesh\\git\\WGR_Android\\App Folder\\universal.apk","appium:autoGrantPermissions":true,"appium:automationName":"uiautomator2","appium:deviceId":"","appium:deviceName":"samsung SM-A146B (Android 14)","appium:fullReset":false,"appium:newCommandTimeout":1800,"appium:noReset":true,"appium:platformName":"ANDROID","appium:platformVersion":"14","appium:systemPort":64023,"appium:udid":"adb-RZCW811B2MK-cCoIXY._adb-tls-connect._tcp","platformName":"ANDROID"}]},"desiredCapabilities":{"appium:app":"C:\\Users\\GVVignesh\\git\\WGR_Android\\App Folder\\universal.apk","appium:autoGrantPermissions":true,"appium:automationName":"uiautomator2","appium:deviceId":"","appium:deviceName":"samsung SM-A146B (Android 14)","appium:fullReset":false,"appium:newCommandTimeout":1800,"appium:noReset":true,"appium:platformName":"ANDROID","appium:platformVersion":"14","appium:systemPort":64023,"appium:udid":"adb-RZCW811B2MK-cCoIXY._adb-tls-connect._tcp"}}[39m
[38;5;123m[BaseDriver][0m Ignoring capability 'appium:platformName=ANDROID' and using capability 'platformName=ANDROID'
[38;5;123m[BaseDriver][0m The capabilities ["platformName"] are standard capabilities and do not require "appium:" prefix
[38;5;112m[Appium][0m Attempting to find matching driver for automationName 'uiautomator2' and platformName 'ANDROID'
[38;5;112m[Appium][0m The 'uiautomator2' driver was installed and matched caps.
[38;5;112m[Appium][0m Will require it at C:\Users\GVVignesh\.appium\node_modules\appium-uiautomator2-driver
[38;5;221m[AppiumDriver@4205][0m Appium v2.16.0 creating new AndroidUiautomator2Driver (v4.0.1) session
[38;5;221m[AppiumDriver@4205][0m Checking BaseDriver versions for Appium and AndroidUiautomator2Driver
[38;5;221m[AppiumDriver@4205][0m Appium's BaseDriver version is 9.16.0
[38;5;221m[AppiumDriver@4205][0m AndroidUiautomator2Driver's BaseDriver version is 9.16.0
[38;5;-150m[AndroidUiautomator2Driver@590a][0m The following provided capabilities were not recognized by this driver:
[38;5;-150m[AndroidUiautomator2Driver@590a][0m   deviceId
[38;5;211m[82bb5dbf][0m[38;5;-150m[AndroidUiautomator2Driver@590a][0m Session created with session id: 82bb5dbf-2793-4ed2-9397-38b3dbcdf29c
[38;5;211m[82bb5dbf][0m[38;5;229m[ADB][0m Found 1 'build-tools' folders under 'C:\Users\GVVignesh\.katalon\tools\android_sdk' (newest first):
[38;5;211m[82bb5dbf][0m[38;5;229m[ADB][0m     C:\Users\GVVignesh\.katalon\tools\android_sdk\build-tools\29.0.3
[38;5;211m[82bb5dbf][0m[38;5;229m[ADB][0m Using 'adb.exe' from 'C:\Users\GVVignesh\.katalon\tools\android_sdk\platform-tools\adb.exe'
[38;5;211m[82bb5dbf][0m[38;5;-150m[AndroidUiautomator2Driver@590a][0m Retrieving device list
[38;5;211m[82bb5dbf][0m[38;5;-150m[AndroidUiautomator2Driver@590a][0m Using device: adb-RZCW811B2MK-cCoIXY._adb-tls-connect._tcp
[38;5;211m[82bb5dbf][0m[38;5;229m[ADB][0m Using 'adb.exe' from 'C:\Users\GVVignesh\.katalon\tools\android_sdk\platform-tools\adb.exe'
[38;5;211m[82bb5dbf][0m[38;5;123m[BaseDriver][0m Using local app 'C:\Users\GVVignesh\git\WGR_Android\App Folder\universal.apk'
[38;5;211m[82bb5dbf][0m[38;5;229m[ADB][0m Getting device platform version
[38;5;211m[82bb5dbf][0m[38;5;-150m[AndroidUiautomator2Driver@590a][0m Relaxing hidden api policy
[38;5;211m[82bb5dbf][0m[38;5;229m[ADB][0m Using 'aapt2.exe' from 'C:\Users\GVVignesh\.katalon\tools\android_sdk\build-tools\29.0.3\aapt2.exe'
[38;5;211m[82bb5dbf][0m[38;5;229m[ADB][0m Package name: 'com.westgate.rewrite2'
[38;5;211m[82bb5dbf][0m[38;5;229m[ADB][0m Main activity name: 'com.westgate.rewrite2.MainActivity'
[38;5;211m[82bb5dbf][0m[38;5;-150m[AndroidUiautomator2Driver@590a][0m Server packages are not going to be (re)installed
[38;5;211m[82bb5dbf][0m[38;5;229m[ADB][0m Adding packages ["io.appium.settings","io.appium.uiautomator2.server","io.appium.uiautomator2.server.test"] to Doze whitelist
[38;5;211m[82bb5dbf][0m[38;5;-150m[AndroidUiautomator2Driver@590a][0m Starting UIAutomator2 server 7.2.3
[38;5;211m[82bb5dbf][0m[38;5;-150m[AndroidUiautomator2Driver@590a][0m Using UIAutomator2 server from 'C:\Users\GVVignesh\.appium\node_modules\appium-uiautomator2-driver\node_modules\appium-uiautomator2-server\apks\appium-uiautomator2-server-v7.2.3.apk' and test from 'C:\Users\GVVignesh\.appium\node_modules\appium-uiautomator2-driver\node_modules\appium-uiautomator2-server\apks\appium-uiautomator2-server-debug-androidTest.apk'
[38;5;211m[82bb5dbf][0m[38;5;-150m[AndroidUiautomator2Driver@590a][0m Waiting up to 30000ms for UiAutomator2 to be online...
[38;5;211m[82bb5dbf][0m[38;5;-150m[AndroidUiautomator2Driver@590a][0m socket hang up
[38;5;211m[82bb5dbf][0m[38;5;-150m[AndroidUiautomator2Driver@590a][0m socket hang up
[38;5;211m[82bb5dbf][0m[38;5;-150m[AndroidUiautomator2Driver@590a][0m Determined the downstream protocol as 'W3C'
[38;5;211m[82bb5dbf][0m[38;5;-150m[AndroidUiautomator2Driver@590a][0m Got response with status 404: {"sessionId":null,"value":{"error":"unknown command","message":"The requested resource could not be found, or a request was received using an HTTP method that is not supported by the mapped resource","stacktrace":"io.appium.uiautomator2.common.exceptions.UnknownCommandException: The requested resource could not be found, or a request was received using an HTTP method that is not supported by the mapped resource\n\tat io.appium.uiautomator2.http.ServerHandler.channelRead(ServerHandler.java:84)\n\tat io.netty.channel.AbstractChannelHandlerContext.invokeChannelRead(AbstractChannelHandlerContext.java:366)\n\tat io.netty.channel.AbstractChannelHandlerContext.invokeChannelRead(AbstractChannelHandlerContext.java:352)\n\tat io.netty.channel.AbstractChannelHandlerContext.fireChannelRead(AbstractChannelHandlerContext.java:345)\n\tat io.netty.handler.codec.MessageToMessageDecoder.channelRead(MessageToMessageDecoder.java:102)\n\tat io.netty.channel.AbstractChannelHandlerContext.invokeChannelRead(AbstractChannelHandler...
[38;5;211m[82bb5dbf][0m[38;5;-150m[AndroidUiautomator2Driver@590a][0m Cannot fetch device details. Original error: The requested resource could not be found, or a request was received using an HTTP method that is not supported by the mapped resource
[38;5;211m[82bb5dbf][0m[38;5;-150m[AndroidUiautomator2Driver@590a][0m Got response with status 404: {"sessionId":null,"value":{"error":"unknown command","message":"The requested resource could not be found, or a request was received using an HTTP method that is not supported by the mapped resource","stacktrace":"io.appium.uiautomator2.common.exceptions.UnknownCommandException: The requested resource could not be found, or a request was received using an HTTP method that is not supported by the mapped resource\n\tat io.appium.uiautomator2.http.ServerHandler.channelRead(ServerHandler.java:84)\n\tat io.netty.channel.AbstractChannelHandlerContext.invokeChannelRead(AbstractChannelHandlerContext.java:366)\n\tat io.netty.channel.AbstractChannelHandlerContext.invokeChannelRead(AbstractChannelHandlerContext.java:352)\n\tat io.netty.channel.AbstractChannelHandlerContext.fireChannelRead(AbstractChannelHandlerContext.java:345)\n\tat io.netty.handler.codec.MessageToMessageDecoder.channelRead(MessageToMessageDecoder.java:102)\n\tat io.netty.channel.AbstractChannelHandlerContext.invokeChannelRead(AbstractChannelHandler...
[38;5;211m[82bb5dbf][0m[38;5;-150m[AndroidUiautomator2Driver@590a][0m Got response with status 404: {"sessionId":null,"value":{"error":"unknown command","message":"The requested resource could not be found, or a request was received using an HTTP method that is not supported by the mapped resource","stacktrace":"io.appium.uiautomator2.common.exceptions.UnknownCommandException: The requested resource could not be found, or a request was received using an HTTP method that is not supported by the mapped resource\n\tat io.appium.uiautomator2.http.ServerHandler.channelRead(ServerHandler.java:84)\n\tat io.netty.channel.AbstractChannelHandlerContext.invokeChannelRead(AbstractChannelHandlerContext.java:366)\n\tat io.netty.channel.AbstractChannelHandlerContext.invokeChannelRead(AbstractChannelHandlerContext.java:352)\n\tat io.netty.channel.AbstractChannelHandlerContext.fireChannelRead(AbstractChannelHandlerContext.java:345)\n\tat io.netty.handler.codec.MessageToMessageDecoder.channelRead(MessageToMessageDecoder.java:102)\n\tat io.netty.channel.AbstractChannelHandlerContext.invokeChannelRead(AbstractChannelHandler...
[38;5;211m[82bb5dbf][0m[38;5;-150m[AndroidUiautomator2Driver@590a][0m Screen already unlocked, doing nothing
[38;5;211m[82bb5dbf][0m[38;5;-150m[AndroidUiautomator2Driver@590a][0m Starting 'com.westgate.rewrite2/com.westgate.rewrite2.MainActivity' and waiting for 'com.westgate.rewrite2/com.westgate.rewrite2.MainActivity'
[38;5;211m[82bb5dbf][0m[38;5;221m[AppiumDriver@4205][0m New AndroidUiautomator2Driver session created successfully, session 82bb5dbf-2793-4ed2-9397-38b3dbcdf29c added to master session list
[38;5;211m[82bb5dbf][0m[38;5;86m[HTTP][0m [37m<-- POST /wd/hub/session [39m[32m200[39m [90m7322 ms - 1192[39m [90m[39m
[38;5;86m[HTTP][0m [37m-->[39m [37mGET[39m [37m/wd/hub/status[39m [90m{}[39m
[38;5;86m[HTTP][0m [37m<-- GET /wd/hub/status [39m[32m200[39m [90m1 ms - 111[39m [90m[39m
[38;5;211m[82bb5dbf][0m[38;5;86m[HTTP][0m [37m-->[39m [37mPOST[39m [37m/wd/hub/session/82bb5dbf-2793-4ed2-9397-38b3dbcdf29c/timeouts[39m [90m{"implicit":30000}[39m
[38;5;211m[82bb5dbf][0m[38;5;86m[HTTP][0m [37m<-- POST /wd/hub/session/82bb5dbf-2793-4ed2-9397-38b3dbcdf29c/timeouts [39m[32m200[39m [90m5 ms - 14[39m [90m[39m
[38;5;211m[82bb5dbf][0m[38;5;86m[HTTP][0m [37m-->[39m [37mPOST[39m [37m/wd/hub/session/82bb5dbf-2793-4ed2-9397-38b3dbcdf29c/execute/sync[39m [90m{"args":[],"script":"mobile: getSystemBars"}[39m
[38;5;211m[82bb5dbf][0m[38;5;86m[HTTP][0m [37m<-- POST /wd/hub/session/82bb5dbf-2793-4ed2-9397-38b3dbcdf29c/execute/sync [39m[32m200[39m [90m143 ms - 151[39m [90m[39m
[38;5;211m[82bb5dbf][0m[38;5;86m[HTTP][0m [37m-->[39m [37mPOST[39m [37m/wd/hub/session/82bb5dbf-2793-4ed2-9397-38b3dbcdf29c/timeouts[39m [90m{"implicit":50}[39m
[38;5;211m[82bb5dbf][0m[38;5;86m[HTTP][0m [37m<-- POST /wd/hub/session/82bb5dbf-2793-4ed2-9397-38b3dbcdf29c/timeouts [39m[32m200[39m [90m2 ms - 14[39m [90m[39m
[38;5;211m[82bb5dbf][0m[38;5;86m[HTTP][0m [37m-->[39m [37mGET[39m [37m/wd/hub/session/82bb5dbf-2793-4ed2-9397-38b3dbcdf29c/window/rect[39m [90m{}[39m
[38;5;211m[82bb5dbf][0m[38;5;86m[HTTP][0m [37m<-- GET /wd/hub/session/82bb5dbf-2793-4ed2-9397-38b3dbcdf29c/window/rect [39m[32m200[39m [90m48 ms - 50[39m [90m[39m
[38;5;211m[82bb5dbf][0m[38;5;86m[HTTP][0m [37m-->[39m [37mPOST[39m [37m/wd/hub/session/82bb5dbf-2793-4ed2-9397-38b3dbcdf29c/elements[39m [90m{"value":"//*[@class = 'android.widget.Button' and (@text = 'Login or Sign Up' or . = 'Login or Sign Up')]","using":"xpath"}[39m
[38;5;211m[82bb5dbf][0m[38;5;86m[HTTP][0m [37m<-- POST /wd/hub/session/82bb5dbf-2793-4ed2-9397-38b3dbcdf29c/elements [39m[32m200[39m [90m371 ms - 139[39m [90m[39m
[38;5;211m[82bb5dbf][0m[38;5;86m[HTTP][0m [37m-->[39m [37mGET[39m [37m/wd/hub/session/82bb5dbf-2793-4ed2-9397-38b3dbcdf29c/element/00000000-0000-0ab1-0000-00ab00000007/rect[39m [90m{}[39m
[38;5;211m[82bb5dbf][0m[38;5;-150m[AndroidUiautomator2Driver@590a][0m Driver proxy active, passing request on via HTTP proxy
[38;5;211m[82bb5dbf][0m[38;5;-150m[AndroidUiautomator2Driver@590a][0m Replacing sessionId 93328871-c085-4d1f-9bca-22329363d339 with 82bb5dbf-2793-4ed2-9397-38b3dbcdf29c
[38;5;211m[82bb5dbf][0m[38;5;86m[HTTP][0m [37m<-- GET /wd/hub/session/82bb5dbf-2793-4ed2-9397-38b3dbcdf29c/element/00000000-0000-0ab1-0000-00ab00000007/rect [39m[32m200[39m [90m42 ms - 103[39m [90m[39m
[38;5;211m[82bb5dbf][0m[38;5;86m[HTTP][0m [37m-->[39m [37mPOST[39m [37m/wd/hub/session/82bb5dbf-2793-4ed2-9397-38b3dbcdf29c/timeouts[39m [90m{"implicit":30000}[39m
[38;5;211m[82bb5dbf][0m[38;5;86m[HTTP][0m [37m<-- POST /wd/hub/session/82bb5dbf-2793-4ed2-9397-38b3dbcdf29c/timeouts [39m[32m200[39m [90m1 ms - 14[39m [90m[39m
[38;5;211m[82bb5dbf][0m[38;5;86m[HTTP][0m [37m-->[39m [37mPOST[39m [37m/wd/hub/session/82bb5dbf-2793-4ed2-9397-38b3dbcdf29c/element/00000000-0000-0ab1-0000-00ab00000007/click[39m [90m{"id":"00000000-0000-0ab1-0000-00ab00000007"}[39m
[38;5;211m[82bb5dbf][0m[38;5;86m[HTTP][0m [37m<-- POST /wd/hub/session/82bb5dbf-2793-4ed2-9397-38b3dbcdf29c/element/00000000-0000-0ab1-0000-00ab00000007/click [39m[32m200[39m [90m82 ms - 14[39m [90m[39m
[38;5;211m[82bb5dbf][0m[38;5;86m[HTTP][0m [37m-->[39m [37mPOST[39m [37m/wd/hub/session/82bb5dbf-2793-4ed2-9397-38b3dbcdf29c/timeouts[39m [90m{"implicit":50}[39m
[38;5;211m[82bb5dbf][0m[38;5;86m[HTTP][0m [37m<-- POST /wd/hub/session/82bb5dbf-2793-4ed2-9397-38b3dbcdf29c/timeouts [39m[32m200[39m [90m1 ms - 14[39m [90m[39m
[38;5;211m[82bb5dbf][0m[38;5;86m[HTTP][0m [37m-->[39m [37mGET[39m [37m/wd/hub/session/82bb5dbf-2793-4ed2-9397-38b3dbcdf29c/window/rect[39m [90m{}[39m
[38;5;211m[82bb5dbf][0m[38;5;86m[HTTP][0m [37m<-- GET /wd/hub/session/82bb5dbf-2793-4ed2-9397-38b3dbcdf29c/window/rect [39m[32m200[39m [90m21 ms - 50[39m [90m[39m
[38;5;211m[82bb5dbf][0m[38;5;86m[HTTP][0m [37m-->[39m [37mPOST[39m [37m/wd/hub/session/82bb5dbf-2793-4ed2-9397-38b3dbcdf29c/elements[39m [90m{"value":"//*[@class = 'android.widget.EditText' and @resource-id = 'ion-input-0' and (@text = '' or . = '')]","using":"xpath"}[39m
[38;5;211m[82bb5dbf][0m[38;5;86m[HTTP][0m [37m<-- POST /wd/hub/session/82bb5dbf-2793-4ed2-9397-38b3dbcdf29c/elements [39m[32m200[39m [90m213 ms - 139[39m [90m[39m
[38;5;211m[82bb5dbf][0m[38;5;86m[HTTP][0m [37m-->[39m [37mGET[39m [37m/wd/hub/session/82bb5dbf-2793-4ed2-9397-38b3dbcdf29c/element/00000000-0000-0ab1-0000-00e100000007/rect[39m [90m{}[39m
[38;5;211m[82bb5dbf][0m[38;5;-150m[AndroidUiautomator2Driver@590a][0m Driver proxy active, passing request on via HTTP proxy
[38;5;211m[82bb5dbf][0m[38;5;-150m[AndroidUiautomator2Driver@590a][0m Replacing sessionId 93328871-c085-4d1f-9bca-22329363d339 with 82bb5dbf-2793-4ed2-9397-38b3dbcdf29c
[38;5;211m[82bb5dbf][0m[38;5;86m[HTTP][0m [37m<-- GET /wd/hub/session/82bb5dbf-2793-4ed2-9397-38b3dbcdf29c/element/00000000-0000-0ab1-0000-00e100000007/rect [39m[32m200[39m [90m60 ms - 103[39m [90m[39m
[38;5;211m[82bb5dbf][0m[38;5;86m[HTTP][0m [37m-->[39m [37mPOST[39m [37m/wd/hub/session/82bb5dbf-2793-4ed2-9397-38b3dbcdf29c/timeouts[39m [90m{"implicit":30000}[39m
[38;5;211m[82bb5dbf][0m[38;5;86m[HTTP][0m [37m<-- POST /wd/hub/session/82bb5dbf-2793-4ed2-9397-38b3dbcdf29c/timeouts [39m[32m200[39m [90m3 ms - 14[39m [90m[39m
[38;5;211m[82bb5dbf][0m[38;5;86m[HTTP][0m [37m-->[39m [37mPOST[39m [37m/wd/hub/session/82bb5dbf-2793-4ed2-9397-38b3dbcdf29c/element/00000000-0000-0ab1-0000-00e100000007/clear[39m [90m{"id":"00000000-0000-0ab1-0000-00e100000007"}[39m
[38;5;211m[82bb5dbf][0m[38;5;86m[HTTP][0m [37m<-- POST /wd/hub/session/82bb5dbf-2793-4ed2-9397-38b3dbcdf29c/element/00000000-0000-0ab1-0000-00e100000007/clear [39m[32m200[39m [90m35 ms - 14[39m [90m[39m
[38;5;211m[82bb5dbf][0m[38;5;86m[HTTP][0m [37m-->[39m [37mPOST[39m [37m/wd/hub/session/82bb5dbf-2793-4ed2-9397-38b3dbcdf29c/element/00000000-0000-0ab1-0000-00e100000007/click[39m [90m{"id":"00000000-0000-0ab1-0000-00e100000007"}[39m
[38;5;211m[82bb5dbf][0m[38;5;86m[HTTP][0m [37m<-- POST /wd/hub/session/82bb5dbf-2793-4ed2-9397-38b3dbcdf29c/element/00000000-0000-0ab1-0000-00e100000007/click [39m[32m200[39m [90m91 ms - 14[39m [90m[39m
[38;5;211m[82bb5dbf][0m[38;5;86m[HTTP][0m [37m-->[39m [37mPOST[39m [37m/wd/hub/session/82bb5dbf-2793-4ed2-9397-38b3dbcdf29c/element/00000000-0000-0ab1-0000-00e100000007/value[39m [90m{"value":["0","3","2","0","5","1","9","8","T","M","@","W","G",".","C","O","M"],"text":"03205198TM@WG.COM","id":"00000000-0000-0ab1-0000-00e100000007"}[39m
[38;5;211m[82bb5dbf][0m[38;5;86m[HTTP][0m [37m<-- POST /wd/hub/session/82bb5dbf-2793-4ed2-9397-38b3dbcdf29c/element/00000000-0000-0ab1-0000-00e100000007/value [39m[32m200[39m [90m55 ms - 14[39m [90m[39m
[38;5;211m[82bb5dbf][0m[38;5;86m[HTTP][0m [37m-->[39m [37mGET[39m [37m/wd/hub/session/82bb5dbf-2793-4ed2-9397-38b3dbcdf29c/context[39m [90m{}[39m
[38;5;211m[82bb5dbf][0m[38;5;86m[HTTP][0m [37m<-- GET /wd/hub/session/82bb5dbf-2793-4ed2-9397-38b3dbcdf29c/context [39m[32m200[39m [90m1 ms - 22[39m [90m[39m
[38;5;211m[82bb5dbf][0m[38;5;86m[HTTP][0m [37m-->[39m [37mGET[39m [37m/wd/hub/session/82bb5dbf-2793-4ed2-9397-38b3dbcdf29c/contexts[39m [90m{}[39m
[38;5;211m[82bb5dbf][0m[38;5;-150m[AndroidUiautomator2Driver@590a][0m Skipping the webview 'WEBVIEW_stetho_com.google.android.apps.messaging' at '@stetho_com.google.android.apps.messaging_devtools_remote' since it has reported having zero pages
[38;5;211m[82bb5dbf][0m[38;5;86m[HTTP][0m [37m<-- GET /wd/hub/session/82bb5dbf-2793-4ed2-9397-38b3dbcdf29c/contexts [39m[32m200[39m [90m234 ms - 24[39m [90m[39m
[38;5;211m[82bb5dbf][0m[38;5;86m[HTTP][0m [37m-->[39m [37mPOST[39m [37m/wd/hub/session/82bb5dbf-2793-4ed2-9397-38b3dbcdf29c/context[39m [90m{"name":"NATIVE_APP"}[39m
[38;5;211m[82bb5dbf][0m[38;5;86m[HTTP][0m [37m<-- POST /wd/hub/session/82bb5dbf-2793-4ed2-9397-38b3dbcdf29c/context [39m[32m200[39m [90m1 ms - 14[39m [90m[39m
[38;5;211m[82bb5dbf][0m[38;5;86m[HTTP][0m [37m-->[39m [37mPOST[39m [37m/wd/hub/session/82bb5dbf-2793-4ed2-9397-38b3dbcdf29c/execute/sync[39m [90m{"args":[],"script":"mobile: hideKeyboard"}[39m
[38;5;211m[82bb5dbf][0m[38;5;86m[HTTP][0m [37m<-- POST /wd/hub/session/82bb5dbf-2793-4ed2-9397-38b3dbcdf29c/execute/sync [39m[32m200[39m [90m591 ms - 14[39m [90m[39m
[38;5;211m[82bb5dbf][0m[38;5;86m[HTTP][0m [37m-->[39m [37mPOST[39m [37m/wd/hub/session/82bb5dbf-2793-4ed2-9397-38b3dbcdf29c/context[39m [90m{"name":"NATIVE_APP"}[39m
[38;5;211m[82bb5dbf][0m[38;5;86m[HTTP][0m [37m<-- POST /wd/hub/session/82bb5dbf-2793-4ed2-9397-38b3dbcdf29c/context [39m[32m200[39m [90m1 ms - 14[39m [90m[39m
[38;5;211m[82bb5dbf][0m[38;5;86m[HTTP][0m [37m-->[39m [37mPOST[39m [37m/wd/hub/session/82bb5dbf-2793-4ed2-9397-38b3dbcdf29c/timeouts[39m [90m{"implicit":50}[39m
[38;5;211m[82bb5dbf][0m[38;5;86m[HTTP][0m [37m<-- POST /wd/hub/session/82bb5dbf-2793-4ed2-9397-38b3dbcdf29c/timeouts [39m[32m200[39m [90m1 ms - 14[39m [90m[39m
[38;5;211m[82bb5dbf][0m[38;5;86m[HTTP][0m [37m-->[39m [37mGET[39m [37m/wd/hub/session/82bb5dbf-2793-4ed2-9397-38b3dbcdf29c/window/rect[39m [90m{}[39m
[38;5;211m[82bb5dbf][0m[38;5;86m[HTTP][0m [37m<-- GET /wd/hub/session/82bb5dbf-2793-4ed2-9397-38b3dbcdf29c/window/rect [39m[32m200[39m [90m25 ms - 50[39m [90m[39m
[38;5;211m[82bb5dbf][0m[38;5;86m[HTTP][0m [37m-->[39m [37mPOST[39m [37m/wd/hub/session/82bb5dbf-2793-4ed2-9397-38b3dbcdf29c/elements[39m [90m{"value":"//*[@class = 'android.widget.Button' and (@text = 'Next' or . = 'Next')]","using":"xpath"}[39m
[38;5;211m[82bb5dbf][0m[38;5;86m[HTTP][0m [37m<-- POST /wd/hub/session/82bb5dbf-2793-4ed2-9397-38b3dbcdf29c/elements [39m[32m200[39m [90m209 ms - 139[39m [90m[39m
[38;5;211m[82bb5dbf][0m[38;5;86m[HTTP][0m [37m-->[39m [37mGET[39m [37m/wd/hub/session/82bb5dbf-2793-4ed2-9397-38b3dbcdf29c/element/00000000-0000-0ab1-0000-00d900000007/rect[39m [90m{}[39m
[38;5;211m[82bb5dbf][0m[38;5;-150m[AndroidUiautomator2Driver@590a][0m Driver proxy active, passing request on via HTTP proxy
[38;5;211m[82bb5dbf][0m[38;5;-150m[AndroidUiautomator2Driver@590a][0m Replacing sessionId 93328871-c085-4d1f-9bca-22329363d339 with 82bb5dbf-2793-4ed2-9397-38b3dbcdf29c
[38;5;211m[82bb5dbf][0m[38;5;86m[HTTP][0m [37m<-- GET /wd/hub/session/82bb5dbf-2793-4ed2-9397-38b3dbcdf29c/element/00000000-0000-0ab1-0000-00d900000007/rect [39m[32m200[39m [90m41 ms - 103[39m [90m[39m
[38;5;211m[82bb5dbf][0m[38;5;86m[HTTP][0m [37m-->[39m [37mPOST[39m [37m/wd/hub/session/82bb5dbf-2793-4ed2-9397-38b3dbcdf29c/timeouts[39m [90m{"implicit":30000}[39m
[38;5;211m[82bb5dbf][0m[38;5;86m[HTTP][0m [37m<-- POST /wd/hub/session/82bb5dbf-2793-4ed2-9397-38b3dbcdf29c/timeouts [39m[32m200[39m [90m2 ms - 14[39m [90m[39m
[38;5;211m[82bb5dbf][0m[38;5;86m[HTTP][0m [37m-->[39m [37mPOST[39m [37m/wd/hub/session/82bb5dbf-2793-4ed2-9397-38b3dbcdf29c/element/00000000-0000-0ab1-0000-00d900000007/click[39m [90m{"id":"00000000-0000-0ab1-0000-00d900000007"}[39m
[38;5;211m[82bb5dbf][0m[38;5;86m[HTTP][0m [37m<-- POST /wd/hub/session/82bb5dbf-2793-4ed2-9397-38b3dbcdf29c/element/00000000-0000-0ab1-0000-00d900000007/click [39m[32m200[39m [90m79 ms - 14[39m [90m[39m
[38;5;211m[82bb5dbf][0m[38;5;86m[HTTP][0m [37m-->[39m [37mPOST[39m [37m/wd/hub/session/82bb5dbf-2793-4ed2-9397-38b3dbcdf29c/timeouts[39m [90m{"implicit":50}[39m
[38;5;211m[82bb5dbf][0m[38;5;86m[HTTP][0m [37m<-- POST /wd/hub/session/82bb5dbf-2793-4ed2-9397-38b3dbcdf29c/timeouts [39m[32m200[39m [90m1 ms - 14[39m [90m[39m
[38;5;211m[82bb5dbf][0m[38;5;86m[HTTP][0m [37m-->[39m [37mGET[39m [37m/wd/hub/session/82bb5dbf-2793-4ed2-9397-38b3dbcdf29c/window/rect[39m [90m{}[39m
[38;5;211m[82bb5dbf][0m[38;5;86m[HTTP][0m [37m<-- GET /wd/hub/session/82bb5dbf-2793-4ed2-9397-38b3dbcdf29c/window/rect [39m[32m200[39m [90m109 ms - 50[39m [90m[39m
[38;5;211m[82bb5dbf][0m[38;5;86m[HTTP][0m [37m-->[39m [37mPOST[39m [37m/wd/hub/session/82bb5dbf-2793-4ed2-9397-38b3dbcdf29c/elements[39m [90m{"value":"//*[@class = 'android.widget.EditText' and @resource-id = 'user' and (@text = '' or . = '')]","using":"xpath"}[39m
[38;5;211m[82bb5dbf][0m[38;5;86m[HTTP][0m [37m<-- POST /wd/hub/session/82bb5dbf-2793-4ed2-9397-38b3dbcdf29c/elements [39m[32m200[39m [90m175 ms - 139[39m [90m[39m
[38;5;211m[82bb5dbf][0m[38;5;86m[HTTP][0m [37m-->[39m [37mGET[39m [37m/wd/hub/session/82bb5dbf-2793-4ed2-9397-38b3dbcdf29c/element/00000000-0000-0ab3-0000-002a00000050/rect[39m [90m{}[39m
[38;5;211m[82bb5dbf][0m[38;5;-150m[AndroidUiautomator2Driver@590a][0m Driver proxy active, passing request on via HTTP proxy
[38;5;211m[82bb5dbf][0m[38;5;-150m[AndroidUiautomator2Driver@590a][0m Replacing sessionId 93328871-c085-4d1f-9bca-22329363d339 with 82bb5dbf-2793-4ed2-9397-38b3dbcdf29c
[38;5;211m[82bb5dbf][0m[38;5;86m[HTTP][0m [37m<-- GET /wd/hub/session/82bb5dbf-2793-4ed2-9397-38b3dbcdf29c/element/00000000-0000-0ab3-0000-002a00000050/rect [39m[32m200[39m [90m21 ms - 103[39m [90m[39m
[38;5;211m[82bb5dbf][0m[38;5;86m[HTTP][0m [37m-->[39m [37mPOST[39m [37m/wd/hub/session/82bb5dbf-2793-4ed2-9397-38b3dbcdf29c/timeouts[39m [90m{"implicit":30000}[39m
[38;5;211m[82bb5dbf][0m[38;5;86m[HTTP][0m [37m<-- POST /wd/hub/session/82bb5dbf-2793-4ed2-9397-38b3dbcdf29c/timeouts [39m[32m200[39m [90m2 ms - 14[39m [90m[39m
[38;5;211m[82bb5dbf][0m[38;5;86m[HTTP][0m [37m-->[39m [37mPOST[39m [37m/wd/hub/session/82bb5dbf-2793-4ed2-9397-38b3dbcdf29c/element/00000000-0000-0ab3-0000-002a00000050/clear[39m [90m{"id":"00000000-0000-0ab3-0000-002a00000050"}[39m
[38;5;211m[82bb5dbf][0m[38;5;86m[HTTP][0m [37m<-- POST /wd/hub/session/82bb5dbf-2793-4ed2-9397-38b3dbcdf29c/element/00000000-0000-0ab3-0000-002a00000050/clear [39m[32m200[39m [90m29 ms - 14[39m [90m[39m
[38;5;211m[82bb5dbf][0m[38;5;86m[HTTP][0m [37m-->[39m [37mPOST[39m [37m/wd/hub/session/82bb5dbf-2793-4ed2-9397-38b3dbcdf29c/element/00000000-0000-0ab3-0000-002a00000050/click[39m [90m{"id":"00000000-0000-0ab3-0000-002a00000050"}[39m
[38;5;211m[82bb5dbf][0m[38;5;86m[HTTP][0m [37m<-- POST /wd/hub/session/82bb5dbf-2793-4ed2-9397-38b3dbcdf29c/element/00000000-0000-0ab3-0000-002a00000050/click [39m[32m200[39m [90m75 ms - 14[39m [90m[39m
[38;5;211m[82bb5dbf][0m[38;5;86m[HTTP][0m [37m-->[39m [37mPOST[39m [37m/wd/hub/session/82bb5dbf-2793-4ed2-9397-38b3dbcdf29c/element/00000000-0000-0ab3-0000-002a00000050/value[39m [90m{"value":["0","3","2","0","5","1","9","8","T","M","@","W","G",".","C","O","M"],"text":"03205198TM@WG.COM","id":"00000000-0000-0ab3-0000-002a00000050"}[39m
[38;5;211m[82bb5dbf][0m[38;5;86m[HTTP][0m [37m<-- POST /wd/hub/session/82bb5dbf-2793-4ed2-9397-38b3dbcdf29c/element/00000000-0000-0ab3-0000-002a00000050/value [39m[32m200[39m [90m41 ms - 14[39m [90m[39m
[38;5;211m[82bb5dbf][0m[38;5;86m[HTTP][0m [37m-->[39m [37mGET[39m [37m/wd/hub/session/82bb5dbf-2793-4ed2-9397-38b3dbcdf29c/context[39m [90m{}[39m
[38;5;211m[82bb5dbf][0m[38;5;86m[HTTP][0m [37m<-- GET /wd/hub/session/82bb5dbf-2793-4ed2-9397-38b3dbcdf29c/context [39m[32m200[39m [90m1 ms - 22[39m [90m[39m
[38;5;211m[82bb5dbf][0m[38;5;86m[HTTP][0m [37m-->[39m [37mGET[39m [37m/wd/hub/session/82bb5dbf-2793-4ed2-9397-38b3dbcdf29c/contexts[39m [90m{}[39m
[38;5;211m[82bb5dbf][0m[38;5;-150m[AndroidUiautomator2Driver@590a][0m Skipping the webview 'WEBVIEW_stetho_com.google.android.apps.messaging' at '@stetho_com.google.android.apps.messaging_devtools_remote' since it has reported having zero pages
[38;5;211m[82bb5dbf][0m[38;5;86m[HTTP][0m [37m<-- GET /wd/hub/session/82bb5dbf-2793-4ed2-9397-38b3dbcdf29c/contexts [39m[32m200[39m [90m195 ms - 24[39m [90m[39m
[38;5;211m[82bb5dbf][0m[38;5;86m[HTTP][0m [37m-->[39m [37mPOST[39m [37m/wd/hub/session/82bb5dbf-2793-4ed2-9397-38b3dbcdf29c/context[39m [90m{"name":"NATIVE_APP"}[39m
[38;5;211m[82bb5dbf][0m[38;5;86m[HTTP][0m [37m<-- POST /wd/hub/session/82bb5dbf-2793-4ed2-9397-38b3dbcdf29c/context [39m[32m200[39m [90m1 ms - 14[39m [90m[39m
[38;5;211m[82bb5dbf][0m[38;5;86m[HTTP][0m [37m-->[39m [37mPOST[39m [37m/wd/hub/session/82bb5dbf-2793-4ed2-9397-38b3dbcdf29c/execute/sync[39m [90m{"args":[],"script":"mobile: hideKeyboard"}[39m
[38;5;211m[82bb5dbf][0m[38;5;229m[ADB][0m Keyboard has no UI; no closing necessary
[38;5;211m[82bb5dbf][0m[38;5;86m[HTTP][0m [37m<-- POST /wd/hub/session/82bb5dbf-2793-4ed2-9397-38b3dbcdf29c/execute/sync [39m[32m200[39m [90m209 ms - 15[39m [90m[39m
[38;5;211m[82bb5dbf][0m[38;5;86m[HTTP][0m [37m-->[39m [37mPOST[39m [37m/wd/hub/session/82bb5dbf-2793-4ed2-9397-38b3dbcdf29c/context[39m [90m{"name":"NATIVE_APP"}[39m
[38;5;211m[82bb5dbf][0m[38;5;86m[HTTP][0m [37m<-- POST /wd/hub/session/82bb5dbf-2793-4ed2-9397-38b3dbcdf29c/context [39m[32m200[39m [90m3 ms - 14[39m [90m[39m
[38;5;211m[82bb5dbf][0m[38;5;86m[HTTP][0m [37m-->[39m [37mPOST[39m [37m/wd/hub/session/82bb5dbf-2793-4ed2-9397-38b3dbcdf29c/timeouts[39m [90m{"implicit":50}[39m
[38;5;211m[82bb5dbf][0m[38;5;86m[HTTP][0m [37m<-- POST /wd/hub/session/82bb5dbf-2793-4ed2-9397-38b3dbcdf29c/timeouts [39m[32m200[39m [90m2 ms - 14[39m [90m[39m
[38;5;211m[82bb5dbf][0m[38;5;86m[HTTP][0m [37m-->[39m [37mGET[39m [37m/wd/hub/session/82bb5dbf-2793-4ed2-9397-38b3dbcdf29c/window/rect[39m [90m{}[39m
[38;5;211m[82bb5dbf][0m[38;5;86m[HTTP][0m [37m<-- GET /wd/hub/session/82bb5dbf-2793-4ed2-9397-38b3dbcdf29c/window/rect [39m[32m200[39m [90m28 ms - 50[39m [90m[39m
[38;5;211m[82bb5dbf][0m[38;5;86m[HTTP][0m [37m-->[39m [37mPOST[39m [37m/wd/hub/session/82bb5dbf-2793-4ed2-9397-38b3dbcdf29c/elements[39m [90m{"value":"//*[@class = 'android.widget.EditText' and @resource-id = 'password' and (@text = '' or . = '')]","using":"xpath"}[39m
[38;5;211m[82bb5dbf][0m[38;5;86m[HTTP][0m [37m<-- POST /wd/hub/session/82bb5dbf-2793-4ed2-9397-38b3dbcdf29c/elements [39m[32m200[39m [90m161 ms - 139[39m [90m[39m
[38;5;211m[82bb5dbf][0m[38;5;86m[HTTP][0m [37m-->[39m [37mGET[39m [37m/wd/hub/session/82bb5dbf-2793-4ed2-9397-38b3dbcdf29c/element/00000000-0000-0ab3-0000-002d00000050/rect[39m [90m{}[39m
[38;5;211m[82bb5dbf][0m[38;5;-150m[AndroidUiautomator2Driver@590a][0m Driver proxy active, passing request on via HTTP proxy
[38;5;211m[82bb5dbf][0m[38;5;-150m[AndroidUiautomator2Driver@590a][0m Replacing sessionId 93328871-c085-4d1f-9bca-22329363d339 with 82bb5dbf-2793-4ed2-9397-38b3dbcdf29c
[38;5;211m[82bb5dbf][0m[38;5;86m[HTTP][0m [37m<-- GET /wd/hub/session/82bb5dbf-2793-4ed2-9397-38b3dbcdf29c/element/00000000-0000-0ab3-0000-002d00000050/rect [39m[32m200[39m [90m44 ms - 103[39m [90m[39m
[38;5;211m[82bb5dbf][0m[38;5;86m[HTTP][0m [37m-->[39m [37mPOST[39m [37m/wd/hub/session/82bb5dbf-2793-4ed2-9397-38b3dbcdf29c/timeouts[39m [90m{"implicit":30000}[39m
[38;5;211m[82bb5dbf][0m[38;5;86m[HTTP][0m [37m<-- POST /wd/hub/session/82bb5dbf-2793-4ed2-9397-38b3dbcdf29c/timeouts [39m[32m200[39m [90m1 ms - 14[39m [90m[39m
[38;5;211m[82bb5dbf][0m[38;5;86m[HTTP][0m [37m-->[39m [37mPOST[39m [37m/wd/hub/session/82bb5dbf-2793-4ed2-9397-38b3dbcdf29c/element/00000000-0000-0ab3-0000-002d00000050/clear[39m [90m{"id":"00000000-0000-0ab3-0000-002d00000050"}[39m
[38;5;211m[82bb5dbf][0m[38;5;86m[HTTP][0m [37m<-- POST /wd/hub/session/82bb5dbf-2793-4ed2-9397-38b3dbcdf29c/element/00000000-0000-0ab3-0000-002d00000050/clear [39m[32m200[39m [90m24 ms - 14[39m [90m[39m
[38;5;211m[82bb5dbf][0m[38;5;86m[HTTP][0m [37m-->[39m [37mPOST[39m [37m/wd/hub/session/82bb5dbf-2793-4ed2-9397-38b3dbcdf29c/element/00000000-0000-0ab3-0000-002d00000050/click[39m [90m{"id":"00000000-0000-0ab3-0000-002d00000050"}[39m
[38;5;211m[82bb5dbf][0m[38;5;86m[HTTP][0m [37m<-- POST /wd/hub/session/82bb5dbf-2793-4ed2-9397-38b3dbcdf29c/element/00000000-0000-0ab3-0000-002d00000050/click [39m[32m200[39m [90m84 ms - 14[39m [90m[39m
[38;5;211m[82bb5dbf][0m[38;5;86m[HTTP][0m [37m-->[39m [37mPOST[39m [37m/wd/hub/session/82bb5dbf-2793-4ed2-9397-38b3dbcdf29c/element/00000000-0000-0ab3-0000-002d00000050/value[39m [90m{"value":["p","a","s","s","w","o","r","d"],"text":"password","id":"00000000-0000-0ab3-0000-002d00000050"}[39m
[38;5;211m[82bb5dbf][0m[38;5;86m[HTTP][0m [37m<-- POST /wd/hub/session/82bb5dbf-2793-4ed2-9397-38b3dbcdf29c/element/00000000-0000-0ab3-0000-002d00000050/value [39m[32m200[39m [90m44 ms - 14[39m [90m[39m
[38;5;211m[82bb5dbf][0m[38;5;86m[HTTP][0m [37m-->[39m [37mGET[39m [37m/wd/hub/session/82bb5dbf-2793-4ed2-9397-38b3dbcdf29c/context[39m [90m{}[39m
[38;5;211m[82bb5dbf][0m[38;5;86m[HTTP][0m [37m<-- GET /wd/hub/session/82bb5dbf-2793-4ed2-9397-38b3dbcdf29c/context [39m[32m200[39m [90m3 ms - 22[39m [90m[39m
[38;5;211m[82bb5dbf][0m[38;5;86m[HTTP][0m [37m-->[39m [37mGET[39m [37m/wd/hub/session/82bb5dbf-2793-4ed2-9397-38b3dbcdf29c/contexts[39m [90m{}[39m
[38;5;211m[82bb5dbf][0m[38;5;-150m[AndroidUiautomator2Driver@590a][0m Skipping the webview 'WEBVIEW_stetho_com.google.android.apps.messaging' at '@stetho_com.google.android.apps.messaging_devtools_remote' since it has reported having zero pages
[38;5;211m[82bb5dbf][0m[38;5;86m[HTTP][0m [37m<-- GET /wd/hub/session/82bb5dbf-2793-4ed2-9397-38b3dbcdf29c/contexts [39m[32m200[39m [90m213 ms - 24[39m [90m[39m
[38;5;211m[82bb5dbf][0m[38;5;86m[HTTP][0m [37m-->[39m [37mPOST[39m [37m/wd/hub/session/82bb5dbf-2793-4ed2-9397-38b3dbcdf29c/context[39m [90m{"name":"NATIVE_APP"}[39m
[38;5;211m[82bb5dbf][0m[38;5;86m[HTTP][0m [37m<-- POST /wd/hub/session/82bb5dbf-2793-4ed2-9397-38b3dbcdf29c/context [39m[32m200[39m [90m1 ms - 14[39m [90m[39m
[38;5;211m[82bb5dbf][0m[38;5;86m[HTTP][0m [37m-->[39m [37mPOST[39m [37m/wd/hub/session/82bb5dbf-2793-4ed2-9397-38b3dbcdf29c/execute/sync[39m [90m{"args":[],"script":"mobile: hideKeyboard"}[39m
[38;5;211m[82bb5dbf][0m[38;5;229m[ADB][0m Keyboard has no UI; no closing necessary
[38;5;211m[82bb5dbf][0m[38;5;86m[HTTP][0m [37m<-- POST /wd/hub/session/82bb5dbf-2793-4ed2-9397-38b3dbcdf29c/execute/sync [39m[32m200[39m [90m154 ms - 15[39m [90m[39m
[38;5;211m[82bb5dbf][0m[38;5;86m[HTTP][0m [37m-->[39m [37mPOST[39m [37m/wd/hub/session/82bb5dbf-2793-4ed2-9397-38b3dbcdf29c/context[39m [90m{"name":"NATIVE_APP"}[39m
[38;5;211m[82bb5dbf][0m[38;5;86m[HTTP][0m [37m<-- POST /wd/hub/session/82bb5dbf-2793-4ed2-9397-38b3dbcdf29c/context [39m[32m200[39m [90m2 ms - 14[39m [90m[39m
[38;5;211m[82bb5dbf][0m[38;5;86m[HTTP][0m [37m-->[39m [37mPOST[39m [37m/wd/hub/session/82bb5dbf-2793-4ed2-9397-38b3dbcdf29c/timeouts[39m [90m{"implicit":50}[39m
[38;5;211m[82bb5dbf][0m[38;5;86m[HTTP][0m [37m<-- POST /wd/hub/session/82bb5dbf-2793-4ed2-9397-38b3dbcdf29c/timeouts [39m[32m200[39m [90m2 ms - 14[39m [90m[39m
[38;5;211m[82bb5dbf][0m[38;5;86m[HTTP][0m [37m-->[39m [37mGET[39m [37m/wd/hub/session/82bb5dbf-2793-4ed2-9397-38b3dbcdf29c/window/rect[39m [90m{}[39m
[38;5;211m[82bb5dbf][0m[38;5;86m[HTTP][0m [37m<-- GET /wd/hub/session/82bb5dbf-2793-4ed2-9397-38b3dbcdf29c/window/rect [39m[32m200[39m [90m21 ms - 50[39m [90m[39m
[38;5;211m[82bb5dbf][0m[38;5;86m[HTTP][0m [37m-->[39m [37mPOST[39m [37m/wd/hub/session/82bb5dbf-2793-4ed2-9397-38b3dbcdf29c/elements[39m [90m{"value":"//*[@class = 'android.widget.Button' and (@text = 'LOGIN' or . = 'LOGIN')]","using":"xpath"}[39m
[38;5;211m[82bb5dbf][0m[38;5;86m[HTTP][0m [37m<-- POST /wd/hub/session/82bb5dbf-2793-4ed2-9397-38b3dbcdf29c/elements [39m[32m200[39m [90m148 ms - 139[39m [90m[39m
[38;5;211m[82bb5dbf][0m[38;5;86m[HTTP][0m [37m-->[39m [37mGET[39m [37m/wd/hub/session/82bb5dbf-2793-4ed2-9397-38b3dbcdf29c/element/00000000-0000-0ab3-0000-003000000050/rect[39m [90m{}[39m
[38;5;211m[82bb5dbf][0m[38;5;-150m[AndroidUiautomator2Driver@590a][0m Driver proxy active, passing request on via HTTP proxy
[38;5;211m[82bb5dbf][0m[38;5;-150m[AndroidUiautomator2Driver@590a][0m Replacing sessionId 93328871-c085-4d1f-9bca-22329363d339 with 82bb5dbf-2793-4ed2-9397-38b3dbcdf29c
[38;5;211m[82bb5dbf][0m[38;5;86m[HTTP][0m [37m<-- GET /wd/hub/session/82bb5dbf-2793-4ed2-9397-38b3dbcdf29c/element/00000000-0000-0ab3-0000-003000000050/rect [39m[32m200[39m [90m36 ms - 104[39m [90m[39m
[38;5;211m[82bb5dbf][0m[38;5;86m[HTTP][0m [37m-->[39m [37mPOST[39m [37m/wd/hub/session/82bb5dbf-2793-4ed2-9397-38b3dbcdf29c/timeouts[39m [90m{"implicit":30000}[39m
[38;5;211m[82bb5dbf][0m[38;5;86m[HTTP][0m [37m<-- POST /wd/hub/session/82bb5dbf-2793-4ed2-9397-38b3dbcdf29c/timeouts [39m[32m200[39m [90m3 ms - 14[39m [90m[39m
[38;5;211m[82bb5dbf][0m[38;5;86m[HTTP][0m [37m-->[39m [37mPOST[39m [37m/wd/hub/session/82bb5dbf-2793-4ed2-9397-38b3dbcdf29c/element/00000000-0000-0ab3-0000-003000000050/click[39m [90m{"id":"00000000-0000-0ab3-0000-003000000050"}[39m
[38;5;211m[82bb5dbf][0m[38;5;86m[HTTP][0m [37m<-- POST /wd/hub/session/82bb5dbf-2793-4ed2-9397-38b3dbcdf29c/element/00000000-0000-0ab3-0000-003000000050/click [39m[32m200[39m [90m63 ms - 14[39m [90m[39m
[38;5;211m[82bb5dbf][0m[38;5;86m[HTTP][0m [37m-->[39m [37mPOST[39m [37m/wd/hub/session/82bb5dbf-2793-4ed2-9397-38b3dbcdf29c/timeouts[39m [90m{"implicit":50}[39m
[38;5;211m[82bb5dbf][0m[38;5;86m[HTTP][0m [37m<-- POST /wd/hub/session/82bb5dbf-2793-4ed2-9397-38b3dbcdf29c/timeouts [39m[32m200[39m [90m1 ms - 14[39m [90m[39m
[38;5;211m[82bb5dbf][0m[38;5;86m[HTTP][0m [37m-->[39m [37mGET[39m [37m/wd/hub/session/82bb5dbf-2793-4ed2-9397-38b3dbcdf29c/window/rect[39m [90m{}[39m
[38;5;211m[82bb5dbf][0m[38;5;86m[HTTP][0m [37m<-- GET /wd/hub/session/82bb5dbf-2793-4ed2-9397-38b3dbcdf29c/window/rect [39m[32m200[39m [90m28 ms - 50[39m [90m[39m
[38;5;211m[82bb5dbf][0m[38;5;86m[HTTP][0m [37m-->[39m [37mPOST[39m [37m/wd/hub/session/82bb5dbf-2793-4ed2-9397-38b3dbcdf29c/elements[39m [90m{"value":"//*[@class = 'android.view.View' and (@text = 'Home' or . = 'Home')]","using":"xpath"}[39m
[38;5;211m[82bb5dbf][0m[38;5;86m[HTTP][0m [37m<-- POST /wd/hub/session/82bb5dbf-2793-4ed2-9397-38b3dbcdf29c/elements [39m[32m200[39m [90m210 ms - 139[39m [90m[39m
[38;5;211m[82bb5dbf][0m[38;5;86m[HTTP][0m [37m-->[39m [37mGET[39m [37m/wd/hub/session/82bb5dbf-2793-4ed2-9397-38b3dbcdf29c/element/00000000-0000-0ab1-0000-009a00000007/rect[39m [90m{}[39m
[38;5;211m[82bb5dbf][0m[38;5;-150m[AndroidUiautomator2Driver@590a][0m Driver proxy active, passing request on via HTTP proxy
[38;5;211m[82bb5dbf][0m[38;5;-150m[AndroidUiautomator2Driver@590a][0m Replacing sessionId 93328871-c085-4d1f-9bca-22329363d339 with 82bb5dbf-2793-4ed2-9397-38b3dbcdf29c
[38;5;211m[82bb5dbf][0m[38;5;86m[HTTP][0m [37m<-- GET /wd/hub/session/82bb5dbf-2793-4ed2-9397-38b3dbcdf29c/element/00000000-0000-0ab1-0000-009a00000007/rect [39m[32m200[39m [90m43 ms - 104[39m [90m[39m
[38;5;211m[82bb5dbf][0m[38;5;86m[HTTP][0m [37m-->[39m [37mPOST[39m [37m/wd/hub/session/82bb5dbf-2793-4ed2-9397-38b3dbcdf29c/timeouts[39m [90m{"implicit":30000}[39m
[38;5;211m[82bb5dbf][0m[38;5;86m[HTTP][0m [37m<-- POST /wd/hub/session/82bb5dbf-2793-4ed2-9397-38b3dbcdf29c/timeouts [39m[32m200[39m [90m3 ms - 14[39m [90m[39m
[38;5;211m[82bb5dbf][0m[38;5;86m[HTTP][0m [37m-->[39m [37mPOST[39m [37m/wd/hub/session/82bb5dbf-2793-4ed2-9397-38b3dbcdf29c/element/00000000-0000-0ab1-0000-009a00000007/click[39m [90m{"id":"00000000-0000-0ab1-0000-009a00000007"}[39m
[38;5;211m[82bb5dbf][0m[38;5;86m[HTTP][0m [37m<-- POST /wd/hub/session/82bb5dbf-2793-4ed2-9397-38b3dbcdf29c/element/00000000-0000-0ab1-0000-009a00000007/click [39m[32m200[39m [90m110 ms - 14[39m [90m[39m
[38;5;211m[82bb5dbf][0m[38;5;86m[HTTP][0m [37m-->[39m [37mPOST[39m [37m/wd/hub/session/82bb5dbf-2793-4ed2-9397-38b3dbcdf29c/timeouts[39m [90m{"implicit":50}[39m
[38;5;211m[82bb5dbf][0m[38;5;86m[HTTP][0m [37m<-- POST /wd/hub/session/82bb5dbf-2793-4ed2-9397-38b3dbcdf29c/timeouts [39m[32m200[39m [90m3 ms - 14[39m [90m[39m
[38;5;211m[82bb5dbf][0m[38;5;86m[HTTP][0m [37m-->[39m [37mGET[39m [37m/wd/hub/session/82bb5dbf-2793-4ed2-9397-38b3dbcdf29c/window/rect[39m [90m{}[39m
[38;5;211m[82bb5dbf][0m[38;5;86m[HTTP][0m [37m<-- GET /wd/hub/session/82bb5dbf-2793-4ed2-9397-38b3dbcdf29c/window/rect [39m[32m200[39m [90m103 ms - 50[39m [90m[39m
[38;5;211m[82bb5dbf][0m[38;5;86m[HTTP][0m [37m-->[39m [37mPOST[39m [37m/wd/hub/session/82bb5dbf-2793-4ed2-9397-38b3dbcdf29c/elements[39m [90m{"value":"//*[@class = 'android.widget.Button' and (@text = 'menu' or . = 'menu')]","using":"xpath"}[39m
[38;5;211m[82bb5dbf][0m[38;5;86m[HTTP][0m [37m<-- POST /wd/hub/session/82bb5dbf-2793-4ed2-9397-38b3dbcdf29c/elements [39m[32m200[39m [90m231 ms - 139[39m [90m[39m
[38;5;211m[82bb5dbf][0m[38;5;86m[HTTP][0m [37m-->[39m [37mGET[39m [37m/wd/hub/session/82bb5dbf-2793-4ed2-9397-38b3dbcdf29c/element/00000000-0000-0ab1-0000-012c00000007/rect[39m [90m{}[39m
[38;5;211m[82bb5dbf][0m[38;5;-150m[AndroidUiautomator2Driver@590a][0m Driver proxy active, passing request on via HTTP proxy
[38;5;211m[82bb5dbf][0m[38;5;-150m[AndroidUiautomator2Driver@590a][0m Replacing sessionId 93328871-c085-4d1f-9bca-22329363d339 with 82bb5dbf-2793-4ed2-9397-38b3dbcdf29c
[38;5;211m[82bb5dbf][0m[38;5;86m[HTTP][0m [37m<-- GET /wd/hub/session/82bb5dbf-2793-4ed2-9397-38b3dbcdf29c/element/00000000-0000-0ab1-0000-012c00000007/rect [39m[32m200[39m [90m17 ms - 99[39m [90m[39m
[38;5;211m[82bb5dbf][0m[38;5;86m[HTTP][0m [37m-->[39m [37mPOST[39m [37m/wd/hub/session/82bb5dbf-2793-4ed2-9397-38b3dbcdf29c/timeouts[39m [90m{"implicit":30000}[39m
[38;5;211m[82bb5dbf][0m[38;5;86m[HTTP][0m [37m<-- POST /wd/hub/session/82bb5dbf-2793-4ed2-9397-38b3dbcdf29c/timeouts [39m[32m200[39m [90m1 ms - 14[39m [90m[39m
[38;5;211m[82bb5dbf][0m[38;5;86m[HTTP][0m [37m-->[39m [37mPOST[39m [37m/wd/hub/session/82bb5dbf-2793-4ed2-9397-38b3dbcdf29c/element/00000000-0000-0ab1-0000-012c00000007/click[39m [90m{"id":"00000000-0000-0ab1-0000-012c00000007"}[39m
[38;5;211m[82bb5dbf][0m[38;5;86m[HTTP][0m [37m<-- POST /wd/hub/session/82bb5dbf-2793-4ed2-9397-38b3dbcdf29c/element/00000000-0000-0ab1-0000-012c00000007/click [39m[32m200[39m [90m60 ms - 14[39m [90m[39m
[38;5;211m[82bb5dbf][0m[38;5;86m[HTTP][0m [37m-->[39m [37mPOST[39m [37m/wd/hub/session/82bb5dbf-2793-4ed2-9397-38b3dbcdf29c/timeouts[39m [90m{"implicit":50}[39m
[38;5;211m[82bb5dbf][0m[38;5;86m[HTTP][0m [37m<-- POST /wd/hub/session/82bb5dbf-2793-4ed2-9397-38b3dbcdf29c/timeouts [39m[32m200[39m [90m1 ms - 14[39m [90m[39m
[38;5;211m[82bb5dbf][0m[38;5;86m[HTTP][0m [37m-->[39m [37mGET[39m [37m/wd/hub/session/82bb5dbf-2793-4ed2-9397-38b3dbcdf29c/window/rect[39m [90m{}[39m
[38;5;211m[82bb5dbf][0m[38;5;86m[HTTP][0m [37m<-- GET /wd/hub/session/82bb5dbf-2793-4ed2-9397-38b3dbcdf29c/window/rect [39m[32m200[39m [90m23 ms - 50[39m [90m[39m
[38;5;211m[82bb5dbf][0m[38;5;86m[HTTP][0m [37m-->[39m [37mPOST[39m [37m/wd/hub/session/82bb5dbf-2793-4ed2-9397-38b3dbcdf29c/elements[39m [90m{"value":"//*[@class = 'android.widget.TabWidget' and (@text = '' or . = '')]","using":"xpath"}[39m
[38;5;211m[82bb5dbf][0m[38;5;86m[HTTP][0m [37m<-- POST /wd/hub/session/82bb5dbf-2793-4ed2-9397-38b3dbcdf29c/elements [39m[32m200[39m [90m314 ms - 139[39m [90m[39m
[38;5;211m[82bb5dbf][0m[38;5;86m[HTTP][0m [37m-->[39m [37mGET[39m [37m/wd/hub/session/82bb5dbf-2793-4ed2-9397-38b3dbcdf29c/element/00000000-0000-0ab1-0000-00fb00000007/rect[39m [90m{}[39m
[38;5;211m[82bb5dbf][0m[38;5;-150m[AndroidUiautomator2Driver@590a][0m Driver proxy active, passing request on via HTTP proxy
[38;5;211m[82bb5dbf][0m[38;5;-150m[AndroidUiautomator2Driver@590a][0m Replacing sessionId 93328871-c085-4d1f-9bca-22329363d339 with 82bb5dbf-2793-4ed2-9397-38b3dbcdf29c
[38;5;211m[82bb5dbf][0m[38;5;86m[HTTP][0m [37m<-- GET /wd/hub/session/82bb5dbf-2793-4ed2-9397-38b3dbcdf29c/element/00000000-0000-0ab1-0000-00fb00000007/rect [39m[32m200[39m [90m30 ms - 103[39m [90m[39m
[38;5;211m[82bb5dbf][0m[38;5;86m[HTTP][0m [37m-->[39m [37mPOST[39m [37m/wd/hub/session/82bb5dbf-2793-4ed2-9397-38b3dbcdf29c/timeouts[39m [90m{"implicit":30000}[39m
[38;5;211m[82bb5dbf][0m[38;5;86m[HTTP][0m [37m<-- POST /wd/hub/session/82bb5dbf-2793-4ed2-9397-38b3dbcdf29c/timeouts [39m[32m200[39m [90m1 ms - 14[39m [90m[39m
[38;5;211m[82bb5dbf][0m[38;5;86m[HTTP][0m [37m-->[39m [37mPOST[39m [37m/wd/hub/session/82bb5dbf-2793-4ed2-9397-38b3dbcdf29c/element/00000000-0000-0ab1-0000-00fb00000007/click[39m [90m{"id":"00000000-0000-0ab1-0000-00fb00000007"}[39m
[38;5;211m[82bb5dbf][0m[38;5;86m[HTTP][0m [37m<-- POST /wd/hub/session/82bb5dbf-2793-4ed2-9397-38b3dbcdf29c/element/00000000-0000-0ab1-0000-00fb00000007/click [39m[32m200[39m [90m71 ms - 14[39m [90m[39m
[38;5;211m[82bb5dbf][0m[38;5;86m[HTTP][0m [37m-->[39m [37mPOST[39m [37m/wd/hub/session/82bb5dbf-2793-4ed2-9397-38b3dbcdf29c/timeouts[39m [90m{"implicit":50}[39m
[38;5;211m[82bb5dbf][0m[38;5;86m[HTTP][0m [37m<-- POST /wd/hub/session/82bb5dbf-2793-4ed2-9397-38b3dbcdf29c/timeouts [39m[32m200[39m [90m1 ms - 14[39m [90m[39m
[38;5;211m[82bb5dbf][0m[38;5;86m[HTTP][0m [37m-->[39m [37mGET[39m [37m/wd/hub/session/82bb5dbf-2793-4ed2-9397-38b3dbcdf29c/window/rect[39m [90m{}[39m
[38;5;211m[82bb5dbf][0m[38;5;86m[HTTP][0m [37m<-- GET /wd/hub/session/82bb5dbf-2793-4ed2-9397-38b3dbcdf29c/window/rect [39m[32m200[39m [90m21 ms - 50[39m [90m[39m
[38;5;211m[82bb5dbf][0m[38;5;86m[HTTP][0m [37m-->[39m [37mPOST[39m [37m/wd/hub/session/82bb5dbf-2793-4ed2-9397-38b3dbcdf29c/elements[39m [90m{"value":"//*[@class = 'android.widget.Button' and (@text = 'LOGOUT' or . = 'LOGOUT')]","using":"xpath"}[39m
[38;5;211m[82bb5dbf][0m[38;5;86m[HTTP][0m [37m<-- POST /wd/hub/session/82bb5dbf-2793-4ed2-9397-38b3dbcdf29c/elements [39m[32m200[39m [90m154 ms - 139[39m [90m[39m
[38;5;211m[82bb5dbf][0m[38;5;86m[HTTP][0m [37m-->[39m [37mGET[39m [37m/wd/hub/session/82bb5dbf-2793-4ed2-9397-38b3dbcdf29c/element/00000000-0000-0ab1-0000-027100000007/rect[39m [90m{}[39m
[38;5;211m[82bb5dbf][0m[38;5;-150m[AndroidUiautomator2Driver@590a][0m Driver proxy active, passing request on via HTTP proxy
[38;5;211m[82bb5dbf][0m[38;5;-150m[AndroidUiautomator2Driver@590a][0m Replacing sessionId 93328871-c085-4d1f-9bca-22329363d339 with 82bb5dbf-2793-4ed2-9397-38b3dbcdf29c
[38;5;211m[82bb5dbf][0m[38;5;86m[HTTP][0m [37m<-- GET /wd/hub/session/82bb5dbf-2793-4ed2-9397-38b3dbcdf29c/element/00000000-0000-0ab1-0000-027100000007/rect [39m[32m200[39m [90m31 ms - 102[39m [90m[39m
[38;5;211m[82bb5dbf][0m[38;5;86m[HTTP][0m [37m-->[39m [37mPOST[39m [37m/wd/hub/session/82bb5dbf-2793-4ed2-9397-38b3dbcdf29c/timeouts[39m [90m{"implicit":30000}[39m
[38;5;211m[82bb5dbf][0m[38;5;86m[HTTP][0m [37m<-- POST /wd/hub/session/82bb5dbf-2793-4ed2-9397-38b3dbcdf29c/timeouts [39m[32m200[39m [90m1 ms - 14[39m [90m[39m
[38;5;211m[82bb5dbf][0m[38;5;86m[HTTP][0m [37m-->[39m [37mPOST[39m [37m/wd/hub/session/82bb5dbf-2793-4ed2-9397-38b3dbcdf29c/timeouts[39m [90m{"implicit":50}[39m
[38;5;211m[82bb5dbf][0m[38;5;86m[HTTP][0m [37m<-- POST /wd/hub/session/82bb5dbf-2793-4ed2-9397-38b3dbcdf29c/timeouts [39m[32m200[39m [90m1 ms - 14[39m [90m[39m
[38;5;211m[82bb5dbf][0m[38;5;86m[HTTP][0m [37m-->[39m [37mGET[39m [37m/wd/hub/session/82bb5dbf-2793-4ed2-9397-38b3dbcdf29c/window/rect[39m [90m{}[39m
[38;5;211m[82bb5dbf][0m[38;5;86m[HTTP][0m [37m<-- GET /wd/hub/session/82bb5dbf-2793-4ed2-9397-38b3dbcdf29c/window/rect [39m[32m200[39m [90m19 ms - 50[39m [90m[39m
[38;5;211m[82bb5dbf][0m[38;5;86m[HTTP][0m [37m-->[39m [37mPOST[39m [37m/wd/hub/session/82bb5dbf-2793-4ed2-9397-38b3dbcdf29c/elements[39m [90m{"value":"//*[@class = 'android.widget.Button' and (@text = 'LOGOUT' or . = 'LOGOUT')]","using":"xpath"}[39m
[38;5;211m[82bb5dbf][0m[38;5;86m[HTTP][0m [37m<-- POST /wd/hub/session/82bb5dbf-2793-4ed2-9397-38b3dbcdf29c/elements [39m[32m200[39m [90m101 ms - 139[39m [90m[39m
[38;5;211m[82bb5dbf][0m[38;5;86m[HTTP][0m [37m-->[39m [37mGET[39m [37m/wd/hub/session/82bb5dbf-2793-4ed2-9397-38b3dbcdf29c/element/00000000-0000-0ab1-0000-027100000007/rect[39m [90m{}[39m
[38;5;211m[82bb5dbf][0m[38;5;-150m[AndroidUiautomator2Driver@590a][0m Driver proxy active, passing request on via HTTP proxy
[38;5;211m[82bb5dbf][0m[38;5;-150m[AndroidUiautomator2Driver@590a][0m Replacing sessionId 93328871-c085-4d1f-9bca-22329363d339 with 82bb5dbf-2793-4ed2-9397-38b3dbcdf29c
[38;5;211m[82bb5dbf][0m[38;5;86m[HTTP][0m [37m<-- GET /wd/hub/session/82bb5dbf-2793-4ed2-9397-38b3dbcdf29c/element/00000000-0000-0ab1-0000-027100000007/rect [39m[32m200[39m [90m23 ms - 102[39m [90m[39m
[38;5;211m[82bb5dbf][0m[38;5;86m[HTTP][0m [37m-->[39m [37mPOST[39m [37m/wd/hub/session/82bb5dbf-2793-4ed2-9397-38b3dbcdf29c/timeouts[39m [90m{"implicit":30000}[39m
[38;5;211m[82bb5dbf][0m[38;5;86m[HTTP][0m [37m<-- POST /wd/hub/session/82bb5dbf-2793-4ed2-9397-38b3dbcdf29c/timeouts [39m[32m200[39m [90m1 ms - 14[39m [90m[39m
[38;5;211m[82bb5dbf][0m[38;5;86m[HTTP][0m [37m-->[39m [37mGET[39m [37m/wd/hub/session/82bb5dbf-2793-4ed2-9397-38b3dbcdf29c/element/00000000-0000-0ab1-0000-027100000007/text[39m [90m{}[39m
[38;5;211m[82bb5dbf][0m[38;5;-150m[AndroidUiautomator2Driver@590a][0m Driver proxy active, passing request on via HTTP proxy
[38;5;211m[82bb5dbf][0m[38;5;-150m[AndroidUiautomator2Driver@590a][0m Replacing sessionId 93328871-c085-4d1f-9bca-22329363d339 with 82bb5dbf-2793-4ed2-9397-38b3dbcdf29c
[38;5;211m[82bb5dbf][0m[38;5;86m[HTTP][0m [37m<-- GET /wd/hub/session/82bb5dbf-2793-4ed2-9397-38b3dbcdf29c/element/00000000-0000-0ab1-0000-027100000007/text [39m[32m200[39m [90m28 ms - 69[39m [90m[39m
[38;5;211m[82bb5dbf][0m[38;5;86m[HTTP][0m [37m-->[39m [37mPOST[39m [37m/wd/hub/session/82bb5dbf-2793-4ed2-9397-38b3dbcdf29c/timeouts[39m [90m{"implicit":50}[39m
[38;5;211m[82bb5dbf][0m[38;5;86m[HTTP][0m [37m<-- POST /wd/hub/session/82bb5dbf-2793-4ed2-9397-38b3dbcdf29c/timeouts [39m[32m200[39m [90m1 ms - 14[39m [90m[39m
[38;5;211m[82bb5dbf][0m[38;5;86m[HTTP][0m [37m-->[39m [37mGET[39m [37m/wd/hub/session/82bb5dbf-2793-4ed2-9397-38b3dbcdf29c/window/rect[39m [90m{}[39m
[38;5;211m[82bb5dbf][0m[38;5;86m[HTTP][0m [37m<-- GET /wd/hub/session/82bb5dbf-2793-4ed2-9397-38b3dbcdf29c/window/rect [39m[32m200[39m [90m22 ms - 50[39m [90m[39m
[38;5;211m[82bb5dbf][0m[38;5;86m[HTTP][0m [37m-->[39m [37mPOST[39m [37m/wd/hub/session/82bb5dbf-2793-4ed2-9397-38b3dbcdf29c/elements[39m [90m{"value":"//*[@class = 'android.widget.Button' and (@text = 'Signed in As 03205198tm@wg.com' or . = 'Signed in As 03205198tm@wg.com')]","using":"xpath"}[39m
[38;5;211m[82bb5dbf][0m[38;5;86m[HTTP][0m [37m<-- POST /wd/hub/session/82bb5dbf-2793-4ed2-9397-38b3dbcdf29c/elements [39m[32m200[39m [90m113 ms - 139[39m [90m[39m
[38;5;211m[82bb5dbf][0m[38;5;86m[HTTP][0m [37m-->[39m [37mGET[39m [37m/wd/hub/session/82bb5dbf-2793-4ed2-9397-38b3dbcdf29c/element/00000000-0000-0ab1-0000-026200000007/rect[39m [90m{}[39m
[38;5;211m[82bb5dbf][0m[38;5;-150m[AndroidUiautomator2Driver@590a][0m Driver proxy active, passing request on via HTTP proxy
[38;5;211m[82bb5dbf][0m[38;5;-150m[AndroidUiautomator2Driver@590a][0m Replacing sessionId 93328871-c085-4d1f-9bca-22329363d339 with 82bb5dbf-2793-4ed2-9397-38b3dbcdf29c
[38;5;211m[82bb5dbf][0m[38;5;86m[HTTP][0m [37m<-- GET /wd/hub/session/82bb5dbf-2793-4ed2-9397-38b3dbcdf29c/element/00000000-0000-0ab1-0000-026200000007/rect [39m[32m200[39m [90m20 ms - 102[39m [90m[39m
[38;5;211m[82bb5dbf][0m[38;5;86m[HTTP][0m [37m-->[39m [37mPOST[39m [37m/wd/hub/session/82bb5dbf-2793-4ed2-9397-38b3dbcdf29c/timeouts[39m [90m{"implicit":30000}[39m
[38;5;211m[82bb5dbf][0m[38;5;86m[HTTP][0m [37m<-- POST /wd/hub/session/82bb5dbf-2793-4ed2-9397-38b3dbcdf29c/timeouts [39m[32m200[39m [90m1 ms - 14[39m [90m[39m
[38;5;211m[82bb5dbf][0m[38;5;86m[HTTP][0m [37m-->[39m [37mGET[39m [37m/wd/hub/session/82bb5dbf-2793-4ed2-9397-38b3dbcdf29c/element/00000000-0000-0ab1-0000-026200000007/text[39m [90m{}[39m
[38;5;211m[82bb5dbf][0m[38;5;-150m[AndroidUiautomator2Driver@590a][0m Driver proxy active, passing request on via HTTP proxy
[38;5;211m[82bb5dbf][0m[38;5;-150m[AndroidUiautomator2Driver@590a][0m Replacing sessionId 93328871-c085-4d1f-9bca-22329363d339 with 82bb5dbf-2793-4ed2-9397-38b3dbcdf29c
[38;5;211m[82bb5dbf][0m[38;5;86m[HTTP][0m [37m<-- GET /wd/hub/session/82bb5dbf-2793-4ed2-9397-38b3dbcdf29c/element/00000000-0000-0ab1-0000-026200000007/text [39m[32m200[39m [90m22 ms - 93[39m [90m[39m
[38;5;211m[82bb5dbf][0m[38;5;86m[HTTP][0m [37m-->[39m [37mPOST[39m [37m/wd/hub/session/82bb5dbf-2793-4ed2-9397-38b3dbcdf29c/timeouts[39m [90m{"implicit":50}[39m
[38;5;211m[82bb5dbf][0m[38;5;86m[HTTP][0m [37m<-- POST /wd/hub/session/82bb5dbf-2793-4ed2-9397-38b3dbcdf29c/timeouts [39m[32m200[39m [90m2 ms - 14[39m [90m[39m
[38;5;211m[82bb5dbf][0m[38;5;86m[HTTP][0m [37m-->[39m [37mGET[39m [37m/wd/hub/session/82bb5dbf-2793-4ed2-9397-38b3dbcdf29c/window/rect[39m [90m{}[39m
[38;5;211m[82bb5dbf][0m[38;5;86m[HTTP][0m [37m<-- GET /wd/hub/session/82bb5dbf-2793-4ed2-9397-38b3dbcdf29c/window/rect [39m[32m200[39m [90m23 ms - 50[39m [90m[39m
[38;5;211m[82bb5dbf][0m[38;5;86m[HTTP][0m [37m-->[39m [37mPOST[39m [37m/wd/hub/session/82bb5dbf-2793-4ed2-9397-38b3dbcdf29c/elements[39m [90m{"value":"//*[@class = 'android.widget.Button' and (@text = 'LOGOUT' or . = 'LOGOUT')]","using":"xpath"}[39m
[38;5;211m[82bb5dbf][0m[38;5;86m[HTTP][0m [37m<-- POST /wd/hub/session/82bb5dbf-2793-4ed2-9397-38b3dbcdf29c/elements [39m[32m200[39m [90m114 ms - 139[39m [90m[39m
[38;5;211m[82bb5dbf][0m[38;5;86m[HTTP][0m [37m-->[39m [37mGET[39m [37m/wd/hub/session/82bb5dbf-2793-4ed2-9397-38b3dbcdf29c/element/00000000-0000-0ab1-0000-027100000007/rect[39m [90m{}[39m
[38;5;211m[82bb5dbf][0m[38;5;-150m[AndroidUiautomator2Driver@590a][0m Driver proxy active, passing request on via HTTP proxy
[38;5;211m[82bb5dbf][0m[38;5;-150m[AndroidUiautomator2Driver@590a][0m Replacing sessionId 93328871-c085-4d1f-9bca-22329363d339 with 82bb5dbf-2793-4ed2-9397-38b3dbcdf29c
[38;5;211m[82bb5dbf][0m[38;5;86m[HTTP][0m [37m<-- GET /wd/hub/session/82bb5dbf-2793-4ed2-9397-38b3dbcdf29c/element/00000000-0000-0ab1-0000-027100000007/rect [39m[32m200[39m [90m24 ms - 102[39m [90m[39m
[38;5;211m[82bb5dbf][0m[38;5;86m[HTTP][0m [37m-->[39m [37mPOST[39m [37m/wd/hub/session/82bb5dbf-2793-4ed2-9397-38b3dbcdf29c/timeouts[39m [90m{"implicit":30000}[39m
[38;5;211m[82bb5dbf][0m[38;5;86m[HTTP][0m [37m<-- POST /wd/hub/session/82bb5dbf-2793-4ed2-9397-38b3dbcdf29c/timeouts [39m[32m200[39m [90m1 ms - 14[39m [90m[39m
[38;5;211m[82bb5dbf][0m[38;5;86m[HTTP][0m [37m-->[39m [37mPOST[39m [37m/wd/hub/session/82bb5dbf-2793-4ed2-9397-38b3dbcdf29c/element/00000000-0000-0ab1-0000-027100000007/click[39m [90m{"id":"00000000-0000-0ab1-0000-027100000007"}[39m
[38;5;211m[82bb5dbf][0m[38;5;86m[HTTP][0m [37m<-- POST /wd/hub/session/82bb5dbf-2793-4ed2-9397-38b3dbcdf29c/element/00000000-0000-0ab1-0000-027100000007/click [39m[32m200[39m [90m75 ms - 14[39m [90m[39m
[38;5;211m[82bb5dbf][0m[38;5;86m[HTTP][0m [37m-->[39m [37mGET[39m [37m/wd/hub/session/82bb5dbf-2793-4ed2-9397-38b3dbcdf29c/context[39m [90m{}[39m
[38;5;211m[82bb5dbf][0m[38;5;86m[HTTP][0m [37m<-- GET /wd/hub/session/82bb5dbf-2793-4ed2-9397-38b3dbcdf29c/context [39m[32m200[39m [90m1 ms - 22[39m [90m[39m
[38;5;211m[82bb5dbf][0m[38;5;86m[HTTP][0m [37m-->[39m [37mGET[39m [37m/wd/hub/session/82bb5dbf-2793-4ed2-9397-38b3dbcdf29c/contexts[39m [90m{}[39m
[38;5;211m[82bb5dbf][0m[38;5;-150m[AndroidUiautomator2Driver@590a][0m Skipping the webview 'WEBVIEW_stetho_com.google.android.apps.messaging' at '@stetho_com.google.android.apps.messaging_devtools_remote' since it has reported having zero pages
[38;5;211m[82bb5dbf][0m[38;5;86m[HTTP][0m [37m<-- GET /wd/hub/session/82bb5dbf-2793-4ed2-9397-38b3dbcdf29c/contexts [39m[32m200[39m [90m319 ms - 41[39m [90m[39m
[38;5;211m[82bb5dbf][0m[38;5;86m[HTTP][0m [37m-->[39m [37mPOST[39m [37m/wd/hub/session/82bb5dbf-2793-4ed2-9397-38b3dbcdf29c/context[39m [90m{"name":"NATIVE_APP"}[39m
[38;5;211m[82bb5dbf][0m[38;5;86m[HTTP][0m [37m<-- POST /wd/hub/session/82bb5dbf-2793-4ed2-9397-38b3dbcdf29c/context [39m[32m200[39m [90m1 ms - 14[39m [90m[39m
[38;5;211m[82bb5dbf][0m[38;5;86m[HTTP][0m [37m-->[39m [37mPOST[39m [37m/wd/hub/session/82bb5dbf-2793-4ed2-9397-38b3dbcdf29c/execute/sync[39m [90m{"args":[],"script":"mobile: getCurrentPackage"}[39m
[38;5;211m[82bb5dbf][0m[38;5;86m[HTTP][0m [37m<-- POST /wd/hub/session/82bb5dbf-2793-4ed2-9397-38b3dbcdf29c/execute/sync [39m[32m200[39m [90m97 ms - 33[39m [90m[39m
[38;5;211m[82bb5dbf][0m[38;5;86m[HTTP][0m [37m-->[39m [37mPOST[39m [37m/wd/hub/session/82bb5dbf-2793-4ed2-9397-38b3dbcdf29c/execute/sync[39m [90m{"args":[{"appId":"com.westgate.rewrite2","bundleId":"com.westgate.rewrite2"}],"script":"mobile: terminateApp"}[39m
[38;5;211m[82bb5dbf][0m[38;5;123m[BaseDriver][0m The following script arguments are not known and will be ignored: bundleId
[38;5;211m[82bb5dbf][0m[38;5;-150m[AndroidUiautomator2Driver@590a][0m Terminating 'com.westgate.rewrite2'
[38;5;211m[82bb5dbf][0m[38;5;-150m[AndroidUiautomator2Driver@590a][0m Querying the state of 'com.westgate.rewrite2'
[38;5;211m[82bb5dbf][0m[38;5;-150m[AndroidUiautomator2Driver@590a][0m 'com.westgate.rewrite2' has been successfully terminated
[38;5;211m[82bb5dbf][0m[38;5;86m[HTTP][0m [37m<-- POST /wd/hub/session/82bb5dbf-2793-4ed2-9397-38b3dbcdf29c/execute/sync [39m[32m200[39m [90m561 ms - 14[39m [90m[39m
[38;5;211m[82bb5dbf][0m[38;5;86m[HTTP][0m [37m-->[39m [37mPOST[39m [37m/wd/hub/session/82bb5dbf-2793-4ed2-9397-38b3dbcdf29c/context[39m [90m{"name":"NATIVE_APP"}[39m
[38;5;211m[82bb5dbf][0m[38;5;86m[HTTP][0m [37m<-- POST /wd/hub/session/82bb5dbf-2793-4ed2-9397-38b3dbcdf29c/context [39m[32m200[39m [90m2 ms - 14[39m [90m[39m
[38;5;211m[82bb5dbf][0m[38;5;86m[HTTP][0m [37m-->[39m [37mDELETE[39m [37m/wd/hub/session/82bb5dbf-2793-4ed2-9397-38b3dbcdf29c[39m [90m{}[39m
[38;5;211m[82bb5dbf][0m[38;5;221m[AppiumDriver@4205][0m Removing session 82bb5dbf-2793-4ed2-9397-38b3dbcdf29c from our master session list
[38;5;211m[82bb5dbf][0m[38;5;-150m[AndroidUiautomator2Driver@590a][0m Restoring hidden api policy to the device default configuration
[38;5;211m[82bb5dbf][0m[38;5;86m[HTTP][0m [37m<-- DELETE /wd/hub/session/82bb5dbf-2793-4ed2-9397-38b3dbcdf29c [39m[32m200[39m [90m426 ms - 14[39m [90m[39m
