[38;5;112m[Appium][0m Welcome to Appium v2.17.1 (REV f1041842141f20bc701b522d4371d7843d905580)
[38;5;112m[Appium][0m Non-default server args:
[38;5;112m[Appium][0m { basePath: [32m'/wd/hub'[39m, loglevel: [32m'info'[39m, port: [33m54083[39m }
[38;5;112m[Appium][0m Attempting to load driver uiautomator2...
[38;5;112m[Appium][0m Appium REST http interface listener started on http://0.0.0.0:54083/wd/hub
[38;5;112m[Appium][0m You can provide the following URLs in your client code to connect to this server:
	http://127.0.0.1:54083/wd/hub (only accessible from the same host)
	http://192.168.0.108:54083/wd/hub
[38;5;112m[Appium][0m Available drivers:
[38;5;112m[Appium][0m   - uiautomator2@4.1.5 (automationName 'UiAutomator2')
[38;5;112m[Appium][0m No plugins have been installed. Use the "appium plugin" command to install the one(s) you want to use.
[38;5;86m[HTTP][0m [37m-->[39m [37mGET[39m [37m/wd/hub/status[39m {}
[38;5;86m[HTTP][0m <-- GET /wd/hub/status 200 5 ms - 200 
[38;5;86m[HTTP][0m [37m-->[39m [37mPOST[39m [37m/wd/hub/session[39m {"capabilities":{"firstMatch":[{"appium:app":"/Users/gv.vignesh/Downloads/WGR-Android-Automation/App Folder/universal.apk","appium:autoGrantPermissions":true,"appium:automationName":"uiautomator2","appium:deviceId":"","appium:deviceName":"emulator-5554 (sdk_gphone64_arm64 - Android 16)","appium:fullReset":false,"appium:newCommandTimeout":1800,"appium:noReset":true,"appium:platformName":"ANDROID","appium:platformVersion":"16","appium:systemPort":54082,"appium:udid":"emulator-5554","platformName":"ANDROID"}]},"desiredCapabilities":{"appium:app":"/Users/gv.vignesh/Downloads/WGR-Android-Automation/App Folder/universal.apk","appium:autoGrantPermissions":true,"appium:automationName":"uiautomator2","appium:deviceId":"","appium:deviceName":"emulator-5554 (sdk_gphone64_arm64 - Android 16)","appium:fullReset":false,"appium:newCommandTimeout":1800,"appium:noReset":true,"appium:platformName":"ANDROID","appium:platformVersion":"16","appium:systemPort":54082,"appium:udid":"emulator-5554"}}
[38;5;123m[BaseDriver][0m Ignoring capability 'appium:platformName=ANDROID' and using capability 'platformName=ANDROID'
[38;5;123m[BaseDriver][0m The capabilities ["platformName"] are standard capabilities and do not require "appium:" prefix
[38;5;112m[Appium][0m Attempting to find matching driver for automationName 'uiautomator2' and platformName 'ANDROID'
[38;5;112m[Appium][0m The 'uiautomator2' driver was installed and matched caps.
[38;5;112m[Appium][0m Will require it at /Users/gv.vignesh/.appium/node_modules/appium-uiautomator2-driver
[38;5;73m[AppiumDriver@35f7][0m Appium v2.17.1 creating new AndroidUiautomator2Driver (v4.1.5) session
[38;5;73m[AppiumDriver@35f7][0m Checking BaseDriver versions for Appium and AndroidUiautomator2Driver
[38;5;73m[AppiumDriver@35f7][0m Appium's BaseDriver version is 9.16.4
[38;5;73m[AppiumDriver@35f7][0m AndroidUiautomator2Driver's BaseDriver version is 9.16.4
[38;5;-101m[AndroidUiautomator2Driver@f0e9][0m The following provided capabilities were not recognized by this driver:
[38;5;-101m[AndroidUiautomator2Driver@f0e9][0m   deviceId
[38;5;100m[c7b233bf][0m[38;5;-101m[AndroidUiautomator2Driver@f0e9][0m Session created with session id: c7b233bf-81b5-4de3-a613-42c2b20da05d
[38;5;100m[c7b233bf][0m[38;5;229m[ADB][0m Found 1 'build-tools' folders under '/Users/gv.vignesh/.katalon/tools/android_sdk' (newest first):
[38;5;100m[c7b233bf][0m[38;5;229m[ADB][0m     /Users/gv.vignesh/.katalon/tools/android_sdk/build-tools/29.0.3
[38;5;100m[c7b233bf][0m[38;5;229m[ADB][0m Using 'adb' from '/Users/gv.vignesh/.katalon/tools/android_sdk/platform-tools/adb'
[38;5;100m[c7b233bf][0m[38;5;-101m[AndroidUiautomator2Driver@f0e9][0m Retrieving device list
[38;5;100m[c7b233bf][0m[38;5;-101m[AndroidUiautomator2Driver@f0e9][0m Using device: emulator-5554
[38;5;100m[c7b233bf][0m[38;5;229m[ADB][0m Using 'adb' from '/Users/gv.vignesh/.katalon/tools/android_sdk/platform-tools/adb'
[38;5;100m[c7b233bf][0m[38;5;123m[BaseDriver][0m Using local app '/Users/gv.vignesh/Downloads/WGR-Android-Automation/App Folder/universal.apk'
[38;5;100m[c7b233bf][0m[38;5;229m[ADB][0m Getting device platform version
[38;5;100m[c7b233bf][0m[38;5;-101m[AndroidUiautomator2Driver@f0e9][0m Relaxing hidden api policy
[38;5;100m[c7b233bf][0m[38;5;229m[ADB][0m Using 'aapt2' from '/Users/gv.vignesh/.katalon/tools/android_sdk/build-tools/29.0.3/aapt2'
[38;5;100m[c7b233bf][0m[38;5;229m[ADB][0m Package name: 'com.westgate.rewrite2'
[38;5;100m[c7b233bf][0m[38;5;229m[ADB][0m Main activity name: 'com.westgate.rewrite2.MainActivity'
[38;5;100m[c7b233bf][0m[38;5;-101m[AndroidUiautomator2Driver@f0e9][0m Server packages are not going to be (re)installed
[38;5;100m[c7b233bf][0m[38;5;229m[ADB][0m Adding packages ["io.appium.settings","io.appium.uiautomator2.server","io.appium.uiautomator2.server.test"] to Doze whitelist
[38;5;100m[c7b233bf][0m[38;5;-101m[AndroidUiautomator2Driver@f0e9][0m Starting UIAutomator2 server 7.3.0
[38;5;100m[c7b233bf][0m[38;5;-101m[AndroidUiautomator2Driver@f0e9][0m Using UIAutomator2 server from '/Users/gv.vignesh/.appium/node_modules/appium-uiautomator2-driver/node_modules/appium-uiautomator2-server/apks/appium-uiautomator2-server-v7.3.0.apk' and test from '/Users/gv.vignesh/.appium/node_modules/appium-uiautomator2-driver/node_modules/appium-uiautomator2-server/apks/appium-uiautomator2-server-debug-androidTest.apk'
[38;5;100m[c7b233bf][0m[38;5;-101m[AndroidUiautomator2Driver@f0e9][0m Waiting up to 30000ms for UiAutomator2 to be online...
[38;5;100m[c7b233bf][0m[38;5;-101m[AndroidUiautomator2Driver@f0e9][0m socket hang up
[38;5;100m[c7b233bf][0m[38;5;-101m[AndroidUiautomator2Driver@f0e9][0m Determined the downstream protocol as 'W3C'
[38;5;100m[c7b233bf][0m[38;5;-101m[AndroidUiautomator2Driver@f0e9][0m Screen already unlocked, doing nothing
[38;5;100m[c7b233bf][0m[38;5;-101m[AndroidUiautomator2Driver@f0e9][0m Starting 'com.westgate.rewrite2/com.westgate.rewrite2.MainActivity' and waiting for 'com.westgate.rewrite2/com.westgate.rewrite2.MainActivity'
[38;5;100m[c7b233bf][0m[38;5;73m[AppiumDriver@35f7][0m New AndroidUiautomator2Driver session created successfully, session c7b233bf-81b5-4de3-a613-42c2b20da05d added to master session list
[38;5;100m[c7b233bf][0m[38;5;86m[HTTP][0m <-- POST /wd/hub/session 200 3081 ms - 1350 
[38;5;86m[HTTP][0m [37m-->[39m [37mGET[39m [37m/wd/hub/status[39m {}
[38;5;86m[HTTP][0m <-- GET /wd/hub/status 200 0 ms - 200 
[38;5;100m[c7b233bf][0m[38;5;86m[HTTP][0m [37m-->[39m [37mPOST[39m [37m/wd/hub/session/c7b233bf-81b5-4de3-a613-42c2b20da05d/timeouts[39m {"implicit":30000}
[38;5;100m[c7b233bf][0m[38;5;86m[HTTP][0m <-- POST /wd/hub/session/c7b233bf-81b5-4de3-a613-42c2b20da05d/timeouts 200 1 ms - 14 
[38;5;100m[c7b233bf][0m[38;5;86m[HTTP][0m [37m-->[39m [37mPOST[39m [37m/wd/hub/session/c7b233bf-81b5-4de3-a613-42c2b20da05d/execute/sync[39m {"script":"mobile: getSystemBars","args":[]}
[38;5;100m[c7b233bf][0m[38;5;-101m[AndroidUiautomator2Driver@f0e9][0m No windows have been found whose title matches to 'NavigationBar'. Assuming it is invisible. Only the following windows are available: ScreenDecorOverlayBottom,ScreenDecorOverlay,EdgeBackGestureHandler0,Taskbar,NotificationShade,StatusBar,ShellDropTarget,InputMethod
[38;5;100m[c7b233bf][0m[38;5;86m[HTTP][0m <-- POST /wd/hub/session/c7b233bf-81b5-4de3-a613-42c2b20da05d/execute/sync 200 73 ms - 144 
[38;5;100m[c7b233bf][0m[38;5;86m[HTTP][0m [37m-->[39m [37mPOST[39m [37m/wd/hub/session/c7b233bf-81b5-4de3-a613-42c2b20da05d/timeouts[39m {"implicit":50}
[38;5;100m[c7b233bf][0m[38;5;86m[HTTP][0m <-- POST /wd/hub/session/c7b233bf-81b5-4de3-a613-42c2b20da05d/timeouts 200 2 ms - 14 
[38;5;100m[c7b233bf][0m[38;5;86m[HTTP][0m [37m-->[39m [37mGET[39m [37m/wd/hub/session/c7b233bf-81b5-4de3-a613-42c2b20da05d/window/rect[39m {}
[38;5;100m[c7b233bf][0m[38;5;86m[HTTP][0m <-- GET /wd/hub/session/c7b233bf-81b5-4de3-a613-42c2b20da05d/window/rect 200 15 ms - 50 
[38;5;100m[c7b233bf][0m[38;5;86m[HTTP][0m [37m-->[39m [37mPOST[39m [37m/wd/hub/session/c7b233bf-81b5-4de3-a613-42c2b20da05d/elements[39m {"using":"xpath","value":"//*[@class = 'android.widget.Button' and (@text = 'Login or Sign Up' or . = 'Login or Sign Up')]"}
[38;5;100m[c7b233bf][0m[38;5;86m[HTTP][0m <-- POST /wd/hub/session/c7b233bf-81b5-4de3-a613-42c2b20da05d/elements 200 220 ms - 139 
[38;5;100m[c7b233bf][0m[38;5;86m[HTTP][0m [37m-->[39m [37mGET[39m [37m/wd/hub/session/c7b233bf-81b5-4de3-a613-42c2b20da05d/element/00000000-0000-006e-0000-00a300000007/rect[39m {}
[38;5;100m[c7b233bf][0m[38;5;-101m[AndroidUiautomator2Driver@f0e9][0m Driver proxy active, passing request on via HTTP proxy
[38;5;100m[c7b233bf][0m[38;5;-101m[AndroidUiautomator2Driver@f0e9][0m Replacing sessionId 732afdb0-06a7-4d29-b98c-e2a2364229c2 with c7b233bf-81b5-4de3-a613-42c2b20da05d
[38;5;100m[c7b233bf][0m[38;5;86m[HTTP][0m <-- GET /wd/hub/session/c7b233bf-81b5-4de3-a613-42c2b20da05d/element/00000000-0000-006e-0000-00a300000007/rect 200 9 ms - 103 
[38;5;100m[c7b233bf][0m[38;5;86m[HTTP][0m [37m-->[39m [37mPOST[39m [37m/wd/hub/session/c7b233bf-81b5-4de3-a613-42c2b20da05d/timeouts[39m {"implicit":30000}
[38;5;100m[c7b233bf][0m[38;5;86m[HTTP][0m <-- POST /wd/hub/session/c7b233bf-81b5-4de3-a613-42c2b20da05d/timeouts 200 1 ms - 14 
[38;5;100m[c7b233bf][0m[38;5;86m[HTTP][0m [37m-->[39m [37mPOST[39m [37m/wd/hub/session/c7b233bf-81b5-4de3-a613-42c2b20da05d/element/00000000-0000-006e-0000-00a300000007/click[39m {"id":"00000000-0000-006e-0000-00a300000007"}
[38;5;100m[c7b233bf][0m[38;5;86m[HTTP][0m <-- POST /wd/hub/session/c7b233bf-81b5-4de3-a613-42c2b20da05d/element/00000000-0000-006e-0000-00a300000007/click 200 50 ms - 14 
[38;5;100m[c7b233bf][0m[38;5;86m[HTTP][0m [37m-->[39m [37mPOST[39m [37m/wd/hub/session/c7b233bf-81b5-4de3-a613-42c2b20da05d/timeouts[39m {"implicit":50}
[38;5;100m[c7b233bf][0m[38;5;86m[HTTP][0m <-- POST /wd/hub/session/c7b233bf-81b5-4de3-a613-42c2b20da05d/timeouts 200 2 ms - 14 
[38;5;100m[c7b233bf][0m[38;5;86m[HTTP][0m [37m-->[39m [37mGET[39m [37m/wd/hub/session/c7b233bf-81b5-4de3-a613-42c2b20da05d/window/rect[39m {}
[38;5;100m[c7b233bf][0m[38;5;86m[HTTP][0m <-- GET /wd/hub/session/c7b233bf-81b5-4de3-a613-42c2b20da05d/window/rect 200 10 ms - 50 
[38;5;100m[c7b233bf][0m[38;5;86m[HTTP][0m [37m-->[39m [37mPOST[39m [37m/wd/hub/session/c7b233bf-81b5-4de3-a613-42c2b20da05d/elements[39m {"using":"xpath","value":"//*[@class = 'android.widget.EditText' and (@text = '' or . = '')]"}
[38;5;100m[c7b233bf][0m[38;5;86m[HTTP][0m <-- POST /wd/hub/session/c7b233bf-81b5-4de3-a613-42c2b20da05d/elements 200 72 ms - 139 
[38;5;100m[c7b233bf][0m[38;5;86m[HTTP][0m [37m-->[39m [37mGET[39m [37m/wd/hub/session/c7b233bf-81b5-4de3-a613-42c2b20da05d/element/00000000-0000-006e-0000-00dc00000007/rect[39m {}
[38;5;100m[c7b233bf][0m[38;5;-101m[AndroidUiautomator2Driver@f0e9][0m Driver proxy active, passing request on via HTTP proxy
[38;5;100m[c7b233bf][0m[38;5;-101m[AndroidUiautomator2Driver@f0e9][0m Replacing sessionId 732afdb0-06a7-4d29-b98c-e2a2364229c2 with c7b233bf-81b5-4de3-a613-42c2b20da05d
[38;5;100m[c7b233bf][0m[38;5;86m[HTTP][0m <-- GET /wd/hub/session/c7b233bf-81b5-4de3-a613-42c2b20da05d/element/00000000-0000-006e-0000-00dc00000007/rect 200 11 ms - 103 
[38;5;100m[c7b233bf][0m[38;5;86m[HTTP][0m [37m-->[39m [37mPOST[39m [37m/wd/hub/session/c7b233bf-81b5-4de3-a613-42c2b20da05d/timeouts[39m {"implicit":30000}
[38;5;100m[c7b233bf][0m[38;5;86m[HTTP][0m <-- POST /wd/hub/session/c7b233bf-81b5-4de3-a613-42c2b20da05d/timeouts 200 0 ms - 14 
[38;5;100m[c7b233bf][0m[38;5;86m[HTTP][0m [37m-->[39m [37mPOST[39m [37m/wd/hub/session/c7b233bf-81b5-4de3-a613-42c2b20da05d/element/00000000-0000-006e-0000-00dc00000007/value[39m {"id":"00000000-0000-006e-0000-00dc00000007","value":["i","@","p",".","c","o","m"],"text":"i@p.com"}
[38;5;100m[c7b233bf][0m[38;5;86m[HTTP][0m <-- POST /wd/hub/session/c7b233bf-81b5-4de3-a613-42c2b20da05d/element/00000000-0000-006e-0000-00dc00000007/value 200 9 ms - 14 
[38;5;100m[c7b233bf][0m[38;5;86m[HTTP][0m [37m-->[39m [37mPOST[39m [37m/wd/hub/session/c7b233bf-81b5-4de3-a613-42c2b20da05d/timeouts[39m {"implicit":50}
[38;5;100m[c7b233bf][0m[38;5;86m[HTTP][0m <-- POST /wd/hub/session/c7b233bf-81b5-4de3-a613-42c2b20da05d/timeouts 200 2 ms - 14 
[38;5;100m[c7b233bf][0m[38;5;86m[HTTP][0m [37m-->[39m [37mGET[39m [37m/wd/hub/session/c7b233bf-81b5-4de3-a613-42c2b20da05d/window/rect[39m {}
[38;5;100m[c7b233bf][0m[38;5;86m[HTTP][0m <-- GET /wd/hub/session/c7b233bf-81b5-4de3-a613-42c2b20da05d/window/rect 200 10 ms - 50 
[38;5;100m[c7b233bf][0m[38;5;86m[HTTP][0m [37m-->[39m [37mPOST[39m [37m/wd/hub/session/c7b233bf-81b5-4de3-a613-42c2b20da05d/elements[39m {"using":"xpath","value":"//*[@class = 'android.widget.Button' and (@text = 'Next' or . = 'Next')]"}
[38;5;100m[c7b233bf][0m[38;5;86m[HTTP][0m <-- POST /wd/hub/session/c7b233bf-81b5-4de3-a613-42c2b20da05d/elements 200 63 ms - 139 
[38;5;100m[c7b233bf][0m[38;5;86m[HTTP][0m [37m-->[39m [37mGET[39m [37m/wd/hub/session/c7b233bf-81b5-4de3-a613-42c2b20da05d/element/00000000-0000-006e-0000-00e300000007/rect[39m {}
[38;5;100m[c7b233bf][0m[38;5;-101m[AndroidUiautomator2Driver@f0e9][0m Driver proxy active, passing request on via HTTP proxy
[38;5;100m[c7b233bf][0m[38;5;-101m[AndroidUiautomator2Driver@f0e9][0m Replacing sessionId 732afdb0-06a7-4d29-b98c-e2a2364229c2 with c7b233bf-81b5-4de3-a613-42c2b20da05d
[38;5;100m[c7b233bf][0m[38;5;86m[HTTP][0m <-- GET /wd/hub/session/c7b233bf-81b5-4de3-a613-42c2b20da05d/element/00000000-0000-006e-0000-00e300000007/rect 200 7 ms - 103 
[38;5;100m[c7b233bf][0m[38;5;86m[HTTP][0m [37m-->[39m [37mPOST[39m [37m/wd/hub/session/c7b233bf-81b5-4de3-a613-42c2b20da05d/timeouts[39m {"implicit":30000}
[38;5;100m[c7b233bf][0m[38;5;86m[HTTP][0m <-- POST /wd/hub/session/c7b233bf-81b5-4de3-a613-42c2b20da05d/timeouts 200 0 ms - 14 
[38;5;100m[c7b233bf][0m[38;5;86m[HTTP][0m [37m-->[39m [37mPOST[39m [37m/wd/hub/session/c7b233bf-81b5-4de3-a613-42c2b20da05d/element/00000000-0000-006e-0000-00e300000007/click[39m {"id":"00000000-0000-006e-0000-00e300000007"}
[38;5;100m[c7b233bf][0m[38;5;86m[HTTP][0m <-- POST /wd/hub/session/c7b233bf-81b5-4de3-a613-42c2b20da05d/element/00000000-0000-006e-0000-00e300000007/click 200 45 ms - 14 
[38;5;100m[c7b233bf][0m[38;5;86m[HTTP][0m [37m-->[39m [37mPOST[39m [37m/wd/hub/session/c7b233bf-81b5-4de3-a613-42c2b20da05d/timeouts[39m {"implicit":50}
[38;5;100m[c7b233bf][0m[38;5;86m[HTTP][0m <-- POST /wd/hub/session/c7b233bf-81b5-4de3-a613-42c2b20da05d/timeouts 200 2 ms - 14 
[38;5;100m[c7b233bf][0m[38;5;86m[HTTP][0m [37m-->[39m [37mGET[39m [37m/wd/hub/session/c7b233bf-81b5-4de3-a613-42c2b20da05d/window/rect[39m {}
[38;5;100m[c7b233bf][0m[38;5;86m[HTTP][0m <-- GET /wd/hub/session/c7b233bf-81b5-4de3-a613-42c2b20da05d/window/rect 200 11 ms - 50 
[38;5;100m[c7b233bf][0m[38;5;86m[HTTP][0m [37m-->[39m [37mPOST[39m [37m/wd/hub/session/c7b233bf-81b5-4de3-a613-42c2b20da05d/elements[39m {"using":"xpath","value":"//*[@class = 'android.widget.Button' and (@text = 'reset' or . = 'reset')]"}
[38;5;100m[c7b233bf][0m[38;5;86m[HTTP][0m <-- POST /wd/hub/session/c7b233bf-81b5-4de3-a613-42c2b20da05d/elements 200 41 ms - 139 
[38;5;100m[c7b233bf][0m[38;5;86m[HTTP][0m [37m-->[39m [37mGET[39m [37m/wd/hub/session/c7b233bf-81b5-4de3-a613-42c2b20da05d/element/00000000-0000-006e-0000-013000000007/rect[39m {}
[38;5;100m[c7b233bf][0m[38;5;-101m[AndroidUiautomator2Driver@f0e9][0m Driver proxy active, passing request on via HTTP proxy
[38;5;100m[c7b233bf][0m[38;5;-101m[AndroidUiautomator2Driver@f0e9][0m Replacing sessionId 732afdb0-06a7-4d29-b98c-e2a2364229c2 with c7b233bf-81b5-4de3-a613-42c2b20da05d
[38;5;100m[c7b233bf][0m[38;5;86m[HTTP][0m <-- GET /wd/hub/session/c7b233bf-81b5-4de3-a613-42c2b20da05d/element/00000000-0000-006e-0000-013000000007/rect 200 4 ms - 102 
[38;5;100m[c7b233bf][0m[38;5;86m[HTTP][0m [37m-->[39m [37mPOST[39m [37m/wd/hub/session/c7b233bf-81b5-4de3-a613-42c2b20da05d/timeouts[39m {"implicit":30000}
[38;5;100m[c7b233bf][0m[38;5;86m[HTTP][0m <-- POST /wd/hub/session/c7b233bf-81b5-4de3-a613-42c2b20da05d/timeouts 200 1 ms - 14 
[38;5;100m[c7b233bf][0m[38;5;86m[HTTP][0m [37m-->[39m [37mPOST[39m [37m/wd/hub/session/c7b233bf-81b5-4de3-a613-42c2b20da05d/element/00000000-0000-006e-0000-013000000007/click[39m {"id":"00000000-0000-006e-0000-013000000007"}
[38;5;100m[c7b233bf][0m[38;5;86m[HTTP][0m <-- POST /wd/hub/session/c7b233bf-81b5-4de3-a613-42c2b20da05d/element/00000000-0000-006e-0000-013000000007/click 200 52 ms - 14 
[38;5;100m[c7b233bf][0m[38;5;86m[HTTP][0m [37m-->[39m [37mGET[39m [37m/wd/hub/session/c7b233bf-81b5-4de3-a613-42c2b20da05d/context[39m {}
[38;5;100m[c7b233bf][0m[38;5;86m[HTTP][0m <-- GET /wd/hub/session/c7b233bf-81b5-4de3-a613-42c2b20da05d/context 200 1 ms - 22 
[38;5;100m[c7b233bf][0m[38;5;86m[HTTP][0m [37m-->[39m [37mGET[39m [37m/wd/hub/session/c7b233bf-81b5-4de3-a613-42c2b20da05d/contexts[39m {}
[38;5;100m[c7b233bf][0m[38;5;86m[HTTP][0m <-- GET /wd/hub/session/c7b233bf-81b5-4de3-a613-42c2b20da05d/contexts 200 264 ms - 24 
[38;5;100m[c7b233bf][0m[38;5;86m[HTTP][0m [37m-->[39m [37mPOST[39m [37m/wd/hub/session/c7b233bf-81b5-4de3-a613-42c2b20da05d/context[39m {"name":"NATIVE_APP"}
[38;5;100m[c7b233bf][0m[38;5;86m[HTTP][0m <-- POST /wd/hub/session/c7b233bf-81b5-4de3-a613-42c2b20da05d/context 200 0 ms - 14 
[38;5;100m[c7b233bf][0m[38;5;86m[HTTP][0m [37m-->[39m [37mPOST[39m [37m/wd/hub/session/c7b233bf-81b5-4de3-a613-42c2b20da05d/execute/sync[39m {"script":"mobile: hideKeyboard","args":[]}
[38;5;100m[c7b233bf][0m[38;5;86m[HTTP][0m <-- POST /wd/hub/session/c7b233bf-81b5-4de3-a613-42c2b20da05d/execute/sync 200 2410 ms - 14 
[38;5;100m[c7b233bf][0m[38;5;86m[HTTP][0m [37m-->[39m [37mPOST[39m [37m/wd/hub/session/c7b233bf-81b5-4de3-a613-42c2b20da05d/context[39m {"name":"NATIVE_APP"}
[38;5;100m[c7b233bf][0m[38;5;86m[HTTP][0m <-- POST /wd/hub/session/c7b233bf-81b5-4de3-a613-42c2b20da05d/context 200 0 ms - 14 
[38;5;100m[c7b233bf][0m[38;5;86m[HTTP][0m [37m-->[39m [37mPOST[39m [37m/wd/hub/session/c7b233bf-81b5-4de3-a613-42c2b20da05d/timeouts[39m {"implicit":50}
[38;5;100m[c7b233bf][0m[38;5;86m[HTTP][0m <-- POST /wd/hub/session/c7b233bf-81b5-4de3-a613-42c2b20da05d/timeouts 200 1 ms - 14 
[38;5;100m[c7b233bf][0m[38;5;86m[HTTP][0m [37m-->[39m [37mGET[39m [37m/wd/hub/session/c7b233bf-81b5-4de3-a613-42c2b20da05d/window/rect[39m {}
[38;5;100m[c7b233bf][0m[38;5;86m[HTTP][0m <-- GET /wd/hub/session/c7b233bf-81b5-4de3-a613-42c2b20da05d/window/rect 500 2 ms - 1149 
[38;5;100m[c7b233bf][0m[38;5;86m[HTTP][0m [37m-->[39m [37mPOST[39m [37m/wd/hub/session/c7b233bf-81b5-4de3-a613-42c2b20da05d/timeouts[39m {"implicit":30000}
[38;5;100m[c7b233bf][0m[38;5;86m[HTTP][0m <-- POST /wd/hub/session/c7b233bf-81b5-4de3-a613-42c2b20da05d/timeouts 200 0 ms - 14 
[38;5;100m[c7b233bf][0m[38;5;86m[HTTP][0m [37m-->[39m [37mGET[39m [37m/wd/hub/session/c7b233bf-81b5-4de3-a613-42c2b20da05d/context[39m {}
[38;5;100m[c7b233bf][0m[38;5;86m[HTTP][0m <-- GET /wd/hub/session/c7b233bf-81b5-4de3-a613-42c2b20da05d/context 200 0 ms - 22 
[38;5;100m[c7b233bf][0m[38;5;86m[HTTP][0m [37m-->[39m [37mGET[39m [37m/wd/hub/session/c7b233bf-81b5-4de3-a613-42c2b20da05d/contexts[39m {}
[38;5;100m[c7b233bf][0m[38;5;86m[HTTP][0m <-- GET /wd/hub/session/c7b233bf-81b5-4de3-a613-42c2b20da05d/contexts 200 272 ms - 24 
[38;5;100m[c7b233bf][0m[38;5;86m[HTTP][0m [37m-->[39m [37mPOST[39m [37m/wd/hub/session/c7b233bf-81b5-4de3-a613-42c2b20da05d/context[39m {"name":"NATIVE_APP"}
[38;5;100m[c7b233bf][0m[38;5;86m[HTTP][0m <-- POST /wd/hub/session/c7b233bf-81b5-4de3-a613-42c2b20da05d/context 200 1 ms - 14 
[38;5;100m[c7b233bf][0m[38;5;86m[HTTP][0m [37m-->[39m [37mGET[39m [37m/wd/hub/session/c7b233bf-81b5-4de3-a613-42c2b20da05d/screenshot[39m {}
[38;5;100m[c7b233bf][0m[38;5;86m[HTTP][0m <-- GET /wd/hub/session/c7b233bf-81b5-4de3-a613-42c2b20da05d/screenshot 500 4 ms - 986 
[38;5;100m[c7b233bf][0m[38;5;86m[HTTP][0m [37m-->[39m [37mPOST[39m [37m/wd/hub/session/c7b233bf-81b5-4de3-a613-42c2b20da05d/context[39m {"name":"NATIVE_APP"}
[38;5;100m[c7b233bf][0m[38;5;86m[HTTP][0m <-- POST /wd/hub/session/c7b233bf-81b5-4de3-a613-42c2b20da05d/context 200 1 ms - 14 
[38;5;86m[HTTP][0m [37m-->[39m [37mGET[39m [37m/wd/hub/status[39m {}
[38;5;86m[HTTP][0m <-- GET /wd/hub/status 200 0 ms - 200 
[38;5;86m[HTTP][0m [37m-->[39m [37mPOST[39m [37m/wd/hub/session[39m {"capabilities":{"firstMatch":[{"appium:app":"/Users/gv.vignesh/Downloads/WGR-Android-Automation/App Folder/universal.apk","appium:autoGrantPermissions":true,"appium:automationName":"uiautomator2","appium:deviceId":"","appium:deviceName":"emulator-5554 (sdk_gphone64_arm64 - Android 16)","appium:fullReset":false,"appium:newCommandTimeout":1800,"appium:noReset":true,"appium:platformName":"ANDROID","appium:platformVersion":"16","appium:systemPort":54313,"appium:udid":"emulator-5554","platformName":"ANDROID"}]},"desiredCapabilities":{"appium:app":"/Users/gv.vignesh/Downloads/WGR-Android-Automation/App Folder/universal.apk","appium:autoGrantPermissions":true,"appium:automationName":"uiautomator2","appium:deviceId":"","appium:deviceName":"emulator-5554 (sdk_gphone64_arm64 - Android 16)","appium:fullReset":false,"appium:newCommandTimeout":1800,"appium:noReset":true,"appium:platformName":"ANDROID","appium:platformVersion":"16","appium:systemPort":54313,"appium:udid":"emulator-5554"}}
[38;5;123m[BaseDriver][0m Ignoring capability 'appium:platformName=ANDROID' and using capability 'platformName=ANDROID'
[38;5;123m[BaseDriver][0m The capabilities ["platformName"] are standard capabilities and do not require "appium:" prefix
[38;5;112m[Appium][0m Attempting to find matching driver for automationName 'uiautomator2' and platformName 'ANDROID'
[38;5;112m[Appium][0m The 'uiautomator2' driver was installed and matched caps.
[38;5;112m[Appium][0m Will require it at /Users/gv.vignesh/.appium/node_modules/appium-uiautomator2-driver
[38;5;73m[AppiumDriver@35f7][0m Appium v2.17.1 creating new AndroidUiautomator2Driver (v4.1.5) session
[38;5;73m[AppiumDriver@35f7][0m Checking BaseDriver versions for Appium and AndroidUiautomator2Driver
[38;5;73m[AppiumDriver@35f7][0m Appium's BaseDriver version is 9.16.4
[38;5;73m[AppiumDriver@35f7][0m AndroidUiautomator2Driver's BaseDriver version is 9.16.4
[38;5;-95m[AndroidUiautomator2Driver@8677][0m The following provided capabilities were not recognized by this driver:
[38;5;-95m[AndroidUiautomator2Driver@8677][0m   deviceId
[38;5;171m[0b5051db][0m[38;5;-95m[AndroidUiautomator2Driver@8677][0m Session created with session id: 0b5051db-cb95-402f-b457-92c44a711427
[38;5;171m[0b5051db][0m[38;5;229m[ADB][0m Using 'adb' from '/Users/gv.vignesh/.katalon/tools/android_sdk/platform-tools/adb'
[38;5;171m[0b5051db][0m[38;5;-95m[AndroidUiautomator2Driver@8677][0m Retrieving device list
[38;5;171m[0b5051db][0m[38;5;-95m[AndroidUiautomator2Driver@8677][0m Using device: emulator-5554
[38;5;171m[0b5051db][0m[38;5;229m[ADB][0m Using 'adb' from '/Users/gv.vignesh/.katalon/tools/android_sdk/platform-tools/adb'
[38;5;171m[0b5051db][0m[38;5;123m[BaseDriver][0m Using local app '/Users/gv.vignesh/Downloads/WGR-Android-Automation/App Folder/universal.apk'
[38;5;171m[0b5051db][0m[38;5;229m[ADB][0m Getting device platform version
[38;5;171m[0b5051db][0m[38;5;-95m[AndroidUiautomator2Driver@8677][0m Relaxing hidden api policy
[38;5;171m[0b5051db][0m[38;5;229m[ADB][0m Using 'aapt2' from '/Users/gv.vignesh/.katalon/tools/android_sdk/build-tools/29.0.3/aapt2'
[38;5;171m[0b5051db][0m[38;5;229m[ADB][0m Package name: 'com.westgate.rewrite2'
[38;5;171m[0b5051db][0m[38;5;229m[ADB][0m Main activity name: 'com.westgate.rewrite2.MainActivity'
[38;5;171m[0b5051db][0m[38;5;-95m[AndroidUiautomator2Driver@8677][0m Server packages are not going to be (re)installed
[38;5;171m[0b5051db][0m[38;5;229m[ADB][0m Adding packages ["io.appium.settings","io.appium.uiautomator2.server","io.appium.uiautomator2.server.test"] to Doze whitelist
[38;5;171m[0b5051db][0m[38;5;-95m[AndroidUiautomator2Driver@8677][0m Starting UIAutomator2 server 7.3.0
[38;5;171m[0b5051db][0m[38;5;-95m[AndroidUiautomator2Driver@8677][0m Using UIAutomator2 server from '/Users/gv.vignesh/.appium/node_modules/appium-uiautomator2-driver/node_modules/appium-uiautomator2-server/apks/appium-uiautomator2-server-v7.3.0.apk' and test from '/Users/gv.vignesh/.appium/node_modules/appium-uiautomator2-driver/node_modules/appium-uiautomator2-server/apks/appium-uiautomator2-server-debug-androidTest.apk'
[38;5;171m[0b5051db][0m[38;5;-95m[AndroidUiautomator2Driver@8677][0m Waiting up to 30000ms for UiAutomator2 to be online...
[38;5;171m[0b5051db][0m[38;5;-95m[AndroidUiautomator2Driver@8677][0m socket hang up
[38;5;171m[0b5051db][0m[38;5;-95m[AndroidUiautomator2Driver@8677][0m Determined the downstream protocol as 'W3C'
[38;5;171m[0b5051db][0m[38;5;-95m[AndroidUiautomator2Driver@8677][0m Screen already unlocked, doing nothing
[38;5;171m[0b5051db][0m[38;5;-95m[AndroidUiautomator2Driver@8677][0m Starting 'com.westgate.rewrite2/com.westgate.rewrite2.MainActivity' and waiting for 'com.westgate.rewrite2/com.westgate.rewrite2.MainActivity'
[38;5;171m[0b5051db][0m[38;5;-95m[AndroidUiautomator2Driver@8677][0m 'com.westgate.rewrite2' is already running and noReset is enabled. Set forceAppLaunch capability to true if the app must be forcefully restarted on session startup.
[38;5;171m[0b5051db][0m[38;5;73m[AppiumDriver@35f7][0m New AndroidUiautomator2Driver session created successfully, session 0b5051db-cb95-402f-b457-92c44a711427 added to master session list
[38;5;171m[0b5051db][0m[38;5;86m[HTTP][0m <-- POST /wd/hub/session 200 2163 ms - 1350 
[38;5;86m[HTTP][0m [37m-->[39m [37mGET[39m [37m/wd/hub/status[39m {}
[38;5;86m[HTTP][0m <-- GET /wd/hub/status 200 0 ms - 200 
[38;5;171m[0b5051db][0m[38;5;86m[HTTP][0m [37m-->[39m [37mPOST[39m [37m/wd/hub/session/0b5051db-cb95-402f-b457-92c44a711427/timeouts[39m {"implicit":30000}
[38;5;171m[0b5051db][0m[38;5;86m[HTTP][0m <-- POST /wd/hub/session/0b5051db-cb95-402f-b457-92c44a711427/timeouts 200 0 ms - 14 
[38;5;171m[0b5051db][0m[38;5;86m[HTTP][0m [37m-->[39m [37mPOST[39m [37m/wd/hub/session/0b5051db-cb95-402f-b457-92c44a711427/execute/sync[39m {"script":"mobile: getSystemBars","args":[]}
[38;5;171m[0b5051db][0m[38;5;-95m[AndroidUiautomator2Driver@8677][0m No windows have been found whose title matches to 'NavigationBar'. Assuming it is invisible. Only the following windows are available: ScreenDecorOverlayBottom,ScreenDecorOverlay,EdgeBackGestureHandler0,Taskbar,NotificationShade,StatusBar,ShellDropTarget,InputMethod
[38;5;171m[0b5051db][0m[38;5;86m[HTTP][0m <-- POST /wd/hub/session/0b5051db-cb95-402f-b457-92c44a711427/execute/sync 200 44 ms - 144 
[38;5;171m[0b5051db][0m[38;5;86m[HTTP][0m [37m-->[39m [37mPOST[39m [37m/wd/hub/session/0b5051db-cb95-402f-b457-92c44a711427/timeouts[39m {"implicit":50}
[38;5;171m[0b5051db][0m[38;5;86m[HTTP][0m <-- POST /wd/hub/session/0b5051db-cb95-402f-b457-92c44a711427/timeouts 200 1 ms - 14 
[38;5;171m[0b5051db][0m[38;5;86m[HTTP][0m [37m-->[39m [37mGET[39m [37m/wd/hub/session/0b5051db-cb95-402f-b457-92c44a711427/window/rect[39m {}
[38;5;171m[0b5051db][0m[38;5;86m[HTTP][0m <-- GET /wd/hub/session/0b5051db-cb95-402f-b457-92c44a711427/window/rect 200 15 ms - 50 
[38;5;171m[0b5051db][0m[38;5;86m[HTTP][0m [37m-->[39m [37mPOST[39m [37m/wd/hub/session/0b5051db-cb95-402f-b457-92c44a711427/elements[39m {"using":"xpath","value":"//*[@class = 'android.widget.Button' and (@text = 'Login or Sign Up' or . = 'Login or Sign Up')]"}
[38;5;171m[0b5051db][0m[38;5;86m[HTTP][0m <-- POST /wd/hub/session/0b5051db-cb95-402f-b457-92c44a711427/elements 200 188 ms - 12 
[38;5;171m[0b5051db][0m[38;5;86m[HTTP][0m [37m-->[39m [37mPOST[39m [37m/wd/hub/session/0b5051db-cb95-402f-b457-92c44a711427/elements[39m {"using":"xpath","value":"//*[@class = 'android.widget.Button' and (@text = 'Login or Sign Up' or . = 'Login or Sign Up')]"}
[38;5;171m[0b5051db][0m[38;5;86m[HTTP][0m <-- POST /wd/hub/session/0b5051db-cb95-402f-b457-92c44a711427/elements 200 82 ms - 12 
[38;5;171m[0b5051db][0m[38;5;86m[HTTP][0m [37m-->[39m [37mPOST[39m [37m/wd/hub/session/0b5051db-cb95-402f-b457-92c44a711427/elements[39m {"using":"xpath","value":"//*[@class = 'android.widget.Button' and (@text = 'Login or Sign Up' or . = 'Login or Sign Up')]"}
[38;5;171m[0b5051db][0m[38;5;86m[HTTP][0m <-- POST /wd/hub/session/0b5051db-cb95-402f-b457-92c44a711427/elements 200 70 ms - 12 
[38;5;171m[0b5051db][0m[38;5;86m[HTTP][0m [37m-->[39m [37mPOST[39m [37m/wd/hub/session/0b5051db-cb95-402f-b457-92c44a711427/elements[39m {"using":"xpath","value":"//*[@class = 'android.widget.Button' and (@text = 'Login or Sign Up' or . = 'Login or Sign Up')]"}
[38;5;171m[0b5051db][0m[38;5;86m[HTTP][0m <-- POST /wd/hub/session/0b5051db-cb95-402f-b457-92c44a711427/elements 200 80 ms - 12 
[38;5;100m[c7b233bf][0m[38;5;-101m[AndroidUiautomator2Driver@f0e9][0m Shutting down because we waited 1800 seconds for a command
[38;5;100m[c7b233bf][0m[38;5;73m[AppiumDriver@35f7][0m Ending session, cause was 'New Command Timeout of 1800 seconds expired. Try customizing the timeout using the 'newCommandTimeout' desired capability'
[38;5;100m[c7b233bf][0m[38;5;73m[AppiumDriver@35f7][0m Removing session 'c7b233bf-81b5-4de3-a613-42c2b20da05d' from our master session list
[38;5;100m[c7b233bf][0m[38;5;-101m[AndroidUiautomator2Driver@f0e9][0m Did not get the confirmation of UiAutomator2 server session deletion. Original error: An unknown server-side error occurred while processing the command. Original error: 'DELETE /' cannot be proxied to UiAutomator2 server because the instrumentation process is not running (probably crashed). Check the server log and/or the logcat output for more details
[38;5;100m[c7b233bf][0m[38;5;-101m[AndroidUiautomator2Driver@f0e9][0m Unable to remove system port forward: Error executing adbExec. Original error: 'Command '/Users/gv.vignesh/.katalon/tools/android_sdk/platform-tools/adb -P 5037 -s emulator-5554 forward --remove tcp\:54082' exited with code 1'; Command output: adb: error: device offline

[38;5;100m[c7b233bf][0m[38;5;-101m[AndroidUiautomator2Driver@f0e9][0m Restoring hidden api policy to the device default configuration
