[38;5;112m[Appium][0m Welcome to Appium v2.17.1 (REV 12a3d4a6f1eedf483855716b989d828443438f79)
[38;5;112m[Appium][0m Non-default server args:
[38;5;112m[Appium][0m { basePath: [32m'/wd/hub'[39m, loglevel: [32m'info'[39m, port: [33m50562[39m }
[38;5;112m[Appium][0m Attempting to load driver uiautomator2...
[38;5;112m[Appium][0m Attempting to load driver mac2...
[38;5;112m[Appium][0m Attempting to load driver chromium...
[38;5;112m[Appium][0m Attempting to load driver espresso...
[38;5;112m[Appium][0m Appium REST http interface listener started on http://0.0.0.0:50562/wd/hub
[38;5;112m[Appium][0m You can provide the following URLs in your client code to connect to this server:
	http://127.0.0.1:50562/wd/hub (only accessible from the same host)
	http://192.168.0.113:50562/wd/hub
[38;5;112m[Appium][0m Available drivers:
[38;5;112m[Appium][0m   - uiautomator2@4.2.2 (automationName 'UiAutomator2')
[38;5;112m[Appium][0m   - mac2@2.2.2 (automationName 'Mac2')
[38;5;112m[Appium][0m   - chromium@1.5.1 (automationName 'Chromium')
[38;5;112m[Appium][0m   - espresso@4.1.4 (automationName 'Espresso')
[38;5;112m[Appium][0m No plugins have been installed. Use the "appium plugin" command to install the one(s) you want to use.
[38;5;86m[HTTP][0m [37m-->[39m [37mGET[39m [37m/wd/hub/status[39m {}
[38;5;86m[HTTP][0m <-- GET /wd/hub/status 200 2 ms - 200 
[38;5;86m[HTTP][0m [37m-->[39m [37mPOST[39m [37m/wd/hub/session[39m {"capabilities":{"firstMatch":[{"appium:app":"/Users/gv.vignesh/Downloads/WGR-Android-Automation/App Folder/app-debug-2.99.104.apk","appium:autoGrantPermissions":true,"appium:automationName":"uiautomator2","appium:deviceId":"","appium:deviceName":"emulator-5554 (sdk_gphone16k_arm64 - Android 15)","appium:fullReset":true,"appium:newCommandTimeout":1800,"appium:noReset":false,"appium:platformName":"ANDROID","appium:platformVersion":"15","appium:systemPort":50561,"appium:udid":"emulator-5554","appium:uiautomator2ServerInstallTimeout":0,"platformName":"ANDROID"}]},"desiredCapabilities":{"appium:app":"/Users/gv.vignesh/Downloads/WGR-Android-Automation/App Folder/app-debug-2.99.104.apk","appium:autoGrantPermissions":true,"appium:automationName":"uiautomator2","appium:deviceId":"","appium:deviceName":"emulator-5554 (sdk_gphone16k_arm64 - Android 15)","appium:fullReset":true,"appium:newCommandTimeout":1800,"appium:noReset":false,"appium:platformName":"ANDROID","appium:platformVersion":"15","appium:systemPort":5056...
[38;5;123m[BaseDriver][0m Ignoring capability 'appium:platformName=ANDROID' and using capability 'platformName=ANDROID'
[38;5;123m[BaseDriver][0m The capabilities ["platformName"] are standard capabilities and do not require "appium:" prefix
[38;5;112m[Appium][0m Attempting to find matching driver for automationName 'uiautomator2' and platformName 'ANDROID'
[38;5;112m[Appium][0m The 'uiautomator2' driver was installed and matched caps.
[38;5;112m[Appium][0m Will require it at /Users/gv.vignesh/.appium/node_modules/appium-uiautomator2-driver
[38;5;87m[AppiumDriver@51d7][0m Appium v2.17.1 creating new AndroidUiautomator2Driver (v4.2.2) session
[38;5;87m[AppiumDriver@51d7][0m Checking BaseDriver versions for Appium and AndroidUiautomator2Driver
[38;5;87m[AppiumDriver@51d7][0m Appium's BaseDriver version is 9.16.4
[38;5;87m[AppiumDriver@51d7][0m AndroidUiautomator2Driver's BaseDriver version is 9.16.4
[38;5;-4m[AndroidUiautomator2Driver@8f72][0m The following provided capabilities were not recognized by this driver:
[38;5;-4m[AndroidUiautomator2Driver@8f72][0m   deviceId
[38;5;116m[bc8d072f][0m[38;5;-4m[AndroidUiautomator2Driver@8f72][0m Session created with session id: bc8d072f-36fd-4bff-a1b0-3a94d783e2ba
[38;5;116m[bc8d072f][0m[38;5;229m[ADB][0m Found 1 'build-tools' folders under '/Users/gv.vignesh/.katalon/tools/android_sdk' (newest first):
[38;5;116m[bc8d072f][0m[38;5;229m[ADB][0m     /Users/gv.vignesh/.katalon/tools/android_sdk/build-tools/29.0.3
[38;5;116m[bc8d072f][0m[38;5;229m[ADB][0m Using 'adb' from '/Users/gv.vignesh/.katalon/tools/android_sdk/platform-tools/adb'
[38;5;116m[bc8d072f][0m[38;5;-4m[AndroidUiautomator2Driver@8f72][0m Retrieving device list
[38;5;116m[bc8d072f][0m[38;5;-4m[AndroidUiautomator2Driver@8f72][0m Using device: emulator-5554
[38;5;116m[bc8d072f][0m[38;5;229m[ADB][0m Using 'adb' from '/Users/gv.vignesh/.katalon/tools/android_sdk/platform-tools/adb'
[38;5;116m[bc8d072f][0m[38;5;123m[BaseDriver][0m Using local app '/Users/gv.vignesh/Downloads/WGR-Android-Automation/App Folder/app-debug-2.99.104.apk'
[38;5;116m[bc8d072f][0m[38;5;229m[ADB][0m Getting device platform version
[38;5;116m[bc8d072f][0m[38;5;-4m[AndroidUiautomator2Driver@8f72][0m Relaxing hidden api policy
[38;5;116m[bc8d072f][0m[38;5;229m[ADB][0m Using 'aapt2' from '/Users/gv.vignesh/.katalon/tools/android_sdk/build-tools/29.0.3/aapt2'
[38;5;116m[bc8d072f][0m[38;5;229m[ADB][0m Package name: 'westgate_xamarin.android.debug'
[38;5;116m[bc8d072f][0m[38;5;229m[ADB][0m Main activity name: 'westgate_xamarin.android.MainActivity'
[38;5;116m[bc8d072f][0m[38;5;229m[ADB][0m Using 'apksigner.jar' from '/Users/gv.vignesh/.katalon/tools/android_sdk/build-tools/29.0.3/lib/apksigner.jar'
[38;5;116m[bc8d072f][0m[38;5;-4m[AndroidUiautomator2Driver@8f72][0m Server packages are not going to be (re)installed
[38;5;116m[bc8d072f][0m[38;5;229m[ADB][0m Adding packages ["io.appium.settings","io.appium.uiautomator2.server","io.appium.uiautomator2.server.test"] to Doze whitelist
[38;5;116m[bc8d072f][0m[38;5;229m[ADB][0m '/Users/gv.vignesh/Downloads/WGR-Android-Automation/App Folder/app-debug-2.99.104.apk' is signed with a non-default certificate
[38;5;116m[bc8d072f][0m[38;5;229m[ADB][0m westgate_xamarin.android.debug was not uninstalled, because it was not present on the device
[38;5;116m[bc8d072f][0m[38;5;229m[ADB][0m The application at '/Users/gv.vignesh/Downloads/WGR-Android-Automation/App Folder/app-debug-2.99.104.apk' will not be cached, because the device under test has confirmed the support of streamed installs
[38;5;116m[bc8d072f][0m[38;5;229m[ADB][0m The installation of 'app-debug-2.99.104.apk' took 394ms
[38;5;116m[bc8d072f][0m[38;5;-4m[AndroidUiautomator2Driver@8f72][0m Starting UIAutomator2 server 7.4.1
[38;5;116m[bc8d072f][0m[38;5;-4m[AndroidUiautomator2Driver@8f72][0m Using UIAutomator2 server from '/Users/gv.vignesh/.appium/node_modules/appium-uiautomator2-driver/node_modules/appium-uiautomator2-server/apks/appium-uiautomator2-server-v7.4.1.apk' and test from '/Users/gv.vignesh/.appium/node_modules/appium-uiautomator2-driver/node_modules/appium-uiautomator2-server/apks/appium-uiautomator2-server-debug-androidTest.apk'
[38;5;116m[bc8d072f][0m[38;5;-4m[AndroidUiautomator2Driver@8f72][0m Waiting up to 30000ms for UiAutomator2 to be online...
[38;5;116m[bc8d072f][0m[38;5;-4m[AndroidUiautomator2Driver@8f72][0m socket hang up
[38;5;116m[bc8d072f][0m[38;5;-4m[AndroidUiautomator2Driver@8f72][0m Determined the downstream protocol as 'W3C'
[38;5;116m[bc8d072f][0m[38;5;-4m[AndroidUiautomator2Driver@8f72][0m Screen already unlocked, doing nothing
[38;5;116m[bc8d072f][0m[38;5;-4m[AndroidUiautomator2Driver@8f72][0m Starting 'westgate_xamarin.android.debug/westgate_xamarin.android.MainActivity' and waiting for 'westgate_xamarin.android.debug/westgate_xamarin.android.MainActivity'
[38;5;116m[bc8d072f][0m[38;5;87m[AppiumDriver@51d7][0m New AndroidUiautomator2Driver session created successfully, session bc8d072f-36fd-4bff-a1b0-3a94d783e2ba added to master session list
[38;5;116m[bc8d072f][0m[38;5;86m[HTTP][0m <-- POST /wd/hub/session 200 5256 ms - 1456 
[38;5;86m[HTTP][0m [37m-->[39m [37mGET[39m [37m/wd/hub/status[39m {}
[38;5;86m[HTTP][0m <-- GET /wd/hub/status 200 0 ms - 200 
[38;5;116m[bc8d072f][0m[38;5;86m[HTTP][0m [37m-->[39m [37mPOST[39m [37m/wd/hub/session/bc8d072f-36fd-4bff-a1b0-3a94d783e2ba/timeouts[39m {"implicit":30000}
[38;5;116m[bc8d072f][0m[38;5;86m[HTTP][0m <-- POST /wd/hub/session/bc8d072f-36fd-4bff-a1b0-3a94d783e2ba/timeouts 200 3 ms - 14 
[38;5;116m[bc8d072f][0m[38;5;86m[HTTP][0m [37m-->[39m [37mPOST[39m [37m/wd/hub/session/bc8d072f-36fd-4bff-a1b0-3a94d783e2ba/execute/sync[39m {"args":[],"script":"mobile: getSystemBars"}
[38;5;116m[bc8d072f][0m[38;5;-4m[AndroidUiautomator2Driver@8f72][0m No windows have been found whose title matches to 'NavigationBar'. Assuming it is invisible. Only the following windows are available: ScreenDecorOverlayBottom,ScreenDecorOverlay,EdgeBackGestureHandler0,Taskbar,NotificationShade,StatusBar,ShellDropTarget,InputMethod
[38;5;116m[bc8d072f][0m[38;5;86m[HTTP][0m <-- POST /wd/hub/session/bc8d072f-36fd-4bff-a1b0-3a94d783e2ba/execute/sync 200 98 ms - 144 
[38;5;116m[bc8d072f][0m[38;5;86m[HTTP][0m [37m-->[39m [37mPOST[39m [37m/wd/hub/session/bc8d072f-36fd-4bff-a1b0-3a94d783e2ba/timeouts[39m {"implicit":50}
[38;5;116m[bc8d072f][0m[38;5;86m[HTTP][0m <-- POST /wd/hub/session/bc8d072f-36fd-4bff-a1b0-3a94d783e2ba/timeouts 200 1 ms - 14 
[38;5;116m[bc8d072f][0m[38;5;86m[HTTP][0m [37m-->[39m [37mGET[39m [37m/wd/hub/session/bc8d072f-36fd-4bff-a1b0-3a94d783e2ba/window/rect[39m {}
[38;5;116m[bc8d072f][0m[38;5;86m[HTTP][0m <-- GET /wd/hub/session/bc8d072f-36fd-4bff-a1b0-3a94d783e2ba/window/rect 200 7 ms - 50 
[38;5;116m[bc8d072f][0m[38;5;86m[HTTP][0m [37m-->[39m [37mPOST[39m [37m/wd/hub/session/bc8d072f-36fd-4bff-a1b0-3a94d783e2ba/elements[39m {"value":"//*[@class = 'android.widget.TextView' and (@text = 'Home' or . = 'Home')]","using":"xpath"}
[38;5;116m[bc8d072f][0m[38;5;86m[HTTP][0m <-- POST /wd/hub/session/bc8d072f-36fd-4bff-a1b0-3a94d783e2ba/elements 200 174 ms - 139 
[38;5;116m[bc8d072f][0m[38;5;86m[HTTP][0m [37m-->[39m [37mGET[39m [37m/wd/hub/session/bc8d072f-36fd-4bff-a1b0-3a94d783e2ba/element/00000000-0000-000a-0000-007b00000007/rect[39m {}
[38;5;116m[bc8d072f][0m[38;5;-4m[AndroidUiautomator2Driver@8f72][0m Driver proxy active, passing request on via HTTP proxy
[38;5;116m[bc8d072f][0m[38;5;-4m[AndroidUiautomator2Driver@8f72][0m Replacing sessionId a3600253-070a-4d3f-9d33-c07d173ee7b0 with bc8d072f-36fd-4bff-a1b0-3a94d783e2ba
[38;5;116m[bc8d072f][0m[38;5;86m[HTTP][0m <-- GET /wd/hub/session/bc8d072f-36fd-4bff-a1b0-3a94d783e2ba/element/00000000-0000-000a-0000-007b00000007/rect 200 7 ms - 102 
[38;5;116m[bc8d072f][0m[38;5;86m[HTTP][0m [37m-->[39m [37mPOST[39m [37m/wd/hub/session/bc8d072f-36fd-4bff-a1b0-3a94d783e2ba/timeouts[39m {"implicit":30000}
[38;5;116m[bc8d072f][0m[38;5;86m[HTTP][0m <-- POST /wd/hub/session/bc8d072f-36fd-4bff-a1b0-3a94d783e2ba/timeouts 200 0 ms - 14 
[38;5;116m[bc8d072f][0m[38;5;86m[HTTP][0m [37m-->[39m [37mPOST[39m [37m/wd/hub/session/bc8d072f-36fd-4bff-a1b0-3a94d783e2ba/element/00000000-0000-000a-0000-007b00000007/click[39m {"id":"00000000-0000-000a-0000-007b00000007"}
[38;5;116m[bc8d072f][0m[38;5;86m[HTTP][0m <-- POST /wd/hub/session/bc8d072f-36fd-4bff-a1b0-3a94d783e2ba/element/00000000-0000-000a-0000-007b00000007/click 200 71 ms - 14 
[38;5;116m[bc8d072f][0m[38;5;-4m[AndroidUiautomator2Driver@8f72][0m Shutting down because we waited 1800 seconds for a command
[38;5;116m[bc8d072f][0m[38;5;87m[AppiumDriver@51d7][0m Ending session, cause was 'New Command Timeout of 1800 seconds expired. Try customizing the timeout using the 'newCommandTimeout' desired capability'
[38;5;116m[bc8d072f][0m[38;5;87m[AppiumDriver@51d7][0m Removing session 'bc8d072f-36fd-4bff-a1b0-3a94d783e2ba' from our master session list
[38;5;116m[bc8d072f][0m[38;5;-4m[AndroidUiautomator2Driver@8f72][0m Did not get the confirmation of UiAutomator2 server session deletion. Original error: An unknown server-side error occurred while processing the command. Original error: 'DELETE /' cannot be proxied to UiAutomator2 server because the instrumentation process is not running (probably crashed). Check the server log and/or the logcat output for more details
[38;5;116m[bc8d072f][0m[38;5;-4m[AndroidUiautomator2Driver@8f72][0m The UIA2 server did has not been terminated within 5000ms timeout. Continuing anyway
[38;5;116m[bc8d072f][0m[38;5;229m[ADB][0m westgate_xamarin.android.debug was successfully uninstalled
[38;5;116m[bc8d072f][0m[38;5;-4m[AndroidUiautomator2Driver@8f72][0m Unable to remove system port forward: Error executing adbExec. Original error: 'Command '/Users/gv.vignesh/.katalon/tools/android_sdk/platform-tools/adb -P 5037 -s emulator-5554 forward --remove tcp\:50561' exited with code 1'; Command output: adb: error: listener 'tcp:50561' not found

[38;5;116m[bc8d072f][0m[38;5;-4m[AndroidUiautomator2Driver@8f72][0m Restoring hidden api policy to the device default configuration
