[38;5;112m[Appium][0m Welcome to Appium v2.17.1 (REV 9b1efcd944408db0bd85f82fe4724ccae04a812f)
[38;5;112m[Appium][0m Non-default server args:
[38;5;112m[Appium][0m { basePath: [32m'/wd/hub'[39m, loglevel: [32m'info'[39m, port: [33m49829[39m }
[38;5;112m[Appium][0m Attempting to load driver uiautomator2...
[38;5;112m[Appium][0m Appium REST http interface listener started on http://0.0.0.0:49829/wd/hub
[38;5;112m[Appium][0m You can provide the following URLs in your client code to connect to this server:
	http://127.0.0.1:49829/wd/hub (only accessible from the same host)
	http://192.168.0.101:49829/wd/hub
[38;5;112m[Appium][0m Available drivers:
[38;5;112m[Appium][0m   - uiautomator2@4.1.5 (automationName 'UiAutomator2')
[38;5;112m[Appium][0m No plugins have been installed. Use the "appium plugin" command to install the one(s) you want to use.
[38;5;86m[HTTP][0m [37m-->[39m [37mGET[39m [37m/wd/hub/status[39m {}
[38;5;86m[HTTP][0m <-- GET /wd/hub/status 200 4 ms - 200 
[38;5;86m[HTTP][0m [37m-->[39m [37mPOST[39m [37m/wd/hub/session[39m {"capabilities":{"firstMatch":[{"appium:app":"/Users/gv.vignesh/Downloads/WGR-Android-Automation/App Folder/universal.apk","appium:autoGrantPermissions":true,"appium:automationName":"uiautomator2","appium:deviceId":"","appium:deviceName":"Xiaomi 23076PC4BI (Android 15)","appium:fullReset":true,"appium:newCommandTimeout":1800,"appium:noReset":false,"appium:platformName":"ANDROID","appium:platformVersion":"15","appium:systemPort":49828,"appium:udid":"a6e538dc5180","platformName":"ANDROID"}]},"desiredCapabilities":{"appium:app":"/Users/gv.vignesh/Downloads/WGR-Android-Automation/App Folder/universal.apk","appium:autoGrantPermissions":true,"appium:automationName":"uiautomator2","appium:deviceId":"","appium:deviceName":"Xiaomi 23076PC4BI (Android 15)","appium:fullReset":true,"appium:newCommandTimeout":1800,"appium:noReset":false,"appium:platformName":"ANDROID","appium:platformVersion":"15","appium:systemPort":49828,"appium:udid":"a6e538dc5180"}}
[38;5;123m[BaseDriver][0m Ignoring capability 'appium:platformName=ANDROID' and using capability 'platformName=ANDROID'
[38;5;123m[BaseDriver][0m The capabilities ["platformName"] are standard capabilities and do not require "appium:" prefix
[38;5;112m[Appium][0m Attempting to find matching driver for automationName 'uiautomator2' and platformName 'ANDROID'
[38;5;112m[Appium][0m The 'uiautomator2' driver was installed and matched caps.
[38;5;112m[Appium][0m Will require it at /Users/gv.vignesh/.appium/node_modules/appium-uiautomator2-driver
[38;5;108m[AppiumDriver@67d5][0m Appium v2.17.1 creating new AndroidUiautomator2Driver (v4.1.5) session
[38;5;108m[AppiumDriver@67d5][0m Checking BaseDriver versions for Appium and AndroidUiautomator2Driver
[38;5;108m[AppiumDriver@67d5][0m Appium's BaseDriver version is 9.16.4
[38;5;108m[AppiumDriver@67d5][0m AndroidUiautomator2Driver's BaseDriver version is 9.16.4
[38;5;-120m[AndroidUiautomator2Driver@935f][0m The following provided capabilities were not recognized by this driver:
[38;5;-120m[AndroidUiautomator2Driver@935f][0m   deviceId
[38;5;82m[39361255][0m[38;5;-120m[AndroidUiautomator2Driver@935f][0m Session created with session id: 39361255-945f-42a1-b67a-fd85cf8a4052
[38;5;82m[39361255][0m[38;5;229m[ADB][0m Found 1 'build-tools' folders under '/Users/gv.vignesh/.katalon/tools/android_sdk' (newest first):
[38;5;82m[39361255][0m[38;5;229m[ADB][0m     /Users/gv.vignesh/.katalon/tools/android_sdk/build-tools/29.0.3
[38;5;82m[39361255][0m[38;5;229m[ADB][0m Using 'adb' from '/Users/gv.vignesh/.katalon/tools/android_sdk/platform-tools/adb'
[38;5;82m[39361255][0m[38;5;-120m[AndroidUiautomator2Driver@935f][0m Retrieving device list
[38;5;82m[39361255][0m[38;5;-120m[AndroidUiautomator2Driver@935f][0m Using device: a6e538dc5180
[38;5;82m[39361255][0m[38;5;229m[ADB][0m Using 'adb' from '/Users/gv.vignesh/.katalon/tools/android_sdk/platform-tools/adb'
[38;5;82m[39361255][0m[38;5;123m[BaseDriver][0m Using local app '/Users/gv.vignesh/Downloads/WGR-Android-Automation/App Folder/universal.apk'
[38;5;82m[39361255][0m[38;5;229m[ADB][0m Getting device platform version
[38;5;82m[39361255][0m[38;5;-120m[AndroidUiautomator2Driver@935f][0m Relaxing hidden api policy
[38;5;82m[39361255][0m[38;5;229m[ADB][0m Using 'aapt2' from '/Users/gv.vignesh/.katalon/tools/android_sdk/build-tools/29.0.3/aapt2'
[38;5;82m[39361255][0m[38;5;229m[ADB][0m Package name: 'com.westgate.rewrite2'
[38;5;82m[39361255][0m[38;5;229m[ADB][0m Main activity name: 'com.westgate.rewrite2.MainActivity'
[38;5;82m[39361255][0m[38;5;229m[ADB][0m Error sending command, reconnecting device and retrying: shell,dumpsys,activity,services,io.appium.settings
[38;5;82m[39361255][0m[38;5;-120m[AndroidUiautomator2Driver@935f][0m Restoring hidden api policy to the device default configuration
[38;5;82m[39361255][0m[38;5;86m[HTTP][0m <-- POST /wd/hub/session 500 6632 ms - 1188 
[38;5;86m[HTTP][0m [37m-->[39m [37mGET[39m [37m/wd/hub/status[39m {}
[38;5;86m[HTTP][0m <-- GET /wd/hub/status 200 0 ms - 200 
[38;5;86m[HTTP][0m [37m-->[39m [37mPOST[39m [37m/wd/hub/session[39m {"capabilities":{"firstMatch":[{"appium:app":"/Users/gv.vignesh/Downloads/WGR-Android-Automation/App Folder/universal.apk","appium:autoGrantPermissions":true,"appium:automationName":"uiautomator2","appium:deviceId":"","appium:deviceName":"Xiaomi 23076PC4BI (Android 15)","appium:fullReset":true,"appium:newCommandTimeout":1800,"appium:noReset":false,"appium:platformName":"ANDROID","appium:platformVersion":"15","appium:systemPort":49980,"appium:udid":"a6e538dc5180","platformName":"ANDROID"}]},"desiredCapabilities":{"appium:app":"/Users/gv.vignesh/Downloads/WGR-Android-Automation/App Folder/universal.apk","appium:autoGrantPermissions":true,"appium:automationName":"uiautomator2","appium:deviceId":"","appium:deviceName":"Xiaomi 23076PC4BI (Android 15)","appium:fullReset":true,"appium:newCommandTimeout":1800,"appium:noReset":false,"appium:platformName":"ANDROID","appium:platformVersion":"15","appium:systemPort":49980,"appium:udid":"a6e538dc5180"}}
[38;5;123m[BaseDriver][0m Ignoring capability 'appium:platformName=ANDROID' and using capability 'platformName=ANDROID'
[38;5;123m[BaseDriver][0m The capabilities ["platformName"] are standard capabilities and do not require "appium:" prefix
[38;5;112m[Appium][0m Attempting to find matching driver for automationName 'uiautomator2' and platformName 'ANDROID'
[38;5;112m[Appium][0m The 'uiautomator2' driver was installed and matched caps.
[38;5;112m[Appium][0m Will require it at /Users/gv.vignesh/.appium/node_modules/appium-uiautomator2-driver
[38;5;108m[AppiumDriver@67d5][0m Appium v2.17.1 creating new AndroidUiautomator2Driver (v4.1.5) session
[38;5;108m[AppiumDriver@67d5][0m Checking BaseDriver versions for Appium and AndroidUiautomator2Driver
[38;5;108m[AppiumDriver@67d5][0m Appium's BaseDriver version is 9.16.4
[38;5;108m[AppiumDriver@67d5][0m AndroidUiautomator2Driver's BaseDriver version is 9.16.4
[38;5;-52m[AndroidUiautomator2Driver@645f][0m The following provided capabilities were not recognized by this driver:
[38;5;-52m[AndroidUiautomator2Driver@645f][0m   deviceId
[38;5;165m[d5f998ea][0m[38;5;-52m[AndroidUiautomator2Driver@645f][0m Session created with session id: d5f998ea-4961-4fc0-b86b-34fdf618accc
[38;5;165m[d5f998ea][0m[38;5;229m[ADB][0m Using 'adb' from '/Users/gv.vignesh/.katalon/tools/android_sdk/platform-tools/adb'
[38;5;165m[d5f998ea][0m[38;5;-52m[AndroidUiautomator2Driver@645f][0m Retrieving device list
[38;5;165m[d5f998ea][0m[38;5;-52m[AndroidUiautomator2Driver@645f][0m Using device: a6e538dc5180
[38;5;165m[d5f998ea][0m[38;5;229m[ADB][0m Using 'adb' from '/Users/gv.vignesh/.katalon/tools/android_sdk/platform-tools/adb'
[38;5;165m[d5f998ea][0m[38;5;123m[BaseDriver][0m Using local app '/Users/gv.vignesh/Downloads/WGR-Android-Automation/App Folder/universal.apk'
[38;5;165m[d5f998ea][0m[38;5;229m[ADB][0m Error sending command, reconnecting device and retrying: shell,getprop,ro.build.version.sdk
[38;5;165m[d5f998ea][0m[38;5;229m[ADB][0m Error sending command, reconnecting device and retrying: shell,getprop,ro.build.version.sdk
[38;5;165m[d5f998ea][0m[38;5;86m[HTTP][0m <-- POST /wd/hub/session 500 23173 ms - 706 
[38;5;86m[HTTP][0m [37m-->[39m [37mGET[39m [37m/wd/hub/status[39m {}
[38;5;86m[HTTP][0m <-- GET /wd/hub/status 200 1 ms - 200 
[38;5;86m[HTTP][0m [37m-->[39m [37mPOST[39m [37m/wd/hub/session[39m {"capabilities":{"firstMatch":[{"appium:app":"/Users/gv.vignesh/Downloads/WGR-Android-Automation/App Folder/app-debug.apk","appium:autoGrantPermissions":true,"appium:automationName":"uiautomator2","appium:deviceId":"","appium:deviceName":"Xiaomi 23076PC4BI (Android 15)","appium:fullReset":true,"appium:newCommandTimeout":1800,"appium:noReset":false,"appium:platformName":"ANDROID","appium:platformVersion":"15","appium:systemPort":50582,"appium:udid":"a6e538dc5180","platformName":"ANDROID"}]},"desiredCapabilities":{"appium:app":"/Users/gv.vignesh/Downloads/WGR-Android-Automation/App Folder/app-debug.apk","appium:autoGrantPermissions":true,"appium:automationName":"uiautomator2","appium:deviceId":"","appium:deviceName":"Xiaomi 23076PC4BI (Android 15)","appium:fullReset":true,"appium:newCommandTimeout":1800,"appium:noReset":false,"appium:platformName":"ANDROID","appium:platformVersion":"15","appium:systemPort":50582,"appium:udid":"a6e538dc5180"}}
[38;5;123m[BaseDriver][0m Ignoring capability 'appium:platformName=ANDROID' and using capability 'platformName=ANDROID'
[38;5;123m[BaseDriver][0m The capabilities ["platformName"] are standard capabilities and do not require "appium:" prefix
[38;5;112m[Appium][0m Attempting to find matching driver for automationName 'uiautomator2' and platformName 'ANDROID'
[38;5;112m[Appium][0m The 'uiautomator2' driver was installed and matched caps.
[38;5;112m[Appium][0m Will require it at /Users/gv.vignesh/.appium/node_modules/appium-uiautomator2-driver
[38;5;108m[AppiumDriver@67d5][0m Appium v2.17.1 creating new AndroidUiautomator2Driver (v4.1.5) session
[38;5;108m[AppiumDriver@67d5][0m Checking BaseDriver versions for Appium and AndroidUiautomator2Driver
[38;5;108m[AppiumDriver@67d5][0m Appium's BaseDriver version is 9.16.4
[38;5;108m[AppiumDriver@67d5][0m AndroidUiautomator2Driver's BaseDriver version is 9.16.4
[38;5;-173m[AndroidUiautomator2Driver@c412][0m The following provided capabilities were not recognized by this driver:
[38;5;-173m[AndroidUiautomator2Driver@c412][0m   deviceId
[38;5;113m[a817d138][0m[38;5;-173m[AndroidUiautomator2Driver@c412][0m Session created with session id: a817d138-9d94-4cc9-85bc-8b82c86e6102
[38;5;113m[a817d138][0m[38;5;229m[ADB][0m Using 'adb' from '/Users/gv.vignesh/.katalon/tools/android_sdk/platform-tools/adb'
[38;5;113m[a817d138][0m[38;5;-173m[AndroidUiautomator2Driver@c412][0m Retrieving device list
[38;5;86m[HTTP][0m <-- POST /wd/hub/session - - ms - - 
