<?xml version="1.0" encoding="UTF-8" standalone="no"?>
<!DOCTYPE log SYSTEM "logger.dtd">
<log>
<record>
  <date>2025-04-02T11:53:55.257999Z</date>
  <millis>1743594835257</millis>
  <nanos>999000</nanos>
  <sequence>1</sequence>
  <level>START</level>
  <class>com.kms.katalon.core.logging.XmlKeywordLogger</class>
  <method>startSuite</method>
  <thread>1</thread>
  <message>Start Test Suite : Test Suites/WRMA Android Regression</message>
  <nestedLevel>0</nestedLevel>
  <escapedJava>false</escapedJava>
  <property name="rerunTestFailImmediately">true</property>
  <property name="retryCount">0</property>
  <property name="name">WRMA Android Regression</property>
  <property name="description"></property>
  <property name="id">Test Suites/WRMA Android Regression</property>
</record>
<record>
  <date>2025-04-02T11:53:55.263405Z</date>
  <millis>1743594835263</millis>
  <nanos>405000</nanos>
  <sequence>3</sequence>
  <level>RUN_DATA</level>
  <class>com.kms.katalon.core.logging.XmlKeywordLogger</class>
  <method>logMessage</method>
  <thread>1</thread>
  <message>hostName = **********</message>
  <nestedLevel>0</nestedLevel>
  <escapedJava>false</escapedJava>
  <property name="hostName">**********</property>
</record>
<record>
  <date>2025-04-02T11:53:55.263695Z</date>
  <millis>1743594835263</millis>
  <nanos>695000</nanos>
  <sequence>5</sequence>
  <level>RUN_DATA</level>
  <class>com.kms.katalon.core.logging.XmlKeywordLogger</class>
  <method>logMessage</method>
  <thread>1</thread>
  <message>os = Mac OS X 64bit</message>
  <nestedLevel>0</nestedLevel>
  <escapedJava>false</escapedJava>
  <property name="os">Mac OS X 64bit</property>
</record>
<record>
  <date>2025-04-02T11:53:55.263936Z</date>
  <millis>1743594835263</millis>
  <nanos>936000</nanos>
  <sequence>7</sequence>
  <level>RUN_DATA</level>
  <class>com.kms.katalon.core.logging.XmlKeywordLogger</class>
  <method>logMessage</method>
  <thread>1</thread>
  <message>hostAddress = **********</message>
  <nestedLevel>0</nestedLevel>
  <escapedJava>false</escapedJava>
  <property name="hostAddress">**********</property>
</record>
<record>
  <date>2025-04-02T11:53:55.264434Z</date>
  <millis>1743594835264</millis>
  <nanos>434000</nanos>
  <sequence>9</sequence>
  <level>RUN_DATA</level>
  <class>com.kms.katalon.core.logging.XmlKeywordLogger</class>
  <method>logMessage</method>
  <thread>1</thread>
  <message>katalonVersion = 10.1.1.0</message>
  <nestedLevel>0</nestedLevel>
  <escapedJava>false</escapedJava>
  <property name="katalonVersion">10.1.1.0</property>
</record>
<record>
  <date>2025-04-02T11:53:55.314207Z</date>
  <millis>1743594835314</millis>
  <nanos>207000</nanos>
  <sequence>12</sequence>
  <level>START</level>
  <class>com.kms.katalon.core.logging.XmlKeywordLogger</class>
  <method>startTest</method>
  <thread>1</thread>
  <message>Start Test Case : Test Cases/App Installation And Launching/C658-C667-C668_AppInstallationAndLaunching</message>
  <nestedLevel>1</nestedLevel>
  <escapedJava>false</escapedJava>
  <property name="remainingRetryCount">0</property>
  <property name="name">Test Cases/App Installation And Launching/C658-C667-C668_AppInstallationAndLaunching</property>
  <property name="description">Verify that the Intro Page opens correctly
Verify that the Term and Conditions in Guest Mode is displayed correctly
Verify that the Privacy Policy in Guest Mode is displayed correctly</property>
  <property name="iteration"></property>
  <property name="id">Test Cases/App Installation And Launching/C658-C667-C668_AppInstallationAndLaunching</property>
  <property name="source">\Users\gv.vignesh\Downloads\WGR-Android-Automation\Test Cases\App Installation And Launching\C658-C667-C668_AppInstallationAndLaunching.tc</property>
  <property name="tag"></property>
  <property name="isOptional">false</property>
  <property name="currentRetryCount">0</property>
</record>
<record>
  <date>2025-04-02T11:53:55.453515Z</date>
  <millis>1743594835453</millis>
  <nanos>515000</nanos>
  <sequence>14</sequence>
  <level>START</level>
  <class>com.kms.katalon.core.logging.XmlKeywordLogger</class>
  <method>startKeyword</method>
  <thread>1</thread>
  <message>Start action : startApplication(appUrl, true)</message>
  <nestedLevel>1</nestedLevel>
  <escapedJava>false</escapedJava>
  <property name="startLine">29</property>
  <property name="stepIndex">1</property>
  <property name="description">Launch the application on the physical device</property>
</record>
<record>
  <date>2025-04-02T11:53:55.522175Z</date>
  <millis>1743594835522</millis>
  <nanos>175000</nanos>
  <sequence>16</sequence>
  <level>INFO</level>
  <class>com.kms.katalon.core.logging.XmlKeywordLogger</class>
  <method>logMessage</method>
  <thread>1</thread>
  <message>Starting application: &amp;apos;/Users/gv.vignesh/Downloads/WGR-Android-Automation/App Folder/universal.apk&amp;apos;</message>
  <nestedLevel>1</nestedLevel>
  <escapedJava>false</escapedJava>
</record>
<record>
  <date>2025-04-02T11:53:55.533425Z</date>
  <millis>1743594835533</millis>
  <nanos>425000</nanos>
  <sequence>18</sequence>
  <level>INFO</level>
  <class>com.kms.katalon.core.logging.XmlKeywordLogger</class>
  <method>logMessage</method>
  <thread>1</thread>
  <message>User set preference: [&amp;apos;deviceId&amp;apos;, &amp;apos;&amp;apos;]</message>
  <nestedLevel>1</nestedLevel>
  <escapedJava>false</escapedJava>
</record>
<record>
  <date>2025-04-02T11:53:55.564219Z</date>
  <millis>1743594835564</millis>
  <nanos>219000</nanos>
  <sequence>20</sequence>
  <level>INFO</level>
  <class>com.kms.katalon.core.logging.XmlKeywordLogger</class>
  <method>logMessage</method>
  <thread>1</thread>
  <message>Detected NodeJS location: &amp;quot;/opt/homebrew/Cellar/node/23.10.0_1/bin/node&amp;quot;</message>
  <nestedLevel>1</nestedLevel>
  <escapedJava>false</escapedJava>
</record>
<record>
  <date>2025-04-02T11:53:55.567692Z</date>
  <millis>1743594835567</millis>
  <nanos>692000</nanos>
  <sequence>22</sequence>
  <level>INFO</level>
  <class>com.kms.katalon.core.logging.XmlKeywordLogger</class>
  <method>logMessage</method>
  <thread>1</thread>
  <message>PATH: /opt/homebrew/Cellar/node/23.10.0_1/bin:/opt/homebrew/bin:/usr/bin:/bin:/usr/sbin:/sbin:/Applications/Katalon Studio Enterprise.app/Contents/Eclipse/jre/Contents/Home/bin:/usr/local/bin/</message>
  <nestedLevel>1</nestedLevel>
  <escapedJava>false</escapedJava>
</record>
<record>
  <date>2025-04-02T11:53:55.568104Z</date>
  <millis>1743594835568</millis>
  <nanos>104000</nanos>
  <sequence>24</sequence>
  <level>INFO</level>
  <class>com.kms.katalon.core.logging.XmlKeywordLogger</class>
  <method>logMessage</method>
  <thread>1</thread>
  <message>APPIUM_HOME: /Users/gv.vignesh/.appium</message>
  <nestedLevel>1</nestedLevel>
  <escapedJava>false</escapedJava>
</record>
<record>
  <date>2025-04-02T11:53:55.568374Z</date>
  <millis>1743594835568</millis>
  <nanos>374000</nanos>
  <sequence>26</sequence>
  <level>INFO</level>
  <class>com.kms.katalon.core.logging.XmlKeywordLogger</class>
  <method>logMessage</method>
  <thread>1</thread>
  <message>appium outlog: /Users/gv.vignesh/Downloads/WGR-Android-Automation/Reports/20250402_172350/WRMA Android Regression/20250402_172350/appium.log</message>
  <nestedLevel>1</nestedLevel>
  <escapedJava>false</escapedJava>
</record>
<record>
  <date>2025-04-02T11:53:55.568589Z</date>
  <millis>1743594835568</millis>
  <nanos>589000</nanos>
  <sequence>28</sequence>
  <level>INFO</level>
  <class>com.kms.katalon.core.logging.XmlKeywordLogger</class>
  <method>logMessage</method>
  <thread>1</thread>
  <message>appium errlog: /Users/gv.vignesh/Downloads/WGR-Android-Automation/Reports/20250402_172350/WRMA Android Regression/20250402_172350/appium_error.log</message>
  <nestedLevel>1</nestedLevel>
  <escapedJava>false</escapedJava>
</record>
<record>
  <date>2025-04-02T11:53:56.570970Z</date>
  <millis>1743594836570</millis>
  <nanos>970000</nanos>
  <sequence>30</sequence>
  <level>INFO</level>
  <class>com.kms.katalon.core.logging.XmlKeywordLogger</class>
  <method>logMessage</method>
  <thread>1</thread>
  <message>Appium server started on port 49,829</message>
  <nestedLevel>1</nestedLevel>
  <escapedJava>false</escapedJava>
</record>
<record>
  <date>2025-04-02T11:54:03.412649Z</date>
  <millis>1743594843412</millis>
  <nanos>649000</nanos>
  <sequence>32</sequence>
  <level>RUN_DATA</level>
  <class>com.kms.katalon.core.logging.XmlKeywordLogger</class>
  <method>logMessage</method>
  <thread>1</thread>
  <message>deviceId = a6e538dc5180</message>
  <nestedLevel>1</nestedLevel>
  <escapedJava>false</escapedJava>
  <property name="deviceId">a6e538dc5180</property>
</record>
<record>
  <date>2025-04-02T11:54:03.413032Z</date>
  <millis>1743594843413</millis>
  <nanos>32000</nanos>
  <sequence>34</sequence>
  <level>RUN_DATA</level>
  <class>com.kms.katalon.core.logging.XmlKeywordLogger</class>
  <method>logMessage</method>
  <thread>1</thread>
  <message>deviceName = Xiaomi 23076PC4BI (Android 15)</message>
  <nestedLevel>1</nestedLevel>
  <escapedJava>false</escapedJava>
  <property name="deviceName">Xiaomi 23076PC4BI (Android 15)</property>
</record>
<record>
  <date>2025-04-02T11:54:03.413285Z</date>
  <millis>1743594843413</millis>
  <nanos>285000</nanos>
  <sequence>36</sequence>
  <level>RUN_DATA</level>
  <class>com.kms.katalon.core.logging.XmlKeywordLogger</class>
  <method>logMessage</method>
  <thread>1</thread>
  <message>deviceModel = 23076PC4BI</message>
  <nestedLevel>1</nestedLevel>
  <escapedJava>false</escapedJava>
  <property name="deviceModel">23076PC4BI</property>
</record>
<record>
  <date>2025-04-02T11:54:03.413507Z</date>
  <millis>1743594843413</millis>
  <nanos>507000</nanos>
  <sequence>38</sequence>
  <level>RUN_DATA</level>
  <class>com.kms.katalon.core.logging.XmlKeywordLogger</class>
  <method>logMessage</method>
  <thread>1</thread>
  <message>deviceManufacturer = Xiaomi</message>
  <nestedLevel>1</nestedLevel>
  <escapedJava>false</escapedJava>
  <property name="deviceManufacturer">Xiaomi</property>
</record>
<record>
  <date>2025-04-02T11:54:03.413725Z</date>
  <millis>1743594843413</millis>
  <nanos>725000</nanos>
  <sequence>40</sequence>
  <level>RUN_DATA</level>
  <class>com.kms.katalon.core.logging.XmlKeywordLogger</class>
  <method>logMessage</method>
  <thread>1</thread>
  <message>deviceOS = Android</message>
  <nestedLevel>1</nestedLevel>
  <escapedJava>false</escapedJava>
  <property name="deviceOS">Android</property>
</record>
<record>
  <date>2025-04-02T11:54:03.413925Z</date>
  <millis>1743594843413</millis>
  <nanos>925000</nanos>
  <sequence>42</sequence>
  <level>RUN_DATA</level>
  <class>com.kms.katalon.core.logging.XmlKeywordLogger</class>
  <method>logMessage</method>
  <thread>1</thread>
  <message>deviceOSVersion = 15</message>
  <nestedLevel>1</nestedLevel>
  <escapedJava>false</escapedJava>
  <property name="deviceOSVersion">15</property>
</record>
<record>
  <date>2025-04-02T11:54:03.428552Z</date>
  <millis>1743594843428</millis>
  <nanos>552000</nanos>
  <sequence>47</sequence>
  <level>FAILED</level>
  <class>com.kms.katalon.core.logging.XmlKeywordLogger</class>
  <method>logMessage</method>
  <thread>1</thread>
  <message>Unable to start application: &amp;apos;/Users/gv.vignesh/Downloads/WGR-Android-Automation/App Folder/universal.apk&amp;apos; (Root cause: com.kms.katalon.core.exception.StepFailedException: Unable to start application: &amp;apos;/Users/gv.vignesh/Downloads/WGR-Android-Automation/App Folder/universal.apk&amp;apos;
	at com.kms.katalon.core.mobile.keyword.internal.MobileKeywordMain.stepFailed(MobileKeywordMain.groovy:64)
	at com.kms.katalon.core.mobile.keyword.internal.MobileKeywordMain.runKeyword(MobileKeywordMain.groovy:34)
	at com.kms.katalon.core.mobile.keyword.builtin.StartApplicationKeyword.startApplication(StartApplicationKeyword.groovy:91)
	at com.kms.katalon.core.mobile.keyword.builtin.StartApplicationKeyword.execute(StartApplicationKeyword.groovy:48)
	at com.kms.katalon.core.keyword.internal.KeywordExecutor.executeKeywordForPlatform(KeywordExecutor.groovy:74)
	at com.kms.katalon.core.mobile.keyword.MobileBuiltInKeywords.startApplication(MobileBuiltInKeywords.groovy:49)
	at C658-C667-C668_AppInstallationAndLaunching.run(C658-C667-C668_AppInstallationAndLaunching:29)
	at com.kms.katalon.core.main.ScriptEngine.run(ScriptEngine.java:194)
	at com.kms.katalon.core.main.ScriptEngine.runScriptAsRawText(ScriptEngine.java:119)
	at com.kms.katalon.core.main.TestCaseExecutor.runScript(TestCaseExecutor.java:448)
	at com.kms.katalon.core.main.TestCaseExecutor.doExecute(TestCaseExecutor.java:439)
	at com.kms.katalon.core.main.TestCaseExecutor.processExecutionPhase(TestCaseExecutor.java:418)
	at com.kms.katalon.core.main.TestCaseExecutor.accessMainPhase(TestCaseExecutor.java:410)
	at com.kms.katalon.core.main.TestCaseExecutor.execute(TestCaseExecutor.java:285)
	at com.kms.katalon.core.common.CommonExecutor.accessTestCaseMainPhase(CommonExecutor.java:71)
	at com.kms.katalon.core.main.TestSuiteExecutor.accessTestSuiteMainPhase(TestSuiteExecutor.java:160)
	at com.kms.katalon.core.main.TestSuiteExecutor.execute(TestSuiteExecutor.java:107)
	at com.kms.katalon.core.main.TestCaseMain.startTestSuite(TestCaseMain.java:180)
	at TempTestSuite1743594830066.run(TempTestSuite1743594830066.groovy:35)
	at java.base/jdk.internal.reflect.NativeMethodAccessorImpl.invoke0(Native Method)
	at java.base/jdk.internal.reflect.NativeMethodAccessorImpl.invoke(NativeMethodAccessorImpl.java:77)
	at java.base/jdk.internal.reflect.DelegatingMethodAccessorImpl.invoke(DelegatingMethodAccessorImpl.java:43)
Caused by: org.openqa.selenium.SessionNotCreatedException: Could not start a new session. Response code 500. Message: An unknown server-side error occurred while processing the command. Original error: Error executing adbExec. Original error: &amp;apos;Command &amp;apos;/Users/gv.vignesh/.katalon/tools/android_sdk/platform-tools/adb -P 5037 -s a6e538dc5180 shell &amp;apos;settings delete global hidden_api_policy_pre_p_apps;settings delete global hidden_api_policy_p_apps;settings delete global hidden_api_policy&amp;apos;&amp;apos; exited with code 1&amp;apos;; Command output: error: closed
 
Host info: host: &amp;apos;**********&amp;apos;, ip: &amp;apos;**********&amp;apos;
Build info: version: &amp;apos;4.22.0&amp;apos;, revision: &amp;apos;c5f3146703&amp;apos;
System info: os.name: &amp;apos;Mac OS X&amp;apos;, os.arch: &amp;apos;aarch64&amp;apos;, os.version: &amp;apos;15.3.2&amp;apos;, java.version: &amp;apos;17.0.14&amp;apos;
Driver info: io.appium.java_client.android.AndroidDriver
Command: [null, newSession {capabilities=[Capabilities {appium:app: /Users/gv.vignesh/Downloads..., appium:autoGrantPermissions: true, appium:automationName: uiautomator2, appium:deviceId: , appium:deviceName: Xiaomi 23076PC4BI (Android 15), appium:fullReset: true, appium:newCommandTimeout: 1800, appium:noReset: false, appium:platformName: ANDROID, appium:platformVersion: 15, appium:systemPort: 49828, appium:udid: a6e538dc5180, platformName: ANDROID}]}]
Capabilities {appium:app: /Users/gv.vignesh/Downloads..., appium:autoGrantPermissions: true, appium:automationName: uiautomator2, appium:deviceId: , appium:deviceName: Xiaomi 23076PC4BI (Android 15), appium:fullReset: true, appium:newCommandTimeout: 1800, appium:noReset: false, appium:platformName: ANDROID, appium:platformVersion: 15, appium:systemPort: 49828, appium:udid: a6e538dc5180, platformName: ANDROID}
	at org.openqa.selenium.remote.ProtocolHandshake.createSession(ProtocolHandshake.java:114)
	at org.openqa.selenium.remote.ProtocolHandshake.createSession(ProtocolHandshake.java:75)
	at org.openqa.selenium.remote.ProtocolHandshake.createSession(ProtocolHandshake.java:61)
	at io.appium.java_client.remote.AppiumCommandExecutor.createSession(AppiumCommandExecutor.java:176)
	at io.appium.java_client.remote.AppiumCommandExecutor.execute(AppiumCommandExecutor.java:237)
	at org.openqa.selenium.remote.RemoteWebDriver.execute(RemoteWebDriver.java:518)
	at io.appium.java_client.AppiumDriver.startSession(AppiumDriver.java:270)
	at org.openqa.selenium.remote.RemoteWebDriver.&amp;lt;init&amp;gt;(RemoteWebDriver.java:161)
	at io.appium.java_client.AppiumDriver.&amp;lt;init&amp;gt;(AppiumDriver.java:91)
	at io.appium.java_client.android.AndroidDriver.&amp;lt;init&amp;gt;(AndroidDriver.java:99)
	at com.kms.katalon.core.appium.driver.AppiumDriverManager.createMobileDriver(AppiumDriverManager.java:574)
	at com.kms.katalon.core.appium.driver.AppiumDriverManager.createMobileDriver(AppiumDriverManager.java:551)
	at com.kms.katalon.core.mobile.keyword.internal.MobileDriverFactory.startLocalMobileDriver(MobileDriverFactory.java:597)
	at com.kms.katalon.core.mobile.keyword.internal.MobileDriverFactory.startMobileDriver(MobileDriverFactory.java:510)
	at com.kms.katalon.core.mobile.keyword.builtin.StartApplicationKeyword$_startApplication_closure1.doCall(StartApplicationKeyword.groovy:89)
	at com.kms.katalon.core.mobile.keyword.builtin.StartApplicationKeyword$_startApplication_closure1.call(StartApplicationKeyword.groovy)
	at com.kms.katalon.core.mobile.keyword.internal.MobileKeywordMain.runKeyword(MobileKeywordMain.groovy:30)
	at com.kms.katalon.core.mobile.keyword.builtin.StartApplicationKeyword.startApplication(StartApplicationKeyword.groovy:91)
	at com.kms.katalon.core.mobile.keyword.builtin.StartApplicationKeyword.execute(StartApplicationKeyword.groovy:48)
	at com.kms.katalon.core.keyword.internal.KeywordExecutor.executeKeywordForPlatform(KeywordExecutor.groovy:74)
	at com.kms.katalon.core.mobile.keyword.MobileBuiltInKeywords.startApplication(MobileBuiltInKeywords.groovy:49)
	at Script1743080432155.run(Script1743080432155.groovy:29)
	... 15 more
)</message>
  <nestedLevel>1</nestedLevel>
  <escapedJava>false</escapedJava>
  <property name="failed.exception.class">org.openqa.selenium.SessionNotCreatedException</property>
  <property name="failed.exception.stacktrace">org.openqa.selenium.SessionNotCreatedException: Could not start a new session. Response code 500. Message: An unknown server-side error occurred while processing the command. Original error: Error executing adbExec. Original error: &apos;Command &apos;/Users/gv.vignesh/.katalon/tools/android_sdk/platform-tools/adb -P 5037 -s a6e538dc5180 shell &apos;settings delete global hidden_api_policy_pre_p_apps;settings delete global hidden_api_policy_p_apps;settings delete global hidden_api_policy&apos;&apos; exited with code 1&apos;; Command output: error: closed
 
Host info: host: &apos;**********&apos;, ip: &apos;**********&apos;
Build info: version: &apos;4.22.0&apos;, revision: &apos;c5f3146703&apos;
System info: os.name: &apos;Mac OS X&apos;, os.arch: &apos;aarch64&apos;, os.version: &apos;15.3.2&apos;, java.version: &apos;17.0.14&apos;
Driver info: io.appium.java_client.android.AndroidDriver
Command: [null, newSession {capabilities=[Capabilities {appium:app: /Users/gv.vignesh/Downloads..., appium:autoGrantPermissions: true, appium:automationName: uiautomator2, appium:deviceId: , appium:deviceName: Xiaomi 23076PC4BI (Android 15), appium:fullReset: true, appium:newCommandTimeout: 1800, appium:noReset: false, appium:platformName: ANDROID, appium:platformVersion: 15, appium:systemPort: 49828, appium:udid: a6e538dc5180, platformName: ANDROID}]}]
Capabilities {appium:app: /Users/gv.vignesh/Downloads..., appium:autoGrantPermissions: true, appium:automationName: uiautomator2, appium:deviceId: , appium:deviceName: Xiaomi 23076PC4BI (Android 15), appium:fullReset: true, appium:newCommandTimeout: 1800, appium:noReset: false, appium:platformName: ANDROID, appium:platformVersion: 15, appium:systemPort: 49828, appium:udid: a6e538dc5180, platformName: ANDROID}
	at org.openqa.selenium.remote.ProtocolHandshake.createSession(ProtocolHandshake.java:114)
	at org.openqa.selenium.remote.ProtocolHandshake.createSession(ProtocolHandshake.java:75)
	at org.openqa.selenium.remote.ProtocolHandshake.createSession(ProtocolHandshake.java:61)
	at io.appium.java_client.remote.AppiumCommandExecutor.createSession(AppiumCommandExecutor.java:176)
	at io.appium.java_client.remote.AppiumCommandExecutor.execute(AppiumCommandExecutor.java:237)
	at org.openqa.selenium.remote.RemoteWebDriver.execute(RemoteWebDriver.java:518)
	at io.appium.java_client.AppiumDriver.startSession(AppiumDriver.java:270)
	at org.openqa.selenium.remote.RemoteWebDriver.&lt;init&gt;(RemoteWebDriver.java:161)
	at io.appium.java_client.AppiumDriver.&lt;init&gt;(AppiumDriver.java:91)
	at io.appium.java_client.android.AndroidDriver.&lt;init&gt;(AndroidDriver.java:99)
	at com.kms.katalon.core.appium.driver.AppiumDriverManager.createMobileDriver(AppiumDriverManager.java:574)
	at com.kms.katalon.core.appium.driver.AppiumDriverManager.createMobileDriver(AppiumDriverManager.java:551)
	at com.kms.katalon.core.mobile.keyword.internal.MobileDriverFactory.startLocalMobileDriver(MobileDriverFactory.java:597)
	at com.kms.katalon.core.mobile.keyword.internal.MobileDriverFactory.startMobileDriver(MobileDriverFactory.java:510)
	at com.kms.katalon.core.mobile.keyword.builtin.StartApplicationKeyword$_startApplication_closure1.doCall(StartApplicationKeyword.groovy:89)
	at com.kms.katalon.core.mobile.keyword.builtin.StartApplicationKeyword$_startApplication_closure1.call(StartApplicationKeyword.groovy)
	at com.kms.katalon.core.mobile.keyword.internal.MobileKeywordMain.runKeyword(MobileKeywordMain.groovy:30)
	at com.kms.katalon.core.mobile.keyword.builtin.StartApplicationKeyword.startApplication(StartApplicationKeyword.groovy:91)
	at com.kms.katalon.core.mobile.keyword.builtin.StartApplicationKeyword.execute(StartApplicationKeyword.groovy:48)
	at com.kms.katalon.core.keyword.internal.KeywordExecutor.executeKeywordForPlatform(KeywordExecutor.groovy:74)
	at com.kms.katalon.core.mobile.keyword.MobileBuiltInKeywords.startApplication(MobileBuiltInKeywords.groovy:49)
	at C658-C667-C668_AppInstallationAndLaunching.run(C658-C667-C668_AppInstallationAndLaunching:29)
	at com.kms.katalon.core.main.ScriptEngine.run(ScriptEngine.java:194)
	at com.kms.katalon.core.main.ScriptEngine.runScriptAsRawText(ScriptEngine.java:119)
	at com.kms.katalon.core.main.TestCaseExecutor.runScript(TestCaseExecutor.java:448)
	at com.kms.katalon.core.main.TestCaseExecutor.doExecute(TestCaseExecutor.java:439)
	at com.kms.katalon.core.main.TestCaseExecutor.processExecutionPhase(TestCaseExecutor.java:418)
	at com.kms.katalon.core.main.TestCaseExecutor.accessMainPhase(TestCaseExecutor.java:410)
	at com.kms.katalon.core.main.TestCaseExecutor.execute(TestCaseExecutor.java:285)
	at com.kms.katalon.core.common.CommonExecutor.accessTestCaseMainPhase(CommonExecutor.java:71)
	at com.kms.katalon.core.main.TestSuiteExecutor.accessTestSuiteMainPhase(TestSuiteExecutor.java:160)
	at com.kms.katalon.core.main.TestSuiteExecutor.execute(TestSuiteExecutor.java:107)
	at com.kms.katalon.core.main.TestCaseMain.startTestSuite(TestCaseMain.java:180)
	at TempTestSuite1743594830066.run(TempTestSuite1743594830066.groovy:35)
	at java.base/jdk.internal.reflect.NativeMethodAccessorImpl.invoke0(Native Method)
	at java.base/jdk.internal.reflect.NativeMethodAccessorImpl.invoke(NativeMethodAccessorImpl.java:77)
	at java.base/jdk.internal.reflect.DelegatingMethodAccessorImpl.invoke(DelegatingMethodAccessorImpl.java:43)
</property>
  <property name="failed.exception.message">Could not start a new session. Response code 500. Message: An unknown server-side error occurred while processing the command. Original error: Error executing adbExec. Original error: &apos;Command &apos;/Users/gv.vignesh/.katalon/tools/android_sdk/platform-tools/adb -P 5037 -s a6e538dc5180 shell &apos;settings delete global hidden_api_policy_pre_p_apps;settings delete global hidden_api_policy_p_apps;settings delete global hidden_api_policy&apos;&apos; exited with code 1&apos;; Command output: error: closed
 
Host info: host: &apos;GVVigneshs-MacBook-Air.local&apos;, ip: &apos;fe80:0:0:0:14b8:c208:9201:bda2%en0&apos;
Build info: version: &apos;4.22.0&apos;, revision: &apos;c5f3146703&apos;
System info: os.name: &apos;Mac OS X&apos;, os.arch: &apos;aarch64&apos;, os.version: &apos;15.3.2&apos;, java.version: &apos;17.0.14&apos;
Driver info: io.appium.java_client.android.AndroidDriver
Command: [null, newSession {capabilities=[Capabilities {appium:app: /Users/gv.vignesh/Downloads..., appium:autoGrantPermissions: true, appium:automationName: uiautomator2, appium:deviceId: , appium:deviceName: Xiaomi 23076PC4BI (Android 15), appium:fullReset: true, appium:newCommandTimeout: 1800, appium:noReset: false, appium:platformName: ANDROID, appium:platformVersion: 15, appium:systemPort: 49828, appium:udid: a6e538dc5180, platformName: ANDROID}]}]
Capabilities {appium:app: /Users/gv.vignesh/Downloads..., appium:autoGrantPermissions: true, appium:automationName: uiautomator2, appium:deviceId: , appium:deviceName: Xiaomi 23076PC4BI (Android 15), appium:fullReset: true, appium:newCommandTimeout: 1800, appium:noReset: false, appium:platformName: ANDROID, appium:platformVersion: 15, appium:systemPort: 49828, appium:udid: a6e538dc5180, platformName: ANDROID}</property>
</record>
<record>
  <date>2025-04-02T11:54:03.430666Z</date>
  <millis>1743594843430</millis>
  <nanos>666000</nanos>
  <sequence>50</sequence>
  <level>END</level>
  <class>com.kms.katalon.core.logging.XmlKeywordLogger</class>
  <method>endKeyword</method>
  <thread>1</thread>
  <message>End action : startApplication(appUrl, true)</message>
  <nestedLevel>1</nestedLevel>
  <escapedJava>false</escapedJava>
</record>
<record>
  <date>2025-04-02T11:54:03.431384Z</date>
  <millis>1743594843431</millis>
  <nanos>384000</nanos>
  <sequence>54</sequence>
  <level>FAILED</level>
  <class>com.kms.katalon.core.logging.XmlKeywordLogger</class>
  <method>logMessage</method>
  <thread>1</thread>
  <message>Test Cases/App Installation And Launching/C658-C667-C668_AppInstallationAndLaunching FAILED.
Reason:
com.kms.katalon.core.exception.StepFailedException: Unable to start application: &amp;apos;/Users/gv.vignesh/Downloads/WGR-Android-Automation/App Folder/universal.apk&amp;apos;
	at com.kms.katalon.core.mobile.keyword.internal.MobileKeywordMain.stepFailed(MobileKeywordMain.groovy:64)
	at com.kms.katalon.core.mobile.keyword.internal.MobileKeywordMain.runKeyword(MobileKeywordMain.groovy:34)
	at com.kms.katalon.core.mobile.keyword.builtin.StartApplicationKeyword.startApplication(StartApplicationKeyword.groovy:91)
	at com.kms.katalon.core.mobile.keyword.builtin.StartApplicationKeyword.execute(StartApplicationKeyword.groovy:48)
	at com.kms.katalon.core.keyword.internal.KeywordExecutor.executeKeywordForPlatform(KeywordExecutor.groovy:74)
	at com.kms.katalon.core.mobile.keyword.MobileBuiltInKeywords.startApplication(MobileBuiltInKeywords.groovy:49)
	at C658-C667-C668_AppInstallationAndLaunching.run(C658-C667-C668_AppInstallationAndLaunching:29)
	at com.kms.katalon.core.main.ScriptEngine.run(ScriptEngine.java:194)
	at com.kms.katalon.core.main.ScriptEngine.runScriptAsRawText(ScriptEngine.java:119)
	at com.kms.katalon.core.main.TestCaseExecutor.runScript(TestCaseExecutor.java:448)
	at com.kms.katalon.core.main.TestCaseExecutor.doExecute(TestCaseExecutor.java:439)
	at com.kms.katalon.core.main.TestCaseExecutor.processExecutionPhase(TestCaseExecutor.java:418)
	at com.kms.katalon.core.main.TestCaseExecutor.accessMainPhase(TestCaseExecutor.java:410)
	at com.kms.katalon.core.main.TestCaseExecutor.execute(TestCaseExecutor.java:285)
	at com.kms.katalon.core.common.CommonExecutor.accessTestCaseMainPhase(CommonExecutor.java:71)
	at com.kms.katalon.core.main.TestSuiteExecutor.accessTestSuiteMainPhase(TestSuiteExecutor.java:160)
	at com.kms.katalon.core.main.TestSuiteExecutor.execute(TestSuiteExecutor.java:107)
	at com.kms.katalon.core.main.TestCaseMain.startTestSuite(TestCaseMain.java:180)
	at TempTestSuite1743594830066.run(TempTestSuite1743594830066.groovy:35)
	at java.base/jdk.internal.reflect.NativeMethodAccessorImpl.invoke0(Native Method)
	at java.base/jdk.internal.reflect.NativeMethodAccessorImpl.invoke(NativeMethodAccessorImpl.java:77)
	at java.base/jdk.internal.reflect.DelegatingMethodAccessorImpl.invoke(DelegatingMethodAccessorImpl.java:43)
Caused by: org.openqa.selenium.SessionNotCreatedException: Could not start a new session. Response code 500. Message: An unknown server-side error occurred while processing the command. Original error: Error executing adbExec. Original error: &amp;apos;Command &amp;apos;/Users/gv.vignesh/.katalon/tools/android_sdk/platform-tools/adb -P 5037 -s a6e538dc5180 shell &amp;apos;settings delete global hidden_api_policy_pre_p_apps;settings delete global hidden_api_policy_p_apps;settings delete global hidden_api_policy&amp;apos;&amp;apos; exited with code 1&amp;apos;; Command output: error: closed
 
Host info: host: &amp;apos;**********&amp;apos;, ip: &amp;apos;**********&amp;apos;
Build info: version: &amp;apos;4.22.0&amp;apos;, revision: &amp;apos;c5f3146703&amp;apos;
System info: os.name: &amp;apos;Mac OS X&amp;apos;, os.arch: &amp;apos;aarch64&amp;apos;, os.version: &amp;apos;15.3.2&amp;apos;, java.version: &amp;apos;17.0.14&amp;apos;
Driver info: io.appium.java_client.android.AndroidDriver
Command: [null, newSession {capabilities=[Capabilities {appium:app: /Users/gv.vignesh/Downloads..., appium:autoGrantPermissions: true, appium:automationName: uiautomator2, appium:deviceId: , appium:deviceName: Xiaomi 23076PC4BI (Android 15), appium:fullReset: true, appium:newCommandTimeout: 1800, appium:noReset: false, appium:platformName: ANDROID, appium:platformVersion: 15, appium:systemPort: 49828, appium:udid: a6e538dc5180, platformName: ANDROID}]}]
Capabilities {appium:app: /Users/gv.vignesh/Downloads..., appium:autoGrantPermissions: true, appium:automationName: uiautomator2, appium:deviceId: , appium:deviceName: Xiaomi 23076PC4BI (Android 15), appium:fullReset: true, appium:newCommandTimeout: 1800, appium:noReset: false, appium:platformName: ANDROID, appium:platformVersion: 15, appium:systemPort: 49828, appium:udid: a6e538dc5180, platformName: ANDROID}
	at org.openqa.selenium.remote.ProtocolHandshake.createSession(ProtocolHandshake.java:114)
	at org.openqa.selenium.remote.ProtocolHandshake.createSession(ProtocolHandshake.java:75)
	at org.openqa.selenium.remote.ProtocolHandshake.createSession(ProtocolHandshake.java:61)
	at io.appium.java_client.remote.AppiumCommandExecutor.createSession(AppiumCommandExecutor.java:176)
	at io.appium.java_client.remote.AppiumCommandExecutor.execute(AppiumCommandExecutor.java:237)
	at org.openqa.selenium.remote.RemoteWebDriver.execute(RemoteWebDriver.java:518)
	at io.appium.java_client.AppiumDriver.startSession(AppiumDriver.java:270)
	at org.openqa.selenium.remote.RemoteWebDriver.&amp;lt;init&amp;gt;(RemoteWebDriver.java:161)
	at io.appium.java_client.AppiumDriver.&amp;lt;init&amp;gt;(AppiumDriver.java:91)
	at io.appium.java_client.android.AndroidDriver.&amp;lt;init&amp;gt;(AndroidDriver.java:99)
	at com.kms.katalon.core.appium.driver.AppiumDriverManager.createMobileDriver(AppiumDriverManager.java:574)
	at com.kms.katalon.core.appium.driver.AppiumDriverManager.createMobileDriver(AppiumDriverManager.java:551)
	at com.kms.katalon.core.mobile.keyword.internal.MobileDriverFactory.startLocalMobileDriver(MobileDriverFactory.java:597)
	at com.kms.katalon.core.mobile.keyword.internal.MobileDriverFactory.startMobileDriver(MobileDriverFactory.java:510)
	at com.kms.katalon.core.mobile.keyword.builtin.StartApplicationKeyword$_startApplication_closure1.doCall(StartApplicationKeyword.groovy:89)
	at com.kms.katalon.core.mobile.keyword.builtin.StartApplicationKeyword$_startApplication_closure1.call(StartApplicationKeyword.groovy)
	at com.kms.katalon.core.mobile.keyword.internal.MobileKeywordMain.runKeyword(MobileKeywordMain.groovy:30)
	... 20 more
</message>
  <exception>
    <message>com.kms.katalon.core.exception.StepFailedException: Unable to start application: '/Users/gv.vignesh/Downloads/WGR-Android-Automation/App Folder/universal.apk'</message>
    <frame>
      <class>com.kms.katalon.core.mobile.keyword.internal.MobileKeywordMain</class>
      <method>stepFailed</method>
      <line>64</line>
    </frame>
    <frame>
      <class>com.kms.katalon.core.mobile.keyword.internal.MobileKeywordMain</class>
      <method>runKeyword</method>
      <line>34</line>
    </frame>
    <frame>
      <class>com.kms.katalon.core.mobile.keyword.builtin.StartApplicationKeyword</class>
      <method>startApplication</method>
      <line>91</line>
    </frame>
    <frame>
      <class>com.kms.katalon.core.mobile.keyword.builtin.StartApplicationKeyword</class>
      <method>execute</method>
      <line>48</line>
    </frame>
    <frame>
      <class>com.kms.katalon.core.keyword.internal.KeywordExecutor</class>
      <method>executeKeywordForPlatform</method>
      <line>74</line>
    </frame>
    <frame>
      <class>com.kms.katalon.core.mobile.keyword.MobileBuiltInKeywords</class>
      <method>startApplication</method>
      <line>49</line>
    </frame>
    <frame>
      <class>C658-C667-C668_AppInstallationAndLaunching</class>
      <method>run</method>
      <line>29</line>
    </frame>
    <frame>
      <class>com.kms.katalon.core.main.ScriptEngine</class>
      <method>run</method>
      <line>194</line>
    </frame>
    <frame>
      <class>com.kms.katalon.core.main.ScriptEngine</class>
      <method>runScriptAsRawText</method>
      <line>119</line>
    </frame>
    <frame>
      <class>com.kms.katalon.core.main.TestCaseExecutor</class>
      <method>runScript</method>
      <line>448</line>
    </frame>
    <frame>
      <class>com.kms.katalon.core.main.TestCaseExecutor</class>
      <method>doExecute</method>
      <line>439</line>
    </frame>
    <frame>
      <class>com.kms.katalon.core.main.TestCaseExecutor</class>
      <method>processExecutionPhase</method>
      <line>418</line>
    </frame>
    <frame>
      <class>com.kms.katalon.core.main.TestCaseExecutor</class>
      <method>accessMainPhase</method>
      <line>410</line>
    </frame>
    <frame>
      <class>com.kms.katalon.core.main.TestCaseExecutor</class>
      <method>execute</method>
      <line>285</line>
    </frame>
    <frame>
      <class>com.kms.katalon.core.common.CommonExecutor</class>
      <method>accessTestCaseMainPhase</method>
      <line>71</line>
    </frame>
    <frame>
      <class>com.kms.katalon.core.main.TestSuiteExecutor</class>
      <method>accessTestSuiteMainPhase</method>
      <line>160</line>
    </frame>
    <frame>
      <class>com.kms.katalon.core.main.TestSuiteExecutor</class>
      <method>execute</method>
      <line>107</line>
    </frame>
    <frame>
      <class>com.kms.katalon.core.main.TestCaseMain</class>
      <method>startTestSuite</method>
      <line>180</line>
    </frame>
    <frame>
      <class>TempTestSuite1743594830066</class>
      <method>run</method>
      <line>35</line>
    </frame>
    <frame>
      <class>jdk.internal.reflect.NativeMethodAccessorImpl</class>
      <method>invoke0</method>
    </frame>
    <frame>
      <class>jdk.internal.reflect.NativeMethodAccessorImpl</class>
      <method>invoke</method>
      <line>77</line>
    </frame>
    <frame>
      <class>jdk.internal.reflect.DelegatingMethodAccessorImpl</class>
      <method>invoke</method>
      <line>43</line>
    </frame>
  </exception>
  <nestedLevel>0</nestedLevel>
  <escapedJava>false</escapedJava>
  <property name="failed.exception.stacktrace">org.openqa.selenium.SessionNotCreatedException: Could not start a new session. Response code 500. Message: An unknown server-side error occurred while processing the command. Original error: Error executing adbExec. Original error: &apos;Command &apos;/Users/gv.vignesh/.katalon/tools/android_sdk/platform-tools/adb -P 5037 -s a6e538dc5180 shell &apos;settings delete global hidden_api_policy_pre_p_apps;settings delete global hidden_api_policy_p_apps;settings delete global hidden_api_policy&apos;&apos; exited with code 1&apos;; Command output: error: closed
 
Host info: host: &apos;**********&apos;, ip: &apos;**********&apos;
Build info: version: &apos;4.22.0&apos;, revision: &apos;c5f3146703&apos;
System info: os.name: &apos;Mac OS X&apos;, os.arch: &apos;aarch64&apos;, os.version: &apos;15.3.2&apos;, java.version: &apos;17.0.14&apos;
Driver info: io.appium.java_client.android.AndroidDriver
Command: [null, newSession {capabilities=[Capabilities {appium:app: /Users/gv.vignesh/Downloads..., appium:autoGrantPermissions: true, appium:automationName: uiautomator2, appium:deviceId: , appium:deviceName: Xiaomi 23076PC4BI (Android 15), appium:fullReset: true, appium:newCommandTimeout: 1800, appium:noReset: false, appium:platformName: ANDROID, appium:platformVersion: 15, appium:systemPort: 49828, appium:udid: a6e538dc5180, platformName: ANDROID}]}]
Capabilities {appium:app: /Users/gv.vignesh/Downloads..., appium:autoGrantPermissions: true, appium:automationName: uiautomator2, appium:deviceId: , appium:deviceName: Xiaomi 23076PC4BI (Android 15), appium:fullReset: true, appium:newCommandTimeout: 1800, appium:noReset: false, appium:platformName: ANDROID, appium:platformVersion: 15, appium:systemPort: 49828, appium:udid: a6e538dc5180, platformName: ANDROID}
	at org.openqa.selenium.remote.ProtocolHandshake.createSession(ProtocolHandshake.java:114)
	at org.openqa.selenium.remote.ProtocolHandshake.createSession(ProtocolHandshake.java:75)
	at org.openqa.selenium.remote.ProtocolHandshake.createSession(ProtocolHandshake.java:61)
	at io.appium.java_client.remote.AppiumCommandExecutor.createSession(AppiumCommandExecutor.java:176)
	at io.appium.java_client.remote.AppiumCommandExecutor.execute(AppiumCommandExecutor.java:237)
	at org.openqa.selenium.remote.RemoteWebDriver.execute(RemoteWebDriver.java:518)
	at io.appium.java_client.AppiumDriver.startSession(AppiumDriver.java:270)
	at org.openqa.selenium.remote.RemoteWebDriver.&lt;init&gt;(RemoteWebDriver.java:161)
	at io.appium.java_client.AppiumDriver.&lt;init&gt;(AppiumDriver.java:91)
	at io.appium.java_client.android.AndroidDriver.&lt;init&gt;(AndroidDriver.java:99)
	at com.kms.katalon.core.appium.driver.AppiumDriverManager.createMobileDriver(AppiumDriverManager.java:574)
	at com.kms.katalon.core.appium.driver.AppiumDriverManager.createMobileDriver(AppiumDriverManager.java:551)
	at com.kms.katalon.core.mobile.keyword.internal.MobileDriverFactory.startLocalMobileDriver(MobileDriverFactory.java:597)
	at com.kms.katalon.core.mobile.keyword.internal.MobileDriverFactory.startMobileDriver(MobileDriverFactory.java:510)
	at com.kms.katalon.core.mobile.keyword.builtin.StartApplicationKeyword$_startApplication_closure1.doCall(StartApplicationKeyword.groovy:89)
	at com.kms.katalon.core.mobile.keyword.builtin.StartApplicationKeyword$_startApplication_closure1.call(StartApplicationKeyword.groovy)
	at com.kms.katalon.core.mobile.keyword.internal.MobileKeywordMain.runKeyword(MobileKeywordMain.groovy:30)
	at com.kms.katalon.core.mobile.keyword.builtin.StartApplicationKeyword.startApplication(StartApplicationKeyword.groovy:91)
	at com.kms.katalon.core.mobile.keyword.builtin.StartApplicationKeyword.execute(StartApplicationKeyword.groovy:48)
	at com.kms.katalon.core.keyword.internal.KeywordExecutor.executeKeywordForPlatform(KeywordExecutor.groovy:74)
	at com.kms.katalon.core.mobile.keyword.MobileBuiltInKeywords.startApplication(MobileBuiltInKeywords.groovy:49)
	at C658-C667-C668_AppInstallationAndLaunching.run(C658-C667-C668_AppInstallationAndLaunching:29)
	at com.kms.katalon.core.main.ScriptEngine.run(ScriptEngine.java:194)
	at com.kms.katalon.core.main.ScriptEngine.runScriptAsRawText(ScriptEngine.java:119)
	at com.kms.katalon.core.main.TestCaseExecutor.runScript(TestCaseExecutor.java:448)
	at com.kms.katalon.core.main.TestCaseExecutor.doExecute(TestCaseExecutor.java:439)
	at com.kms.katalon.core.main.TestCaseExecutor.processExecutionPhase(TestCaseExecutor.java:418)
	at com.kms.katalon.core.main.TestCaseExecutor.accessMainPhase(TestCaseExecutor.java:410)
	at com.kms.katalon.core.main.TestCaseExecutor.execute(TestCaseExecutor.java:285)
	at com.kms.katalon.core.common.CommonExecutor.accessTestCaseMainPhase(CommonExecutor.java:71)
	at com.kms.katalon.core.main.TestSuiteExecutor.accessTestSuiteMainPhase(TestSuiteExecutor.java:160)
	at com.kms.katalon.core.main.TestSuiteExecutor.execute(TestSuiteExecutor.java:107)
	at com.kms.katalon.core.main.TestCaseMain.startTestSuite(TestCaseMain.java:180)
	at TempTestSuite1743594830066.run(TempTestSuite1743594830066.groovy:35)
	at java.base/jdk.internal.reflect.NativeMethodAccessorImpl.invoke0(Native Method)
	at java.base/jdk.internal.reflect.NativeMethodAccessorImpl.invoke(NativeMethodAccessorImpl.java:77)
	at java.base/jdk.internal.reflect.DelegatingMethodAccessorImpl.invoke(DelegatingMethodAccessorImpl.java:43)
</property>
  <property name="failed.exception.class">org.openqa.selenium.SessionNotCreatedException</property>
  <property name="failed.exception.message">Could not start a new session. Response code 500. Message: An unknown server-side error occurred while processing the command. Original error: Error executing adbExec. Original error: &apos;Command &apos;/Users/gv.vignesh/.katalon/tools/android_sdk/platform-tools/adb -P 5037 -s a6e538dc5180 shell &apos;settings delete global hidden_api_policy_pre_p_apps;settings delete global hidden_api_policy_p_apps;settings delete global hidden_api_policy&apos;&apos; exited with code 1&apos;; Command output: error: closed
 
Host info: host: &apos;GVVigneshs-MacBook-Air.local&apos;, ip: &apos;fe80:0:0:0:14b8:c208:9201:bda2%en0&apos;
Build info: version: &apos;4.22.0&apos;, revision: &apos;c5f3146703&apos;
System info: os.name: &apos;Mac OS X&apos;, os.arch: &apos;aarch64&apos;, os.version: &apos;15.3.2&apos;, java.version: &apos;17.0.14&apos;
Driver info: io.appium.java_client.android.AndroidDriver
Command: [null, newSession {capabilities=[Capabilities {appium:app: /Users/gv.vignesh/Downloads..., appium:autoGrantPermissions: true, appium:automationName: uiautomator2, appium:deviceId: , appium:deviceName: Xiaomi 23076PC4BI (Android 15), appium:fullReset: true, appium:newCommandTimeout: 1800, appium:noReset: false, appium:platformName: ANDROID, appium:platformVersion: 15, appium:systemPort: 49828, appium:udid: a6e538dc5180, platformName: ANDROID}]}]
Capabilities {appium:app: /Users/gv.vignesh/Downloads..., appium:autoGrantPermissions: true, appium:automationName: uiautomator2, appium:deviceId: , appium:deviceName: Xiaomi 23076PC4BI (Android 15), appium:fullReset: true, appium:newCommandTimeout: 1800, appium:noReset: false, appium:platformName: ANDROID, appium:platformVersion: 15, appium:systemPort: 49828, appium:udid: a6e538dc5180, platformName: ANDROID}</property>
</record>
<record>
  <date>2025-04-02T11:54:03.433479Z</date>
  <millis>1743594843433</millis>
  <nanos>479000</nanos>
  <sequence>57</sequence>
  <level>END</level>
  <class>com.kms.katalon.core.logging.XmlKeywordLogger</class>
  <method>endTest</method>
  <thread>1</thread>
  <message>End Test Case : Test Cases/App Installation And Launching/C658-C667-C668_AppInstallationAndLaunching</message>
  <nestedLevel>0</nestedLevel>
  <escapedJava>false</escapedJava>
  <property name="executionBindingVariables">[]</property>
  <property name="applitools">false</property>
  <property name="remainingRetryCount">0</property>
  <property name="currentRetryCount">0</property>
  <property name="keywordsUsage">{
  &quot;web_ui&quot;: false,
  &quot;web_service&quot;: false,
  &quot;cucumber&quot;: false,
  &quot;builtin&quot;: false,
  &quot;mobile&quot;: true,
  &quot;windows&quot;: false,
  &quot;testng&quot;: false
}</property>
</record>
<record>
  <date>2025-04-02T11:54:03.435572Z</date>
  <millis>1743594843435</millis>
  <nanos>572000</nanos>
  <sequence>60</sequence>
  <level>START</level>
  <class>com.kms.katalon.core.logging.XmlKeywordLogger</class>
  <method>startTest</method>
  <thread>1</thread>
  <message>Start Test Case : Test Cases/Guest User Mode/C666-C719-C738_GuestUserMode</message>
  <nestedLevel>1</nestedLevel>
  <escapedJava>false</escapedJava>
  <property name="remainingRetryCount">0</property>
  <property name="name">Test Cases/Guest User Mode/C666-C719-C738_GuestUserMode</property>
  <property name="description">C666-Verify that the Settings in Guest Mode is displayed correctly
C719-Verify that the app version on the Settings menu in Guest Mode is correct
C738-Verify that the bottom navbar is displayed correctly when the user is in Guest state</property>
  <property name="iteration"></property>
  <property name="id">Test Cases/Guest User Mode/C666-C719-C738_GuestUserMode</property>
  <property name="source">\Users\gv.vignesh\Downloads\WGR-Android-Automation\Test Cases\Guest User Mode\C666-C719-C738_GuestUserMode.tc</property>
  <property name="tag"></property>
  <property name="isOptional">false</property>
  <property name="currentRetryCount">0</property>
</record>
<record>
  <date>2025-04-02T11:54:03.481528Z</date>
  <millis>1743594843481</millis>
  <nanos>528000</nanos>
  <sequence>62</sequence>
  <level>START</level>
  <class>com.kms.katalon.core.logging.XmlKeywordLogger</class>
  <method>startKeyword</method>
  <thread>1</thread>
  <message>Start action : startApplication(appUrl, true)</message>
  <nestedLevel>1</nestedLevel>
  <escapedJava>false</escapedJava>
  <property name="startLine">40</property>
  <property name="stepIndex">1</property>
  <property name="description">Launch the Westgate mobile application</property>
</record>
<record>
  <date>2025-04-02T11:54:03.483016Z</date>
  <millis>1743594843483</millis>
  <nanos>16000</nanos>
  <sequence>64</sequence>
  <level>INFO</level>
  <class>com.kms.katalon.core.logging.XmlKeywordLogger</class>
  <method>logMessage</method>
  <thread>1</thread>
  <message>Starting application: &amp;apos;/Users/gv.vignesh/Downloads/WGR-Android-Automation/App Folder/universal.apk&amp;apos;</message>
  <nestedLevel>1</nestedLevel>
  <escapedJava>false</escapedJava>
</record>
<record>
  <date>2025-04-02T11:54:03.483356Z</date>
  <millis>1743594843483</millis>
  <nanos>356000</nanos>
  <sequence>66</sequence>
  <level>INFO</level>
  <class>com.kms.katalon.core.logging.XmlKeywordLogger</class>
  <method>logMessage</method>
  <thread>1</thread>
  <message>User set preference: [&amp;apos;deviceId&amp;apos;, &amp;apos;&amp;apos;]</message>
  <nestedLevel>1</nestedLevel>
  <escapedJava>false</escapedJava>
</record>
<record>
  <date>2025-04-02T11:54:26.664724Z</date>
  <millis>1743594866664</millis>
  <nanos>724000</nanos>
  <sequence>68</sequence>
  <level>RUN_DATA</level>
  <class>com.kms.katalon.core.logging.XmlKeywordLogger</class>
  <method>logMessage</method>
  <thread>1</thread>
  <message>deviceId = a6e538dc5180</message>
  <nestedLevel>1</nestedLevel>
  <escapedJava>false</escapedJava>
  <property name="deviceId">a6e538dc5180</property>
</record>
<record>
  <date>2025-04-02T11:54:26.665083Z</date>
  <millis>1743594866665</millis>
  <nanos>83000</nanos>
  <sequence>70</sequence>
  <level>RUN_DATA</level>
  <class>com.kms.katalon.core.logging.XmlKeywordLogger</class>
  <method>logMessage</method>
  <thread>1</thread>
  <message>deviceName = Xiaomi 23076PC4BI (Android 15)</message>
  <nestedLevel>1</nestedLevel>
  <escapedJava>false</escapedJava>
  <property name="deviceName">Xiaomi 23076PC4BI (Android 15)</property>
</record>
<record>
  <date>2025-04-02T11:54:26.665319Z</date>
  <millis>1743594866665</millis>
  <nanos>319000</nanos>
  <sequence>72</sequence>
  <level>RUN_DATA</level>
  <class>com.kms.katalon.core.logging.XmlKeywordLogger</class>
  <method>logMessage</method>
  <thread>1</thread>
  <message>deviceModel = 23076PC4BI</message>
  <nestedLevel>1</nestedLevel>
  <escapedJava>false</escapedJava>
  <property name="deviceModel">23076PC4BI</property>
</record>
<record>
  <date>2025-04-02T11:54:26.665547Z</date>
  <millis>1743594866665</millis>
  <nanos>547000</nanos>
  <sequence>74</sequence>
  <level>RUN_DATA</level>
  <class>com.kms.katalon.core.logging.XmlKeywordLogger</class>
  <method>logMessage</method>
  <thread>1</thread>
  <message>deviceManufacturer = Xiaomi</message>
  <nestedLevel>1</nestedLevel>
  <escapedJava>false</escapedJava>
  <property name="deviceManufacturer">Xiaomi</property>
</record>
<record>
  <date>2025-04-02T11:54:26.665719Z</date>
  <millis>1743594866665</millis>
  <nanos>719000</nanos>
  <sequence>76</sequence>
  <level>RUN_DATA</level>
  <class>com.kms.katalon.core.logging.XmlKeywordLogger</class>
  <method>logMessage</method>
  <thread>1</thread>
  <message>deviceOS = Android</message>
  <nestedLevel>1</nestedLevel>
  <escapedJava>false</escapedJava>
  <property name="deviceOS">Android</property>
</record>
<record>
  <date>2025-04-02T11:54:26.665865Z</date>
  <millis>1743594866665</millis>
  <nanos>865000</nanos>
  <sequence>78</sequence>
  <level>RUN_DATA</level>
  <class>com.kms.katalon.core.logging.XmlKeywordLogger</class>
  <method>logMessage</method>
  <thread>1</thread>
  <message>deviceOSVersion = 15</message>
  <nestedLevel>1</nestedLevel>
  <escapedJava>false</escapedJava>
  <property name="deviceOSVersion">15</property>
</record>
<record>
  <date>2025-04-02T11:54:26.670205Z</date>
  <millis>1743594866670</millis>
  <nanos>205000</nanos>
  <sequence>83</sequence>
  <level>FAILED</level>
  <class>com.kms.katalon.core.logging.XmlKeywordLogger</class>
  <method>logMessage</method>
  <thread>1</thread>
  <message>Unable to start application: &amp;apos;/Users/gv.vignesh/Downloads/WGR-Android-Automation/App Folder/universal.apk&amp;apos; (Root cause: com.kms.katalon.core.exception.StepFailedException: Unable to start application: &amp;apos;/Users/gv.vignesh/Downloads/WGR-Android-Automation/App Folder/universal.apk&amp;apos;
	at com.kms.katalon.core.mobile.keyword.internal.MobileKeywordMain.stepFailed(MobileKeywordMain.groovy:64)
	at com.kms.katalon.core.mobile.keyword.internal.MobileKeywordMain.runKeyword(MobileKeywordMain.groovy:34)
	at com.kms.katalon.core.mobile.keyword.builtin.StartApplicationKeyword.startApplication(StartApplicationKeyword.groovy:91)
	at com.kms.katalon.core.mobile.keyword.builtin.StartApplicationKeyword.execute(StartApplicationKeyword.groovy:48)
	at com.kms.katalon.core.keyword.internal.KeywordExecutor.executeKeywordForPlatform(KeywordExecutor.groovy:74)
	at com.kms.katalon.core.mobile.keyword.MobileBuiltInKeywords.startApplication(MobileBuiltInKeywords.groovy:49)
	at C666-C719-C738_GuestUserMode.run(C666-C719-C738_GuestUserMode:40)
	at com.kms.katalon.core.main.ScriptEngine.run(ScriptEngine.java:194)
	at com.kms.katalon.core.main.ScriptEngine.runScriptAsRawText(ScriptEngine.java:119)
	at com.kms.katalon.core.main.TestCaseExecutor.runScript(TestCaseExecutor.java:448)
	at com.kms.katalon.core.main.TestCaseExecutor.doExecute(TestCaseExecutor.java:439)
	at com.kms.katalon.core.main.TestCaseExecutor.processExecutionPhase(TestCaseExecutor.java:418)
	at com.kms.katalon.core.main.TestCaseExecutor.accessMainPhase(TestCaseExecutor.java:410)
	at com.kms.katalon.core.main.TestCaseExecutor.execute(TestCaseExecutor.java:285)
	at com.kms.katalon.core.common.CommonExecutor.accessTestCaseMainPhase(CommonExecutor.java:71)
	at com.kms.katalon.core.main.TestSuiteExecutor.accessTestSuiteMainPhase(TestSuiteExecutor.java:160)
	at com.kms.katalon.core.main.TestSuiteExecutor.execute(TestSuiteExecutor.java:107)
	at com.kms.katalon.core.main.TestCaseMain.startTestSuite(TestCaseMain.java:180)
	at TempTestSuite1743594830066.run(TempTestSuite1743594830066.groovy:35)
	at java.base/jdk.internal.reflect.NativeMethodAccessorImpl.invoke0(Native Method)
	at java.base/jdk.internal.reflect.NativeMethodAccessorImpl.invoke(NativeMethodAccessorImpl.java:77)
	at java.base/jdk.internal.reflect.DelegatingMethodAccessorImpl.invoke(DelegatingMethodAccessorImpl.java:43)
Caused by: org.openqa.selenium.SessionNotCreatedException: Could not start a new session. Response code 500. Message: An unknown server-side error occurred while processing the command. Original error: Error getting device API level. Original error: Could not find a connected Android device in 20000ms 
Host info: host: &amp;apos;**********&amp;apos;, ip: &amp;apos;**********&amp;apos;
Build info: version: &amp;apos;4.22.0&amp;apos;, revision: &amp;apos;c5f3146703&amp;apos;
System info: os.name: &amp;apos;Mac OS X&amp;apos;, os.arch: &amp;apos;aarch64&amp;apos;, os.version: &amp;apos;15.3.2&amp;apos;, java.version: &amp;apos;17.0.14&amp;apos;
Driver info: io.appium.java_client.android.AndroidDriver
Command: [null, newSession {capabilities=[Capabilities {appium:app: /Users/gv.vignesh/Downloads..., appium:autoGrantPermissions: true, appium:automationName: uiautomator2, appium:deviceId: , appium:deviceName: Xiaomi 23076PC4BI (Android 15), appium:fullReset: true, appium:newCommandTimeout: 1800, appium:noReset: false, appium:platformName: ANDROID, appium:platformVersion: 15, appium:systemPort: 49980, appium:udid: a6e538dc5180, platformName: ANDROID}]}]
Capabilities {appium:app: /Users/gv.vignesh/Downloads..., appium:autoGrantPermissions: true, appium:automationName: uiautomator2, appium:deviceId: , appium:deviceName: Xiaomi 23076PC4BI (Android 15), appium:fullReset: true, appium:newCommandTimeout: 1800, appium:noReset: false, appium:platformName: ANDROID, appium:platformVersion: 15, appium:systemPort: 49980, appium:udid: a6e538dc5180, platformName: ANDROID}
	at org.openqa.selenium.remote.ProtocolHandshake.createSession(ProtocolHandshake.java:114)
	at org.openqa.selenium.remote.ProtocolHandshake.createSession(ProtocolHandshake.java:75)
	at org.openqa.selenium.remote.ProtocolHandshake.createSession(ProtocolHandshake.java:61)
	at io.appium.java_client.remote.AppiumCommandExecutor.createSession(AppiumCommandExecutor.java:176)
	at io.appium.java_client.remote.AppiumCommandExecutor.execute(AppiumCommandExecutor.java:237)
	at org.openqa.selenium.remote.RemoteWebDriver.execute(RemoteWebDriver.java:518)
	at io.appium.java_client.AppiumDriver.startSession(AppiumDriver.java:270)
	at org.openqa.selenium.remote.RemoteWebDriver.&amp;lt;init&amp;gt;(RemoteWebDriver.java:161)
	at io.appium.java_client.AppiumDriver.&amp;lt;init&amp;gt;(AppiumDriver.java:91)
	at io.appium.java_client.android.AndroidDriver.&amp;lt;init&amp;gt;(AndroidDriver.java:99)
	at com.kms.katalon.core.appium.driver.AppiumDriverManager.createMobileDriver(AppiumDriverManager.java:574)
	at com.kms.katalon.core.appium.driver.AppiumDriverManager.createMobileDriver(AppiumDriverManager.java:551)
	at com.kms.katalon.core.mobile.keyword.internal.MobileDriverFactory.startLocalMobileDriver(MobileDriverFactory.java:597)
	at com.kms.katalon.core.mobile.keyword.internal.MobileDriverFactory.startMobileDriver(MobileDriverFactory.java:510)
	at com.kms.katalon.core.mobile.keyword.builtin.StartApplicationKeyword$_startApplication_closure1.doCall(StartApplicationKeyword.groovy:89)
	at com.kms.katalon.core.mobile.keyword.builtin.StartApplicationKeyword$_startApplication_closure1.call(StartApplicationKeyword.groovy)
	at com.kms.katalon.core.mobile.keyword.internal.MobileKeywordMain.runKeyword(MobileKeywordMain.groovy:30)
	at com.kms.katalon.core.mobile.keyword.builtin.StartApplicationKeyword.startApplication(StartApplicationKeyword.groovy:91)
	at com.kms.katalon.core.mobile.keyword.builtin.StartApplicationKeyword.execute(StartApplicationKeyword.groovy:48)
	at com.kms.katalon.core.keyword.internal.KeywordExecutor.executeKeywordForPlatform(KeywordExecutor.groovy:74)
	at com.kms.katalon.core.mobile.keyword.MobileBuiltInKeywords.startApplication(MobileBuiltInKeywords.groovy:49)
	at Script1743083880832.run(Script1743083880832.groovy:40)
	... 15 more
)</message>
  <nestedLevel>1</nestedLevel>
  <escapedJava>false</escapedJava>
  <property name="failed.exception.class">org.openqa.selenium.SessionNotCreatedException</property>
  <property name="failed.exception.stacktrace">org.openqa.selenium.SessionNotCreatedException: Could not start a new session. Response code 500. Message: An unknown server-side error occurred while processing the command. Original error: Error getting device API level. Original error: Could not find a connected Android device in 20000ms 
Host info: host: &apos;**********&apos;, ip: &apos;**********&apos;
Build info: version: &apos;4.22.0&apos;, revision: &apos;c5f3146703&apos;
System info: os.name: &apos;Mac OS X&apos;, os.arch: &apos;aarch64&apos;, os.version: &apos;15.3.2&apos;, java.version: &apos;17.0.14&apos;
Driver info: io.appium.java_client.android.AndroidDriver
Command: [null, newSession {capabilities=[Capabilities {appium:app: /Users/gv.vignesh/Downloads..., appium:autoGrantPermissions: true, appium:automationName: uiautomator2, appium:deviceId: , appium:deviceName: Xiaomi 23076PC4BI (Android 15), appium:fullReset: true, appium:newCommandTimeout: 1800, appium:noReset: false, appium:platformName: ANDROID, appium:platformVersion: 15, appium:systemPort: 49980, appium:udid: a6e538dc5180, platformName: ANDROID}]}]
Capabilities {appium:app: /Users/gv.vignesh/Downloads..., appium:autoGrantPermissions: true, appium:automationName: uiautomator2, appium:deviceId: , appium:deviceName: Xiaomi 23076PC4BI (Android 15), appium:fullReset: true, appium:newCommandTimeout: 1800, appium:noReset: false, appium:platformName: ANDROID, appium:platformVersion: 15, appium:systemPort: 49980, appium:udid: a6e538dc5180, platformName: ANDROID}
	at org.openqa.selenium.remote.ProtocolHandshake.createSession(ProtocolHandshake.java:114)
	at org.openqa.selenium.remote.ProtocolHandshake.createSession(ProtocolHandshake.java:75)
	at org.openqa.selenium.remote.ProtocolHandshake.createSession(ProtocolHandshake.java:61)
	at io.appium.java_client.remote.AppiumCommandExecutor.createSession(AppiumCommandExecutor.java:176)
	at io.appium.java_client.remote.AppiumCommandExecutor.execute(AppiumCommandExecutor.java:237)
	at org.openqa.selenium.remote.RemoteWebDriver.execute(RemoteWebDriver.java:518)
	at io.appium.java_client.AppiumDriver.startSession(AppiumDriver.java:270)
	at org.openqa.selenium.remote.RemoteWebDriver.&lt;init&gt;(RemoteWebDriver.java:161)
	at io.appium.java_client.AppiumDriver.&lt;init&gt;(AppiumDriver.java:91)
	at io.appium.java_client.android.AndroidDriver.&lt;init&gt;(AndroidDriver.java:99)
	at com.kms.katalon.core.appium.driver.AppiumDriverManager.createMobileDriver(AppiumDriverManager.java:574)
	at com.kms.katalon.core.appium.driver.AppiumDriverManager.createMobileDriver(AppiumDriverManager.java:551)
	at com.kms.katalon.core.mobile.keyword.internal.MobileDriverFactory.startLocalMobileDriver(MobileDriverFactory.java:597)
	at com.kms.katalon.core.mobile.keyword.internal.MobileDriverFactory.startMobileDriver(MobileDriverFactory.java:510)
	at com.kms.katalon.core.mobile.keyword.builtin.StartApplicationKeyword$_startApplication_closure1.doCall(StartApplicationKeyword.groovy:89)
	at com.kms.katalon.core.mobile.keyword.builtin.StartApplicationKeyword$_startApplication_closure1.call(StartApplicationKeyword.groovy)
	at com.kms.katalon.core.mobile.keyword.internal.MobileKeywordMain.runKeyword(MobileKeywordMain.groovy:30)
	at com.kms.katalon.core.mobile.keyword.builtin.StartApplicationKeyword.startApplication(StartApplicationKeyword.groovy:91)
	at com.kms.katalon.core.mobile.keyword.builtin.StartApplicationKeyword.execute(StartApplicationKeyword.groovy:48)
	at com.kms.katalon.core.keyword.internal.KeywordExecutor.executeKeywordForPlatform(KeywordExecutor.groovy:74)
	at com.kms.katalon.core.mobile.keyword.MobileBuiltInKeywords.startApplication(MobileBuiltInKeywords.groovy:49)
	at C666-C719-C738_GuestUserMode.run(C666-C719-C738_GuestUserMode:40)
	at com.kms.katalon.core.main.ScriptEngine.run(ScriptEngine.java:194)
	at com.kms.katalon.core.main.ScriptEngine.runScriptAsRawText(ScriptEngine.java:119)
	at com.kms.katalon.core.main.TestCaseExecutor.runScript(TestCaseExecutor.java:448)
	at com.kms.katalon.core.main.TestCaseExecutor.doExecute(TestCaseExecutor.java:439)
	at com.kms.katalon.core.main.TestCaseExecutor.processExecutionPhase(TestCaseExecutor.java:418)
	at com.kms.katalon.core.main.TestCaseExecutor.accessMainPhase(TestCaseExecutor.java:410)
	at com.kms.katalon.core.main.TestCaseExecutor.execute(TestCaseExecutor.java:285)
	at com.kms.katalon.core.common.CommonExecutor.accessTestCaseMainPhase(CommonExecutor.java:71)
	at com.kms.katalon.core.main.TestSuiteExecutor.accessTestSuiteMainPhase(TestSuiteExecutor.java:160)
	at com.kms.katalon.core.main.TestSuiteExecutor.execute(TestSuiteExecutor.java:107)
	at com.kms.katalon.core.main.TestCaseMain.startTestSuite(TestCaseMain.java:180)
	at TempTestSuite1743594830066.run(TempTestSuite1743594830066.groovy:35)
	at java.base/jdk.internal.reflect.NativeMethodAccessorImpl.invoke0(Native Method)
	at java.base/jdk.internal.reflect.NativeMethodAccessorImpl.invoke(NativeMethodAccessorImpl.java:77)
	at java.base/jdk.internal.reflect.DelegatingMethodAccessorImpl.invoke(DelegatingMethodAccessorImpl.java:43)
</property>
  <property name="failed.exception.message">Could not start a new session. Response code 500. Message: An unknown server-side error occurred while processing the command. Original error: Error getting device API level. Original error: Could not find a connected Android device in 20000ms 
Host info: host: &apos;GVVigneshs-MacBook-Air.local&apos;, ip: &apos;fe80:0:0:0:14b8:c208:9201:bda2%en0&apos;
Build info: version: &apos;4.22.0&apos;, revision: &apos;c5f3146703&apos;
System info: os.name: &apos;Mac OS X&apos;, os.arch: &apos;aarch64&apos;, os.version: &apos;15.3.2&apos;, java.version: &apos;17.0.14&apos;
Driver info: io.appium.java_client.android.AndroidDriver
Command: [null, newSession {capabilities=[Capabilities {appium:app: /Users/gv.vignesh/Downloads..., appium:autoGrantPermissions: true, appium:automationName: uiautomator2, appium:deviceId: , appium:deviceName: Xiaomi 23076PC4BI (Android 15), appium:fullReset: true, appium:newCommandTimeout: 1800, appium:noReset: false, appium:platformName: ANDROID, appium:platformVersion: 15, appium:systemPort: 49980, appium:udid: a6e538dc5180, platformName: ANDROID}]}]
Capabilities {appium:app: /Users/gv.vignesh/Downloads..., appium:autoGrantPermissions: true, appium:automationName: uiautomator2, appium:deviceId: , appium:deviceName: Xiaomi 23076PC4BI (Android 15), appium:fullReset: true, appium:newCommandTimeout: 1800, appium:noReset: false, appium:platformName: ANDROID, appium:platformVersion: 15, appium:systemPort: 49980, appium:udid: a6e538dc5180, platformName: ANDROID}</property>
</record>
<record>
  <date>2025-04-02T11:54:26.671472Z</date>
  <millis>1743594866671</millis>
  <nanos>472000</nanos>
  <sequence>86</sequence>
  <level>END</level>
  <class>com.kms.katalon.core.logging.XmlKeywordLogger</class>
  <method>endKeyword</method>
  <thread>1</thread>
  <message>End action : startApplication(appUrl, true)</message>
  <nestedLevel>1</nestedLevel>
  <escapedJava>false</escapedJava>
</record>
<record>
  <date>2025-04-02T11:54:26.671986Z</date>
  <millis>1743594866671</millis>
  <nanos>986000</nanos>
  <sequence>90</sequence>
  <level>FAILED</level>
  <class>com.kms.katalon.core.logging.XmlKeywordLogger</class>
  <method>logMessage</method>
  <thread>1</thread>
  <message>Test Cases/Guest User Mode/C666-C719-C738_GuestUserMode FAILED.
Reason:
com.kms.katalon.core.exception.StepFailedException: Unable to start application: &amp;apos;/Users/gv.vignesh/Downloads/WGR-Android-Automation/App Folder/universal.apk&amp;apos;
	at com.kms.katalon.core.mobile.keyword.internal.MobileKeywordMain.stepFailed(MobileKeywordMain.groovy:64)
	at com.kms.katalon.core.mobile.keyword.internal.MobileKeywordMain.runKeyword(MobileKeywordMain.groovy:34)
	at com.kms.katalon.core.mobile.keyword.builtin.StartApplicationKeyword.startApplication(StartApplicationKeyword.groovy:91)
	at com.kms.katalon.core.mobile.keyword.builtin.StartApplicationKeyword.execute(StartApplicationKeyword.groovy:48)
	at com.kms.katalon.core.keyword.internal.KeywordExecutor.executeKeywordForPlatform(KeywordExecutor.groovy:74)
	at com.kms.katalon.core.mobile.keyword.MobileBuiltInKeywords.startApplication(MobileBuiltInKeywords.groovy:49)
	at C666-C719-C738_GuestUserMode.run(C666-C719-C738_GuestUserMode:40)
	at com.kms.katalon.core.main.ScriptEngine.run(ScriptEngine.java:194)
	at com.kms.katalon.core.main.ScriptEngine.runScriptAsRawText(ScriptEngine.java:119)
	at com.kms.katalon.core.main.TestCaseExecutor.runScript(TestCaseExecutor.java:448)
	at com.kms.katalon.core.main.TestCaseExecutor.doExecute(TestCaseExecutor.java:439)
	at com.kms.katalon.core.main.TestCaseExecutor.processExecutionPhase(TestCaseExecutor.java:418)
	at com.kms.katalon.core.main.TestCaseExecutor.accessMainPhase(TestCaseExecutor.java:410)
	at com.kms.katalon.core.main.TestCaseExecutor.execute(TestCaseExecutor.java:285)
	at com.kms.katalon.core.common.CommonExecutor.accessTestCaseMainPhase(CommonExecutor.java:71)
	at com.kms.katalon.core.main.TestSuiteExecutor.accessTestSuiteMainPhase(TestSuiteExecutor.java:160)
	at com.kms.katalon.core.main.TestSuiteExecutor.execute(TestSuiteExecutor.java:107)
	at com.kms.katalon.core.main.TestCaseMain.startTestSuite(TestCaseMain.java:180)
	at TempTestSuite1743594830066.run(TempTestSuite1743594830066.groovy:35)
	at java.base/jdk.internal.reflect.NativeMethodAccessorImpl.invoke0(Native Method)
	at java.base/jdk.internal.reflect.NativeMethodAccessorImpl.invoke(NativeMethodAccessorImpl.java:77)
	at java.base/jdk.internal.reflect.DelegatingMethodAccessorImpl.invoke(DelegatingMethodAccessorImpl.java:43)
Caused by: org.openqa.selenium.SessionNotCreatedException: Could not start a new session. Response code 500. Message: An unknown server-side error occurred while processing the command. Original error: Error getting device API level. Original error: Could not find a connected Android device in 20000ms 
Host info: host: &amp;apos;**********&amp;apos;, ip: &amp;apos;**********&amp;apos;
Build info: version: &amp;apos;4.22.0&amp;apos;, revision: &amp;apos;c5f3146703&amp;apos;
System info: os.name: &amp;apos;Mac OS X&amp;apos;, os.arch: &amp;apos;aarch64&amp;apos;, os.version: &amp;apos;15.3.2&amp;apos;, java.version: &amp;apos;17.0.14&amp;apos;
Driver info: io.appium.java_client.android.AndroidDriver
Command: [null, newSession {capabilities=[Capabilities {appium:app: /Users/gv.vignesh/Downloads..., appium:autoGrantPermissions: true, appium:automationName: uiautomator2, appium:deviceId: , appium:deviceName: Xiaomi 23076PC4BI (Android 15), appium:fullReset: true, appium:newCommandTimeout: 1800, appium:noReset: false, appium:platformName: ANDROID, appium:platformVersion: 15, appium:systemPort: 49980, appium:udid: a6e538dc5180, platformName: ANDROID}]}]
Capabilities {appium:app: /Users/gv.vignesh/Downloads..., appium:autoGrantPermissions: true, appium:automationName: uiautomator2, appium:deviceId: , appium:deviceName: Xiaomi 23076PC4BI (Android 15), appium:fullReset: true, appium:newCommandTimeout: 1800, appium:noReset: false, appium:platformName: ANDROID, appium:platformVersion: 15, appium:systemPort: 49980, appium:udid: a6e538dc5180, platformName: ANDROID}
	at org.openqa.selenium.remote.ProtocolHandshake.createSession(ProtocolHandshake.java:114)
	at org.openqa.selenium.remote.ProtocolHandshake.createSession(ProtocolHandshake.java:75)
	at org.openqa.selenium.remote.ProtocolHandshake.createSession(ProtocolHandshake.java:61)
	at io.appium.java_client.remote.AppiumCommandExecutor.createSession(AppiumCommandExecutor.java:176)
	at io.appium.java_client.remote.AppiumCommandExecutor.execute(AppiumCommandExecutor.java:237)
	at org.openqa.selenium.remote.RemoteWebDriver.execute(RemoteWebDriver.java:518)
	at io.appium.java_client.AppiumDriver.startSession(AppiumDriver.java:270)
	at org.openqa.selenium.remote.RemoteWebDriver.&amp;lt;init&amp;gt;(RemoteWebDriver.java:161)
	at io.appium.java_client.AppiumDriver.&amp;lt;init&amp;gt;(AppiumDriver.java:91)
	at io.appium.java_client.android.AndroidDriver.&amp;lt;init&amp;gt;(AndroidDriver.java:99)
	at com.kms.katalon.core.appium.driver.AppiumDriverManager.createMobileDriver(AppiumDriverManager.java:574)
	at com.kms.katalon.core.appium.driver.AppiumDriverManager.createMobileDriver(AppiumDriverManager.java:551)
	at com.kms.katalon.core.mobile.keyword.internal.MobileDriverFactory.startLocalMobileDriver(MobileDriverFactory.java:597)
	at com.kms.katalon.core.mobile.keyword.internal.MobileDriverFactory.startMobileDriver(MobileDriverFactory.java:510)
	at com.kms.katalon.core.mobile.keyword.builtin.StartApplicationKeyword$_startApplication_closure1.doCall(StartApplicationKeyword.groovy:89)
	at com.kms.katalon.core.mobile.keyword.builtin.StartApplicationKeyword$_startApplication_closure1.call(StartApplicationKeyword.groovy)
	at com.kms.katalon.core.mobile.keyword.internal.MobileKeywordMain.runKeyword(MobileKeywordMain.groovy:30)
	... 20 more
</message>
  <exception>
    <message>com.kms.katalon.core.exception.StepFailedException: Unable to start application: '/Users/gv.vignesh/Downloads/WGR-Android-Automation/App Folder/universal.apk'</message>
    <frame>
      <class>com.kms.katalon.core.mobile.keyword.internal.MobileKeywordMain</class>
      <method>stepFailed</method>
      <line>64</line>
    </frame>
    <frame>
      <class>com.kms.katalon.core.mobile.keyword.internal.MobileKeywordMain</class>
      <method>runKeyword</method>
      <line>34</line>
    </frame>
    <frame>
      <class>com.kms.katalon.core.mobile.keyword.builtin.StartApplicationKeyword</class>
      <method>startApplication</method>
      <line>91</line>
    </frame>
    <frame>
      <class>com.kms.katalon.core.mobile.keyword.builtin.StartApplicationKeyword</class>
      <method>execute</method>
      <line>48</line>
    </frame>
    <frame>
      <class>com.kms.katalon.core.keyword.internal.KeywordExecutor</class>
      <method>executeKeywordForPlatform</method>
      <line>74</line>
    </frame>
    <frame>
      <class>com.kms.katalon.core.mobile.keyword.MobileBuiltInKeywords</class>
      <method>startApplication</method>
      <line>49</line>
    </frame>
    <frame>
      <class>C666-C719-C738_GuestUserMode</class>
      <method>run</method>
      <line>40</line>
    </frame>
    <frame>
      <class>com.kms.katalon.core.main.ScriptEngine</class>
      <method>run</method>
      <line>194</line>
    </frame>
    <frame>
      <class>com.kms.katalon.core.main.ScriptEngine</class>
      <method>runScriptAsRawText</method>
      <line>119</line>
    </frame>
    <frame>
      <class>com.kms.katalon.core.main.TestCaseExecutor</class>
      <method>runScript</method>
      <line>448</line>
    </frame>
    <frame>
      <class>com.kms.katalon.core.main.TestCaseExecutor</class>
      <method>doExecute</method>
      <line>439</line>
    </frame>
    <frame>
      <class>com.kms.katalon.core.main.TestCaseExecutor</class>
      <method>processExecutionPhase</method>
      <line>418</line>
    </frame>
    <frame>
      <class>com.kms.katalon.core.main.TestCaseExecutor</class>
      <method>accessMainPhase</method>
      <line>410</line>
    </frame>
    <frame>
      <class>com.kms.katalon.core.main.TestCaseExecutor</class>
      <method>execute</method>
      <line>285</line>
    </frame>
    <frame>
      <class>com.kms.katalon.core.common.CommonExecutor</class>
      <method>accessTestCaseMainPhase</method>
      <line>71</line>
    </frame>
    <frame>
      <class>com.kms.katalon.core.main.TestSuiteExecutor</class>
      <method>accessTestSuiteMainPhase</method>
      <line>160</line>
    </frame>
    <frame>
      <class>com.kms.katalon.core.main.TestSuiteExecutor</class>
      <method>execute</method>
      <line>107</line>
    </frame>
    <frame>
      <class>com.kms.katalon.core.main.TestCaseMain</class>
      <method>startTestSuite</method>
      <line>180</line>
    </frame>
    <frame>
      <class>TempTestSuite1743594830066</class>
      <method>run</method>
      <line>35</line>
    </frame>
    <frame>
      <class>jdk.internal.reflect.NativeMethodAccessorImpl</class>
      <method>invoke0</method>
    </frame>
    <frame>
      <class>jdk.internal.reflect.NativeMethodAccessorImpl</class>
      <method>invoke</method>
      <line>77</line>
    </frame>
    <frame>
      <class>jdk.internal.reflect.DelegatingMethodAccessorImpl</class>
      <method>invoke</method>
      <line>43</line>
    </frame>
  </exception>
  <nestedLevel>0</nestedLevel>
  <escapedJava>false</escapedJava>
  <property name="failed.exception.stacktrace">org.openqa.selenium.SessionNotCreatedException: Could not start a new session. Response code 500. Message: An unknown server-side error occurred while processing the command. Original error: Error getting device API level. Original error: Could not find a connected Android device in 20000ms 
Host info: host: &apos;**********&apos;, ip: &apos;**********&apos;
Build info: version: &apos;4.22.0&apos;, revision: &apos;c5f3146703&apos;
System info: os.name: &apos;Mac OS X&apos;, os.arch: &apos;aarch64&apos;, os.version: &apos;15.3.2&apos;, java.version: &apos;17.0.14&apos;
Driver info: io.appium.java_client.android.AndroidDriver
Command: [null, newSession {capabilities=[Capabilities {appium:app: /Users/gv.vignesh/Downloads..., appium:autoGrantPermissions: true, appium:automationName: uiautomator2, appium:deviceId: , appium:deviceName: Xiaomi 23076PC4BI (Android 15), appium:fullReset: true, appium:newCommandTimeout: 1800, appium:noReset: false, appium:platformName: ANDROID, appium:platformVersion: 15, appium:systemPort: 49980, appium:udid: a6e538dc5180, platformName: ANDROID}]}]
Capabilities {appium:app: /Users/gv.vignesh/Downloads..., appium:autoGrantPermissions: true, appium:automationName: uiautomator2, appium:deviceId: , appium:deviceName: Xiaomi 23076PC4BI (Android 15), appium:fullReset: true, appium:newCommandTimeout: 1800, appium:noReset: false, appium:platformName: ANDROID, appium:platformVersion: 15, appium:systemPort: 49980, appium:udid: a6e538dc5180, platformName: ANDROID}
	at org.openqa.selenium.remote.ProtocolHandshake.createSession(ProtocolHandshake.java:114)
	at org.openqa.selenium.remote.ProtocolHandshake.createSession(ProtocolHandshake.java:75)
	at org.openqa.selenium.remote.ProtocolHandshake.createSession(ProtocolHandshake.java:61)
	at io.appium.java_client.remote.AppiumCommandExecutor.createSession(AppiumCommandExecutor.java:176)
	at io.appium.java_client.remote.AppiumCommandExecutor.execute(AppiumCommandExecutor.java:237)
	at org.openqa.selenium.remote.RemoteWebDriver.execute(RemoteWebDriver.java:518)
	at io.appium.java_client.AppiumDriver.startSession(AppiumDriver.java:270)
	at org.openqa.selenium.remote.RemoteWebDriver.&lt;init&gt;(RemoteWebDriver.java:161)
	at io.appium.java_client.AppiumDriver.&lt;init&gt;(AppiumDriver.java:91)
	at io.appium.java_client.android.AndroidDriver.&lt;init&gt;(AndroidDriver.java:99)
	at com.kms.katalon.core.appium.driver.AppiumDriverManager.createMobileDriver(AppiumDriverManager.java:574)
	at com.kms.katalon.core.appium.driver.AppiumDriverManager.createMobileDriver(AppiumDriverManager.java:551)
	at com.kms.katalon.core.mobile.keyword.internal.MobileDriverFactory.startLocalMobileDriver(MobileDriverFactory.java:597)
	at com.kms.katalon.core.mobile.keyword.internal.MobileDriverFactory.startMobileDriver(MobileDriverFactory.java:510)
	at com.kms.katalon.core.mobile.keyword.builtin.StartApplicationKeyword$_startApplication_closure1.doCall(StartApplicationKeyword.groovy:89)
	at com.kms.katalon.core.mobile.keyword.builtin.StartApplicationKeyword$_startApplication_closure1.call(StartApplicationKeyword.groovy)
	at com.kms.katalon.core.mobile.keyword.internal.MobileKeywordMain.runKeyword(MobileKeywordMain.groovy:30)
	at com.kms.katalon.core.mobile.keyword.builtin.StartApplicationKeyword.startApplication(StartApplicationKeyword.groovy:91)
	at com.kms.katalon.core.mobile.keyword.builtin.StartApplicationKeyword.execute(StartApplicationKeyword.groovy:48)
	at com.kms.katalon.core.keyword.internal.KeywordExecutor.executeKeywordForPlatform(KeywordExecutor.groovy:74)
	at com.kms.katalon.core.mobile.keyword.MobileBuiltInKeywords.startApplication(MobileBuiltInKeywords.groovy:49)
	at C666-C719-C738_GuestUserMode.run(C666-C719-C738_GuestUserMode:40)
	at com.kms.katalon.core.main.ScriptEngine.run(ScriptEngine.java:194)
	at com.kms.katalon.core.main.ScriptEngine.runScriptAsRawText(ScriptEngine.java:119)
	at com.kms.katalon.core.main.TestCaseExecutor.runScript(TestCaseExecutor.java:448)
	at com.kms.katalon.core.main.TestCaseExecutor.doExecute(TestCaseExecutor.java:439)
	at com.kms.katalon.core.main.TestCaseExecutor.processExecutionPhase(TestCaseExecutor.java:418)
	at com.kms.katalon.core.main.TestCaseExecutor.accessMainPhase(TestCaseExecutor.java:410)
	at com.kms.katalon.core.main.TestCaseExecutor.execute(TestCaseExecutor.java:285)
	at com.kms.katalon.core.common.CommonExecutor.accessTestCaseMainPhase(CommonExecutor.java:71)
	at com.kms.katalon.core.main.TestSuiteExecutor.accessTestSuiteMainPhase(TestSuiteExecutor.java:160)
	at com.kms.katalon.core.main.TestSuiteExecutor.execute(TestSuiteExecutor.java:107)
	at com.kms.katalon.core.main.TestCaseMain.startTestSuite(TestCaseMain.java:180)
	at TempTestSuite1743594830066.run(TempTestSuite1743594830066.groovy:35)
	at java.base/jdk.internal.reflect.NativeMethodAccessorImpl.invoke0(Native Method)
	at java.base/jdk.internal.reflect.NativeMethodAccessorImpl.invoke(NativeMethodAccessorImpl.java:77)
	at java.base/jdk.internal.reflect.DelegatingMethodAccessorImpl.invoke(DelegatingMethodAccessorImpl.java:43)
</property>
  <property name="failed.exception.class">org.openqa.selenium.SessionNotCreatedException</property>
  <property name="failed.exception.message">Could not start a new session. Response code 500. Message: An unknown server-side error occurred while processing the command. Original error: Error getting device API level. Original error: Could not find a connected Android device in 20000ms 
Host info: host: &apos;GVVigneshs-MacBook-Air.local&apos;, ip: &apos;fe80:0:0:0:14b8:c208:9201:bda2%en0&apos;
Build info: version: &apos;4.22.0&apos;, revision: &apos;c5f3146703&apos;
System info: os.name: &apos;Mac OS X&apos;, os.arch: &apos;aarch64&apos;, os.version: &apos;15.3.2&apos;, java.version: &apos;17.0.14&apos;
Driver info: io.appium.java_client.android.AndroidDriver
Command: [null, newSession {capabilities=[Capabilities {appium:app: /Users/gv.vignesh/Downloads..., appium:autoGrantPermissions: true, appium:automationName: uiautomator2, appium:deviceId: , appium:deviceName: Xiaomi 23076PC4BI (Android 15), appium:fullReset: true, appium:newCommandTimeout: 1800, appium:noReset: false, appium:platformName: ANDROID, appium:platformVersion: 15, appium:systemPort: 49980, appium:udid: a6e538dc5180, platformName: ANDROID}]}]
Capabilities {appium:app: /Users/gv.vignesh/Downloads..., appium:autoGrantPermissions: true, appium:automationName: uiautomator2, appium:deviceId: , appium:deviceName: Xiaomi 23076PC4BI (Android 15), appium:fullReset: true, appium:newCommandTimeout: 1800, appium:noReset: false, appium:platformName: ANDROID, appium:platformVersion: 15, appium:systemPort: 49980, appium:udid: a6e538dc5180, platformName: ANDROID}</property>
</record>
<record>
  <date>2025-04-02T11:54:26.673618Z</date>
  <millis>1743594866673</millis>
  <nanos>618000</nanos>
  <sequence>93</sequence>
  <level>END</level>
  <class>com.kms.katalon.core.logging.XmlKeywordLogger</class>
  <method>endTest</method>
  <thread>1</thread>
  <message>End Test Case : Test Cases/Guest User Mode/C666-C719-C738_GuestUserMode</message>
  <nestedLevel>0</nestedLevel>
  <escapedJava>false</escapedJava>
  <property name="executionBindingVariables">[]</property>
  <property name="applitools">false</property>
  <property name="remainingRetryCount">0</property>
  <property name="currentRetryCount">0</property>
  <property name="keywordsUsage">{
  &quot;web_ui&quot;: false,
  &quot;web_service&quot;: false,
  &quot;cucumber&quot;: false,
  &quot;builtin&quot;: false,
  &quot;mobile&quot;: true,
  &quot;windows&quot;: false,
  &quot;testng&quot;: false
}</property>
</record>
<record>
  <date>2025-04-02T11:54:26.674955Z</date>
  <millis>1743594866674</millis>
  <nanos>955000</nanos>
  <sequence>96</sequence>
  <level>START</level>
  <class>com.kms.katalon.core.logging.XmlKeywordLogger</class>
  <method>startTest</method>
  <thread>1</thread>
  <message>Start Test Case : Test Cases/Guest User Mode/C764-C793_GuestUserMode</message>
  <nestedLevel>1</nestedLevel>
  <escapedJava>false</escapedJava>
  <property name="remainingRetryCount">0</property>
  <property name="name">Test Cases/Guest User Mode/C764-C793_GuestUserMode</property>
  <property name="description">Verify that the Login Now tile is redirected to the OAM website</property>
  <property name="iteration"></property>
  <property name="id">Test Cases/Guest User Mode/C764-C793_GuestUserMode</property>
  <property name="source">\Users\gv.vignesh\Downloads\WGR-Android-Automation\Test Cases\Guest User Mode\C764-C793_GuestUserMode.tc</property>
  <property name="tag"></property>
  <property name="isOptional">false</property>
  <property name="currentRetryCount">0</property>
</record>
<record>
  <date>2025-04-02T11:54:26.721553Z</date>
  <millis>1743594866721</millis>
  <nanos>553000</nanos>
  <sequence>98</sequence>
  <level>START</level>
  <class>com.kms.katalon.core.logging.XmlKeywordLogger</class>
  <method>startKeyword</method>
  <thread>1</thread>
  <message>Start action : startApplication(&amp;quot;/Users/gv.vignesh/Downloads/WGR-Android-Automation/App Folder/app-debug.apk&amp;quot;, true)</message>
  <nestedLevel>1</nestedLevel>
  <escapedJava>false</escapedJava>
  <property name="startLine">24</property>
  <property name="stepIndex">1</property>
  <property name="description">Launch the application</property>
</record>
<record>
  <date>2025-04-02T11:54:26.723905Z</date>
  <millis>1743594866723</millis>
  <nanos>905000</nanos>
  <sequence>100</sequence>
  <level>INFO</level>
  <class>com.kms.katalon.core.logging.XmlKeywordLogger</class>
  <method>logMessage</method>
  <thread>1</thread>
  <message>Starting application: &amp;apos;/Users/gv.vignesh/Downloads/WGR-Android-Automation/App Folder/app-debug.apk&amp;apos;</message>
  <nestedLevel>1</nestedLevel>
  <escapedJava>false</escapedJava>
</record>
<record>
  <date>2025-04-02T11:54:26.724551Z</date>
  <millis>1743594866724</millis>
  <nanos>551000</nanos>
  <sequence>102</sequence>
  <level>INFO</level>
  <class>com.kms.katalon.core.logging.XmlKeywordLogger</class>
  <method>logMessage</method>
  <thread>1</thread>
  <message>User set preference: [&amp;apos;deviceId&amp;apos;, &amp;apos;&amp;apos;]</message>
  <nestedLevel>1</nestedLevel>
  <escapedJava>false</escapedJava>
</record>
</log>
