[38;5;112m[Appium][0m Welcome to Appium v2.16.0
[38;5;112m[Appium][0m Non-default server args:
[38;5;112m[Appium][0m { basePath: [32m'/wd/hub'[39m, loglevel: [32m'info'[39m, port: [33m62911[39m }
[38;5;112m[Appium][0m Attempting to load driver uiautomator2...
[38;5;112m[Appium][0m Appium REST http interface listener started on http://0.0.0.0:62911/wd/hub
[38;5;112m[Appium][0m You can provide the following URLs in your client code to connect to this server:
	http://192.168.0.106:62911/wd/hub
	http://127.0.0.1:62911/wd/hub (only accessible from the same host)
[38;5;112m[Appium][0m Available drivers:
[38;5;112m[Appium][0m   - uiautomator2@4.0.1 (automationName 'UiAutomator2')
[38;5;112m[Appium][0m No plugins have been installed. Use the "appium plugin" command to install the one(s) you want to use.
[38;5;86m[HTTP][0m [37m-->[39m [37mGET[39m [37m/wd/hub/status[39m [90m{}[39m
[38;5;86m[HTTP][0m [37m<-- GET /wd/hub/status [39m[32m200[39m [90m4 ms - 111[39m [90m[39m
[38;5;86m[HTTP][0m [37m-->[39m [37mPOST[39m [37m/wd/hub/session[39m [90m{"capabilities":{"firstMatch":[{"appium:app":"C:\\Users\\GVVignesh\\git\\WGR_Android\\App Folder\\universal.apk","appium:autoGrantPermissions":true,"appium:automationName":"uiautomator2","appium:deviceId":"","appium:deviceName":"samsung SM-A146B (Android 14)","appium:fullReset":false,"appium:newCommandTimeout":1800,"appium:noReset":true,"appium:platformName":"ANDROID","appium:platformVersion":"14","appium:systemPort":62910,"appium:udid":"adb-RZCW811B2MK-cCoIXY._adb-tls-connect._tcp","platformName":"ANDROID"}]},"desiredCapabilities":{"appium:app":"C:\\Users\\GVVignesh\\git\\WGR_Android\\App Folder\\universal.apk","appium:autoGrantPermissions":true,"appium:automationName":"uiautomator2","appium:deviceId":"","appium:deviceName":"samsung SM-A146B (Android 14)","appium:fullReset":false,"appium:newCommandTimeout":1800,"appium:noReset":true,"appium:platformName":"ANDROID","appium:platformVersion":"14","appium:systemPort":62910,"appium:udid":"adb-RZCW811B2MK-cCoIXY._adb-tls-connect._tcp"}}[39m
[38;5;123m[BaseDriver][0m Ignoring capability 'appium:platformName=ANDROID' and using capability 'platformName=ANDROID'
[38;5;123m[BaseDriver][0m The capabilities ["platformName"] are standard capabilities and do not require "appium:" prefix
[38;5;112m[Appium][0m Attempting to find matching driver for automationName 'uiautomator2' and platformName 'ANDROID'
[38;5;112m[Appium][0m The 'uiautomator2' driver was installed and matched caps.
[38;5;112m[Appium][0m Will require it at C:\Users\GVVignesh\.appium\node_modules\appium-uiautomator2-driver
[38;5;27m[AppiumDriver@9956][0m Appium v2.16.0 creating new AndroidUiautomator2Driver (v4.0.1) session
[38;5;27m[AppiumDriver@9956][0m Checking BaseDriver versions for Appium and AndroidUiautomator2Driver
[38;5;27m[AppiumDriver@9956][0m Appium's BaseDriver version is 9.16.0
[38;5;27m[AppiumDriver@9956][0m AndroidUiautomator2Driver's BaseDriver version is 9.16.0
[38;5;-195m[AndroidUiautomator2Driver@d7ad][0m The following provided capabilities were not recognized by this driver:
[38;5;-195m[AndroidUiautomator2Driver@d7ad][0m   deviceId
[38;5;39m[8a912899][0m[38;5;-195m[AndroidUiautomator2Driver@d7ad][0m Session created with session id: 8a912899-b79e-491c-bf52-4e12eba220cd
[38;5;39m[8a912899][0m[38;5;229m[ADB][0m Found 1 'build-tools' folders under 'C:\Users\GVVignesh\.katalon\tools\android_sdk' (newest first):
[38;5;39m[8a912899][0m[38;5;229m[ADB][0m     C:\Users\GVVignesh\.katalon\tools\android_sdk\build-tools\29.0.3
[38;5;39m[8a912899][0m[38;5;229m[ADB][0m Using 'adb.exe' from 'C:\Users\GVVignesh\.katalon\tools\android_sdk\platform-tools\adb.exe'
[38;5;39m[8a912899][0m[38;5;-195m[AndroidUiautomator2Driver@d7ad][0m Retrieving device list
[38;5;39m[8a912899][0m[38;5;-195m[AndroidUiautomator2Driver@d7ad][0m Using device: adb-RZCW811B2MK-cCoIXY._adb-tls-connect._tcp
[38;5;39m[8a912899][0m[38;5;229m[ADB][0m Using 'adb.exe' from 'C:\Users\GVVignesh\.katalon\tools\android_sdk\platform-tools\adb.exe'
[38;5;39m[8a912899][0m[38;5;123m[BaseDriver][0m Using local app 'C:\Users\GVVignesh\git\WGR_Android\App Folder\universal.apk'
[38;5;39m[8a912899][0m[38;5;229m[ADB][0m Getting device platform version
[38;5;39m[8a912899][0m[38;5;-195m[AndroidUiautomator2Driver@d7ad][0m Relaxing hidden api policy
[38;5;39m[8a912899][0m[38;5;229m[ADB][0m Using 'aapt2.exe' from 'C:\Users\GVVignesh\.katalon\tools\android_sdk\build-tools\29.0.3\aapt2.exe'
[38;5;39m[8a912899][0m[38;5;229m[ADB][0m Package name: 'com.westgate.rewrite2'
[38;5;39m[8a912899][0m[38;5;229m[ADB][0m Main activity name: 'com.westgate.rewrite2.MainActivity'
[38;5;39m[8a912899][0m[38;5;-195m[AndroidUiautomator2Driver@d7ad][0m Server packages are not going to be (re)installed
[38;5;39m[8a912899][0m[38;5;229m[ADB][0m Adding packages ["io.appium.settings","io.appium.uiautomator2.server","io.appium.uiautomator2.server.test"] to Doze whitelist
[38;5;39m[8a912899][0m[38;5;-195m[AndroidUiautomator2Driver@d7ad][0m Starting UIAutomator2 server 7.2.3
[38;5;39m[8a912899][0m[38;5;-195m[AndroidUiautomator2Driver@d7ad][0m Using UIAutomator2 server from 'C:\Users\GVVignesh\.appium\node_modules\appium-uiautomator2-driver\node_modules\appium-uiautomator2-server\apks\appium-uiautomator2-server-v7.2.3.apk' and test from 'C:\Users\GVVignesh\.appium\node_modules\appium-uiautomator2-driver\node_modules\appium-uiautomator2-server\apks\appium-uiautomator2-server-debug-androidTest.apk'
[38;5;39m[8a912899][0m[38;5;-195m[AndroidUiautomator2Driver@d7ad][0m Waiting up to 30000ms for UiAutomator2 to be online...
[38;5;39m[8a912899][0m[38;5;-195m[AndroidUiautomator2Driver@d7ad][0m socket hang up
[38;5;39m[8a912899][0m[38;5;-195m[AndroidUiautomator2Driver@d7ad][0m socket hang up
[38;5;39m[8a912899][0m[38;5;-195m[AndroidUiautomator2Driver@d7ad][0m Determined the downstream protocol as 'W3C'
[38;5;39m[8a912899][0m[38;5;-195m[AndroidUiautomator2Driver@d7ad][0m Got response with status 404: {"sessionId":null,"value":{"error":"unknown command","message":"The requested resource could not be found, or a request was received using an HTTP method that is not supported by the mapped resource","stacktrace":"io.appium.uiautomator2.common.exceptions.UnknownCommandException: The requested resource could not be found, or a request was received using an HTTP method that is not supported by the mapped resource\n\tat io.appium.uiautomator2.http.ServerHandler.channelRead(ServerHandler.java:84)\n\tat io.netty.channel.AbstractChannelHandlerContext.invokeChannelRead(AbstractChannelHandlerContext.java:366)\n\tat io.netty.channel.AbstractChannelHandlerContext.invokeChannelRead(AbstractChannelHandlerContext.java:352)\n\tat io.netty.channel.AbstractChannelHandlerContext.fireChannelRead(AbstractChannelHandlerContext.java:345)\n\tat io.netty.handler.codec.MessageToMessageDecoder.channelRead(MessageToMessageDecoder.java:102)\n\tat io.netty.channel.AbstractChannelHandlerContext.invokeChannelRead(AbstractChannelHandler...
[38;5;39m[8a912899][0m[38;5;-195m[AndroidUiautomator2Driver@d7ad][0m Cannot fetch device details. Original error: The requested resource could not be found, or a request was received using an HTTP method that is not supported by the mapped resource
[38;5;39m[8a912899][0m[38;5;-195m[AndroidUiautomator2Driver@d7ad][0m Got response with status 404: {"sessionId":null,"value":{"error":"unknown command","message":"The requested resource could not be found, or a request was received using an HTTP method that is not supported by the mapped resource","stacktrace":"io.appium.uiautomator2.common.exceptions.UnknownCommandException: The requested resource could not be found, or a request was received using an HTTP method that is not supported by the mapped resource\n\tat io.appium.uiautomator2.http.ServerHandler.channelRead(ServerHandler.java:84)\n\tat io.netty.channel.AbstractChannelHandlerContext.invokeChannelRead(AbstractChannelHandlerContext.java:366)\n\tat io.netty.channel.AbstractChannelHandlerContext.invokeChannelRead(AbstractChannelHandlerContext.java:352)\n\tat io.netty.channel.AbstractChannelHandlerContext.fireChannelRead(AbstractChannelHandlerContext.java:345)\n\tat io.netty.handler.codec.MessageToMessageDecoder.channelRead(MessageToMessageDecoder.java:102)\n\tat io.netty.channel.AbstractChannelHandlerContext.invokeChannelRead(AbstractChannelHandler...
[38;5;39m[8a912899][0m[38;5;-195m[AndroidUiautomator2Driver@d7ad][0m Got response with status 404: {"sessionId":null,"value":{"error":"unknown command","message":"The requested resource could not be found, or a request was received using an HTTP method that is not supported by the mapped resource","stacktrace":"io.appium.uiautomator2.common.exceptions.UnknownCommandException: The requested resource could not be found, or a request was received using an HTTP method that is not supported by the mapped resource\n\tat io.appium.uiautomator2.http.ServerHandler.channelRead(ServerHandler.java:84)\n\tat io.netty.channel.AbstractChannelHandlerContext.invokeChannelRead(AbstractChannelHandlerContext.java:366)\n\tat io.netty.channel.AbstractChannelHandlerContext.invokeChannelRead(AbstractChannelHandlerContext.java:352)\n\tat io.netty.channel.AbstractChannelHandlerContext.fireChannelRead(AbstractChannelHandlerContext.java:345)\n\tat io.netty.handler.codec.MessageToMessageDecoder.channelRead(MessageToMessageDecoder.java:102)\n\tat io.netty.channel.AbstractChannelHandlerContext.invokeChannelRead(AbstractChannelHandler...
[38;5;39m[8a912899][0m[38;5;-195m[AndroidUiautomator2Driver@d7ad][0m Screen already unlocked, doing nothing
[38;5;39m[8a912899][0m[38;5;-195m[AndroidUiautomator2Driver@d7ad][0m Starting 'com.westgate.rewrite2/com.westgate.rewrite2.MainActivity' and waiting for 'com.westgate.rewrite2/com.westgate.rewrite2.MainActivity'
[38;5;39m[8a912899][0m[38;5;27m[AppiumDriver@9956][0m New AndroidUiautomator2Driver session created successfully, session 8a912899-b79e-491c-bf52-4e12eba220cd added to master session list
[38;5;39m[8a912899][0m[38;5;86m[HTTP][0m [37m<-- POST /wd/hub/session [39m[32m200[39m [90m7377 ms - 1192[39m [90m[39m
[38;5;86m[HTTP][0m [37m-->[39m [37mGET[39m [37m/wd/hub/status[39m [90m{}[39m
[38;5;86m[HTTP][0m [37m<-- GET /wd/hub/status [39m[32m200[39m [90m1 ms - 111[39m [90m[39m
[38;5;39m[8a912899][0m[38;5;86m[HTTP][0m [37m-->[39m [37mPOST[39m [37m/wd/hub/session/8a912899-b79e-491c-bf52-4e12eba220cd/timeouts[39m [90m{"implicit":30000}[39m
[38;5;39m[8a912899][0m[38;5;86m[HTTP][0m [37m<-- POST /wd/hub/session/8a912899-b79e-491c-bf52-4e12eba220cd/timeouts [39m[32m200[39m [90m3 ms - 14[39m [90m[39m
[38;5;39m[8a912899][0m[38;5;86m[HTTP][0m [37m-->[39m [37mPOST[39m [37m/wd/hub/session/8a912899-b79e-491c-bf52-4e12eba220cd/execute/sync[39m [90m{"args":[],"script":"mobile: getSystemBars"}[39m
[38;5;39m[8a912899][0m[38;5;86m[HTTP][0m [37m<-- POST /wd/hub/session/8a912899-b79e-491c-bf52-4e12eba220cd/execute/sync [39m[32m200[39m [90m131 ms - 151[39m [90m[39m
[38;5;39m[8a912899][0m[38;5;86m[HTTP][0m [37m-->[39m [37mGET[39m [37m/wd/hub/session/8a912899-b79e-491c-bf52-4e12eba220cd/context[39m [90m{}[39m
[38;5;39m[8a912899][0m[38;5;86m[HTTP][0m [37m<-- GET /wd/hub/session/8a912899-b79e-491c-bf52-4e12eba220cd/context [39m[32m200[39m [90m2 ms - 22[39m [90m[39m
[38;5;39m[8a912899][0m[38;5;86m[HTTP][0m [37m-->[39m [37mGET[39m [37m/wd/hub/session/8a912899-b79e-491c-bf52-4e12eba220cd/contexts[39m [90m{}[39m
[38;5;39m[8a912899][0m[38;5;-195m[AndroidUiautomator2Driver@d7ad][0m Skipping the webview 'WEBVIEW_stetho_com.google.android.apps.messaging' at '@stetho_com.google.android.apps.messaging_devtools_remote' since it has reported having zero pages
[38;5;39m[8a912899][0m[38;5;86m[HTTP][0m [37m<-- GET /wd/hub/session/8a912899-b79e-491c-bf52-4e12eba220cd/contexts [39m[32m200[39m [90m229 ms - 24[39m [90m[39m
[38;5;39m[8a912899][0m[38;5;86m[HTTP][0m [37m-->[39m [37mPOST[39m [37m/wd/hub/session/8a912899-b79e-491c-bf52-4e12eba220cd/context[39m [90m{"name":"NATIVE_APP"}[39m
[38;5;39m[8a912899][0m[38;5;86m[HTTP][0m [37m<-- POST /wd/hub/session/8a912899-b79e-491c-bf52-4e12eba220cd/context [39m[32m200[39m [90m1 ms - 14[39m [90m[39m
[38;5;39m[8a912899][0m[38;5;86m[HTTP][0m [37m-->[39m [37mPOST[39m [37m/wd/hub/session/8a912899-b79e-491c-bf52-4e12eba220cd/execute/sync[39m [90m{"args":[],"script":"mobile: getCurrentPackage"}[39m
[38;5;39m[8a912899][0m[38;5;86m[HTTP][0m [37m<-- POST /wd/hub/session/8a912899-b79e-491c-bf52-4e12eba220cd/execute/sync [39m[32m200[39m [90m98 ms - 33[39m [90m[39m
[38;5;39m[8a912899][0m[38;5;86m[HTTP][0m [37m-->[39m [37mPOST[39m [37m/wd/hub/session/8a912899-b79e-491c-bf52-4e12eba220cd/execute/sync[39m [90m{"args":[{"appId":"com.westgate.rewrite2","bundleId":"com.westgate.rewrite2"}],"script":"mobile: terminateApp"}[39m
[38;5;39m[8a912899][0m[38;5;123m[BaseDriver][0m The following script arguments are not known and will be ignored: bundleId
[38;5;39m[8a912899][0m[38;5;-195m[AndroidUiautomator2Driver@d7ad][0m Terminating 'com.westgate.rewrite2'
[38;5;39m[8a912899][0m[38;5;-195m[AndroidUiautomator2Driver@d7ad][0m Querying the state of 'com.westgate.rewrite2'
[38;5;39m[8a912899][0m[38;5;-195m[AndroidUiautomator2Driver@d7ad][0m 'com.westgate.rewrite2' has been successfully terminated
[38;5;39m[8a912899][0m[38;5;86m[HTTP][0m [37m<-- POST /wd/hub/session/8a912899-b79e-491c-bf52-4e12eba220cd/execute/sync [39m[32m200[39m [90m611 ms - 14[39m [90m[39m
[38;5;39m[8a912899][0m[38;5;86m[HTTP][0m [37m-->[39m [37mPOST[39m [37m/wd/hub/session/8a912899-b79e-491c-bf52-4e12eba220cd/context[39m [90m{"name":"NATIVE_APP"}[39m
[38;5;39m[8a912899][0m[38;5;86m[HTTP][0m [37m<-- POST /wd/hub/session/8a912899-b79e-491c-bf52-4e12eba220cd/context [39m[32m200[39m [90m1 ms - 14[39m [90m[39m
[38;5;39m[8a912899][0m[38;5;86m[HTTP][0m [37m-->[39m [37mDELETE[39m [37m/wd/hub/session/8a912899-b79e-491c-bf52-4e12eba220cd[39m [90m{}[39m
[38;5;39m[8a912899][0m[38;5;27m[AppiumDriver@9956][0m Removing session 8a912899-b79e-491c-bf52-4e12eba220cd from our master session list
[38;5;39m[8a912899][0m[38;5;-195m[AndroidUiautomator2Driver@d7ad][0m Restoring hidden api policy to the device default configuration
[38;5;39m[8a912899][0m[38;5;86m[HTTP][0m [37m<-- DELETE /wd/hub/session/8a912899-b79e-491c-bf52-4e12eba220cd [39m[32m200[39m [90m245 ms - 14[39m [90m[39m
