[38;5;112m[Appium][0m Welcome to Appium v2.16.0
[38;5;112m[Appium][0m Non-default server args:
[38;5;112m[Appium][0m { basePath: [32m'/wd/hub'[39m, loglevel: [32m'info'[39m, port: [33m62954[39m }
[38;5;112m[Appium][0m Attempting to load driver uiautomator2...
[38;5;112m[Appium][0m Appium REST http interface listener started on http://0.0.0.0:62954/wd/hub
[38;5;112m[Appium][0m You can provide the following URLs in your client code to connect to this server:
	http://192.168.0.104:62954/wd/hub
	http://127.0.0.1:62954/wd/hub (only accessible from the same host)
[38;5;112m[Appium][0m Available drivers:
[38;5;112m[Appium][0m   - uiautomator2@4.0.1 (automationName 'UiAutomator2')
[38;5;112m[Appium][0m No plugins have been installed. Use the "appium plugin" command to install the one(s) you want to use.
[38;5;86m[HTTP][0m [37m-->[39m [37mGET[39m [37m/wd/hub/status[39m [90m{}[39m
[38;5;86m[HTTP][0m [37m<-- GET /wd/hub/status [39m[32m200[39m [90m8 ms - 111[39m [90m[39m
[38;5;86m[HTTP][0m [37m-->[39m [37mPOST[39m [37m/wd/hub/session[39m [90m{"capabilities":{"firstMatch":[{"appium:app":"C:\\Users\\GVVignesh\\git\\WGR_Android\\App Folder\\universal.apk","appium:autoGrantPermissions":true,"appium:automationName":"uiautomator2","appium:deviceId":"","appium:deviceName":"samsung SM-A146B (Android 14)","appium:fullReset":true,"appium:newCommandTimeout":1800,"appium:noReset":false,"appium:platformName":"ANDROID","appium:platformVersion":"14","appium:systemPort":62953,"appium:udid":"adb-RZCW811B2MK-cCoIXY._adb-tls-connect._tcp","platformName":"ANDROID"}]},"desiredCapabilities":{"appium:app":"C:\\Users\\GVVignesh\\git\\WGR_Android\\App Folder\\universal.apk","appium:autoGrantPermissions":true,"appium:automationName":"uiautomator2","appium:deviceId":"","appium:deviceName":"samsung SM-A146B (Android 14)","appium:fullReset":true,"appium:newCommandTimeout":1800,"appium:noReset":false,"appium:platformName":"ANDROID","appium:platformVersion":"14","appium:systemPort":62953,"appium:udid":"adb-RZCW811B2MK-cCoIXY._adb-tls-connect._tcp"}}[39m
[38;5;123m[BaseDriver][0m Ignoring capability 'appium:platformName=ANDROID' and using capability 'platformName=ANDROID'
[38;5;123m[BaseDriver][0m The capabilities ["platformName"] are standard capabilities and do not require "appium:" prefix
[38;5;112m[Appium][0m Attempting to find matching driver for automationName 'uiautomator2' and platformName 'ANDROID'
[38;5;112m[Appium][0m The 'uiautomator2' driver was installed and matched caps.
[38;5;112m[Appium][0m Will require it at C:\Users\GVVignesh\.appium\node_modules\appium-uiautomator2-driver
[38;5;149m[AppiumDriver@1842][0m Appium v2.16.0 creating new AndroidUiautomator2Driver (v4.0.1) session
[38;5;149m[AppiumDriver@1842][0m Checking BaseDriver versions for Appium and AndroidUiautomator2Driver
[38;5;149m[AppiumDriver@1842][0m Appium's BaseDriver version is 9.16.0
[38;5;149m[AppiumDriver@1842][0m AndroidUiautomator2Driver's BaseDriver version is 9.16.0
[38;5;-130m[AndroidUiautomator2Driver@12c7][0m The following provided capabilities were not recognized by this driver:
[38;5;-130m[AndroidUiautomator2Driver@12c7][0m   deviceId
[38;5;85m[3bd035d8][0m[38;5;-130m[AndroidUiautomator2Driver@12c7][0m Session created with session id: 3bd035d8-7c57-4609-a368-8350116e8b6d
[38;5;85m[3bd035d8][0m[38;5;229m[ADB][0m Found 1 'build-tools' folders under 'C:\Users\GVVignesh\.katalon\tools\android_sdk' (newest first):
[38;5;85m[3bd035d8][0m[38;5;229m[ADB][0m     C:\Users\GVVignesh\.katalon\tools\android_sdk\build-tools\29.0.3
[38;5;85m[3bd035d8][0m[38;5;229m[ADB][0m Using 'adb.exe' from 'C:\Users\GVVignesh\.katalon\tools\android_sdk\platform-tools\adb.exe'
[38;5;85m[3bd035d8][0m[38;5;-130m[AndroidUiautomator2Driver@12c7][0m Retrieving device list
[38;5;85m[3bd035d8][0m[38;5;-130m[AndroidUiautomator2Driver@12c7][0m Using device: adb-RZCW811B2MK-cCoIXY._adb-tls-connect._tcp
[38;5;85m[3bd035d8][0m[38;5;229m[ADB][0m Using 'adb.exe' from 'C:\Users\GVVignesh\.katalon\tools\android_sdk\platform-tools\adb.exe'
[38;5;85m[3bd035d8][0m[38;5;123m[BaseDriver][0m Using local app 'C:\Users\GVVignesh\git\WGR_Android\App Folder\universal.apk'
[38;5;85m[3bd035d8][0m[38;5;229m[ADB][0m Getting device platform version
[38;5;85m[3bd035d8][0m[38;5;-130m[AndroidUiautomator2Driver@12c7][0m Relaxing hidden api policy
[38;5;85m[3bd035d8][0m[38;5;229m[ADB][0m Using 'aapt2.exe' from 'C:\Users\GVVignesh\.katalon\tools\android_sdk\build-tools\29.0.3\aapt2.exe'
[38;5;85m[3bd035d8][0m[38;5;229m[ADB][0m Package name: 'com.westgate.rewrite2'
[38;5;85m[3bd035d8][0m[38;5;229m[ADB][0m Main activity name: 'com.westgate.rewrite2.MainActivity'
[38;5;85m[3bd035d8][0m[38;5;-130m[AndroidUiautomator2Driver@12c7][0m Server packages are not going to be (re)installed
[38;5;85m[3bd035d8][0m[38;5;229m[ADB][0m Using 'apksigner.jar' from 'C:\Users\GVVignesh\.katalon\tools\android_sdk\build-tools\29.0.3\lib\apksigner.jar'
[38;5;85m[3bd035d8][0m[38;5;229m[ADB][0m Adding packages ["io.appium.settings","io.appium.uiautomator2.server","io.appium.uiautomator2.server.test"] to Doze whitelist
[38;5;85m[3bd035d8][0m[38;5;229m[ADB][0m 'C:\Users\GVVignesh\git\WGR_Android\App Folder\universal.apk' is signed with a non-default certificate
[38;5;85m[3bd035d8][0m[38;5;229m[ADB][0m com.westgate.rewrite2 was not uninstalled, because it was not present on the device
[38;5;85m[3bd035d8][0m[38;5;229m[ADB][0m The application at 'C:\Users\GVVignesh\git\WGR_Android\App Folder\universal.apk' will not be cached, because the device under test has confirmed the support of streamed installs
[38;5;85m[3bd035d8][0m[38;5;229m[ADB][0m The installation of 'universal.apk' took 52323ms
[38;5;85m[3bd035d8][0m[38;5;-130m[AndroidUiautomator2Driver@12c7][0m Starting UIAutomator2 server 7.2.3
[38;5;85m[3bd035d8][0m[38;5;-130m[AndroidUiautomator2Driver@12c7][0m Using UIAutomator2 server from 'C:\Users\GVVignesh\.appium\node_modules\appium-uiautomator2-driver\node_modules\appium-uiautomator2-server\apks\appium-uiautomator2-server-v7.2.3.apk' and test from 'C:\Users\GVVignesh\.appium\node_modules\appium-uiautomator2-driver\node_modules\appium-uiautomator2-server\apks\appium-uiautomator2-server-debug-androidTest.apk'
[38;5;85m[3bd035d8][0m[38;5;-130m[AndroidUiautomator2Driver@12c7][0m Waiting up to 30000ms for UiAutomator2 to be online...
[38;5;85m[3bd035d8][0m[38;5;-130m[AndroidUiautomator2Driver@12c7][0m socket hang up
[38;5;85m[3bd035d8][0m[38;5;-130m[AndroidUiautomator2Driver@12c7][0m socket hang up
[38;5;85m[3bd035d8][0m[38;5;-130m[AndroidUiautomator2Driver@12c7][0m socket hang up
[38;5;85m[3bd035d8][0m[38;5;-130m[AndroidUiautomator2Driver@12c7][0m socket hang up
[38;5;85m[3bd035d8][0m[38;5;-130m[AndroidUiautomator2Driver@12c7][0m Determined the downstream protocol as 'W3C'
[38;5;85m[3bd035d8][0m[38;5;-130m[AndroidUiautomator2Driver@12c7][0m Got response with status 404: {"sessionId":null,"value":{"error":"unknown command","message":"The requested resource could not be found, or a request was received using an HTTP method that is not supported by the mapped resource","stacktrace":"io.appium.uiautomator2.common.exceptions.UnknownCommandException: The requested resource could not be found, or a request was received using an HTTP method that is not supported by the mapped resource\n\tat io.appium.uiautomator2.http.ServerHandler.channelRead(ServerHandler.java:84)\n\tat io.netty.channel.AbstractChannelHandlerContext.invokeChannelRead(AbstractChannelHandlerContext.java:366)\n\tat io.netty.channel.AbstractChannelHandlerContext.invokeChannelRead(AbstractChannelHandlerContext.java:352)\n\tat io.netty.channel.AbstractChannelHandlerContext.fireChannelRead(AbstractChannelHandlerContext.java:345)\n\tat io.netty.handler.codec.MessageToMessageDecoder.channelRead(MessageToMessageDecoder.java:102)\n\tat io.netty.channel.AbstractChannelHandlerContext.invokeChannelRead(AbstractChannelHandler...
[38;5;85m[3bd035d8][0m[38;5;-130m[AndroidUiautomator2Driver@12c7][0m Cannot fetch device details. Original error: The requested resource could not be found, or a request was received using an HTTP method that is not supported by the mapped resource
[38;5;85m[3bd035d8][0m[38;5;-130m[AndroidUiautomator2Driver@12c7][0m Got response with status 404: {"sessionId":null,"value":{"error":"unknown command","message":"The requested resource could not be found, or a request was received using an HTTP method that is not supported by the mapped resource","stacktrace":"io.appium.uiautomator2.common.exceptions.UnknownCommandException: The requested resource could not be found, or a request was received using an HTTP method that is not supported by the mapped resource\n\tat io.appium.uiautomator2.http.ServerHandler.channelRead(ServerHandler.java:84)\n\tat io.netty.channel.AbstractChannelHandlerContext.invokeChannelRead(AbstractChannelHandlerContext.java:366)\n\tat io.netty.channel.AbstractChannelHandlerContext.invokeChannelRead(AbstractChannelHandlerContext.java:352)\n\tat io.netty.channel.AbstractChannelHandlerContext.fireChannelRead(AbstractChannelHandlerContext.java:345)\n\tat io.netty.handler.codec.MessageToMessageDecoder.channelRead(MessageToMessageDecoder.java:102)\n\tat io.netty.channel.AbstractChannelHandlerContext.invokeChannelRead(AbstractChannelHandler...
[38;5;85m[3bd035d8][0m[38;5;-130m[AndroidUiautomator2Driver@12c7][0m Got response with status 404: {"sessionId":null,"value":{"error":"unknown command","message":"The requested resource could not be found, or a request was received using an HTTP method that is not supported by the mapped resource","stacktrace":"io.appium.uiautomator2.common.exceptions.UnknownCommandException: The requested resource could not be found, or a request was received using an HTTP method that is not supported by the mapped resource\n\tat io.appium.uiautomator2.http.ServerHandler.channelRead(ServerHandler.java:84)\n\tat io.netty.channel.AbstractChannelHandlerContext.invokeChannelRead(AbstractChannelHandlerContext.java:366)\n\tat io.netty.channel.AbstractChannelHandlerContext.invokeChannelRead(AbstractChannelHandlerContext.java:352)\n\tat io.netty.channel.AbstractChannelHandlerContext.fireChannelRead(AbstractChannelHandlerContext.java:345)\n\tat io.netty.handler.codec.MessageToMessageDecoder.channelRead(MessageToMessageDecoder.java:102)\n\tat io.netty.channel.AbstractChannelHandlerContext.invokeChannelRead(AbstractChannelHandler...
[38;5;85m[3bd035d8][0m[38;5;-130m[AndroidUiautomator2Driver@12c7][0m Screen already unlocked, doing nothing
[38;5;85m[3bd035d8][0m[38;5;-130m[AndroidUiautomator2Driver@12c7][0m Starting 'com.westgate.rewrite2/com.westgate.rewrite2.MainActivity' and waiting for 'com.westgate.rewrite2/com.westgate.rewrite2.MainActivity'
[38;5;85m[3bd035d8][0m[38;5;149m[AppiumDriver@1842][0m New AndroidUiautomator2Driver session created successfully, session 3bd035d8-7c57-4609-a368-8350116e8b6d added to master session list
[38;5;85m[3bd035d8][0m[38;5;86m[HTTP][0m [37m<-- POST /wd/hub/session [39m[32m200[39m [90m64512 ms - 1192[39m [90m[39m
[38;5;86m[HTTP][0m [37m-->[39m [37mGET[39m [37m/wd/hub/status[39m [90m{}[39m
[38;5;86m[HTTP][0m [37m<-- GET /wd/hub/status [39m[32m200[39m [90m1 ms - 111[39m [90m[39m
[38;5;85m[3bd035d8][0m[38;5;86m[HTTP][0m [37m-->[39m [37mPOST[39m [37m/wd/hub/session/3bd035d8-7c57-4609-a368-8350116e8b6d/timeouts[39m [90m{"implicit":30000}[39m
[38;5;85m[3bd035d8][0m[38;5;86m[HTTP][0m [37m<-- POST /wd/hub/session/3bd035d8-7c57-4609-a368-8350116e8b6d/timeouts [39m[32m200[39m [90m6 ms - 14[39m [90m[39m
[38;5;85m[3bd035d8][0m[38;5;86m[HTTP][0m [37m-->[39m [37mPOST[39m [37m/wd/hub/session/3bd035d8-7c57-4609-a368-8350116e8b6d/execute/sync[39m [90m{"args":[],"script":"mobile: getSystemBars"}[39m
[38;5;85m[3bd035d8][0m[38;5;86m[HTTP][0m [37m<-- POST /wd/hub/session/3bd035d8-7c57-4609-a368-8350116e8b6d/execute/sync [39m[32m200[39m [90m136 ms - 151[39m [90m[39m
[38;5;85m[3bd035d8][0m[38;5;86m[HTTP][0m [37m-->[39m [37mPOST[39m [37m/wd/hub/session/3bd035d8-7c57-4609-a368-8350116e8b6d/timeouts[39m [90m{"implicit":50}[39m
[38;5;85m[3bd035d8][0m[38;5;86m[HTTP][0m [37m<-- POST /wd/hub/session/3bd035d8-7c57-4609-a368-8350116e8b6d/timeouts [39m[32m200[39m [90m4 ms - 14[39m [90m[39m
[38;5;85m[3bd035d8][0m[38;5;86m[HTTP][0m [37m-->[39m [37mGET[39m [37m/wd/hub/session/3bd035d8-7c57-4609-a368-8350116e8b6d/window/rect[39m [90m{}[39m
[38;5;85m[3bd035d8][0m[38;5;86m[HTTP][0m [37m<-- GET /wd/hub/session/3bd035d8-7c57-4609-a368-8350116e8b6d/window/rect [39m[32m200[39m [90m39 ms - 50[39m [90m[39m
[38;5;85m[3bd035d8][0m[38;5;86m[HTTP][0m [37m-->[39m [37mPOST[39m [37m/wd/hub/session/3bd035d8-7c57-4609-a368-8350116e8b6d/elements[39m [90m{"value":"//*[@class = 'android.widget.Button' and (@text = 'Login or Sign Up' or . = 'Login or Sign Up')]","using":"xpath"}[39m
[38;5;85m[3bd035d8][0m[38;5;86m[HTTP][0m [37m<-- POST /wd/hub/session/3bd035d8-7c57-4609-a368-8350116e8b6d/elements [39m[32m200[39m [90m515 ms - 139[39m [90m[39m
[38;5;85m[3bd035d8][0m[38;5;86m[HTTP][0m [37m-->[39m [37mGET[39m [37m/wd/hub/session/3bd035d8-7c57-4609-a368-8350116e8b6d/element/00000000-0000-0a84-0000-00ab00000007/rect[39m [90m{}[39m
[38;5;85m[3bd035d8][0m[38;5;-130m[AndroidUiautomator2Driver@12c7][0m Driver proxy active, passing request on via HTTP proxy
[38;5;85m[3bd035d8][0m[38;5;-130m[AndroidUiautomator2Driver@12c7][0m Replacing sessionId 765fd1c0-4ebf-4c2f-a718-a375c0d91086 with 3bd035d8-7c57-4609-a368-8350116e8b6d
[38;5;85m[3bd035d8][0m[38;5;86m[HTTP][0m [37m<-- GET /wd/hub/session/3bd035d8-7c57-4609-a368-8350116e8b6d/element/00000000-0000-0a84-0000-00ab00000007/rect [39m[32m200[39m [90m29 ms - 103[39m [90m[39m
[38;5;85m[3bd035d8][0m[38;5;86m[HTTP][0m [37m-->[39m [37mPOST[39m [37m/wd/hub/session/3bd035d8-7c57-4609-a368-8350116e8b6d/timeouts[39m [90m{"implicit":30000}[39m
[38;5;85m[3bd035d8][0m[38;5;86m[HTTP][0m [37m<-- POST /wd/hub/session/3bd035d8-7c57-4609-a368-8350116e8b6d/timeouts [39m[32m200[39m [90m2 ms - 14[39m [90m[39m
[38;5;85m[3bd035d8][0m[38;5;86m[HTTP][0m [37m-->[39m [37mPOST[39m [37m/wd/hub/session/3bd035d8-7c57-4609-a368-8350116e8b6d/element/00000000-0000-0a84-0000-00ab00000007/click[39m [90m{"id":"00000000-0000-0a84-0000-00ab00000007"}[39m
[38;5;85m[3bd035d8][0m[38;5;86m[HTTP][0m [37m<-- POST /wd/hub/session/3bd035d8-7c57-4609-a368-8350116e8b6d/element/00000000-0000-0a84-0000-00ab00000007/click [39m[32m200[39m [90m89 ms - 14[39m [90m[39m
[38;5;85m[3bd035d8][0m[38;5;86m[HTTP][0m [37m-->[39m [37mPOST[39m [37m/wd/hub/session/3bd035d8-7c57-4609-a368-8350116e8b6d/timeouts[39m [90m{"implicit":50}[39m
[38;5;85m[3bd035d8][0m[38;5;86m[HTTP][0m [37m<-- POST /wd/hub/session/3bd035d8-7c57-4609-a368-8350116e8b6d/timeouts [39m[32m200[39m [90m4 ms - 14[39m [90m[39m
[38;5;85m[3bd035d8][0m[38;5;86m[HTTP][0m [37m-->[39m [37mGET[39m [37m/wd/hub/session/3bd035d8-7c57-4609-a368-8350116e8b6d/window/rect[39m [90m{}[39m
[38;5;85m[3bd035d8][0m[38;5;86m[HTTP][0m [37m<-- GET /wd/hub/session/3bd035d8-7c57-4609-a368-8350116e8b6d/window/rect [39m[32m200[39m [90m22 ms - 50[39m [90m[39m
[38;5;85m[3bd035d8][0m[38;5;86m[HTTP][0m [37m-->[39m [37mPOST[39m [37m/wd/hub/session/3bd035d8-7c57-4609-a368-8350116e8b6d/elements[39m [90m{"value":"//*[@class = 'android.widget.EditText' and @resource-id = 'ion-input-0' and (@text = '' or . = '')]","using":"xpath"}[39m
[38;5;85m[3bd035d8][0m[38;5;86m[HTTP][0m [37m<-- POST /wd/hub/session/3bd035d8-7c57-4609-a368-8350116e8b6d/elements [39m[32m200[39m [90m315 ms - 139[39m [90m[39m
[38;5;85m[3bd035d8][0m[38;5;86m[HTTP][0m [37m-->[39m [37mGET[39m [37m/wd/hub/session/3bd035d8-7c57-4609-a368-8350116e8b6d/element/00000000-0000-0a84-0000-00e100000007/rect[39m [90m{}[39m
[38;5;85m[3bd035d8][0m[38;5;-130m[AndroidUiautomator2Driver@12c7][0m Driver proxy active, passing request on via HTTP proxy
[38;5;85m[3bd035d8][0m[38;5;-130m[AndroidUiautomator2Driver@12c7][0m Replacing sessionId 765fd1c0-4ebf-4c2f-a718-a375c0d91086 with 3bd035d8-7c57-4609-a368-8350116e8b6d
[38;5;85m[3bd035d8][0m[38;5;86m[HTTP][0m [37m<-- GET /wd/hub/session/3bd035d8-7c57-4609-a368-8350116e8b6d/element/00000000-0000-0a84-0000-00e100000007/rect [39m[32m200[39m [90m31 ms - 103[39m [90m[39m
[38;5;85m[3bd035d8][0m[38;5;86m[HTTP][0m [37m-->[39m [37mPOST[39m [37m/wd/hub/session/3bd035d8-7c57-4609-a368-8350116e8b6d/timeouts[39m [90m{"implicit":30000}[39m
[38;5;85m[3bd035d8][0m[38;5;86m[HTTP][0m [37m<-- POST /wd/hub/session/3bd035d8-7c57-4609-a368-8350116e8b6d/timeouts [39m[32m200[39m [90m2 ms - 14[39m [90m[39m
[38;5;85m[3bd035d8][0m[38;5;86m[HTTP][0m [37m-->[39m [37mPOST[39m [37m/wd/hub/session/3bd035d8-7c57-4609-a368-8350116e8b6d/element/00000000-0000-0a84-0000-00e100000007/clear[39m [90m{"id":"00000000-0000-0a84-0000-00e100000007"}[39m
[38;5;85m[3bd035d8][0m[38;5;86m[HTTP][0m [37m<-- POST /wd/hub/session/3bd035d8-7c57-4609-a368-8350116e8b6d/element/00000000-0000-0a84-0000-00e100000007/clear [39m[32m200[39m [90m33 ms - 14[39m [90m[39m
[38;5;85m[3bd035d8][0m[38;5;86m[HTTP][0m [37m-->[39m [37mPOST[39m [37m/wd/hub/session/3bd035d8-7c57-4609-a368-8350116e8b6d/element/00000000-0000-0a84-0000-00e100000007/click[39m [90m{"id":"00000000-0000-0a84-0000-00e100000007"}[39m
[38;5;85m[3bd035d8][0m[38;5;86m[HTTP][0m [37m<-- POST /wd/hub/session/3bd035d8-7c57-4609-a368-8350116e8b6d/element/00000000-0000-0a84-0000-00e100000007/click [39m[32m200[39m [90m98 ms - 14[39m [90m[39m
[38;5;85m[3bd035d8][0m[38;5;86m[HTTP][0m [37m-->[39m [37mPOST[39m [37m/wd/hub/session/3bd035d8-7c57-4609-a368-8350116e8b6d/element/00000000-0000-0a84-0000-00e100000007/value[39m [90m{"value":["d","h","o","n","i","@","g","m","a","i","l",".","c","o","m"],"text":"dhoni@gmail.com","id":"00000000-0000-0a84-0000-00e100000007"}[39m
[38;5;85m[3bd035d8][0m[38;5;86m[HTTP][0m [37m<-- POST /wd/hub/session/3bd035d8-7c57-4609-a368-8350116e8b6d/element/00000000-0000-0a84-0000-00e100000007/value [39m[32m200[39m [90m89 ms - 14[39m [90m[39m
[38;5;85m[3bd035d8][0m[38;5;86m[HTTP][0m [37m-->[39m [37mGET[39m [37m/wd/hub/session/3bd035d8-7c57-4609-a368-8350116e8b6d/context[39m [90m{}[39m
[38;5;85m[3bd035d8][0m[38;5;86m[HTTP][0m [37m<-- GET /wd/hub/session/3bd035d8-7c57-4609-a368-8350116e8b6d/context [39m[32m200[39m [90m3 ms - 22[39m [90m[39m
[38;5;85m[3bd035d8][0m[38;5;86m[HTTP][0m [37m-->[39m [37mGET[39m [37m/wd/hub/session/3bd035d8-7c57-4609-a368-8350116e8b6d/contexts[39m [90m{}[39m
[38;5;85m[3bd035d8][0m[38;5;-130m[AndroidUiautomator2Driver@12c7][0m Skipping the webview 'WEBVIEW_stetho_com.google.android.apps.messaging' at '@stetho_com.google.android.apps.messaging_devtools_remote' since it has reported having zero pages
[38;5;85m[3bd035d8][0m[38;5;86m[HTTP][0m [37m<-- GET /wd/hub/session/3bd035d8-7c57-4609-a368-8350116e8b6d/contexts [39m[32m200[39m [90m313 ms - 24[39m [90m[39m
[38;5;85m[3bd035d8][0m[38;5;86m[HTTP][0m [37m-->[39m [37mPOST[39m [37m/wd/hub/session/3bd035d8-7c57-4609-a368-8350116e8b6d/context[39m [90m{"name":"NATIVE_APP"}[39m
[38;5;85m[3bd035d8][0m[38;5;86m[HTTP][0m [37m<-- POST /wd/hub/session/3bd035d8-7c57-4609-a368-8350116e8b6d/context [39m[32m200[39m [90m1 ms - 14[39m [90m[39m
[38;5;85m[3bd035d8][0m[38;5;86m[HTTP][0m [37m-->[39m [37mPOST[39m [37m/wd/hub/session/3bd035d8-7c57-4609-a368-8350116e8b6d/execute/sync[39m [90m{"args":[],"script":"mobile: hideKeyboard"}[39m
[38;5;85m[3bd035d8][0m[38;5;86m[HTTP][0m [37m<-- POST /wd/hub/session/3bd035d8-7c57-4609-a368-8350116e8b6d/execute/sync [39m[32m200[39m [90m972 ms - 14[39m [90m[39m
[38;5;85m[3bd035d8][0m[38;5;86m[HTTP][0m [37m-->[39m [37mPOST[39m [37m/wd/hub/session/3bd035d8-7c57-4609-a368-8350116e8b6d/context[39m [90m{"name":"NATIVE_APP"}[39m
[38;5;85m[3bd035d8][0m[38;5;86m[HTTP][0m [37m<-- POST /wd/hub/session/3bd035d8-7c57-4609-a368-8350116e8b6d/context [39m[32m200[39m [90m3 ms - 14[39m [90m[39m
[38;5;85m[3bd035d8][0m[38;5;86m[HTTP][0m [37m-->[39m [37mPOST[39m [37m/wd/hub/session/3bd035d8-7c57-4609-a368-8350116e8b6d/timeouts[39m [90m{"implicit":50}[39m
[38;5;85m[3bd035d8][0m[38;5;86m[HTTP][0m [37m<-- POST /wd/hub/session/3bd035d8-7c57-4609-a368-8350116e8b6d/timeouts [39m[32m200[39m [90m1 ms - 14[39m [90m[39m
[38;5;85m[3bd035d8][0m[38;5;86m[HTTP][0m [37m-->[39m [37mGET[39m [37m/wd/hub/session/3bd035d8-7c57-4609-a368-8350116e8b6d/window/rect[39m [90m{}[39m
[38;5;85m[3bd035d8][0m[38;5;86m[HTTP][0m [37m<-- GET /wd/hub/session/3bd035d8-7c57-4609-a368-8350116e8b6d/window/rect [39m[32m200[39m [90m24 ms - 50[39m [90m[39m
[38;5;85m[3bd035d8][0m[38;5;86m[HTTP][0m [37m-->[39m [37mPOST[39m [37m/wd/hub/session/3bd035d8-7c57-4609-a368-8350116e8b6d/elements[39m [90m{"value":"//*[@class = 'android.widget.Button' and (@text = 'Next' or . = 'Next')]","using":"xpath"}[39m
[38;5;85m[3bd035d8][0m[38;5;86m[HTTP][0m [37m<-- POST /wd/hub/session/3bd035d8-7c57-4609-a368-8350116e8b6d/elements [39m[32m200[39m [90m291 ms - 139[39m [90m[39m
[38;5;85m[3bd035d8][0m[38;5;86m[HTTP][0m [37m-->[39m [37mGET[39m [37m/wd/hub/session/3bd035d8-7c57-4609-a368-8350116e8b6d/element/00000000-0000-0a84-0000-00d900000007/rect[39m [90m{}[39m
[38;5;85m[3bd035d8][0m[38;5;-130m[AndroidUiautomator2Driver@12c7][0m Driver proxy active, passing request on via HTTP proxy
[38;5;85m[3bd035d8][0m[38;5;-130m[AndroidUiautomator2Driver@12c7][0m Replacing sessionId 765fd1c0-4ebf-4c2f-a718-a375c0d91086 with 3bd035d8-7c57-4609-a368-8350116e8b6d
[38;5;85m[3bd035d8][0m[38;5;86m[HTTP][0m [37m<-- GET /wd/hub/session/3bd035d8-7c57-4609-a368-8350116e8b6d/element/00000000-0000-0a84-0000-00d900000007/rect [39m[32m200[39m [90m28 ms - 103[39m [90m[39m
[38;5;85m[3bd035d8][0m[38;5;86m[HTTP][0m [37m-->[39m [37mPOST[39m [37m/wd/hub/session/3bd035d8-7c57-4609-a368-8350116e8b6d/timeouts[39m [90m{"implicit":30000}[39m
[38;5;85m[3bd035d8][0m[38;5;86m[HTTP][0m [37m<-- POST /wd/hub/session/3bd035d8-7c57-4609-a368-8350116e8b6d/timeouts [39m[32m200[39m [90m1 ms - 14[39m [90m[39m
[38;5;85m[3bd035d8][0m[38;5;86m[HTTP][0m [37m-->[39m [37mPOST[39m [37m/wd/hub/session/3bd035d8-7c57-4609-a368-8350116e8b6d/element/00000000-0000-0a84-0000-00d900000007/click[39m [90m{"id":"00000000-0000-0a84-0000-00d900000007"}[39m
[38;5;85m[3bd035d8][0m[38;5;86m[HTTP][0m [37m<-- POST /wd/hub/session/3bd035d8-7c57-4609-a368-8350116e8b6d/element/00000000-0000-0a84-0000-00d900000007/click [39m[32m200[39m [90m60 ms - 14[39m [90m[39m
[38;5;85m[3bd035d8][0m[38;5;86m[HTTP][0m [37m-->[39m [37mPOST[39m [37m/wd/hub/session/3bd035d8-7c57-4609-a368-8350116e8b6d/timeouts[39m [90m{"implicit":50}[39m
[38;5;85m[3bd035d8][0m[38;5;86m[HTTP][0m [37m<-- POST /wd/hub/session/3bd035d8-7c57-4609-a368-8350116e8b6d/timeouts [39m[32m200[39m [90m2 ms - 14[39m [90m[39m
[38;5;85m[3bd035d8][0m[38;5;86m[HTTP][0m [37m-->[39m [37mGET[39m [37m/wd/hub/session/3bd035d8-7c57-4609-a368-8350116e8b6d/window/rect[39m [90m{}[39m
[38;5;85m[3bd035d8][0m[38;5;86m[HTTP][0m [37m<-- GET /wd/hub/session/3bd035d8-7c57-4609-a368-8350116e8b6d/window/rect [39m[32m200[39m [90m22 ms - 50[39m [90m[39m
[38;5;85m[3bd035d8][0m[38;5;86m[HTTP][0m [37m-->[39m [37mPOST[39m [37m/wd/hub/session/3bd035d8-7c57-4609-a368-8350116e8b6d/elements[39m [90m{"value":"//hierarchy/android.widget.FrameLayout[1]/android.widget.LinearLayout[1]/android.widget.FrameLayout[1]/android.widget.LinearLayout[1]/android.widget.FrameLayout[1]/android.view.ViewGroup[1]/android.webkit.WebView[1]/android.webkit.WebView[1]/android.view.View[1]/android.view.View[1]/android.view.View[1]/android.view.View[1]/android.view.View[2]/android.view.View[1]/android.view.View[1]/android.view.View[1]/android.view.View[2]/android.view.View[1]/android.view.View[1]/android.widget.EditText[1]","using":"xpath"}[39m
[38;5;85m[3bd035d8][0m[38;5;86m[HTTP][0m [37m<-- POST /wd/hub/session/3bd035d8-7c57-4609-a368-8350116e8b6d/elements [39m[32m200[39m [90m126 ms - 139[39m [90m[39m
[38;5;85m[3bd035d8][0m[38;5;86m[HTTP][0m [37m-->[39m [37mGET[39m [37m/wd/hub/session/3bd035d8-7c57-4609-a368-8350116e8b6d/element/00000000-0000-0a84-0000-014000000007/rect[39m [90m{}[39m
[38;5;85m[3bd035d8][0m[38;5;-130m[AndroidUiautomator2Driver@12c7][0m Driver proxy active, passing request on via HTTP proxy
[38;5;85m[3bd035d8][0m[38;5;-130m[AndroidUiautomator2Driver@12c7][0m Replacing sessionId 765fd1c0-4ebf-4c2f-a718-a375c0d91086 with 3bd035d8-7c57-4609-a368-8350116e8b6d
[38;5;85m[3bd035d8][0m[38;5;86m[HTTP][0m [37m<-- GET /wd/hub/session/3bd035d8-7c57-4609-a368-8350116e8b6d/element/00000000-0000-0a84-0000-014000000007/rect [39m[32m200[39m [90m29 ms - 103[39m [90m[39m
[38;5;85m[3bd035d8][0m[38;5;86m[HTTP][0m [37m-->[39m [37mPOST[39m [37m/wd/hub/session/3bd035d8-7c57-4609-a368-8350116e8b6d/timeouts[39m [90m{"implicit":30000}[39m
[38;5;85m[3bd035d8][0m[38;5;86m[HTTP][0m [37m<-- POST /wd/hub/session/3bd035d8-7c57-4609-a368-8350116e8b6d/timeouts [39m[32m200[39m [90m1 ms - 14[39m [90m[39m
[38;5;85m[3bd035d8][0m[38;5;86m[HTTP][0m [37m-->[39m [37mPOST[39m [37m/wd/hub/session/3bd035d8-7c57-4609-a368-8350116e8b6d/element/00000000-0000-0a84-0000-014000000007/clear[39m [90m{"id":"00000000-0000-0a84-0000-014000000007"}[39m
[38;5;85m[3bd035d8][0m[38;5;86m[HTTP][0m [37m<-- POST /wd/hub/session/3bd035d8-7c57-4609-a368-8350116e8b6d/element/00000000-0000-0a84-0000-014000000007/clear [39m[32m200[39m [90m27 ms - 14[39m [90m[39m
[38;5;85m[3bd035d8][0m[38;5;86m[HTTP][0m [37m-->[39m [37mPOST[39m [37m/wd/hub/session/3bd035d8-7c57-4609-a368-8350116e8b6d/element/00000000-0000-0a84-0000-014000000007/click[39m [90m{"id":"00000000-0000-0a84-0000-014000000007"}[39m
[38;5;85m[3bd035d8][0m[38;5;86m[HTTP][0m [37m<-- POST /wd/hub/session/3bd035d8-7c57-4609-a368-8350116e8b6d/element/00000000-0000-0a84-0000-014000000007/click [39m[32m200[39m [90m97 ms - 14[39m [90m[39m
[38;5;85m[3bd035d8][0m[38;5;86m[HTTP][0m [37m-->[39m [37mPOST[39m [37m/wd/hub/session/3bd035d8-7c57-4609-a368-8350116e8b6d/element/00000000-0000-0a84-0000-014000000007/value[39m [90m{"value":["d","h","o","n","i","@","g","m","a","i","l",".","c","o","m"],"text":"dhoni@gmail.com","id":"00000000-0000-0a84-0000-014000000007"}[39m
[38;5;85m[3bd035d8][0m[38;5;86m[HTTP][0m [37m<-- POST /wd/hub/session/3bd035d8-7c57-4609-a368-8350116e8b6d/element/00000000-0000-0a84-0000-014000000007/value [39m[32m200[39m [90m1138 ms - 14[39m [90m[39m
[38;5;85m[3bd035d8][0m[38;5;86m[HTTP][0m [37m-->[39m [37mGET[39m [37m/wd/hub/session/3bd035d8-7c57-4609-a368-8350116e8b6d/context[39m [90m{}[39m
[38;5;85m[3bd035d8][0m[38;5;86m[HTTP][0m [37m<-- GET /wd/hub/session/3bd035d8-7c57-4609-a368-8350116e8b6d/context [39m[32m200[39m [90m3 ms - 22[39m [90m[39m
[38;5;85m[3bd035d8][0m[38;5;86m[HTTP][0m [37m-->[39m [37mGET[39m [37m/wd/hub/session/3bd035d8-7c57-4609-a368-8350116e8b6d/contexts[39m [90m{}[39m
[38;5;85m[3bd035d8][0m[38;5;-130m[AndroidUiautomator2Driver@12c7][0m Skipping the webview 'WEBVIEW_stetho_com.google.android.apps.messaging' at '@stetho_com.google.android.apps.messaging_devtools_remote' since it has reported having zero pages
[38;5;85m[3bd035d8][0m[38;5;86m[HTTP][0m [37m<-- GET /wd/hub/session/3bd035d8-7c57-4609-a368-8350116e8b6d/contexts [39m[32m200[39m [90m382 ms - 24[39m [90m[39m
[38;5;85m[3bd035d8][0m[38;5;86m[HTTP][0m [37m-->[39m [37mPOST[39m [37m/wd/hub/session/3bd035d8-7c57-4609-a368-8350116e8b6d/context[39m [90m{"name":"NATIVE_APP"}[39m
[38;5;85m[3bd035d8][0m[38;5;86m[HTTP][0m [37m<-- POST /wd/hub/session/3bd035d8-7c57-4609-a368-8350116e8b6d/context [39m[32m200[39m [90m1 ms - 14[39m [90m[39m
[38;5;85m[3bd035d8][0m[38;5;86m[HTTP][0m [37m-->[39m [37mPOST[39m [37m/wd/hub/session/3bd035d8-7c57-4609-a368-8350116e8b6d/execute/sync[39m [90m{"args":[],"script":"mobile: hideKeyboard"}[39m
[38;5;85m[3bd035d8][0m[38;5;86m[HTTP][0m [37m<-- POST /wd/hub/session/3bd035d8-7c57-4609-a368-8350116e8b6d/execute/sync [39m[32m200[39m [90m612 ms - 14[39m [90m[39m
[38;5;85m[3bd035d8][0m[38;5;86m[HTTP][0m [37m-->[39m [37mPOST[39m [37m/wd/hub/session/3bd035d8-7c57-4609-a368-8350116e8b6d/context[39m [90m{"name":"NATIVE_APP"}[39m
[38;5;85m[3bd035d8][0m[38;5;86m[HTTP][0m [37m<-- POST /wd/hub/session/3bd035d8-7c57-4609-a368-8350116e8b6d/context [39m[32m200[39m [90m1 ms - 14[39m [90m[39m
[38;5;85m[3bd035d8][0m[38;5;86m[HTTP][0m [37m-->[39m [37mPOST[39m [37m/wd/hub/session/3bd035d8-7c57-4609-a368-8350116e8b6d/timeouts[39m [90m{"implicit":50}[39m
[38;5;85m[3bd035d8][0m[38;5;86m[HTTP][0m [37m<-- POST /wd/hub/session/3bd035d8-7c57-4609-a368-8350116e8b6d/timeouts [39m[32m200[39m [90m1 ms - 14[39m [90m[39m
[38;5;85m[3bd035d8][0m[38;5;86m[HTTP][0m [37m-->[39m [37mGET[39m [37m/wd/hub/session/3bd035d8-7c57-4609-a368-8350116e8b6d/window/rect[39m [90m{}[39m
[38;5;85m[3bd035d8][0m[38;5;86m[HTTP][0m [37m<-- GET /wd/hub/session/3bd035d8-7c57-4609-a368-8350116e8b6d/window/rect [39m[32m200[39m [90m78 ms - 50[39m [90m[39m
[38;5;85m[3bd035d8][0m[38;5;86m[HTTP][0m [37m-->[39m [37mPOST[39m [37m/wd/hub/session/3bd035d8-7c57-4609-a368-8350116e8b6d/elements[39m [90m{"value":"//*[@class = 'android.widget.Button' and (@text = 'Next' or . = 'Next')]","using":"xpath"}[39m
[38;5;85m[3bd035d8][0m[38;5;86m[HTTP][0m [37m<-- POST /wd/hub/session/3bd035d8-7c57-4609-a368-8350116e8b6d/elements [39m[32m200[39m [90m146 ms - 139[39m [90m[39m
[38;5;85m[3bd035d8][0m[38;5;86m[HTTP][0m [37m-->[39m [37mGET[39m [37m/wd/hub/session/3bd035d8-7c57-4609-a368-8350116e8b6d/element/00000000-0000-0a84-0000-012d00000007/rect[39m [90m{}[39m
[38;5;85m[3bd035d8][0m[38;5;-130m[AndroidUiautomator2Driver@12c7][0m Driver proxy active, passing request on via HTTP proxy
[38;5;85m[3bd035d8][0m[38;5;-130m[AndroidUiautomator2Driver@12c7][0m Replacing sessionId 765fd1c0-4ebf-4c2f-a718-a375c0d91086 with 3bd035d8-7c57-4609-a368-8350116e8b6d
[38;5;85m[3bd035d8][0m[38;5;86m[HTTP][0m [37m<-- GET /wd/hub/session/3bd035d8-7c57-4609-a368-8350116e8b6d/element/00000000-0000-0a84-0000-012d00000007/rect [39m[32m200[39m [90m26 ms - 103[39m [90m[39m
[38;5;85m[3bd035d8][0m[38;5;86m[HTTP][0m [37m-->[39m [37mPOST[39m [37m/wd/hub/session/3bd035d8-7c57-4609-a368-8350116e8b6d/timeouts[39m [90m{"implicit":30000}[39m
[38;5;85m[3bd035d8][0m[38;5;86m[HTTP][0m [37m<-- POST /wd/hub/session/3bd035d8-7c57-4609-a368-8350116e8b6d/timeouts [39m[32m200[39m [90m1 ms - 14[39m [90m[39m
[38;5;85m[3bd035d8][0m[38;5;86m[HTTP][0m [37m-->[39m [37mPOST[39m [37m/wd/hub/session/3bd035d8-7c57-4609-a368-8350116e8b6d/element/00000000-0000-0a84-0000-012d00000007/click[39m [90m{"id":"00000000-0000-0a84-0000-012d00000007"}[39m
[38;5;85m[3bd035d8][0m[38;5;86m[HTTP][0m [37m<-- POST /wd/hub/session/3bd035d8-7c57-4609-a368-8350116e8b6d/element/00000000-0000-0a84-0000-012d00000007/click [39m[32m200[39m [90m67 ms - 14[39m [90m[39m
[38;5;85m[3bd035d8][0m[38;5;86m[HTTP][0m [37m-->[39m [37mPOST[39m [37m/wd/hub/session/3bd035d8-7c57-4609-a368-8350116e8b6d/timeouts[39m [90m{"implicit":50}[39m
[38;5;85m[3bd035d8][0m[38;5;86m[HTTP][0m [37m<-- POST /wd/hub/session/3bd035d8-7c57-4609-a368-8350116e8b6d/timeouts [39m[32m200[39m [90m4 ms - 14[39m [90m[39m
[38;5;85m[3bd035d8][0m[38;5;86m[HTTP][0m [37m-->[39m [37mGET[39m [37m/wd/hub/session/3bd035d8-7c57-4609-a368-8350116e8b6d/window/rect[39m [90m{}[39m
[38;5;85m[3bd035d8][0m[38;5;86m[HTTP][0m [37m<-- GET /wd/hub/session/3bd035d8-7c57-4609-a368-8350116e8b6d/window/rect [39m[32m200[39m [90m19 ms - 50[39m [90m[39m
[38;5;85m[3bd035d8][0m[38;5;86m[HTTP][0m [37m-->[39m [37mPOST[39m [37m/wd/hub/session/3bd035d8-7c57-4609-a368-8350116e8b6d/elements[39m [90m{"value":"//android.widget.EditText[@resource-id='ion-input-4']\r\n","using":"xpath"}[39m
[38;5;85m[3bd035d8][0m[38;5;86m[HTTP][0m [37m<-- POST /wd/hub/session/3bd035d8-7c57-4609-a368-8350116e8b6d/elements [39m[32m200[39m [90m731 ms - 139[39m [90m[39m
[38;5;85m[3bd035d8][0m[38;5;86m[HTTP][0m [37m-->[39m [37mGET[39m [37m/wd/hub/session/3bd035d8-7c57-4609-a368-8350116e8b6d/element/00000000-0000-0a84-0000-018900000007/rect[39m [90m{}[39m
[38;5;85m[3bd035d8][0m[38;5;-130m[AndroidUiautomator2Driver@12c7][0m Driver proxy active, passing request on via HTTP proxy
[38;5;85m[3bd035d8][0m[38;5;-130m[AndroidUiautomator2Driver@12c7][0m Replacing sessionId 765fd1c0-4ebf-4c2f-a718-a375c0d91086 with 3bd035d8-7c57-4609-a368-8350116e8b6d
[38;5;85m[3bd035d8][0m[38;5;86m[HTTP][0m [37m<-- GET /wd/hub/session/3bd035d8-7c57-4609-a368-8350116e8b6d/element/00000000-0000-0a84-0000-018900000007/rect [39m[32m200[39m [90m39 ms - 103[39m [90m[39m
[38;5;85m[3bd035d8][0m[38;5;86m[HTTP][0m [37m-->[39m [37mPOST[39m [37m/wd/hub/session/3bd035d8-7c57-4609-a368-8350116e8b6d/timeouts[39m [90m{"implicit":30000}[39m
[38;5;85m[3bd035d8][0m[38;5;86m[HTTP][0m [37m<-- POST /wd/hub/session/3bd035d8-7c57-4609-a368-8350116e8b6d/timeouts [39m[32m200[39m [90m2 ms - 14[39m [90m[39m
[38;5;85m[3bd035d8][0m[38;5;86m[HTTP][0m [37m-->[39m [37mPOST[39m [37m/wd/hub/session/3bd035d8-7c57-4609-a368-8350116e8b6d/element/00000000-0000-0a84-0000-018900000007/clear[39m [90m{"id":"00000000-0000-0a84-0000-018900000007"}[39m
[38;5;85m[3bd035d8][0m[38;5;86m[HTTP][0m [37m<-- POST /wd/hub/session/3bd035d8-7c57-4609-a368-8350116e8b6d/element/00000000-0000-0a84-0000-018900000007/clear [39m[32m200[39m [90m28 ms - 14[39m [90m[39m
[38;5;85m[3bd035d8][0m[38;5;86m[HTTP][0m [37m-->[39m [37mPOST[39m [37m/wd/hub/session/3bd035d8-7c57-4609-a368-8350116e8b6d/element/00000000-0000-0a84-0000-018900000007/click[39m [90m{"id":"00000000-0000-0a84-0000-018900000007"}[39m
[38;5;85m[3bd035d8][0m[38;5;86m[HTTP][0m [37m<-- POST /wd/hub/session/3bd035d8-7c57-4609-a368-8350116e8b6d/element/00000000-0000-0a84-0000-018900000007/click [39m[32m200[39m [90m87 ms - 14[39m [90m[39m
[38;5;85m[3bd035d8][0m[38;5;86m[HTTP][0m [37m-->[39m [37mPOST[39m [37m/wd/hub/session/3bd035d8-7c57-4609-a368-8350116e8b6d/element/00000000-0000-0a84-0000-018900000007/value[39m [90m{"value":["D","h","o","n","i"],"text":"Dhoni","id":"00000000-0000-0a84-0000-018900000007"}[39m
[38;5;85m[3bd035d8][0m[38;5;86m[HTTP][0m [37m<-- POST /wd/hub/session/3bd035d8-7c57-4609-a368-8350116e8b6d/element/00000000-0000-0a84-0000-018900000007/value [39m[32m200[39m [90m87 ms - 14[39m [90m[39m
[38;5;85m[3bd035d8][0m[38;5;86m[HTTP][0m [37m-->[39m [37mGET[39m [37m/wd/hub/session/3bd035d8-7c57-4609-a368-8350116e8b6d/context[39m [90m{}[39m
[38;5;85m[3bd035d8][0m[38;5;86m[HTTP][0m [37m<-- GET /wd/hub/session/3bd035d8-7c57-4609-a368-8350116e8b6d/context [39m[32m200[39m [90m1 ms - 22[39m [90m[39m
[38;5;85m[3bd035d8][0m[38;5;86m[HTTP][0m [37m-->[39m [37mGET[39m [37m/wd/hub/session/3bd035d8-7c57-4609-a368-8350116e8b6d/contexts[39m [90m{}[39m
[38;5;85m[3bd035d8][0m[38;5;-130m[AndroidUiautomator2Driver@12c7][0m Skipping the webview 'WEBVIEW_stetho_com.google.android.apps.messaging' at '@stetho_com.google.android.apps.messaging_devtools_remote' since it has reported having zero pages
[38;5;85m[3bd035d8][0m[38;5;86m[HTTP][0m [37m<-- GET /wd/hub/session/3bd035d8-7c57-4609-a368-8350116e8b6d/contexts [39m[32m200[39m [90m255 ms - 24[39m [90m[39m
[38;5;85m[3bd035d8][0m[38;5;86m[HTTP][0m [37m-->[39m [37mPOST[39m [37m/wd/hub/session/3bd035d8-7c57-4609-a368-8350116e8b6d/context[39m [90m{"name":"NATIVE_APP"}[39m
[38;5;85m[3bd035d8][0m[38;5;86m[HTTP][0m [37m<-- POST /wd/hub/session/3bd035d8-7c57-4609-a368-8350116e8b6d/context [39m[32m200[39m [90m2 ms - 14[39m [90m[39m
[38;5;85m[3bd035d8][0m[38;5;86m[HTTP][0m [37m-->[39m [37mPOST[39m [37m/wd/hub/session/3bd035d8-7c57-4609-a368-8350116e8b6d/execute/sync[39m [90m{"args":[],"script":"mobile: hideKeyboard"}[39m
[38;5;85m[3bd035d8][0m[38;5;86m[HTTP][0m [37m<-- POST /wd/hub/session/3bd035d8-7c57-4609-a368-8350116e8b6d/execute/sync [39m[32m200[39m [90m504 ms - 14[39m [90m[39m
[38;5;85m[3bd035d8][0m[38;5;86m[HTTP][0m [37m-->[39m [37mPOST[39m [37m/wd/hub/session/3bd035d8-7c57-4609-a368-8350116e8b6d/context[39m [90m{"name":"NATIVE_APP"}[39m
[38;5;85m[3bd035d8][0m[38;5;86m[HTTP][0m [37m<-- POST /wd/hub/session/3bd035d8-7c57-4609-a368-8350116e8b6d/context [39m[32m200[39m [90m1 ms - 14[39m [90m[39m
[38;5;85m[3bd035d8][0m[38;5;86m[HTTP][0m [37m-->[39m [37mPOST[39m [37m/wd/hub/session/3bd035d8-7c57-4609-a368-8350116e8b6d/timeouts[39m [90m{"implicit":50}[39m
[38;5;85m[3bd035d8][0m[38;5;86m[HTTP][0m [37m<-- POST /wd/hub/session/3bd035d8-7c57-4609-a368-8350116e8b6d/timeouts [39m[32m200[39m [90m2 ms - 14[39m [90m[39m
[38;5;85m[3bd035d8][0m[38;5;86m[HTTP][0m [37m-->[39m [37mGET[39m [37m/wd/hub/session/3bd035d8-7c57-4609-a368-8350116e8b6d/window/rect[39m [90m{}[39m
[38;5;85m[3bd035d8][0m[38;5;86m[HTTP][0m [37m<-- GET /wd/hub/session/3bd035d8-7c57-4609-a368-8350116e8b6d/window/rect [39m[32m200[39m [90m34 ms - 50[39m [90m[39m
[38;5;85m[3bd035d8][0m[38;5;86m[HTTP][0m [37m-->[39m [37mPOST[39m [37m/wd/hub/session/3bd035d8-7c57-4609-a368-8350116e8b6d/elements[39m [90m{"value":"//android.widget.EditText[@resource-id='ion-input-5']","using":"xpath"}[39m
[38;5;85m[3bd035d8][0m[38;5;86m[HTTP][0m [37m<-- POST /wd/hub/session/3bd035d8-7c57-4609-a368-8350116e8b6d/elements [39m[32m200[39m [90m123 ms - 139[39m [90m[39m
[38;5;85m[3bd035d8][0m[38;5;86m[HTTP][0m [37m-->[39m [37mGET[39m [37m/wd/hub/session/3bd035d8-7c57-4609-a368-8350116e8b6d/element/00000000-0000-0a84-0000-019100000007/rect[39m [90m{}[39m
[38;5;85m[3bd035d8][0m[38;5;-130m[AndroidUiautomator2Driver@12c7][0m Driver proxy active, passing request on via HTTP proxy
[38;5;85m[3bd035d8][0m[38;5;-130m[AndroidUiautomator2Driver@12c7][0m Replacing sessionId 765fd1c0-4ebf-4c2f-a718-a375c0d91086 with 3bd035d8-7c57-4609-a368-8350116e8b6d
[38;5;85m[3bd035d8][0m[38;5;86m[HTTP][0m [37m<-- GET /wd/hub/session/3bd035d8-7c57-4609-a368-8350116e8b6d/element/00000000-0000-0a84-0000-019100000007/rect [39m[32m200[39m [90m58 ms - 103[39m [90m[39m
[38;5;85m[3bd035d8][0m[38;5;86m[HTTP][0m [37m-->[39m [37mPOST[39m [37m/wd/hub/session/3bd035d8-7c57-4609-a368-8350116e8b6d/timeouts[39m [90m{"implicit":30000}[39m
[38;5;85m[3bd035d8][0m[38;5;86m[HTTP][0m [37m<-- POST /wd/hub/session/3bd035d8-7c57-4609-a368-8350116e8b6d/timeouts [39m[32m200[39m [90m1 ms - 14[39m [90m[39m
[38;5;85m[3bd035d8][0m[38;5;86m[HTTP][0m [37m-->[39m [37mPOST[39m [37m/wd/hub/session/3bd035d8-7c57-4609-a368-8350116e8b6d/element/00000000-0000-0a84-0000-019100000007/value[39m [90m{"value":["p","a","s","s","w","o","r","d"],"text":"password","id":"00000000-0000-0a84-0000-019100000007"}[39m
[38;5;85m[3bd035d8][0m[38;5;86m[HTTP][0m [37m<-- POST /wd/hub/session/3bd035d8-7c57-4609-a368-8350116e8b6d/element/00000000-0000-0a84-0000-019100000007/value [39m[32m200[39m [90m91 ms - 14[39m [90m[39m
[38;5;85m[3bd035d8][0m[38;5;86m[HTTP][0m [37m-->[39m [37mPOST[39m [37m/wd/hub/session/3bd035d8-7c57-4609-a368-8350116e8b6d/timeouts[39m [90m{"implicit":50}[39m
[38;5;85m[3bd035d8][0m[38;5;86m[HTTP][0m [37m<-- POST /wd/hub/session/3bd035d8-7c57-4609-a368-8350116e8b6d/timeouts [39m[32m200[39m [90m1 ms - 14[39m [90m[39m
[38;5;85m[3bd035d8][0m[38;5;86m[HTTP][0m [37m-->[39m [37mGET[39m [37m/wd/hub/session/3bd035d8-7c57-4609-a368-8350116e8b6d/window/rect[39m [90m{}[39m
[38;5;85m[3bd035d8][0m[38;5;86m[HTTP][0m [37m<-- GET /wd/hub/session/3bd035d8-7c57-4609-a368-8350116e8b6d/window/rect [39m[32m200[39m [90m25 ms - 50[39m [90m[39m
[38;5;85m[3bd035d8][0m[38;5;86m[HTTP][0m [37m-->[39m [37mPOST[39m [37m/wd/hub/session/3bd035d8-7c57-4609-a368-8350116e8b6d/elements[39m [90m{"value":"//android.widget.EditText[@resource-id='ion-input-6']\r\n","using":"xpath"}[39m
[38;5;85m[3bd035d8][0m[38;5;86m[HTTP][0m [37m<-- POST /wd/hub/session/3bd035d8-7c57-4609-a368-8350116e8b6d/elements [39m[32m200[39m [90m101 ms - 139[39m [90m[39m
[38;5;85m[3bd035d8][0m[38;5;86m[HTTP][0m [37m-->[39m [37mGET[39m [37m/wd/hub/session/3bd035d8-7c57-4609-a368-8350116e8b6d/element/00000000-0000-0a84-0000-019700000007/rect[39m [90m{}[39m
[38;5;85m[3bd035d8][0m[38;5;-130m[AndroidUiautomator2Driver@12c7][0m Driver proxy active, passing request on via HTTP proxy
[38;5;85m[3bd035d8][0m[38;5;-130m[AndroidUiautomator2Driver@12c7][0m Replacing sessionId 765fd1c0-4ebf-4c2f-a718-a375c0d91086 with 3bd035d8-7c57-4609-a368-8350116e8b6d
[38;5;85m[3bd035d8][0m[38;5;86m[HTTP][0m [37m<-- GET /wd/hub/session/3bd035d8-7c57-4609-a368-8350116e8b6d/element/00000000-0000-0a84-0000-019700000007/rect [39m[32m200[39m [90m28 ms - 103[39m [90m[39m
[38;5;85m[3bd035d8][0m[38;5;86m[HTTP][0m [37m-->[39m [37mPOST[39m [37m/wd/hub/session/3bd035d8-7c57-4609-a368-8350116e8b6d/timeouts[39m [90m{"implicit":30000}[39m
[38;5;85m[3bd035d8][0m[38;5;86m[HTTP][0m [37m<-- POST /wd/hub/session/3bd035d8-7c57-4609-a368-8350116e8b6d/timeouts [39m[32m200[39m [90m1 ms - 14[39m [90m[39m
[38;5;85m[3bd035d8][0m[38;5;86m[HTTP][0m [37m-->[39m [37mPOST[39m [37m/wd/hub/session/3bd035d8-7c57-4609-a368-8350116e8b6d/element/00000000-0000-0a84-0000-019700000007/value[39m [90m{"value":["p","a","s","s","w","o","r","d"],"text":"password","id":"00000000-0000-0a84-0000-019700000007"}[39m
[38;5;85m[3bd035d8][0m[38;5;86m[HTTP][0m [37m<-- POST /wd/hub/session/3bd035d8-7c57-4609-a368-8350116e8b6d/element/00000000-0000-0a84-0000-019700000007/value [39m[32m200[39m [90m34 ms - 14[39m [90m[39m
[38;5;85m[3bd035d8][0m[38;5;86m[HTTP][0m [37m-->[39m [37mPOST[39m [37m/wd/hub/session/3bd035d8-7c57-4609-a368-8350116e8b6d/timeouts[39m [90m{"implicit":50}[39m
[38;5;85m[3bd035d8][0m[38;5;86m[HTTP][0m [37m<-- POST /wd/hub/session/3bd035d8-7c57-4609-a368-8350116e8b6d/timeouts [39m[32m200[39m [90m2 ms - 14[39m [90m[39m
[38;5;85m[3bd035d8][0m[38;5;86m[HTTP][0m [37m-->[39m [37mGET[39m [37m/wd/hub/session/3bd035d8-7c57-4609-a368-8350116e8b6d/window/rect[39m [90m{}[39m
[38;5;85m[3bd035d8][0m[38;5;86m[HTTP][0m [37m<-- GET /wd/hub/session/3bd035d8-7c57-4609-a368-8350116e8b6d/window/rect [39m[32m200[39m [90m19 ms - 50[39m [90m[39m
[38;5;85m[3bd035d8][0m[38;5;86m[HTTP][0m [37m-->[39m [37mPOST[39m [37m/wd/hub/session/3bd035d8-7c57-4609-a368-8350116e8b6d/elements[39m [90m{"value":"//*[@class = 'android.widget.Button' and (@text = 'Next' or . = 'Next')]","using":"xpath"}[39m
[38;5;85m[3bd035d8][0m[38;5;86m[HTTP][0m [37m<-- POST /wd/hub/session/3bd035d8-7c57-4609-a368-8350116e8b6d/elements [39m[32m200[39m [90m132 ms - 139[39m [90m[39m
[38;5;85m[3bd035d8][0m[38;5;86m[HTTP][0m [37m-->[39m [37mGET[39m [37m/wd/hub/session/3bd035d8-7c57-4609-a368-8350116e8b6d/element/00000000-0000-0a84-0000-017d00000007/rect[39m [90m{}[39m
[38;5;85m[3bd035d8][0m[38;5;-130m[AndroidUiautomator2Driver@12c7][0m Driver proxy active, passing request on via HTTP proxy
[38;5;85m[3bd035d8][0m[38;5;-130m[AndroidUiautomator2Driver@12c7][0m Replacing sessionId 765fd1c0-4ebf-4c2f-a718-a375c0d91086 with 3bd035d8-7c57-4609-a368-8350116e8b6d
[38;5;85m[3bd035d8][0m[38;5;86m[HTTP][0m [37m<-- GET /wd/hub/session/3bd035d8-7c57-4609-a368-8350116e8b6d/element/00000000-0000-0a84-0000-017d00000007/rect [39m[32m200[39m [90m27 ms - 103[39m [90m[39m
[38;5;85m[3bd035d8][0m[38;5;86m[HTTP][0m [37m-->[39m [37mPOST[39m [37m/wd/hub/session/3bd035d8-7c57-4609-a368-8350116e8b6d/timeouts[39m [90m{"implicit":30000}[39m
[38;5;85m[3bd035d8][0m[38;5;86m[HTTP][0m [37m<-- POST /wd/hub/session/3bd035d8-7c57-4609-a368-8350116e8b6d/timeouts [39m[32m200[39m [90m1 ms - 14[39m [90m[39m
[38;5;85m[3bd035d8][0m[38;5;86m[HTTP][0m [37m-->[39m [37mPOST[39m [37m/wd/hub/session/3bd035d8-7c57-4609-a368-8350116e8b6d/element/00000000-0000-0a84-0000-017d00000007/click[39m [90m{"id":"00000000-0000-0a84-0000-017d00000007"}[39m
[38;5;85m[3bd035d8][0m[38;5;86m[HTTP][0m [37m<-- POST /wd/hub/session/3bd035d8-7c57-4609-a368-8350116e8b6d/element/00000000-0000-0a84-0000-017d00000007/click [39m[32m200[39m [90m59 ms - 14[39m [90m[39m
[38;5;85m[3bd035d8][0m[38;5;86m[HTTP][0m [37m-->[39m [37mPOST[39m [37m/wd/hub/session/3bd035d8-7c57-4609-a368-8350116e8b6d/timeouts[39m [90m{"implicit":50}[39m
[38;5;85m[3bd035d8][0m[38;5;86m[HTTP][0m [37m<-- POST /wd/hub/session/3bd035d8-7c57-4609-a368-8350116e8b6d/timeouts [39m[32m200[39m [90m1 ms - 14[39m [90m[39m
[38;5;85m[3bd035d8][0m[38;5;86m[HTTP][0m [37m-->[39m [37mGET[39m [37m/wd/hub/session/3bd035d8-7c57-4609-a368-8350116e8b6d/window/rect[39m [90m{}[39m
[38;5;85m[3bd035d8][0m[38;5;86m[HTTP][0m [37m<-- GET /wd/hub/session/3bd035d8-7c57-4609-a368-8350116e8b6d/window/rect [39m[32m200[39m [90m19 ms - 50[39m [90m[39m
[38;5;85m[3bd035d8][0m[38;5;86m[HTTP][0m [37m-->[39m [37mPOST[39m [37m/wd/hub/session/3bd035d8-7c57-4609-a368-8350116e8b6d/elements[39m [90m{"value":"//*[@class = 'android.widget.Button' and (@text = 'Next' or . = 'Next')]","using":"xpath"}[39m
[38;5;85m[3bd035d8][0m[38;5;86m[HTTP][0m [37m<-- POST /wd/hub/session/3bd035d8-7c57-4609-a368-8350116e8b6d/elements [39m[32m200[39m [90m133 ms - 139[39m [90m[39m
[38;5;85m[3bd035d8][0m[38;5;86m[HTTP][0m [37m-->[39m [37mGET[39m [37m/wd/hub/session/3bd035d8-7c57-4609-a368-8350116e8b6d/element/00000000-0000-0a84-0000-017d00000007/rect[39m [90m{}[39m
[38;5;85m[3bd035d8][0m[38;5;-130m[AndroidUiautomator2Driver@12c7][0m Driver proxy active, passing request on via HTTP proxy
[38;5;85m[3bd035d8][0m[38;5;-130m[AndroidUiautomator2Driver@12c7][0m Replacing sessionId 765fd1c0-4ebf-4c2f-a718-a375c0d91086 with 3bd035d8-7c57-4609-a368-8350116e8b6d
[38;5;85m[3bd035d8][0m[38;5;86m[HTTP][0m [37m<-- GET /wd/hub/session/3bd035d8-7c57-4609-a368-8350116e8b6d/element/00000000-0000-0a84-0000-017d00000007/rect [39m[32m200[39m [90m24 ms - 103[39m [90m[39m
[38;5;85m[3bd035d8][0m[38;5;86m[HTTP][0m [37m-->[39m [37mPOST[39m [37m/wd/hub/session/3bd035d8-7c57-4609-a368-8350116e8b6d/timeouts[39m [90m{"implicit":30000}[39m
[38;5;85m[3bd035d8][0m[38;5;86m[HTTP][0m [37m<-- POST /wd/hub/session/3bd035d8-7c57-4609-a368-8350116e8b6d/timeouts [39m[32m200[39m [90m2 ms - 14[39m [90m[39m
[38;5;85m[3bd035d8][0m[38;5;86m[HTTP][0m [37m-->[39m [37mPOST[39m [37m/wd/hub/session/3bd035d8-7c57-4609-a368-8350116e8b6d/element/00000000-0000-0a84-0000-017d00000007/click[39m [90m{"id":"00000000-0000-0a84-0000-017d00000007"}[39m
[38;5;85m[3bd035d8][0m[38;5;86m[HTTP][0m [37m<-- POST /wd/hub/session/3bd035d8-7c57-4609-a368-8350116e8b6d/element/00000000-0000-0a84-0000-017d00000007/click [39m[32m200[39m [90m61 ms - 14[39m [90m[39m
[38;5;85m[3bd035d8][0m[38;5;86m[HTTP][0m [37m-->[39m [37mPOST[39m [37m/wd/hub/session/3bd035d8-7c57-4609-a368-8350116e8b6d/timeouts[39m [90m{"implicit":50}[39m
[38;5;85m[3bd035d8][0m[38;5;86m[HTTP][0m [37m<-- POST /wd/hub/session/3bd035d8-7c57-4609-a368-8350116e8b6d/timeouts [39m[32m200[39m [90m2 ms - 14[39m [90m[39m
[38;5;85m[3bd035d8][0m[38;5;86m[HTTP][0m [37m-->[39m [37mGET[39m [37m/wd/hub/session/3bd035d8-7c57-4609-a368-8350116e8b6d/window/rect[39m [90m{}[39m
[38;5;85m[3bd035d8][0m[38;5;86m[HTTP][0m [37m<-- GET /wd/hub/session/3bd035d8-7c57-4609-a368-8350116e8b6d/window/rect [39m[32m200[39m [90m17 ms - 50[39m [90m[39m
[38;5;85m[3bd035d8][0m[38;5;86m[HTTP][0m [37m-->[39m [37mPOST[39m [37m/wd/hub/session/3bd035d8-7c57-4609-a368-8350116e8b6d/elements[39m [90m{"value":"//*[@class = 'android.widget.Button' and (@text = 'Next' or . = 'Next')]","using":"xpath"}[39m
[38;5;85m[3bd035d8][0m[38;5;86m[HTTP][0m [37m<-- POST /wd/hub/session/3bd035d8-7c57-4609-a368-8350116e8b6d/elements [39m[32m200[39m [90m168 ms - 139[39m [90m[39m
[38;5;85m[3bd035d8][0m[38;5;86m[HTTP][0m [37m-->[39m [37mGET[39m [37m/wd/hub/session/3bd035d8-7c57-4609-a368-8350116e8b6d/element/00000000-0000-0a84-0000-017d00000007/rect[39m [90m{}[39m
[38;5;85m[3bd035d8][0m[38;5;-130m[AndroidUiautomator2Driver@12c7][0m Driver proxy active, passing request on via HTTP proxy
[38;5;85m[3bd035d8][0m[38;5;-130m[AndroidUiautomator2Driver@12c7][0m Replacing sessionId 765fd1c0-4ebf-4c2f-a718-a375c0d91086 with 3bd035d8-7c57-4609-a368-8350116e8b6d
[38;5;85m[3bd035d8][0m[38;5;86m[HTTP][0m [37m<-- GET /wd/hub/session/3bd035d8-7c57-4609-a368-8350116e8b6d/element/00000000-0000-0a84-0000-017d00000007/rect [39m[32m200[39m [90m35 ms - 103[39m [90m[39m
[38;5;85m[3bd035d8][0m[38;5;86m[HTTP][0m [37m-->[39m [37mPOST[39m [37m/wd/hub/session/3bd035d8-7c57-4609-a368-8350116e8b6d/timeouts[39m [90m{"implicit":30000}[39m
[38;5;85m[3bd035d8][0m[38;5;86m[HTTP][0m [37m<-- POST /wd/hub/session/3bd035d8-7c57-4609-a368-8350116e8b6d/timeouts [39m[32m200[39m [90m1 ms - 14[39m [90m[39m
[38;5;85m[3bd035d8][0m[38;5;86m[HTTP][0m [37m-->[39m [37mGET[39m [37m/wd/hub/session/3bd035d8-7c57-4609-a368-8350116e8b6d/context[39m [90m{}[39m
[38;5;85m[3bd035d8][0m[38;5;86m[HTTP][0m [37m<-- GET /wd/hub/session/3bd035d8-7c57-4609-a368-8350116e8b6d/context [39m[32m200[39m [90m1 ms - 22[39m [90m[39m
[38;5;85m[3bd035d8][0m[38;5;86m[HTTP][0m [37m-->[39m [37mGET[39m [37m/wd/hub/session/3bd035d8-7c57-4609-a368-8350116e8b6d/contexts[39m [90m{}[39m
[38;5;85m[3bd035d8][0m[38;5;-130m[AndroidUiautomator2Driver@12c7][0m Skipping the webview 'WEBVIEW_stetho_com.google.android.apps.messaging' at '@stetho_com.google.android.apps.messaging_devtools_remote' since it has reported having zero pages
[38;5;85m[3bd035d8][0m[38;5;86m[HTTP][0m [37m<-- GET /wd/hub/session/3bd035d8-7c57-4609-a368-8350116e8b6d/contexts [39m[32m200[39m [90m186 ms - 24[39m [90m[39m
[38;5;85m[3bd035d8][0m[38;5;86m[HTTP][0m [37m-->[39m [37mPOST[39m [37m/wd/hub/session/3bd035d8-7c57-4609-a368-8350116e8b6d/context[39m [90m{"name":"NATIVE_APP"}[39m
[38;5;85m[3bd035d8][0m[38;5;86m[HTTP][0m [37m<-- POST /wd/hub/session/3bd035d8-7c57-4609-a368-8350116e8b6d/context [39m[32m200[39m [90m1 ms - 14[39m [90m[39m
[38;5;85m[3bd035d8][0m[38;5;86m[HTTP][0m [37m-->[39m [37mPOST[39m [37m/wd/hub/session/3bd035d8-7c57-4609-a368-8350116e8b6d/execute/sync[39m [90m{"args":[],"script":"mobile: getCurrentPackage"}[39m
[38;5;85m[3bd035d8][0m[38;5;86m[HTTP][0m [37m<-- POST /wd/hub/session/3bd035d8-7c57-4609-a368-8350116e8b6d/execute/sync [39m[32m200[39m [90m111 ms - 33[39m [90m[39m
[38;5;85m[3bd035d8][0m[38;5;86m[HTTP][0m [37m-->[39m [37mPOST[39m [37m/wd/hub/session/3bd035d8-7c57-4609-a368-8350116e8b6d/execute/sync[39m [90m{"args":[{"appId":"com.westgate.rewrite2","bundleId":"com.westgate.rewrite2"}],"script":"mobile: terminateApp"}[39m
[38;5;85m[3bd035d8][0m[38;5;123m[BaseDriver][0m The following script arguments are not known and will be ignored: bundleId
[38;5;85m[3bd035d8][0m[38;5;-130m[AndroidUiautomator2Driver@12c7][0m Terminating 'com.westgate.rewrite2'
[38;5;85m[3bd035d8][0m[38;5;-130m[AndroidUiautomator2Driver@12c7][0m Querying the state of 'com.westgate.rewrite2'
[38;5;85m[3bd035d8][0m[38;5;-130m[AndroidUiautomator2Driver@12c7][0m 'com.westgate.rewrite2' has been successfully terminated
[38;5;85m[3bd035d8][0m[38;5;86m[HTTP][0m [37m<-- POST /wd/hub/session/3bd035d8-7c57-4609-a368-8350116e8b6d/execute/sync [39m[32m200[39m [90m758 ms - 14[39m [90m[39m
[38;5;85m[3bd035d8][0m[38;5;86m[HTTP][0m [37m-->[39m [37mPOST[39m [37m/wd/hub/session/3bd035d8-7c57-4609-a368-8350116e8b6d/context[39m [90m{"name":"NATIVE_APP"}[39m
[38;5;85m[3bd035d8][0m[38;5;86m[HTTP][0m [37m<-- POST /wd/hub/session/3bd035d8-7c57-4609-a368-8350116e8b6d/context [39m[32m200[39m [90m1 ms - 14[39m [90m[39m
[38;5;85m[3bd035d8][0m[38;5;86m[HTTP][0m [37m-->[39m [37mDELETE[39m [37m/wd/hub/session/3bd035d8-7c57-4609-a368-8350116e8b6d[39m [90m{}[39m
[38;5;85m[3bd035d8][0m[38;5;149m[AppiumDriver@1842][0m Removing session 3bd035d8-7c57-4609-a368-8350116e8b6d from our master session list
[38;5;85m[3bd035d8][0m[38;5;229m[ADB][0m com.westgate.rewrite2 was successfully uninstalled
[38;5;85m[3bd035d8][0m[38;5;-130m[AndroidUiautomator2Driver@12c7][0m Restoring hidden api policy to the device default configuration
[38;5;85m[3bd035d8][0m[38;5;86m[HTTP][0m [37m<-- DELETE /wd/hub/session/3bd035d8-7c57-4609-a368-8350116e8b6d [39m[32m200[39m [90m2124 ms - 14[39m [90m[39m
