[38;5;112m[Appium][0m Welcome to Appium v2.16.0
[38;5;112m[Appium][0m Non-default server args:
[38;5;112m[Appium][0m { basePath: [32m'/wd/hub'[39m, loglevel: [32m'info'[39m, port: [33m51128[39m }
[38;5;112m[Appium][0m Attempting to load driver uiautomator2...
[38;5;112m[Appium][0m Appium REST http interface listener started on http://0.0.0.0:51128/wd/hub
[38;5;112m[Appium][0m You can provide the following URLs in your client code to connect to this server:
	http://192.168.0.104:51128/wd/hub
	http://127.0.0.1:51128/wd/hub (only accessible from the same host)
[38;5;112m[Appium][0m Available drivers:
[38;5;112m[Appium][0m   - uiautomator2@4.0.1 (automationName 'UiAutomator2')
[38;5;112m[Appium][0m No plugins have been installed. Use the "appium plugin" command to install the one(s) you want to use.
[38;5;86m[HTTP][0m [37m-->[39m [37mGET[39m [37m/wd/hub/status[39m [90m{}[39m
[38;5;86m[HTTP][0m [37m<-- GET /wd/hub/status [39m[32m200[39m [90m5 ms - 111[39m [90m[39m
[38;5;86m[HTTP][0m [37m-->[39m [37mPOST[39m [37m/wd/hub/session[39m [90m{"capabilities":{"firstMatch":[{"appium:app":"C:\\Users\\GVVignesh\\git\\WGR_Android\\App Folder\\app-debug.apk","appium:autoGrantPermissions":true,"appium:automationName":"uiautomator2","appium:deviceId":"","appium:deviceName":"samsung SM-A146B (Android 14)","appium:fullReset":true,"appium:newCommandTimeout":1800,"appium:noReset":false,"appium:platformName":"ANDROID","appium:platformVersion":"14","appium:systemPort":51127,"appium:udid":"adb-RZCW811B2MK-cCoIXY._adb-tls-connect._tcp","platformName":"ANDROID"}]},"desiredCapabilities":{"appium:app":"C:\\Users\\GVVignesh\\git\\WGR_Android\\App Folder\\app-debug.apk","appium:autoGrantPermissions":true,"appium:automationName":"uiautomator2","appium:deviceId":"","appium:deviceName":"samsung SM-A146B (Android 14)","appium:fullReset":true,"appium:newCommandTimeout":1800,"appium:noReset":false,"appium:platformName":"ANDROID","appium:platformVersion":"14","appium:systemPort":51127,"appium:udid":"adb-RZCW811B2MK-cCoIXY._adb-tls-connect._tcp"}}[39m
[38;5;123m[BaseDriver][0m Ignoring capability 'appium:platformName=ANDROID' and using capability 'platformName=ANDROID'
[38;5;123m[BaseDriver][0m The capabilities ["platformName"] are standard capabilities and do not require "appium:" prefix
[38;5;112m[Appium][0m Attempting to find matching driver for automationName 'uiautomator2' and platformName 'ANDROID'
[38;5;112m[Appium][0m The 'uiautomator2' driver was installed and matched caps.
[38;5;112m[Appium][0m Will require it at C:\Users\GVVignesh\.appium\node_modules\appium-uiautomator2-driver
[38;5;21m[AppiumDriver@03a3][0m Appium v2.16.0 creating new AndroidUiautomator2Driver (v4.0.1) session
[38;5;21m[AppiumDriver@03a3][0m Checking BaseDriver versions for Appium and AndroidUiautomator2Driver
[38;5;21m[AppiumDriver@03a3][0m Appium's BaseDriver version is 9.16.0
[38;5;21m[AppiumDriver@03a3][0m AndroidUiautomator2Driver's BaseDriver version is 9.16.0
[38;5;-115m[AndroidUiautomator2Driver@1df3][0m The following provided capabilities were not recognized by this driver:
[38;5;-115m[AndroidUiautomator2Driver@1df3][0m   deviceId
[38;5;178m[0dda5004][0m[38;5;-115m[AndroidUiautomator2Driver@1df3][0m Session created with session id: 0dda5004-dcaf-45fa-afdc-932228a13015
[38;5;178m[0dda5004][0m[38;5;229m[ADB][0m Found 1 'build-tools' folders under 'C:\Users\GVVignesh\.katalon\tools\android_sdk' (newest first):
[38;5;178m[0dda5004][0m[38;5;229m[ADB][0m     C:\Users\GVVignesh\.katalon\tools\android_sdk\build-tools\29.0.3
[38;5;178m[0dda5004][0m[38;5;229m[ADB][0m Using 'adb.exe' from 'C:\Users\GVVignesh\.katalon\tools\android_sdk\platform-tools\adb.exe'
[38;5;178m[0dda5004][0m[38;5;-115m[AndroidUiautomator2Driver@1df3][0m Retrieving device list
[38;5;178m[0dda5004][0m[38;5;-115m[AndroidUiautomator2Driver@1df3][0m Using device: adb-RZCW811B2MK-cCoIXY._adb-tls-connect._tcp
[38;5;178m[0dda5004][0m[38;5;229m[ADB][0m Using 'adb.exe' from 'C:\Users\GVVignesh\.katalon\tools\android_sdk\platform-tools\adb.exe'
[38;5;178m[0dda5004][0m[38;5;123m[BaseDriver][0m Using local app 'C:\Users\GVVignesh\git\WGR_Android\App Folder\app-debug.apk'
[38;5;178m[0dda5004][0m[38;5;229m[ADB][0m Getting device platform version
[38;5;178m[0dda5004][0m[38;5;-115m[AndroidUiautomator2Driver@1df3][0m Relaxing hidden api policy
[38;5;178m[0dda5004][0m[38;5;229m[ADB][0m Using 'aapt2.exe' from 'C:\Users\GVVignesh\.katalon\tools\android_sdk\build-tools\29.0.3\aapt2.exe'
[38;5;178m[0dda5004][0m[38;5;229m[ADB][0m Package name: 'com.westgate.rewrite2'
[38;5;178m[0dda5004][0m[38;5;229m[ADB][0m Main activity name: 'com.westgate.rewrite2.MainActivity'
[38;5;178m[0dda5004][0m[38;5;-115m[AndroidUiautomator2Driver@1df3][0m Server packages are not going to be (re)installed
[38;5;178m[0dda5004][0m[38;5;229m[ADB][0m Using 'apksigner.jar' from 'C:\Users\GVVignesh\.katalon\tools\android_sdk\build-tools\29.0.3\lib\apksigner.jar'
[38;5;178m[0dda5004][0m[38;5;229m[ADB][0m Adding packages ["io.appium.settings","io.appium.uiautomator2.server","io.appium.uiautomator2.server.test"] to Doze whitelist
[38;5;178m[0dda5004][0m[38;5;229m[ADB][0m 'C:\Users\GVVignesh\git\WGR_Android\App Folder\app-debug.apk' is signed with a non-default certificate
[38;5;178m[0dda5004][0m[38;5;229m[ADB][0m com.westgate.rewrite2 was not uninstalled, because it was not present on the device
[38;5;178m[0dda5004][0m[38;5;229m[ADB][0m The application at 'C:\Users\GVVignesh\git\WGR_Android\App Folder\app-debug.apk' will not be cached, because the device under test has confirmed the support of streamed installs
[38;5;178m[0dda5004][0m[38;5;229m[ADB][0m The installation of 'app-debug.apk' took 19777ms
[38;5;178m[0dda5004][0m[38;5;-115m[AndroidUiautomator2Driver@1df3][0m Starting UIAutomator2 server 7.2.3
[38;5;178m[0dda5004][0m[38;5;-115m[AndroidUiautomator2Driver@1df3][0m Using UIAutomator2 server from 'C:\Users\GVVignesh\.appium\node_modules\appium-uiautomator2-driver\node_modules\appium-uiautomator2-server\apks\appium-uiautomator2-server-v7.2.3.apk' and test from 'C:\Users\GVVignesh\.appium\node_modules\appium-uiautomator2-driver\node_modules\appium-uiautomator2-server\apks\appium-uiautomator2-server-debug-androidTest.apk'
[38;5;178m[0dda5004][0m[38;5;-115m[AndroidUiautomator2Driver@1df3][0m Waiting up to 30000ms for UiAutomator2 to be online...
[38;5;178m[0dda5004][0m[38;5;-115m[AndroidUiautomator2Driver@1df3][0m socket hang up
[38;5;178m[0dda5004][0m[38;5;-115m[AndroidUiautomator2Driver@1df3][0m socket hang up
[38;5;178m[0dda5004][0m[38;5;-115m[AndroidUiautomator2Driver@1df3][0m socket hang up
[38;5;178m[0dda5004][0m[38;5;-115m[AndroidUiautomator2Driver@1df3][0m socket hang up
[38;5;178m[0dda5004][0m[38;5;-115m[AndroidUiautomator2Driver@1df3][0m Determined the downstream protocol as 'W3C'
[38;5;178m[0dda5004][0m[38;5;-115m[AndroidUiautomator2Driver@1df3][0m Got response with status 404: {"sessionId":null,"value":{"error":"unknown command","message":"The requested resource could not be found, or a request was received using an HTTP method that is not supported by the mapped resource","stacktrace":"io.appium.uiautomator2.common.exceptions.UnknownCommandException: The requested resource could not be found, or a request was received using an HTTP method that is not supported by the mapped resource\n\tat io.appium.uiautomator2.http.ServerHandler.channelRead(ServerHandler.java:84)\n\tat io.netty.channel.AbstractChannelHandlerContext.invokeChannelRead(AbstractChannelHandlerContext.java:366)\n\tat io.netty.channel.AbstractChannelHandlerContext.invokeChannelRead(AbstractChannelHandlerContext.java:352)\n\tat io.netty.channel.AbstractChannelHandlerContext.fireChannelRead(AbstractChannelHandlerContext.java:345)\n\tat io.netty.handler.codec.MessageToMessageDecoder.channelRead(MessageToMessageDecoder.java:102)\n\tat io.netty.channel.AbstractChannelHandlerContext.invokeChannelRead(AbstractChannelHandler...
[38;5;178m[0dda5004][0m[38;5;-115m[AndroidUiautomator2Driver@1df3][0m Cannot fetch device details. Original error: The requested resource could not be found, or a request was received using an HTTP method that is not supported by the mapped resource
[38;5;178m[0dda5004][0m[38;5;-115m[AndroidUiautomator2Driver@1df3][0m Got response with status 404: {"sessionId":null,"value":{"error":"unknown command","message":"The requested resource could not be found, or a request was received using an HTTP method that is not supported by the mapped resource","stacktrace":"io.appium.uiautomator2.common.exceptions.UnknownCommandException: The requested resource could not be found, or a request was received using an HTTP method that is not supported by the mapped resource\n\tat io.appium.uiautomator2.http.ServerHandler.channelRead(ServerHandler.java:84)\n\tat io.netty.channel.AbstractChannelHandlerContext.invokeChannelRead(AbstractChannelHandlerContext.java:366)\n\tat io.netty.channel.AbstractChannelHandlerContext.invokeChannelRead(AbstractChannelHandlerContext.java:352)\n\tat io.netty.channel.AbstractChannelHandlerContext.fireChannelRead(AbstractChannelHandlerContext.java:345)\n\tat io.netty.handler.codec.MessageToMessageDecoder.channelRead(MessageToMessageDecoder.java:102)\n\tat io.netty.channel.AbstractChannelHandlerContext.invokeChannelRead(AbstractChannelHandler...
[38;5;178m[0dda5004][0m[38;5;-115m[AndroidUiautomator2Driver@1df3][0m Got response with status 404: {"sessionId":null,"value":{"error":"unknown command","message":"The requested resource could not be found, or a request was received using an HTTP method that is not supported by the mapped resource","stacktrace":"io.appium.uiautomator2.common.exceptions.UnknownCommandException: The requested resource could not be found, or a request was received using an HTTP method that is not supported by the mapped resource\n\tat io.appium.uiautomator2.http.ServerHandler.channelRead(ServerHandler.java:84)\n\tat io.netty.channel.AbstractChannelHandlerContext.invokeChannelRead(AbstractChannelHandlerContext.java:366)\n\tat io.netty.channel.AbstractChannelHandlerContext.invokeChannelRead(AbstractChannelHandlerContext.java:352)\n\tat io.netty.channel.AbstractChannelHandlerContext.fireChannelRead(AbstractChannelHandlerContext.java:345)\n\tat io.netty.handler.codec.MessageToMessageDecoder.channelRead(MessageToMessageDecoder.java:102)\n\tat io.netty.channel.AbstractChannelHandlerContext.invokeChannelRead(AbstractChannelHandler...
[38;5;178m[0dda5004][0m[38;5;-115m[AndroidUiautomator2Driver@1df3][0m Screen already unlocked, doing nothing
[38;5;178m[0dda5004][0m[38;5;-115m[AndroidUiautomator2Driver@1df3][0m Starting 'com.westgate.rewrite2/com.westgate.rewrite2.MainActivity' and waiting for 'com.westgate.rewrite2/com.westgate.rewrite2.MainActivity'
[38;5;178m[0dda5004][0m[38;5;21m[AppiumDriver@03a3][0m New AndroidUiautomator2Driver session created successfully, session 0dda5004-dcaf-45fa-afdc-932228a13015 added to master session list
[38;5;178m[0dda5004][0m[38;5;86m[HTTP][0m [37m<-- POST /wd/hub/session [39m[32m200[39m [90m31683 ms - 1192[39m [90m[39m
[38;5;86m[HTTP][0m [37m-->[39m [37mGET[39m [37m/wd/hub/status[39m [90m{}[39m
[38;5;86m[HTTP][0m [37m<-- GET /wd/hub/status [39m[32m200[39m [90m1 ms - 111[39m [90m[39m
[38;5;178m[0dda5004][0m[38;5;86m[HTTP][0m [37m-->[39m [37mPOST[39m [37m/wd/hub/session/0dda5004-dcaf-45fa-afdc-932228a13015/timeouts[39m [90m{"implicit":30000}[39m
[38;5;178m[0dda5004][0m[38;5;86m[HTTP][0m [37m<-- POST /wd/hub/session/0dda5004-dcaf-45fa-afdc-932228a13015/timeouts [39m[32m200[39m [90m3 ms - 14[39m [90m[39m
[38;5;178m[0dda5004][0m[38;5;86m[HTTP][0m [37m-->[39m [37mPOST[39m [37m/wd/hub/session/0dda5004-dcaf-45fa-afdc-932228a13015/execute/sync[39m [90m{"script":"mobile: getSystemBars","args":[]}[39m
[38;5;178m[0dda5004][0m[38;5;86m[HTTP][0m [37m<-- POST /wd/hub/session/0dda5004-dcaf-45fa-afdc-932228a13015/execute/sync [39m[32m200[39m [90m320 ms - 151[39m [90m[39m
[38;5;178m[0dda5004][0m[38;5;86m[HTTP][0m [37m-->[39m [37mPOST[39m [37m/wd/hub/session/0dda5004-dcaf-45fa-afdc-932228a13015/timeouts[39m [90m{"implicit":50}[39m
[38;5;178m[0dda5004][0m[38;5;86m[HTTP][0m [37m<-- POST /wd/hub/session/0dda5004-dcaf-45fa-afdc-932228a13015/timeouts [39m[32m200[39m [90m2 ms - 14[39m [90m[39m
[38;5;178m[0dda5004][0m[38;5;86m[HTTP][0m [37m-->[39m [37mGET[39m [37m/wd/hub/session/0dda5004-dcaf-45fa-afdc-932228a13015/window/rect[39m [90m{}[39m
[38;5;178m[0dda5004][0m[38;5;86m[HTTP][0m [37m<-- GET /wd/hub/session/0dda5004-dcaf-45fa-afdc-932228a13015/window/rect [39m[32m200[39m [90m19 ms - 50[39m [90m[39m
[38;5;178m[0dda5004][0m[38;5;86m[HTTP][0m [37m-->[39m [37mPOST[39m [37m/wd/hub/session/0dda5004-dcaf-45fa-afdc-932228a13015/elements[39m [90m{"value":"//*[@class = 'android.view.View' and (@text = 'Home' or . = 'Home')]","using":"xpath"}[39m
[38;5;178m[0dda5004][0m[38;5;86m[HTTP][0m [37m<-- POST /wd/hub/session/0dda5004-dcaf-45fa-afdc-932228a13015/elements [39m[32m200[39m [90m656 ms - 139[39m [90m[39m
[38;5;178m[0dda5004][0m[38;5;86m[HTTP][0m [37m-->[39m [37mGET[39m [37m/wd/hub/session/0dda5004-dcaf-45fa-afdc-932228a13015/element/00000000-0000-05b7-0000-00a200000007/rect[39m [90m{}[39m
[38;5;178m[0dda5004][0m[38;5;-115m[AndroidUiautomator2Driver@1df3][0m Driver proxy active, passing request on via HTTP proxy
[38;5;178m[0dda5004][0m[38;5;-115m[AndroidUiautomator2Driver@1df3][0m Replacing sessionId e9027077-b262-4b2c-9209-b17fed8b203c with 0dda5004-dcaf-45fa-afdc-932228a13015
[38;5;178m[0dda5004][0m[38;5;86m[HTTP][0m [37m<-- GET /wd/hub/session/0dda5004-dcaf-45fa-afdc-932228a13015/element/00000000-0000-05b7-0000-00a200000007/rect [39m[32m200[39m [90m31 ms - 104[39m [90m[39m
[38;5;178m[0dda5004][0m[38;5;86m[HTTP][0m [37m-->[39m [37mPOST[39m [37m/wd/hub/session/0dda5004-dcaf-45fa-afdc-932228a13015/timeouts[39m [90m{"implicit":30000}[39m
[38;5;178m[0dda5004][0m[38;5;86m[HTTP][0m [37m<-- POST /wd/hub/session/0dda5004-dcaf-45fa-afdc-932228a13015/timeouts [39m[32m200[39m [90m1 ms - 14[39m [90m[39m
[38;5;178m[0dda5004][0m[38;5;86m[HTTP][0m [37m-->[39m [37mPOST[39m [37m/wd/hub/session/0dda5004-dcaf-45fa-afdc-932228a13015/timeouts[39m [90m{"implicit":50}[39m
[38;5;178m[0dda5004][0m[38;5;86m[HTTP][0m [37m<-- POST /wd/hub/session/0dda5004-dcaf-45fa-afdc-932228a13015/timeouts [39m[32m200[39m [90m1 ms - 14[39m [90m[39m
[38;5;178m[0dda5004][0m[38;5;86m[HTTP][0m [37m-->[39m [37mGET[39m [37m/wd/hub/session/0dda5004-dcaf-45fa-afdc-932228a13015/window/rect[39m [90m{}[39m
[38;5;178m[0dda5004][0m[38;5;86m[HTTP][0m [37m<-- GET /wd/hub/session/0dda5004-dcaf-45fa-afdc-932228a13015/window/rect [39m[32m200[39m [90m15 ms - 50[39m [90m[39m
[38;5;178m[0dda5004][0m[38;5;86m[HTTP][0m [37m-->[39m [37mPOST[39m [37m/wd/hub/session/0dda5004-dcaf-45fa-afdc-932228a13015/elements[39m [90m{"value":"//*[@class = 'android.view.View' and (@text = 'Home' or . = 'Home')]","using":"xpath"}[39m
[38;5;178m[0dda5004][0m[38;5;86m[HTTP][0m [37m<-- POST /wd/hub/session/0dda5004-dcaf-45fa-afdc-932228a13015/elements [39m[32m200[39m [90m144 ms - 139[39m [90m[39m
[38;5;178m[0dda5004][0m[38;5;86m[HTTP][0m [37m-->[39m [37mGET[39m [37m/wd/hub/session/0dda5004-dcaf-45fa-afdc-932228a13015/element/00000000-0000-05b7-0000-00a200000007/rect[39m [90m{}[39m
[38;5;178m[0dda5004][0m[38;5;-115m[AndroidUiautomator2Driver@1df3][0m Driver proxy active, passing request on via HTTP proxy
[38;5;178m[0dda5004][0m[38;5;-115m[AndroidUiautomator2Driver@1df3][0m Replacing sessionId e9027077-b262-4b2c-9209-b17fed8b203c with 0dda5004-dcaf-45fa-afdc-932228a13015
[38;5;178m[0dda5004][0m[38;5;86m[HTTP][0m [37m<-- GET /wd/hub/session/0dda5004-dcaf-45fa-afdc-932228a13015/element/00000000-0000-05b7-0000-00a200000007/rect [39m[32m200[39m [90m22 ms - 104[39m [90m[39m
[38;5;178m[0dda5004][0m[38;5;86m[HTTP][0m [37m-->[39m [37mPOST[39m [37m/wd/hub/session/0dda5004-dcaf-45fa-afdc-932228a13015/timeouts[39m [90m{"implicit":30000}[39m
[38;5;178m[0dda5004][0m[38;5;86m[HTTP][0m [37m<-- POST /wd/hub/session/0dda5004-dcaf-45fa-afdc-932228a13015/timeouts [39m[32m200[39m [90m1 ms - 14[39m [90m[39m
[38;5;178m[0dda5004][0m[38;5;86m[HTTP][0m [37m-->[39m [37mPOST[39m [37m/wd/hub/session/0dda5004-dcaf-45fa-afdc-932228a13015/element/00000000-0000-05b7-0000-00a200000007/click[39m [90m{"id":"00000000-0000-05b7-0000-00a200000007"}[39m
[38;5;178m[0dda5004][0m[38;5;86m[HTTP][0m [37m<-- POST /wd/hub/session/0dda5004-dcaf-45fa-afdc-932228a13015/element/00000000-0000-05b7-0000-00a200000007/click [39m[32m200[39m [90m90 ms - 14[39m [90m[39m
[38;5;178m[0dda5004][0m[38;5;86m[HTTP][0m [37m-->[39m [37mPOST[39m [37m/wd/hub/session/0dda5004-dcaf-45fa-afdc-932228a13015/timeouts[39m [90m{"implicit":50}[39m
[38;5;178m[0dda5004][0m[38;5;86m[HTTP][0m [37m<-- POST /wd/hub/session/0dda5004-dcaf-45fa-afdc-932228a13015/timeouts [39m[32m200[39m [90m1 ms - 14[39m [90m[39m
[38;5;178m[0dda5004][0m[38;5;86m[HTTP][0m [37m-->[39m [37mGET[39m [37m/wd/hub/session/0dda5004-dcaf-45fa-afdc-932228a13015/window/rect[39m [90m{}[39m
[38;5;178m[0dda5004][0m[38;5;86m[HTTP][0m [37m<-- GET /wd/hub/session/0dda5004-dcaf-45fa-afdc-932228a13015/window/rect [39m[32m200[39m [90m43 ms - 50[39m [90m[39m
[38;5;178m[0dda5004][0m[38;5;86m[HTTP][0m [37m-->[39m [37mPOST[39m [37m/wd/hub/session/0dda5004-dcaf-45fa-afdc-932228a13015/elements[39m [90m{"value":"//*[@class = 'android.view.View' and (@text = 'Home' or . = 'Home')]","using":"xpath"}[39m
[38;5;178m[0dda5004][0m[38;5;86m[HTTP][0m [37m<-- POST /wd/hub/session/0dda5004-dcaf-45fa-afdc-932228a13015/elements [39m[32m200[39m [90m343 ms - 139[39m [90m[39m
[38;5;178m[0dda5004][0m[38;5;86m[HTTP][0m [37m-->[39m [37mGET[39m [37m/wd/hub/session/0dda5004-dcaf-45fa-afdc-932228a13015/element/00000000-0000-05b7-0000-00a200000007/rect[39m [90m{}[39m
[38;5;178m[0dda5004][0m[38;5;-115m[AndroidUiautomator2Driver@1df3][0m Driver proxy active, passing request on via HTTP proxy
[38;5;178m[0dda5004][0m[38;5;-115m[AndroidUiautomator2Driver@1df3][0m Replacing sessionId e9027077-b262-4b2c-9209-b17fed8b203c with 0dda5004-dcaf-45fa-afdc-932228a13015
[38;5;178m[0dda5004][0m[38;5;86m[HTTP][0m [37m<-- GET /wd/hub/session/0dda5004-dcaf-45fa-afdc-932228a13015/element/00000000-0000-05b7-0000-00a200000007/rect [39m[32m200[39m [90m36 ms - 104[39m [90m[39m
[38;5;178m[0dda5004][0m[38;5;86m[HTTP][0m [37m-->[39m [37mPOST[39m [37m/wd/hub/session/0dda5004-dcaf-45fa-afdc-932228a13015/timeouts[39m [90m{"implicit":30000}[39m
[38;5;178m[0dda5004][0m[38;5;86m[HTTP][0m [37m<-- POST /wd/hub/session/0dda5004-dcaf-45fa-afdc-932228a13015/timeouts [39m[32m200[39m [90m1 ms - 14[39m [90m[39m
[38;5;178m[0dda5004][0m[38;5;86m[HTTP][0m [37m-->[39m [37mPOST[39m [37m/wd/hub/session/0dda5004-dcaf-45fa-afdc-932228a13015/timeouts[39m [90m{"implicit":50}[39m
[38;5;178m[0dda5004][0m[38;5;86m[HTTP][0m [37m<-- POST /wd/hub/session/0dda5004-dcaf-45fa-afdc-932228a13015/timeouts [39m[32m200[39m [90m1 ms - 14[39m [90m[39m
[38;5;178m[0dda5004][0m[38;5;86m[HTTP][0m [37m-->[39m [37mGET[39m [37m/wd/hub/session/0dda5004-dcaf-45fa-afdc-932228a13015/window/rect[39m [90m{}[39m
[38;5;178m[0dda5004][0m[38;5;86m[HTTP][0m [37m<-- GET /wd/hub/session/0dda5004-dcaf-45fa-afdc-932228a13015/window/rect [39m[32m200[39m [90m20 ms - 50[39m [90m[39m
[38;5;178m[0dda5004][0m[38;5;86m[HTTP][0m [37m-->[39m [37mPOST[39m [37m/wd/hub/session/0dda5004-dcaf-45fa-afdc-932228a13015/elements[39m [90m{"value":"//*[@class = 'android.widget.TextView' and (@text = '' or . = '')]","using":"xpath"}[39m
[38;5;178m[0dda5004][0m[38;5;86m[HTTP][0m [37m<-- POST /wd/hub/session/0dda5004-dcaf-45fa-afdc-932228a13015/elements [39m[32m200[39m [90m231 ms - 1547[39m [90m[39m
[38;5;178m[0dda5004][0m[38;5;86m[HTTP][0m [37m-->[39m [37mGET[39m [37m/wd/hub/session/0dda5004-dcaf-45fa-afdc-932228a13015/element/00000000-0000-05b7-0000-00c500000007/rect[39m [90m{}[39m
[38;5;178m[0dda5004][0m[38;5;-115m[AndroidUiautomator2Driver@1df3][0m Driver proxy active, passing request on via HTTP proxy
[38;5;178m[0dda5004][0m[38;5;-115m[AndroidUiautomator2Driver@1df3][0m Replacing sessionId e9027077-b262-4b2c-9209-b17fed8b203c with 0dda5004-dcaf-45fa-afdc-932228a13015
[38;5;178m[0dda5004][0m[38;5;86m[HTTP][0m [37m<-- GET /wd/hub/session/0dda5004-dcaf-45fa-afdc-932228a13015/element/00000000-0000-05b7-0000-00c500000007/rect [39m[32m200[39m [90m42 ms - 100[39m [90m[39m
[38;5;178m[0dda5004][0m[38;5;86m[HTTP][0m [37m-->[39m [37mPOST[39m [37m/wd/hub/session/0dda5004-dcaf-45fa-afdc-932228a13015/timeouts[39m [90m{"implicit":30000}[39m
[38;5;178m[0dda5004][0m[38;5;86m[HTTP][0m [37m<-- POST /wd/hub/session/0dda5004-dcaf-45fa-afdc-932228a13015/timeouts [39m[32m200[39m [90m3 ms - 14[39m [90m[39m
[38;5;178m[0dda5004][0m[38;5;86m[HTTP][0m [37m-->[39m [37mGET[39m [37m/wd/hub/session/0dda5004-dcaf-45fa-afdc-932228a13015/context[39m [90m{}[39m
[38;5;178m[0dda5004][0m[38;5;86m[HTTP][0m [37m<-- GET /wd/hub/session/0dda5004-dcaf-45fa-afdc-932228a13015/context [39m[32m200[39m [90m1 ms - 22[39m [90m[39m
[38;5;178m[0dda5004][0m[38;5;86m[HTTP][0m [37m-->[39m [37mGET[39m [37m/wd/hub/session/0dda5004-dcaf-45fa-afdc-932228a13015/contexts[39m [90m{}[39m
[38;5;178m[0dda5004][0m[38;5;-115m[AndroidUiautomator2Driver@1df3][0m Skipping the webview 'WEBVIEW_stetho_com.google.android.apps.messaging' at '@stetho_com.google.android.apps.messaging_devtools_remote' since it has reported having zero pages
[38;5;178m[0dda5004][0m[38;5;86m[HTTP][0m [37m<-- GET /wd/hub/session/0dda5004-dcaf-45fa-afdc-932228a13015/contexts [39m[32m200[39m [90m660 ms - 56[39m [90m[39m
[38;5;178m[0dda5004][0m[38;5;86m[HTTP][0m [37m-->[39m [37mPOST[39m [37m/wd/hub/session/0dda5004-dcaf-45fa-afdc-932228a13015/context[39m [90m{"name":"NATIVE_APP"}[39m
[38;5;178m[0dda5004][0m[38;5;86m[HTTP][0m [37m<-- POST /wd/hub/session/0dda5004-dcaf-45fa-afdc-932228a13015/context [39m[32m200[39m [90m1 ms - 14[39m [90m[39m
[38;5;178m[0dda5004][0m[38;5;86m[HTTP][0m [37m-->[39m [37mPOST[39m [37m/wd/hub/session/0dda5004-dcaf-45fa-afdc-932228a13015/actions[39m [90m{"actions":[{"id":"finger","type":"pointer","parameters":{"pointerType":"touch"},"actions":[{"duration":0,"type":"pause"},{"duration":0,"x":1000,"y":2000,"type":"pointerMove","origin":"viewport"},{"button":0,"type":"pointerDown"},{"duration":50,"type":"pause"},{"duration":500,"x":200,"y":1000,"type":"pointerMove","origin":"viewport"},{"button":0,"type":"pointerUp"}]}]}[39m
[38;5;178m[0dda5004][0m[38;5;86m[HTTP][0m [37m<-- POST /wd/hub/session/0dda5004-dcaf-45fa-afdc-932228a13015/actions [39m[32m200[39m [90m637 ms - 14[39m [90m[39m
[38;5;178m[0dda5004][0m[38;5;86m[HTTP][0m [37m-->[39m [37mPOST[39m [37m/wd/hub/session/0dda5004-dcaf-45fa-afdc-932228a13015/context[39m [90m{"name":"NATIVE_APP"}[39m
[38;5;178m[0dda5004][0m[38;5;86m[HTTP][0m [37m<-- POST /wd/hub/session/0dda5004-dcaf-45fa-afdc-932228a13015/context [39m[32m200[39m [90m2 ms - 14[39m [90m[39m
[38;5;178m[0dda5004][0m[38;5;86m[HTTP][0m [37m-->[39m [37mPOST[39m [37m/wd/hub/session/0dda5004-dcaf-45fa-afdc-932228a13015/timeouts[39m [90m{"implicit":50}[39m
[38;5;178m[0dda5004][0m[38;5;86m[HTTP][0m [37m<-- POST /wd/hub/session/0dda5004-dcaf-45fa-afdc-932228a13015/timeouts [39m[32m200[39m [90m1 ms - 14[39m [90m[39m
[38;5;178m[0dda5004][0m[38;5;86m[HTTP][0m [37m-->[39m [37mGET[39m [37m/wd/hub/session/0dda5004-dcaf-45fa-afdc-932228a13015/window/rect[39m [90m{}[39m
[38;5;178m[0dda5004][0m[38;5;86m[HTTP][0m [37m<-- GET /wd/hub/session/0dda5004-dcaf-45fa-afdc-932228a13015/window/rect [39m[32m200[39m [90m33 ms - 50[39m [90m[39m
[38;5;178m[0dda5004][0m[38;5;86m[HTTP][0m [37m-->[39m [37mPOST[39m [37m/wd/hub/session/0dda5004-dcaf-45fa-afdc-932228a13015/elements[39m [90m{"value":"//*[@class = 'android.view.View' and (@text = 'Home' or . = 'Home')]","using":"xpath"}[39m
[38;5;178m[0dda5004][0m[38;5;86m[HTTP][0m [37m<-- POST /wd/hub/session/0dda5004-dcaf-45fa-afdc-932228a13015/elements [39m[32m200[39m [90m246 ms - 139[39m [90m[39m
[38;5;178m[0dda5004][0m[38;5;86m[HTTP][0m [37m-->[39m [37mGET[39m [37m/wd/hub/session/0dda5004-dcaf-45fa-afdc-932228a13015/element/00000000-0000-05b7-0000-00a200000007/rect[39m [90m{}[39m
[38;5;178m[0dda5004][0m[38;5;-115m[AndroidUiautomator2Driver@1df3][0m Driver proxy active, passing request on via HTTP proxy
[38;5;178m[0dda5004][0m[38;5;-115m[AndroidUiautomator2Driver@1df3][0m Replacing sessionId e9027077-b262-4b2c-9209-b17fed8b203c with 0dda5004-dcaf-45fa-afdc-932228a13015
[38;5;178m[0dda5004][0m[38;5;86m[HTTP][0m [37m<-- GET /wd/hub/session/0dda5004-dcaf-45fa-afdc-932228a13015/element/00000000-0000-05b7-0000-00a200000007/rect [39m[32m200[39m [90m25 ms - 104[39m [90m[39m
[38;5;178m[0dda5004][0m[38;5;86m[HTTP][0m [37m-->[39m [37mPOST[39m [37m/wd/hub/session/0dda5004-dcaf-45fa-afdc-932228a13015/timeouts[39m [90m{"implicit":30000}[39m
[38;5;178m[0dda5004][0m[38;5;86m[HTTP][0m [37m<-- POST /wd/hub/session/0dda5004-dcaf-45fa-afdc-932228a13015/timeouts [39m[32m200[39m [90m2 ms - 14[39m [90m[39m
[38;5;178m[0dda5004][0m[38;5;86m[HTTP][0m [37m-->[39m [37mGET[39m [37m/wd/hub/session/0dda5004-dcaf-45fa-afdc-932228a13015/element/00000000-0000-05b7-0000-00a200000007/text[39m [90m{}[39m
[38;5;178m[0dda5004][0m[38;5;-115m[AndroidUiautomator2Driver@1df3][0m Driver proxy active, passing request on via HTTP proxy
[38;5;178m[0dda5004][0m[38;5;-115m[AndroidUiautomator2Driver@1df3][0m Replacing sessionId e9027077-b262-4b2c-9209-b17fed8b203c with 0dda5004-dcaf-45fa-afdc-932228a13015
[38;5;178m[0dda5004][0m[38;5;86m[HTTP][0m [37m<-- GET /wd/hub/session/0dda5004-dcaf-45fa-afdc-932228a13015/element/00000000-0000-05b7-0000-00a200000007/text [39m[32m200[39m [90m27 ms - 67[39m [90m[39m
[38;5;178m[0dda5004][0m[38;5;86m[HTTP][0m [37m-->[39m [37mPOST[39m [37m/wd/hub/session/0dda5004-dcaf-45fa-afdc-932228a13015/timeouts[39m [90m{"implicit":50}[39m
[38;5;178m[0dda5004][0m[38;5;86m[HTTP][0m [37m<-- POST /wd/hub/session/0dda5004-dcaf-45fa-afdc-932228a13015/timeouts [39m[32m200[39m [90m1 ms - 14[39m [90m[39m
[38;5;178m[0dda5004][0m[38;5;86m[HTTP][0m [37m-->[39m [37mGET[39m [37m/wd/hub/session/0dda5004-dcaf-45fa-afdc-932228a13015/window/rect[39m [90m{}[39m
[38;5;178m[0dda5004][0m[38;5;86m[HTTP][0m [37m<-- GET /wd/hub/session/0dda5004-dcaf-45fa-afdc-932228a13015/window/rect [39m[32m200[39m [90m15 ms - 50[39m [90m[39m
[38;5;178m[0dda5004][0m[38;5;86m[HTTP][0m [37m-->[39m [37mPOST[39m [37m/wd/hub/session/0dda5004-dcaf-45fa-afdc-932228a13015/elements[39m [90m{"value":"//*[@class = 'android.view.View' and (@text = 'My Account' or . = 'My Account')]","using":"xpath"}[39m
[38;5;178m[0dda5004][0m[38;5;86m[HTTP][0m [37m<-- POST /wd/hub/session/0dda5004-dcaf-45fa-afdc-932228a13015/elements [39m[32m200[39m [90m686 ms - 139[39m [90m[39m
[38;5;178m[0dda5004][0m[38;5;86m[HTTP][0m [37m-->[39m [37mGET[39m [37m/wd/hub/session/0dda5004-dcaf-45fa-afdc-932228a13015/element/00000000-0000-05b7-0000-00a600000007/rect[39m [90m{}[39m
[38;5;178m[0dda5004][0m[38;5;-115m[AndroidUiautomator2Driver@1df3][0m Driver proxy active, passing request on via HTTP proxy
[38;5;178m[0dda5004][0m[38;5;-115m[AndroidUiautomator2Driver@1df3][0m Replacing sessionId e9027077-b262-4b2c-9209-b17fed8b203c with 0dda5004-dcaf-45fa-afdc-932228a13015
[38;5;178m[0dda5004][0m[38;5;86m[HTTP][0m [37m<-- GET /wd/hub/session/0dda5004-dcaf-45fa-afdc-932228a13015/element/00000000-0000-05b7-0000-00a600000007/rect [39m[32m200[39m [90m39 ms - 104[39m [90m[39m
[38;5;178m[0dda5004][0m[38;5;86m[HTTP][0m [37m-->[39m [37mPOST[39m [37m/wd/hub/session/0dda5004-dcaf-45fa-afdc-932228a13015/timeouts[39m [90m{"implicit":30000}[39m
[38;5;178m[0dda5004][0m[38;5;86m[HTTP][0m [37m<-- POST /wd/hub/session/0dda5004-dcaf-45fa-afdc-932228a13015/timeouts [39m[32m200[39m [90m2 ms - 14[39m [90m[39m
[38;5;178m[0dda5004][0m[38;5;86m[HTTP][0m [37m-->[39m [37mPOST[39m [37m/wd/hub/session/0dda5004-dcaf-45fa-afdc-932228a13015/timeouts[39m [90m{"implicit":50}[39m
[38;5;178m[0dda5004][0m[38;5;86m[HTTP][0m [37m<-- POST /wd/hub/session/0dda5004-dcaf-45fa-afdc-932228a13015/timeouts [39m[32m200[39m [90m2 ms - 14[39m [90m[39m
[38;5;178m[0dda5004][0m[38;5;86m[HTTP][0m [37m-->[39m [37mGET[39m [37m/wd/hub/session/0dda5004-dcaf-45fa-afdc-932228a13015/window/rect[39m [90m{}[39m
[38;5;178m[0dda5004][0m[38;5;86m[HTTP][0m [37m<-- GET /wd/hub/session/0dda5004-dcaf-45fa-afdc-932228a13015/window/rect [39m[32m200[39m [90m31 ms - 50[39m [90m[39m
[38;5;178m[0dda5004][0m[38;5;86m[HTTP][0m [37m-->[39m [37mPOST[39m [37m/wd/hub/session/0dda5004-dcaf-45fa-afdc-932228a13015/elements[39m [90m{"value":"//*[@class = 'android.view.View' and (@text = 'My Account' or . = 'My Account')]","using":"xpath"}[39m
[38;5;178m[0dda5004][0m[38;5;86m[HTTP][0m [37m<-- POST /wd/hub/session/0dda5004-dcaf-45fa-afdc-932228a13015/elements [39m[32m200[39m [90m242 ms - 139[39m [90m[39m
[38;5;178m[0dda5004][0m[38;5;86m[HTTP][0m [37m-->[39m [37mGET[39m [37m/wd/hub/session/0dda5004-dcaf-45fa-afdc-932228a13015/element/00000000-0000-05b7-0000-00a600000007/rect[39m [90m{}[39m
[38;5;178m[0dda5004][0m[38;5;-115m[AndroidUiautomator2Driver@1df3][0m Driver proxy active, passing request on via HTTP proxy
[38;5;178m[0dda5004][0m[38;5;-115m[AndroidUiautomator2Driver@1df3][0m Replacing sessionId e9027077-b262-4b2c-9209-b17fed8b203c with 0dda5004-dcaf-45fa-afdc-932228a13015
[38;5;178m[0dda5004][0m[38;5;86m[HTTP][0m [37m<-- GET /wd/hub/session/0dda5004-dcaf-45fa-afdc-932228a13015/element/00000000-0000-05b7-0000-00a600000007/rect [39m[32m200[39m [90m444 ms - 104[39m [90m[39m
[38;5;178m[0dda5004][0m[38;5;86m[HTTP][0m [37m-->[39m [37mPOST[39m [37m/wd/hub/session/0dda5004-dcaf-45fa-afdc-932228a13015/timeouts[39m [90m{"implicit":30000}[39m
[38;5;178m[0dda5004][0m[38;5;86m[HTTP][0m [37m<-- POST /wd/hub/session/0dda5004-dcaf-45fa-afdc-932228a13015/timeouts [39m[32m200[39m [90m3 ms - 14[39m [90m[39m
[38;5;178m[0dda5004][0m[38;5;86m[HTTP][0m [37m-->[39m [37mGET[39m [37m/wd/hub/session/0dda5004-dcaf-45fa-afdc-932228a13015/element/00000000-0000-05b7-0000-00a600000007/text[39m [90m{}[39m
[38;5;178m[0dda5004][0m[38;5;-115m[AndroidUiautomator2Driver@1df3][0m Driver proxy active, passing request on via HTTP proxy
[38;5;178m[0dda5004][0m[38;5;-115m[AndroidUiautomator2Driver@1df3][0m Replacing sessionId e9027077-b262-4b2c-9209-b17fed8b203c with 0dda5004-dcaf-45fa-afdc-932228a13015
[38;5;178m[0dda5004][0m[38;5;86m[HTTP][0m [37m<-- GET /wd/hub/session/0dda5004-dcaf-45fa-afdc-932228a13015/element/00000000-0000-05b7-0000-00a600000007/text [39m[32m200[39m [90m34 ms - 73[39m [90m[39m
[38;5;178m[0dda5004][0m[38;5;86m[HTTP][0m [37m-->[39m [37mGET[39m [37m/wd/hub/session/0dda5004-dcaf-45fa-afdc-932228a13015/context[39m [90m{}[39m
[38;5;178m[0dda5004][0m[38;5;86m[HTTP][0m [37m<-- GET /wd/hub/session/0dda5004-dcaf-45fa-afdc-932228a13015/context [39m[32m200[39m [90m1 ms - 22[39m [90m[39m
[38;5;178m[0dda5004][0m[38;5;86m[HTTP][0m [37m-->[39m [37mGET[39m [37m/wd/hub/session/0dda5004-dcaf-45fa-afdc-932228a13015/contexts[39m [90m{}[39m
[38;5;178m[0dda5004][0m[38;5;-115m[AndroidUiautomator2Driver@1df3][0m Skipping the webview 'WEBVIEW_stetho_com.google.android.apps.messaging' at '@stetho_com.google.android.apps.messaging_devtools_remote' since it has reported having zero pages
[38;5;178m[0dda5004][0m[38;5;86m[HTTP][0m [37m<-- GET /wd/hub/session/0dda5004-dcaf-45fa-afdc-932228a13015/contexts [39m[32m200[39m [90m589 ms - 56[39m [90m[39m
[38;5;178m[0dda5004][0m[38;5;86m[HTTP][0m [37m-->[39m [37mPOST[39m [37m/wd/hub/session/0dda5004-dcaf-45fa-afdc-932228a13015/context[39m [90m{"name":"NATIVE_APP"}[39m
[38;5;178m[0dda5004][0m[38;5;86m[HTTP][0m [37m<-- POST /wd/hub/session/0dda5004-dcaf-45fa-afdc-932228a13015/context [39m[32m200[39m [90m1 ms - 14[39m [90m[39m
[38;5;178m[0dda5004][0m[38;5;86m[HTTP][0m [37m-->[39m [37mPOST[39m [37m/wd/hub/session/0dda5004-dcaf-45fa-afdc-932228a13015/element[39m [90m{"value":"new UiScrollable(new UiSelector().scrollable(true).instance(0)).scrollIntoView(new UiSelector().textContains(\"Recommended for you\"))","using":"-android uiautomator"}[39m
[38;5;178m[0dda5004][0m[38;5;86m[HTTP][0m [37m<-- POST /wd/hub/session/0dda5004-dcaf-45fa-afdc-932228a13015/element [39m[32m200[39m [90m131 ms - 137[39m [90m[39m
[38;5;178m[0dda5004][0m[38;5;86m[HTTP][0m [37m-->[39m [37mPOST[39m [37m/wd/hub/session/0dda5004-dcaf-45fa-afdc-932228a13015/context[39m [90m{"name":"NATIVE_APP"}[39m
[38;5;178m[0dda5004][0m[38;5;86m[HTTP][0m [37m<-- POST /wd/hub/session/0dda5004-dcaf-45fa-afdc-932228a13015/context [39m[32m200[39m [90m2 ms - 14[39m [90m[39m
[38;5;178m[0dda5004][0m[38;5;86m[HTTP][0m [37m-->[39m [37mPOST[39m [37m/wd/hub/session/0dda5004-dcaf-45fa-afdc-932228a13015/timeouts[39m [90m{"implicit":50}[39m
[38;5;178m[0dda5004][0m[38;5;86m[HTTP][0m [37m<-- POST /wd/hub/session/0dda5004-dcaf-45fa-afdc-932228a13015/timeouts [39m[32m200[39m [90m2 ms - 14[39m [90m[39m
[38;5;178m[0dda5004][0m[38;5;86m[HTTP][0m [37m-->[39m [37mGET[39m [37m/wd/hub/session/0dda5004-dcaf-45fa-afdc-932228a13015/window/rect[39m [90m{}[39m
[38;5;178m[0dda5004][0m[38;5;86m[HTTP][0m [37m<-- GET /wd/hub/session/0dda5004-dcaf-45fa-afdc-932228a13015/window/rect [39m[32m200[39m [90m26 ms - 50[39m [90m[39m
[38;5;178m[0dda5004][0m[38;5;86m[HTTP][0m [37m-->[39m [37mPOST[39m [37m/wd/hub/session/0dda5004-dcaf-45fa-afdc-932228a13015/elements[39m [90m{"value":"//*[@class = 'android.widget.TextView' and (@text = 'RECOMMENDED FOR YOU' or . = 'RECOMMENDED FOR YOU')]","using":"xpath"}[39m
[38;5;178m[0dda5004][0m[38;5;86m[HTTP][0m [37m<-- POST /wd/hub/session/0dda5004-dcaf-45fa-afdc-932228a13015/elements [39m[32m200[39m [90m229 ms - 139[39m [90m[39m
[38;5;178m[0dda5004][0m[38;5;86m[HTTP][0m [37m-->[39m [37mGET[39m [37m/wd/hub/session/0dda5004-dcaf-45fa-afdc-932228a13015/element/00000000-0000-05b7-0000-013200000007/rect[39m [90m{}[39m
[38;5;178m[0dda5004][0m[38;5;-115m[AndroidUiautomator2Driver@1df3][0m Driver proxy active, passing request on via HTTP proxy
[38;5;178m[0dda5004][0m[38;5;-115m[AndroidUiautomator2Driver@1df3][0m Replacing sessionId e9027077-b262-4b2c-9209-b17fed8b203c with 0dda5004-dcaf-45fa-afdc-932228a13015
[38;5;178m[0dda5004][0m[38;5;86m[HTTP][0m [37m<-- GET /wd/hub/session/0dda5004-dcaf-45fa-afdc-932228a13015/element/00000000-0000-05b7-0000-013200000007/rect [39m[32m200[39m [90m35 ms - 102[39m [90m[39m
[38;5;178m[0dda5004][0m[38;5;86m[HTTP][0m [37m-->[39m [37mPOST[39m [37m/wd/hub/session/0dda5004-dcaf-45fa-afdc-932228a13015/timeouts[39m [90m{"implicit":30000}[39m
[38;5;178m[0dda5004][0m[38;5;86m[HTTP][0m [37m<-- POST /wd/hub/session/0dda5004-dcaf-45fa-afdc-932228a13015/timeouts [39m[32m200[39m [90m3 ms - 14[39m [90m[39m
[38;5;178m[0dda5004][0m[38;5;86m[HTTP][0m [37m-->[39m [37mPOST[39m [37m/wd/hub/session/0dda5004-dcaf-45fa-afdc-932228a13015/timeouts[39m [90m{"implicit":50}[39m
[38;5;178m[0dda5004][0m[38;5;86m[HTTP][0m [37m<-- POST /wd/hub/session/0dda5004-dcaf-45fa-afdc-932228a13015/timeouts [39m[32m200[39m [90m3 ms - 14[39m [90m[39m
[38;5;178m[0dda5004][0m[38;5;86m[HTTP][0m [37m-->[39m [37mGET[39m [37m/wd/hub/session/0dda5004-dcaf-45fa-afdc-932228a13015/window/rect[39m [90m{}[39m
[38;5;178m[0dda5004][0m[38;5;86m[HTTP][0m [37m<-- GET /wd/hub/session/0dda5004-dcaf-45fa-afdc-932228a13015/window/rect [39m[32m200[39m [90m20 ms - 50[39m [90m[39m
[38;5;178m[0dda5004][0m[38;5;86m[HTTP][0m [37m-->[39m [37mPOST[39m [37m/wd/hub/session/0dda5004-dcaf-45fa-afdc-932228a13015/elements[39m [90m{"value":"//*[@class = 'android.widget.TextView' and (@text = 'RECOMMENDED FOR YOU' or . = 'RECOMMENDED FOR YOU')]","using":"xpath"}[39m
[38;5;178m[0dda5004][0m[38;5;86m[HTTP][0m [37m<-- POST /wd/hub/session/0dda5004-dcaf-45fa-afdc-932228a13015/elements [39m[32m200[39m [90m199 ms - 139[39m [90m[39m
[38;5;178m[0dda5004][0m[38;5;86m[HTTP][0m [37m-->[39m [37mGET[39m [37m/wd/hub/session/0dda5004-dcaf-45fa-afdc-932228a13015/element/00000000-0000-05b7-0000-013200000007/rect[39m [90m{}[39m
[38;5;178m[0dda5004][0m[38;5;-115m[AndroidUiautomator2Driver@1df3][0m Driver proxy active, passing request on via HTTP proxy
[38;5;178m[0dda5004][0m[38;5;-115m[AndroidUiautomator2Driver@1df3][0m Replacing sessionId e9027077-b262-4b2c-9209-b17fed8b203c with 0dda5004-dcaf-45fa-afdc-932228a13015
[38;5;178m[0dda5004][0m[38;5;86m[HTTP][0m [37m<-- GET /wd/hub/session/0dda5004-dcaf-45fa-afdc-932228a13015/element/00000000-0000-05b7-0000-013200000007/rect [39m[32m200[39m [90m32 ms - 102[39m [90m[39m
[38;5;178m[0dda5004][0m[38;5;86m[HTTP][0m [37m-->[39m [37mPOST[39m [37m/wd/hub/session/0dda5004-dcaf-45fa-afdc-932228a13015/timeouts[39m [90m{"implicit":30000}[39m
[38;5;178m[0dda5004][0m[38;5;86m[HTTP][0m [37m<-- POST /wd/hub/session/0dda5004-dcaf-45fa-afdc-932228a13015/timeouts [39m[32m200[39m [90m1 ms - 14[39m [90m[39m
[38;5;178m[0dda5004][0m[38;5;86m[HTTP][0m [37m-->[39m [37mGET[39m [37m/wd/hub/session/0dda5004-dcaf-45fa-afdc-932228a13015/element/00000000-0000-05b7-0000-013200000007/text[39m [90m{}[39m
[38;5;178m[0dda5004][0m[38;5;-115m[AndroidUiautomator2Driver@1df3][0m Driver proxy active, passing request on via HTTP proxy
[38;5;178m[0dda5004][0m[38;5;-115m[AndroidUiautomator2Driver@1df3][0m Replacing sessionId e9027077-b262-4b2c-9209-b17fed8b203c with 0dda5004-dcaf-45fa-afdc-932228a13015
[38;5;178m[0dda5004][0m[38;5;86m[HTTP][0m [37m<-- GET /wd/hub/session/0dda5004-dcaf-45fa-afdc-932228a13015/element/00000000-0000-05b7-0000-013200000007/text [39m[32m200[39m [90m25 ms - 82[39m [90m[39m
[38;5;178m[0dda5004][0m[38;5;86m[HTTP][0m [37m-->[39m [37mPOST[39m [37m/wd/hub/session/0dda5004-dcaf-45fa-afdc-932228a13015/timeouts[39m [90m{"implicit":50}[39m
[38;5;178m[0dda5004][0m[38;5;86m[HTTP][0m [37m<-- POST /wd/hub/session/0dda5004-dcaf-45fa-afdc-932228a13015/timeouts [39m[32m200[39m [90m1 ms - 14[39m [90m[39m
[38;5;178m[0dda5004][0m[38;5;86m[HTTP][0m [37m-->[39m [37mGET[39m [37m/wd/hub/session/0dda5004-dcaf-45fa-afdc-932228a13015/window/rect[39m [90m{}[39m
[38;5;178m[0dda5004][0m[38;5;86m[HTTP][0m [37m<-- GET /wd/hub/session/0dda5004-dcaf-45fa-afdc-932228a13015/window/rect [39m[32m200[39m [90m22 ms - 50[39m [90m[39m
[38;5;178m[0dda5004][0m[38;5;86m[HTTP][0m [37m-->[39m [37mPOST[39m [37m/wd/hub/session/0dda5004-dcaf-45fa-afdc-932228a13015/elements[39m [90m{"value":"//*[@class = 'android.widget.TextView' and (@text = 'THINGS TO DO' or . = 'THINGS TO DO')]","using":"xpath"}[39m
[38;5;178m[0dda5004][0m[38;5;86m[HTTP][0m [37m<-- POST /wd/hub/session/0dda5004-dcaf-45fa-afdc-932228a13015/elements [39m[32m200[39m [90m196 ms - 139[39m [90m[39m
[38;5;178m[0dda5004][0m[38;5;86m[HTTP][0m [37m-->[39m [37mGET[39m [37m/wd/hub/session/0dda5004-dcaf-45fa-afdc-932228a13015/element/00000000-0000-05b7-0000-00f800000007/rect[39m [90m{}[39m
[38;5;178m[0dda5004][0m[38;5;-115m[AndroidUiautomator2Driver@1df3][0m Driver proxy active, passing request on via HTTP proxy
[38;5;178m[0dda5004][0m[38;5;-115m[AndroidUiautomator2Driver@1df3][0m Replacing sessionId e9027077-b262-4b2c-9209-b17fed8b203c with 0dda5004-dcaf-45fa-afdc-932228a13015
[38;5;178m[0dda5004][0m[38;5;86m[HTTP][0m [37m<-- GET /wd/hub/session/0dda5004-dcaf-45fa-afdc-932228a13015/element/00000000-0000-05b7-0000-00f800000007/rect [39m[32m200[39m [90m23 ms - 101[39m [90m[39m
[38;5;178m[0dda5004][0m[38;5;86m[HTTP][0m [37m-->[39m [37mPOST[39m [37m/wd/hub/session/0dda5004-dcaf-45fa-afdc-932228a13015/timeouts[39m [90m{"implicit":30000}[39m
[38;5;178m[0dda5004][0m[38;5;86m[HTTP][0m [37m<-- POST /wd/hub/session/0dda5004-dcaf-45fa-afdc-932228a13015/timeouts [39m[32m200[39m [90m1 ms - 14[39m [90m[39m
[38;5;178m[0dda5004][0m[38;5;86m[HTTP][0m [37m-->[39m [37mPOST[39m [37m/wd/hub/session/0dda5004-dcaf-45fa-afdc-932228a13015/timeouts[39m [90m{"implicit":50}[39m
[38;5;178m[0dda5004][0m[38;5;86m[HTTP][0m [37m<-- POST /wd/hub/session/0dda5004-dcaf-45fa-afdc-932228a13015/timeouts [39m[32m200[39m [90m2 ms - 14[39m [90m[39m
[38;5;178m[0dda5004][0m[38;5;86m[HTTP][0m [37m-->[39m [37mGET[39m [37m/wd/hub/session/0dda5004-dcaf-45fa-afdc-932228a13015/window/rect[39m [90m{}[39m
[38;5;178m[0dda5004][0m[38;5;86m[HTTP][0m [37m<-- GET /wd/hub/session/0dda5004-dcaf-45fa-afdc-932228a13015/window/rect [39m[32m200[39m [90m21 ms - 50[39m [90m[39m
[38;5;178m[0dda5004][0m[38;5;86m[HTTP][0m [37m-->[39m [37mPOST[39m [37m/wd/hub/session/0dda5004-dcaf-45fa-afdc-932228a13015/elements[39m [90m{"value":"//*[@class = 'android.widget.TextView' and (@text = 'THINGS TO DO' or . = 'THINGS TO DO')]","using":"xpath"}[39m
[38;5;178m[0dda5004][0m[38;5;86m[HTTP][0m [37m<-- POST /wd/hub/session/0dda5004-dcaf-45fa-afdc-932228a13015/elements [39m[32m200[39m [90m187 ms - 139[39m [90m[39m
[38;5;178m[0dda5004][0m[38;5;86m[HTTP][0m [37m-->[39m [37mGET[39m [37m/wd/hub/session/0dda5004-dcaf-45fa-afdc-932228a13015/element/00000000-0000-05b7-0000-00f800000007/rect[39m [90m{}[39m
[38;5;178m[0dda5004][0m[38;5;-115m[AndroidUiautomator2Driver@1df3][0m Driver proxy active, passing request on via HTTP proxy
[38;5;178m[0dda5004][0m[38;5;-115m[AndroidUiautomator2Driver@1df3][0m Replacing sessionId e9027077-b262-4b2c-9209-b17fed8b203c with 0dda5004-dcaf-45fa-afdc-932228a13015
[38;5;178m[0dda5004][0m[38;5;86m[HTTP][0m [37m<-- GET /wd/hub/session/0dda5004-dcaf-45fa-afdc-932228a13015/element/00000000-0000-05b7-0000-00f800000007/rect [39m[32m200[39m [90m37 ms - 101[39m [90m[39m
[38;5;178m[0dda5004][0m[38;5;86m[HTTP][0m [37m-->[39m [37mPOST[39m [37m/wd/hub/session/0dda5004-dcaf-45fa-afdc-932228a13015/timeouts[39m [90m{"implicit":30000}[39m
[38;5;178m[0dda5004][0m[38;5;86m[HTTP][0m [37m<-- POST /wd/hub/session/0dda5004-dcaf-45fa-afdc-932228a13015/timeouts [39m[32m200[39m [90m3 ms - 14[39m [90m[39m
[38;5;178m[0dda5004][0m[38;5;86m[HTTP][0m [37m-->[39m [37mGET[39m [37m/wd/hub/session/0dda5004-dcaf-45fa-afdc-932228a13015/element/00000000-0000-05b7-0000-00f800000007/text[39m [90m{}[39m
[38;5;178m[0dda5004][0m[38;5;-115m[AndroidUiautomator2Driver@1df3][0m Driver proxy active, passing request on via HTTP proxy
[38;5;178m[0dda5004][0m[38;5;-115m[AndroidUiautomator2Driver@1df3][0m Replacing sessionId e9027077-b262-4b2c-9209-b17fed8b203c with 0dda5004-dcaf-45fa-afdc-932228a13015
[38;5;178m[0dda5004][0m[38;5;86m[HTTP][0m [37m<-- GET /wd/hub/session/0dda5004-dcaf-45fa-afdc-932228a13015/element/00000000-0000-05b7-0000-00f800000007/text [39m[32m200[39m [90m34 ms - 75[39m [90m[39m
[38;5;178m[0dda5004][0m[38;5;86m[HTTP][0m [37m-->[39m [37mPOST[39m [37m/wd/hub/session/0dda5004-dcaf-45fa-afdc-932228a13015/timeouts[39m [90m{"implicit":50}[39m
[38;5;178m[0dda5004][0m[38;5;86m[HTTP][0m [37m<-- POST /wd/hub/session/0dda5004-dcaf-45fa-afdc-932228a13015/timeouts [39m[32m200[39m [90m1 ms - 14[39m [90m[39m
[38;5;178m[0dda5004][0m[38;5;86m[HTTP][0m [37m-->[39m [37mGET[39m [37m/wd/hub/session/0dda5004-dcaf-45fa-afdc-932228a13015/window/rect[39m [90m{}[39m
[38;5;178m[0dda5004][0m[38;5;86m[HTTP][0m [37m<-- GET /wd/hub/session/0dda5004-dcaf-45fa-afdc-932228a13015/window/rect [39m[32m200[39m [90m21 ms - 50[39m [90m[39m
[38;5;178m[0dda5004][0m[38;5;86m[HTTP][0m [37m-->[39m [37mPOST[39m [37m/wd/hub/session/0dda5004-dcaf-45fa-afdc-932228a13015/elements[39m [90m{"value":"//*[@class = 'android.view.View' and (@text = '' or . = '')]","using":"xpath"}[39m
[38;5;178m[0dda5004][0m[38;5;86m[HTTP][0m [37m<-- POST /wd/hub/session/0dda5004-dcaf-45fa-afdc-932228a13015/elements [39m[32m200[39m [90m213 ms - 4235[39m [90m[39m
[38;5;178m[0dda5004][0m[38;5;86m[HTTP][0m [37m-->[39m [37mGET[39m [37m/wd/hub/session/0dda5004-dcaf-45fa-afdc-932228a13015/element/00000000-0000-05b7-0000-003600000007/rect[39m [90m{}[39m
[38;5;178m[0dda5004][0m[38;5;-115m[AndroidUiautomator2Driver@1df3][0m Driver proxy active, passing request on via HTTP proxy
[38;5;178m[0dda5004][0m[38;5;-115m[AndroidUiautomator2Driver@1df3][0m Replacing sessionId e9027077-b262-4b2c-9209-b17fed8b203c with 0dda5004-dcaf-45fa-afdc-932228a13015
[38;5;178m[0dda5004][0m[38;5;86m[HTTP][0m [37m<-- GET /wd/hub/session/0dda5004-dcaf-45fa-afdc-932228a13015/element/00000000-0000-05b7-0000-003600000007/rect [39m[32m200[39m [90m36 ms - 101[39m [90m[39m
[38;5;178m[0dda5004][0m[38;5;86m[HTTP][0m [37m-->[39m [37mPOST[39m [37m/wd/hub/session/0dda5004-dcaf-45fa-afdc-932228a13015/timeouts[39m [90m{"implicit":30000}[39m
[38;5;178m[0dda5004][0m[38;5;86m[HTTP][0m [37m<-- POST /wd/hub/session/0dda5004-dcaf-45fa-afdc-932228a13015/timeouts [39m[32m200[39m [90m3 ms - 14[39m [90m[39m
[38;5;178m[0dda5004][0m[38;5;86m[HTTP][0m [37m-->[39m [37mPOST[39m [37m/wd/hub/session/0dda5004-dcaf-45fa-afdc-932228a13015/timeouts[39m [90m{"implicit":50}[39m
[38;5;178m[0dda5004][0m[38;5;86m[HTTP][0m [37m<-- POST /wd/hub/session/0dda5004-dcaf-45fa-afdc-932228a13015/timeouts [39m[32m200[39m [90m2 ms - 14[39m [90m[39m
[38;5;178m[0dda5004][0m[38;5;86m[HTTP][0m [37m-->[39m [37mGET[39m [37m/wd/hub/session/0dda5004-dcaf-45fa-afdc-932228a13015/window/rect[39m [90m{}[39m
[38;5;178m[0dda5004][0m[38;5;86m[HTTP][0m [37m<-- GET /wd/hub/session/0dda5004-dcaf-45fa-afdc-932228a13015/window/rect [39m[32m200[39m [90m20 ms - 50[39m [90m[39m
[38;5;178m[0dda5004][0m[38;5;86m[HTTP][0m [37m-->[39m [37mPOST[39m [37m/wd/hub/session/0dda5004-dcaf-45fa-afdc-932228a13015/elements[39m [90m{"value":"//*[@class = 'android.widget.TextView' and (@text = 'Gain access to a' or . = 'Gain access to a')]","using":"xpath"}[39m
[38;5;178m[0dda5004][0m[38;5;86m[HTTP][0m [37m<-- POST /wd/hub/session/0dda5004-dcaf-45fa-afdc-932228a13015/elements [39m[32m200[39m [90m182 ms - 139[39m [90m[39m
[38;5;178m[0dda5004][0m[38;5;86m[HTTP][0m [37m-->[39m [37mGET[39m [37m/wd/hub/session/0dda5004-dcaf-45fa-afdc-932228a13015/element/00000000-0000-05b7-0000-00d200000007/rect[39m [90m{}[39m
[38;5;178m[0dda5004][0m[38;5;-115m[AndroidUiautomator2Driver@1df3][0m Driver proxy active, passing request on via HTTP proxy
[38;5;178m[0dda5004][0m[38;5;-115m[AndroidUiautomator2Driver@1df3][0m Replacing sessionId e9027077-b262-4b2c-9209-b17fed8b203c with 0dda5004-dcaf-45fa-afdc-932228a13015
[38;5;178m[0dda5004][0m[38;5;86m[HTTP][0m [37m<-- GET /wd/hub/session/0dda5004-dcaf-45fa-afdc-932228a13015/element/00000000-0000-05b7-0000-00d200000007/rect [39m[32m200[39m [90m23 ms - 103[39m [90m[39m
[38;5;178m[0dda5004][0m[38;5;86m[HTTP][0m [37m-->[39m [37mPOST[39m [37m/wd/hub/session/0dda5004-dcaf-45fa-afdc-932228a13015/timeouts[39m [90m{"implicit":30000}[39m
[38;5;178m[0dda5004][0m[38;5;86m[HTTP][0m [37m<-- POST /wd/hub/session/0dda5004-dcaf-45fa-afdc-932228a13015/timeouts [39m[32m200[39m [90m1 ms - 14[39m [90m[39m
[38;5;178m[0dda5004][0m[38;5;86m[HTTP][0m [37m-->[39m [37mGET[39m [37m/wd/hub/session/0dda5004-dcaf-45fa-afdc-932228a13015/element/00000000-0000-05b7-0000-00d200000007/text[39m [90m{}[39m
[38;5;178m[0dda5004][0m[38;5;-115m[AndroidUiautomator2Driver@1df3][0m Driver proxy active, passing request on via HTTP proxy
[38;5;178m[0dda5004][0m[38;5;-115m[AndroidUiautomator2Driver@1df3][0m Replacing sessionId e9027077-b262-4b2c-9209-b17fed8b203c with 0dda5004-dcaf-45fa-afdc-932228a13015
[38;5;178m[0dda5004][0m[38;5;86m[HTTP][0m [37m<-- GET /wd/hub/session/0dda5004-dcaf-45fa-afdc-932228a13015/element/00000000-0000-05b7-0000-00d200000007/text [39m[32m200[39m [90m24 ms - 79[39m [90m[39m
[38;5;178m[0dda5004][0m[38;5;86m[HTTP][0m [37m-->[39m [37mPOST[39m [37m/wd/hub/session/0dda5004-dcaf-45fa-afdc-932228a13015/timeouts[39m [90m{"implicit":50}[39m
[38;5;178m[0dda5004][0m[38;5;86m[HTTP][0m [37m<-- POST /wd/hub/session/0dda5004-dcaf-45fa-afdc-932228a13015/timeouts [39m[32m200[39m [90m1 ms - 14[39m [90m[39m
[38;5;178m[0dda5004][0m[38;5;86m[HTTP][0m [37m-->[39m [37mGET[39m [37m/wd/hub/session/0dda5004-dcaf-45fa-afdc-932228a13015/window/rect[39m [90m{}[39m
[38;5;178m[0dda5004][0m[38;5;86m[HTTP][0m [37m<-- GET /wd/hub/session/0dda5004-dcaf-45fa-afdc-932228a13015/window/rect [39m[32m200[39m [90m20 ms - 50[39m [90m[39m
[38;5;178m[0dda5004][0m[38;5;86m[HTTP][0m [37m-->[39m [37mPOST[39m [37m/wd/hub/session/0dda5004-dcaf-45fa-afdc-932228a13015/elements[39m [90m{"value":"//*[@class = 'android.widget.TextView' and (@text = 'customized experience' or . = 'customized experience')]","using":"xpath"}[39m
[38;5;178m[0dda5004][0m[38;5;86m[HTTP][0m [37m<-- POST /wd/hub/session/0dda5004-dcaf-45fa-afdc-932228a13015/elements [39m[32m200[39m [90m179 ms - 139[39m [90m[39m
[38;5;178m[0dda5004][0m[38;5;86m[HTTP][0m [37m-->[39m [37mGET[39m [37m/wd/hub/session/0dda5004-dcaf-45fa-afdc-932228a13015/element/00000000-0000-05b7-0000-00d300000007/rect[39m [90m{}[39m
[38;5;178m[0dda5004][0m[38;5;-115m[AndroidUiautomator2Driver@1df3][0m Driver proxy active, passing request on via HTTP proxy
[38;5;178m[0dda5004][0m[38;5;-115m[AndroidUiautomator2Driver@1df3][0m Replacing sessionId e9027077-b262-4b2c-9209-b17fed8b203c with 0dda5004-dcaf-45fa-afdc-932228a13015
[38;5;178m[0dda5004][0m[38;5;86m[HTTP][0m [37m<-- GET /wd/hub/session/0dda5004-dcaf-45fa-afdc-932228a13015/element/00000000-0000-05b7-0000-00d300000007/rect [39m[32m200[39m [90m22 ms - 103[39m [90m[39m
[38;5;178m[0dda5004][0m[38;5;86m[HTTP][0m [37m-->[39m [37mPOST[39m [37m/wd/hub/session/0dda5004-dcaf-45fa-afdc-932228a13015/timeouts[39m [90m{"implicit":30000}[39m
[38;5;178m[0dda5004][0m[38;5;86m[HTTP][0m [37m<-- POST /wd/hub/session/0dda5004-dcaf-45fa-afdc-932228a13015/timeouts [39m[32m200[39m [90m1 ms - 14[39m [90m[39m
[38;5;178m[0dda5004][0m[38;5;86m[HTTP][0m [37m-->[39m [37mGET[39m [37m/wd/hub/session/0dda5004-dcaf-45fa-afdc-932228a13015/element/00000000-0000-05b7-0000-00d300000007/text[39m [90m{}[39m
[38;5;178m[0dda5004][0m[38;5;-115m[AndroidUiautomator2Driver@1df3][0m Driver proxy active, passing request on via HTTP proxy
[38;5;178m[0dda5004][0m[38;5;-115m[AndroidUiautomator2Driver@1df3][0m Replacing sessionId e9027077-b262-4b2c-9209-b17fed8b203c with 0dda5004-dcaf-45fa-afdc-932228a13015
[38;5;178m[0dda5004][0m[38;5;86m[HTTP][0m [37m<-- GET /wd/hub/session/0dda5004-dcaf-45fa-afdc-932228a13015/element/00000000-0000-05b7-0000-00d300000007/text [39m[32m200[39m [90m24 ms - 84[39m [90m[39m
[38;5;178m[0dda5004][0m[38;5;86m[HTTP][0m [37m-->[39m [37mPOST[39m [37m/wd/hub/session/0dda5004-dcaf-45fa-afdc-932228a13015/timeouts[39m [90m{"implicit":50}[39m
[38;5;178m[0dda5004][0m[38;5;86m[HTTP][0m [37m<-- POST /wd/hub/session/0dda5004-dcaf-45fa-afdc-932228a13015/timeouts [39m[32m200[39m [90m1 ms - 14[39m [90m[39m
[38;5;178m[0dda5004][0m[38;5;86m[HTTP][0m [37m-->[39m [37mGET[39m [37m/wd/hub/session/0dda5004-dcaf-45fa-afdc-932228a13015/window/rect[39m [90m{}[39m
[38;5;178m[0dda5004][0m[38;5;86m[HTTP][0m [37m<-- GET /wd/hub/session/0dda5004-dcaf-45fa-afdc-932228a13015/window/rect [39m[32m200[39m [90m19 ms - 50[39m [90m[39m
[38;5;178m[0dda5004][0m[38;5;86m[HTTP][0m [37m-->[39m [37mPOST[39m [37m/wd/hub/session/0dda5004-dcaf-45fa-afdc-932228a13015/elements[39m [90m{"value":"//*[@class = 'android.widget.TextView' and (@text = 'Login' or . = 'Login')]","using":"xpath"}[39m
[38;5;178m[0dda5004][0m[38;5;86m[HTTP][0m [37m<-- POST /wd/hub/session/0dda5004-dcaf-45fa-afdc-932228a13015/elements [39m[32m200[39m [90m170 ms - 139[39m [90m[39m
[38;5;178m[0dda5004][0m[38;5;86m[HTTP][0m [37m-->[39m [37mGET[39m [37m/wd/hub/session/0dda5004-dcaf-45fa-afdc-932228a13015/element/00000000-0000-05b7-0000-00d600000007/rect[39m [90m{}[39m
[38;5;178m[0dda5004][0m[38;5;-115m[AndroidUiautomator2Driver@1df3][0m Driver proxy active, passing request on via HTTP proxy
[38;5;178m[0dda5004][0m[38;5;-115m[AndroidUiautomator2Driver@1df3][0m Replacing sessionId e9027077-b262-4b2c-9209-b17fed8b203c with 0dda5004-dcaf-45fa-afdc-932228a13015
[38;5;178m[0dda5004][0m[38;5;86m[HTTP][0m [37m<-- GET /wd/hub/session/0dda5004-dcaf-45fa-afdc-932228a13015/element/00000000-0000-05b7-0000-00d600000007/rect [39m[32m200[39m [90m33 ms - 102[39m [90m[39m
[38;5;178m[0dda5004][0m[38;5;86m[HTTP][0m [37m-->[39m [37mPOST[39m [37m/wd/hub/session/0dda5004-dcaf-45fa-afdc-932228a13015/timeouts[39m [90m{"implicit":30000}[39m
[38;5;178m[0dda5004][0m[38;5;86m[HTTP][0m [37m<-- POST /wd/hub/session/0dda5004-dcaf-45fa-afdc-932228a13015/timeouts [39m[32m200[39m [90m3 ms - 14[39m [90m[39m
[38;5;178m[0dda5004][0m[38;5;86m[HTTP][0m [37m-->[39m [37mPOST[39m [37m/wd/hub/session/0dda5004-dcaf-45fa-afdc-932228a13015/timeouts[39m [90m{"implicit":50}[39m
[38;5;178m[0dda5004][0m[38;5;86m[HTTP][0m [37m<-- POST /wd/hub/session/0dda5004-dcaf-45fa-afdc-932228a13015/timeouts [39m[32m200[39m [90m3 ms - 14[39m [90m[39m
[38;5;178m[0dda5004][0m[38;5;86m[HTTP][0m [37m-->[39m [37mGET[39m [37m/wd/hub/session/0dda5004-dcaf-45fa-afdc-932228a13015/window/rect[39m [90m{}[39m
[38;5;178m[0dda5004][0m[38;5;86m[HTTP][0m [37m<-- GET /wd/hub/session/0dda5004-dcaf-45fa-afdc-932228a13015/window/rect [39m[32m200[39m [90m22 ms - 50[39m [90m[39m
[38;5;178m[0dda5004][0m[38;5;86m[HTTP][0m [37m-->[39m [37mPOST[39m [37m/wd/hub/session/0dda5004-dcaf-45fa-afdc-932228a13015/elements[39m [90m{"value":"//*[@class = 'android.widget.TextView' and (@text = 'Login' or . = 'Login')]","using":"xpath"}[39m
[38;5;178m[0dda5004][0m[38;5;86m[HTTP][0m [37m<-- POST /wd/hub/session/0dda5004-dcaf-45fa-afdc-932228a13015/elements [39m[32m200[39m [90m180 ms - 139[39m [90m[39m
[38;5;178m[0dda5004][0m[38;5;86m[HTTP][0m [37m-->[39m [37mGET[39m [37m/wd/hub/session/0dda5004-dcaf-45fa-afdc-932228a13015/element/00000000-0000-05b7-0000-00d600000007/rect[39m [90m{}[39m
[38;5;178m[0dda5004][0m[38;5;-115m[AndroidUiautomator2Driver@1df3][0m Driver proxy active, passing request on via HTTP proxy
[38;5;178m[0dda5004][0m[38;5;-115m[AndroidUiautomator2Driver@1df3][0m Replacing sessionId e9027077-b262-4b2c-9209-b17fed8b203c with 0dda5004-dcaf-45fa-afdc-932228a13015
[38;5;178m[0dda5004][0m[38;5;86m[HTTP][0m [37m<-- GET /wd/hub/session/0dda5004-dcaf-45fa-afdc-932228a13015/element/00000000-0000-05b7-0000-00d600000007/rect [39m[32m200[39m [90m35 ms - 102[39m [90m[39m
[38;5;178m[0dda5004][0m[38;5;86m[HTTP][0m [37m-->[39m [37mPOST[39m [37m/wd/hub/session/0dda5004-dcaf-45fa-afdc-932228a13015/timeouts[39m [90m{"implicit":30000}[39m
[38;5;178m[0dda5004][0m[38;5;86m[HTTP][0m [37m<-- POST /wd/hub/session/0dda5004-dcaf-45fa-afdc-932228a13015/timeouts [39m[32m200[39m [90m3 ms - 14[39m [90m[39m
[38;5;178m[0dda5004][0m[38;5;86m[HTTP][0m [37m-->[39m [37mGET[39m [37m/wd/hub/session/0dda5004-dcaf-45fa-afdc-932228a13015/element/00000000-0000-05b7-0000-00d600000007/text[39m [90m{}[39m
[38;5;178m[0dda5004][0m[38;5;-115m[AndroidUiautomator2Driver@1df3][0m Driver proxy active, passing request on via HTTP proxy
[38;5;178m[0dda5004][0m[38;5;-115m[AndroidUiautomator2Driver@1df3][0m Replacing sessionId e9027077-b262-4b2c-9209-b17fed8b203c with 0dda5004-dcaf-45fa-afdc-932228a13015
[38;5;178m[0dda5004][0m[38;5;86m[HTTP][0m [37m<-- GET /wd/hub/session/0dda5004-dcaf-45fa-afdc-932228a13015/element/00000000-0000-05b7-0000-00d600000007/text [39m[32m200[39m [90m42 ms - 68[39m [90m[39m
[38;5;178m[0dda5004][0m[38;5;86m[HTTP][0m [37m-->[39m [37mPOST[39m [37m/wd/hub/session/0dda5004-dcaf-45fa-afdc-932228a13015/timeouts[39m [90m{"implicit":50}[39m
[38;5;178m[0dda5004][0m[38;5;86m[HTTP][0m [37m<-- POST /wd/hub/session/0dda5004-dcaf-45fa-afdc-932228a13015/timeouts [39m[32m200[39m [90m1 ms - 14[39m [90m[39m
[38;5;178m[0dda5004][0m[38;5;86m[HTTP][0m [37m-->[39m [37mGET[39m [37m/wd/hub/session/0dda5004-dcaf-45fa-afdc-932228a13015/window/rect[39m [90m{}[39m
[38;5;178m[0dda5004][0m[38;5;86m[HTTP][0m [37m<-- GET /wd/hub/session/0dda5004-dcaf-45fa-afdc-932228a13015/window/rect [39m[32m200[39m [90m22 ms - 50[39m [90m[39m
[38;5;178m[0dda5004][0m[38;5;86m[HTTP][0m [37m-->[39m [37mPOST[39m [37m/wd/hub/session/0dda5004-dcaf-45fa-afdc-932228a13015/elements[39m [90m{"value":"//*[@class = 'android.widget.TextView' and (@text = 'Login' or . = 'Login')]","using":"xpath"}[39m
[38;5;178m[0dda5004][0m[38;5;86m[HTTP][0m [37m<-- POST /wd/hub/session/0dda5004-dcaf-45fa-afdc-932228a13015/elements [39m[32m200[39m [90m179 ms - 139[39m [90m[39m
[38;5;178m[0dda5004][0m[38;5;86m[HTTP][0m [37m-->[39m [37mGET[39m [37m/wd/hub/session/0dda5004-dcaf-45fa-afdc-932228a13015/element/00000000-0000-05b7-0000-00d600000007/rect[39m [90m{}[39m
[38;5;178m[0dda5004][0m[38;5;-115m[AndroidUiautomator2Driver@1df3][0m Driver proxy active, passing request on via HTTP proxy
[38;5;178m[0dda5004][0m[38;5;-115m[AndroidUiautomator2Driver@1df3][0m Replacing sessionId e9027077-b262-4b2c-9209-b17fed8b203c with 0dda5004-dcaf-45fa-afdc-932228a13015
[38;5;178m[0dda5004][0m[38;5;86m[HTTP][0m [37m<-- GET /wd/hub/session/0dda5004-dcaf-45fa-afdc-932228a13015/element/00000000-0000-05b7-0000-00d600000007/rect [39m[32m200[39m [90m23 ms - 102[39m [90m[39m
[38;5;178m[0dda5004][0m[38;5;86m[HTTP][0m [37m-->[39m [37mPOST[39m [37m/wd/hub/session/0dda5004-dcaf-45fa-afdc-932228a13015/timeouts[39m [90m{"implicit":30000}[39m
[38;5;178m[0dda5004][0m[38;5;86m[HTTP][0m [37m<-- POST /wd/hub/session/0dda5004-dcaf-45fa-afdc-932228a13015/timeouts [39m[32m200[39m [90m1 ms - 14[39m [90m[39m
[38;5;178m[0dda5004][0m[38;5;86m[HTTP][0m [37m-->[39m [37mPOST[39m [37m/wd/hub/session/0dda5004-dcaf-45fa-afdc-932228a13015/element/00000000-0000-05b7-0000-00d600000007/click[39m [90m{"id":"00000000-0000-05b7-0000-00d600000007"}[39m
[38;5;178m[0dda5004][0m[38;5;86m[HTTP][0m [37m<-- POST /wd/hub/session/0dda5004-dcaf-45fa-afdc-932228a13015/element/00000000-0000-05b7-0000-00d600000007/click [39m[32m200[39m [90m79 ms - 14[39m [90m[39m
[38;5;178m[0dda5004][0m[38;5;86m[HTTP][0m [37m-->[39m [37mPOST[39m [37m/wd/hub/session/0dda5004-dcaf-45fa-afdc-932228a13015/timeouts[39m [90m{"implicit":50}[39m
[38;5;178m[0dda5004][0m[38;5;86m[HTTP][0m [37m<-- POST /wd/hub/session/0dda5004-dcaf-45fa-afdc-932228a13015/timeouts [39m[32m200[39m [90m2 ms - 14[39m [90m[39m
[38;5;178m[0dda5004][0m[38;5;86m[HTTP][0m [37m-->[39m [37mGET[39m [37m/wd/hub/session/0dda5004-dcaf-45fa-afdc-932228a13015/window/rect[39m [90m{}[39m
[38;5;178m[0dda5004][0m[38;5;86m[HTTP][0m [37m<-- GET /wd/hub/session/0dda5004-dcaf-45fa-afdc-932228a13015/window/rect [39m[32m200[39m [90m86 ms - 50[39m [90m[39m
[38;5;178m[0dda5004][0m[38;5;86m[HTTP][0m [37m-->[39m [37mPOST[39m [37m/wd/hub/session/0dda5004-dcaf-45fa-afdc-932228a13015/elements[39m [90m{"value":"//*[@class = 'android.widget.TextView' and (@text = 'WESTGATE Online Account Management' or . = 'WESTGATE Online Account Management')]","using":"xpath"}[39m
[38;5;178m[0dda5004][0m[38;5;86m[HTTP][0m [37m<-- POST /wd/hub/session/0dda5004-dcaf-45fa-afdc-932228a13015/elements [39m[32m200[39m [90m200 ms - 139[39m [90m[39m
[38;5;178m[0dda5004][0m[38;5;86m[HTTP][0m [37m-->[39m [37mGET[39m [37m/wd/hub/session/0dda5004-dcaf-45fa-afdc-932228a13015/element/00000000-0000-05b9-0000-002100000050/rect[39m [90m{}[39m
[38;5;178m[0dda5004][0m[38;5;-115m[AndroidUiautomator2Driver@1df3][0m Driver proxy active, passing request on via HTTP proxy
[38;5;178m[0dda5004][0m[38;5;-115m[AndroidUiautomator2Driver@1df3][0m Replacing sessionId e9027077-b262-4b2c-9209-b17fed8b203c with 0dda5004-dcaf-45fa-afdc-932228a13015
[38;5;178m[0dda5004][0m[38;5;86m[HTTP][0m [37m<-- GET /wd/hub/session/0dda5004-dcaf-45fa-afdc-932228a13015/element/00000000-0000-05b9-0000-002100000050/rect [39m[32m200[39m [90m56 ms - 102[39m [90m[39m
[38;5;178m[0dda5004][0m[38;5;86m[HTTP][0m [37m-->[39m [37mPOST[39m [37m/wd/hub/session/0dda5004-dcaf-45fa-afdc-932228a13015/timeouts[39m [90m{"implicit":30000}[39m
[38;5;178m[0dda5004][0m[38;5;86m[HTTP][0m [37m<-- POST /wd/hub/session/0dda5004-dcaf-45fa-afdc-932228a13015/timeouts [39m[32m200[39m [90m1 ms - 14[39m [90m[39m
[38;5;178m[0dda5004][0m[38;5;86m[HTTP][0m [37m-->[39m [37mPOST[39m [37m/wd/hub/session/0dda5004-dcaf-45fa-afdc-932228a13015/timeouts[39m [90m{"implicit":50}[39m
[38;5;178m[0dda5004][0m[38;5;86m[HTTP][0m [37m<-- POST /wd/hub/session/0dda5004-dcaf-45fa-afdc-932228a13015/timeouts [39m[32m200[39m [90m2 ms - 14[39m [90m[39m
[38;5;178m[0dda5004][0m[38;5;86m[HTTP][0m [37m-->[39m [37mGET[39m [37m/wd/hub/session/0dda5004-dcaf-45fa-afdc-932228a13015/window/rect[39m [90m{}[39m
[38;5;178m[0dda5004][0m[38;5;86m[HTTP][0m [37m<-- GET /wd/hub/session/0dda5004-dcaf-45fa-afdc-932228a13015/window/rect [39m[32m200[39m [90m29 ms - 50[39m [90m[39m
[38;5;178m[0dda5004][0m[38;5;86m[HTTP][0m [37m-->[39m [37mPOST[39m [37m/wd/hub/session/0dda5004-dcaf-45fa-afdc-932228a13015/elements[39m [90m{"value":"//*[@class = 'android.widget.TextView' and (@text = 'WESTGATE Online Account Management' or . = 'WESTGATE Online Account Management')]","using":"xpath"}[39m
[38;5;178m[0dda5004][0m[38;5;86m[HTTP][0m [37m<-- POST /wd/hub/session/0dda5004-dcaf-45fa-afdc-932228a13015/elements [39m[32m200[39m [90m184 ms - 139[39m [90m[39m
[38;5;178m[0dda5004][0m[38;5;86m[HTTP][0m [37m-->[39m [37mGET[39m [37m/wd/hub/session/0dda5004-dcaf-45fa-afdc-932228a13015/element/00000000-0000-05b9-0000-002100000050/rect[39m [90m{}[39m
[38;5;178m[0dda5004][0m[38;5;-115m[AndroidUiautomator2Driver@1df3][0m Driver proxy active, passing request on via HTTP proxy
[38;5;178m[0dda5004][0m[38;5;-115m[AndroidUiautomator2Driver@1df3][0m Replacing sessionId e9027077-b262-4b2c-9209-b17fed8b203c with 0dda5004-dcaf-45fa-afdc-932228a13015
[38;5;178m[0dda5004][0m[38;5;86m[HTTP][0m [37m<-- GET /wd/hub/session/0dda5004-dcaf-45fa-afdc-932228a13015/element/00000000-0000-05b9-0000-002100000050/rect [39m[32m200[39m [90m29 ms - 102[39m [90m[39m
[38;5;178m[0dda5004][0m[38;5;86m[HTTP][0m [37m-->[39m [37mPOST[39m [37m/wd/hub/session/0dda5004-dcaf-45fa-afdc-932228a13015/timeouts[39m [90m{"implicit":30000}[39m
[38;5;178m[0dda5004][0m[38;5;86m[HTTP][0m [37m<-- POST /wd/hub/session/0dda5004-dcaf-45fa-afdc-932228a13015/timeouts [39m[32m200[39m [90m1 ms - 14[39m [90m[39m
[38;5;178m[0dda5004][0m[38;5;86m[HTTP][0m [37m-->[39m [37mGET[39m [37m/wd/hub/session/0dda5004-dcaf-45fa-afdc-932228a13015/element/00000000-0000-05b9-0000-002100000050/text[39m [90m{}[39m
[38;5;178m[0dda5004][0m[38;5;-115m[AndroidUiautomator2Driver@1df3][0m Driver proxy active, passing request on via HTTP proxy
[38;5;178m[0dda5004][0m[38;5;-115m[AndroidUiautomator2Driver@1df3][0m Replacing sessionId e9027077-b262-4b2c-9209-b17fed8b203c with 0dda5004-dcaf-45fa-afdc-932228a13015
[38;5;178m[0dda5004][0m[38;5;86m[HTTP][0m [37m<-- GET /wd/hub/session/0dda5004-dcaf-45fa-afdc-932228a13015/element/00000000-0000-05b9-0000-002100000050/text [39m[32m200[39m [90m24 ms - 97[39m [90m[39m
[38;5;178m[0dda5004][0m[38;5;86m[HTTP][0m [37m-->[39m [37mGET[39m [37m/wd/hub/session/0dda5004-dcaf-45fa-afdc-932228a13015/context[39m [90m{}[39m
[38;5;178m[0dda5004][0m[38;5;86m[HTTP][0m [37m<-- GET /wd/hub/session/0dda5004-dcaf-45fa-afdc-932228a13015/context [39m[32m200[39m [90m1 ms - 22[39m [90m[39m
[38;5;178m[0dda5004][0m[38;5;86m[HTTP][0m [37m-->[39m [37mGET[39m [37m/wd/hub/session/0dda5004-dcaf-45fa-afdc-932228a13015/contexts[39m [90m{}[39m
[38;5;178m[0dda5004][0m[38;5;-115m[AndroidUiautomator2Driver@1df3][0m Skipping the webview 'WEBVIEW_stetho_com.google.android.apps.messaging' at '@stetho_com.google.android.apps.messaging_devtools_remote' since it has reported having zero pages
[38;5;178m[0dda5004][0m[38;5;86m[HTTP][0m [37m<-- GET /wd/hub/session/0dda5004-dcaf-45fa-afdc-932228a13015/contexts [39m[32m200[39m [90m486 ms - 56[39m [90m[39m
[38;5;178m[0dda5004][0m[38;5;86m[HTTP][0m [37m-->[39m [37mPOST[39m [37m/wd/hub/session/0dda5004-dcaf-45fa-afdc-932228a13015/context[39m [90m{"name":"NATIVE_APP"}[39m
[38;5;178m[0dda5004][0m[38;5;86m[HTTP][0m [37m<-- POST /wd/hub/session/0dda5004-dcaf-45fa-afdc-932228a13015/context [39m[32m200[39m [90m1 ms - 14[39m [90m[39m
[38;5;178m[0dda5004][0m[38;5;86m[HTTP][0m [37m-->[39m [37mPOST[39m [37m/wd/hub/session/0dda5004-dcaf-45fa-afdc-932228a13015/execute/sync[39m [90m{"script":"mobile: getCurrentPackage","args":[]}[39m
[38;5;178m[0dda5004][0m[38;5;86m[HTTP][0m [37m<-- POST /wd/hub/session/0dda5004-dcaf-45fa-afdc-932228a13015/execute/sync [39m[32m200[39m [90m137 ms - 30[39m [90m[39m
[38;5;178m[0dda5004][0m[38;5;86m[HTTP][0m [37m-->[39m [37mPOST[39m [37m/wd/hub/session/0dda5004-dcaf-45fa-afdc-932228a13015/execute/sync[39m [90m{"script":"mobile: terminateApp","args":[{"appId":"com.android.chrome","bundleId":"com.android.chrome"}]}[39m
[38;5;178m[0dda5004][0m[38;5;123m[BaseDriver][0m The following script arguments are not known and will be ignored: bundleId
[38;5;178m[0dda5004][0m[38;5;-115m[AndroidUiautomator2Driver@1df3][0m Terminating 'com.android.chrome'
[38;5;178m[0dda5004][0m[38;5;-115m[AndroidUiautomator2Driver@1df3][0m Querying the state of 'com.android.chrome'
[38;5;178m[0dda5004][0m[38;5;-115m[AndroidUiautomator2Driver@1df3][0m The application 'com.android.chrome' was reported running, although all process ids belonging to it have been changed: ([9178,10118] -> [24292]). Assuming the termination was successful.
[38;5;178m[0dda5004][0m[38;5;-115m[AndroidUiautomator2Driver@1df3][0m 'com.android.chrome' has been successfully terminated
[38;5;178m[0dda5004][0m[38;5;86m[HTTP][0m [37m<-- POST /wd/hub/session/0dda5004-dcaf-45fa-afdc-932228a13015/execute/sync [39m[32m200[39m [90m1331 ms - 14[39m [90m[39m
[38;5;178m[0dda5004][0m[38;5;86m[HTTP][0m [37m-->[39m [37mPOST[39m [37m/wd/hub/session/0dda5004-dcaf-45fa-afdc-932228a13015/context[39m [90m{"name":"NATIVE_APP"}[39m
[38;5;178m[0dda5004][0m[38;5;86m[HTTP][0m [37m<-- POST /wd/hub/session/0dda5004-dcaf-45fa-afdc-932228a13015/context [39m[32m200[39m [90m3 ms - 14[39m [90m[39m
[38;5;178m[0dda5004][0m[38;5;86m[HTTP][0m [37m-->[39m [37mDELETE[39m [37m/wd/hub/session/0dda5004-dcaf-45fa-afdc-932228a13015[39m [90m{}[39m
[38;5;178m[0dda5004][0m[38;5;21m[AppiumDriver@03a3][0m Removing session 0dda5004-dcaf-45fa-afdc-932228a13015 from our master session list
[38;5;178m[0dda5004][0m[38;5;229m[ADB][0m com.westgate.rewrite2 was successfully uninstalled
[38;5;178m[0dda5004][0m[38;5;-115m[AndroidUiautomator2Driver@1df3][0m Restoring hidden api policy to the device default configuration
[38;5;178m[0dda5004][0m[38;5;86m[HTTP][0m [37m<-- DELETE /wd/hub/session/0dda5004-dcaf-45fa-afdc-932228a13015 [39m[32m200[39m [90m2030 ms - 14[39m [90m[39m
