[38;5;112m[Appium][0m Welcome to Appium v2.17.1 (REV f1041842141f20bc701b522d4371d7843d905580)
[38;5;112m[Appium][0m Non-default server args:
[38;5;112m[Appium][0m { basePath: [32m'/wd/hub'[39m, loglevel: [32m'info'[39m, port: [33m60786[39m }
[38;5;112m[Appium][0m Attempting to load driver uiautomator2...
[38;5;112m[Appium][0m Appium REST http interface listener started on http://0.0.0.0:60786/wd/hub
[38;5;112m[Appium][0m You can provide the following URLs in your client code to connect to this server:
	http://127.0.0.1:60786/wd/hub (only accessible from the same host)
	http://192.168.0.108:60786/wd/hub
[38;5;112m[Appium][0m Available drivers:
[38;5;112m[Appium][0m   - uiautomator2@4.1.5 (automationName 'UiAutomator2')
[38;5;112m[Appium][0m No plugins have been installed. Use the "appium plugin" command to install the one(s) you want to use.
[38;5;86m[HTTP][0m [37m-->[39m [37mGET[39m [37m/wd/hub/status[39m {}
[38;5;86m[HTTP][0m <-- GET /wd/hub/status 200 4 ms - 200 
[38;5;86m[HTTP][0m [37m-->[39m [37mPOST[39m [37m/wd/hub/session[39m {"capabilities":{"firstMatch":[{"appium:app":"/Users/gv.vignesh/Downloads/WGR-Android-Automation/App Folder/universal.apk","appium:autoGrantPermissions":true,"appium:automationName":"uiautomator2","appium:deviceId":"","appium:deviceName":"emulator-5554 (sdk_gphone64_arm64 - Android 16)","appium:fullReset":true,"appium:newCommandTimeout":1800,"appium:noReset":false,"appium:platformName":"ANDROID","appium:platformVersion":"16","appium:systemPort":60785,"appium:udid":"emulator-5554","platformName":"ANDROID"}]},"desiredCapabilities":{"appium:app":"/Users/gv.vignesh/Downloads/WGR-Android-Automation/App Folder/universal.apk","appium:autoGrantPermissions":true,"appium:automationName":"uiautomator2","appium:deviceId":"","appium:deviceName":"emulator-5554 (sdk_gphone64_arm64 - Android 16)","appium:fullReset":true,"appium:newCommandTimeout":1800,"appium:noReset":false,"appium:platformName":"ANDROID","appium:platformVersion":"16","appium:systemPort":60785,"appium:udid":"emulator-5554"}}
[38;5;123m[BaseDriver][0m Ignoring capability 'appium:platformName=ANDROID' and using capability 'platformName=ANDROID'
[38;5;123m[BaseDriver][0m The capabilities ["platformName"] are standard capabilities and do not require "appium:" prefix
[38;5;112m[Appium][0m Attempting to find matching driver for automationName 'uiautomator2' and platformName 'ANDROID'
[38;5;112m[Appium][0m The 'uiautomator2' driver was installed and matched caps.
[38;5;112m[Appium][0m Will require it at /Users/gv.vignesh/.appium/node_modules/appium-uiautomator2-driver
[38;5;53m[AppiumDriver@d4b1][0m Appium v2.17.1 creating new AndroidUiautomator2Driver (v4.1.5) session
[38;5;53m[AppiumDriver@d4b1][0m Checking BaseDriver versions for Appium and AndroidUiautomator2Driver
[38;5;53m[AppiumDriver@d4b1][0m Appium's BaseDriver version is 9.16.4
[38;5;53m[AppiumDriver@d4b1][0m AndroidUiautomator2Driver's BaseDriver version is 9.16.4
[38;5;-11m[AndroidUiautomator2Driver@64e3][0m The following provided capabilities were not recognized by this driver:
[38;5;-11m[AndroidUiautomator2Driver@64e3][0m   deviceId
[38;5;110m[320249a9][0m[38;5;-11m[AndroidUiautomator2Driver@64e3][0m Session created with session id: 320249a9-94f9-43b1-bb50-e2f2854ba210
[38;5;110m[320249a9][0m[38;5;229m[ADB][0m Found 1 'build-tools' folders under '/Users/gv.vignesh/.katalon/tools/android_sdk' (newest first):
[38;5;110m[320249a9][0m[38;5;229m[ADB][0m     /Users/gv.vignesh/.katalon/tools/android_sdk/build-tools/29.0.3
[38;5;110m[320249a9][0m[38;5;229m[ADB][0m Using 'adb' from '/Users/gv.vignesh/.katalon/tools/android_sdk/platform-tools/adb'
[38;5;110m[320249a9][0m[38;5;-11m[AndroidUiautomator2Driver@64e3][0m Retrieving device list
[38;5;110m[320249a9][0m[38;5;-11m[AndroidUiautomator2Driver@64e3][0m Using device: emulator-5554
[38;5;110m[320249a9][0m[38;5;229m[ADB][0m Using 'adb' from '/Users/gv.vignesh/.katalon/tools/android_sdk/platform-tools/adb'
[38;5;110m[320249a9][0m[38;5;123m[BaseDriver][0m Using local app '/Users/gv.vignesh/Downloads/WGR-Android-Automation/App Folder/universal.apk'
[38;5;110m[320249a9][0m[38;5;229m[ADB][0m Getting device platform version
[38;5;110m[320249a9][0m[38;5;-11m[AndroidUiautomator2Driver@64e3][0m Relaxing hidden api policy
[38;5;110m[320249a9][0m[38;5;229m[ADB][0m Using 'aapt2' from '/Users/gv.vignesh/.katalon/tools/android_sdk/build-tools/29.0.3/aapt2'
[38;5;110m[320249a9][0m[38;5;229m[ADB][0m Package name: 'com.westgate.rewrite2'
[38;5;110m[320249a9][0m[38;5;229m[ADB][0m Main activity name: 'com.westgate.rewrite2.MainActivity'
[38;5;110m[320249a9][0m[38;5;229m[ADB][0m Using 'apksigner.jar' from '/Users/gv.vignesh/.katalon/tools/android_sdk/build-tools/29.0.3/lib/apksigner.jar'
[38;5;110m[320249a9][0m[38;5;-11m[AndroidUiautomator2Driver@64e3][0m Server packages are not going to be (re)installed
[38;5;110m[320249a9][0m[38;5;229m[ADB][0m Adding packages ["io.appium.settings","io.appium.uiautomator2.server","io.appium.uiautomator2.server.test"] to Doze whitelist
[38;5;110m[320249a9][0m[38;5;229m[ADB][0m '/Users/gv.vignesh/Downloads/WGR-Android-Automation/App Folder/universal.apk' is signed with a non-default certificate
[38;5;110m[320249a9][0m[38;5;229m[ADB][0m com.westgate.rewrite2 was successfully uninstalled
[38;5;110m[320249a9][0m[38;5;229m[ADB][0m The application at '/Users/gv.vignesh/Downloads/WGR-Android-Automation/App Folder/universal.apk' will not be cached, because the device under test has confirmed the support of streamed installs
[38;5;110m[320249a9][0m[38;5;229m[ADB][0m The installation of 'universal.apk' took 2045ms
[38;5;110m[320249a9][0m[38;5;-11m[AndroidUiautomator2Driver@64e3][0m Starting UIAutomator2 server 7.3.0
[38;5;110m[320249a9][0m[38;5;-11m[AndroidUiautomator2Driver@64e3][0m Using UIAutomator2 server from '/Users/gv.vignesh/.appium/node_modules/appium-uiautomator2-driver/node_modules/appium-uiautomator2-server/apks/appium-uiautomator2-server-v7.3.0.apk' and test from '/Users/gv.vignesh/.appium/node_modules/appium-uiautomator2-driver/node_modules/appium-uiautomator2-server/apks/appium-uiautomator2-server-debug-androidTest.apk'
[38;5;110m[320249a9][0m[38;5;-11m[AndroidUiautomator2Driver@64e3][0m Waiting up to 30000ms for UiAutomator2 to be online...
[38;5;110m[320249a9][0m[38;5;-11m[AndroidUiautomator2Driver@64e3][0m socket hang up
[38;5;110m[320249a9][0m[38;5;-11m[AndroidUiautomator2Driver@64e3][0m socket hang up
[38;5;110m[320249a9][0m[38;5;-11m[AndroidUiautomator2Driver@64e3][0m Determined the downstream protocol as 'W3C'
[38;5;110m[320249a9][0m[38;5;-11m[AndroidUiautomator2Driver@64e3][0m Screen already unlocked, doing nothing
[38;5;110m[320249a9][0m[38;5;-11m[AndroidUiautomator2Driver@64e3][0m Starting 'com.westgate.rewrite2/com.westgate.rewrite2.MainActivity' and waiting for 'com.westgate.rewrite2/com.westgate.rewrite2.MainActivity'
[38;5;110m[320249a9][0m[38;5;53m[AppiumDriver@d4b1][0m New AndroidUiautomator2Driver session created successfully, session 320249a9-94f9-43b1-bb50-e2f2854ba210 added to master session list
[38;5;110m[320249a9][0m[38;5;86m[HTTP][0m <-- POST /wd/hub/session 200 10368 ms - 1350 
[38;5;86m[HTTP][0m [37m-->[39m [37mGET[39m [37m/wd/hub/status[39m {}
[38;5;86m[HTTP][0m <-- GET /wd/hub/status 200 1 ms - 200 
[38;5;110m[320249a9][0m[38;5;86m[HTTP][0m [37m-->[39m [37mPOST[39m [37m/wd/hub/session/320249a9-94f9-43b1-bb50-e2f2854ba210/timeouts[39m {"implicit":30000}
[38;5;110m[320249a9][0m[38;5;86m[HTTP][0m <-- POST /wd/hub/session/320249a9-94f9-43b1-bb50-e2f2854ba210/timeouts 200 2 ms - 14 
[38;5;110m[320249a9][0m[38;5;86m[HTTP][0m [37m-->[39m [37mPOST[39m [37m/wd/hub/session/320249a9-94f9-43b1-bb50-e2f2854ba210/execute/sync[39m {"args":[],"script":"mobile: getSystemBars"}
[38;5;110m[320249a9][0m[38;5;-11m[AndroidUiautomator2Driver@64e3][0m No windows have been found whose title matches to 'NavigationBar'. Assuming it is invisible. Only the following windows are available: ScreenDecorOverlayBottom,ScreenDecorOverlay,EdgeBackGestureHandler0,Taskbar,NotificationShade,StatusBar,ShellDropTarget,InputMethod
[38;5;110m[320249a9][0m[38;5;86m[HTTP][0m <-- POST /wd/hub/session/320249a9-94f9-43b1-bb50-e2f2854ba210/execute/sync 200 170 ms - 144 
[38;5;110m[320249a9][0m[38;5;86m[HTTP][0m [37m-->[39m [37mPOST[39m [37m/wd/hub/session/320249a9-94f9-43b1-bb50-e2f2854ba210/timeouts[39m {"implicit":50}
[38;5;110m[320249a9][0m[38;5;86m[HTTP][0m <-- POST /wd/hub/session/320249a9-94f9-43b1-bb50-e2f2854ba210/timeouts 200 1 ms - 14 
[38;5;110m[320249a9][0m[38;5;86m[HTTP][0m [37m-->[39m [37mGET[39m [37m/wd/hub/session/320249a9-94f9-43b1-bb50-e2f2854ba210/window/rect[39m {}
[38;5;110m[320249a9][0m[38;5;86m[HTTP][0m <-- GET /wd/hub/session/320249a9-94f9-43b1-bb50-e2f2854ba210/window/rect 200 7 ms - 50 
[38;5;110m[320249a9][0m[38;5;86m[HTTP][0m [37m-->[39m [37mPOST[39m [37m/wd/hub/session/320249a9-94f9-43b1-bb50-e2f2854ba210/elements[39m {"value":"//*[@class = 'android.widget.TextView' and (@text = 'You’re Moments Away From\nCustomized Vacation Experiences.' or . = 'You’re Moments Away From\nCustomized Vacation Experiences.')]","using":"xpath"}
[38;5;110m[320249a9][0m[38;5;86m[HTTP][0m <-- POST /wd/hub/session/320249a9-94f9-43b1-bb50-e2f2854ba210/elements 200 413 ms - 12 
[38;5;110m[320249a9][0m[38;5;86m[HTTP][0m [37m-->[39m [37mPOST[39m [37m/wd/hub/session/320249a9-94f9-43b1-bb50-e2f2854ba210/elements[39m {"value":"//*[@class = 'android.widget.TextView' and (@text = 'You’re Moments Away From\nCustomized Vacation Experiences.' or . = 'You’re Moments Away From\nCustomized Vacation Experiences.')]","using":"xpath"}
[38;5;110m[320249a9][0m[38;5;86m[HTTP][0m <-- POST /wd/hub/session/320249a9-94f9-43b1-bb50-e2f2854ba210/elements 200 81 ms - 12 
[38;5;110m[320249a9][0m[38;5;86m[HTTP][0m [37m-->[39m [37mPOST[39m [37m/wd/hub/session/320249a9-94f9-43b1-bb50-e2f2854ba210/elements[39m {"value":"//*[@class = 'android.widget.TextView' and (@text = 'You’re Moments Away From\nCustomized Vacation Experiences.' or . = 'You’re Moments Away From\nCustomized Vacation Experiences.')]","using":"xpath"}
[38;5;110m[320249a9][0m[38;5;86m[HTTP][0m <-- POST /wd/hub/session/320249a9-94f9-43b1-bb50-e2f2854ba210/elements 200 60 ms - 12 
[38;5;110m[320249a9][0m[38;5;86m[HTTP][0m [37m-->[39m [37mPOST[39m [37m/wd/hub/session/320249a9-94f9-43b1-bb50-e2f2854ba210/elements[39m {"value":"//*[@class = 'android.widget.TextView' and (@text = 'You’re Moments Away From\nCustomized Vacation Experiences.' or . = 'You’re Moments Away From\nCustomized Vacation Experiences.')]","using":"xpath"}
[38;5;110m[320249a9][0m[38;5;86m[HTTP][0m <-- POST /wd/hub/session/320249a9-94f9-43b1-bb50-e2f2854ba210/elements 200 81 ms - 12 
[38;5;110m[320249a9][0m[38;5;86m[HTTP][0m [37m-->[39m [37mPOST[39m [37m/wd/hub/session/320249a9-94f9-43b1-bb50-e2f2854ba210/elements[39m {"value":"//*[@class = 'android.widget.TextView' and (@text = 'You’re Moments Away From\nCustomized Vacation Experiences.' or . = 'You’re Moments Away From\nCustomized Vacation Experiences.')]","using":"xpath"}
[38;5;110m[320249a9][0m[38;5;86m[HTTP][0m <-- POST /wd/hub/session/320249a9-94f9-43b1-bb50-e2f2854ba210/elements 200 64 ms - 12 
[38;5;110m[320249a9][0m[38;5;86m[HTTP][0m [37m-->[39m [37mPOST[39m [37m/wd/hub/session/320249a9-94f9-43b1-bb50-e2f2854ba210/elements[39m {"value":"//*[@class = 'android.widget.TextView' and (@text = 'You’re Moments Away From\nCustomized Vacation Experiences.' or . = 'You’re Moments Away From\nCustomized Vacation Experiences.')]","using":"xpath"}
[38;5;110m[320249a9][0m[38;5;86m[HTTP][0m <-- POST /wd/hub/session/320249a9-94f9-43b1-bb50-e2f2854ba210/elements 200 52 ms - 12 
[38;5;110m[320249a9][0m[38;5;86m[HTTP][0m [37m-->[39m [37mPOST[39m [37m/wd/hub/session/320249a9-94f9-43b1-bb50-e2f2854ba210/elements[39m {"value":"//*[@class = 'android.widget.TextView' and (@text = 'You’re Moments Away From\nCustomized Vacation Experiences.' or . = 'You’re Moments Away From\nCustomized Vacation Experiences.')]","using":"xpath"}
[38;5;110m[320249a9][0m[38;5;86m[HTTP][0m <-- POST /wd/hub/session/320249a9-94f9-43b1-bb50-e2f2854ba210/elements 200 76 ms - 12 
[38;5;110m[320249a9][0m[38;5;86m[HTTP][0m [37m-->[39m [37mPOST[39m [37m/wd/hub/session/320249a9-94f9-43b1-bb50-e2f2854ba210/elements[39m {"value":"//*[@class = 'android.widget.TextView' and (@text = 'You’re Moments Away From\nCustomized Vacation Experiences.' or . = 'You’re Moments Away From\nCustomized Vacation Experiences.')]","using":"xpath"}
[38;5;110m[320249a9][0m[38;5;86m[HTTP][0m <-- POST /wd/hub/session/320249a9-94f9-43b1-bb50-e2f2854ba210/elements 200 82 ms - 12 
[38;5;110m[320249a9][0m[38;5;86m[HTTP][0m [37m-->[39m [37mPOST[39m [37m/wd/hub/session/320249a9-94f9-43b1-bb50-e2f2854ba210/elements[39m {"value":"//*[@class = 'android.widget.TextView' and (@text = 'You’re Moments Away From\nCustomized Vacation Experiences.' or . = 'You’re Moments Away From\nCustomized Vacation Experiences.')]","using":"xpath"}
[38;5;110m[320249a9][0m[38;5;86m[HTTP][0m <-- POST /wd/hub/session/320249a9-94f9-43b1-bb50-e2f2854ba210/elements 200 93 ms - 12 
[38;5;110m[320249a9][0m[38;5;86m[HTTP][0m [37m-->[39m [37mPOST[39m [37m/wd/hub/session/320249a9-94f9-43b1-bb50-e2f2854ba210/elements[39m {"value":"//*[@class = 'android.widget.TextView' and (@text = 'You’re Moments Away From\nCustomized Vacation Experiences.' or . = 'You’re Moments Away From\nCustomized Vacation Experiences.')]","using":"xpath"}
[38;5;110m[320249a9][0m[38;5;86m[HTTP][0m <-- POST /wd/hub/session/320249a9-94f9-43b1-bb50-e2f2854ba210/elements 200 68 ms - 12 
[38;5;110m[320249a9][0m[38;5;86m[HTTP][0m [37m-->[39m [37mPOST[39m [37m/wd/hub/session/320249a9-94f9-43b1-bb50-e2f2854ba210/elements[39m {"value":"//*[@class = 'android.widget.TextView' and (@text = 'You’re Moments Away From\nCustomized Vacation Experiences.' or . = 'You’re Moments Away From\nCustomized Vacation Experiences.')]","using":"xpath"}
[38;5;110m[320249a9][0m[38;5;86m[HTTP][0m <-- POST /wd/hub/session/320249a9-94f9-43b1-bb50-e2f2854ba210/elements 200 67 ms - 12 
[38;5;110m[320249a9][0m[38;5;86m[HTTP][0m [37m-->[39m [37mPOST[39m [37m/wd/hub/session/320249a9-94f9-43b1-bb50-e2f2854ba210/elements[39m {"value":"//*[@class = 'android.widget.TextView' and (@text = 'You’re Moments Away From\nCustomized Vacation Experiences.' or . = 'You’re Moments Away From\nCustomized Vacation Experiences.')]","using":"xpath"}
[38;5;110m[320249a9][0m[38;5;86m[HTTP][0m <-- POST /wd/hub/session/320249a9-94f9-43b1-bb50-e2f2854ba210/elements 200 67 ms - 12 
[38;5;110m[320249a9][0m[38;5;86m[HTTP][0m [37m-->[39m [37mPOST[39m [37m/wd/hub/session/320249a9-94f9-43b1-bb50-e2f2854ba210/elements[39m {"value":"//*[@class = 'android.widget.TextView' and (@text = 'You’re Moments Away From\nCustomized Vacation Experiences.' or . = 'You’re Moments Away From\nCustomized Vacation Experiences.')]","using":"xpath"}
[38;5;110m[320249a9][0m[38;5;86m[HTTP][0m <-- POST /wd/hub/session/320249a9-94f9-43b1-bb50-e2f2854ba210/elements 200 66 ms - 12 
[38;5;110m[320249a9][0m[38;5;86m[HTTP][0m [37m-->[39m [37mPOST[39m [37m/wd/hub/session/320249a9-94f9-43b1-bb50-e2f2854ba210/elements[39m {"value":"//*[@class = 'android.widget.TextView' and (@text = 'You’re Moments Away From\nCustomized Vacation Experiences.' or . = 'You’re Moments Away From\nCustomized Vacation Experiences.')]","using":"xpath"}
[38;5;110m[320249a9][0m[38;5;86m[HTTP][0m <-- POST /wd/hub/session/320249a9-94f9-43b1-bb50-e2f2854ba210/elements 200 70 ms - 12 
[38;5;110m[320249a9][0m[38;5;86m[HTTP][0m [37m-->[39m [37mPOST[39m [37m/wd/hub/session/320249a9-94f9-43b1-bb50-e2f2854ba210/elements[39m {"value":"//*[@class = 'android.widget.TextView' and (@text = 'You’re Moments Away From\nCustomized Vacation Experiences.' or . = 'You’re Moments Away From\nCustomized Vacation Experiences.')]","using":"xpath"}
[38;5;110m[320249a9][0m[38;5;86m[HTTP][0m <-- POST /wd/hub/session/320249a9-94f9-43b1-bb50-e2f2854ba210/elements 200 67 ms - 12 
[38;5;110m[320249a9][0m[38;5;86m[HTTP][0m [37m-->[39m [37mPOST[39m [37m/wd/hub/session/320249a9-94f9-43b1-bb50-e2f2854ba210/elements[39m {"value":"//*[@class = 'android.widget.TextView' and (@text = 'You’re Moments Away From\nCustomized Vacation Experiences.' or . = 'You’re Moments Away From\nCustomized Vacation Experiences.')]","using":"xpath"}
[38;5;110m[320249a9][0m[38;5;86m[HTTP][0m <-- POST /wd/hub/session/320249a9-94f9-43b1-bb50-e2f2854ba210/elements 200 63 ms - 12 
[38;5;110m[320249a9][0m[38;5;86m[HTTP][0m [37m-->[39m [37mPOST[39m [37m/wd/hub/session/320249a9-94f9-43b1-bb50-e2f2854ba210/elements[39m {"value":"//*[@class = 'android.widget.TextView' and (@text = 'You’re Moments Away From\nCustomized Vacation Experiences.' or . = 'You’re Moments Away From\nCustomized Vacation Experiences.')]","using":"xpath"}
[38;5;110m[320249a9][0m[38;5;86m[HTTP][0m <-- POST /wd/hub/session/320249a9-94f9-43b1-bb50-e2f2854ba210/elements 200 66 ms - 12 
[38;5;110m[320249a9][0m[38;5;86m[HTTP][0m [37m-->[39m [37mPOST[39m [37m/wd/hub/session/320249a9-94f9-43b1-bb50-e2f2854ba210/elements[39m {"value":"//*[@class = 'android.widget.TextView' and (@text = 'You’re Moments Away From\nCustomized Vacation Experiences.' or . = 'You’re Moments Away From\nCustomized Vacation Experiences.')]","using":"xpath"}
[38;5;110m[320249a9][0m[38;5;86m[HTTP][0m <-- POST /wd/hub/session/320249a9-94f9-43b1-bb50-e2f2854ba210/elements 200 103 ms - 12 
[38;5;110m[320249a9][0m[38;5;86m[HTTP][0m [37m-->[39m [37mPOST[39m [37m/wd/hub/session/320249a9-94f9-43b1-bb50-e2f2854ba210/elements[39m {"value":"//*[@class = 'android.widget.TextView' and (@text = 'You’re Moments Away From\nCustomized Vacation Experiences.' or . = 'You’re Moments Away From\nCustomized Vacation Experiences.')]","using":"xpath"}
[38;5;110m[320249a9][0m[38;5;86m[HTTP][0m <-- POST /wd/hub/session/320249a9-94f9-43b1-bb50-e2f2854ba210/elements 200 88 ms - 12 
[38;5;110m[320249a9][0m[38;5;86m[HTTP][0m [37m-->[39m [37mPOST[39m [37m/wd/hub/session/320249a9-94f9-43b1-bb50-e2f2854ba210/elements[39m {"value":"//*[@class = 'android.widget.TextView' and (@text = 'You’re Moments Away From\nCustomized Vacation Experiences.' or . = 'You’re Moments Away From\nCustomized Vacation Experiences.')]","using":"xpath"}
[38;5;110m[320249a9][0m[38;5;86m[HTTP][0m <-- POST /wd/hub/session/320249a9-94f9-43b1-bb50-e2f2854ba210/elements 200 73 ms - 12 
[38;5;110m[320249a9][0m[38;5;86m[HTTP][0m [37m-->[39m [37mPOST[39m [37m/wd/hub/session/320249a9-94f9-43b1-bb50-e2f2854ba210/elements[39m {"value":"//*[@class = 'android.widget.TextView' and (@text = 'You’re Moments Away From\nCustomized Vacation Experiences.' or . = 'You’re Moments Away From\nCustomized Vacation Experiences.')]","using":"xpath"}
[38;5;110m[320249a9][0m[38;5;86m[HTTP][0m <-- POST /wd/hub/session/320249a9-94f9-43b1-bb50-e2f2854ba210/elements 200 64 ms - 12 
[38;5;110m[320249a9][0m[38;5;86m[HTTP][0m [37m-->[39m [37mPOST[39m [37m/wd/hub/session/320249a9-94f9-43b1-bb50-e2f2854ba210/elements[39m {"value":"//*[@class = 'android.widget.TextView' and (@text = 'You’re Moments Away From\nCustomized Vacation Experiences.' or . = 'You’re Moments Away From\nCustomized Vacation Experiences.')]","using":"xpath"}
[38;5;110m[320249a9][0m[38;5;86m[HTTP][0m <-- POST /wd/hub/session/320249a9-94f9-43b1-bb50-e2f2854ba210/elements 200 67 ms - 12 
[38;5;110m[320249a9][0m[38;5;86m[HTTP][0m [37m-->[39m [37mPOST[39m [37m/wd/hub/session/320249a9-94f9-43b1-bb50-e2f2854ba210/elements[39m {"value":"//*[@class = 'android.widget.TextView' and (@text = 'You’re Moments Away From\nCustomized Vacation Experiences.' or . = 'You’re Moments Away From\nCustomized Vacation Experiences.')]","using":"xpath"}
[38;5;110m[320249a9][0m[38;5;86m[HTTP][0m <-- POST /wd/hub/session/320249a9-94f9-43b1-bb50-e2f2854ba210/elements 200 66 ms - 12 
[38;5;110m[320249a9][0m[38;5;86m[HTTP][0m [37m-->[39m [37mPOST[39m [37m/wd/hub/session/320249a9-94f9-43b1-bb50-e2f2854ba210/elements[39m {"value":"//*[@class = 'android.widget.TextView' and (@text = 'You’re Moments Away From\nCustomized Vacation Experiences.' or . = 'You’re Moments Away From\nCustomized Vacation Experiences.')]","using":"xpath"}
[38;5;110m[320249a9][0m[38;5;86m[HTTP][0m <-- POST /wd/hub/session/320249a9-94f9-43b1-bb50-e2f2854ba210/elements 200 69 ms - 12 
[38;5;110m[320249a9][0m[38;5;86m[HTTP][0m [37m-->[39m [37mPOST[39m [37m/wd/hub/session/320249a9-94f9-43b1-bb50-e2f2854ba210/elements[39m {"value":"//*[@class = 'android.widget.TextView' and (@text = 'You’re Moments Away From\nCustomized Vacation Experiences.' or . = 'You’re Moments Away From\nCustomized Vacation Experiences.')]","using":"xpath"}
[38;5;110m[320249a9][0m[38;5;86m[HTTP][0m <-- POST /wd/hub/session/320249a9-94f9-43b1-bb50-e2f2854ba210/elements 200 69 ms - 12 
[38;5;110m[320249a9][0m[38;5;86m[HTTP][0m [37m-->[39m [37mPOST[39m [37m/wd/hub/session/320249a9-94f9-43b1-bb50-e2f2854ba210/elements[39m {"value":"//*[@class = 'android.widget.TextView' and (@text = 'You’re Moments Away From\nCustomized Vacation Experiences.' or . = 'You’re Moments Away From\nCustomized Vacation Experiences.')]","using":"xpath"}
[38;5;110m[320249a9][0m[38;5;86m[HTTP][0m <-- POST /wd/hub/session/320249a9-94f9-43b1-bb50-e2f2854ba210/elements 200 78 ms - 12 
[38;5;110m[320249a9][0m[38;5;86m[HTTP][0m [37m-->[39m [37mPOST[39m [37m/wd/hub/session/320249a9-94f9-43b1-bb50-e2f2854ba210/elements[39m {"value":"//*[@class = 'android.widget.TextView' and (@text = 'You’re Moments Away From\nCustomized Vacation Experiences.' or . = 'You’re Moments Away From\nCustomized Vacation Experiences.')]","using":"xpath"}
[38;5;110m[320249a9][0m[38;5;86m[HTTP][0m <-- POST /wd/hub/session/320249a9-94f9-43b1-bb50-e2f2854ba210/elements 200 66 ms - 12 
[38;5;110m[320249a9][0m[38;5;86m[HTTP][0m [37m-->[39m [37mPOST[39m [37m/wd/hub/session/320249a9-94f9-43b1-bb50-e2f2854ba210/elements[39m {"value":"//*[@class = 'android.widget.TextView' and (@text = 'You’re Moments Away From\nCustomized Vacation Experiences.' or . = 'You’re Moments Away From\nCustomized Vacation Experiences.')]","using":"xpath"}
[38;5;110m[320249a9][0m[38;5;86m[HTTP][0m <-- POST /wd/hub/session/320249a9-94f9-43b1-bb50-e2f2854ba210/elements 200 63 ms - 12 
[38;5;110m[320249a9][0m[38;5;86m[HTTP][0m [37m-->[39m [37mPOST[39m [37m/wd/hub/session/320249a9-94f9-43b1-bb50-e2f2854ba210/elements[39m {"value":"//*[@class = 'android.widget.TextView' and (@text = 'You’re Moments Away From\nCustomized Vacation Experiences.' or . = 'You’re Moments Away From\nCustomized Vacation Experiences.')]","using":"xpath"}
[38;5;110m[320249a9][0m[38;5;86m[HTTP][0m <-- POST /wd/hub/session/320249a9-94f9-43b1-bb50-e2f2854ba210/elements 200 62 ms - 12 
[38;5;110m[320249a9][0m[38;5;86m[HTTP][0m [37m-->[39m [37mPOST[39m [37m/wd/hub/session/320249a9-94f9-43b1-bb50-e2f2854ba210/elements[39m {"value":"//*[@class = 'android.widget.TextView' and (@text = 'You’re Moments Away From\nCustomized Vacation Experiences.' or . = 'You’re Moments Away From\nCustomized Vacation Experiences.')]","using":"xpath"}
[38;5;110m[320249a9][0m[38;5;86m[HTTP][0m <-- POST /wd/hub/session/320249a9-94f9-43b1-bb50-e2f2854ba210/elements 200 62 ms - 12 
[38;5;110m[320249a9][0m[38;5;86m[HTTP][0m [37m-->[39m [37mPOST[39m [37m/wd/hub/session/320249a9-94f9-43b1-bb50-e2f2854ba210/elements[39m {"value":"//*[@class = 'android.widget.TextView' and (@text = 'You’re Moments Away From\nCustomized Vacation Experiences.' or . = 'You’re Moments Away From\nCustomized Vacation Experiences.')]","using":"xpath"}
[38;5;110m[320249a9][0m[38;5;86m[HTTP][0m <-- POST /wd/hub/session/320249a9-94f9-43b1-bb50-e2f2854ba210/elements 200 62 ms - 12 
[38;5;110m[320249a9][0m[38;5;86m[HTTP][0m [37m-->[39m [37mPOST[39m [37m/wd/hub/session/320249a9-94f9-43b1-bb50-e2f2854ba210/elements[39m {"value":"//*[@class = 'android.widget.TextView' and (@text = 'You’re Moments Away From\nCustomized Vacation Experiences.' or . = 'You’re Moments Away From\nCustomized Vacation Experiences.')]","using":"xpath"}
[38;5;110m[320249a9][0m[38;5;86m[HTTP][0m <-- POST /wd/hub/session/320249a9-94f9-43b1-bb50-e2f2854ba210/elements 200 63 ms - 12 
[38;5;110m[320249a9][0m[38;5;86m[HTTP][0m [37m-->[39m [37mPOST[39m [37m/wd/hub/session/320249a9-94f9-43b1-bb50-e2f2854ba210/elements[39m {"value":"//*[@class = 'android.widget.TextView' and (@text = 'You’re Moments Away From\nCustomized Vacation Experiences.' or . = 'You’re Moments Away From\nCustomized Vacation Experiences.')]","using":"xpath"}
[38;5;110m[320249a9][0m[38;5;86m[HTTP][0m <-- POST /wd/hub/session/320249a9-94f9-43b1-bb50-e2f2854ba210/elements 200 63 ms - 12 
[38;5;110m[320249a9][0m[38;5;86m[HTTP][0m [37m-->[39m [37mPOST[39m [37m/wd/hub/session/320249a9-94f9-43b1-bb50-e2f2854ba210/elements[39m {"value":"//*[@class = 'android.widget.TextView' and (@text = 'You’re Moments Away From\nCustomized Vacation Experiences.' or . = 'You’re Moments Away From\nCustomized Vacation Experiences.')]","using":"xpath"}
[38;5;110m[320249a9][0m[38;5;86m[HTTP][0m <-- POST /wd/hub/session/320249a9-94f9-43b1-bb50-e2f2854ba210/elements 200 62 ms - 12 
[38;5;110m[320249a9][0m[38;5;86m[HTTP][0m [37m-->[39m [37mPOST[39m [37m/wd/hub/session/320249a9-94f9-43b1-bb50-e2f2854ba210/elements[39m {"value":"//*[@class = 'android.widget.TextView' and (@text = 'You’re Moments Away From\nCustomized Vacation Experiences.' or . = 'You’re Moments Away From\nCustomized Vacation Experiences.')]","using":"xpath"}
[38;5;110m[320249a9][0m[38;5;86m[HTTP][0m <-- POST /wd/hub/session/320249a9-94f9-43b1-bb50-e2f2854ba210/elements 200 63 ms - 12 
[38;5;110m[320249a9][0m[38;5;86m[HTTP][0m [37m-->[39m [37mPOST[39m [37m/wd/hub/session/320249a9-94f9-43b1-bb50-e2f2854ba210/elements[39m {"value":"//*[@class = 'android.widget.TextView' and (@text = 'You’re Moments Away From\nCustomized Vacation Experiences.' or . = 'You’re Moments Away From\nCustomized Vacation Experiences.')]","using":"xpath"}
[38;5;110m[320249a9][0m[38;5;86m[HTTP][0m <-- POST /wd/hub/session/320249a9-94f9-43b1-bb50-e2f2854ba210/elements 200 62 ms - 12 
[38;5;110m[320249a9][0m[38;5;86m[HTTP][0m [37m-->[39m [37mPOST[39m [37m/wd/hub/session/320249a9-94f9-43b1-bb50-e2f2854ba210/elements[39m {"value":"//*[@class = 'android.widget.TextView' and (@text = 'You’re Moments Away From\nCustomized Vacation Experiences.' or . = 'You’re Moments Away From\nCustomized Vacation Experiences.')]","using":"xpath"}
[38;5;110m[320249a9][0m[38;5;86m[HTTP][0m <-- POST /wd/hub/session/320249a9-94f9-43b1-bb50-e2f2854ba210/elements 200 63 ms - 12 
[38;5;110m[320249a9][0m[38;5;86m[HTTP][0m [37m-->[39m [37mPOST[39m [37m/wd/hub/session/320249a9-94f9-43b1-bb50-e2f2854ba210/elements[39m {"value":"//*[@class = 'android.widget.TextView' and (@text = 'You’re Moments Away From\nCustomized Vacation Experiences.' or . = 'You’re Moments Away From\nCustomized Vacation Experiences.')]","using":"xpath"}
[38;5;110m[320249a9][0m[38;5;86m[HTTP][0m <-- POST /wd/hub/session/320249a9-94f9-43b1-bb50-e2f2854ba210/elements 200 63 ms - 12 
[38;5;110m[320249a9][0m[38;5;86m[HTTP][0m [37m-->[39m [37mPOST[39m [37m/wd/hub/session/320249a9-94f9-43b1-bb50-e2f2854ba210/elements[39m {"value":"//*[@class = 'android.widget.TextView' and (@text = 'You’re Moments Away From\nCustomized Vacation Experiences.' or . = 'You’re Moments Away From\nCustomized Vacation Experiences.')]","using":"xpath"}
[38;5;110m[320249a9][0m[38;5;86m[HTTP][0m <-- POST /wd/hub/session/320249a9-94f9-43b1-bb50-e2f2854ba210/elements 200 64 ms - 12 
[38;5;110m[320249a9][0m[38;5;86m[HTTP][0m [37m-->[39m [37mPOST[39m [37m/wd/hub/session/320249a9-94f9-43b1-bb50-e2f2854ba210/elements[39m {"value":"//*[@class = 'android.widget.TextView' and (@text = 'You’re Moments Away From\nCustomized Vacation Experiences.' or . = 'You’re Moments Away From\nCustomized Vacation Experiences.')]","using":"xpath"}
[38;5;110m[320249a9][0m[38;5;86m[HTTP][0m <-- POST /wd/hub/session/320249a9-94f9-43b1-bb50-e2f2854ba210/elements 200 61 ms - 12 
[38;5;110m[320249a9][0m[38;5;86m[HTTP][0m [37m-->[39m [37mPOST[39m [37m/wd/hub/session/320249a9-94f9-43b1-bb50-e2f2854ba210/elements[39m {"value":"//*[@class = 'android.widget.TextView' and (@text = 'You’re Moments Away From\nCustomized Vacation Experiences.' or . = 'You’re Moments Away From\nCustomized Vacation Experiences.')]","using":"xpath"}
[38;5;110m[320249a9][0m[38;5;86m[HTTP][0m <-- POST /wd/hub/session/320249a9-94f9-43b1-bb50-e2f2854ba210/elements 200 62 ms - 12 
[38;5;110m[320249a9][0m[38;5;86m[HTTP][0m [37m-->[39m [37mPOST[39m [37m/wd/hub/session/320249a9-94f9-43b1-bb50-e2f2854ba210/elements[39m {"value":"//*[@class = 'android.widget.TextView' and (@text = 'You’re Moments Away From\nCustomized Vacation Experiences.' or . = 'You’re Moments Away From\nCustomized Vacation Experiences.')]","using":"xpath"}
[38;5;110m[320249a9][0m[38;5;86m[HTTP][0m <-- POST /wd/hub/session/320249a9-94f9-43b1-bb50-e2f2854ba210/elements 200 79 ms - 12 
[38;5;110m[320249a9][0m[38;5;86m[HTTP][0m [37m-->[39m [37mPOST[39m [37m/wd/hub/session/320249a9-94f9-43b1-bb50-e2f2854ba210/elements[39m {"value":"//*[@class = 'android.widget.TextView' and (@text = 'You’re Moments Away From\nCustomized Vacation Experiences.' or . = 'You’re Moments Away From\nCustomized Vacation Experiences.')]","using":"xpath"}
[38;5;110m[320249a9][0m[38;5;86m[HTTP][0m <-- POST /wd/hub/session/320249a9-94f9-43b1-bb50-e2f2854ba210/elements 200 66 ms - 12 
[38;5;110m[320249a9][0m[38;5;86m[HTTP][0m [37m-->[39m [37mPOST[39m [37m/wd/hub/session/320249a9-94f9-43b1-bb50-e2f2854ba210/elements[39m {"value":"//*[@class = 'android.widget.TextView' and (@text = 'You’re Moments Away From\nCustomized Vacation Experiences.' or . = 'You’re Moments Away From\nCustomized Vacation Experiences.')]","using":"xpath"}
[38;5;110m[320249a9][0m[38;5;86m[HTTP][0m <-- POST /wd/hub/session/320249a9-94f9-43b1-bb50-e2f2854ba210/elements 200 73 ms - 12 
[38;5;110m[320249a9][0m[38;5;86m[HTTP][0m [37m-->[39m [37mPOST[39m [37m/wd/hub/session/320249a9-94f9-43b1-bb50-e2f2854ba210/elements[39m {"value":"//*[@class = 'android.widget.TextView' and (@text = 'You’re Moments Away From\nCustomized Vacation Experiences.' or . = 'You’re Moments Away From\nCustomized Vacation Experiences.')]","using":"xpath"}
[38;5;110m[320249a9][0m[38;5;86m[HTTP][0m <-- POST /wd/hub/session/320249a9-94f9-43b1-bb50-e2f2854ba210/elements 200 76 ms - 12 
[38;5;110m[320249a9][0m[38;5;86m[HTTP][0m [37m-->[39m [37mPOST[39m [37m/wd/hub/session/320249a9-94f9-43b1-bb50-e2f2854ba210/elements[39m {"value":"//*[@class = 'android.widget.TextView' and (@text = 'You’re Moments Away From\nCustomized Vacation Experiences.' or . = 'You’re Moments Away From\nCustomized Vacation Experiences.')]","using":"xpath"}
[38;5;110m[320249a9][0m[38;5;86m[HTTP][0m <-- POST /wd/hub/session/320249a9-94f9-43b1-bb50-e2f2854ba210/elements 200 80 ms - 12 
[38;5;110m[320249a9][0m[38;5;86m[HTTP][0m [37m-->[39m [37mPOST[39m [37m/wd/hub/session/320249a9-94f9-43b1-bb50-e2f2854ba210/elements[39m {"value":"//*[@class = 'android.widget.TextView' and (@text = 'You’re Moments Away From\nCustomized Vacation Experiences.' or . = 'You’re Moments Away From\nCustomized Vacation Experiences.')]","using":"xpath"}
[38;5;110m[320249a9][0m[38;5;86m[HTTP][0m <-- POST /wd/hub/session/320249a9-94f9-43b1-bb50-e2f2854ba210/elements 200 72 ms - 12 
[38;5;110m[320249a9][0m[38;5;86m[HTTP][0m [37m-->[39m [37mPOST[39m [37m/wd/hub/session/320249a9-94f9-43b1-bb50-e2f2854ba210/elements[39m {"value":"//*[@class = 'android.widget.TextView' and (@text = 'You’re Moments Away From\nCustomized Vacation Experiences.' or . = 'You’re Moments Away From\nCustomized Vacation Experiences.')]","using":"xpath"}
[38;5;110m[320249a9][0m[38;5;86m[HTTP][0m <-- POST /wd/hub/session/320249a9-94f9-43b1-bb50-e2f2854ba210/elements 200 76 ms - 12 
[38;5;110m[320249a9][0m[38;5;86m[HTTP][0m [37m-->[39m [37mPOST[39m [37m/wd/hub/session/320249a9-94f9-43b1-bb50-e2f2854ba210/elements[39m {"value":"//*[@class = 'android.widget.TextView' and (@text = 'You’re Moments Away From\nCustomized Vacation Experiences.' or . = 'You’re Moments Away From\nCustomized Vacation Experiences.')]","using":"xpath"}
[38;5;110m[320249a9][0m[38;5;86m[HTTP][0m <-- POST /wd/hub/session/320249a9-94f9-43b1-bb50-e2f2854ba210/elements 200 43 ms - 139 
[38;5;110m[320249a9][0m[38;5;86m[HTTP][0m [37m-->[39m [37mGET[39m [37m/wd/hub/session/320249a9-94f9-43b1-bb50-e2f2854ba210/element/00000000-0000-000b-0000-009100000007/rect[39m {}
[38;5;110m[320249a9][0m[38;5;-11m[AndroidUiautomator2Driver@64e3][0m Driver proxy active, passing request on via HTTP proxy
[38;5;110m[320249a9][0m[38;5;-11m[AndroidUiautomator2Driver@64e3][0m Replacing sessionId 40d971a5-7340-4f1c-875c-a0f6b477734c with 320249a9-94f9-43b1-bb50-e2f2854ba210
[38;5;110m[320249a9][0m[38;5;86m[HTTP][0m <-- GET /wd/hub/session/320249a9-94f9-43b1-bb50-e2f2854ba210/element/00000000-0000-000b-0000-009100000007/rect 200 70 ms - 103 
[38;5;110m[320249a9][0m[38;5;86m[HTTP][0m [37m-->[39m [37mPOST[39m [37m/wd/hub/session/320249a9-94f9-43b1-bb50-e2f2854ba210/timeouts[39m {"implicit":30000}
[38;5;110m[320249a9][0m[38;5;86m[HTTP][0m <-- POST /wd/hub/session/320249a9-94f9-43b1-bb50-e2f2854ba210/timeouts 200 1 ms - 14 
[38;5;110m[320249a9][0m[38;5;86m[HTTP][0m [37m-->[39m [37mPOST[39m [37m/wd/hub/session/320249a9-94f9-43b1-bb50-e2f2854ba210/timeouts[39m {"implicit":50}
[38;5;110m[320249a9][0m[38;5;86m[HTTP][0m <-- POST /wd/hub/session/320249a9-94f9-43b1-bb50-e2f2854ba210/timeouts 200 1 ms - 14 
[38;5;110m[320249a9][0m[38;5;86m[HTTP][0m [37m-->[39m [37mGET[39m [37m/wd/hub/session/320249a9-94f9-43b1-bb50-e2f2854ba210/window/rect[39m {}
[38;5;110m[320249a9][0m[38;5;86m[HTTP][0m <-- GET /wd/hub/session/320249a9-94f9-43b1-bb50-e2f2854ba210/window/rect 200 7 ms - 50 
[38;5;110m[320249a9][0m[38;5;86m[HTTP][0m [37m-->[39m [37mPOST[39m [37m/wd/hub/session/320249a9-94f9-43b1-bb50-e2f2854ba210/elements[39m {"value":"//*[@class = 'android.widget.TextView' and (@text = 'You’re Moments Away From\nCustomized Vacation Experiences.' or . = 'You’re Moments Away From\nCustomized Vacation Experiences.')]","using":"xpath"}
[38;5;110m[320249a9][0m[38;5;86m[HTTP][0m <-- POST /wd/hub/session/320249a9-94f9-43b1-bb50-e2f2854ba210/elements 200 48 ms - 139 
[38;5;110m[320249a9][0m[38;5;86m[HTTP][0m [37m-->[39m [37mGET[39m [37m/wd/hub/session/320249a9-94f9-43b1-bb50-e2f2854ba210/element/00000000-0000-000b-0000-009100000007/rect[39m {}
[38;5;110m[320249a9][0m[38;5;-11m[AndroidUiautomator2Driver@64e3][0m Driver proxy active, passing request on via HTTP proxy
[38;5;110m[320249a9][0m[38;5;-11m[AndroidUiautomator2Driver@64e3][0m Replacing sessionId 40d971a5-7340-4f1c-875c-a0f6b477734c with 320249a9-94f9-43b1-bb50-e2f2854ba210
[38;5;110m[320249a9][0m[38;5;86m[HTTP][0m <-- GET /wd/hub/session/320249a9-94f9-43b1-bb50-e2f2854ba210/element/00000000-0000-000b-0000-009100000007/rect 200 9 ms - 103 
[38;5;110m[320249a9][0m[38;5;86m[HTTP][0m [37m-->[39m [37mPOST[39m [37m/wd/hub/session/320249a9-94f9-43b1-bb50-e2f2854ba210/timeouts[39m {"implicit":30000}
[38;5;110m[320249a9][0m[38;5;86m[HTTP][0m <-- POST /wd/hub/session/320249a9-94f9-43b1-bb50-e2f2854ba210/timeouts 200 0 ms - 14 
[38;5;110m[320249a9][0m[38;5;86m[HTTP][0m [37m-->[39m [37mGET[39m [37m/wd/hub/session/320249a9-94f9-43b1-bb50-e2f2854ba210/element/00000000-0000-000b-0000-009100000007/text[39m {}
[38;5;110m[320249a9][0m[38;5;-11m[AndroidUiautomator2Driver@64e3][0m Driver proxy active, passing request on via HTTP proxy
[38;5;110m[320249a9][0m[38;5;-11m[AndroidUiautomator2Driver@64e3][0m Replacing sessionId 40d971a5-7340-4f1c-875c-a0f6b477734c with 320249a9-94f9-43b1-bb50-e2f2854ba210
[38;5;110m[320249a9][0m[38;5;86m[HTTP][0m <-- GET /wd/hub/session/320249a9-94f9-43b1-bb50-e2f2854ba210/element/00000000-0000-000b-0000-009100000007/text 200 9 ms - 123 
[38;5;110m[320249a9][0m[38;5;86m[HTTP][0m [37m-->[39m [37mPOST[39m [37m/wd/hub/session/320249a9-94f9-43b1-bb50-e2f2854ba210/timeouts[39m {"implicit":50}
[38;5;110m[320249a9][0m[38;5;86m[HTTP][0m <-- POST /wd/hub/session/320249a9-94f9-43b1-bb50-e2f2854ba210/timeouts 200 1 ms - 14 
[38;5;110m[320249a9][0m[38;5;86m[HTTP][0m [37m-->[39m [37mGET[39m [37m/wd/hub/session/320249a9-94f9-43b1-bb50-e2f2854ba210/window/rect[39m {}
[38;5;110m[320249a9][0m[38;5;86m[HTTP][0m <-- GET /wd/hub/session/320249a9-94f9-43b1-bb50-e2f2854ba210/window/rect 200 11 ms - 50 
[38;5;110m[320249a9][0m[38;5;86m[HTTP][0m [37m-->[39m [37mPOST[39m [37m/wd/hub/session/320249a9-94f9-43b1-bb50-e2f2854ba210/elements[39m {"value":"//*[@class = 'android.widget.Button' and (@text = 'Login or Sign Up' or . = 'Login or Sign Up')]","using":"xpath"}
[38;5;110m[320249a9][0m[38;5;86m[HTTP][0m <-- POST /wd/hub/session/320249a9-94f9-43b1-bb50-e2f2854ba210/elements 200 35 ms - 139 
[38;5;110m[320249a9][0m[38;5;86m[HTTP][0m [37m-->[39m [37mGET[39m [37m/wd/hub/session/320249a9-94f9-43b1-bb50-e2f2854ba210/element/00000000-0000-000b-0000-00ab00000007/rect[39m {}
[38;5;110m[320249a9][0m[38;5;-11m[AndroidUiautomator2Driver@64e3][0m Driver proxy active, passing request on via HTTP proxy
[38;5;110m[320249a9][0m[38;5;-11m[AndroidUiautomator2Driver@64e3][0m Replacing sessionId 40d971a5-7340-4f1c-875c-a0f6b477734c with 320249a9-94f9-43b1-bb50-e2f2854ba210
[38;5;110m[320249a9][0m[38;5;86m[HTTP][0m <-- GET /wd/hub/session/320249a9-94f9-43b1-bb50-e2f2854ba210/element/00000000-0000-000b-0000-00ab00000007/rect 200 7 ms - 103 
[38;5;110m[320249a9][0m[38;5;86m[HTTP][0m [37m-->[39m [37mPOST[39m [37m/wd/hub/session/320249a9-94f9-43b1-bb50-e2f2854ba210/timeouts[39m {"implicit":30000}
[38;5;110m[320249a9][0m[38;5;86m[HTTP][0m <-- POST /wd/hub/session/320249a9-94f9-43b1-bb50-e2f2854ba210/timeouts 200 1 ms - 14 
[38;5;110m[320249a9][0m[38;5;86m[HTTP][0m [37m-->[39m [37mPOST[39m [37m/wd/hub/session/320249a9-94f9-43b1-bb50-e2f2854ba210/timeouts[39m {"implicit":50}
[38;5;110m[320249a9][0m[38;5;86m[HTTP][0m <-- POST /wd/hub/session/320249a9-94f9-43b1-bb50-e2f2854ba210/timeouts 200 1 ms - 14 
[38;5;110m[320249a9][0m[38;5;86m[HTTP][0m [37m-->[39m [37mGET[39m [37m/wd/hub/session/320249a9-94f9-43b1-bb50-e2f2854ba210/window/rect[39m {}
[38;5;110m[320249a9][0m[38;5;86m[HTTP][0m <-- GET /wd/hub/session/320249a9-94f9-43b1-bb50-e2f2854ba210/window/rect 200 12 ms - 50 
[38;5;110m[320249a9][0m[38;5;86m[HTTP][0m [37m-->[39m [37mPOST[39m [37m/wd/hub/session/320249a9-94f9-43b1-bb50-e2f2854ba210/elements[39m {"value":"//*[@class = 'android.view.View' and (@text = 'Home' or . = 'Home')]","using":"xpath"}
[38;5;110m[320249a9][0m[38;5;86m[HTTP][0m <-- POST /wd/hub/session/320249a9-94f9-43b1-bb50-e2f2854ba210/elements 200 41 ms - 139 
[38;5;110m[320249a9][0m[38;5;86m[HTTP][0m [37m-->[39m [37mGET[39m [37m/wd/hub/session/320249a9-94f9-43b1-bb50-e2f2854ba210/element/00000000-0000-000b-0000-00b300000007/rect[39m {}
[38;5;110m[320249a9][0m[38;5;-11m[AndroidUiautomator2Driver@64e3][0m Driver proxy active, passing request on via HTTP proxy
[38;5;110m[320249a9][0m[38;5;-11m[AndroidUiautomator2Driver@64e3][0m Replacing sessionId 40d971a5-7340-4f1c-875c-a0f6b477734c with 320249a9-94f9-43b1-bb50-e2f2854ba210
[38;5;110m[320249a9][0m[38;5;86m[HTTP][0m <-- GET /wd/hub/session/320249a9-94f9-43b1-bb50-e2f2854ba210/element/00000000-0000-000b-0000-00b300000007/rect 200 5 ms - 104 
[38;5;110m[320249a9][0m[38;5;86m[HTTP][0m [37m-->[39m [37mPOST[39m [37m/wd/hub/session/320249a9-94f9-43b1-bb50-e2f2854ba210/timeouts[39m {"implicit":30000}
[38;5;110m[320249a9][0m[38;5;86m[HTTP][0m <-- POST /wd/hub/session/320249a9-94f9-43b1-bb50-e2f2854ba210/timeouts 200 1 ms - 14 
[38;5;110m[320249a9][0m[38;5;86m[HTTP][0m [37m-->[39m [37mPOST[39m [37m/wd/hub/session/320249a9-94f9-43b1-bb50-e2f2854ba210/timeouts[39m {"implicit":50}
[38;5;110m[320249a9][0m[38;5;86m[HTTP][0m <-- POST /wd/hub/session/320249a9-94f9-43b1-bb50-e2f2854ba210/timeouts 200 1 ms - 14 
[38;5;110m[320249a9][0m[38;5;86m[HTTP][0m [37m-->[39m [37mGET[39m [37m/wd/hub/session/320249a9-94f9-43b1-bb50-e2f2854ba210/window/rect[39m {}
[38;5;110m[320249a9][0m[38;5;86m[HTTP][0m <-- GET /wd/hub/session/320249a9-94f9-43b1-bb50-e2f2854ba210/window/rect 200 8 ms - 50 
[38;5;110m[320249a9][0m[38;5;86m[HTTP][0m [37m-->[39m [37mPOST[39m [37m/wd/hub/session/320249a9-94f9-43b1-bb50-e2f2854ba210/elements[39m {"value":"//*[@class = 'android.view.View' and (@text = 'My Account' or . = 'My Account')]","using":"xpath"}
[38;5;110m[320249a9][0m[38;5;86m[HTTP][0m <-- POST /wd/hub/session/320249a9-94f9-43b1-bb50-e2f2854ba210/elements 200 36 ms - 139 
[38;5;110m[320249a9][0m[38;5;86m[HTTP][0m [37m-->[39m [37mGET[39m [37m/wd/hub/session/320249a9-94f9-43b1-bb50-e2f2854ba210/element/00000000-0000-000b-0000-00b700000007/rect[39m {}
[38;5;110m[320249a9][0m[38;5;-11m[AndroidUiautomator2Driver@64e3][0m Driver proxy active, passing request on via HTTP proxy
[38;5;110m[320249a9][0m[38;5;-11m[AndroidUiautomator2Driver@64e3][0m Replacing sessionId 40d971a5-7340-4f1c-875c-a0f6b477734c with 320249a9-94f9-43b1-bb50-e2f2854ba210
[38;5;110m[320249a9][0m[38;5;86m[HTTP][0m <-- GET /wd/hub/session/320249a9-94f9-43b1-bb50-e2f2854ba210/element/00000000-0000-000b-0000-00b700000007/rect 200 6 ms - 104 
[38;5;110m[320249a9][0m[38;5;86m[HTTP][0m [37m-->[39m [37mPOST[39m [37m/wd/hub/session/320249a9-94f9-43b1-bb50-e2f2854ba210/timeouts[39m {"implicit":30000}
[38;5;110m[320249a9][0m[38;5;86m[HTTP][0m <-- POST /wd/hub/session/320249a9-94f9-43b1-bb50-e2f2854ba210/timeouts 200 0 ms - 14 
[38;5;110m[320249a9][0m[38;5;86m[HTTP][0m [37m-->[39m [37mPOST[39m [37m/wd/hub/session/320249a9-94f9-43b1-bb50-e2f2854ba210/timeouts[39m {"implicit":50}
[38;5;110m[320249a9][0m[38;5;86m[HTTP][0m <-- POST /wd/hub/session/320249a9-94f9-43b1-bb50-e2f2854ba210/timeouts 200 1 ms - 14 
[38;5;110m[320249a9][0m[38;5;86m[HTTP][0m [37m-->[39m [37mGET[39m [37m/wd/hub/session/320249a9-94f9-43b1-bb50-e2f2854ba210/window/rect[39m {}
[38;5;110m[320249a9][0m[38;5;86m[HTTP][0m <-- GET /wd/hub/session/320249a9-94f9-43b1-bb50-e2f2854ba210/window/rect 200 5 ms - 50 
[38;5;110m[320249a9][0m[38;5;86m[HTTP][0m [37m-->[39m [37mPOST[39m [37m/wd/hub/session/320249a9-94f9-43b1-bb50-e2f2854ba210/elements[39m {"value":"//*[@class = 'android.widget.TextView' and (@text = 'Vacation More. Get More.' or . = 'Vacation More. Get More.')]","using":"xpath"}
[38;5;110m[320249a9][0m[38;5;86m[HTTP][0m <-- POST /wd/hub/session/320249a9-94f9-43b1-bb50-e2f2854ba210/elements 200 32 ms - 139 
[38;5;110m[320249a9][0m[38;5;86m[HTTP][0m [37m-->[39m [37mGET[39m [37m/wd/hub/session/320249a9-94f9-43b1-bb50-e2f2854ba210/element/00000000-0000-000b-0000-009b00000007/rect[39m {}
[38;5;110m[320249a9][0m[38;5;-11m[AndroidUiautomator2Driver@64e3][0m Driver proxy active, passing request on via HTTP proxy
[38;5;110m[320249a9][0m[38;5;-11m[AndroidUiautomator2Driver@64e3][0m Replacing sessionId 40d971a5-7340-4f1c-875c-a0f6b477734c with 320249a9-94f9-43b1-bb50-e2f2854ba210
[38;5;110m[320249a9][0m[38;5;86m[HTTP][0m <-- GET /wd/hub/session/320249a9-94f9-43b1-bb50-e2f2854ba210/element/00000000-0000-000b-0000-009b00000007/rect 200 4 ms - 103 
[38;5;110m[320249a9][0m[38;5;86m[HTTP][0m [37m-->[39m [37mPOST[39m [37m/wd/hub/session/320249a9-94f9-43b1-bb50-e2f2854ba210/timeouts[39m {"implicit":30000}
[38;5;110m[320249a9][0m[38;5;86m[HTTP][0m <-- POST /wd/hub/session/320249a9-94f9-43b1-bb50-e2f2854ba210/timeouts 200 0 ms - 14 
[38;5;110m[320249a9][0m[38;5;86m[HTTP][0m [37m-->[39m [37mPOST[39m [37m/wd/hub/session/320249a9-94f9-43b1-bb50-e2f2854ba210/element/00000000-0000-000b-0000-009b00000007/click[39m {"id":"00000000-0000-000b-0000-009b00000007"}
[38;5;110m[320249a9][0m[38;5;86m[HTTP][0m <-- POST /wd/hub/session/320249a9-94f9-43b1-bb50-e2f2854ba210/element/00000000-0000-000b-0000-009b00000007/click 200 90 ms - 14 
[38;5;110m[320249a9][0m[38;5;86m[HTTP][0m [37m-->[39m [37mPOST[39m [37m/wd/hub/session/320249a9-94f9-43b1-bb50-e2f2854ba210/timeouts[39m {"implicit":50}
[38;5;110m[320249a9][0m[38;5;86m[HTTP][0m <-- POST /wd/hub/session/320249a9-94f9-43b1-bb50-e2f2854ba210/timeouts 200 1 ms - 14 
[38;5;110m[320249a9][0m[38;5;86m[HTTP][0m [37m-->[39m [37mGET[39m [37m/wd/hub/session/320249a9-94f9-43b1-bb50-e2f2854ba210/window/rect[39m {}
[38;5;110m[320249a9][0m[38;5;86m[HTTP][0m <-- GET /wd/hub/session/320249a9-94f9-43b1-bb50-e2f2854ba210/window/rect 200 8 ms - 50 
[38;5;110m[320249a9][0m[38;5;86m[HTTP][0m [37m-->[39m [37mPOST[39m [37m/wd/hub/session/320249a9-94f9-43b1-bb50-e2f2854ba210/elements[39m {"value":"//*[@class = 'android.widget.TextView' and (@text = 'Vacation More. Get More.' or . = 'Vacation More. Get More.')]","using":"xpath"}
[38;5;110m[320249a9][0m[38;5;86m[HTTP][0m <-- POST /wd/hub/session/320249a9-94f9-43b1-bb50-e2f2854ba210/elements 200 27 ms - 139 
[38;5;110m[320249a9][0m[38;5;86m[HTTP][0m [37m-->[39m [37mGET[39m [37m/wd/hub/session/320249a9-94f9-43b1-bb50-e2f2854ba210/element/00000000-0000-000b-0000-009b00000007/rect[39m {}
[38;5;110m[320249a9][0m[38;5;-11m[AndroidUiautomator2Driver@64e3][0m Driver proxy active, passing request on via HTTP proxy
[38;5;110m[320249a9][0m[38;5;-11m[AndroidUiautomator2Driver@64e3][0m Replacing sessionId 40d971a5-7340-4f1c-875c-a0f6b477734c with 320249a9-94f9-43b1-bb50-e2f2854ba210
[38;5;110m[320249a9][0m[38;5;86m[HTTP][0m <-- GET /wd/hub/session/320249a9-94f9-43b1-bb50-e2f2854ba210/element/00000000-0000-000b-0000-009b00000007/rect 200 3 ms - 103 
[38;5;110m[320249a9][0m[38;5;86m[HTTP][0m [37m-->[39m [37mPOST[39m [37m/wd/hub/session/320249a9-94f9-43b1-bb50-e2f2854ba210/timeouts[39m {"implicit":30000}
[38;5;110m[320249a9][0m[38;5;86m[HTTP][0m <-- POST /wd/hub/session/320249a9-94f9-43b1-bb50-e2f2854ba210/timeouts 200 0 ms - 14 
[38;5;110m[320249a9][0m[38;5;86m[HTTP][0m [37m-->[39m [37mGET[39m [37m/wd/hub/session/320249a9-94f9-43b1-bb50-e2f2854ba210/element/00000000-0000-000b-0000-009b00000007/displayed[39m {}
[38;5;110m[320249a9][0m[38;5;86m[HTTP][0m <-- GET /wd/hub/session/320249a9-94f9-43b1-bb50-e2f2854ba210/element/00000000-0000-000b-0000-009b00000007/displayed 200 3 ms - 14 
[38;5;110m[320249a9][0m[38;5;86m[HTTP][0m [37m-->[39m [37mPOST[39m [37m/wd/hub/session/320249a9-94f9-43b1-bb50-e2f2854ba210/timeouts[39m {"implicit":50}
[38;5;110m[320249a9][0m[38;5;86m[HTTP][0m <-- POST /wd/hub/session/320249a9-94f9-43b1-bb50-e2f2854ba210/timeouts 200 1 ms - 14 
[38;5;110m[320249a9][0m[38;5;86m[HTTP][0m [37m-->[39m [37mGET[39m [37m/wd/hub/session/320249a9-94f9-43b1-bb50-e2f2854ba210/window/rect[39m {}
[38;5;110m[320249a9][0m[38;5;86m[HTTP][0m <-- GET /wd/hub/session/320249a9-94f9-43b1-bb50-e2f2854ba210/window/rect 200 4 ms - 50 
[38;5;110m[320249a9][0m[38;5;86m[HTTP][0m [37m-->[39m [37mPOST[39m [37m/wd/hub/session/320249a9-94f9-43b1-bb50-e2f2854ba210/elements[39m {"value":"//*[@class = 'android.widget.TextView' and (@text = 'Explore Westgate Loyalty' or . = 'Explore Westgate Loyalty')]","using":"xpath"}
[38;5;110m[320249a9][0m[38;5;86m[HTTP][0m <-- POST /wd/hub/session/320249a9-94f9-43b1-bb50-e2f2854ba210/elements 200 37 ms - 139 
[38;5;110m[320249a9][0m[38;5;86m[HTTP][0m [37m-->[39m [37mGET[39m [37m/wd/hub/session/320249a9-94f9-43b1-bb50-e2f2854ba210/element/00000000-0000-000b-0000-009c00000007/rect[39m {}
[38;5;110m[320249a9][0m[38;5;-11m[AndroidUiautomator2Driver@64e3][0m Driver proxy active, passing request on via HTTP proxy
[38;5;110m[320249a9][0m[38;5;-11m[AndroidUiautomator2Driver@64e3][0m Replacing sessionId 40d971a5-7340-4f1c-875c-a0f6b477734c with 320249a9-94f9-43b1-bb50-e2f2854ba210
[38;5;110m[320249a9][0m[38;5;86m[HTTP][0m <-- GET /wd/hub/session/320249a9-94f9-43b1-bb50-e2f2854ba210/element/00000000-0000-000b-0000-009c00000007/rect 200 5 ms - 102 
[38;5;110m[320249a9][0m[38;5;86m[HTTP][0m [37m-->[39m [37mPOST[39m [37m/wd/hub/session/320249a9-94f9-43b1-bb50-e2f2854ba210/timeouts[39m {"implicit":30000}
[38;5;110m[320249a9][0m[38;5;86m[HTTP][0m <-- POST /wd/hub/session/320249a9-94f9-43b1-bb50-e2f2854ba210/timeouts 200 0 ms - 14 
[38;5;110m[320249a9][0m[38;5;86m[HTTP][0m [37m-->[39m [37mGET[39m [37m/wd/hub/session/320249a9-94f9-43b1-bb50-e2f2854ba210/element/00000000-0000-000b-0000-009c00000007/displayed[39m {}
[38;5;110m[320249a9][0m[38;5;86m[HTTP][0m <-- GET /wd/hub/session/320249a9-94f9-43b1-bb50-e2f2854ba210/element/00000000-0000-000b-0000-009c00000007/displayed 200 4 ms - 14 
[38;5;110m[320249a9][0m[38;5;86m[HTTP][0m [37m-->[39m [37mPOST[39m [37m/wd/hub/session/320249a9-94f9-43b1-bb50-e2f2854ba210/timeouts[39m {"implicit":50}
[38;5;110m[320249a9][0m[38;5;86m[HTTP][0m <-- POST /wd/hub/session/320249a9-94f9-43b1-bb50-e2f2854ba210/timeouts 200 1 ms - 14 
[38;5;110m[320249a9][0m[38;5;86m[HTTP][0m [37m-->[39m [37mGET[39m [37m/wd/hub/session/320249a9-94f9-43b1-bb50-e2f2854ba210/window/rect[39m {}
[38;5;110m[320249a9][0m[38;5;86m[HTTP][0m <-- GET /wd/hub/session/320249a9-94f9-43b1-bb50-e2f2854ba210/window/rect 200 10 ms - 50 
[38;5;110m[320249a9][0m[38;5;86m[HTTP][0m [37m-->[39m [37mPOST[39m [37m/wd/hub/session/320249a9-94f9-43b1-bb50-e2f2854ba210/elements[39m {"value":"//*[@class = 'android.widget.TextView' and (@text = 'Continue as a Guest' or . = 'Continue as a Guest')]","using":"xpath"}
[38;5;110m[320249a9][0m[38;5;86m[HTTP][0m <-- POST /wd/hub/session/320249a9-94f9-43b1-bb50-e2f2854ba210/elements 200 39 ms - 139 
[38;5;110m[320249a9][0m[38;5;86m[HTTP][0m [37m-->[39m [37mGET[39m [37m/wd/hub/session/320249a9-94f9-43b1-bb50-e2f2854ba210/element/00000000-0000-000b-0000-009800000007/rect[39m {}
[38;5;110m[320249a9][0m[38;5;-11m[AndroidUiautomator2Driver@64e3][0m Driver proxy active, passing request on via HTTP proxy
[38;5;110m[320249a9][0m[38;5;-11m[AndroidUiautomator2Driver@64e3][0m Replacing sessionId 40d971a5-7340-4f1c-875c-a0f6b477734c with 320249a9-94f9-43b1-bb50-e2f2854ba210
[38;5;110m[320249a9][0m[38;5;86m[HTTP][0m <-- GET /wd/hub/session/320249a9-94f9-43b1-bb50-e2f2854ba210/element/00000000-0000-000b-0000-009800000007/rect 200 6 ms - 102 
[38;5;110m[320249a9][0m[38;5;86m[HTTP][0m [37m-->[39m [37mPOST[39m [37m/wd/hub/session/320249a9-94f9-43b1-bb50-e2f2854ba210/timeouts[39m {"implicit":30000}
[38;5;110m[320249a9][0m[38;5;86m[HTTP][0m <-- POST /wd/hub/session/320249a9-94f9-43b1-bb50-e2f2854ba210/timeouts 200 0 ms - 14 
[38;5;110m[320249a9][0m[38;5;86m[HTTP][0m [37m-->[39m [37mPOST[39m [37m/wd/hub/session/320249a9-94f9-43b1-bb50-e2f2854ba210/element/00000000-0000-000b-0000-009800000007/click[39m {"id":"00000000-0000-000b-0000-009800000007"}
[38;5;110m[320249a9][0m[38;5;86m[HTTP][0m <-- POST /wd/hub/session/320249a9-94f9-43b1-bb50-e2f2854ba210/element/00000000-0000-000b-0000-009800000007/click 200 53 ms - 14 
[38;5;110m[320249a9][0m[38;5;86m[HTTP][0m [37m-->[39m [37mPOST[39m [37m/wd/hub/session/320249a9-94f9-43b1-bb50-e2f2854ba210/timeouts[39m {"implicit":50}
[38;5;110m[320249a9][0m[38;5;86m[HTTP][0m <-- POST /wd/hub/session/320249a9-94f9-43b1-bb50-e2f2854ba210/timeouts 200 1 ms - 14 
[38;5;110m[320249a9][0m[38;5;86m[HTTP][0m [37m-->[39m [37mGET[39m [37m/wd/hub/session/320249a9-94f9-43b1-bb50-e2f2854ba210/window/rect[39m {}
[38;5;110m[320249a9][0m[38;5;86m[HTTP][0m <-- GET /wd/hub/session/320249a9-94f9-43b1-bb50-e2f2854ba210/window/rect 200 2 ms - 50 
[38;5;110m[320249a9][0m[38;5;86m[HTTP][0m [37m-->[39m [37mPOST[39m [37m/wd/hub/session/320249a9-94f9-43b1-bb50-e2f2854ba210/elements[39m {"value":"//*[@class = 'android.widget.TextView' and (@text = 'Continue as a Guest' or . = 'Continue as a Guest')]","using":"xpath"}
[38;5;110m[320249a9][0m[38;5;86m[HTTP][0m <-- POST /wd/hub/session/320249a9-94f9-43b1-bb50-e2f2854ba210/elements 200 23 ms - 139 
[38;5;110m[320249a9][0m[38;5;86m[HTTP][0m [37m-->[39m [37mGET[39m [37m/wd/hub/session/320249a9-94f9-43b1-bb50-e2f2854ba210/element/00000000-0000-000b-0000-009800000007/rect[39m {}
[38;5;110m[320249a9][0m[38;5;-11m[AndroidUiautomator2Driver@64e3][0m Driver proxy active, passing request on via HTTP proxy
[38;5;110m[320249a9][0m[38;5;-11m[AndroidUiautomator2Driver@64e3][0m Replacing sessionId 40d971a5-7340-4f1c-875c-a0f6b477734c with 320249a9-94f9-43b1-bb50-e2f2854ba210
[38;5;110m[320249a9][0m[38;5;86m[HTTP][0m <-- GET /wd/hub/session/320249a9-94f9-43b1-bb50-e2f2854ba210/element/00000000-0000-000b-0000-009800000007/rect 200 5 ms - 102 
[38;5;110m[320249a9][0m[38;5;86m[HTTP][0m [37m-->[39m [37mPOST[39m [37m/wd/hub/session/320249a9-94f9-43b1-bb50-e2f2854ba210/timeouts[39m {"implicit":30000}
[38;5;110m[320249a9][0m[38;5;86m[HTTP][0m <-- POST /wd/hub/session/320249a9-94f9-43b1-bb50-e2f2854ba210/timeouts 200 0 ms - 14 
[38;5;110m[320249a9][0m[38;5;86m[HTTP][0m [37m-->[39m [37mPOST[39m [37m/wd/hub/session/320249a9-94f9-43b1-bb50-e2f2854ba210/timeouts[39m {"implicit":50}
[38;5;110m[320249a9][0m[38;5;86m[HTTP][0m <-- POST /wd/hub/session/320249a9-94f9-43b1-bb50-e2f2854ba210/timeouts 200 1 ms - 14 
[38;5;110m[320249a9][0m[38;5;86m[HTTP][0m [37m-->[39m [37mGET[39m [37m/wd/hub/session/320249a9-94f9-43b1-bb50-e2f2854ba210/window/rect[39m {}
[38;5;110m[320249a9][0m[38;5;86m[HTTP][0m <-- GET /wd/hub/session/320249a9-94f9-43b1-bb50-e2f2854ba210/window/rect 200 10 ms - 50 
[38;5;110m[320249a9][0m[38;5;86m[HTTP][0m [37m-->[39m [37mPOST[39m [37m/wd/hub/session/320249a9-94f9-43b1-bb50-e2f2854ba210/elements[39m {"value":"//*[@class = 'android.widget.Button' and (@text = 'menu' or . = 'menu')]","using":"xpath"}
[38;5;110m[320249a9][0m[38;5;86m[HTTP][0m <-- POST /wd/hub/session/320249a9-94f9-43b1-bb50-e2f2854ba210/elements 200 43 ms - 139 
[38;5;110m[320249a9][0m[38;5;86m[HTTP][0m [37m-->[39m [37mGET[39m [37m/wd/hub/session/320249a9-94f9-43b1-bb50-e2f2854ba210/element/00000000-0000-000b-0000-00e900000007/rect[39m {}
[38;5;110m[320249a9][0m[38;5;-11m[AndroidUiautomator2Driver@64e3][0m Driver proxy active, passing request on via HTTP proxy
[38;5;110m[320249a9][0m[38;5;-11m[AndroidUiautomator2Driver@64e3][0m Replacing sessionId 40d971a5-7340-4f1c-875c-a0f6b477734c with 320249a9-94f9-43b1-bb50-e2f2854ba210
[38;5;110m[320249a9][0m[38;5;86m[HTTP][0m <-- GET /wd/hub/session/320249a9-94f9-43b1-bb50-e2f2854ba210/element/00000000-0000-000b-0000-00e900000007/rect 200 6 ms - 99 
[38;5;110m[320249a9][0m[38;5;86m[HTTP][0m [37m-->[39m [37mPOST[39m [37m/wd/hub/session/320249a9-94f9-43b1-bb50-e2f2854ba210/timeouts[39m {"implicit":30000}
[38;5;110m[320249a9][0m[38;5;86m[HTTP][0m <-- POST /wd/hub/session/320249a9-94f9-43b1-bb50-e2f2854ba210/timeouts 200 0 ms - 14 
[38;5;110m[320249a9][0m[38;5;86m[HTTP][0m [37m-->[39m [37mPOST[39m [37m/wd/hub/session/320249a9-94f9-43b1-bb50-e2f2854ba210/element/00000000-0000-000b-0000-00e900000007/click[39m {"id":"00000000-0000-000b-0000-00e900000007"}
[38;5;110m[320249a9][0m[38;5;86m[HTTP][0m <-- POST /wd/hub/session/320249a9-94f9-43b1-bb50-e2f2854ba210/element/00000000-0000-000b-0000-00e900000007/click 200 34 ms - 14 
[38;5;110m[320249a9][0m[38;5;86m[HTTP][0m [37m-->[39m [37mPOST[39m [37m/wd/hub/session/320249a9-94f9-43b1-bb50-e2f2854ba210/timeouts[39m {"implicit":50}
[38;5;110m[320249a9][0m[38;5;86m[HTTP][0m <-- POST /wd/hub/session/320249a9-94f9-43b1-bb50-e2f2854ba210/timeouts 200 1 ms - 14 
[38;5;110m[320249a9][0m[38;5;86m[HTTP][0m [37m-->[39m [37mGET[39m [37m/wd/hub/session/320249a9-94f9-43b1-bb50-e2f2854ba210/window/rect[39m {}
[38;5;110m[320249a9][0m[38;5;86m[HTTP][0m <-- GET /wd/hub/session/320249a9-94f9-43b1-bb50-e2f2854ba210/window/rect 200 8 ms - 50 
[38;5;110m[320249a9][0m[38;5;86m[HTTP][0m [37m-->[39m [37mPOST[39m [37m/wd/hub/session/320249a9-94f9-43b1-bb50-e2f2854ba210/elements[39m {"value":"//android.widget.TextView[@text='Terms & Conditions']","using":"xpath"}
[38;5;110m[320249a9][0m[38;5;86m[HTTP][0m <-- POST /wd/hub/session/320249a9-94f9-43b1-bb50-e2f2854ba210/elements 200 41 ms - 139 
[38;5;110m[320249a9][0m[38;5;86m[HTTP][0m [37m-->[39m [37mGET[39m [37m/wd/hub/session/320249a9-94f9-43b1-bb50-e2f2854ba210/element/00000000-0000-000b-0000-000700000007/rect[39m {}
[38;5;110m[320249a9][0m[38;5;-11m[AndroidUiautomator2Driver@64e3][0m Driver proxy active, passing request on via HTTP proxy
[38;5;110m[320249a9][0m[38;5;-11m[AndroidUiautomator2Driver@64e3][0m Replacing sessionId 40d971a5-7340-4f1c-875c-a0f6b477734c with 320249a9-94f9-43b1-bb50-e2f2854ba210
[38;5;110m[320249a9][0m[38;5;86m[HTTP][0m <-- GET /wd/hub/session/320249a9-94f9-43b1-bb50-e2f2854ba210/element/00000000-0000-000b-0000-000700000007/rect 200 5 ms - 101 
[38;5;110m[320249a9][0m[38;5;86m[HTTP][0m [37m-->[39m [37mPOST[39m [37m/wd/hub/session/320249a9-94f9-43b1-bb50-e2f2854ba210/timeouts[39m {"implicit":30000}
[38;5;110m[320249a9][0m[38;5;86m[HTTP][0m <-- POST /wd/hub/session/320249a9-94f9-43b1-bb50-e2f2854ba210/timeouts 200 0 ms - 14 
[38;5;110m[320249a9][0m[38;5;86m[HTTP][0m [37m-->[39m [37mPOST[39m [37m/wd/hub/session/320249a9-94f9-43b1-bb50-e2f2854ba210/element/00000000-0000-000b-0000-000700000007/click[39m {"id":"00000000-0000-000b-0000-000700000007"}
[38;5;110m[320249a9][0m[38;5;86m[HTTP][0m <-- POST /wd/hub/session/320249a9-94f9-43b1-bb50-e2f2854ba210/element/00000000-0000-000b-0000-000700000007/click 200 60 ms - 14 
[38;5;110m[320249a9][0m[38;5;86m[HTTP][0m [37m-->[39m [37mPOST[39m [37m/wd/hub/session/320249a9-94f9-43b1-bb50-e2f2854ba210/timeouts[39m {"implicit":50}
[38;5;110m[320249a9][0m[38;5;86m[HTTP][0m <-- POST /wd/hub/session/320249a9-94f9-43b1-bb50-e2f2854ba210/timeouts 200 1 ms - 14 
[38;5;110m[320249a9][0m[38;5;86m[HTTP][0m [37m-->[39m [37mGET[39m [37m/wd/hub/session/320249a9-94f9-43b1-bb50-e2f2854ba210/window/rect[39m {}
[38;5;110m[320249a9][0m[38;5;86m[HTTP][0m <-- GET /wd/hub/session/320249a9-94f9-43b1-bb50-e2f2854ba210/window/rect 200 20 ms - 50 
[38;5;110m[320249a9][0m[38;5;86m[HTTP][0m [37m-->[39m [37mPOST[39m [37m/wd/hub/session/320249a9-94f9-43b1-bb50-e2f2854ba210/elements[39m {"value":"//android.view.View[@resource-id='overview-general']","using":"xpath"}
[38;5;110m[320249a9][0m[38;5;86m[HTTP][0m <-- POST /wd/hub/session/320249a9-94f9-43b1-bb50-e2f2854ba210/elements 200 98 ms - 139 
[38;5;110m[320249a9][0m[38;5;86m[HTTP][0m [37m-->[39m [37mGET[39m [37m/wd/hub/session/320249a9-94f9-43b1-bb50-e2f2854ba210/element/00000000-0000-000d-0000-00850000003c/rect[39m {}
[38;5;110m[320249a9][0m[38;5;-11m[AndroidUiautomator2Driver@64e3][0m Driver proxy active, passing request on via HTTP proxy
[38;5;110m[320249a9][0m[38;5;-11m[AndroidUiautomator2Driver@64e3][0m Replacing sessionId 40d971a5-7340-4f1c-875c-a0f6b477734c with 320249a9-94f9-43b1-bb50-e2f2854ba210
[38;5;110m[320249a9][0m[38;5;86m[HTTP][0m <-- GET /wd/hub/session/320249a9-94f9-43b1-bb50-e2f2854ba210/element/00000000-0000-000d-0000-00850000003c/rect 200 5 ms - 104 
[38;5;110m[320249a9][0m[38;5;86m[HTTP][0m [37m-->[39m [37mPOST[39m [37m/wd/hub/session/320249a9-94f9-43b1-bb50-e2f2854ba210/timeouts[39m {"implicit":30000}
[38;5;110m[320249a9][0m[38;5;86m[HTTP][0m <-- POST /wd/hub/session/320249a9-94f9-43b1-bb50-e2f2854ba210/timeouts 200 1 ms - 14 
[38;5;110m[320249a9][0m[38;5;86m[HTTP][0m [37m-->[39m [37mPOST[39m [37m/wd/hub/session/320249a9-94f9-43b1-bb50-e2f2854ba210/timeouts[39m {"implicit":50}
[38;5;110m[320249a9][0m[38;5;86m[HTTP][0m <-- POST /wd/hub/session/320249a9-94f9-43b1-bb50-e2f2854ba210/timeouts 200 1 ms - 14 
[38;5;110m[320249a9][0m[38;5;86m[HTTP][0m [37m-->[39m [37mGET[39m [37m/wd/hub/session/320249a9-94f9-43b1-bb50-e2f2854ba210/window/rect[39m {}
[38;5;110m[320249a9][0m[38;5;86m[HTTP][0m <-- GET /wd/hub/session/320249a9-94f9-43b1-bb50-e2f2854ba210/window/rect 200 5 ms - 50 
[38;5;110m[320249a9][0m[38;5;86m[HTTP][0m [37m-->[39m [37mPOST[39m [37m/wd/hub/session/320249a9-94f9-43b1-bb50-e2f2854ba210/elements[39m {"value":"//*[@class = 'android.widget.ImageButton' and @resource-id = 'com.android.chrome:id/close_button' and (@text = '' or . = '')]","using":"xpath"}
[38;5;110m[320249a9][0m[38;5;86m[HTTP][0m <-- POST /wd/hub/session/320249a9-94f9-43b1-bb50-e2f2854ba210/elements 200 45 ms - 139 
[38;5;110m[320249a9][0m[38;5;86m[HTTP][0m [37m-->[39m [37mGET[39m [37m/wd/hub/session/320249a9-94f9-43b1-bb50-e2f2854ba210/element/00000000-0000-000d-ffff-ffff00000019/rect[39m {}
[38;5;110m[320249a9][0m[38;5;-11m[AndroidUiautomator2Driver@64e3][0m Driver proxy active, passing request on via HTTP proxy
[38;5;110m[320249a9][0m[38;5;-11m[AndroidUiautomator2Driver@64e3][0m Replacing sessionId 40d971a5-7340-4f1c-875c-a0f6b477734c with 320249a9-94f9-43b1-bb50-e2f2854ba210
[38;5;110m[320249a9][0m[38;5;86m[HTTP][0m <-- GET /wd/hub/session/320249a9-94f9-43b1-bb50-e2f2854ba210/element/00000000-0000-000d-ffff-ffff00000019/rect 200 3 ms - 100 
[38;5;110m[320249a9][0m[38;5;86m[HTTP][0m [37m-->[39m [37mPOST[39m [37m/wd/hub/session/320249a9-94f9-43b1-bb50-e2f2854ba210/timeouts[39m {"implicit":30000}
[38;5;110m[320249a9][0m[38;5;86m[HTTP][0m <-- POST /wd/hub/session/320249a9-94f9-43b1-bb50-e2f2854ba210/timeouts 200 0 ms - 14 
[38;5;110m[320249a9][0m[38;5;86m[HTTP][0m [37m-->[39m [37mPOST[39m [37m/wd/hub/session/320249a9-94f9-43b1-bb50-e2f2854ba210/element/00000000-0000-000d-ffff-ffff00000019/click[39m {"id":"00000000-0000-000d-ffff-ffff00000019"}
[38;5;110m[320249a9][0m[38;5;86m[HTTP][0m <-- POST /wd/hub/session/320249a9-94f9-43b1-bb50-e2f2854ba210/element/00000000-0000-000d-ffff-ffff00000019/click 200 73 ms - 14 
[38;5;110m[320249a9][0m[38;5;86m[HTTP][0m [37m-->[39m [37mPOST[39m [37m/wd/hub/session/320249a9-94f9-43b1-bb50-e2f2854ba210/timeouts[39m {"implicit":50}
[38;5;110m[320249a9][0m[38;5;86m[HTTP][0m <-- POST /wd/hub/session/320249a9-94f9-43b1-bb50-e2f2854ba210/timeouts 200 2 ms - 14 
[38;5;110m[320249a9][0m[38;5;86m[HTTP][0m [37m-->[39m [37mGET[39m [37m/wd/hub/session/320249a9-94f9-43b1-bb50-e2f2854ba210/window/rect[39m {}
[38;5;110m[320249a9][0m[38;5;86m[HTTP][0m <-- GET /wd/hub/session/320249a9-94f9-43b1-bb50-e2f2854ba210/window/rect 200 14 ms - 50 
[38;5;110m[320249a9][0m[38;5;86m[HTTP][0m [37m-->[39m [37mPOST[39m [37m/wd/hub/session/320249a9-94f9-43b1-bb50-e2f2854ba210/elements[39m {"value":"//*[@class = 'android.widget.Button' and (@text = 'menu' or . = 'menu')]","using":"xpath"}
[38;5;110m[320249a9][0m[38;5;86m[HTTP][0m <-- POST /wd/hub/session/320249a9-94f9-43b1-bb50-e2f2854ba210/elements 200 55 ms - 139 
[38;5;110m[320249a9][0m[38;5;86m[HTTP][0m [37m-->[39m [37mGET[39m [37m/wd/hub/session/320249a9-94f9-43b1-bb50-e2f2854ba210/element/00000000-0000-000b-0000-00e900000007/rect[39m {}
[38;5;110m[320249a9][0m[38;5;-11m[AndroidUiautomator2Driver@64e3][0m Driver proxy active, passing request on via HTTP proxy
[38;5;110m[320249a9][0m[38;5;-11m[AndroidUiautomator2Driver@64e3][0m Replacing sessionId 40d971a5-7340-4f1c-875c-a0f6b477734c with 320249a9-94f9-43b1-bb50-e2f2854ba210
[38;5;110m[320249a9][0m[38;5;86m[HTTP][0m <-- GET /wd/hub/session/320249a9-94f9-43b1-bb50-e2f2854ba210/element/00000000-0000-000b-0000-00e900000007/rect 200 4 ms - 99 
[38;5;110m[320249a9][0m[38;5;86m[HTTP][0m [37m-->[39m [37mPOST[39m [37m/wd/hub/session/320249a9-94f9-43b1-bb50-e2f2854ba210/timeouts[39m {"implicit":30000}
[38;5;110m[320249a9][0m[38;5;86m[HTTP][0m <-- POST /wd/hub/session/320249a9-94f9-43b1-bb50-e2f2854ba210/timeouts 200 0 ms - 14 
[38;5;110m[320249a9][0m[38;5;86m[HTTP][0m [37m-->[39m [37mPOST[39m [37m/wd/hub/session/320249a9-94f9-43b1-bb50-e2f2854ba210/element/00000000-0000-000b-0000-00e900000007/click[39m {"id":"00000000-0000-000b-0000-00e900000007"}
[38;5;110m[320249a9][0m[38;5;86m[HTTP][0m <-- POST /wd/hub/session/320249a9-94f9-43b1-bb50-e2f2854ba210/element/00000000-0000-000b-0000-00e900000007/click 200 53 ms - 14 
[38;5;110m[320249a9][0m[38;5;86m[HTTP][0m [37m-->[39m [37mPOST[39m [37m/wd/hub/session/320249a9-94f9-43b1-bb50-e2f2854ba210/timeouts[39m {"implicit":50}
[38;5;110m[320249a9][0m[38;5;86m[HTTP][0m <-- POST /wd/hub/session/320249a9-94f9-43b1-bb50-e2f2854ba210/timeouts 200 1 ms - 14 
[38;5;110m[320249a9][0m[38;5;86m[HTTP][0m [37m-->[39m [37mGET[39m [37m/wd/hub/session/320249a9-94f9-43b1-bb50-e2f2854ba210/window/rect[39m {}
[38;5;110m[320249a9][0m[38;5;86m[HTTP][0m <-- GET /wd/hub/session/320249a9-94f9-43b1-bb50-e2f2854ba210/window/rect 200 11 ms - 50 
[38;5;110m[320249a9][0m[38;5;86m[HTTP][0m [37m-->[39m [37mPOST[39m [37m/wd/hub/session/320249a9-94f9-43b1-bb50-e2f2854ba210/elements[39m {"value":"//android.widget.TextView[@text='Privacy Policy']","using":"xpath"}
[38;5;110m[320249a9][0m[38;5;86m[HTTP][0m <-- POST /wd/hub/session/320249a9-94f9-43b1-bb50-e2f2854ba210/elements 200 37 ms - 139 
[38;5;110m[320249a9][0m[38;5;86m[HTTP][0m [37m-->[39m [37mGET[39m [37m/wd/hub/session/320249a9-94f9-43b1-bb50-e2f2854ba210/element/00000000-0000-000b-0000-000500000007/rect[39m {}
[38;5;110m[320249a9][0m[38;5;-11m[AndroidUiautomator2Driver@64e3][0m Driver proxy active, passing request on via HTTP proxy
[38;5;110m[320249a9][0m[38;5;-11m[AndroidUiautomator2Driver@64e3][0m Replacing sessionId 40d971a5-7340-4f1c-875c-a0f6b477734c with 320249a9-94f9-43b1-bb50-e2f2854ba210
[38;5;110m[320249a9][0m[38;5;86m[HTTP][0m <-- GET /wd/hub/session/320249a9-94f9-43b1-bb50-e2f2854ba210/element/00000000-0000-000b-0000-000500000007/rect 200 6 ms - 100 
[38;5;110m[320249a9][0m[38;5;86m[HTTP][0m [37m-->[39m [37mPOST[39m [37m/wd/hub/session/320249a9-94f9-43b1-bb50-e2f2854ba210/timeouts[39m {"implicit":30000}
[38;5;110m[320249a9][0m[38;5;86m[HTTP][0m <-- POST /wd/hub/session/320249a9-94f9-43b1-bb50-e2f2854ba210/timeouts 200 0 ms - 14 
[38;5;110m[320249a9][0m[38;5;86m[HTTP][0m [37m-->[39m [37mPOST[39m [37m/wd/hub/session/320249a9-94f9-43b1-bb50-e2f2854ba210/element/00000000-0000-000b-0000-000500000007/click[39m {"id":"00000000-0000-000b-0000-000500000007"}
[38;5;110m[320249a9][0m[38;5;86m[HTTP][0m <-- POST /wd/hub/session/320249a9-94f9-43b1-bb50-e2f2854ba210/element/00000000-0000-000b-0000-000500000007/click 200 75 ms - 14 
[38;5;110m[320249a9][0m[38;5;86m[HTTP][0m [37m-->[39m [37mPOST[39m [37m/wd/hub/session/320249a9-94f9-43b1-bb50-e2f2854ba210/timeouts[39m {"implicit":50}
[38;5;110m[320249a9][0m[38;5;86m[HTTP][0m <-- POST /wd/hub/session/320249a9-94f9-43b1-bb50-e2f2854ba210/timeouts 200 1 ms - 14 
[38;5;110m[320249a9][0m[38;5;86m[HTTP][0m [37m-->[39m [37mGET[39m [37m/wd/hub/session/320249a9-94f9-43b1-bb50-e2f2854ba210/window/rect[39m {}
[38;5;110m[320249a9][0m[38;5;86m[HTTP][0m <-- GET /wd/hub/session/320249a9-94f9-43b1-bb50-e2f2854ba210/window/rect 200 11 ms - 50 
[38;5;110m[320249a9][0m[38;5;86m[HTTP][0m [37m-->[39m [37mPOST[39m [37m/wd/hub/session/320249a9-94f9-43b1-bb50-e2f2854ba210/elements[39m {"value":"//android.widget.TextView[@resource-id='section-2' and @text='Privacy Policy']","using":"xpath"}
[38;5;110m[320249a9][0m[38;5;86m[HTTP][0m <-- POST /wd/hub/session/320249a9-94f9-43b1-bb50-e2f2854ba210/elements 200 74 ms - 12 
[38;5;110m[320249a9][0m[38;5;86m[HTTP][0m [37m-->[39m [37mPOST[39m [37m/wd/hub/session/320249a9-94f9-43b1-bb50-e2f2854ba210/elements[39m {"value":"//android.widget.TextView[@resource-id='section-2' and @text='Privacy Policy']","using":"xpath"}
[38;5;110m[320249a9][0m[38;5;86m[HTTP][0m <-- POST /wd/hub/session/320249a9-94f9-43b1-bb50-e2f2854ba210/elements 200 1992 ms - 12 
[38;5;110m[320249a9][0m[38;5;86m[HTTP][0m [37m-->[39m [37mPOST[39m [37m/wd/hub/session/320249a9-94f9-43b1-bb50-e2f2854ba210/elements[39m {"value":"//android.widget.TextView[@resource-id='section-2' and @text='Privacy Policy']","using":"xpath"}
[38;5;110m[320249a9][0m[38;5;86m[HTTP][0m <-- POST /wd/hub/session/320249a9-94f9-43b1-bb50-e2f2854ba210/elements 200 79 ms - 12 
[38;5;110m[320249a9][0m[38;5;86m[HTTP][0m [37m-->[39m [37mPOST[39m [37m/wd/hub/session/320249a9-94f9-43b1-bb50-e2f2854ba210/elements[39m {"value":"//android.widget.TextView[@resource-id='section-2' and @text='Privacy Policy']","using":"xpath"}
[38;5;110m[320249a9][0m[38;5;86m[HTTP][0m <-- POST /wd/hub/session/320249a9-94f9-43b1-bb50-e2f2854ba210/elements 200 3447 ms - 139 
[38;5;110m[320249a9][0m[38;5;86m[HTTP][0m [37m-->[39m [37mGET[39m [37m/wd/hub/session/320249a9-94f9-43b1-bb50-e2f2854ba210/element/00000000-0000-000f-0000-05910000007c/rect[39m {}
[38;5;110m[320249a9][0m[38;5;-11m[AndroidUiautomator2Driver@64e3][0m Driver proxy active, passing request on via HTTP proxy
[38;5;110m[320249a9][0m[38;5;-11m[AndroidUiautomator2Driver@64e3][0m Replacing sessionId 40d971a5-7340-4f1c-875c-a0f6b477734c with 320249a9-94f9-43b1-bb50-e2f2854ba210
[38;5;110m[320249a9][0m[38;5;86m[HTTP][0m <-- GET /wd/hub/session/320249a9-94f9-43b1-bb50-e2f2854ba210/element/00000000-0000-000f-0000-05910000007c/rect 200 5 ms - 102 
[38;5;110m[320249a9][0m[38;5;86m[HTTP][0m [37m-->[39m [37mPOST[39m [37m/wd/hub/session/320249a9-94f9-43b1-bb50-e2f2854ba210/timeouts[39m {"implicit":30000}
[38;5;110m[320249a9][0m[38;5;86m[HTTP][0m <-- POST /wd/hub/session/320249a9-94f9-43b1-bb50-e2f2854ba210/timeouts 200 1 ms - 14 
[38;5;110m[320249a9][0m[38;5;86m[HTTP][0m [37m-->[39m [37mGET[39m [37m/wd/hub/session/320249a9-94f9-43b1-bb50-e2f2854ba210/context[39m {}
[38;5;110m[320249a9][0m[38;5;86m[HTTP][0m <-- GET /wd/hub/session/320249a9-94f9-43b1-bb50-e2f2854ba210/context 200 2 ms - 22 
[38;5;110m[320249a9][0m[38;5;86m[HTTP][0m [37m-->[39m [37mGET[39m [37m/wd/hub/session/320249a9-94f9-43b1-bb50-e2f2854ba210/contexts[39m {}
[38;5;110m[320249a9][0m[38;5;86m[HTTP][0m <-- GET /wd/hub/session/320249a9-94f9-43b1-bb50-e2f2854ba210/contexts 200 178 ms - 41 
[38;5;110m[320249a9][0m[38;5;86m[HTTP][0m [37m-->[39m [37mPOST[39m [37m/wd/hub/session/320249a9-94f9-43b1-bb50-e2f2854ba210/context[39m {"name":"NATIVE_APP"}
[38;5;110m[320249a9][0m[38;5;86m[HTTP][0m <-- POST /wd/hub/session/320249a9-94f9-43b1-bb50-e2f2854ba210/context 200 0 ms - 14 
[38;5;110m[320249a9][0m[38;5;86m[HTTP][0m [37m-->[39m [37mPOST[39m [37m/wd/hub/session/320249a9-94f9-43b1-bb50-e2f2854ba210/execute/sync[39m {"args":[],"script":"mobile: getCurrentPackage"}
[38;5;110m[320249a9][0m[38;5;86m[HTTP][0m <-- POST /wd/hub/session/320249a9-94f9-43b1-bb50-e2f2854ba210/execute/sync 200 59 ms - 30 
[38;5;110m[320249a9][0m[38;5;86m[HTTP][0m [37m-->[39m [37mPOST[39m [37m/wd/hub/session/320249a9-94f9-43b1-bb50-e2f2854ba210/execute/sync[39m {"args":[{"appId":"com.android.chrome","bundleId":"com.android.chrome"}],"script":"mobile: terminateApp"}
[38;5;110m[320249a9][0m[38;5;123m[BaseDriver][0m The following script arguments are not known and will be ignored: bundleId
[38;5;110m[320249a9][0m[38;5;-11m[AndroidUiautomator2Driver@64e3][0m Terminating 'com.android.chrome'
[38;5;110m[320249a9][0m[38;5;-11m[AndroidUiautomator2Driver@64e3][0m Querying the state of 'com.android.chrome'
[38;5;110m[320249a9][0m[38;5;-11m[AndroidUiautomator2Driver@64e3][0m 'com.android.chrome' has been successfully terminated
[38;5;110m[320249a9][0m[38;5;86m[HTTP][0m <-- POST /wd/hub/session/320249a9-94f9-43b1-bb50-e2f2854ba210/execute/sync 200 496 ms - 14 
[38;5;110m[320249a9][0m[38;5;86m[HTTP][0m [37m-->[39m [37mPOST[39m [37m/wd/hub/session/320249a9-94f9-43b1-bb50-e2f2854ba210/context[39m {"name":"NATIVE_APP"}
[38;5;110m[320249a9][0m[38;5;86m[HTTP][0m <-- POST /wd/hub/session/320249a9-94f9-43b1-bb50-e2f2854ba210/context 200 0 ms - 14 
[38;5;110m[320249a9][0m[38;5;86m[HTTP][0m [37m-->[39m [37mDELETE[39m [37m/wd/hub/session/320249a9-94f9-43b1-bb50-e2f2854ba210[39m {}
[38;5;110m[320249a9][0m[38;5;53m[AppiumDriver@d4b1][0m Removing session 320249a9-94f9-43b1-bb50-e2f2854ba210 from our master session list
[38;5;110m[320249a9][0m[38;5;229m[ADB][0m com.westgate.rewrite2 was successfully uninstalled
[38;5;110m[320249a9][0m[38;5;-11m[AndroidUiautomator2Driver@64e3][0m Restoring hidden api policy to the device default configuration
[38;5;110m[320249a9][0m[38;5;86m[HTTP][0m <-- DELETE /wd/hub/session/320249a9-94f9-43b1-bb50-e2f2854ba210 200 1271 ms - 14 
[38;5;112m[Appium][0m Received SIGTERM - shutting down
[38;5;86m[HTTP][0m Closing Appium HTTP server
[38;5;86m[HTTP][0m Appium HTTP server has been succesfully closed after 0ms
