[38;5;112m[Appium][0m Welcome to Appium v2.17.1 (REV f1041842141f20bc701b522d4371d7843d905580)
[38;5;112m[Appium][0m Non-default server args:
[38;5;112m[Appium][0m { basePath: [32m'/wd/hub'[39m, loglevel: [32m'info'[39m, port: [33m60363[39m }
[38;5;112m[Appium][0m Attempting to load driver uiautomator2...
[38;5;112m[Appium][0m Appium REST http interface listener started on http://0.0.0.0:60363/wd/hub
[38;5;112m[Appium][0m You can provide the following URLs in your client code to connect to this server:
	http://127.0.0.1:60363/wd/hub (only accessible from the same host)
	http://192.168.0.106:60363/wd/hub
[38;5;112m[Appium][0m Available drivers:
[38;5;112m[Appium][0m   - uiautomator2@4.1.5 (automationName 'UiAutomator2')
[38;5;112m[Appium][0m No plugins have been installed. Use the "appium plugin" command to install the one(s) you want to use.
[38;5;86m[HTTP][0m [37m-->[39m [37mGET[39m [37m/wd/hub/status[39m {}
[38;5;86m[HTTP][0m <-- GET /wd/hub/status 200 5 ms - 200 
[38;5;86m[HTTP][0m [37m-->[39m [37mPOST[39m [37m/wd/hub/session[39m {"capabilities":{"firstMatch":[{"appium:app":"/Users/gv.vignesh/Downloads/WGR-Android-Automation/App Folder/universal.apk","appium:autoGrantPermissions":true,"appium:automationName":"uiautomator2","appium:deviceId":"","appium:deviceName":"emulator-5554 (sdk_gphone64_arm64 - Android 16)","appium:fullReset":true,"appium:newCommandTimeout":1800,"appium:noReset":false,"appium:platformName":"ANDROID","appium:platformVersion":"16","appium:systemPort":60362,"appium:udid":"emulator-5554","platformName":"ANDROID"}]},"desiredCapabilities":{"appium:app":"/Users/gv.vignesh/Downloads/WGR-Android-Automation/App Folder/universal.apk","appium:autoGrantPermissions":true,"appium:automationName":"uiautomator2","appium:deviceId":"","appium:deviceName":"emulator-5554 (sdk_gphone64_arm64 - Android 16)","appium:fullReset":true,"appium:newCommandTimeout":1800,"appium:noReset":false,"appium:platformName":"ANDROID","appium:platformVersion":"16","appium:systemPort":60362,"appium:udid":"emulator-5554"}}
[38;5;123m[BaseDriver][0m Ignoring capability 'appium:platformName=ANDROID' and using capability 'platformName=ANDROID'
[38;5;123m[BaseDriver][0m The capabilities ["platformName"] are standard capabilities and do not require "appium:" prefix
[38;5;112m[Appium][0m Attempting to find matching driver for automationName 'uiautomator2' and platformName 'ANDROID'
[38;5;112m[Appium][0m The 'uiautomator2' driver was installed and matched caps.
[38;5;112m[Appium][0m Will require it at /Users/gv.vignesh/.appium/node_modules/appium-uiautomator2-driver
[38;5;157m[AppiumDriver@518a][0m Appium v2.17.1 creating new AndroidUiautomator2Driver (v4.1.5) session
[38;5;157m[AppiumDriver@518a][0m Checking BaseDriver versions for Appium and AndroidUiautomator2Driver
[38;5;157m[AppiumDriver@518a][0m Appium's BaseDriver version is 9.16.4
[38;5;157m[AppiumDriver@518a][0m AndroidUiautomator2Driver's BaseDriver version is 9.16.4
[38;5;16m[AndroidUiautomator2Driver@be04][0m The following provided capabilities were not recognized by this driver:
[38;5;16m[AndroidUiautomator2Driver@be04][0m   deviceId
[38;5;198m[53bcdaee][0m[38;5;16m[AndroidUiautomator2Driver@be04][0m Session created with session id: 53bcdaee-b57c-4c21-b645-605196878a25
[38;5;198m[53bcdaee][0m[38;5;229m[ADB][0m Found 1 'build-tools' folders under '/Users/gv.vignesh/.katalon/tools/android_sdk' (newest first):
[38;5;198m[53bcdaee][0m[38;5;229m[ADB][0m     /Users/gv.vignesh/.katalon/tools/android_sdk/build-tools/29.0.3
[38;5;198m[53bcdaee][0m[38;5;229m[ADB][0m Using 'adb' from '/Users/gv.vignesh/.katalon/tools/android_sdk/platform-tools/adb'
[38;5;198m[53bcdaee][0m[38;5;16m[AndroidUiautomator2Driver@be04][0m Retrieving device list
[38;5;198m[53bcdaee][0m[38;5;16m[AndroidUiautomator2Driver@be04][0m Using device: emulator-5554
[38;5;198m[53bcdaee][0m[38;5;229m[ADB][0m Using 'adb' from '/Users/gv.vignesh/.katalon/tools/android_sdk/platform-tools/adb'
[38;5;198m[53bcdaee][0m[38;5;123m[BaseDriver][0m Using local app '/Users/gv.vignesh/Downloads/WGR-Android-Automation/App Folder/universal.apk'
[38;5;198m[53bcdaee][0m[38;5;229m[ADB][0m Getting device platform version
[38;5;198m[53bcdaee][0m[38;5;16m[AndroidUiautomator2Driver@be04][0m Relaxing hidden api policy
[38;5;198m[53bcdaee][0m[38;5;229m[ADB][0m Using 'aapt2' from '/Users/gv.vignesh/.katalon/tools/android_sdk/build-tools/29.0.3/aapt2'
[38;5;198m[53bcdaee][0m[38;5;229m[ADB][0m Package name: 'com.westgate.rewrite2'
[38;5;198m[53bcdaee][0m[38;5;229m[ADB][0m Main activity name: 'com.westgate.rewrite2.MainActivity'
[38;5;198m[53bcdaee][0m[38;5;229m[ADB][0m Using 'apksigner.jar' from '/Users/gv.vignesh/.katalon/tools/android_sdk/build-tools/29.0.3/lib/apksigner.jar'
[38;5;198m[53bcdaee][0m[38;5;16m[AndroidUiautomator2Driver@be04][0m Server packages are not going to be (re)installed
[38;5;198m[53bcdaee][0m[38;5;229m[ADB][0m Adding packages ["io.appium.settings","io.appium.uiautomator2.server","io.appium.uiautomator2.server.test"] to Doze whitelist
[38;5;198m[53bcdaee][0m[38;5;229m[ADB][0m '/Users/gv.vignesh/Downloads/WGR-Android-Automation/App Folder/universal.apk' is signed with a non-default certificate
[38;5;198m[53bcdaee][0m[38;5;229m[ADB][0m com.westgate.rewrite2 was successfully uninstalled
[38;5;198m[53bcdaee][0m[38;5;229m[ADB][0m The application at '/Users/gv.vignesh/Downloads/WGR-Android-Automation/App Folder/universal.apk' will not be cached, because the device under test has confirmed the support of streamed installs
[38;5;198m[53bcdaee][0m[38;5;229m[ADB][0m The installation of 'universal.apk' took 2045ms
[38;5;198m[53bcdaee][0m[38;5;16m[AndroidUiautomator2Driver@be04][0m Starting UIAutomator2 server 7.3.0
[38;5;198m[53bcdaee][0m[38;5;16m[AndroidUiautomator2Driver@be04][0m Using UIAutomator2 server from '/Users/gv.vignesh/.appium/node_modules/appium-uiautomator2-driver/node_modules/appium-uiautomator2-server/apks/appium-uiautomator2-server-v7.3.0.apk' and test from '/Users/gv.vignesh/.appium/node_modules/appium-uiautomator2-driver/node_modules/appium-uiautomator2-server/apks/appium-uiautomator2-server-debug-androidTest.apk'
[38;5;198m[53bcdaee][0m[38;5;16m[AndroidUiautomator2Driver@be04][0m Waiting up to 30000ms for UiAutomator2 to be online...
[38;5;198m[53bcdaee][0m[38;5;16m[AndroidUiautomator2Driver@be04][0m socket hang up
[38;5;198m[53bcdaee][0m[38;5;16m[AndroidUiautomator2Driver@be04][0m Determined the downstream protocol as 'W3C'
[38;5;198m[53bcdaee][0m[38;5;16m[AndroidUiautomator2Driver@be04][0m Screen already unlocked, doing nothing
[38;5;198m[53bcdaee][0m[38;5;16m[AndroidUiautomator2Driver@be04][0m Starting 'com.westgate.rewrite2/com.westgate.rewrite2.MainActivity' and waiting for 'com.westgate.rewrite2/com.westgate.rewrite2.MainActivity'
[38;5;198m[53bcdaee][0m[38;5;157m[AppiumDriver@518a][0m New AndroidUiautomator2Driver session created successfully, session 53bcdaee-b57c-4c21-b645-605196878a25 added to master session list
[38;5;198m[53bcdaee][0m[38;5;86m[HTTP][0m <-- POST /wd/hub/session 200 8554 ms - 1350 
[38;5;86m[HTTP][0m [37m-->[39m [37mGET[39m [37m/wd/hub/status[39m {}
[38;5;86m[HTTP][0m <-- GET /wd/hub/status 200 0 ms - 200 
[38;5;198m[53bcdaee][0m[38;5;86m[HTTP][0m [37m-->[39m [37mPOST[39m [37m/wd/hub/session/53bcdaee-b57c-4c21-b645-605196878a25/timeouts[39m {"implicit":30000}
[38;5;198m[53bcdaee][0m[38;5;86m[HTTP][0m <-- POST /wd/hub/session/53bcdaee-b57c-4c21-b645-605196878a25/timeouts 200 1 ms - 14 
[38;5;198m[53bcdaee][0m[38;5;86m[HTTP][0m [37m-->[39m [37mPOST[39m [37m/wd/hub/session/53bcdaee-b57c-4c21-b645-605196878a25/execute/sync[39m {"script":"mobile: getSystemBars","args":[]}
[38;5;198m[53bcdaee][0m[38;5;16m[AndroidUiautomator2Driver@be04][0m No windows have been found whose title matches to 'NavigationBar'. Assuming it is invisible. Only the following windows are available: ScreenDecorOverlayBottom,ScreenDecorOverlay,EdgeBackGestureHandler0,Taskbar,NotificationShade,StatusBar,ShellDropTarget,InputMethod
[38;5;198m[53bcdaee][0m[38;5;86m[HTTP][0m <-- POST /wd/hub/session/53bcdaee-b57c-4c21-b645-605196878a25/execute/sync 200 102 ms - 144 
[38;5;198m[53bcdaee][0m[38;5;86m[HTTP][0m [37m-->[39m [37mPOST[39m [37m/wd/hub/session/53bcdaee-b57c-4c21-b645-605196878a25/timeouts[39m {"implicit":50}
[38;5;198m[53bcdaee][0m[38;5;86m[HTTP][0m <-- POST /wd/hub/session/53bcdaee-b57c-4c21-b645-605196878a25/timeouts 200 1 ms - 14 
[38;5;198m[53bcdaee][0m[38;5;86m[HTTP][0m [37m-->[39m [37mGET[39m [37m/wd/hub/session/53bcdaee-b57c-4c21-b645-605196878a25/window/rect[39m {}
[38;5;198m[53bcdaee][0m[38;5;86m[HTTP][0m <-- GET /wd/hub/session/53bcdaee-b57c-4c21-b645-605196878a25/window/rect 200 6 ms - 50 
[38;5;198m[53bcdaee][0m[38;5;86m[HTTP][0m [37m-->[39m [37mPOST[39m [37m/wd/hub/session/53bcdaee-b57c-4c21-b645-605196878a25/elements[39m {"using":"xpath","value":"//*[@class = 'android.widget.Button' and (@text = 'Login or Sign Up' or . = 'Login or Sign Up')]"}
[38;5;198m[53bcdaee][0m[38;5;86m[HTTP][0m <-- POST /wd/hub/session/53bcdaee-b57c-4c21-b645-605196878a25/elements 200 546 ms - 139 
[38;5;198m[53bcdaee][0m[38;5;86m[HTTP][0m [37m-->[39m [37mGET[39m [37m/wd/hub/session/53bcdaee-b57c-4c21-b645-605196878a25/element/00000000-0000-0095-0000-00a300000007/rect[39m {}
[38;5;198m[53bcdaee][0m[38;5;16m[AndroidUiautomator2Driver@be04][0m Driver proxy active, passing request on via HTTP proxy
[38;5;198m[53bcdaee][0m[38;5;16m[AndroidUiautomator2Driver@be04][0m Replacing sessionId 379e3a59-5ea1-454a-85ca-0a6726495028 with 53bcdaee-b57c-4c21-b645-605196878a25
[38;5;198m[53bcdaee][0m[38;5;86m[HTTP][0m <-- GET /wd/hub/session/53bcdaee-b57c-4c21-b645-605196878a25/element/00000000-0000-0095-0000-00a300000007/rect 200 9 ms - 103 
[38;5;198m[53bcdaee][0m[38;5;86m[HTTP][0m [37m-->[39m [37mPOST[39m [37m/wd/hub/session/53bcdaee-b57c-4c21-b645-605196878a25/timeouts[39m {"implicit":30000}
[38;5;198m[53bcdaee][0m[38;5;86m[HTTP][0m <-- POST /wd/hub/session/53bcdaee-b57c-4c21-b645-605196878a25/timeouts 200 0 ms - 14 
[38;5;198m[53bcdaee][0m[38;5;86m[HTTP][0m [37m-->[39m [37mPOST[39m [37m/wd/hub/session/53bcdaee-b57c-4c21-b645-605196878a25/element/00000000-0000-0095-0000-00a300000007/click[39m {"id":"00000000-0000-0095-0000-00a300000007"}
[38;5;198m[53bcdaee][0m[38;5;86m[HTTP][0m <-- POST /wd/hub/session/53bcdaee-b57c-4c21-b645-605196878a25/element/00000000-0000-0095-0000-00a300000007/click 200 46 ms - 14 
[38;5;198m[53bcdaee][0m[38;5;86m[HTTP][0m [37m-->[39m [37mPOST[39m [37m/wd/hub/session/53bcdaee-b57c-4c21-b645-605196878a25/timeouts[39m {"implicit":50}
[38;5;198m[53bcdaee][0m[38;5;86m[HTTP][0m <-- POST /wd/hub/session/53bcdaee-b57c-4c21-b645-605196878a25/timeouts 200 1 ms - 14 
[38;5;198m[53bcdaee][0m[38;5;86m[HTTP][0m [37m-->[39m [37mGET[39m [37m/wd/hub/session/53bcdaee-b57c-4c21-b645-605196878a25/window/rect[39m {}
[38;5;198m[53bcdaee][0m[38;5;86m[HTTP][0m <-- GET /wd/hub/session/53bcdaee-b57c-4c21-b645-605196878a25/window/rect 200 8 ms - 50 
[38;5;198m[53bcdaee][0m[38;5;86m[HTTP][0m [37m-->[39m [37mPOST[39m [37m/wd/hub/session/53bcdaee-b57c-4c21-b645-605196878a25/elements[39m {"using":"xpath","value":"//*[@class = 'android.widget.EditText' and (@text = '' or . = '')]"}
[38;5;198m[53bcdaee][0m[38;5;86m[HTTP][0m <-- POST /wd/hub/session/53bcdaee-b57c-4c21-b645-605196878a25/elements 200 72 ms - 139 
[38;5;198m[53bcdaee][0m[38;5;86m[HTTP][0m [37m-->[39m [37mGET[39m [37m/wd/hub/session/53bcdaee-b57c-4c21-b645-605196878a25/element/00000000-0000-0095-0000-00dc00000007/rect[39m {}
[38;5;198m[53bcdaee][0m[38;5;16m[AndroidUiautomator2Driver@be04][0m Driver proxy active, passing request on via HTTP proxy
[38;5;198m[53bcdaee][0m[38;5;16m[AndroidUiautomator2Driver@be04][0m Replacing sessionId 379e3a59-5ea1-454a-85ca-0a6726495028 with 53bcdaee-b57c-4c21-b645-605196878a25
[38;5;198m[53bcdaee][0m[38;5;86m[HTTP][0m <-- GET /wd/hub/session/53bcdaee-b57c-4c21-b645-605196878a25/element/00000000-0000-0095-0000-00dc00000007/rect 200 7 ms - 103 
[38;5;198m[53bcdaee][0m[38;5;86m[HTTP][0m [37m-->[39m [37mPOST[39m [37m/wd/hub/session/53bcdaee-b57c-4c21-b645-605196878a25/timeouts[39m {"implicit":30000}
[38;5;198m[53bcdaee][0m[38;5;86m[HTTP][0m <-- POST /wd/hub/session/53bcdaee-b57c-4c21-b645-605196878a25/timeouts 200 1 ms - 14 
[38;5;198m[53bcdaee][0m[38;5;86m[HTTP][0m [37m-->[39m [37mPOST[39m [37m/wd/hub/session/53bcdaee-b57c-4c21-b645-605196878a25/element/00000000-0000-0095-0000-00dc00000007/clear[39m {"id":"00000000-0000-0095-0000-00dc00000007"}
[38;5;198m[53bcdaee][0m[38;5;86m[HTTP][0m <-- POST /wd/hub/session/53bcdaee-b57c-4c21-b645-605196878a25/element/00000000-0000-0095-0000-00dc00000007/clear 200 9 ms - 14 
[38;5;198m[53bcdaee][0m[38;5;86m[HTTP][0m [37m-->[39m [37mPOST[39m [37m/wd/hub/session/53bcdaee-b57c-4c21-b645-605196878a25/element/00000000-0000-0095-0000-00dc00000007/click[39m {"id":"00000000-0000-0095-0000-00dc00000007"}
[38;5;198m[53bcdaee][0m[38;5;86m[HTTP][0m <-- POST /wd/hub/session/53bcdaee-b57c-4c21-b645-605196878a25/element/00000000-0000-0095-0000-00dc00000007/click 200 42 ms - 14 
[38;5;198m[53bcdaee][0m[38;5;86m[HTTP][0m [37m-->[39m [37mPOST[39m [37m/wd/hub/session/53bcdaee-b57c-4c21-b645-605196878a25/element/00000000-0000-0095-0000-00dc00000007/value[39m {"text":"0225109tm@wg.com","value":["0","2","2","5","1","0","9","t","m","@","w","g",".","c","o","m"],"id":"00000000-0000-0095-0000-00dc00000007"}
[38;5;198m[53bcdaee][0m[38;5;86m[HTTP][0m <-- POST /wd/hub/session/53bcdaee-b57c-4c21-b645-605196878a25/element/00000000-0000-0095-0000-00dc00000007/value 200 46 ms - 14 
[38;5;198m[53bcdaee][0m[38;5;86m[HTTP][0m [37m-->[39m [37mGET[39m [37m/wd/hub/session/53bcdaee-b57c-4c21-b645-605196878a25/context[39m {}
[38;5;198m[53bcdaee][0m[38;5;86m[HTTP][0m <-- GET /wd/hub/session/53bcdaee-b57c-4c21-b645-605196878a25/context 200 1 ms - 22 
[38;5;198m[53bcdaee][0m[38;5;86m[HTTP][0m [37m-->[39m [37mGET[39m [37m/wd/hub/session/53bcdaee-b57c-4c21-b645-605196878a25/contexts[39m {}
[38;5;198m[53bcdaee][0m[38;5;86m[HTTP][0m <-- GET /wd/hub/session/53bcdaee-b57c-4c21-b645-605196878a25/contexts 200 141 ms - 41 
[38;5;198m[53bcdaee][0m[38;5;86m[HTTP][0m [37m-->[39m [37mPOST[39m [37m/wd/hub/session/53bcdaee-b57c-4c21-b645-605196878a25/context[39m {"name":"NATIVE_APP"}
[38;5;198m[53bcdaee][0m[38;5;86m[HTTP][0m <-- POST /wd/hub/session/53bcdaee-b57c-4c21-b645-605196878a25/context 200 0 ms - 14 
[38;5;198m[53bcdaee][0m[38;5;86m[HTTP][0m [37m-->[39m [37mPOST[39m [37m/wd/hub/session/53bcdaee-b57c-4c21-b645-605196878a25/execute/sync[39m {"script":"mobile: hideKeyboard","args":[]}
[38;5;198m[53bcdaee][0m[38;5;86m[HTTP][0m <-- POST /wd/hub/session/53bcdaee-b57c-4c21-b645-605196878a25/execute/sync 200 2427 ms - 14 
[38;5;198m[53bcdaee][0m[38;5;86m[HTTP][0m [37m-->[39m [37mPOST[39m [37m/wd/hub/session/53bcdaee-b57c-4c21-b645-605196878a25/context[39m {"name":"NATIVE_APP"}
[38;5;198m[53bcdaee][0m[38;5;86m[HTTP][0m <-- POST /wd/hub/session/53bcdaee-b57c-4c21-b645-605196878a25/context 200 1 ms - 14 
[38;5;198m[53bcdaee][0m[38;5;86m[HTTP][0m [37m-->[39m [37mPOST[39m [37m/wd/hub/session/53bcdaee-b57c-4c21-b645-605196878a25/timeouts[39m {"implicit":50}
[38;5;198m[53bcdaee][0m[38;5;86m[HTTP][0m <-- POST /wd/hub/session/53bcdaee-b57c-4c21-b645-605196878a25/timeouts 200 1 ms - 14 
[38;5;198m[53bcdaee][0m[38;5;86m[HTTP][0m [37m-->[39m [37mGET[39m [37m/wd/hub/session/53bcdaee-b57c-4c21-b645-605196878a25/window/rect[39m {}
[38;5;198m[53bcdaee][0m[38;5;86m[HTTP][0m <-- GET /wd/hub/session/53bcdaee-b57c-4c21-b645-605196878a25/window/rect 500 2 ms - 1149 
[38;5;198m[53bcdaee][0m[38;5;86m[HTTP][0m [37m-->[39m [37mPOST[39m [37m/wd/hub/session/53bcdaee-b57c-4c21-b645-605196878a25/timeouts[39m {"implicit":30000}
[38;5;198m[53bcdaee][0m[38;5;86m[HTTP][0m <-- POST /wd/hub/session/53bcdaee-b57c-4c21-b645-605196878a25/timeouts 200 0 ms - 14 
[38;5;198m[53bcdaee][0m[38;5;86m[HTTP][0m [37m-->[39m [37mGET[39m [37m/wd/hub/session/53bcdaee-b57c-4c21-b645-605196878a25/context[39m {}
[38;5;198m[53bcdaee][0m[38;5;86m[HTTP][0m <-- GET /wd/hub/session/53bcdaee-b57c-4c21-b645-605196878a25/context 200 1 ms - 22 
[38;5;198m[53bcdaee][0m[38;5;86m[HTTP][0m [37m-->[39m [37mGET[39m [37m/wd/hub/session/53bcdaee-b57c-4c21-b645-605196878a25/contexts[39m {}
[38;5;198m[53bcdaee][0m[38;5;16m[AndroidUiautomator2Driver@be04][0m CDP data for 'WEBVIEW_chrome' cannot be collected. Original error: timeout of 2000ms exceeded
[38;5;198m[53bcdaee][0m[38;5;16m[AndroidUiautomator2Driver@be04][0m Skipping the webview 'WEBVIEW_chrome' at '@chrome_devtools_remote' since it has reported having zero pages
[38;5;198m[53bcdaee][0m[38;5;86m[HTTP][0m <-- GET /wd/hub/session/53bcdaee-b57c-4c21-b645-605196878a25/contexts 200 2184 ms - 24 
[38;5;198m[53bcdaee][0m[38;5;86m[HTTP][0m [37m-->[39m [37mPOST[39m [37m/wd/hub/session/53bcdaee-b57c-4c21-b645-605196878a25/context[39m {"name":"NATIVE_APP"}
[38;5;198m[53bcdaee][0m[38;5;86m[HTTP][0m <-- POST /wd/hub/session/53bcdaee-b57c-4c21-b645-605196878a25/context 200 0 ms - 14 
[38;5;198m[53bcdaee][0m[38;5;86m[HTTP][0m [37m-->[39m [37mGET[39m [37m/wd/hub/session/53bcdaee-b57c-4c21-b645-605196878a25/screenshot[39m {}
[38;5;198m[53bcdaee][0m[38;5;86m[HTTP][0m <-- GET /wd/hub/session/53bcdaee-b57c-4c21-b645-605196878a25/screenshot 500 1 ms - 986 
[38;5;198m[53bcdaee][0m[38;5;86m[HTTP][0m [37m-->[39m [37mPOST[39m [37m/wd/hub/session/53bcdaee-b57c-4c21-b645-605196878a25/context[39m {"name":"NATIVE_APP"}
[38;5;198m[53bcdaee][0m[38;5;86m[HTTP][0m <-- POST /wd/hub/session/53bcdaee-b57c-4c21-b645-605196878a25/context 200 0 ms - 14 
[38;5;86m[HTTP][0m [37m-->[39m [37mGET[39m [37m/wd/hub/status[39m {}
[38;5;86m[HTTP][0m <-- GET /wd/hub/status 200 0 ms - 200 
[38;5;86m[HTTP][0m [37m-->[39m [37mPOST[39m [37m/wd/hub/session[39m {"capabilities":{"firstMatch":[{"appium:app":"/Users/gv.vignesh/Downloads/WGR-Android-Automation/App Folder/universal.apk","appium:autoGrantPermissions":true,"appium:automationName":"uiautomator2","appium:deviceId":"","appium:deviceName":"emulator-5554 (sdk_gphone64_arm64 - Android 16)","appium:fullReset":true,"appium:newCommandTimeout":1800,"appium:noReset":false,"appium:platformName":"ANDROID","appium:platformVersion":"16","appium:systemPort":60639,"appium:udid":"emulator-5554","platformName":"ANDROID"}]},"desiredCapabilities":{"appium:app":"/Users/gv.vignesh/Downloads/WGR-Android-Automation/App Folder/universal.apk","appium:autoGrantPermissions":true,"appium:automationName":"uiautomator2","appium:deviceId":"","appium:deviceName":"emulator-5554 (sdk_gphone64_arm64 - Android 16)","appium:fullReset":true,"appium:newCommandTimeout":1800,"appium:noReset":false,"appium:platformName":"ANDROID","appium:platformVersion":"16","appium:systemPort":60639,"appium:udid":"emulator-5554"}}
[38;5;123m[BaseDriver][0m Ignoring capability 'appium:platformName=ANDROID' and using capability 'platformName=ANDROID'
[38;5;123m[BaseDriver][0m The capabilities ["platformName"] are standard capabilities and do not require "appium:" prefix
[38;5;112m[Appium][0m Attempting to find matching driver for automationName 'uiautomator2' and platformName 'ANDROID'
[38;5;112m[Appium][0m The 'uiautomator2' driver was installed and matched caps.
[38;5;112m[Appium][0m Will require it at /Users/gv.vignesh/.appium/node_modules/appium-uiautomator2-driver
[38;5;157m[AppiumDriver@518a][0m Appium v2.17.1 creating new AndroidUiautomator2Driver (v4.1.5) session
[38;5;157m[AppiumDriver@518a][0m Checking BaseDriver versions for Appium and AndroidUiautomator2Driver
[38;5;157m[AppiumDriver@518a][0m Appium's BaseDriver version is 9.16.4
[38;5;157m[AppiumDriver@518a][0m AndroidUiautomator2Driver's BaseDriver version is 9.16.4
[38;5;-19m[AndroidUiautomator2Driver@32cd][0m The following provided capabilities were not recognized by this driver:
[38;5;-19m[AndroidUiautomator2Driver@32cd][0m   deviceId
[38;5;20m[578d2cad][0m[38;5;-19m[AndroidUiautomator2Driver@32cd][0m Session created with session id: 578d2cad-36fa-4305-9ccb-aff6007f0260
[38;5;20m[578d2cad][0m[38;5;229m[ADB][0m Using 'adb' from '/Users/gv.vignesh/.katalon/tools/android_sdk/platform-tools/adb'
[38;5;20m[578d2cad][0m[38;5;-19m[AndroidUiautomator2Driver@32cd][0m Retrieving device list
[38;5;20m[578d2cad][0m[38;5;-19m[AndroidUiautomator2Driver@32cd][0m Using device: emulator-5554
[38;5;20m[578d2cad][0m[38;5;229m[ADB][0m Using 'adb' from '/Users/gv.vignesh/.katalon/tools/android_sdk/platform-tools/adb'
[38;5;20m[578d2cad][0m[38;5;123m[BaseDriver][0m Using local app '/Users/gv.vignesh/Downloads/WGR-Android-Automation/App Folder/universal.apk'
[38;5;20m[578d2cad][0m[38;5;229m[ADB][0m Getting device platform version
[38;5;20m[578d2cad][0m[38;5;-19m[AndroidUiautomator2Driver@32cd][0m Relaxing hidden api policy
[38;5;20m[578d2cad][0m[38;5;229m[ADB][0m Using 'aapt2' from '/Users/gv.vignesh/.katalon/tools/android_sdk/build-tools/29.0.3/aapt2'
[38;5;20m[578d2cad][0m[38;5;229m[ADB][0m Package name: 'com.westgate.rewrite2'
[38;5;20m[578d2cad][0m[38;5;229m[ADB][0m Main activity name: 'com.westgate.rewrite2.MainActivity'
[38;5;20m[578d2cad][0m[38;5;-19m[AndroidUiautomator2Driver@32cd][0m Server packages are not going to be (re)installed
[38;5;20m[578d2cad][0m[38;5;229m[ADB][0m com.westgate.rewrite2 was not uninstalled, because it was not present on the device
[38;5;20m[578d2cad][0m[38;5;229m[ADB][0m Adding packages ["io.appium.settings","io.appium.uiautomator2.server","io.appium.uiautomator2.server.test"] to Doze whitelist
[38;5;20m[578d2cad][0m[38;5;229m[ADB][0m The application at '/Users/gv.vignesh/Downloads/WGR-Android-Automation/App Folder/universal.apk' will not be cached, because the device under test has confirmed the support of streamed installs
[38;5;20m[578d2cad][0m[38;5;229m[ADB][0m The installation of 'universal.apk' took 644ms
[38;5;20m[578d2cad][0m[38;5;-19m[AndroidUiautomator2Driver@32cd][0m Starting UIAutomator2 server 7.3.0
[38;5;20m[578d2cad][0m[38;5;-19m[AndroidUiautomator2Driver@32cd][0m Using UIAutomator2 server from '/Users/gv.vignesh/.appium/node_modules/appium-uiautomator2-driver/node_modules/appium-uiautomator2-server/apks/appium-uiautomator2-server-v7.3.0.apk' and test from '/Users/gv.vignesh/.appium/node_modules/appium-uiautomator2-driver/node_modules/appium-uiautomator2-server/apks/appium-uiautomator2-server-debug-androidTest.apk'
[38;5;20m[578d2cad][0m[38;5;-19m[AndroidUiautomator2Driver@32cd][0m Waiting up to 30000ms for UiAutomator2 to be online...
[38;5;20m[578d2cad][0m[38;5;-19m[AndroidUiautomator2Driver@32cd][0m socket hang up
[38;5;20m[578d2cad][0m[38;5;-19m[AndroidUiautomator2Driver@32cd][0m socket hang up
[38;5;20m[578d2cad][0m[38;5;-19m[AndroidUiautomator2Driver@32cd][0m Determined the downstream protocol as 'W3C'
[38;5;20m[578d2cad][0m[38;5;-19m[AndroidUiautomator2Driver@32cd][0m Screen already unlocked, doing nothing
[38;5;20m[578d2cad][0m[38;5;-19m[AndroidUiautomator2Driver@32cd][0m Starting 'com.westgate.rewrite2/com.westgate.rewrite2.MainActivity' and waiting for 'com.westgate.rewrite2/com.westgate.rewrite2.MainActivity'
[38;5;20m[578d2cad][0m[38;5;157m[AppiumDriver@518a][0m New AndroidUiautomator2Driver session created successfully, session 578d2cad-36fa-4305-9ccb-aff6007f0260 added to master session list
[38;5;20m[578d2cad][0m[38;5;86m[HTTP][0m <-- POST /wd/hub/session 200 5072 ms - 1350 
[38;5;86m[HTTP][0m [37m-->[39m [37mGET[39m [37m/wd/hub/status[39m {}
[38;5;86m[HTTP][0m <-- GET /wd/hub/status 200 0 ms - 200 
[38;5;20m[578d2cad][0m[38;5;86m[HTTP][0m [37m-->[39m [37mPOST[39m [37m/wd/hub/session/578d2cad-36fa-4305-9ccb-aff6007f0260/timeouts[39m {"implicit":30000}
[38;5;20m[578d2cad][0m[38;5;86m[HTTP][0m <-- POST /wd/hub/session/578d2cad-36fa-4305-9ccb-aff6007f0260/timeouts 200 1 ms - 14 
[38;5;20m[578d2cad][0m[38;5;86m[HTTP][0m [37m-->[39m [37mPOST[39m [37m/wd/hub/session/578d2cad-36fa-4305-9ccb-aff6007f0260/execute/sync[39m {"script":"mobile: getSystemBars","args":[]}
[38;5;20m[578d2cad][0m[38;5;-19m[AndroidUiautomator2Driver@32cd][0m No windows have been found whose title matches to 'NavigationBar'. Assuming it is invisible. Only the following windows are available: ScreenDecorOverlayBottom,ScreenDecorOverlay,EdgeBackGestureHandler0,Taskbar,NotificationShade,StatusBar,ShellDropTarget,InputMethod
[38;5;20m[578d2cad][0m[38;5;86m[HTTP][0m <-- POST /wd/hub/session/578d2cad-36fa-4305-9ccb-aff6007f0260/execute/sync 200 93 ms - 144 
[38;5;20m[578d2cad][0m[38;5;86m[HTTP][0m [37m-->[39m [37mPOST[39m [37m/wd/hub/session/578d2cad-36fa-4305-9ccb-aff6007f0260/timeouts[39m {"implicit":50}
[38;5;20m[578d2cad][0m[38;5;86m[HTTP][0m <-- POST /wd/hub/session/578d2cad-36fa-4305-9ccb-aff6007f0260/timeouts 200 2 ms - 14 
[38;5;20m[578d2cad][0m[38;5;86m[HTTP][0m [37m-->[39m [37mGET[39m [37m/wd/hub/session/578d2cad-36fa-4305-9ccb-aff6007f0260/window/rect[39m {}
[38;5;20m[578d2cad][0m[38;5;86m[HTTP][0m <-- GET /wd/hub/session/578d2cad-36fa-4305-9ccb-aff6007f0260/window/rect 200 14 ms - 50 
[38;5;20m[578d2cad][0m[38;5;86m[HTTP][0m [37m-->[39m [37mPOST[39m [37m/wd/hub/session/578d2cad-36fa-4305-9ccb-aff6007f0260/elements[39m {"using":"xpath","value":"//*[@class = 'android.widget.Button' and (@text = 'Login or Sign Up' or . = 'Login or Sign Up')]"}
[38;5;20m[578d2cad][0m[38;5;86m[HTTP][0m <-- POST /wd/hub/session/578d2cad-36fa-4305-9ccb-aff6007f0260/elements 200 199 ms - 139 
[38;5;20m[578d2cad][0m[38;5;86m[HTTP][0m [37m-->[39m [37mGET[39m [37m/wd/hub/session/578d2cad-36fa-4305-9ccb-aff6007f0260/element/00000000-0000-00a1-0000-00a300000007/rect[39m {}
[38;5;20m[578d2cad][0m[38;5;-19m[AndroidUiautomator2Driver@32cd][0m Driver proxy active, passing request on via HTTP proxy
[38;5;20m[578d2cad][0m[38;5;-19m[AndroidUiautomator2Driver@32cd][0m Replacing sessionId 992510d1-77fc-457a-b1d8-341891ba274f with 578d2cad-36fa-4305-9ccb-aff6007f0260
[38;5;20m[578d2cad][0m[38;5;86m[HTTP][0m <-- GET /wd/hub/session/578d2cad-36fa-4305-9ccb-aff6007f0260/element/00000000-0000-00a1-0000-00a300000007/rect 200 6 ms - 103 
[38;5;20m[578d2cad][0m[38;5;86m[HTTP][0m [37m-->[39m [37mPOST[39m [37m/wd/hub/session/578d2cad-36fa-4305-9ccb-aff6007f0260/timeouts[39m {"implicit":30000}
[38;5;20m[578d2cad][0m[38;5;86m[HTTP][0m <-- POST /wd/hub/session/578d2cad-36fa-4305-9ccb-aff6007f0260/timeouts 200 0 ms - 14 
[38;5;20m[578d2cad][0m[38;5;86m[HTTP][0m [37m-->[39m [37mPOST[39m [37m/wd/hub/session/578d2cad-36fa-4305-9ccb-aff6007f0260/element/00000000-0000-00a1-0000-00a300000007/click[39m {"id":"00000000-0000-00a1-0000-00a300000007"}
[38;5;20m[578d2cad][0m[38;5;86m[HTTP][0m <-- POST /wd/hub/session/578d2cad-36fa-4305-9ccb-aff6007f0260/element/00000000-0000-00a1-0000-00a300000007/click 200 49 ms - 14 
[38;5;20m[578d2cad][0m[38;5;86m[HTTP][0m [37m-->[39m [37mPOST[39m [37m/wd/hub/session/578d2cad-36fa-4305-9ccb-aff6007f0260/timeouts[39m {"implicit":50}
[38;5;20m[578d2cad][0m[38;5;86m[HTTP][0m <-- POST /wd/hub/session/578d2cad-36fa-4305-9ccb-aff6007f0260/timeouts 200 2 ms - 14 
[38;5;20m[578d2cad][0m[38;5;86m[HTTP][0m [37m-->[39m [37mGET[39m [37m/wd/hub/session/578d2cad-36fa-4305-9ccb-aff6007f0260/window/rect[39m {}
[38;5;20m[578d2cad][0m[38;5;86m[HTTP][0m <-- GET /wd/hub/session/578d2cad-36fa-4305-9ccb-aff6007f0260/window/rect 200 10 ms - 50 
[38;5;20m[578d2cad][0m[38;5;86m[HTTP][0m [37m-->[39m [37mPOST[39m [37m/wd/hub/session/578d2cad-36fa-4305-9ccb-aff6007f0260/elements[39m {"using":"xpath","value":"//*[@class = 'android.widget.EditText' and (@text = '' or . = '')]"}
[38;5;20m[578d2cad][0m[38;5;86m[HTTP][0m <-- POST /wd/hub/session/578d2cad-36fa-4305-9ccb-aff6007f0260/elements 200 68 ms - 139 
[38;5;20m[578d2cad][0m[38;5;86m[HTTP][0m [37m-->[39m [37mGET[39m [37m/wd/hub/session/578d2cad-36fa-4305-9ccb-aff6007f0260/element/00000000-0000-00a1-0000-00dc00000007/rect[39m {}
[38;5;20m[578d2cad][0m[38;5;-19m[AndroidUiautomator2Driver@32cd][0m Driver proxy active, passing request on via HTTP proxy
[38;5;20m[578d2cad][0m[38;5;-19m[AndroidUiautomator2Driver@32cd][0m Replacing sessionId 992510d1-77fc-457a-b1d8-341891ba274f with 578d2cad-36fa-4305-9ccb-aff6007f0260
[38;5;20m[578d2cad][0m[38;5;86m[HTTP][0m <-- GET /wd/hub/session/578d2cad-36fa-4305-9ccb-aff6007f0260/element/00000000-0000-00a1-0000-00dc00000007/rect 200 5 ms - 103 
[38;5;20m[578d2cad][0m[38;5;86m[HTTP][0m [37m-->[39m [37mPOST[39m [37m/wd/hub/session/578d2cad-36fa-4305-9ccb-aff6007f0260/timeouts[39m {"implicit":30000}
[38;5;20m[578d2cad][0m[38;5;86m[HTTP][0m <-- POST /wd/hub/session/578d2cad-36fa-4305-9ccb-aff6007f0260/timeouts 200 0 ms - 14 
[38;5;20m[578d2cad][0m[38;5;86m[HTTP][0m [37m-->[39m [37mPOST[39m [37m/wd/hub/session/578d2cad-36fa-4305-9ccb-aff6007f0260/element/00000000-0000-00a1-0000-00dc00000007/clear[39m {"id":"00000000-0000-00a1-0000-00dc00000007"}
[38;5;20m[578d2cad][0m[38;5;86m[HTTP][0m <-- POST /wd/hub/session/578d2cad-36fa-4305-9ccb-aff6007f0260/element/00000000-0000-00a1-0000-00dc00000007/clear 200 12 ms - 14 
[38;5;20m[578d2cad][0m[38;5;86m[HTTP][0m [37m-->[39m [37mPOST[39m [37m/wd/hub/session/578d2cad-36fa-4305-9ccb-aff6007f0260/element/00000000-0000-00a1-0000-00dc00000007/click[39m {"id":"00000000-0000-00a1-0000-00dc00000007"}
[38;5;20m[578d2cad][0m[38;5;86m[HTTP][0m <-- POST /wd/hub/session/578d2cad-36fa-4305-9ccb-aff6007f0260/element/00000000-0000-00a1-0000-00dc00000007/click 200 40 ms - 14 
[38;5;20m[578d2cad][0m[38;5;86m[HTTP][0m [37m-->[39m [37mPOST[39m [37m/wd/hub/session/578d2cad-36fa-4305-9ccb-aff6007f0260/element/00000000-0000-00a1-0000-00dc00000007/value[39m {"text":"0225109tm@wg.com","value":["0","2","2","5","1","0","9","t","m","@","w","g",".","c","o","m"],"id":"00000000-0000-00a1-0000-00dc00000007"}
[38;5;20m[578d2cad][0m[38;5;86m[HTTP][0m <-- POST /wd/hub/session/578d2cad-36fa-4305-9ccb-aff6007f0260/element/00000000-0000-00a1-0000-00dc00000007/value 200 41 ms - 14 
[38;5;20m[578d2cad][0m[38;5;86m[HTTP][0m [37m-->[39m [37mGET[39m [37m/wd/hub/session/578d2cad-36fa-4305-9ccb-aff6007f0260/context[39m {}
[38;5;20m[578d2cad][0m[38;5;86m[HTTP][0m <-- GET /wd/hub/session/578d2cad-36fa-4305-9ccb-aff6007f0260/context 200 0 ms - 22 
[38;5;20m[578d2cad][0m[38;5;86m[HTTP][0m [37m-->[39m [37mGET[39m [37m/wd/hub/session/578d2cad-36fa-4305-9ccb-aff6007f0260/contexts[39m {}
[38;5;20m[578d2cad][0m[38;5;86m[HTTP][0m <-- GET /wd/hub/session/578d2cad-36fa-4305-9ccb-aff6007f0260/contexts 200 149 ms - 41 
[38;5;20m[578d2cad][0m[38;5;86m[HTTP][0m [37m-->[39m [37mPOST[39m [37m/wd/hub/session/578d2cad-36fa-4305-9ccb-aff6007f0260/context[39m {"name":"NATIVE_APP"}
[38;5;20m[578d2cad][0m[38;5;86m[HTTP][0m <-- POST /wd/hub/session/578d2cad-36fa-4305-9ccb-aff6007f0260/context 200 0 ms - 14 
[38;5;20m[578d2cad][0m[38;5;86m[HTTP][0m [37m-->[39m [37mPOST[39m [37m/wd/hub/session/578d2cad-36fa-4305-9ccb-aff6007f0260/execute/sync[39m {"script":"mobile: hideKeyboard","args":[]}
[38;5;20m[578d2cad][0m[38;5;86m[HTTP][0m <-- POST /wd/hub/session/578d2cad-36fa-4305-9ccb-aff6007f0260/execute/sync 200 2639 ms - 14 
[38;5;20m[578d2cad][0m[38;5;86m[HTTP][0m [37m-->[39m [37mPOST[39m [37m/wd/hub/session/578d2cad-36fa-4305-9ccb-aff6007f0260/context[39m {"name":"NATIVE_APP"}
[38;5;20m[578d2cad][0m[38;5;86m[HTTP][0m <-- POST /wd/hub/session/578d2cad-36fa-4305-9ccb-aff6007f0260/context 200 0 ms - 14 
[38;5;20m[578d2cad][0m[38;5;86m[HTTP][0m [37m-->[39m [37mPOST[39m [37m/wd/hub/session/578d2cad-36fa-4305-9ccb-aff6007f0260/timeouts[39m {"implicit":50}
[38;5;20m[578d2cad][0m[38;5;86m[HTTP][0m <-- POST /wd/hub/session/578d2cad-36fa-4305-9ccb-aff6007f0260/timeouts 200 2 ms - 14 
[38;5;20m[578d2cad][0m[38;5;86m[HTTP][0m [37m-->[39m [37mGET[39m [37m/wd/hub/session/578d2cad-36fa-4305-9ccb-aff6007f0260/window/rect[39m {}
[38;5;20m[578d2cad][0m[38;5;86m[HTTP][0m <-- GET /wd/hub/session/578d2cad-36fa-4305-9ccb-aff6007f0260/window/rect 200 12 ms - 50 
[38;5;20m[578d2cad][0m[38;5;86m[HTTP][0m [37m-->[39m [37mPOST[39m [37m/wd/hub/session/578d2cad-36fa-4305-9ccb-aff6007f0260/elements[39m {"using":"xpath","value":"//*[@class = 'android.widget.Button' and (@text = 'Next' or . = 'Next')]"}
[38;5;20m[578d2cad][0m[38;5;86m[HTTP][0m <-- POST /wd/hub/session/578d2cad-36fa-4305-9ccb-aff6007f0260/elements 200 88 ms - 139 
[38;5;20m[578d2cad][0m[38;5;86m[HTTP][0m [37m-->[39m [37mGET[39m [37m/wd/hub/session/578d2cad-36fa-4305-9ccb-aff6007f0260/element/00000000-0000-00a1-0000-00e300000007/rect[39m {}
[38;5;20m[578d2cad][0m[38;5;-19m[AndroidUiautomator2Driver@32cd][0m Driver proxy active, passing request on via HTTP proxy
[38;5;20m[578d2cad][0m[38;5;-19m[AndroidUiautomator2Driver@32cd][0m Replacing sessionId 992510d1-77fc-457a-b1d8-341891ba274f with 578d2cad-36fa-4305-9ccb-aff6007f0260
[38;5;20m[578d2cad][0m[38;5;86m[HTTP][0m <-- GET /wd/hub/session/578d2cad-36fa-4305-9ccb-aff6007f0260/element/00000000-0000-00a1-0000-00e300000007/rect 200 10 ms - 103 
[38;5;20m[578d2cad][0m[38;5;86m[HTTP][0m [37m-->[39m [37mPOST[39m [37m/wd/hub/session/578d2cad-36fa-4305-9ccb-aff6007f0260/timeouts[39m {"implicit":30000}
[38;5;20m[578d2cad][0m[38;5;86m[HTTP][0m <-- POST /wd/hub/session/578d2cad-36fa-4305-9ccb-aff6007f0260/timeouts 200 0 ms - 14 
[38;5;20m[578d2cad][0m[38;5;86m[HTTP][0m [37m-->[39m [37mPOST[39m [37m/wd/hub/session/578d2cad-36fa-4305-9ccb-aff6007f0260/element/00000000-0000-00a1-0000-00e300000007/click[39m {"id":"00000000-0000-00a1-0000-00e300000007"}
[38;5;20m[578d2cad][0m[38;5;86m[HTTP][0m <-- POST /wd/hub/session/578d2cad-36fa-4305-9ccb-aff6007f0260/element/00000000-0000-00a1-0000-00e300000007/click 200 40 ms - 14 
[38;5;20m[578d2cad][0m[38;5;86m[HTTP][0m [37m-->[39m [37mPOST[39m [37m/wd/hub/session/578d2cad-36fa-4305-9ccb-aff6007f0260/timeouts[39m {"implicit":50}
[38;5;20m[578d2cad][0m[38;5;86m[HTTP][0m <-- POST /wd/hub/session/578d2cad-36fa-4305-9ccb-aff6007f0260/timeouts 200 1 ms - 14 
[38;5;20m[578d2cad][0m[38;5;86m[HTTP][0m [37m-->[39m [37mGET[39m [37m/wd/hub/session/578d2cad-36fa-4305-9ccb-aff6007f0260/window/rect[39m {}
[38;5;20m[578d2cad][0m[38;5;86m[HTTP][0m <-- GET /wd/hub/session/578d2cad-36fa-4305-9ccb-aff6007f0260/window/rect 500 2 ms - 1149 
[38;5;20m[578d2cad][0m[38;5;86m[HTTP][0m [37m-->[39m [37mPOST[39m [37m/wd/hub/session/578d2cad-36fa-4305-9ccb-aff6007f0260/timeouts[39m {"implicit":30000}
[38;5;20m[578d2cad][0m[38;5;86m[HTTP][0m <-- POST /wd/hub/session/578d2cad-36fa-4305-9ccb-aff6007f0260/timeouts 200 0 ms - 14 
[38;5;20m[578d2cad][0m[38;5;86m[HTTP][0m [37m-->[39m [37mGET[39m [37m/wd/hub/session/578d2cad-36fa-4305-9ccb-aff6007f0260/context[39m {}
[38;5;20m[578d2cad][0m[38;5;86m[HTTP][0m <-- GET /wd/hub/session/578d2cad-36fa-4305-9ccb-aff6007f0260/context 200 0 ms - 22 
[38;5;20m[578d2cad][0m[38;5;86m[HTTP][0m [37m-->[39m [37mGET[39m [37m/wd/hub/session/578d2cad-36fa-4305-9ccb-aff6007f0260/contexts[39m {}
[38;5;20m[578d2cad][0m[38;5;86m[HTTP][0m <-- GET /wd/hub/session/578d2cad-36fa-4305-9ccb-aff6007f0260/contexts 500 52 ms - 958 
[38;5;20m[578d2cad][0m[38;5;86m[HTTP][0m [37m-->[39m [37mGET[39m [37m/wd/hub/session/578d2cad-36fa-4305-9ccb-aff6007f0260/screenshot[39m {}
[38;5;20m[578d2cad][0m[38;5;86m[HTTP][0m <-- GET /wd/hub/session/578d2cad-36fa-4305-9ccb-aff6007f0260/screenshot 500 0 ms - 986 
[38;5;20m[578d2cad][0m[38;5;86m[HTTP][0m [37m-->[39m [37mPOST[39m [37m/wd/hub/session/578d2cad-36fa-4305-9ccb-aff6007f0260/context[39m {"name":"NATIVE_APP"}
[38;5;20m[578d2cad][0m[38;5;86m[HTTP][0m <-- POST /wd/hub/session/578d2cad-36fa-4305-9ccb-aff6007f0260/context 200 1 ms - 14 
[38;5;86m[HTTP][0m [37m-->[39m [37mGET[39m [37m/wd/hub/status[39m {}
[38;5;86m[HTTP][0m <-- GET /wd/hub/status 200 1 ms - 200 
[38;5;86m[HTTP][0m [37m-->[39m [37mPOST[39m [37m/wd/hub/session[39m {"capabilities":{"firstMatch":[{"appium:app":"/Users/gv.vignesh/Downloads/WGR-Android-Automation/App Folder/universal.apk","appium:autoGrantPermissions":true,"appium:automationName":"uiautomator2","appium:deviceId":"","appium:deviceName":"emulator-5554 (sdk_gphone64_arm64 - Android 16)","appium:fullReset":true,"appium:newCommandTimeout":1800,"appium:noReset":false,"appium:platformName":"ANDROID","appium:platformVersion":"16","appium:systemPort":60862,"appium:udid":"emulator-5554","platformName":"ANDROID"}]},"desiredCapabilities":{"appium:app":"/Users/gv.vignesh/Downloads/WGR-Android-Automation/App Folder/universal.apk","appium:autoGrantPermissions":true,"appium:automationName":"uiautomator2","appium:deviceId":"","appium:deviceName":"emulator-5554 (sdk_gphone64_arm64 - Android 16)","appium:fullReset":true,"appium:newCommandTimeout":1800,"appium:noReset":false,"appium:platformName":"ANDROID","appium:platformVersion":"16","appium:systemPort":60862,"appium:udid":"emulator-5554"}}
[38;5;123m[BaseDriver][0m Ignoring capability 'appium:platformName=ANDROID' and using capability 'platformName=ANDROID'
[38;5;123m[BaseDriver][0m The capabilities ["platformName"] are standard capabilities and do not require "appium:" prefix
[38;5;112m[Appium][0m Attempting to find matching driver for automationName 'uiautomator2' and platformName 'ANDROID'
[38;5;112m[Appium][0m The 'uiautomator2' driver was installed and matched caps.
[38;5;112m[Appium][0m Will require it at /Users/gv.vignesh/.appium/node_modules/appium-uiautomator2-driver
[38;5;157m[AppiumDriver@518a][0m Appium v2.17.1 creating new AndroidUiautomator2Driver (v4.1.5) session
[38;5;157m[AppiumDriver@518a][0m Checking BaseDriver versions for Appium and AndroidUiautomator2Driver
[38;5;157m[AppiumDriver@518a][0m Appium's BaseDriver version is 9.16.4
[38;5;157m[AppiumDriver@518a][0m AndroidUiautomator2Driver's BaseDriver version is 9.16.4
[38;5;-181m[AndroidUiautomator2Driver@81f7][0m The following provided capabilities were not recognized by this driver:
[38;5;-181m[AndroidUiautomator2Driver@81f7][0m   deviceId
[38;5;97m[66dcfefe][0m[38;5;-181m[AndroidUiautomator2Driver@81f7][0m Session created with session id: 66dcfefe-ac1f-4b4d-9267-e01045369891
[38;5;97m[66dcfefe][0m[38;5;229m[ADB][0m Using 'adb' from '/Users/gv.vignesh/.katalon/tools/android_sdk/platform-tools/adb'
[38;5;97m[66dcfefe][0m[38;5;-181m[AndroidUiautomator2Driver@81f7][0m Retrieving device list
[38;5;97m[66dcfefe][0m[38;5;-181m[AndroidUiautomator2Driver@81f7][0m Using device: emulator-5554
[38;5;97m[66dcfefe][0m[38;5;229m[ADB][0m Using 'adb' from '/Users/gv.vignesh/.katalon/tools/android_sdk/platform-tools/adb'
[38;5;97m[66dcfefe][0m[38;5;123m[BaseDriver][0m Using local app '/Users/gv.vignesh/Downloads/WGR-Android-Automation/App Folder/universal.apk'
[38;5;97m[66dcfefe][0m[38;5;229m[ADB][0m Getting device platform version
[38;5;97m[66dcfefe][0m[38;5;-181m[AndroidUiautomator2Driver@81f7][0m Relaxing hidden api policy
[38;5;97m[66dcfefe][0m[38;5;229m[ADB][0m Using 'aapt2' from '/Users/gv.vignesh/.katalon/tools/android_sdk/build-tools/29.0.3/aapt2'
[38;5;97m[66dcfefe][0m[38;5;229m[ADB][0m Package name: 'com.westgate.rewrite2'
[38;5;97m[66dcfefe][0m[38;5;229m[ADB][0m Main activity name: 'com.westgate.rewrite2.MainActivity'
[38;5;97m[66dcfefe][0m[38;5;-181m[AndroidUiautomator2Driver@81f7][0m Restoring hidden api policy to the device default configuration
[38;5;97m[66dcfefe][0m[38;5;229m[ADB][0m The application at '/Users/gv.vignesh/.appium/node_modules/appium-uiautomator2-driver/node_modules/io.appium.settings/apks/settings_apk-debug.apk' will not be cached, because the device under test has confirmed the support of streamed installs
[38;5;97m[66dcfefe][0m[38;5;86m[HTTP][0m <-- POST /wd/hub/session 500 4541 ms - 1372 
[38;5;86m[HTTP][0m [37m-->[39m [37mGET[39m [37m/wd/hub/status[39m {}
[38;5;86m[HTTP][0m <-- GET /wd/hub/status 200 0 ms - 200 
[38;5;86m[HTTP][0m [37m-->[39m [37mPOST[39m [37m/wd/hub/session[39m {"capabilities":{"firstMatch":[{"appium:app":"/Users/gv.vignesh/Downloads/WGR-Android-Automation/App Folder/universal.apk","appium:autoGrantPermissions":true,"appium:automationName":"uiautomator2","appium:deviceId":"","appium:deviceName":"emulator-5554 (sdk_gphone64_arm64 - Android 16)","appium:fullReset":true,"appium:newCommandTimeout":1800,"appium:noReset":false,"appium:platformName":"ANDROID","appium:platformVersion":"16","appium:systemPort":60979,"appium:udid":"emulator-5554","platformName":"ANDROID"}]},"desiredCapabilities":{"appium:app":"/Users/gv.vignesh/Downloads/WGR-Android-Automation/App Folder/universal.apk","appium:autoGrantPermissions":true,"appium:automationName":"uiautomator2","appium:deviceId":"","appium:deviceName":"emulator-5554 (sdk_gphone64_arm64 - Android 16)","appium:fullReset":true,"appium:newCommandTimeout":1800,"appium:noReset":false,"appium:platformName":"ANDROID","appium:platformVersion":"16","appium:systemPort":60979,"appium:udid":"emulator-5554"}}
[38;5;123m[BaseDriver][0m Ignoring capability 'appium:platformName=ANDROID' and using capability 'platformName=ANDROID'
[38;5;123m[BaseDriver][0m The capabilities ["platformName"] are standard capabilities and do not require "appium:" prefix
[38;5;112m[Appium][0m Attempting to find matching driver for automationName 'uiautomator2' and platformName 'ANDROID'
[38;5;112m[Appium][0m The 'uiautomator2' driver was installed and matched caps.
[38;5;112m[Appium][0m Will require it at /Users/gv.vignesh/.appium/node_modules/appium-uiautomator2-driver
[38;5;157m[AppiumDriver@518a][0m Appium v2.17.1 creating new AndroidUiautomator2Driver (v4.1.5) session
[38;5;157m[AppiumDriver@518a][0m Checking BaseDriver versions for Appium and AndroidUiautomator2Driver
[38;5;157m[AppiumDriver@518a][0m Appium's BaseDriver version is 9.16.4
[38;5;157m[AppiumDriver@518a][0m AndroidUiautomator2Driver's BaseDriver version is 9.16.4
[38;5;-40m[AndroidUiautomator2Driver@6119][0m The following provided capabilities were not recognized by this driver:
[38;5;-40m[AndroidUiautomator2Driver@6119][0m   deviceId
[38;5;198m[9132061b][0m[38;5;-40m[AndroidUiautomator2Driver@6119][0m Session created with session id: 9132061b-b883-4328-8e3e-75f793f00c06
[38;5;198m[9132061b][0m[38;5;229m[ADB][0m Using 'adb' from '/Users/gv.vignesh/.katalon/tools/android_sdk/platform-tools/adb'
[38;5;198m[9132061b][0m[38;5;-40m[AndroidUiautomator2Driver@6119][0m Retrieving device list
[38;5;198m[9132061b][0m[38;5;-40m[AndroidUiautomator2Driver@6119][0m Using device: emulator-5554
[38;5;198m[9132061b][0m[38;5;229m[ADB][0m Using 'adb' from '/Users/gv.vignesh/.katalon/tools/android_sdk/platform-tools/adb'
[38;5;198m[9132061b][0m[38;5;123m[BaseDriver][0m Using local app '/Users/gv.vignesh/Downloads/WGR-Android-Automation/App Folder/universal.apk'
[38;5;198m[9132061b][0m[38;5;229m[ADB][0m Getting device platform version
[38;5;198m[9132061b][0m[38;5;-40m[AndroidUiautomator2Driver@6119][0m Relaxing hidden api policy
[38;5;198m[9132061b][0m[38;5;229m[ADB][0m Using 'aapt2' from '/Users/gv.vignesh/.katalon/tools/android_sdk/build-tools/29.0.3/aapt2'
[38;5;198m[9132061b][0m[38;5;229m[ADB][0m Package name: 'com.westgate.rewrite2'
[38;5;198m[9132061b][0m[38;5;229m[ADB][0m Main activity name: 'com.westgate.rewrite2.MainActivity'
[38;5;198m[9132061b][0m[38;5;-40m[AndroidUiautomator2Driver@6119][0m Restoring hidden api policy to the device default configuration
[38;5;198m[9132061b][0m[38;5;229m[ADB][0m The application at '/Users/gv.vignesh/.appium/node_modules/appium-uiautomator2-driver/node_modules/io.appium.settings/apks/settings_apk-debug.apk' will not be cached, because the device under test has confirmed the support of streamed installs
[38;5;198m[9132061b][0m[38;5;86m[HTTP][0m <-- POST /wd/hub/session 500 511 ms - 1372 
[38;5;86m[HTTP][0m [37m-->[39m [37mGET[39m [37m/wd/hub/status[39m {}
[38;5;86m[HTTP][0m <-- GET /wd/hub/status 200 0 ms - 200 
[38;5;86m[HTTP][0m [37m-->[39m [37mPOST[39m [37m/wd/hub/session[39m {"capabilities":{"firstMatch":[{"appium:app":"/Users/gv.vignesh/Downloads/WGR-Android-Automation/App Folder/universal.apk","appium:autoGrantPermissions":true,"appium:automationName":"uiautomator2","appium:deviceId":"","appium:deviceName":"emulator-5554 (sdk_gphone64_arm64 - Android 16)","appium:fullReset":true,"appium:newCommandTimeout":1800,"appium:noReset":false,"appium:platformName":"ANDROID","appium:platformVersion":"16","appium:systemPort":61017,"appium:udid":"emulator-5554","platformName":"ANDROID"}]},"desiredCapabilities":{"appium:app":"/Users/gv.vignesh/Downloads/WGR-Android-Automation/App Folder/universal.apk","appium:autoGrantPermissions":true,"appium:automationName":"uiautomator2","appium:deviceId":"","appium:deviceName":"emulator-5554 (sdk_gphone64_arm64 - Android 16)","appium:fullReset":true,"appium:newCommandTimeout":1800,"appium:noReset":false,"appium:platformName":"ANDROID","appium:platformVersion":"16","appium:systemPort":61017,"appium:udid":"emulator-5554"}}
[38;5;123m[BaseDriver][0m Ignoring capability 'appium:platformName=ANDROID' and using capability 'platformName=ANDROID'
[38;5;123m[BaseDriver][0m The capabilities ["platformName"] are standard capabilities and do not require "appium:" prefix
[38;5;112m[Appium][0m Attempting to find matching driver for automationName 'uiautomator2' and platformName 'ANDROID'
[38;5;112m[Appium][0m The 'uiautomator2' driver was installed and matched caps.
[38;5;112m[Appium][0m Will require it at /Users/gv.vignesh/.appium/node_modules/appium-uiautomator2-driver
[38;5;157m[AppiumDriver@518a][0m Appium v2.17.1 creating new AndroidUiautomator2Driver (v4.1.5) session
[38;5;157m[AppiumDriver@518a][0m Checking BaseDriver versions for Appium and AndroidUiautomator2Driver
[38;5;157m[AppiumDriver@518a][0m Appium's BaseDriver version is 9.16.4
[38;5;157m[AppiumDriver@518a][0m AndroidUiautomator2Driver's BaseDriver version is 9.16.4
[38;5;-2m[AndroidUiautomator2Driver@8421][0m The following provided capabilities were not recognized by this driver:
[38;5;-2m[AndroidUiautomator2Driver@8421][0m   deviceId
[38;5;108m[e371237d][0m[38;5;-2m[AndroidUiautomator2Driver@8421][0m Session created with session id: e371237d-e06b-4224-8c6a-0245ef5b7fa6
[38;5;108m[e371237d][0m[38;5;229m[ADB][0m Using 'adb' from '/Users/gv.vignesh/.katalon/tools/android_sdk/platform-tools/adb'
[38;5;108m[e371237d][0m[38;5;-2m[AndroidUiautomator2Driver@8421][0m Retrieving device list
[38;5;108m[e371237d][0m[38;5;-2m[AndroidUiautomator2Driver@8421][0m Using device: emulator-5554
[38;5;108m[e371237d][0m[38;5;229m[ADB][0m Using 'adb' from '/Users/gv.vignesh/.katalon/tools/android_sdk/platform-tools/adb'
[38;5;108m[e371237d][0m[38;5;123m[BaseDriver][0m Using local app '/Users/gv.vignesh/Downloads/WGR-Android-Automation/App Folder/universal.apk'
[38;5;108m[e371237d][0m[38;5;229m[ADB][0m Getting device platform version
[38;5;108m[e371237d][0m[38;5;-2m[AndroidUiautomator2Driver@8421][0m Relaxing hidden api policy
[38;5;108m[e371237d][0m[38;5;229m[ADB][0m Using 'aapt2' from '/Users/gv.vignesh/.katalon/tools/android_sdk/build-tools/29.0.3/aapt2'
[38;5;108m[e371237d][0m[38;5;229m[ADB][0m Package name: 'com.westgate.rewrite2'
[38;5;108m[e371237d][0m[38;5;229m[ADB][0m Main activity name: 'com.westgate.rewrite2.MainActivity'
[38;5;108m[e371237d][0m[38;5;-2m[AndroidUiautomator2Driver@8421][0m Restoring hidden api policy to the device default configuration
[38;5;108m[e371237d][0m[38;5;86m[HTTP][0m <-- POST /wd/hub/session 500 471 ms - 1372 
[38;5;108m[e371237d][0m[38;5;229m[ADB][0m The application at '/Users/gv.vignesh/.appium/node_modules/appium-uiautomator2-driver/node_modules/io.appium.settings/apks/settings_apk-debug.apk' will not be cached, because the device under test has confirmed the support of streamed installs
[38;5;86m[HTTP][0m [37m-->[39m [37mGET[39m [37m/wd/hub/status[39m {}
[38;5;86m[HTTP][0m <-- GET /wd/hub/status 200 0 ms - 200 
[38;5;86m[HTTP][0m [37m-->[39m [37mPOST[39m [37m/wd/hub/session[39m {"capabilities":{"firstMatch":[{"appium:app":"/Users/gv.vignesh/Downloads/WGR-Android-Automation/App Folder/universal.apk","appium:autoGrantPermissions":true,"appium:automationName":"uiautomator2","appium:deviceId":"","appium:deviceName":"emulator-5554 (sdk_gphone64_arm64 - Android 16)","appium:fullReset":true,"appium:newCommandTimeout":1800,"appium:noReset":false,"appium:platformName":"ANDROID","appium:platformVersion":"16","appium:systemPort":61049,"appium:udid":"emulator-5554","platformName":"ANDROID"}]},"desiredCapabilities":{"appium:app":"/Users/gv.vignesh/Downloads/WGR-Android-Automation/App Folder/universal.apk","appium:autoGrantPermissions":true,"appium:automationName":"uiautomator2","appium:deviceId":"","appium:deviceName":"emulator-5554 (sdk_gphone64_arm64 - Android 16)","appium:fullReset":true,"appium:newCommandTimeout":1800,"appium:noReset":false,"appium:platformName":"ANDROID","appium:platformVersion":"16","appium:systemPort":61049,"appium:udid":"emulator-5554"}}
[38;5;123m[BaseDriver][0m Ignoring capability 'appium:platformName=ANDROID' and using capability 'platformName=ANDROID'
[38;5;123m[BaseDriver][0m The capabilities ["platformName"] are standard capabilities and do not require "appium:" prefix
[38;5;112m[Appium][0m Attempting to find matching driver for automationName 'uiautomator2' and platformName 'ANDROID'
[38;5;112m[Appium][0m The 'uiautomator2' driver was installed and matched caps.
[38;5;112m[Appium][0m Will require it at /Users/gv.vignesh/.appium/node_modules/appium-uiautomator2-driver
[38;5;157m[AppiumDriver@518a][0m Appium v2.17.1 creating new AndroidUiautomator2Driver (v4.1.5) session
[38;5;157m[AppiumDriver@518a][0m Checking BaseDriver versions for Appium and AndroidUiautomator2Driver
[38;5;157m[AppiumDriver@518a][0m Appium's BaseDriver version is 9.16.4
[38;5;157m[AppiumDriver@518a][0m AndroidUiautomator2Driver's BaseDriver version is 9.16.4
[38;5;-43m[AndroidUiautomator2Driver@e6a2][0m The following provided capabilities were not recognized by this driver:
[38;5;-43m[AndroidUiautomator2Driver@e6a2][0m   deviceId
[38;5;197m[0496ec4b][0m[38;5;-43m[AndroidUiautomator2Driver@e6a2][0m Session created with session id: 0496ec4b-7839-4a21-8d85-e44c5e9eee2b
[38;5;197m[0496ec4b][0m[38;5;229m[ADB][0m Using 'adb' from '/Users/gv.vignesh/.katalon/tools/android_sdk/platform-tools/adb'
[38;5;197m[0496ec4b][0m[38;5;-43m[AndroidUiautomator2Driver@e6a2][0m Retrieving device list
[38;5;197m[0496ec4b][0m[38;5;-43m[AndroidUiautomator2Driver@e6a2][0m Using device: emulator-5554
[38;5;197m[0496ec4b][0m[38;5;229m[ADB][0m Using 'adb' from '/Users/gv.vignesh/.katalon/tools/android_sdk/platform-tools/adb'
[38;5;197m[0496ec4b][0m[38;5;123m[BaseDriver][0m Using local app '/Users/gv.vignesh/Downloads/WGR-Android-Automation/App Folder/universal.apk'
[38;5;197m[0496ec4b][0m[38;5;229m[ADB][0m Getting device platform version
[38;5;197m[0496ec4b][0m[38;5;-43m[AndroidUiautomator2Driver@e6a2][0m Relaxing hidden api policy
[38;5;197m[0496ec4b][0m[38;5;229m[ADB][0m Using 'aapt2' from '/Users/gv.vignesh/.katalon/tools/android_sdk/build-tools/29.0.3/aapt2'
[38;5;197m[0496ec4b][0m[38;5;229m[ADB][0m Package name: 'com.westgate.rewrite2'
[38;5;197m[0496ec4b][0m[38;5;229m[ADB][0m Main activity name: 'com.westgate.rewrite2.MainActivity'
[38;5;197m[0496ec4b][0m[38;5;-43m[AndroidUiautomator2Driver@e6a2][0m Restoring hidden api policy to the device default configuration
[38;5;197m[0496ec4b][0m[38;5;229m[ADB][0m The application at '/Users/gv.vignesh/.appium/node_modules/appium-uiautomator2-driver/node_modules/io.appium.settings/apks/settings_apk-debug.apk' will not be cached, because the device under test has confirmed the support of streamed installs
[38;5;197m[0496ec4b][0m[38;5;86m[HTTP][0m <-- POST /wd/hub/session 500 621 ms - 1372 
[38;5;86m[HTTP][0m [37m-->[39m [37mGET[39m [37m/wd/hub/status[39m {}
[38;5;86m[HTTP][0m <-- GET /wd/hub/status 200 0 ms - 200 
[38;5;86m[HTTP][0m [37m-->[39m [37mPOST[39m [37m/wd/hub/session[39m {"capabilities":{"firstMatch":[{"appium:app":"/Users/gv.vignesh/Downloads/WGR-Android-Automation/App Folder/universal.apk","appium:autoGrantPermissions":true,"appium:automationName":"uiautomator2","appium:deviceId":"","appium:deviceName":"emulator-5554 (sdk_gphone64_arm64 - Android 16)","appium:fullReset":true,"appium:newCommandTimeout":1800,"appium:noReset":false,"appium:platformName":"ANDROID","appium:platformVersion":"16","appium:systemPort":61091,"appium:udid":"emulator-5554","platformName":"ANDROID"}]},"desiredCapabilities":{"appium:app":"/Users/gv.vignesh/Downloads/WGR-Android-Automation/App Folder/universal.apk","appium:autoGrantPermissions":true,"appium:automationName":"uiautomator2","appium:deviceId":"","appium:deviceName":"emulator-5554 (sdk_gphone64_arm64 - Android 16)","appium:fullReset":true,"appium:newCommandTimeout":1800,"appium:noReset":false,"appium:platformName":"ANDROID","appium:platformVersion":"16","appium:systemPort":61091,"appium:udid":"emulator-5554"}}
[38;5;123m[BaseDriver][0m Ignoring capability 'appium:platformName=ANDROID' and using capability 'platformName=ANDROID'
[38;5;123m[BaseDriver][0m The capabilities ["platformName"] are standard capabilities and do not require "appium:" prefix
[38;5;112m[Appium][0m Attempting to find matching driver for automationName 'uiautomator2' and platformName 'ANDROID'
[38;5;112m[Appium][0m The 'uiautomator2' driver was installed and matched caps.
[38;5;112m[Appium][0m Will require it at /Users/gv.vignesh/.appium/node_modules/appium-uiautomator2-driver
[38;5;157m[AppiumDriver@518a][0m Appium v2.17.1 creating new AndroidUiautomator2Driver (v4.1.5) session
[38;5;157m[AppiumDriver@518a][0m Checking BaseDriver versions for Appium and AndroidUiautomator2Driver
[38;5;157m[AppiumDriver@518a][0m Appium's BaseDriver version is 9.16.4
[38;5;157m[AppiumDriver@518a][0m AndroidUiautomator2Driver's BaseDriver version is 9.16.4
[38;5;-157m[AndroidUiautomator2Driver@0a0a][0m The following provided capabilities were not recognized by this driver:
[38;5;-157m[AndroidUiautomator2Driver@0a0a][0m   deviceId
[38;5;73m[e033a64a][0m[38;5;-157m[AndroidUiautomator2Driver@0a0a][0m Session created with session id: e033a64a-59e2-4f47-a6f9-747d99b3b1b1
[38;5;73m[e033a64a][0m[38;5;229m[ADB][0m Using 'adb' from '/Users/gv.vignesh/.katalon/tools/android_sdk/platform-tools/adb'
[38;5;73m[e033a64a][0m[38;5;-157m[AndroidUiautomator2Driver@0a0a][0m Retrieving device list
[38;5;73m[e033a64a][0m[38;5;-157m[AndroidUiautomator2Driver@0a0a][0m Using device: emulator-5554
[38;5;73m[e033a64a][0m[38;5;229m[ADB][0m Using 'adb' from '/Users/gv.vignesh/.katalon/tools/android_sdk/platform-tools/adb'
[38;5;73m[e033a64a][0m[38;5;123m[BaseDriver][0m Using local app '/Users/gv.vignesh/Downloads/WGR-Android-Automation/App Folder/universal.apk'
[38;5;73m[e033a64a][0m[38;5;229m[ADB][0m Getting device platform version
[38;5;73m[e033a64a][0m[38;5;-157m[AndroidUiautomator2Driver@0a0a][0m Relaxing hidden api policy
[38;5;73m[e033a64a][0m[38;5;229m[ADB][0m Using 'aapt2' from '/Users/gv.vignesh/.katalon/tools/android_sdk/build-tools/29.0.3/aapt2'
[38;5;73m[e033a64a][0m[38;5;229m[ADB][0m Package name: 'com.westgate.rewrite2'
[38;5;73m[e033a64a][0m[38;5;229m[ADB][0m Main activity name: 'com.westgate.rewrite2.MainActivity'
[38;5;73m[e033a64a][0m[38;5;-157m[AndroidUiautomator2Driver@0a0a][0m Restoring hidden api policy to the device default configuration
[38;5;73m[e033a64a][0m[38;5;86m[HTTP][0m <-- POST /wd/hub/session 500 888 ms - 1568 
[38;5;86m[HTTP][0m [37m-->[39m [37mGET[39m [37m/wd/hub/status[39m {}
[38;5;86m[HTTP][0m <-- GET /wd/hub/status 200 1 ms - 200 
[38;5;86m[HTTP][0m [37m-->[39m [37mPOST[39m [37m/wd/hub/session[39m {"capabilities":{"firstMatch":[{"appium:app":"/Users/gv.vignesh/Downloads/WGR-Android-Automation/App Folder/universal.apk","appium:autoGrantPermissions":true,"appium:automationName":"uiautomator2","appium:deviceId":"","appium:deviceName":"emulator-5554 (sdk_gphone64_arm64 - Android 16)","appium:fullReset":true,"appium:newCommandTimeout":1800,"appium:noReset":false,"appium:platformName":"ANDROID","appium:platformVersion":"16","appium:systemPort":61138,"appium:udid":"emulator-5554","platformName":"ANDROID"}]},"desiredCapabilities":{"appium:app":"/Users/gv.vignesh/Downloads/WGR-Android-Automation/App Folder/universal.apk","appium:autoGrantPermissions":true,"appium:automationName":"uiautomator2","appium:deviceId":"","appium:deviceName":"emulator-5554 (sdk_gphone64_arm64 - Android 16)","appium:fullReset":true,"appium:newCommandTimeout":1800,"appium:noReset":false,"appium:platformName":"ANDROID","appium:platformVersion":"16","appium:systemPort":61138,"appium:udid":"emulator-5554"}}
[38;5;123m[BaseDriver][0m Ignoring capability 'appium:platformName=ANDROID' and using capability 'platformName=ANDROID'
[38;5;123m[BaseDriver][0m The capabilities ["platformName"] are standard capabilities and do not require "appium:" prefix
[38;5;112m[Appium][0m Attempting to find matching driver for automationName 'uiautomator2' and platformName 'ANDROID'
[38;5;112m[Appium][0m The 'uiautomator2' driver was installed and matched caps.
[38;5;112m[Appium][0m Will require it at /Users/gv.vignesh/.appium/node_modules/appium-uiautomator2-driver
[38;5;157m[AppiumDriver@518a][0m Appium v2.17.1 creating new AndroidUiautomator2Driver (v4.1.5) session
[38;5;157m[AppiumDriver@518a][0m Checking BaseDriver versions for Appium and AndroidUiautomator2Driver
[38;5;157m[AppiumDriver@518a][0m Appium's BaseDriver version is 9.16.4
[38;5;157m[AppiumDriver@518a][0m AndroidUiautomator2Driver's BaseDriver version is 9.16.4
[38;5;-87m[AndroidUiautomator2Driver@8b37][0m The following provided capabilities were not recognized by this driver:
[38;5;-87m[AndroidUiautomator2Driver@8b37][0m   deviceId
[38;5;177m[6460d9e3][0m[38;5;-87m[AndroidUiautomator2Driver@8b37][0m Session created with session id: 6460d9e3-0646-4161-adf9-d9f45af56833
[38;5;177m[6460d9e3][0m[38;5;229m[ADB][0m Using 'adb' from '/Users/gv.vignesh/.katalon/tools/android_sdk/platform-tools/adb'
[38;5;177m[6460d9e3][0m[38;5;-87m[AndroidUiautomator2Driver@8b37][0m Retrieving device list
[38;5;177m[6460d9e3][0m[38;5;-87m[AndroidUiautomator2Driver@8b37][0m Using device: emulator-5554
[38;5;177m[6460d9e3][0m[38;5;229m[ADB][0m Using 'adb' from '/Users/gv.vignesh/.katalon/tools/android_sdk/platform-tools/adb'
[38;5;177m[6460d9e3][0m[38;5;123m[BaseDriver][0m Using local app '/Users/gv.vignesh/Downloads/WGR-Android-Automation/App Folder/universal.apk'
[38;5;177m[6460d9e3][0m[38;5;229m[ADB][0m Getting device platform version
[38;5;177m[6460d9e3][0m[38;5;-87m[AndroidUiautomator2Driver@8b37][0m Relaxing hidden api policy
[38;5;177m[6460d9e3][0m[38;5;229m[ADB][0m Using 'aapt2' from '/Users/gv.vignesh/.katalon/tools/android_sdk/build-tools/29.0.3/aapt2'
[38;5;177m[6460d9e3][0m[38;5;229m[ADB][0m Package name: 'com.westgate.rewrite2'
[38;5;177m[6460d9e3][0m[38;5;229m[ADB][0m Main activity name: 'com.westgate.rewrite2.MainActivity'
[38;5;177m[6460d9e3][0m[38;5;-87m[AndroidUiautomator2Driver@8b37][0m Restoring hidden api policy to the device default configuration
[38;5;177m[6460d9e3][0m[38;5;86m[HTTP][0m <-- POST /wd/hub/session 500 976 ms - 1568 
[38;5;198m[53bcdaee][0m[38;5;16m[AndroidUiautomator2Driver@be04][0m Shutting down because we waited 1800 seconds for a command
[38;5;198m[53bcdaee][0m[38;5;157m[AppiumDriver@518a][0m Ending session, cause was 'New Command Timeout of 1800 seconds expired. Try customizing the timeout using the 'newCommandTimeout' desired capability'
[38;5;198m[53bcdaee][0m[38;5;157m[AppiumDriver@518a][0m Removing session '53bcdaee-b57c-4c21-b645-605196878a25' from our master session list
[38;5;198m[53bcdaee][0m[38;5;16m[AndroidUiautomator2Driver@be04][0m Did not get the confirmation of UiAutomator2 server session deletion. Original error: An unknown server-side error occurred while processing the command. Original error: 'DELETE /' cannot be proxied to UiAutomator2 server because the instrumentation process is not running (probably crashed). Check the server log and/or the logcat output for more details
[38;5;198m[53bcdaee][0m[38;5;16m[AndroidUiautomator2Driver@be04][0m The UIA2 server did has not been terminated within 5000ms timeout. Continuing anyway
[38;5;198m[53bcdaee][0m[38;5;229m[ADB][0m com.westgate.rewrite2 was successfully uninstalled
[38;5;198m[53bcdaee][0m[38;5;16m[AndroidUiautomator2Driver@be04][0m Unable to remove system port forward: Error executing adbExec. Original error: 'Command '/Users/gv.vignesh/.katalon/tools/android_sdk/platform-tools/adb -P 5037 -s emulator-5554 forward --remove tcp\:60362' exited with code 1'; Command output: adb: error: listener 'tcp:60362' not found

[38;5;198m[53bcdaee][0m[38;5;16m[AndroidUiautomator2Driver@be04][0m Restoring hidden api policy to the device default configuration
[38;5;20m[578d2cad][0m[38;5;-19m[AndroidUiautomator2Driver@32cd][0m Shutting down because we waited 1800 seconds for a command
[38;5;20m[578d2cad][0m[38;5;157m[AppiumDriver@518a][0m Ending session, cause was 'New Command Timeout of 1800 seconds expired. Try customizing the timeout using the 'newCommandTimeout' desired capability'
[38;5;20m[578d2cad][0m[38;5;157m[AppiumDriver@518a][0m Removing session '578d2cad-36fa-4305-9ccb-aff6007f0260' from our master session list
[38;5;20m[578d2cad][0m[38;5;-19m[AndroidUiautomator2Driver@32cd][0m Did not get the confirmation of UiAutomator2 server session deletion. Original error: An unknown server-side error occurred while processing the command. Original error: 'DELETE /' cannot be proxied to UiAutomator2 server because the instrumentation process is not running (probably crashed). Check the server log and/or the logcat output for more details
[38;5;20m[578d2cad][0m[38;5;-19m[AndroidUiautomator2Driver@32cd][0m The UIA2 server did has not been terminated within 5000ms timeout. Continuing anyway
[38;5;20m[578d2cad][0m[38;5;229m[ADB][0m com.westgate.rewrite2 was successfully uninstalled
[38;5;20m[578d2cad][0m[38;5;-19m[AndroidUiautomator2Driver@32cd][0m Unable to remove system port forward: Error executing adbExec. Original error: 'Command '/Users/gv.vignesh/.katalon/tools/android_sdk/platform-tools/adb -P 5037 -s emulator-5554 forward --remove tcp\:60639' exited with code 1'; Command output: adb: error: listener 'tcp:60639' not found

[38;5;20m[578d2cad][0m[38;5;-19m[AndroidUiautomator2Driver@32cd][0m Restoring hidden api policy to the device default configuration
[38;5;112m[Appium][0m Received SIGTERM - shutting down
[38;5;86m[HTTP][0m Closing Appium HTTP server
[38;5;86m[HTTP][0m Appium HTTP server has been succesfully closed after 63ms
