[38;5;112m[Appium][0m Welcome to Appium v2.17.1 (REV 9b1efcd944408db0bd85f82fe4724ccae04a812f)
[38;5;112m[Appium][0m Non-default server args:
[38;5;112m[Appium][0m { basePath: [32m'/wd/hub'[39m, loglevel: [32m'info'[39m, port: [33m53242[39m }
[38;5;112m[Appium][0m Attempting to load driver uiautomator2...
[38;5;112m[Appium][0m Attempting to load driver mac2...
[38;5;112m[Appium][0m Attempting to load driver chromium...
[38;5;112m[Appium][0m Attempting to load driver espresso...
[38;5;112m[Appium][0m Appium REST http interface listener started on http://0.0.0.0:53242/wd/hub
[38;5;112m[Appium][0m You can provide the following URLs in your client code to connect to this server:
	http://127.0.0.1:53242/wd/hub (only accessible from the same host)
	http://192.168.0.105:53242/wd/hub
[38;5;112m[Appium][0m Available drivers:
[38;5;112m[Appium][0m   - uiautomator2@4.2.2 (automationName 'UiAutomator2')
[38;5;112m[Appium][0m   - mac2@2.2.2 (automationName 'Mac2')
[38;5;112m[Appium][0m   - chromium@1.5.1 (automationName 'Chromium')
[38;5;112m[Appium][0m   - espresso@4.1.4 (automationName 'Espresso')
[38;5;112m[Appium][0m No plugins have been installed. Use the "appium plugin" command to install the one(s) you want to use.
[38;5;86m[HTTP][0m [37m-->[39m [37mGET[39m [37m/wd/hub/status[39m {}
[38;5;86m[HTTP][0m <-- GET /wd/hub/status 200 5 ms - 200 
[38;5;86m[HTTP][0m [37m-->[39m [37mPOST[39m [37m/wd/hub/session[39m {"capabilities":{"firstMatch":[{"appium:app":"/Users/gv.vignesh/Downloads/WGR-Android-Automation/App Folder/app-debug-Version 2.99.68.apk","appium:autoGrantPermissions":true,"appium:automationName":"uiautomator2","appium:deviceId":"","appium:deviceName":"emulator-5554 (sdk_gphone64_arm64 - Android 16)","appium:fullReset":true,"appium:newCommandTimeout":1800,"appium:noReset":false,"appium:platformName":"ANDROID","appium:platformVersion":"16","appium:systemPort":53241,"appium:udid":"emulator-5554","appium:uiautomator2ServerInstallTimeout":0,"platformName":"ANDROID"}]},"desiredCapabilities":{"appium:app":"/Users/gv.vignesh/Downloads/WGR-Android-Automation/App Folder/app-debug-Version 2.99.68.apk","appium:autoGrantPermissions":true,"appium:automationName":"uiautomator2","appium:deviceId":"","appium:deviceName":"emulator-5554 (sdk_gphone64_arm64 - Android 16)","appium:fullReset":true,"appium:newCommandTimeout":1800,"appium:noReset":false,"appium:platformName":"ANDROID","appium:platformVersion":"16","appium:syst...
[38;5;123m[BaseDriver][0m Ignoring capability 'appium:platformName=ANDROID' and using capability 'platformName=ANDROID'
[38;5;123m[BaseDriver][0m The capabilities ["platformName"] are standard capabilities and do not require "appium:" prefix
[38;5;112m[Appium][0m Attempting to find matching driver for automationName 'uiautomator2' and platformName 'ANDROID'
[38;5;112m[Appium][0m The 'uiautomator2' driver was installed and matched caps.
[38;5;112m[Appium][0m Will require it at /Users/gv.vignesh/.appium/node_modules/appium-uiautomator2-driver
[38;5;100m[AppiumDriver@daaf][0m Appium v2.17.1 creating new AndroidUiautomator2Driver (v4.2.2) session
[38;5;100m[AppiumDriver@daaf][0m Checking BaseDriver versions for Appium and AndroidUiautomator2Driver
[38;5;100m[AppiumDriver@daaf][0m Appium's BaseDriver version is 9.16.4
[38;5;100m[AppiumDriver@daaf][0m AndroidUiautomator2Driver's BaseDriver version is 9.16.4
[38;5;-9m[AndroidUiautomator2Driver@421c][0m The following provided capabilities were not recognized by this driver:
[38;5;-9m[AndroidUiautomator2Driver@421c][0m   deviceId
[38;5;190m[f6d39c27][0m[38;5;-9m[AndroidUiautomator2Driver@421c][0m Session created with session id: f6d39c27-2c0e-4f2b-a2c5-264df2fb28d1
[38;5;190m[f6d39c27][0m[38;5;229m[ADB][0m Found 1 'build-tools' folders under '/Users/gv.vignesh/.katalon/tools/android_sdk' (newest first):
[38;5;190m[f6d39c27][0m[38;5;229m[ADB][0m     /Users/gv.vignesh/.katalon/tools/android_sdk/build-tools/29.0.3
[38;5;190m[f6d39c27][0m[38;5;229m[ADB][0m Using 'adb' from '/Users/gv.vignesh/.katalon/tools/android_sdk/platform-tools/adb'
[38;5;190m[f6d39c27][0m[38;5;-9m[AndroidUiautomator2Driver@421c][0m Retrieving device list
[38;5;190m[f6d39c27][0m[38;5;-9m[AndroidUiautomator2Driver@421c][0m Using device: emulator-5554
[38;5;190m[f6d39c27][0m[38;5;229m[ADB][0m Using 'adb' from '/Users/gv.vignesh/.katalon/tools/android_sdk/platform-tools/adb'
[38;5;190m[f6d39c27][0m[38;5;123m[BaseDriver][0m Using local app '/Users/gv.vignesh/Downloads/WGR-Android-Automation/App Folder/app-debug-Version 2.99.68.apk'
[38;5;190m[f6d39c27][0m[38;5;229m[ADB][0m Getting device platform version
[38;5;190m[f6d39c27][0m[38;5;-9m[AndroidUiautomator2Driver@421c][0m Relaxing hidden api policy
[38;5;190m[f6d39c27][0m[38;5;229m[ADB][0m Using 'aapt2' from '/Users/gv.vignesh/.katalon/tools/android_sdk/build-tools/29.0.3/aapt2'
[38;5;190m[f6d39c27][0m[38;5;229m[ADB][0m Package name: 'westgate_xamarin.android.debug'
[38;5;190m[f6d39c27][0m[38;5;229m[ADB][0m Main activity name: 'westgate_xamarin.android.MainActivity'
[38;5;190m[f6d39c27][0m[38;5;229m[ADB][0m Using 'apksigner.jar' from '/Users/gv.vignesh/.katalon/tools/android_sdk/build-tools/29.0.3/lib/apksigner.jar'
[38;5;190m[f6d39c27][0m[38;5;-9m[AndroidUiautomator2Driver@421c][0m Server packages are not going to be (re)installed
[38;5;190m[f6d39c27][0m[38;5;229m[ADB][0m Adding packages ["io.appium.settings","io.appium.uiautomator2.server","io.appium.uiautomator2.server.test"] to Doze whitelist
[38;5;190m[f6d39c27][0m[38;5;229m[ADB][0m '/Users/gv.vignesh/Downloads/WGR-Android-Automation/App Folder/app-debug-Version 2.99.68.apk' is signed with a non-default certificate
[38;5;190m[f6d39c27][0m[38;5;229m[ADB][0m westgate_xamarin.android.debug was not uninstalled, because it was not present on the device
[38;5;190m[f6d39c27][0m[38;5;229m[ADB][0m The application at '/Users/gv.vignesh/Downloads/WGR-Android-Automation/App Folder/app-debug-Version 2.99.68.apk' will not be cached, because the device under test has confirmed the support of streamed installs
[38;5;190m[f6d39c27][0m[38;5;229m[ADB][0m The installation of 'app-debug-Version 2.99.68.apk' took 407ms
[38;5;190m[f6d39c27][0m[38;5;-9m[AndroidUiautomator2Driver@421c][0m Starting UIAutomator2 server 7.4.1
[38;5;190m[f6d39c27][0m[38;5;-9m[AndroidUiautomator2Driver@421c][0m Using UIAutomator2 server from '/Users/gv.vignesh/.appium/node_modules/appium-uiautomator2-driver/node_modules/appium-uiautomator2-server/apks/appium-uiautomator2-server-v7.4.1.apk' and test from '/Users/gv.vignesh/.appium/node_modules/appium-uiautomator2-driver/node_modules/appium-uiautomator2-server/apks/appium-uiautomator2-server-debug-androidTest.apk'
[38;5;190m[f6d39c27][0m[38;5;-9m[AndroidUiautomator2Driver@421c][0m Waiting up to 30000ms for UiAutomator2 to be online...
[38;5;190m[f6d39c27][0m[38;5;-9m[AndroidUiautomator2Driver@421c][0m socket hang up
[38;5;190m[f6d39c27][0m[38;5;-9m[AndroidUiautomator2Driver@421c][0m Determined the downstream protocol as 'W3C'
[38;5;190m[f6d39c27][0m[38;5;-9m[AndroidUiautomator2Driver@421c][0m Screen already unlocked, doing nothing
[38;5;190m[f6d39c27][0m[38;5;-9m[AndroidUiautomator2Driver@421c][0m Starting 'westgate_xamarin.android.debug/westgate_xamarin.android.MainActivity' and waiting for 'westgate_xamarin.android.debug/westgate_xamarin.android.MainActivity'
[38;5;190m[f6d39c27][0m[38;5;100m[AppiumDriver@daaf][0m New AndroidUiautomator2Driver session created successfully, session f6d39c27-2c0e-4f2b-a2c5-264df2fb28d1 added to master session list
[38;5;190m[f6d39c27][0m[38;5;86m[HTTP][0m <-- POST /wd/hub/session 200 4487 ms - 1468 
[38;5;86m[HTTP][0m [37m-->[39m [37mGET[39m [37m/wd/hub/status[39m {}
[38;5;86m[HTTP][0m <-- GET /wd/hub/status 200 0 ms - 200 
[38;5;190m[f6d39c27][0m[38;5;86m[HTTP][0m [37m-->[39m [37mPOST[39m [37m/wd/hub/session/f6d39c27-2c0e-4f2b-a2c5-264df2fb28d1/timeouts[39m {"implicit":30000}
[38;5;190m[f6d39c27][0m[38;5;86m[HTTP][0m <-- POST /wd/hub/session/f6d39c27-2c0e-4f2b-a2c5-264df2fb28d1/timeouts 200 1 ms - 14 
[38;5;190m[f6d39c27][0m[38;5;86m[HTTP][0m [37m-->[39m [37mPOST[39m [37m/wd/hub/session/f6d39c27-2c0e-4f2b-a2c5-264df2fb28d1/execute/sync[39m {"script":"mobile: getSystemBars","args":[]}
[38;5;190m[f6d39c27][0m[38;5;-9m[AndroidUiautomator2Driver@421c][0m No windows have been found whose title matches to 'NavigationBar'. Assuming it is invisible. Only the following windows are available: ScreenDecorOverlayBottom,ScreenDecorOverlay,EdgeBackGestureHandler0,Taskbar,NotificationShade,StatusBar,ShellDropTarget,InputMethod
[38;5;190m[f6d39c27][0m[38;5;86m[HTTP][0m <-- POST /wd/hub/session/f6d39c27-2c0e-4f2b-a2c5-264df2fb28d1/execute/sync 200 90 ms - 144 
[38;5;190m[f6d39c27][0m[38;5;86m[HTTP][0m [37m-->[39m [37mPOST[39m [37m/wd/hub/session/f6d39c27-2c0e-4f2b-a2c5-264df2fb28d1/timeouts[39m {"implicit":50}
[38;5;190m[f6d39c27][0m[38;5;86m[HTTP][0m <-- POST /wd/hub/session/f6d39c27-2c0e-4f2b-a2c5-264df2fb28d1/timeouts 200 2 ms - 14 
[38;5;190m[f6d39c27][0m[38;5;86m[HTTP][0m [37m-->[39m [37mGET[39m [37m/wd/hub/session/f6d39c27-2c0e-4f2b-a2c5-264df2fb28d1/window/rect[39m {}
[38;5;190m[f6d39c27][0m[38;5;86m[HTTP][0m <-- GET /wd/hub/session/f6d39c27-2c0e-4f2b-a2c5-264df2fb28d1/window/rect 200 17 ms - 50 
[38;5;190m[f6d39c27][0m[38;5;86m[HTTP][0m [37m-->[39m [37mPOST[39m [37m/wd/hub/session/f6d39c27-2c0e-4f2b-a2c5-264df2fb28d1/elements[39m {"using":"xpath","value":"//*[@class = 'android.widget.Button' and (@text = 'Login or Sign Up' or . = 'Login or Sign Up')]"}
[38;5;190m[f6d39c27][0m[38;5;86m[HTTP][0m <-- POST /wd/hub/session/f6d39c27-2c0e-4f2b-a2c5-264df2fb28d1/elements 200 186 ms - 139 
[38;5;190m[f6d39c27][0m[38;5;86m[HTTP][0m [37m-->[39m [37mGET[39m [37m/wd/hub/session/f6d39c27-2c0e-4f2b-a2c5-264df2fb28d1/element/00000000-0000-005c-0000-00b900000007/rect[39m {}
[38;5;190m[f6d39c27][0m[38;5;-9m[AndroidUiautomator2Driver@421c][0m Driver proxy active, passing request on via HTTP proxy
[38;5;190m[f6d39c27][0m[38;5;-9m[AndroidUiautomator2Driver@421c][0m Replacing sessionId 89cb4ebc-043a-43cf-b117-ace3d52ceda9 with f6d39c27-2c0e-4f2b-a2c5-264df2fb28d1
[38;5;190m[f6d39c27][0m[38;5;86m[HTTP][0m <-- GET /wd/hub/session/f6d39c27-2c0e-4f2b-a2c5-264df2fb28d1/element/00000000-0000-005c-0000-00b900000007/rect 200 12 ms - 103 
[38;5;190m[f6d39c27][0m[38;5;86m[HTTP][0m [37m-->[39m [37mPOST[39m [37m/wd/hub/session/f6d39c27-2c0e-4f2b-a2c5-264df2fb28d1/timeouts[39m {"implicit":30000}
[38;5;190m[f6d39c27][0m[38;5;86m[HTTP][0m <-- POST /wd/hub/session/f6d39c27-2c0e-4f2b-a2c5-264df2fb28d1/timeouts 200 1 ms - 14 
[38;5;190m[f6d39c27][0m[38;5;86m[HTTP][0m [37m-->[39m [37mPOST[39m [37m/wd/hub/session/f6d39c27-2c0e-4f2b-a2c5-264df2fb28d1/element/00000000-0000-005c-0000-00b900000007/click[39m {"id":"00000000-0000-005c-0000-00b900000007"}
[38;5;190m[f6d39c27][0m[38;5;86m[HTTP][0m <-- POST /wd/hub/session/f6d39c27-2c0e-4f2b-a2c5-264df2fb28d1/element/00000000-0000-005c-0000-00b900000007/click 200 68 ms - 14 
[38;5;190m[f6d39c27][0m[38;5;86m[HTTP][0m [37m-->[39m [37mPOST[39m [37m/wd/hub/session/f6d39c27-2c0e-4f2b-a2c5-264df2fb28d1/timeouts[39m {"implicit":50}
[38;5;190m[f6d39c27][0m[38;5;86m[HTTP][0m <-- POST /wd/hub/session/f6d39c27-2c0e-4f2b-a2c5-264df2fb28d1/timeouts 200 2 ms - 14 
[38;5;190m[f6d39c27][0m[38;5;86m[HTTP][0m [37m-->[39m [37mGET[39m [37m/wd/hub/session/f6d39c27-2c0e-4f2b-a2c5-264df2fb28d1/window/rect[39m {}
[38;5;190m[f6d39c27][0m[38;5;86m[HTTP][0m <-- GET /wd/hub/session/f6d39c27-2c0e-4f2b-a2c5-264df2fb28d1/window/rect 200 10 ms - 50 
[38;5;190m[f6d39c27][0m[38;5;86m[HTTP][0m [37m-->[39m [37mPOST[39m [37m/wd/hub/session/f6d39c27-2c0e-4f2b-a2c5-264df2fb28d1/elements[39m {"using":"xpath","value":"//*[@class = 'android.widget.EditText' and @index = '0' and (@text = '' or . = '')]"}
[38;5;190m[f6d39c27][0m[38;5;86m[HTTP][0m <-- POST /wd/hub/session/f6d39c27-2c0e-4f2b-a2c5-264df2fb28d1/elements 200 84 ms - 139 
[38;5;190m[f6d39c27][0m[38;5;86m[HTTP][0m [37m-->[39m [37mGET[39m [37m/wd/hub/session/f6d39c27-2c0e-4f2b-a2c5-264df2fb28d1/element/00000000-0000-005c-0000-00e000000007/rect[39m {}
[38;5;190m[f6d39c27][0m[38;5;-9m[AndroidUiautomator2Driver@421c][0m Driver proxy active, passing request on via HTTP proxy
[38;5;190m[f6d39c27][0m[38;5;-9m[AndroidUiautomator2Driver@421c][0m Replacing sessionId 89cb4ebc-043a-43cf-b117-ace3d52ceda9 with f6d39c27-2c0e-4f2b-a2c5-264df2fb28d1
[38;5;190m[f6d39c27][0m[38;5;86m[HTTP][0m <-- GET /wd/hub/session/f6d39c27-2c0e-4f2b-a2c5-264df2fb28d1/element/00000000-0000-005c-0000-00e000000007/rect 200 8 ms - 103 
[38;5;190m[f6d39c27][0m[38;5;86m[HTTP][0m [37m-->[39m [37mPOST[39m [37m/wd/hub/session/f6d39c27-2c0e-4f2b-a2c5-264df2fb28d1/timeouts[39m {"implicit":30000}
[38;5;190m[f6d39c27][0m[38;5;86m[HTTP][0m <-- POST /wd/hub/session/f6d39c27-2c0e-4f2b-a2c5-264df2fb28d1/timeouts 200 1 ms - 14 
[38;5;190m[f6d39c27][0m[38;5;86m[HTTP][0m [37m-->[39m [37mPOST[39m [37m/wd/hub/session/f6d39c27-2c0e-4f2b-a2c5-264df2fb28d1/element/00000000-0000-005c-0000-00e000000007/clear[39m {"id":"00000000-0000-005c-0000-00e000000007"}
[38;5;190m[f6d39c27][0m[38;5;86m[HTTP][0m <-- POST /wd/hub/session/f6d39c27-2c0e-4f2b-a2c5-264df2fb28d1/element/00000000-0000-005c-0000-00e000000007/clear 200 7 ms - 14 
[38;5;190m[f6d39c27][0m[38;5;86m[HTTP][0m [37m-->[39m [37mPOST[39m [37m/wd/hub/session/f6d39c27-2c0e-4f2b-a2c5-264df2fb28d1/element/00000000-0000-005c-0000-00e000000007/click[39m {"id":"00000000-0000-005c-0000-00e000000007"}
[38;5;190m[f6d39c27][0m[38;5;86m[HTTP][0m <-- POST /wd/hub/session/f6d39c27-2c0e-4f2b-a2c5-264df2fb28d1/element/00000000-0000-005c-0000-00e000000007/click 200 36 ms - 14 
[38;5;190m[f6d39c27][0m[38;5;86m[HTTP][0m [37m-->[39m [37mPOST[39m [37m/wd/hub/session/f6d39c27-2c0e-4f2b-a2c5-264df2fb28d1/element/00000000-0000-005c-0000-00e000000007/value[39m {"id":"00000000-0000-005c-0000-00e000000007","value":["g","r","e","e","n","j","e","r","r","y","@","y","o","p","m","a","i","l",".","c","o","m"],"text":"greenjerry@yopmail.com"}
[38;5;190m[f6d39c27][0m[38;5;86m[HTTP][0m <-- POST /wd/hub/session/f6d39c27-2c0e-4f2b-a2c5-264df2fb28d1/element/00000000-0000-005c-0000-00e000000007/value 200 16 ms - 14 
[38;5;190m[f6d39c27][0m[38;5;86m[HTTP][0m [37m-->[39m [37mGET[39m [37m/wd/hub/session/f6d39c27-2c0e-4f2b-a2c5-264df2fb28d1/context[39m {}
[38;5;190m[f6d39c27][0m[38;5;86m[HTTP][0m <-- GET /wd/hub/session/f6d39c27-2c0e-4f2b-a2c5-264df2fb28d1/context 200 2 ms - 22 
[38;5;190m[f6d39c27][0m[38;5;86m[HTTP][0m [37m-->[39m [37mGET[39m [37m/wd/hub/session/f6d39c27-2c0e-4f2b-a2c5-264df2fb28d1/contexts[39m {}
[38;5;190m[f6d39c27][0m[38;5;-9m[AndroidUiautomator2Driver@421c][0m CDP data for 'WEBVIEW_stetho_com.google.android.apps.messaging' cannot be collected. Original error: timeout of 2000ms exceeded
[38;5;190m[f6d39c27][0m[38;5;-9m[AndroidUiautomator2Driver@421c][0m Skipping the webview 'WEBVIEW_stetho_com.google.android.apps.messaging' at '@stetho_com.google.android.apps.messaging_devtools_remote' since it has reported having zero pages
[38;5;190m[f6d39c27][0m[38;5;86m[HTTP][0m <-- GET /wd/hub/session/f6d39c27-2c0e-4f2b-a2c5-264df2fb28d1/contexts 200 2307 ms - 65 
[38;5;190m[f6d39c27][0m[38;5;86m[HTTP][0m [37m-->[39m [37mPOST[39m [37m/wd/hub/session/f6d39c27-2c0e-4f2b-a2c5-264df2fb28d1/context[39m {"name":"NATIVE_APP"}
[38;5;190m[f6d39c27][0m[38;5;86m[HTTP][0m <-- POST /wd/hub/session/f6d39c27-2c0e-4f2b-a2c5-264df2fb28d1/context 200 0 ms - 14 
[38;5;190m[f6d39c27][0m[38;5;86m[HTTP][0m [37m-->[39m [37mPOST[39m [37m/wd/hub/session/f6d39c27-2c0e-4f2b-a2c5-264df2fb28d1/execute/sync[39m {"script":"mobile: hideKeyboard","args":[]}
[38;5;190m[f6d39c27][0m[38;5;86m[HTTP][0m <-- POST /wd/hub/session/f6d39c27-2c0e-4f2b-a2c5-264df2fb28d1/execute/sync 200 2268 ms - 14 
[38;5;190m[f6d39c27][0m[38;5;86m[HTTP][0m [37m-->[39m [37mPOST[39m [37m/wd/hub/session/f6d39c27-2c0e-4f2b-a2c5-264df2fb28d1/context[39m {"name":"NATIVE_APP"}
[38;5;190m[f6d39c27][0m[38;5;86m[HTTP][0m <-- POST /wd/hub/session/f6d39c27-2c0e-4f2b-a2c5-264df2fb28d1/context 200 0 ms - 14 
[38;5;190m[f6d39c27][0m[38;5;86m[HTTP][0m [37m-->[39m [37mPOST[39m [37m/wd/hub/session/f6d39c27-2c0e-4f2b-a2c5-264df2fb28d1/timeouts[39m {"implicit":50}
[38;5;190m[f6d39c27][0m[38;5;86m[HTTP][0m <-- POST /wd/hub/session/f6d39c27-2c0e-4f2b-a2c5-264df2fb28d1/timeouts 200 2 ms - 14 
[38;5;190m[f6d39c27][0m[38;5;86m[HTTP][0m [37m-->[39m [37mGET[39m [37m/wd/hub/session/f6d39c27-2c0e-4f2b-a2c5-264df2fb28d1/window/rect[39m {}
[38;5;190m[f6d39c27][0m[38;5;86m[HTTP][0m <-- GET /wd/hub/session/f6d39c27-2c0e-4f2b-a2c5-264df2fb28d1/window/rect 200 10 ms - 50 
[38;5;190m[f6d39c27][0m[38;5;86m[HTTP][0m [37m-->[39m [37mPOST[39m [37m/wd/hub/session/f6d39c27-2c0e-4f2b-a2c5-264df2fb28d1/elements[39m {"using":"xpath","value":"//*[@class = 'android.widget.Button' and (@text = 'Next' or . = 'Next')]"}
[38;5;190m[f6d39c27][0m[38;5;86m[HTTP][0m <-- POST /wd/hub/session/f6d39c27-2c0e-4f2b-a2c5-264df2fb28d1/elements 200 78 ms - 139 
[38;5;190m[f6d39c27][0m[38;5;86m[HTTP][0m [37m-->[39m [37mGET[39m [37m/wd/hub/session/f6d39c27-2c0e-4f2b-a2c5-264df2fb28d1/element/00000000-0000-005c-0000-00dc00000007/rect[39m {}
[38;5;190m[f6d39c27][0m[38;5;-9m[AndroidUiautomator2Driver@421c][0m Driver proxy active, passing request on via HTTP proxy
[38;5;190m[f6d39c27][0m[38;5;-9m[AndroidUiautomator2Driver@421c][0m Replacing sessionId 89cb4ebc-043a-43cf-b117-ace3d52ceda9 with f6d39c27-2c0e-4f2b-a2c5-264df2fb28d1
[38;5;190m[f6d39c27][0m[38;5;86m[HTTP][0m <-- GET /wd/hub/session/f6d39c27-2c0e-4f2b-a2c5-264df2fb28d1/element/00000000-0000-005c-0000-00dc00000007/rect 200 7 ms - 103 
[38;5;190m[f6d39c27][0m[38;5;86m[HTTP][0m [37m-->[39m [37mPOST[39m [37m/wd/hub/session/f6d39c27-2c0e-4f2b-a2c5-264df2fb28d1/timeouts[39m {"implicit":30000}
[38;5;190m[f6d39c27][0m[38;5;86m[HTTP][0m <-- POST /wd/hub/session/f6d39c27-2c0e-4f2b-a2c5-264df2fb28d1/timeouts 200 1 ms - 14 
[38;5;190m[f6d39c27][0m[38;5;86m[HTTP][0m [37m-->[39m [37mPOST[39m [37m/wd/hub/session/f6d39c27-2c0e-4f2b-a2c5-264df2fb28d1/element/00000000-0000-005c-0000-00dc00000007/click[39m {"id":"00000000-0000-005c-0000-00dc00000007"}
[38;5;190m[f6d39c27][0m[38;5;86m[HTTP][0m <-- POST /wd/hub/session/f6d39c27-2c0e-4f2b-a2c5-264df2fb28d1/element/00000000-0000-005c-0000-00dc00000007/click 200 42 ms - 14 
[38;5;190m[f6d39c27][0m[38;5;86m[HTTP][0m [37m-->[39m [37mPOST[39m [37m/wd/hub/session/f6d39c27-2c0e-4f2b-a2c5-264df2fb28d1/timeouts[39m {"implicit":50}
[38;5;190m[f6d39c27][0m[38;5;86m[HTTP][0m <-- POST /wd/hub/session/f6d39c27-2c0e-4f2b-a2c5-264df2fb28d1/timeouts 200 2 ms - 14 
[38;5;190m[f6d39c27][0m[38;5;86m[HTTP][0m [37m-->[39m [37mGET[39m [37m/wd/hub/session/f6d39c27-2c0e-4f2b-a2c5-264df2fb28d1/window/rect[39m {}
[38;5;190m[f6d39c27][0m[38;5;86m[HTTP][0m <-- GET /wd/hub/session/f6d39c27-2c0e-4f2b-a2c5-264df2fb28d1/window/rect 200 7 ms - 50 
[38;5;190m[f6d39c27][0m[38;5;86m[HTTP][0m [37m-->[39m [37mPOST[39m [37m/wd/hub/session/f6d39c27-2c0e-4f2b-a2c5-264df2fb28d1/elements[39m {"using":"xpath","value":"//*[@resource-id='ion-input-2']"}
[38;5;190m[f6d39c27][0m[38;5;86m[HTTP][0m <-- POST /wd/hub/session/f6d39c27-2c0e-4f2b-a2c5-264df2fb28d1/elements 200 452 ms - 139 
[38;5;190m[f6d39c27][0m[38;5;86m[HTTP][0m [37m-->[39m [37mGET[39m [37m/wd/hub/session/f6d39c27-2c0e-4f2b-a2c5-264df2fb28d1/element/00000000-0000-005c-0000-013300000007/rect[39m {}
[38;5;190m[f6d39c27][0m[38;5;-9m[AndroidUiautomator2Driver@421c][0m Driver proxy active, passing request on via HTTP proxy
[38;5;190m[f6d39c27][0m[38;5;-9m[AndroidUiautomator2Driver@421c][0m Replacing sessionId 89cb4ebc-043a-43cf-b117-ace3d52ceda9 with f6d39c27-2c0e-4f2b-a2c5-264df2fb28d1
[38;5;190m[f6d39c27][0m[38;5;86m[HTTP][0m <-- GET /wd/hub/session/f6d39c27-2c0e-4f2b-a2c5-264df2fb28d1/element/00000000-0000-005c-0000-013300000007/rect 200 10 ms - 103 
[38;5;190m[f6d39c27][0m[38;5;86m[HTTP][0m [37m-->[39m [37mPOST[39m [37m/wd/hub/session/f6d39c27-2c0e-4f2b-a2c5-264df2fb28d1/timeouts[39m {"implicit":30000}
[38;5;190m[f6d39c27][0m[38;5;86m[HTTP][0m <-- POST /wd/hub/session/f6d39c27-2c0e-4f2b-a2c5-264df2fb28d1/timeouts 200 2 ms - 14 
[38;5;190m[f6d39c27][0m[38;5;86m[HTTP][0m [37m-->[39m [37mPOST[39m [37m/wd/hub/session/f6d39c27-2c0e-4f2b-a2c5-264df2fb28d1/element/00000000-0000-005c-0000-013300000007/clear[39m {"id":"00000000-0000-005c-0000-013300000007"}
[38;5;190m[f6d39c27][0m[38;5;86m[HTTP][0m <-- POST /wd/hub/session/f6d39c27-2c0e-4f2b-a2c5-264df2fb28d1/element/00000000-0000-005c-0000-013300000007/clear 200 9 ms - 14 
[38;5;190m[f6d39c27][0m[38;5;86m[HTTP][0m [37m-->[39m [37mPOST[39m [37m/wd/hub/session/f6d39c27-2c0e-4f2b-a2c5-264df2fb28d1/element/00000000-0000-005c-0000-013300000007/click[39m {"id":"00000000-0000-005c-0000-013300000007"}
[38;5;190m[f6d39c27][0m[38;5;86m[HTTP][0m <-- POST /wd/hub/session/f6d39c27-2c0e-4f2b-a2c5-264df2fb28d1/element/00000000-0000-005c-0000-013300000007/click 200 67 ms - 14 
[38;5;190m[f6d39c27][0m[38;5;86m[HTTP][0m [37m-->[39m [37mPOST[39m [37m/wd/hub/session/f6d39c27-2c0e-4f2b-a2c5-264df2fb28d1/element/00000000-0000-005c-0000-013300000007/value[39m {"id":"00000000-0000-005c-0000-013300000007","value":["g","r","e","e","n","j","e","r","r","y","@","y","o","p","m","a","i","l",".","c","o","m"],"text":"greenjerry@yopmail.com"}
[38;5;190m[f6d39c27][0m[38;5;86m[HTTP][0m <-- POST /wd/hub/session/f6d39c27-2c0e-4f2b-a2c5-264df2fb28d1/element/00000000-0000-005c-0000-013300000007/value 200 14 ms - 14 
[38;5;190m[f6d39c27][0m[38;5;86m[HTTP][0m [37m-->[39m [37mGET[39m [37m/wd/hub/session/f6d39c27-2c0e-4f2b-a2c5-264df2fb28d1/context[39m {}
[38;5;190m[f6d39c27][0m[38;5;86m[HTTP][0m <-- GET /wd/hub/session/f6d39c27-2c0e-4f2b-a2c5-264df2fb28d1/context 200 1 ms - 22 
[38;5;190m[f6d39c27][0m[38;5;86m[HTTP][0m [37m-->[39m [37mGET[39m [37m/wd/hub/session/f6d39c27-2c0e-4f2b-a2c5-264df2fb28d1/contexts[39m {}
[38;5;190m[f6d39c27][0m[38;5;-9m[AndroidUiautomator2Driver@421c][0m CDP data for 'WEBVIEW_stetho_com.google.android.apps.messaging' cannot be collected. Original error: timeout of 2000ms exceeded
[38;5;190m[f6d39c27][0m[38;5;-9m[AndroidUiautomator2Driver@421c][0m Skipping the webview 'WEBVIEW_stetho_com.google.android.apps.messaging' at '@stetho_com.google.android.apps.messaging_devtools_remote' since it has reported having zero pages
[38;5;190m[f6d39c27][0m[38;5;86m[HTTP][0m <-- GET /wd/hub/session/f6d39c27-2c0e-4f2b-a2c5-264df2fb28d1/contexts 200 2251 ms - 65 
[38;5;190m[f6d39c27][0m[38;5;86m[HTTP][0m [37m-->[39m [37mPOST[39m [37m/wd/hub/session/f6d39c27-2c0e-4f2b-a2c5-264df2fb28d1/context[39m {"name":"NATIVE_APP"}
[38;5;190m[f6d39c27][0m[38;5;86m[HTTP][0m <-- POST /wd/hub/session/f6d39c27-2c0e-4f2b-a2c5-264df2fb28d1/context 200 0 ms - 14 
[38;5;190m[f6d39c27][0m[38;5;86m[HTTP][0m [37m-->[39m [37mPOST[39m [37m/wd/hub/session/f6d39c27-2c0e-4f2b-a2c5-264df2fb28d1/execute/sync[39m {"script":"mobile: hideKeyboard","args":[]}
[38;5;190m[f6d39c27][0m[38;5;86m[HTTP][0m <-- POST /wd/hub/session/f6d39c27-2c0e-4f2b-a2c5-264df2fb28d1/execute/sync 200 2206 ms - 14 
[38;5;190m[f6d39c27][0m[38;5;86m[HTTP][0m [37m-->[39m [37mPOST[39m [37m/wd/hub/session/f6d39c27-2c0e-4f2b-a2c5-264df2fb28d1/context[39m {"name":"NATIVE_APP"}
[38;5;190m[f6d39c27][0m[38;5;86m[HTTP][0m <-- POST /wd/hub/session/f6d39c27-2c0e-4f2b-a2c5-264df2fb28d1/context 200 1 ms - 14 
[38;5;190m[f6d39c27][0m[38;5;86m[HTTP][0m [37m-->[39m [37mPOST[39m [37m/wd/hub/session/f6d39c27-2c0e-4f2b-a2c5-264df2fb28d1/timeouts[39m {"implicit":50}
[38;5;190m[f6d39c27][0m[38;5;86m[HTTP][0m <-- POST /wd/hub/session/f6d39c27-2c0e-4f2b-a2c5-264df2fb28d1/timeouts 200 2 ms - 14 
[38;5;190m[f6d39c27][0m[38;5;86m[HTTP][0m [37m-->[39m [37mGET[39m [37m/wd/hub/session/f6d39c27-2c0e-4f2b-a2c5-264df2fb28d1/window/rect[39m {}
[38;5;190m[f6d39c27][0m[38;5;86m[HTTP][0m <-- GET /wd/hub/session/f6d39c27-2c0e-4f2b-a2c5-264df2fb28d1/window/rect 200 11 ms - 50 
[38;5;190m[f6d39c27][0m[38;5;86m[HTTP][0m [37m-->[39m [37mPOST[39m [37m/wd/hub/session/f6d39c27-2c0e-4f2b-a2c5-264df2fb28d1/elements[39m {"using":"xpath","value":"//*[@class = 'android.widget.Button' and (@text = 'Next' or . = 'Next')]"}
[38;5;190m[f6d39c27][0m[38;5;86m[HTTP][0m <-- POST /wd/hub/session/f6d39c27-2c0e-4f2b-a2c5-264df2fb28d1/elements 200 499 ms - 139 
[38;5;190m[f6d39c27][0m[38;5;86m[HTTP][0m [37m-->[39m [37mGET[39m [37m/wd/hub/session/f6d39c27-2c0e-4f2b-a2c5-264df2fb28d1/element/00000000-0000-005c-0000-012700000007/rect[39m {}
[38;5;190m[f6d39c27][0m[38;5;-9m[AndroidUiautomator2Driver@421c][0m Driver proxy active, passing request on via HTTP proxy
[38;5;190m[f6d39c27][0m[38;5;-9m[AndroidUiautomator2Driver@421c][0m Replacing sessionId 89cb4ebc-043a-43cf-b117-ace3d52ceda9 with f6d39c27-2c0e-4f2b-a2c5-264df2fb28d1
[38;5;190m[f6d39c27][0m[38;5;86m[HTTP][0m <-- GET /wd/hub/session/f6d39c27-2c0e-4f2b-a2c5-264df2fb28d1/element/00000000-0000-005c-0000-012700000007/rect 200 12 ms - 103 
[38;5;190m[f6d39c27][0m[38;5;86m[HTTP][0m [37m-->[39m [37mPOST[39m [37m/wd/hub/session/f6d39c27-2c0e-4f2b-a2c5-264df2fb28d1/timeouts[39m {"implicit":30000}
[38;5;190m[f6d39c27][0m[38;5;86m[HTTP][0m <-- POST /wd/hub/session/f6d39c27-2c0e-4f2b-a2c5-264df2fb28d1/timeouts 200 1 ms - 14 
[38;5;190m[f6d39c27][0m[38;5;86m[HTTP][0m [37m-->[39m [37mPOST[39m [37m/wd/hub/session/f6d39c27-2c0e-4f2b-a2c5-264df2fb28d1/element/00000000-0000-005c-0000-012700000007/click[39m {"id":"00000000-0000-005c-0000-012700000007"}
[38;5;190m[f6d39c27][0m[38;5;86m[HTTP][0m <-- POST /wd/hub/session/f6d39c27-2c0e-4f2b-a2c5-264df2fb28d1/element/00000000-0000-005c-0000-012700000007/click 200 45 ms - 14 
[38;5;190m[f6d39c27][0m[38;5;86m[HTTP][0m [37m-->[39m [37mPOST[39m [37m/wd/hub/session/f6d39c27-2c0e-4f2b-a2c5-264df2fb28d1/timeouts[39m {"implicit":50}
[38;5;190m[f6d39c27][0m[38;5;86m[HTTP][0m <-- POST /wd/hub/session/f6d39c27-2c0e-4f2b-a2c5-264df2fb28d1/timeouts 200 4 ms - 14 
[38;5;190m[f6d39c27][0m[38;5;86m[HTTP][0m [37m-->[39m [37mGET[39m [37m/wd/hub/session/f6d39c27-2c0e-4f2b-a2c5-264df2fb28d1/window/rect[39m {}
[38;5;190m[f6d39c27][0m[38;5;86m[HTTP][0m <-- GET /wd/hub/session/f6d39c27-2c0e-4f2b-a2c5-264df2fb28d1/window/rect 200 11 ms - 50 
[38;5;190m[f6d39c27][0m[38;5;86m[HTTP][0m [37m-->[39m [37mPOST[39m [37m/wd/hub/session/f6d39c27-2c0e-4f2b-a2c5-264df2fb28d1/elements[39m {"using":"xpath","value":"//android.widget.EditText[@resource-id='ion-input-3']"}
[38;5;190m[f6d39c27][0m[38;5;86m[HTTP][0m <-- POST /wd/hub/session/f6d39c27-2c0e-4f2b-a2c5-264df2fb28d1/elements 200 52 ms - 139 
[38;5;190m[f6d39c27][0m[38;5;86m[HTTP][0m [37m-->[39m [37mGET[39m [37m/wd/hub/session/f6d39c27-2c0e-4f2b-a2c5-264df2fb28d1/element/00000000-0000-005c-0000-017400000007/rect[39m {}
[38;5;190m[f6d39c27][0m[38;5;-9m[AndroidUiautomator2Driver@421c][0m Driver proxy active, passing request on via HTTP proxy
[38;5;190m[f6d39c27][0m[38;5;-9m[AndroidUiautomator2Driver@421c][0m Replacing sessionId 89cb4ebc-043a-43cf-b117-ace3d52ceda9 with f6d39c27-2c0e-4f2b-a2c5-264df2fb28d1
[38;5;190m[f6d39c27][0m[38;5;86m[HTTP][0m <-- GET /wd/hub/session/f6d39c27-2c0e-4f2b-a2c5-264df2fb28d1/element/00000000-0000-005c-0000-017400000007/rect 200 9 ms - 102 
[38;5;190m[f6d39c27][0m[38;5;86m[HTTP][0m [37m-->[39m [37mPOST[39m [37m/wd/hub/session/f6d39c27-2c0e-4f2b-a2c5-264df2fb28d1/timeouts[39m {"implicit":30000}
[38;5;190m[f6d39c27][0m[38;5;86m[HTTP][0m <-- POST /wd/hub/session/f6d39c27-2c0e-4f2b-a2c5-264df2fb28d1/timeouts 200 0 ms - 14 
[38;5;190m[f6d39c27][0m[38;5;86m[HTTP][0m [37m-->[39m [37mPOST[39m [37m/wd/hub/session/f6d39c27-2c0e-4f2b-a2c5-264df2fb28d1/element/00000000-0000-005c-0000-017400000007/clear[39m {"id":"00000000-0000-005c-0000-017400000007"}
[38;5;190m[f6d39c27][0m[38;5;86m[HTTP][0m <-- POST /wd/hub/session/f6d39c27-2c0e-4f2b-a2c5-264df2fb28d1/element/00000000-0000-005c-0000-017400000007/clear 200 6 ms - 14 
[38;5;190m[f6d39c27][0m[38;5;86m[HTTP][0m [37m-->[39m [37mPOST[39m [37m/wd/hub/session/f6d39c27-2c0e-4f2b-a2c5-264df2fb28d1/element/00000000-0000-005c-0000-017400000007/click[39m {"id":"00000000-0000-005c-0000-017400000007"}
[38;5;190m[f6d39c27][0m[38;5;86m[HTTP][0m <-- POST /wd/hub/session/f6d39c27-2c0e-4f2b-a2c5-264df2fb28d1/element/00000000-0000-005c-0000-017400000007/click 200 40 ms - 14 
[38;5;190m[f6d39c27][0m[38;5;86m[HTTP][0m [37m-->[39m [37mPOST[39m [37m/wd/hub/session/f6d39c27-2c0e-4f2b-a2c5-264df2fb28d1/element/00000000-0000-005c-0000-017400000007/value[39m {"id":"00000000-0000-005c-0000-017400000007","value":["c","a","m","e","r","o","n"],"text":"cameron"}
[38;5;190m[f6d39c27][0m[38;5;86m[HTTP][0m <-- POST /wd/hub/session/f6d39c27-2c0e-4f2b-a2c5-264df2fb28d1/element/00000000-0000-005c-0000-017400000007/value 200 12 ms - 14 
[38;5;190m[f6d39c27][0m[38;5;86m[HTTP][0m [37m-->[39m [37mGET[39m [37m/wd/hub/session/f6d39c27-2c0e-4f2b-a2c5-264df2fb28d1/context[39m {}
[38;5;190m[f6d39c27][0m[38;5;86m[HTTP][0m <-- GET /wd/hub/session/f6d39c27-2c0e-4f2b-a2c5-264df2fb28d1/context 200 0 ms - 22 
[38;5;190m[f6d39c27][0m[38;5;86m[HTTP][0m [37m-->[39m [37mGET[39m [37m/wd/hub/session/f6d39c27-2c0e-4f2b-a2c5-264df2fb28d1/contexts[39m {}
[38;5;190m[f6d39c27][0m[38;5;-9m[AndroidUiautomator2Driver@421c][0m CDP data for 'WEBVIEW_stetho_com.google.android.apps.messaging' cannot be collected. Original error: timeout of 2000ms exceeded
[38;5;190m[f6d39c27][0m[38;5;-9m[AndroidUiautomator2Driver@421c][0m CDP data for 'WEBVIEW_10087' cannot be collected. Original error: timeout of 2000ms exceeded
[38;5;190m[f6d39c27][0m[38;5;-9m[AndroidUiautomator2Driver@421c][0m Error executing adbExec. Original error: 'Command '/Users/gv.vignesh/.katalon/tools/android_sdk/platform-tools/adb -P 5037 -s emulator-5554 shell ps -A' timed out after 20000ms'. Try to increase the 20000ms adb execution timeout represented by 'adbExecTimeout' capability
[38;5;190m[f6d39c27][0m[38;5;-9m[AndroidUiautomator2Driver@421c][0m Skipping the webview 'WEBVIEW_stetho_com.google.android.apps.messaging' at '@stetho_com.google.android.apps.messaging_devtools_remote' since it has reported having zero pages
[38;5;190m[f6d39c27][0m[38;5;-9m[AndroidUiautomator2Driver@421c][0m Skipping the webview 'WEBVIEW_10087' at '@webview_devtools_remote_10087' since it has reported having zero pages
[38;5;190m[f6d39c27][0m[38;5;86m[HTTP][0m <-- GET /wd/hub/session/f6d39c27-2c0e-4f2b-a2c5-264df2fb28d1/contexts 200 22255 ms - 24 
[38;5;190m[f6d39c27][0m[38;5;86m[HTTP][0m [37m-->[39m [37mPOST[39m [37m/wd/hub/session/f6d39c27-2c0e-4f2b-a2c5-264df2fb28d1/context[39m {"name":"NATIVE_APP"}
[38;5;190m[f6d39c27][0m[38;5;86m[HTTP][0m <-- POST /wd/hub/session/f6d39c27-2c0e-4f2b-a2c5-264df2fb28d1/context 200 1 ms - 14 
[38;5;190m[f6d39c27][0m[38;5;86m[HTTP][0m [37m-->[39m [37mPOST[39m [37m/wd/hub/session/f6d39c27-2c0e-4f2b-a2c5-264df2fb28d1/execute/sync[39m {"script":"mobile: hideKeyboard","args":[]}
[38;5;190m[f6d39c27][0m[38;5;86m[HTTP][0m <-- POST /wd/hub/session/f6d39c27-2c0e-4f2b-a2c5-264df2fb28d1/execute/sync 500 20029 ms - 1166 
[38;5;190m[f6d39c27][0m[38;5;86m[HTTP][0m [37m-->[39m [37mPOST[39m [37m/wd/hub/session/f6d39c27-2c0e-4f2b-a2c5-264df2fb28d1/context[39m {"name":"NATIVE_APP"}
[38;5;190m[f6d39c27][0m[38;5;86m[HTTP][0m <-- POST /wd/hub/session/f6d39c27-2c0e-4f2b-a2c5-264df2fb28d1/context 200 1 ms - 14 
[38;5;190m[f6d39c27][0m[38;5;86m[HTTP][0m [37m-->[39m [37mGET[39m [37m/wd/hub/session/f6d39c27-2c0e-4f2b-a2c5-264df2fb28d1/context[39m {}
[38;5;190m[f6d39c27][0m[38;5;86m[HTTP][0m <-- GET /wd/hub/session/f6d39c27-2c0e-4f2b-a2c5-264df2fb28d1/context 200 0 ms - 22 
[38;5;190m[f6d39c27][0m[38;5;86m[HTTP][0m [37m-->[39m [37mGET[39m [37m/wd/hub/session/f6d39c27-2c0e-4f2b-a2c5-264df2fb28d1/contexts[39m {}
[38;5;190m[f6d39c27][0m[38;5;86m[HTTP][0m <-- GET /wd/hub/session/f6d39c27-2c0e-4f2b-a2c5-264df2fb28d1/contexts 500 20005 ms - 1074 
[38;5;190m[f6d39c27][0m[38;5;86m[HTTP][0m [37m-->[39m [37mGET[39m [37m/wd/hub/session/f6d39c27-2c0e-4f2b-a2c5-264df2fb28d1/screenshot[39m {}
[38;5;190m[f6d39c27][0m[38;5;-9m[AndroidUiautomator2Driver@421c][0m timeout of 240000ms exceeded
[38;5;190m[f6d39c27][0m[38;5;86m[HTTP][0m <-- GET /wd/hub/session/f6d39c27-2c0e-4f2b-a2c5-264df2fb28d1/screenshot 500 240024 ms - 870 
[38;5;190m[f6d39c27][0m[38;5;86m[HTTP][0m [37m-->[39m [37mPOST[39m [37m/wd/hub/session/f6d39c27-2c0e-4f2b-a2c5-264df2fb28d1/context[39m {"name":"NATIVE_APP"}
[38;5;190m[f6d39c27][0m[38;5;86m[HTTP][0m <-- POST /wd/hub/session/f6d39c27-2c0e-4f2b-a2c5-264df2fb28d1/context 200 2 ms - 14 
[38;5;86m[HTTP][0m [37m-->[39m [37mGET[39m [37m/wd/hub/status[39m {}
[38;5;86m[HTTP][0m <-- GET /wd/hub/status 200 0 ms - 200 
[38;5;86m[HTTP][0m [37m-->[39m [37mPOST[39m [37m/wd/hub/session[39m {"capabilities":{"firstMatch":[{"appium:app":"/Users/gv.vignesh/Downloads/WGR-Android-Automation/App Folder/app-debug-Version 2.99.68.apk","appium:autoGrantPermissions":true,"appium:automationName":"uiautomator2","appium:deviceId":"","appium:deviceName":"emulator-5554 (sdk_gphone64_arm64 - Android 16)","appium:fullReset":true,"appium:newCommandTimeout":1800,"appium:noReset":false,"appium:platformName":"ANDROID","appium:platformVersion":"16","appium:systemPort":53643,"appium:udid":"emulator-5554","appium:uiautomator2ServerInstallTimeout":0,"platformName":"ANDROID"}]},"desiredCapabilities":{"appium:app":"/Users/gv.vignesh/Downloads/WGR-Android-Automation/App Folder/app-debug-Version 2.99.68.apk","appium:autoGrantPermissions":true,"appium:automationName":"uiautomator2","appium:deviceId":"","appium:deviceName":"emulator-5554 (sdk_gphone64_arm64 - Android 16)","appium:fullReset":true,"appium:newCommandTimeout":1800,"appium:noReset":false,"appium:platformName":"ANDROID","appium:platformVersion":"16","appium:syst...
[38;5;123m[BaseDriver][0m Ignoring capability 'appium:platformName=ANDROID' and using capability 'platformName=ANDROID'
[38;5;123m[BaseDriver][0m The capabilities ["platformName"] are standard capabilities and do not require "appium:" prefix
[38;5;112m[Appium][0m Attempting to find matching driver for automationName 'uiautomator2' and platformName 'ANDROID'
[38;5;112m[Appium][0m The 'uiautomator2' driver was installed and matched caps.
[38;5;112m[Appium][0m Will require it at /Users/gv.vignesh/.appium/node_modules/appium-uiautomator2-driver
[38;5;100m[AppiumDriver@daaf][0m Appium v2.17.1 creating new AndroidUiautomator2Driver (v4.2.2) session
[38;5;100m[AppiumDriver@daaf][0m Checking BaseDriver versions for Appium and AndroidUiautomator2Driver
[38;5;100m[AppiumDriver@daaf][0m Appium's BaseDriver version is 9.16.4
[38;5;100m[AppiumDriver@daaf][0m AndroidUiautomator2Driver's BaseDriver version is 9.16.4
[38;5;-20m[AndroidUiautomator2Driver@d153][0m The following provided capabilities were not recognized by this driver:
[38;5;-20m[AndroidUiautomator2Driver@d153][0m   deviceId
[38;5;19m[17001b55][0m[38;5;-20m[AndroidUiautomator2Driver@d153][0m Session created with session id: 17001b55-9f2d-4a42-bfe0-7387623cff0f
[38;5;19m[17001b55][0m[38;5;229m[ADB][0m Using 'adb' from '/Users/gv.vignesh/.katalon/tools/android_sdk/platform-tools/adb'
[38;5;19m[17001b55][0m[38;5;-20m[AndroidUiautomator2Driver@d153][0m Retrieving device list
[38;5;19m[17001b55][0m[38;5;-20m[AndroidUiautomator2Driver@d153][0m Using device: emulator-5554
[38;5;19m[17001b55][0m[38;5;229m[ADB][0m Using 'adb' from '/Users/gv.vignesh/.katalon/tools/android_sdk/platform-tools/adb'
[38;5;19m[17001b55][0m[38;5;123m[BaseDriver][0m Using local app '/Users/gv.vignesh/Downloads/WGR-Android-Automation/App Folder/app-debug-Version 2.99.68.apk'
[38;5;19m[17001b55][0m[38;5;86m[HTTP][0m <-- POST /wd/hub/session 500 40271 ms - 1190 
[38;5;86m[HTTP][0m [37m-->[39m [37mGET[39m [37m/wd/hub/status[39m {}
[38;5;86m[HTTP][0m <-- GET /wd/hub/status 200 0 ms - 200 
[38;5;86m[HTTP][0m [37m-->[39m [37mPOST[39m [37m/wd/hub/session[39m {"capabilities":{"firstMatch":[{"appium:app":"/Users/gv.vignesh/Downloads/WGR-Android-Automation/App Folder/app-debug-Version 2.99.68.apk","appium:autoGrantPermissions":true,"appium:automationName":"uiautomator2","appium:deviceId":"","appium:deviceName":"emulator-5554 (sdk_gphone64_arm64 - Android 16)","appium:fullReset":true,"appium:newCommandTimeout":1800,"appium:noReset":false,"appium:platformName":"ANDROID","appium:platformVersion":"16","appium:systemPort":53673,"appium:udid":"emulator-5554","appium:uiautomator2ServerInstallTimeout":0,"platformName":"ANDROID"}]},"desiredCapabilities":{"appium:app":"/Users/gv.vignesh/Downloads/WGR-Android-Automation/App Folder/app-debug-Version 2.99.68.apk","appium:autoGrantPermissions":true,"appium:automationName":"uiautomator2","appium:deviceId":"","appium:deviceName":"emulator-5554 (sdk_gphone64_arm64 - Android 16)","appium:fullReset":true,"appium:newCommandTimeout":1800,"appium:noReset":false,"appium:platformName":"ANDROID","appium:platformVersion":"16","appium:syst...
[38;5;123m[BaseDriver][0m Ignoring capability 'appium:platformName=ANDROID' and using capability 'platformName=ANDROID'
[38;5;123m[BaseDriver][0m The capabilities ["platformName"] are standard capabilities and do not require "appium:" prefix
[38;5;112m[Appium][0m Attempting to find matching driver for automationName 'uiautomator2' and platformName 'ANDROID'
[38;5;112m[Appium][0m The 'uiautomator2' driver was installed and matched caps.
[38;5;112m[Appium][0m Will require it at /Users/gv.vignesh/.appium/node_modules/appium-uiautomator2-driver
[38;5;100m[AppiumDriver@daaf][0m Appium v2.17.1 creating new AndroidUiautomator2Driver (v4.2.2) session
[38;5;100m[AppiumDriver@daaf][0m Checking BaseDriver versions for Appium and AndroidUiautomator2Driver
[38;5;100m[AppiumDriver@daaf][0m Appium's BaseDriver version is 9.16.4
[38;5;100m[AppiumDriver@daaf][0m AndroidUiautomator2Driver's BaseDriver version is 9.16.4
[38;5;-195m[AndroidUiautomator2Driver@e3d0][0m The following provided capabilities were not recognized by this driver:
[38;5;-195m[AndroidUiautomator2Driver@e3d0][0m   deviceId
[38;5;207m[6c611871][0m[38;5;-195m[AndroidUiautomator2Driver@e3d0][0m Session created with session id: 6c611871-8717-4e28-bbb8-6f824fcafcf5
[38;5;207m[6c611871][0m[38;5;229m[ADB][0m Using 'adb' from '/Users/gv.vignesh/.katalon/tools/android_sdk/platform-tools/adb'
[38;5;207m[6c611871][0m[38;5;-195m[AndroidUiautomator2Driver@e3d0][0m Retrieving device list
[38;5;207m[6c611871][0m[38;5;-195m[AndroidUiautomator2Driver@e3d0][0m Using device: emulator-5554
[38;5;207m[6c611871][0m[38;5;229m[ADB][0m Using 'adb' from '/Users/gv.vignesh/.katalon/tools/android_sdk/platform-tools/adb'
[38;5;207m[6c611871][0m[38;5;123m[BaseDriver][0m Using local app '/Users/gv.vignesh/Downloads/WGR-Android-Automation/App Folder/app-debug-Version 2.99.68.apk'
[38;5;207m[6c611871][0m[38;5;86m[HTTP][0m <-- POST /wd/hub/session 500 15733 ms - 1074 
[38;5;86m[HTTP][0m [37m-->[39m [37mGET[39m [37m/wd/hub/status[39m {}
[38;5;86m[HTTP][0m <-- GET /wd/hub/status 200 0 ms - 200 
[38;5;86m[HTTP][0m [37m-->[39m [37mPOST[39m [37m/wd/hub/session[39m {"capabilities":{"firstMatch":[{"appium:app":"/Users/gv.vignesh/Downloads/WGR-Android-Automation/App Folder/app-debug-Version 2.99.68.apk","appium:autoGrantPermissions":true,"appium:automationName":"uiautomator2","appium:deviceId":"","appium:deviceName":"emulator-5554 (sdk_gphone64_arm64 - Android 16)","appium:fullReset":true,"appium:newCommandTimeout":1800,"appium:noReset":false,"appium:platformName":"ANDROID","appium:platformVersion":"16","appium:systemPort":53695,"appium:udid":"emulator-5554","appium:uiautomator2ServerInstallTimeout":0,"platformName":"ANDROID"}]},"desiredCapabilities":{"appium:app":"/Users/gv.vignesh/Downloads/WGR-Android-Automation/App Folder/app-debug-Version 2.99.68.apk","appium:autoGrantPermissions":true,"appium:automationName":"uiautomator2","appium:deviceId":"","appium:deviceName":"emulator-5554 (sdk_gphone64_arm64 - Android 16)","appium:fullReset":true,"appium:newCommandTimeout":1800,"appium:noReset":false,"appium:platformName":"ANDROID","appium:platformVersion":"16","appium:syst...
[38;5;123m[BaseDriver][0m Ignoring capability 'appium:platformName=ANDROID' and using capability 'platformName=ANDROID'
[38;5;123m[BaseDriver][0m The capabilities ["platformName"] are standard capabilities and do not require "appium:" prefix
[38;5;112m[Appium][0m Attempting to find matching driver for automationName 'uiautomator2' and platformName 'ANDROID'
[38;5;112m[Appium][0m The 'uiautomator2' driver was installed and matched caps.
[38;5;112m[Appium][0m Will require it at /Users/gv.vignesh/.appium/node_modules/appium-uiautomator2-driver
[38;5;100m[AppiumDriver@daaf][0m Appium v2.17.1 creating new AndroidUiautomator2Driver (v4.2.2) session
[38;5;100m[AppiumDriver@daaf][0m Checking BaseDriver versions for Appium and AndroidUiautomator2Driver
[38;5;100m[AppiumDriver@daaf][0m Appium's BaseDriver version is 9.16.4
[38;5;100m[AppiumDriver@daaf][0m AndroidUiautomator2Driver's BaseDriver version is 9.16.4
[38;5;-108m[AndroidUiautomator2Driver@7237][0m The following provided capabilities were not recognized by this driver:
[38;5;-108m[AndroidUiautomator2Driver@7237][0m   deviceId
[38;5;202m[16f88d7f][0m[38;5;-108m[AndroidUiautomator2Driver@7237][0m Session created with session id: 16f88d7f-09b8-46a5-a90d-cf11d6c63113
[38;5;202m[16f88d7f][0m[38;5;229m[ADB][0m Using 'adb' from '/Users/gv.vignesh/.katalon/tools/android_sdk/platform-tools/adb'
[38;5;202m[16f88d7f][0m[38;5;-108m[AndroidUiautomator2Driver@7237][0m Retrieving device list
[38;5;202m[16f88d7f][0m[38;5;-108m[AndroidUiautomator2Driver@7237][0m Using device: emulator-5554
[38;5;202m[16f88d7f][0m[38;5;229m[ADB][0m Using 'adb' from '/Users/gv.vignesh/.katalon/tools/android_sdk/platform-tools/adb'
[38;5;202m[16f88d7f][0m[38;5;123m[BaseDriver][0m Using local app '/Users/gv.vignesh/Downloads/WGR-Android-Automation/App Folder/app-debug-Version 2.99.68.apk'
[38;5;202m[16f88d7f][0m[38;5;229m[ADB][0m Getting device platform version
[38;5;202m[16f88d7f][0m[38;5;-108m[AndroidUiautomator2Driver@7237][0m Relaxing hidden api policy
[38;5;202m[16f88d7f][0m[38;5;229m[ADB][0m Using 'aapt2' from '/Users/gv.vignesh/.katalon/tools/android_sdk/build-tools/29.0.3/aapt2'
[38;5;202m[16f88d7f][0m[38;5;229m[ADB][0m Package name: 'westgate_xamarin.android.debug'
[38;5;202m[16f88d7f][0m[38;5;229m[ADB][0m Main activity name: 'westgate_xamarin.android.MainActivity'
[38;5;202m[16f88d7f][0m[38;5;-108m[AndroidUiautomator2Driver@7237][0m Restoring hidden api policy to the device default configuration
[38;5;202m[16f88d7f][0m[38;5;86m[HTTP][0m <-- POST /wd/hub/session 500 8284 ms - 1372 
[38;5;202m[16f88d7f][0m[38;5;229m[ADB][0m The application at '/Users/gv.vignesh/.appium/node_modules/appium-uiautomator2-driver/node_modules/io.appium.settings/apks/settings_apk-debug.apk' will not be cached, because the device under test has confirmed the support of streamed installs
[38;5;86m[HTTP][0m [37m-->[39m [37mGET[39m [37m/wd/hub/status[39m {}
[38;5;86m[HTTP][0m <-- GET /wd/hub/status 200 0 ms - 200 
[38;5;86m[HTTP][0m [37m-->[39m [37mPOST[39m [37m/wd/hub/session[39m {"capabilities":{"firstMatch":[{"appium:app":"/Users/gv.vignesh/Downloads/WGR-Android-Automation/App Folder/app-debug-Version 2.99.68.apk","appium:autoGrantPermissions":true,"appium:automationName":"uiautomator2","appium:deviceId":"","appium:deviceName":"emulator-5554 (sdk_gphone64_arm64 - Android 16)","appium:fullReset":true,"appium:newCommandTimeout":1800,"appium:noReset":false,"appium:platformName":"ANDROID","appium:platformVersion":"16","appium:systemPort":53885,"appium:udid":"emulator-5554","appium:uiautomator2ServerInstallTimeout":0,"platformName":"ANDROID"}]},"desiredCapabilities":{"appium:app":"/Users/gv.vignesh/Downloads/WGR-Android-Automation/App Folder/app-debug-Version 2.99.68.apk","appium:autoGrantPermissions":true,"appium:automationName":"uiautomator2","appium:deviceId":"","appium:deviceName":"emulator-5554 (sdk_gphone64_arm64 - Android 16)","appium:fullReset":true,"appium:newCommandTimeout":1800,"appium:noReset":false,"appium:platformName":"ANDROID","appium:platformVersion":"16","appium:syst...
[38;5;123m[BaseDriver][0m Ignoring capability 'appium:platformName=ANDROID' and using capability 'platformName=ANDROID'
[38;5;123m[BaseDriver][0m The capabilities ["platformName"] are standard capabilities and do not require "appium:" prefix
[38;5;112m[Appium][0m Attempting to find matching driver for automationName 'uiautomator2' and platformName 'ANDROID'
[38;5;112m[Appium][0m The 'uiautomator2' driver was installed and matched caps.
[38;5;112m[Appium][0m Will require it at /Users/gv.vignesh/.appium/node_modules/appium-uiautomator2-driver
[38;5;100m[AppiumDriver@daaf][0m Appium v2.17.1 creating new AndroidUiautomator2Driver (v4.2.2) session
[38;5;100m[AppiumDriver@daaf][0m Checking BaseDriver versions for Appium and AndroidUiautomator2Driver
[38;5;100m[AppiumDriver@daaf][0m Appium's BaseDriver version is 9.16.4
[38;5;100m[AppiumDriver@daaf][0m AndroidUiautomator2Driver's BaseDriver version is 9.16.4
[38;5;-33m[AndroidUiautomator2Driver@f9e6][0m The following provided capabilities were not recognized by this driver:
[38;5;-33m[AndroidUiautomator2Driver@f9e6][0m   deviceId
[38;5;167m[c911094f][0m[38;5;-33m[AndroidUiautomator2Driver@f9e6][0m Session created with session id: c911094f-9bf4-4c7a-9fee-c0fbd2107a7c
[38;5;167m[c911094f][0m[38;5;229m[ADB][0m Using 'adb' from '/Users/gv.vignesh/.katalon/tools/android_sdk/platform-tools/adb'
[38;5;167m[c911094f][0m[38;5;-33m[AndroidUiautomator2Driver@f9e6][0m Retrieving device list
[38;5;167m[c911094f][0m[38;5;-33m[AndroidUiautomator2Driver@f9e6][0m Using device: emulator-5554
[38;5;167m[c911094f][0m[38;5;229m[ADB][0m Using 'adb' from '/Users/gv.vignesh/.katalon/tools/android_sdk/platform-tools/adb'
[38;5;167m[c911094f][0m[38;5;123m[BaseDriver][0m Using local app '/Users/gv.vignesh/Downloads/WGR-Android-Automation/App Folder/app-debug-Version 2.99.68.apk'
[38;5;167m[c911094f][0m[38;5;229m[ADB][0m Getting device platform version
[38;5;167m[c911094f][0m[38;5;-33m[AndroidUiautomator2Driver@f9e6][0m Relaxing hidden api policy
[38;5;167m[c911094f][0m[38;5;229m[ADB][0m Using 'aapt2' from '/Users/gv.vignesh/.katalon/tools/android_sdk/build-tools/29.0.3/aapt2'
[38;5;167m[c911094f][0m[38;5;229m[ADB][0m Package name: 'westgate_xamarin.android.debug'
[38;5;167m[c911094f][0m[38;5;229m[ADB][0m Main activity name: 'westgate_xamarin.android.MainActivity'
[38;5;167m[c911094f][0m[38;5;-33m[AndroidUiautomator2Driver@f9e6][0m Restoring hidden api policy to the device default configuration
[38;5;167m[c911094f][0m[38;5;86m[HTTP][0m <-- POST /wd/hub/session 500 460 ms - 1372 
[38;5;86m[HTTP][0m [37m-->[39m [37mGET[39m [37m/wd/hub/status[39m {}
[38;5;86m[HTTP][0m <-- GET /wd/hub/status 200 0 ms - 200 
[38;5;86m[HTTP][0m [37m-->[39m [37mPOST[39m [37m/wd/hub/session[39m {"capabilities":{"firstMatch":[{"appium:app":"/Users/gv.vignesh/Downloads/WGR-Android-Automation/App Folder/app-debug-Version 2.99.68.apk","appium:autoGrantPermissions":true,"appium:automationName":"uiautomator2","appium:deviceId":"","appium:deviceName":"emulator-5554 (sdk_gphone64_arm64 - Android 16)","appium:fullReset":true,"appium:newCommandTimeout":1800,"appium:noReset":false,"appium:platformName":"ANDROID","appium:platformVersion":"16","appium:systemPort":53920,"appium:udid":"emulator-5554","appium:uiautomator2ServerInstallTimeout":0,"platformName":"ANDROID"}]},"desiredCapabilities":{"appium:app":"/Users/gv.vignesh/Downloads/WGR-Android-Automation/App Folder/app-debug-Version 2.99.68.apk","appium:autoGrantPermissions":true,"appium:automationName":"uiautomator2","appium:deviceId":"","appium:deviceName":"emulator-5554 (sdk_gphone64_arm64 - Android 16)","appium:fullReset":true,"appium:newCommandTimeout":1800,"appium:noReset":false,"appium:platformName":"ANDROID","appium:platformVersion":"16","appium:syst...
[38;5;123m[BaseDriver][0m Ignoring capability 'appium:platformName=ANDROID' and using capability 'platformName=ANDROID'
[38;5;123m[BaseDriver][0m The capabilities ["platformName"] are standard capabilities and do not require "appium:" prefix
[38;5;112m[Appium][0m Attempting to find matching driver for automationName 'uiautomator2' and platformName 'ANDROID'
[38;5;112m[Appium][0m The 'uiautomator2' driver was installed and matched caps.
[38;5;112m[Appium][0m Will require it at /Users/gv.vignesh/.appium/node_modules/appium-uiautomator2-driver
[38;5;100m[AppiumDriver@daaf][0m Appium v2.17.1 creating new AndroidUiautomator2Driver (v4.2.2) session
[38;5;100m[AppiumDriver@daaf][0m Checking BaseDriver versions for Appium and AndroidUiautomator2Driver
[38;5;100m[AppiumDriver@daaf][0m Appium's BaseDriver version is 9.16.4
[38;5;100m[AppiumDriver@daaf][0m AndroidUiautomator2Driver's BaseDriver version is 9.16.4
[38;5;-160m[AndroidUiautomator2Driver@e6a7][0m The following provided capabilities were not recognized by this driver:
[38;5;-160m[AndroidUiautomator2Driver@e6a7][0m   deviceId
[38;5;47m[da1966b4][0m[38;5;-160m[AndroidUiautomator2Driver@e6a7][0m Session created with session id: da1966b4-82f0-4598-8ce3-afc523db399b
[38;5;47m[da1966b4][0m[38;5;229m[ADB][0m Using 'adb' from '/Users/gv.vignesh/.katalon/tools/android_sdk/platform-tools/adb'
[38;5;167m[c911094f][0m[38;5;229m[ADB][0m The application at '/Users/gv.vignesh/.appium/node_modules/appium-uiautomator2-driver/node_modules/io.appium.settings/apks/settings_apk-debug.apk' will not be cached, because the device under test has confirmed the support of streamed installs
[38;5;47m[da1966b4][0m[38;5;-160m[AndroidUiautomator2Driver@e6a7][0m Retrieving device list
[38;5;47m[da1966b4][0m[38;5;-160m[AndroidUiautomator2Driver@e6a7][0m Using device: emulator-5554
[38;5;47m[da1966b4][0m[38;5;229m[ADB][0m Using 'adb' from '/Users/gv.vignesh/.katalon/tools/android_sdk/platform-tools/adb'
[38;5;47m[da1966b4][0m[38;5;123m[BaseDriver][0m Using local app '/Users/gv.vignesh/Downloads/WGR-Android-Automation/App Folder/app-debug-Version 2.99.68.apk'
[38;5;47m[da1966b4][0m[38;5;229m[ADB][0m Getting device platform version
[38;5;47m[da1966b4][0m[38;5;-160m[AndroidUiautomator2Driver@e6a7][0m Relaxing hidden api policy
[38;5;47m[da1966b4][0m[38;5;229m[ADB][0m Using 'aapt2' from '/Users/gv.vignesh/.katalon/tools/android_sdk/build-tools/29.0.3/aapt2'
[38;5;47m[da1966b4][0m[38;5;229m[ADB][0m Package name: 'westgate_xamarin.android.debug'
[38;5;47m[da1966b4][0m[38;5;229m[ADB][0m Main activity name: 'westgate_xamarin.android.MainActivity'
[38;5;47m[da1966b4][0m[38;5;-160m[AndroidUiautomator2Driver@e6a7][0m Restoring hidden api policy to the device default configuration
[38;5;47m[da1966b4][0m[38;5;86m[HTTP][0m <-- POST /wd/hub/session 500 459 ms - 1372 
[38;5;86m[HTTP][0m [37m-->[39m [37mGET[39m [37m/wd/hub/status[39m {}
[38;5;86m[HTTP][0m <-- GET /wd/hub/status 200 0 ms - 200 
[38;5;86m[HTTP][0m [37m-->[39m [37mPOST[39m [37m/wd/hub/session[39m {"capabilities":{"firstMatch":[{"appium:app":"/Users/gv.vignesh/Downloads/WGR-Android-Automation/App Folder/app-debug-Version 2.99.68.apk","appium:autoGrantPermissions":true,"appium:automationName":"uiautomator2","appium:deviceId":"","appium:deviceName":"emulator-5554 (sdk_gphone64_arm64 - Android 16)","appium:fullReset":true,"appium:newCommandTimeout":1800,"appium:noReset":false,"appium:platformName":"ANDROID","appium:platformVersion":"16","appium:systemPort":53957,"appium:udid":"emulator-5554","appium:uiautomator2ServerInstallTimeout":0,"platformName":"ANDROID"}]},"desiredCapabilities":{"appium:app":"/Users/gv.vignesh/Downloads/WGR-Android-Automation/App Folder/app-debug-Version 2.99.68.apk","appium:autoGrantPermissions":true,"appium:automationName":"uiautomator2","appium:deviceId":"","appium:deviceName":"emulator-5554 (sdk_gphone64_arm64 - Android 16)","appium:fullReset":true,"appium:newCommandTimeout":1800,"appium:noReset":false,"appium:platformName":"ANDROID","appium:platformVersion":"16","appium:syst...
[38;5;123m[BaseDriver][0m Ignoring capability 'appium:platformName=ANDROID' and using capability 'platformName=ANDROID'
[38;5;123m[BaseDriver][0m The capabilities ["platformName"] are standard capabilities and do not require "appium:" prefix
[38;5;112m[Appium][0m Attempting to find matching driver for automationName 'uiautomator2' and platformName 'ANDROID'
[38;5;112m[Appium][0m The 'uiautomator2' driver was installed and matched caps.
[38;5;112m[Appium][0m Will require it at /Users/gv.vignesh/.appium/node_modules/appium-uiautomator2-driver
[38;5;100m[AppiumDriver@daaf][0m Appium v2.17.1 creating new AndroidUiautomator2Driver (v4.2.2) session
[38;5;100m[AppiumDriver@daaf][0m Checking BaseDriver versions for Appium and AndroidUiautomator2Driver
[38;5;100m[AppiumDriver@daaf][0m Appium's BaseDriver version is 9.16.4
[38;5;100m[AppiumDriver@daaf][0m AndroidUiautomator2Driver's BaseDriver version is 9.16.4
[38;5;-84m[AndroidUiautomator2Driver@e0f2][0m The following provided capabilities were not recognized by this driver:
[38;5;-84m[AndroidUiautomator2Driver@e0f2][0m   deviceId
[38;5;74m[6e7e37e0][0m[38;5;-84m[AndroidUiautomator2Driver@e0f2][0m Session created with session id: 6e7e37e0-5471-4523-a975-3c17963b4dd0
[38;5;74m[6e7e37e0][0m[38;5;229m[ADB][0m Using 'adb' from '/Users/gv.vignesh/.katalon/tools/android_sdk/platform-tools/adb'
[38;5;47m[da1966b4][0m[38;5;229m[ADB][0m The application at '/Users/gv.vignesh/.appium/node_modules/appium-uiautomator2-driver/node_modules/io.appium.settings/apks/settings_apk-debug.apk' will not be cached, because the device under test has confirmed the support of streamed installs
[38;5;74m[6e7e37e0][0m[38;5;-84m[AndroidUiautomator2Driver@e0f2][0m Retrieving device list
[38;5;74m[6e7e37e0][0m[38;5;-84m[AndroidUiautomator2Driver@e0f2][0m Using device: emulator-5554
[38;5;74m[6e7e37e0][0m[38;5;229m[ADB][0m Using 'adb' from '/Users/gv.vignesh/.katalon/tools/android_sdk/platform-tools/adb'
[38;5;74m[6e7e37e0][0m[38;5;123m[BaseDriver][0m Using local app '/Users/gv.vignesh/Downloads/WGR-Android-Automation/App Folder/app-debug-Version 2.99.68.apk'
[38;5;74m[6e7e37e0][0m[38;5;229m[ADB][0m Getting device platform version
[38;5;74m[6e7e37e0][0m[38;5;-84m[AndroidUiautomator2Driver@e0f2][0m Relaxing hidden api policy
[38;5;74m[6e7e37e0][0m[38;5;229m[ADB][0m Using 'aapt2' from '/Users/gv.vignesh/.katalon/tools/android_sdk/build-tools/29.0.3/aapt2'
[38;5;74m[6e7e37e0][0m[38;5;229m[ADB][0m Package name: 'westgate_xamarin.android.debug'
[38;5;74m[6e7e37e0][0m[38;5;229m[ADB][0m Main activity name: 'westgate_xamarin.android.MainActivity'
[38;5;74m[6e7e37e0][0m[38;5;-84m[AndroidUiautomator2Driver@e0f2][0m Restoring hidden api policy to the device default configuration
[38;5;74m[6e7e37e0][0m[38;5;86m[HTTP][0m <-- POST /wd/hub/session 500 965 ms - 1568 
[38;5;86m[HTTP][0m [37m-->[39m [37mGET[39m [37m/wd/hub/status[39m {}
[38;5;86m[HTTP][0m <-- GET /wd/hub/status 200 1 ms - 200 
[38;5;86m[HTTP][0m [37m-->[39m [37mPOST[39m [37m/wd/hub/session[39m {"capabilities":{"firstMatch":[{"appium:app":"/Users/gv.vignesh/Downloads/WGR-Android-Automation/App Folder/app-debug-Version 2.99.68.apk","appium:autoGrantPermissions":true,"appium:automationName":"uiautomator2","appium:deviceId":"","appium:deviceName":"emulator-5554 (sdk_gphone64_arm64 - Android 16)","appium:fullReset":true,"appium:newCommandTimeout":1800,"appium:noReset":false,"appium:platformName":"ANDROID","appium:platformVersion":"16","appium:systemPort":54012,"appium:udid":"emulator-5554","appium:uiautomator2ServerInstallTimeout":0,"platformName":"ANDROID"}]},"desiredCapabilities":{"appium:app":"/Users/gv.vignesh/Downloads/WGR-Android-Automation/App Folder/app-debug-Version 2.99.68.apk","appium:autoGrantPermissions":true,"appium:automationName":"uiautomator2","appium:deviceId":"","appium:deviceName":"emulator-5554 (sdk_gphone64_arm64 - Android 16)","appium:fullReset":true,"appium:newCommandTimeout":1800,"appium:noReset":false,"appium:platformName":"ANDROID","appium:platformVersion":"16","appium:syst...
[38;5;123m[BaseDriver][0m Ignoring capability 'appium:platformName=ANDROID' and using capability 'platformName=ANDROID'
[38;5;123m[BaseDriver][0m The capabilities ["platformName"] are standard capabilities and do not require "appium:" prefix
[38;5;112m[Appium][0m Attempting to find matching driver for automationName 'uiautomator2' and platformName 'ANDROID'
[38;5;112m[Appium][0m The 'uiautomator2' driver was installed and matched caps.
[38;5;112m[Appium][0m Will require it at /Users/gv.vignesh/.appium/node_modules/appium-uiautomator2-driver
[38;5;100m[AppiumDriver@daaf][0m Appium v2.17.1 creating new AndroidUiautomator2Driver (v4.2.2) session
[38;5;100m[AppiumDriver@daaf][0m Checking BaseDriver versions for Appium and AndroidUiautomator2Driver
[38;5;100m[AppiumDriver@daaf][0m Appium's BaseDriver version is 9.16.4
[38;5;100m[AppiumDriver@daaf][0m AndroidUiautomator2Driver's BaseDriver version is 9.16.4
[38;5;0m[AndroidUiautomator2Driver@b948][0m The following provided capabilities were not recognized by this driver:
[38;5;0m[AndroidUiautomator2Driver@b948][0m   deviceId
[38;5;98m[3ed8f48f][0m[38;5;0m[AndroidUiautomator2Driver@b948][0m Session created with session id: 3ed8f48f-f513-44a9-97fe-9573d52af44a
[38;5;98m[3ed8f48f][0m[38;5;229m[ADB][0m Using 'adb' from '/Users/gv.vignesh/.katalon/tools/android_sdk/platform-tools/adb'
[38;5;98m[3ed8f48f][0m[38;5;0m[AndroidUiautomator2Driver@b948][0m Retrieving device list
[38;5;98m[3ed8f48f][0m[38;5;0m[AndroidUiautomator2Driver@b948][0m Using device: emulator-5554
[38;5;98m[3ed8f48f][0m[38;5;229m[ADB][0m Using 'adb' from '/Users/gv.vignesh/.katalon/tools/android_sdk/platform-tools/adb'
[38;5;98m[3ed8f48f][0m[38;5;123m[BaseDriver][0m Using local app '/Users/gv.vignesh/Downloads/WGR-Android-Automation/App Folder/app-debug-Version 2.99.68.apk'
[38;5;98m[3ed8f48f][0m[38;5;229m[ADB][0m Getting device platform version
[38;5;98m[3ed8f48f][0m[38;5;0m[AndroidUiautomator2Driver@b948][0m Relaxing hidden api policy
[38;5;98m[3ed8f48f][0m[38;5;229m[ADB][0m Using 'aapt2' from '/Users/gv.vignesh/.katalon/tools/android_sdk/build-tools/29.0.3/aapt2'
[38;5;98m[3ed8f48f][0m[38;5;229m[ADB][0m Package name: 'westgate_xamarin.android.debug'
[38;5;98m[3ed8f48f][0m[38;5;229m[ADB][0m Main activity name: 'westgate_xamarin.android.MainActivity'
[38;5;98m[3ed8f48f][0m[38;5;0m[AndroidUiautomator2Driver@b948][0m Restoring hidden api policy to the device default configuration
[38;5;98m[3ed8f48f][0m[38;5;86m[HTTP][0m <-- POST /wd/hub/session 500 973 ms - 1568 
[38;5;86m[HTTP][0m [37m-->[39m [37mGET[39m [37m/wd/hub/status[39m {}
[38;5;86m[HTTP][0m <-- GET /wd/hub/status 200 0 ms - 200 
[38;5;86m[HTTP][0m [37m-->[39m [37mPOST[39m [37m/wd/hub/session[39m {"capabilities":{"firstMatch":[{"appium:app":"/Users/gv.vignesh/Downloads/WGR-Android-Automation/App Folder/app-debug-Version 2.99.68.apk","appium:autoGrantPermissions":true,"appium:automationName":"uiautomator2","appium:deviceId":"","appium:deviceName":"emulator-5554 (sdk_gphone64_arm64 - Android 16)","appium:fullReset":true,"appium:newCommandTimeout":1800,"appium:noReset":false,"appium:platformName":"ANDROID","appium:platformVersion":"16","appium:systemPort":54061,"appium:udid":"emulator-5554","appium:uiautomator2ServerInstallTimeout":0,"platformName":"ANDROID"}]},"desiredCapabilities":{"appium:app":"/Users/gv.vignesh/Downloads/WGR-Android-Automation/App Folder/app-debug-Version 2.99.68.apk","appium:autoGrantPermissions":true,"appium:automationName":"uiautomator2","appium:deviceId":"","appium:deviceName":"emulator-5554 (sdk_gphone64_arm64 - Android 16)","appium:fullReset":true,"appium:newCommandTimeout":1800,"appium:noReset":false,"appium:platformName":"ANDROID","appium:platformVersion":"16","appium:syst...
[38;5;123m[BaseDriver][0m Ignoring capability 'appium:platformName=ANDROID' and using capability 'platformName=ANDROID'
[38;5;123m[BaseDriver][0m The capabilities ["platformName"] are standard capabilities and do not require "appium:" prefix
[38;5;112m[Appium][0m Attempting to find matching driver for automationName 'uiautomator2' and platformName 'ANDROID'
[38;5;112m[Appium][0m The 'uiautomator2' driver was installed and matched caps.
[38;5;112m[Appium][0m Will require it at /Users/gv.vignesh/.appium/node_modules/appium-uiautomator2-driver
[38;5;100m[AppiumDriver@daaf][0m Appium v2.17.1 creating new AndroidUiautomator2Driver (v4.2.2) session
[38;5;100m[AppiumDriver@daaf][0m Checking BaseDriver versions for Appium and AndroidUiautomator2Driver
[38;5;100m[AppiumDriver@daaf][0m Appium's BaseDriver version is 9.16.4
[38;5;100m[AppiumDriver@daaf][0m AndroidUiautomator2Driver's BaseDriver version is 9.16.4
[38;5;-115m[AndroidUiautomator2Driver@4d24][0m The following provided capabilities were not recognized by this driver:
[38;5;-115m[AndroidUiautomator2Driver@4d24][0m   deviceId
[38;5;198m[76f3c968][0m[38;5;-115m[AndroidUiautomator2Driver@4d24][0m Session created with session id: 76f3c968-3929-4112-8c3a-9fc3040ca084
[38;5;198m[76f3c968][0m[38;5;229m[ADB][0m Using 'adb' from '/Users/gv.vignesh/.katalon/tools/android_sdk/platform-tools/adb'
[38;5;198m[76f3c968][0m[38;5;-115m[AndroidUiautomator2Driver@4d24][0m Retrieving device list
[38;5;198m[76f3c968][0m[38;5;-115m[AndroidUiautomator2Driver@4d24][0m Using device: emulator-5554
[38;5;198m[76f3c968][0m[38;5;229m[ADB][0m Using 'adb' from '/Users/gv.vignesh/.katalon/tools/android_sdk/platform-tools/adb'
[38;5;198m[76f3c968][0m[38;5;123m[BaseDriver][0m Using local app '/Users/gv.vignesh/Downloads/WGR-Android-Automation/App Folder/app-debug-Version 2.99.68.apk'
[38;5;198m[76f3c968][0m[38;5;229m[ADB][0m Getting device platform version
[38;5;198m[76f3c968][0m[38;5;-115m[AndroidUiautomator2Driver@4d24][0m Relaxing hidden api policy
[38;5;198m[76f3c968][0m[38;5;229m[ADB][0m Using 'aapt2' from '/Users/gv.vignesh/.katalon/tools/android_sdk/build-tools/29.0.3/aapt2'
[38;5;198m[76f3c968][0m[38;5;229m[ADB][0m Package name: 'westgate_xamarin.android.debug'
[38;5;198m[76f3c968][0m[38;5;229m[ADB][0m Main activity name: 'westgate_xamarin.android.MainActivity'
[38;5;198m[76f3c968][0m[38;5;-115m[AndroidUiautomator2Driver@4d24][0m Restoring hidden api policy to the device default configuration
[38;5;198m[76f3c968][0m[38;5;86m[HTTP][0m <-- POST /wd/hub/session 500 847 ms - 1568 
[38;5;86m[HTTP][0m [37m-->[39m [37mGET[39m [37m/wd/hub/status[39m {}
[38;5;86m[HTTP][0m <-- GET /wd/hub/status 200 0 ms - 200 
[38;5;86m[HTTP][0m [37m-->[39m [37mPOST[39m [37m/wd/hub/session[39m {"capabilities":{"firstMatch":[{"appium:app":"/Users/gv.vignesh/Downloads/WGR-Android-Automation/App Folder/app-debug-Version 2.99.68.apk","appium:autoGrantPermissions":true,"appium:automationName":"uiautomator2","appium:deviceId":"","appium:deviceName":"emulator-5554 (sdk_gphone64_arm64 - Android 16)","appium:fullReset":true,"appium:newCommandTimeout":1800,"appium:noReset":false,"appium:platformName":"ANDROID","appium:platformVersion":"16","appium:systemPort":54111,"appium:udid":"emulator-5554","appium:uiautomator2ServerInstallTimeout":0,"platformName":"ANDROID"}]},"desiredCapabilities":{"appium:app":"/Users/gv.vignesh/Downloads/WGR-Android-Automation/App Folder/app-debug-Version 2.99.68.apk","appium:autoGrantPermissions":true,"appium:automationName":"uiautomator2","appium:deviceId":"","appium:deviceName":"emulator-5554 (sdk_gphone64_arm64 - Android 16)","appium:fullReset":true,"appium:newCommandTimeout":1800,"appium:noReset":false,"appium:platformName":"ANDROID","appium:platformVersion":"16","appium:syst...
[38;5;123m[BaseDriver][0m Ignoring capability 'appium:platformName=ANDROID' and using capability 'platformName=ANDROID'
[38;5;123m[BaseDriver][0m The capabilities ["platformName"] are standard capabilities and do not require "appium:" prefix
[38;5;112m[Appium][0m Attempting to find matching driver for automationName 'uiautomator2' and platformName 'ANDROID'
[38;5;112m[Appium][0m The 'uiautomator2' driver was installed and matched caps.
[38;5;112m[Appium][0m Will require it at /Users/gv.vignesh/.appium/node_modules/appium-uiautomator2-driver
[38;5;100m[AppiumDriver@daaf][0m Appium v2.17.1 creating new AndroidUiautomator2Driver (v4.2.2) session
[38;5;100m[AppiumDriver@daaf][0m Checking BaseDriver versions for Appium and AndroidUiautomator2Driver
[38;5;100m[AppiumDriver@daaf][0m Appium's BaseDriver version is 9.16.4
[38;5;100m[AppiumDriver@daaf][0m AndroidUiautomator2Driver's BaseDriver version is 9.16.4
[38;5;-159m[AndroidUiautomator2Driver@3ae1][0m The following provided capabilities were not recognized by this driver:
[38;5;-159m[AndroidUiautomator2Driver@3ae1][0m   deviceId
[38;5;132m[5c0d0f8b][0m[38;5;-159m[AndroidUiautomator2Driver@3ae1][0m Session created with session id: 5c0d0f8b-f356-4fb9-9efe-10452efde163
[38;5;132m[5c0d0f8b][0m[38;5;229m[ADB][0m Using 'adb' from '/Users/gv.vignesh/.katalon/tools/android_sdk/platform-tools/adb'
[38;5;132m[5c0d0f8b][0m[38;5;-159m[AndroidUiautomator2Driver@3ae1][0m Retrieving device list
[38;5;132m[5c0d0f8b][0m[38;5;-159m[AndroidUiautomator2Driver@3ae1][0m Using device: emulator-5554
[38;5;132m[5c0d0f8b][0m[38;5;229m[ADB][0m Using 'adb' from '/Users/gv.vignesh/.katalon/tools/android_sdk/platform-tools/adb'
[38;5;132m[5c0d0f8b][0m[38;5;123m[BaseDriver][0m Using local app '/Users/gv.vignesh/Downloads/WGR-Android-Automation/App Folder/app-debug-Version 2.99.68.apk'
[38;5;132m[5c0d0f8b][0m[38;5;229m[ADB][0m Getting device platform version
[38;5;132m[5c0d0f8b][0m[38;5;-159m[AndroidUiautomator2Driver@3ae1][0m Relaxing hidden api policy
[38;5;132m[5c0d0f8b][0m[38;5;229m[ADB][0m Using 'aapt2' from '/Users/gv.vignesh/.katalon/tools/android_sdk/build-tools/29.0.3/aapt2'
[38;5;132m[5c0d0f8b][0m[38;5;229m[ADB][0m Package name: 'westgate_xamarin.android.debug'
[38;5;132m[5c0d0f8b][0m[38;5;229m[ADB][0m Main activity name: 'westgate_xamarin.android.MainActivity'
[38;5;132m[5c0d0f8b][0m[38;5;-159m[AndroidUiautomator2Driver@3ae1][0m Restoring hidden api policy to the device default configuration
[38;5;132m[5c0d0f8b][0m[38;5;86m[HTTP][0m <-- POST /wd/hub/session 500 781 ms - 1568 
[38;5;86m[HTTP][0m [37m-->[39m [37mGET[39m [37m/wd/hub/status[39m {}
[38;5;86m[HTTP][0m <-- GET /wd/hub/status 200 1 ms - 200 
[38;5;86m[HTTP][0m [37m-->[39m [37mPOST[39m [37m/wd/hub/session[39m {"capabilities":{"firstMatch":[{"appium:app":"/Users/gv.vignesh/Downloads/WGR-Android-Automation/App Folder/app-debug-Version 2.99.68.apk","appium:autoGrantPermissions":true,"appium:automationName":"uiautomator2","appium:deviceId":"","appium:deviceName":"emulator-5554 (sdk_gphone64_arm64 - Android 16)","appium:fullReset":true,"appium:newCommandTimeout":1800,"appium:noReset":false,"appium:platformName":"ANDROID","appium:platformVersion":"16","appium:systemPort":54158,"appium:udid":"emulator-5554","appium:uiautomator2ServerInstallTimeout":0,"platformName":"ANDROID"}]},"desiredCapabilities":{"appium:app":"/Users/gv.vignesh/Downloads/WGR-Android-Automation/App Folder/app-debug-Version 2.99.68.apk","appium:autoGrantPermissions":true,"appium:automationName":"uiautomator2","appium:deviceId":"","appium:deviceName":"emulator-5554 (sdk_gphone64_arm64 - Android 16)","appium:fullReset":true,"appium:newCommandTimeout":1800,"appium:noReset":false,"appium:platformName":"ANDROID","appium:platformVersion":"16","appium:syst...
[38;5;123m[BaseDriver][0m Ignoring capability 'appium:platformName=ANDROID' and using capability 'platformName=ANDROID'
[38;5;123m[BaseDriver][0m The capabilities ["platformName"] are standard capabilities and do not require "appium:" prefix
[38;5;112m[Appium][0m Attempting to find matching driver for automationName 'uiautomator2' and platformName 'ANDROID'
[38;5;112m[Appium][0m The 'uiautomator2' driver was installed and matched caps.
[38;5;112m[Appium][0m Will require it at /Users/gv.vignesh/.appium/node_modules/appium-uiautomator2-driver
[38;5;100m[AppiumDriver@daaf][0m Appium v2.17.1 creating new AndroidUiautomator2Driver (v4.2.2) session
[38;5;100m[AppiumDriver@daaf][0m Checking BaseDriver versions for Appium and AndroidUiautomator2Driver
[38;5;100m[AppiumDriver@daaf][0m Appium's BaseDriver version is 9.16.4
[38;5;100m[AppiumDriver@daaf][0m AndroidUiautomator2Driver's BaseDriver version is 9.16.4
[38;5;-80m[AndroidUiautomator2Driver@531f][0m The following provided capabilities were not recognized by this driver:
[38;5;-80m[AndroidUiautomator2Driver@531f][0m   deviceId
[38;5;161m[7fa8df50][0m[38;5;-80m[AndroidUiautomator2Driver@531f][0m Session created with session id: 7fa8df50-28a1-4b7e-bdda-39cc9cfecada
[38;5;161m[7fa8df50][0m[38;5;229m[ADB][0m Using 'adb' from '/Users/gv.vignesh/.katalon/tools/android_sdk/platform-tools/adb'
[38;5;161m[7fa8df50][0m[38;5;-80m[AndroidUiautomator2Driver@531f][0m Retrieving device list
[38;5;161m[7fa8df50][0m[38;5;-80m[AndroidUiautomator2Driver@531f][0m Using device: emulator-5554
[38;5;161m[7fa8df50][0m[38;5;229m[ADB][0m Using 'adb' from '/Users/gv.vignesh/.katalon/tools/android_sdk/platform-tools/adb'
[38;5;161m[7fa8df50][0m[38;5;123m[BaseDriver][0m Using local app '/Users/gv.vignesh/Downloads/WGR-Android-Automation/App Folder/app-debug-Version 2.99.68.apk'
[38;5;161m[7fa8df50][0m[38;5;229m[ADB][0m Getting device platform version
[38;5;161m[7fa8df50][0m[38;5;-80m[AndroidUiautomator2Driver@531f][0m Relaxing hidden api policy
[38;5;161m[7fa8df50][0m[38;5;229m[ADB][0m Using 'aapt2' from '/Users/gv.vignesh/.katalon/tools/android_sdk/build-tools/29.0.3/aapt2'
[38;5;161m[7fa8df50][0m[38;5;229m[ADB][0m Package name: 'westgate_xamarin.android.debug'
[38;5;161m[7fa8df50][0m[38;5;229m[ADB][0m Main activity name: 'westgate_xamarin.android.MainActivity'
[38;5;161m[7fa8df50][0m[38;5;-80m[AndroidUiautomator2Driver@531f][0m Server packages are not going to be (re)installed
[38;5;161m[7fa8df50][0m[38;5;229m[ADB][0m Adding packages ["io.appium.settings","io.appium.uiautomator2.server","io.appium.uiautomator2.server.test"] to Doze whitelist
[38;5;161m[7fa8df50][0m[38;5;229m[ADB][0m westgate_xamarin.android.debug was successfully uninstalled
[38;5;161m[7fa8df50][0m[38;5;229m[ADB][0m The application at '/Users/gv.vignesh/Downloads/WGR-Android-Automation/App Folder/app-debug-Version 2.99.68.apk' will not be cached, because the device under test has confirmed the support of streamed installs
[38;5;161m[7fa8df50][0m[38;5;229m[ADB][0m The installation of 'app-debug-Version 2.99.68.apk' took 2022ms
[38;5;161m[7fa8df50][0m[38;5;-80m[AndroidUiautomator2Driver@531f][0m Starting UIAutomator2 server 7.4.1
[38;5;161m[7fa8df50][0m[38;5;-80m[AndroidUiautomator2Driver@531f][0m Using UIAutomator2 server from '/Users/gv.vignesh/.appium/node_modules/appium-uiautomator2-driver/node_modules/appium-uiautomator2-server/apks/appium-uiautomator2-server-v7.4.1.apk' and test from '/Users/gv.vignesh/.appium/node_modules/appium-uiautomator2-driver/node_modules/appium-uiautomator2-server/apks/appium-uiautomator2-server-debug-androidTest.apk'
[38;5;161m[7fa8df50][0m[38;5;-80m[AndroidUiautomator2Driver@531f][0m Waiting up to 30000ms for UiAutomator2 to be online...
[38;5;161m[7fa8df50][0m[38;5;-80m[AndroidUiautomator2Driver@531f][0m socket hang up
[38;5;161m[7fa8df50][0m[38;5;-80m[AndroidUiautomator2Driver@531f][0m socket hang up
[38;5;161m[7fa8df50][0m[38;5;-80m[AndroidUiautomator2Driver@531f][0m socket hang up
[38;5;161m[7fa8df50][0m[38;5;-80m[AndroidUiautomator2Driver@531f][0m Determined the downstream protocol as 'W3C'
[38;5;161m[7fa8df50][0m[38;5;-80m[AndroidUiautomator2Driver@531f][0m Screen already unlocked, doing nothing
[38;5;161m[7fa8df50][0m[38;5;-80m[AndroidUiautomator2Driver@531f][0m Starting 'westgate_xamarin.android.debug/westgate_xamarin.android.MainActivity' and waiting for 'westgate_xamarin.android.debug/westgate_xamarin.android.MainActivity'
[38;5;86m[HTTP][0m <-- POST /wd/hub/session - - ms - - 
[38;5;161m[7fa8df50][0m[38;5;100m[AppiumDriver@daaf][0m New AndroidUiautomator2Driver session created successfully, session 7fa8df50-28a1-4b7e-bdda-39cc9cfecada added to master session list
[38;5;190m[f6d39c27][0m[38;5;-9m[AndroidUiautomator2Driver@421c][0m Shutting down because we waited 1800 seconds for a command
[38;5;190m[f6d39c27][0m[38;5;100m[AppiumDriver@daaf][0m Ending session, cause was 'New Command Timeout of 1800 seconds expired. Try customizing the timeout using the 'newCommandTimeout' desired capability'
[38;5;190m[f6d39c27][0m[38;5;100m[AppiumDriver@daaf][0m Removing session 'f6d39c27-2c0e-4f2b-a2c5-264df2fb28d1' from our master session list
[38;5;190m[f6d39c27][0m[38;5;-9m[AndroidUiautomator2Driver@421c][0m Did not get the confirmation of UiAutomator2 server session deletion. Original error: An unknown server-side error occurred while processing the command. Original error: 'DELETE /' cannot be proxied to UiAutomator2 server because the instrumentation process is not running (probably crashed). Check the server log and/or the logcat output for more details
[38;5;190m[f6d39c27][0m[38;5;-9m[AndroidUiautomator2Driver@421c][0m Unable to force stop app: Error executing adbExec. Original error: 'Command '/Users/gv.vignesh/.katalon/tools/android_sdk/platform-tools/adb -P 5037 -s emulator-5554 shell am force-stop westgate_xamarin.android.debug' timed out after 20000ms'. Try to increase the 20000ms adb execution timeout represented by 'adbExecTimeout' capability
[38;5;190m[f6d39c27][0m[38;5;-9m[AndroidUiautomator2Driver@421c][0m Unable to uninstall app: Error executing adbExec. Original error: 'Command '/Users/gv.vignesh/.katalon/tools/android_sdk/platform-tools/adb -P 5037 -s emulator-5554 shell cmd package list packages' timed out after 20000ms'. Try to increase the 20000ms adb execution timeout represented by 'adbExecTimeout' capability
[38;5;161m[7fa8df50][0m[38;5;-80m[AndroidUiautomator2Driver@531f][0m Shutting down because we waited 1800 seconds for a command
[38;5;161m[7fa8df50][0m[38;5;100m[AppiumDriver@daaf][0m Ending session, cause was 'New Command Timeout of 1800 seconds expired. Try customizing the timeout using the 'newCommandTimeout' desired capability'
[38;5;161m[7fa8df50][0m[38;5;100m[AppiumDriver@daaf][0m Removing session '7fa8df50-28a1-4b7e-bdda-39cc9cfecada' from our master session list
[38;5;161m[7fa8df50][0m[38;5;-80m[AndroidUiautomator2Driver@531f][0m Did not get the confirmation of UiAutomator2 server session deletion. Original error: An unknown server-side error occurred while processing the command. Original error: 'DELETE /' cannot be proxied to UiAutomator2 server because the instrumentation process is not running (probably crashed). Check the server log and/or the logcat output for more details
[38;5;190m[f6d39c27][0m[38;5;-9m[AndroidUiautomator2Driver@421c][0m Unable to remove system port forward: Error executing adbExec. Original error: 'Command '/Users/gv.vignesh/.katalon/tools/android_sdk/platform-tools/adb -P 5037 -s emulator-5554 forward --remove tcp\:53241' exited with code 1'; Command output: adb: error: listener 'tcp:53241' not found

[38;5;190m[f6d39c27][0m[38;5;-9m[AndroidUiautomator2Driver@421c][0m Restoring hidden api policy to the device default configuration
