[38;5;112m[Appium][0m Welcome to Appium v2.16.0 (REV f1041842141f20bc701b522d4371d7843d905580)
[38;5;112m[Appium][0m Non-default server args:
[38;5;112m[Appium][0m { basePath: [32m'/wd/hub'[39m, loglevel: [32m'info'[39m, port: [33m55992[39m }
[38;5;112m[Appium][0m Attempting to load driver uiautomator2...
[38;5;112m[Appium][0m Appium REST http interface listener started on http://0.0.0.0:55992/wd/hub
[38;5;112m[Appium][0m You can provide the following URLs in your client code to connect to this server:
	http://127.0.0.1:55992/wd/hub (only accessible from the same host)
	http://192.168.0.102:55992/wd/hub
[38;5;112m[Appium][0m Available drivers:
[38;5;112m[Appium][0m   - uiautomator2@4.1.5 (automationName 'UiAutomator2')
[38;5;112m[Appium][0m No plugins have been installed. Use the "appium plugin" command to install the one(s) you want to use.
[38;5;86m[HTTP][0m [37m-->[39m [37mGET[39m [37m/wd/hub/status[39m {}
[38;5;86m[HTTP][0m <-- GET /wd/hub/status 200 5 ms - 200 
[38;5;86m[HTTP][0m [37m-->[39m [37mPOST[39m [37m/wd/hub/session[39m {"capabilities":{"firstMatch":[{"appium:app":"/Users/gv.vignesh/Downloads/WGR-Android-Automation/App Folder/universal.apk","appium:autoGrantPermissions":true,"appium:automationName":"uiautomator2","appium:deviceId":"","appium:deviceName":"Xiaomi 23076PC4BI (Android 15)","appium:fullReset":true,"appium:newCommandTimeout":1800,"appium:noReset":false,"appium:platformName":"ANDROID","appium:platformVersion":"15","appium:systemPort":55991,"appium:udid":"adb-a6e538dc5180-rpwVK8._adb-tls-connect._tcp","platformName":"ANDROID"}]},"desiredCapabilities":{"appium:app":"/Users/gv.vignesh/Downloads/WGR-Android-Automation/App Folder/universal.apk","appium:autoGrantPermissions":true,"appium:automationName":"uiautomator2","appium:deviceId":"","appium:deviceName":"Xiaomi 23076PC4BI (Android 15)","appium:fullReset":true,"appium:newCommandTimeout":1800,"appium:noReset":false,"appium:platformName":"ANDROID","appium:platformVersion":"15","appium:systemPort":55991,"appium:udid":"adb-a6e538dc5180-rpwVK8._adb-tls-connect._tcp"}}
[38;5;123m[BaseDriver][0m Ignoring capability 'appium:platformName=ANDROID' and using capability 'platformName=ANDROID'
[38;5;123m[BaseDriver][0m The capabilities ["platformName"] are standard capabilities and do not require "appium:" prefix
[38;5;112m[Appium][0m Attempting to find matching driver for automationName 'uiautomator2' and platformName 'ANDROID'
[38;5;112m[Appium][0m The 'uiautomator2' driver was installed and matched caps.
[38;5;112m[Appium][0m Will require it at /Users/gv.vignesh/.appium/node_modules/appium-uiautomator2-driver
[38;5;71m[AppiumDriver@95ba][0m Appium v2.16.0 creating new AndroidUiautomator2Driver (v4.1.5) session
[38;5;71m[AppiumDriver@95ba][0m Checking BaseDriver versions for Appium and AndroidUiautomator2Driver
[38;5;71m[AppiumDriver@95ba][0m Appium's BaseDriver version is 9.16.4
[38;5;71m[AppiumDriver@95ba][0m AndroidUiautomator2Driver's BaseDriver version is 9.16.4
[38;5;-191m[AndroidUiautomator2Driver@a753][0m The following provided capabilities were not recognized by this driver:
[38;5;-191m[AndroidUiautomator2Driver@a753][0m   deviceId
[38;5;169m[0c1a1da0][0m[38;5;-191m[AndroidUiautomator2Driver@a753][0m Session created with session id: 0c1a1da0-553e-4035-b596-49ae9242dcdd
[38;5;169m[0c1a1da0][0m[38;5;229m[ADB][0m Found 1 'build-tools' folders under '/Users/gv.vignesh/.katalon/tools/android_sdk' (newest first):
[38;5;169m[0c1a1da0][0m[38;5;229m[ADB][0m     /Users/gv.vignesh/.katalon/tools/android_sdk/build-tools/29.0.3
[38;5;169m[0c1a1da0][0m[38;5;229m[ADB][0m Using 'adb' from '/Users/gv.vignesh/.katalon/tools/android_sdk/platform-tools/adb'
[38;5;169m[0c1a1da0][0m[38;5;-191m[AndroidUiautomator2Driver@a753][0m Retrieving device list
[38;5;169m[0c1a1da0][0m[38;5;-191m[AndroidUiautomator2Driver@a753][0m Using device: adb-a6e538dc5180-rpwVK8._adb-tls-connect._tcp
[38;5;169m[0c1a1da0][0m[38;5;229m[ADB][0m Using 'adb' from '/Users/gv.vignesh/.katalon/tools/android_sdk/platform-tools/adb'
[38;5;169m[0c1a1da0][0m[38;5;123m[BaseDriver][0m Using local app '/Users/gv.vignesh/Downloads/WGR-Android-Automation/App Folder/universal.apk'
[38;5;169m[0c1a1da0][0m[38;5;229m[ADB][0m Getting device platform version
[38;5;169m[0c1a1da0][0m[38;5;-191m[AndroidUiautomator2Driver@a753][0m Relaxing hidden api policy
[38;5;169m[0c1a1da0][0m[38;5;229m[ADB][0m Using 'aapt2' from '/Users/gv.vignesh/.katalon/tools/android_sdk/build-tools/29.0.3/aapt2'
[38;5;169m[0c1a1da0][0m[38;5;229m[ADB][0m Package name: 'com.westgate.rewrite2'
[38;5;169m[0c1a1da0][0m[38;5;229m[ADB][0m Main activity name: 'com.westgate.rewrite2.MainActivity'
[38;5;169m[0c1a1da0][0m[38;5;-191m[AndroidUiautomator2Driver@a753][0m Restoring hidden api policy to the device default configuration
[38;5;169m[0c1a1da0][0m[38;5;86m[HTTP][0m <-- POST /wd/hub/session 500 1117 ms - 10204 
[38;5;86m[HTTP][0m [37m-->[39m [37mGET[39m [37m/wd/hub/status[39m {}
[38;5;86m[HTTP][0m <-- GET /wd/hub/status 200 0 ms - 200 
[38;5;86m[HTTP][0m [37m-->[39m [37mPOST[39m [37m/wd/hub/session[39m {"capabilities":{"firstMatch":[{"appium:app":"/Users/gv.vignesh/Downloads/WGR-Android-Automation/App Folder/universal.apk","appium:autoGrantPermissions":true,"appium:automationName":"uiautomator2","appium:deviceId":"","appium:deviceName":"Xiaomi 23076PC4BI (Android 15)","appium:fullReset":true,"appium:newCommandTimeout":1800,"appium:noReset":false,"appium:platformName":"ANDROID","appium:platformVersion":"15","appium:systemPort":56036,"appium:udid":"adb-a6e538dc5180-rpwVK8._adb-tls-connect._tcp","platformName":"ANDROID"}]},"desiredCapabilities":{"appium:app":"/Users/gv.vignesh/Downloads/WGR-Android-Automation/App Folder/universal.apk","appium:autoGrantPermissions":true,"appium:automationName":"uiautomator2","appium:deviceId":"","appium:deviceName":"Xiaomi 23076PC4BI (Android 15)","appium:fullReset":true,"appium:newCommandTimeout":1800,"appium:noReset":false,"appium:platformName":"ANDROID","appium:platformVersion":"15","appium:systemPort":56036,"appium:udid":"adb-a6e538dc5180-rpwVK8._adb-tls-connect._tcp"}}
[38;5;123m[BaseDriver][0m Ignoring capability 'appium:platformName=ANDROID' and using capability 'platformName=ANDROID'
[38;5;123m[BaseDriver][0m The capabilities ["platformName"] are standard capabilities and do not require "appium:" prefix
[38;5;112m[Appium][0m Attempting to find matching driver for automationName 'uiautomator2' and platformName 'ANDROID'
[38;5;112m[Appium][0m The 'uiautomator2' driver was installed and matched caps.
[38;5;112m[Appium][0m Will require it at /Users/gv.vignesh/.appium/node_modules/appium-uiautomator2-driver
[38;5;71m[AppiumDriver@95ba][0m Appium v2.16.0 creating new AndroidUiautomator2Driver (v4.1.5) session
[38;5;71m[AppiumDriver@95ba][0m Checking BaseDriver versions for Appium and AndroidUiautomator2Driver
[38;5;71m[AppiumDriver@95ba][0m Appium's BaseDriver version is 9.16.4
[38;5;71m[AppiumDriver@95ba][0m AndroidUiautomator2Driver's BaseDriver version is 9.16.4
[38;5;-50m[AndroidUiautomator2Driver@81dd][0m The following provided capabilities were not recognized by this driver:
[38;5;-50m[AndroidUiautomator2Driver@81dd][0m   deviceId
[38;5;24m[83bc6398][0m[38;5;-50m[AndroidUiautomator2Driver@81dd][0m Session created with session id: 83bc6398-11bf-4948-b72e-a35b02c3f5d7
[38;5;24m[83bc6398][0m[38;5;229m[ADB][0m Using 'adb' from '/Users/gv.vignesh/.katalon/tools/android_sdk/platform-tools/adb'
[38;5;24m[83bc6398][0m[38;5;-50m[AndroidUiautomator2Driver@81dd][0m Retrieving device list
[38;5;24m[83bc6398][0m[38;5;-50m[AndroidUiautomator2Driver@81dd][0m Using device: adb-a6e538dc5180-rpwVK8._adb-tls-connect._tcp
[38;5;24m[83bc6398][0m[38;5;229m[ADB][0m Using 'adb' from '/Users/gv.vignesh/.katalon/tools/android_sdk/platform-tools/adb'
[38;5;24m[83bc6398][0m[38;5;123m[BaseDriver][0m Using local app '/Users/gv.vignesh/Downloads/WGR-Android-Automation/App Folder/universal.apk'
[38;5;24m[83bc6398][0m[38;5;229m[ADB][0m Getting device platform version
[38;5;24m[83bc6398][0m[38;5;-50m[AndroidUiautomator2Driver@81dd][0m Relaxing hidden api policy
[38;5;24m[83bc6398][0m[38;5;229m[ADB][0m Using 'aapt2' from '/Users/gv.vignesh/.katalon/tools/android_sdk/build-tools/29.0.3/aapt2'
[38;5;24m[83bc6398][0m[38;5;229m[ADB][0m Package name: 'com.westgate.rewrite2'
[38;5;24m[83bc6398][0m[38;5;229m[ADB][0m Main activity name: 'com.westgate.rewrite2.MainActivity'
[38;5;24m[83bc6398][0m[38;5;-50m[AndroidUiautomator2Driver@81dd][0m Restoring hidden api policy to the device default configuration
[38;5;24m[83bc6398][0m[38;5;86m[HTTP][0m <-- POST /wd/hub/session 500 1495 ms - 10204 
[38;5;86m[HTTP][0m [37m-->[39m [37mGET[39m [37m/wd/hub/status[39m {}
[38;5;86m[HTTP][0m <-- GET /wd/hub/status 200 0 ms - 200 
[38;5;86m[HTTP][0m [37m-->[39m [37mPOST[39m [37m/wd/hub/session[39m {"capabilities":{"firstMatch":[{"appium:app":"/Users/gv.vignesh/Downloads/WGR-Android-Automation/App Folder/universal.apk","appium:autoGrantPermissions":true,"appium:automationName":"uiautomator2","appium:deviceId":"","appium:deviceName":"Xiaomi 23076PC4BI (Android 15)","appium:fullReset":true,"appium:newCommandTimeout":1800,"appium:noReset":false,"appium:platformName":"ANDROID","appium:platformVersion":"15","appium:systemPort":56098,"appium:udid":"adb-a6e538dc5180-rpwVK8._adb-tls-connect._tcp","platformName":"ANDROID"}]},"desiredCapabilities":{"appium:app":"/Users/gv.vignesh/Downloads/WGR-Android-Automation/App Folder/universal.apk","appium:autoGrantPermissions":true,"appium:automationName":"uiautomator2","appium:deviceId":"","appium:deviceName":"Xiaomi 23076PC4BI (Android 15)","appium:fullReset":true,"appium:newCommandTimeout":1800,"appium:noReset":false,"appium:platformName":"ANDROID","appium:platformVersion":"15","appium:systemPort":56098,"appium:udid":"adb-a6e538dc5180-rpwVK8._adb-tls-connect._tcp"}}
[38;5;123m[BaseDriver][0m Ignoring capability 'appium:platformName=ANDROID' and using capability 'platformName=ANDROID'
[38;5;123m[BaseDriver][0m The capabilities ["platformName"] are standard capabilities and do not require "appium:" prefix
[38;5;112m[Appium][0m Attempting to find matching driver for automationName 'uiautomator2' and platformName 'ANDROID'
[38;5;112m[Appium][0m The 'uiautomator2' driver was installed and matched caps.
[38;5;112m[Appium][0m Will require it at /Users/gv.vignesh/.appium/node_modules/appium-uiautomator2-driver
[38;5;71m[AppiumDriver@95ba][0m Appium v2.16.0 creating new AndroidUiautomator2Driver (v4.1.5) session
[38;5;71m[AppiumDriver@95ba][0m Checking BaseDriver versions for Appium and AndroidUiautomator2Driver
[38;5;71m[AppiumDriver@95ba][0m Appium's BaseDriver version is 9.16.4
[38;5;71m[AppiumDriver@95ba][0m AndroidUiautomator2Driver's BaseDriver version is 9.16.4
[38;5;-14m[AndroidUiautomator2Driver@1f9e][0m The following provided capabilities were not recognized by this driver:
[38;5;-14m[AndroidUiautomator2Driver@1f9e][0m   deviceId
[38;5;164m[16b33737][0m[38;5;-14m[AndroidUiautomator2Driver@1f9e][0m Session created with session id: 16b33737-22ec-42b5-bc5f-3ef75150df8b
[38;5;164m[16b33737][0m[38;5;229m[ADB][0m Using 'adb' from '/Users/gv.vignesh/.katalon/tools/android_sdk/platform-tools/adb'
[38;5;164m[16b33737][0m[38;5;-14m[AndroidUiautomator2Driver@1f9e][0m Retrieving device list
[38;5;164m[16b33737][0m[38;5;-14m[AndroidUiautomator2Driver@1f9e][0m Using device: adb-a6e538dc5180-rpwVK8._adb-tls-connect._tcp
[38;5;164m[16b33737][0m[38;5;229m[ADB][0m Using 'adb' from '/Users/gv.vignesh/.katalon/tools/android_sdk/platform-tools/adb'
[38;5;164m[16b33737][0m[38;5;123m[BaseDriver][0m Using local app '/Users/gv.vignesh/Downloads/WGR-Android-Automation/App Folder/universal.apk'
[38;5;164m[16b33737][0m[38;5;229m[ADB][0m Getting device platform version
[38;5;164m[16b33737][0m[38;5;-14m[AndroidUiautomator2Driver@1f9e][0m Relaxing hidden api policy
[38;5;164m[16b33737][0m[38;5;229m[ADB][0m Using 'aapt2' from '/Users/gv.vignesh/.katalon/tools/android_sdk/build-tools/29.0.3/aapt2'
[38;5;164m[16b33737][0m[38;5;229m[ADB][0m Package name: 'com.westgate.rewrite2'
[38;5;164m[16b33737][0m[38;5;229m[ADB][0m Main activity name: 'com.westgate.rewrite2.MainActivity'
[38;5;164m[16b33737][0m[38;5;-14m[AndroidUiautomator2Driver@1f9e][0m Restoring hidden api policy to the device default configuration
[38;5;164m[16b33737][0m[38;5;86m[HTTP][0m <-- POST /wd/hub/session 500 947 ms - 10204 
[38;5;86m[HTTP][0m [37m-->[39m [37mGET[39m [37m/wd/hub/status[39m {}
[38;5;86m[HTTP][0m <-- GET /wd/hub/status 200 0 ms - 200 
[38;5;86m[HTTP][0m [37m-->[39m [37mPOST[39m [37m/wd/hub/session[39m {"capabilities":{"firstMatch":[{"appium:app":"/Users/gv.vignesh/Downloads/WGR-Android-Automation/App Folder/universal.apk","appium:autoGrantPermissions":true,"appium:automationName":"uiautomator2","appium:deviceId":"","appium:deviceName":"Xiaomi 23076PC4BI (Android 15)","appium:fullReset":true,"appium:newCommandTimeout":1800,"appium:noReset":false,"appium:platformName":"ANDROID","appium:platformVersion":"15","appium:systemPort":56153,"appium:udid":"adb-a6e538dc5180-rpwVK8._adb-tls-connect._tcp","platformName":"ANDROID"}]},"desiredCapabilities":{"appium:app":"/Users/gv.vignesh/Downloads/WGR-Android-Automation/App Folder/universal.apk","appium:autoGrantPermissions":true,"appium:automationName":"uiautomator2","appium:deviceId":"","appium:deviceName":"Xiaomi 23076PC4BI (Android 15)","appium:fullReset":true,"appium:newCommandTimeout":1800,"appium:noReset":false,"appium:platformName":"ANDROID","appium:platformVersion":"15","appium:systemPort":56153,"appium:udid":"adb-a6e538dc5180-rpwVK8._adb-tls-connect._tcp"}}
[38;5;123m[BaseDriver][0m Ignoring capability 'appium:platformName=ANDROID' and using capability 'platformName=ANDROID'
[38;5;123m[BaseDriver][0m The capabilities ["platformName"] are standard capabilities and do not require "appium:" prefix
[38;5;112m[Appium][0m Attempting to find matching driver for automationName 'uiautomator2' and platformName 'ANDROID'
[38;5;112m[Appium][0m The 'uiautomator2' driver was installed and matched caps.
[38;5;112m[Appium][0m Will require it at /Users/gv.vignesh/.appium/node_modules/appium-uiautomator2-driver
[38;5;71m[AppiumDriver@95ba][0m Appium v2.16.0 creating new AndroidUiautomator2Driver (v4.1.5) session
[38;5;71m[AppiumDriver@95ba][0m Checking BaseDriver versions for Appium and AndroidUiautomator2Driver
[38;5;71m[AppiumDriver@95ba][0m Appium's BaseDriver version is 9.16.4
[38;5;71m[AppiumDriver@95ba][0m AndroidUiautomator2Driver's BaseDriver version is 9.16.4
[38;5;-42m[AndroidUiautomator2Driver@3a25][0m The following provided capabilities were not recognized by this driver:
[38;5;-42m[AndroidUiautomator2Driver@3a25][0m   deviceId
[38;5;134m[e922380a][0m[38;5;-42m[AndroidUiautomator2Driver@3a25][0m Session created with session id: e922380a-404d-4fe0-bf48-28d0fb42318b
[38;5;134m[e922380a][0m[38;5;229m[ADB][0m Using 'adb' from '/Users/gv.vignesh/.katalon/tools/android_sdk/platform-tools/adb'
[38;5;134m[e922380a][0m[38;5;-42m[AndroidUiautomator2Driver@3a25][0m Retrieving device list
[38;5;134m[e922380a][0m[38;5;-42m[AndroidUiautomator2Driver@3a25][0m Using device: adb-a6e538dc5180-rpwVK8._adb-tls-connect._tcp
[38;5;134m[e922380a][0m[38;5;229m[ADB][0m Using 'adb' from '/Users/gv.vignesh/.katalon/tools/android_sdk/platform-tools/adb'
[38;5;134m[e922380a][0m[38;5;123m[BaseDriver][0m Using local app '/Users/gv.vignesh/Downloads/WGR-Android-Automation/App Folder/universal.apk'
[38;5;134m[e922380a][0m[38;5;229m[ADB][0m Getting device platform version
[38;5;134m[e922380a][0m[38;5;-42m[AndroidUiautomator2Driver@3a25][0m Relaxing hidden api policy
[38;5;134m[e922380a][0m[38;5;229m[ADB][0m Using 'aapt2' from '/Users/gv.vignesh/.katalon/tools/android_sdk/build-tools/29.0.3/aapt2'
[38;5;134m[e922380a][0m[38;5;229m[ADB][0m Package name: 'com.westgate.rewrite2'
[38;5;134m[e922380a][0m[38;5;229m[ADB][0m Main activity name: 'com.westgate.rewrite2.MainActivity'
[38;5;134m[e922380a][0m[38;5;-42m[AndroidUiautomator2Driver@3a25][0m Restoring hidden api policy to the device default configuration
[38;5;134m[e922380a][0m[38;5;86m[HTTP][0m <-- POST /wd/hub/session 500 1613 ms - 10204 
[38;5;86m[HTTP][0m [37m-->[39m [37mGET[39m [37m/wd/hub/status[39m {}
[38;5;86m[HTTP][0m <-- GET /wd/hub/status 200 1 ms - 200 
[38;5;86m[HTTP][0m [37m-->[39m [37mPOST[39m [37m/wd/hub/session[39m {"capabilities":{"firstMatch":[{"appium:app":"/Users/gv.vignesh/Downloads/WGR-Android-Automation/App Folder/universal.apk","appium:autoGrantPermissions":true,"appium:automationName":"uiautomator2","appium:deviceId":"","appium:deviceName":"Xiaomi 23076PC4BI (Android 15)","appium:fullReset":true,"appium:newCommandTimeout":1800,"appium:noReset":false,"appium:platformName":"ANDROID","appium:platformVersion":"15","appium:systemPort":56208,"appium:udid":"adb-a6e538dc5180-rpwVK8._adb-tls-connect._tcp","platformName":"ANDROID"}]},"desiredCapabilities":{"appium:app":"/Users/gv.vignesh/Downloads/WGR-Android-Automation/App Folder/universal.apk","appium:autoGrantPermissions":true,"appium:automationName":"uiautomator2","appium:deviceId":"","appium:deviceName":"Xiaomi 23076PC4BI (Android 15)","appium:fullReset":true,"appium:newCommandTimeout":1800,"appium:noReset":false,"appium:platformName":"ANDROID","appium:platformVersion":"15","appium:systemPort":56208,"appium:udid":"adb-a6e538dc5180-rpwVK8._adb-tls-connect._tcp"}}
[38;5;123m[BaseDriver][0m Ignoring capability 'appium:platformName=ANDROID' and using capability 'platformName=ANDROID'
[38;5;123m[BaseDriver][0m The capabilities ["platformName"] are standard capabilities and do not require "appium:" prefix
[38;5;112m[Appium][0m Attempting to find matching driver for automationName 'uiautomator2' and platformName 'ANDROID'
[38;5;112m[Appium][0m The 'uiautomator2' driver was installed and matched caps.
[38;5;112m[Appium][0m Will require it at /Users/gv.vignesh/.appium/node_modules/appium-uiautomator2-driver
[38;5;71m[AppiumDriver@95ba][0m Appium v2.16.0 creating new AndroidUiautomator2Driver (v4.1.5) session
[38;5;71m[AppiumDriver@95ba][0m Checking BaseDriver versions for Appium and AndroidUiautomator2Driver
[38;5;71m[AppiumDriver@95ba][0m Appium's BaseDriver version is 9.16.4
[38;5;71m[AppiumDriver@95ba][0m AndroidUiautomator2Driver's BaseDriver version is 9.16.4
[38;5;-195m[AndroidUiautomator2Driver@7b49][0m The following provided capabilities were not recognized by this driver:
[38;5;-195m[AndroidUiautomator2Driver@7b49][0m   deviceId
[38;5;73m[34445072][0m[38;5;-195m[AndroidUiautomator2Driver@7b49][0m Session created with session id: 34445072-95fd-4c45-9ec9-3653d48a62fd
[38;5;73m[34445072][0m[38;5;229m[ADB][0m Using 'adb' from '/Users/gv.vignesh/.katalon/tools/android_sdk/platform-tools/adb'
[38;5;73m[34445072][0m[38;5;-195m[AndroidUiautomator2Driver@7b49][0m Retrieving device list
[38;5;73m[34445072][0m[38;5;-195m[AndroidUiautomator2Driver@7b49][0m Using device: adb-a6e538dc5180-rpwVK8._adb-tls-connect._tcp
[38;5;73m[34445072][0m[38;5;229m[ADB][0m Using 'adb' from '/Users/gv.vignesh/.katalon/tools/android_sdk/platform-tools/adb'
[38;5;73m[34445072][0m[38;5;123m[BaseDriver][0m Using local app '/Users/gv.vignesh/Downloads/WGR-Android-Automation/App Folder/universal.apk'
[38;5;73m[34445072][0m[38;5;229m[ADB][0m Getting device platform version
[38;5;73m[34445072][0m[38;5;-195m[AndroidUiautomator2Driver@7b49][0m Relaxing hidden api policy
[38;5;73m[34445072][0m[38;5;229m[ADB][0m Using 'aapt2' from '/Users/gv.vignesh/.katalon/tools/android_sdk/build-tools/29.0.3/aapt2'
[38;5;73m[34445072][0m[38;5;229m[ADB][0m Package name: 'com.westgate.rewrite2'
[38;5;73m[34445072][0m[38;5;229m[ADB][0m Main activity name: 'com.westgate.rewrite2.MainActivity'
[38;5;73m[34445072][0m[38;5;-195m[AndroidUiautomator2Driver@7b49][0m Restoring hidden api policy to the device default configuration
[38;5;73m[34445072][0m[38;5;86m[HTTP][0m <-- POST /wd/hub/session 500 1051 ms - 10204 
[38;5;86m[HTTP][0m [37m-->[39m [37mGET[39m [37m/wd/hub/status[39m {}
[38;5;86m[HTTP][0m <-- GET /wd/hub/status 200 0 ms - 200 
[38;5;86m[HTTP][0m [37m-->[39m [37mPOST[39m [37m/wd/hub/session[39m {"capabilities":{"firstMatch":[{"appium:app":"/Users/gv.vignesh/Downloads/WGR-Android-Automation/App Folder/universal.apk","appium:autoGrantPermissions":true,"appium:automationName":"uiautomator2","appium:deviceId":"","appium:deviceName":"Xiaomi 23076PC4BI (Android 15)","appium:fullReset":true,"appium:newCommandTimeout":1800,"appium:noReset":false,"appium:platformName":"ANDROID","appium:platformVersion":"15","appium:systemPort":56257,"appium:udid":"adb-a6e538dc5180-rpwVK8._adb-tls-connect._tcp","platformName":"ANDROID"}]},"desiredCapabilities":{"appium:app":"/Users/gv.vignesh/Downloads/WGR-Android-Automation/App Folder/universal.apk","appium:autoGrantPermissions":true,"appium:automationName":"uiautomator2","appium:deviceId":"","appium:deviceName":"Xiaomi 23076PC4BI (Android 15)","appium:fullReset":true,"appium:newCommandTimeout":1800,"appium:noReset":false,"appium:platformName":"ANDROID","appium:platformVersion":"15","appium:systemPort":56257,"appium:udid":"adb-a6e538dc5180-rpwVK8._adb-tls-connect._tcp"}}
[38;5;123m[BaseDriver][0m Ignoring capability 'appium:platformName=ANDROID' and using capability 'platformName=ANDROID'
[38;5;123m[BaseDriver][0m The capabilities ["platformName"] are standard capabilities and do not require "appium:" prefix
[38;5;112m[Appium][0m Attempting to find matching driver for automationName 'uiautomator2' and platformName 'ANDROID'
[38;5;112m[Appium][0m The 'uiautomator2' driver was installed and matched caps.
[38;5;112m[Appium][0m Will require it at /Users/gv.vignesh/.appium/node_modules/appium-uiautomator2-driver
[38;5;71m[AppiumDriver@95ba][0m Appium v2.16.0 creating new AndroidUiautomator2Driver (v4.1.5) session
[38;5;71m[AppiumDriver@95ba][0m Checking BaseDriver versions for Appium and AndroidUiautomator2Driver
[38;5;71m[AppiumDriver@95ba][0m Appium's BaseDriver version is 9.16.4
[38;5;71m[AppiumDriver@95ba][0m AndroidUiautomator2Driver's BaseDriver version is 9.16.4
[38;5;-38m[AndroidUiautomator2Driver@f71c][0m The following provided capabilities were not recognized by this driver:
[38;5;-38m[AndroidUiautomator2Driver@f71c][0m   deviceId
[38;5;171m[0a69d7f4][0m[38;5;-38m[AndroidUiautomator2Driver@f71c][0m Session created with session id: 0a69d7f4-2135-4345-9a11-d4539c98629f
[38;5;171m[0a69d7f4][0m[38;5;229m[ADB][0m Using 'adb' from '/Users/gv.vignesh/.katalon/tools/android_sdk/platform-tools/adb'
[38;5;171m[0a69d7f4][0m[38;5;-38m[AndroidUiautomator2Driver@f71c][0m Retrieving device list
[38;5;171m[0a69d7f4][0m[38;5;-38m[AndroidUiautomator2Driver@f71c][0m Using device: adb-a6e538dc5180-rpwVK8._adb-tls-connect._tcp
[38;5;171m[0a69d7f4][0m[38;5;229m[ADB][0m Using 'adb' from '/Users/gv.vignesh/.katalon/tools/android_sdk/platform-tools/adb'
[38;5;171m[0a69d7f4][0m[38;5;123m[BaseDriver][0m Using local app '/Users/gv.vignesh/Downloads/WGR-Android-Automation/App Folder/universal.apk'
[38;5;171m[0a69d7f4][0m[38;5;229m[ADB][0m Getting device platform version
[38;5;171m[0a69d7f4][0m[38;5;-38m[AndroidUiautomator2Driver@f71c][0m Relaxing hidden api policy
[38;5;171m[0a69d7f4][0m[38;5;229m[ADB][0m Using 'aapt2' from '/Users/gv.vignesh/.katalon/tools/android_sdk/build-tools/29.0.3/aapt2'
[38;5;171m[0a69d7f4][0m[38;5;229m[ADB][0m Package name: 'com.westgate.rewrite2'
[38;5;171m[0a69d7f4][0m[38;5;229m[ADB][0m Main activity name: 'com.westgate.rewrite2.MainActivity'
[38;5;171m[0a69d7f4][0m[38;5;-38m[AndroidUiautomator2Driver@f71c][0m Restoring hidden api policy to the device default configuration
[38;5;171m[0a69d7f4][0m[38;5;86m[HTTP][0m <-- POST /wd/hub/session 500 1577 ms - 10204 
[38;5;86m[HTTP][0m [37m-->[39m [37mGET[39m [37m/wd/hub/status[39m {}
[38;5;86m[HTTP][0m <-- GET /wd/hub/status 200 0 ms - 200 
[38;5;86m[HTTP][0m [37m-->[39m [37mPOST[39m [37m/wd/hub/session[39m {"capabilities":{"firstMatch":[{"appium:app":"/Users/gv.vignesh/Downloads/WGR-Android-Automation/App Folder/universal.apk","appium:autoGrantPermissions":true,"appium:automationName":"uiautomator2","appium:deviceId":"","appium:deviceName":"Xiaomi 23076PC4BI (Android 15)","appium:fullReset":true,"appium:newCommandTimeout":1800,"appium:noReset":false,"appium:platformName":"ANDROID","appium:platformVersion":"15","appium:systemPort":56327,"appium:udid":"adb-a6e538dc5180-rpwVK8._adb-tls-connect._tcp","platformName":"ANDROID"}]},"desiredCapabilities":{"appium:app":"/Users/gv.vignesh/Downloads/WGR-Android-Automation/App Folder/universal.apk","appium:autoGrantPermissions":true,"appium:automationName":"uiautomator2","appium:deviceId":"","appium:deviceName":"Xiaomi 23076PC4BI (Android 15)","appium:fullReset":true,"appium:newCommandTimeout":1800,"appium:noReset":false,"appium:platformName":"ANDROID","appium:platformVersion":"15","appium:systemPort":56327,"appium:udid":"adb-a6e538dc5180-rpwVK8._adb-tls-connect._tcp"}}
[38;5;123m[BaseDriver][0m Ignoring capability 'appium:platformName=ANDROID' and using capability 'platformName=ANDROID'
[38;5;123m[BaseDriver][0m The capabilities ["platformName"] are standard capabilities and do not require "appium:" prefix
[38;5;112m[Appium][0m Attempting to find matching driver for automationName 'uiautomator2' and platformName 'ANDROID'
[38;5;112m[Appium][0m The 'uiautomator2' driver was installed and matched caps.
[38;5;112m[Appium][0m Will require it at /Users/gv.vignesh/.appium/node_modules/appium-uiautomator2-driver
[38;5;71m[AppiumDriver@95ba][0m Appium v2.16.0 creating new AndroidUiautomator2Driver (v4.1.5) session
[38;5;71m[AppiumDriver@95ba][0m Checking BaseDriver versions for Appium and AndroidUiautomator2Driver
[38;5;71m[AppiumDriver@95ba][0m Appium's BaseDriver version is 9.16.4
[38;5;71m[AppiumDriver@95ba][0m AndroidUiautomator2Driver's BaseDriver version is 9.16.4
[38;5;-184m[AndroidUiautomator2Driver@14df][0m The following provided capabilities were not recognized by this driver:
[38;5;-184m[AndroidUiautomator2Driver@14df][0m   deviceId
[38;5;111m[09c007d8][0m[38;5;-184m[AndroidUiautomator2Driver@14df][0m Session created with session id: 09c007d8-dc81-42b6-894b-9ba7a5e67f6e
[38;5;111m[09c007d8][0m[38;5;229m[ADB][0m Using 'adb' from '/Users/gv.vignesh/.katalon/tools/android_sdk/platform-tools/adb'
[38;5;111m[09c007d8][0m[38;5;-184m[AndroidUiautomator2Driver@14df][0m Retrieving device list
[38;5;111m[09c007d8][0m[38;5;-184m[AndroidUiautomator2Driver@14df][0m Using device: adb-a6e538dc5180-rpwVK8._adb-tls-connect._tcp
[38;5;111m[09c007d8][0m[38;5;229m[ADB][0m Using 'adb' from '/Users/gv.vignesh/.katalon/tools/android_sdk/platform-tools/adb'
[38;5;111m[09c007d8][0m[38;5;123m[BaseDriver][0m Using local app '/Users/gv.vignesh/Downloads/WGR-Android-Automation/App Folder/universal.apk'
[38;5;111m[09c007d8][0m[38;5;229m[ADB][0m Getting device platform version
[38;5;111m[09c007d8][0m[38;5;-184m[AndroidUiautomator2Driver@14df][0m Relaxing hidden api policy
[38;5;111m[09c007d8][0m[38;5;229m[ADB][0m Using 'aapt2' from '/Users/gv.vignesh/.katalon/tools/android_sdk/build-tools/29.0.3/aapt2'
[38;5;111m[09c007d8][0m[38;5;229m[ADB][0m Package name: 'com.westgate.rewrite2'
[38;5;111m[09c007d8][0m[38;5;229m[ADB][0m Main activity name: 'com.westgate.rewrite2.MainActivity'
[38;5;111m[09c007d8][0m[38;5;-184m[AndroidUiautomator2Driver@14df][0m Restoring hidden api policy to the device default configuration
[38;5;111m[09c007d8][0m[38;5;86m[HTTP][0m <-- POST /wd/hub/session 500 1811 ms - 10204 
[38;5;86m[HTTP][0m [37m-->[39m [37mGET[39m [37m/wd/hub/status[39m {}
[38;5;86m[HTTP][0m <-- GET /wd/hub/status 200 1 ms - 200 
[38;5;86m[HTTP][0m [37m-->[39m [37mPOST[39m [37m/wd/hub/session[39m {"capabilities":{"firstMatch":[{"appium:app":"/Users/gv.vignesh/Downloads/WGR-Android-Automation/App Folder/universal.apk","appium:autoGrantPermissions":true,"appium:automationName":"uiautomator2","appium:deviceId":"","appium:deviceName":"Xiaomi 23076PC4BI (Android 15)","appium:fullReset":true,"appium:newCommandTimeout":1800,"appium:noReset":false,"appium:platformName":"ANDROID","appium:platformVersion":"15","appium:systemPort":56394,"appium:udid":"adb-a6e538dc5180-rpwVK8._adb-tls-connect._tcp","platformName":"ANDROID"}]},"desiredCapabilities":{"appium:app":"/Users/gv.vignesh/Downloads/WGR-Android-Automation/App Folder/universal.apk","appium:autoGrantPermissions":true,"appium:automationName":"uiautomator2","appium:deviceId":"","appium:deviceName":"Xiaomi 23076PC4BI (Android 15)","appium:fullReset":true,"appium:newCommandTimeout":1800,"appium:noReset":false,"appium:platformName":"ANDROID","appium:platformVersion":"15","appium:systemPort":56394,"appium:udid":"adb-a6e538dc5180-rpwVK8._adb-tls-connect._tcp"}}
[38;5;123m[BaseDriver][0m Ignoring capability 'appium:platformName=ANDROID' and using capability 'platformName=ANDROID'
[38;5;123m[BaseDriver][0m The capabilities ["platformName"] are standard capabilities and do not require "appium:" prefix
[38;5;112m[Appium][0m Attempting to find matching driver for automationName 'uiautomator2' and platformName 'ANDROID'
[38;5;112m[Appium][0m The 'uiautomator2' driver was installed and matched caps.
[38;5;112m[Appium][0m Will require it at /Users/gv.vignesh/.appium/node_modules/appium-uiautomator2-driver
[38;5;71m[AppiumDriver@95ba][0m Appium v2.16.0 creating new AndroidUiautomator2Driver (v4.1.5) session
[38;5;71m[AppiumDriver@95ba][0m Checking BaseDriver versions for Appium and AndroidUiautomator2Driver
[38;5;71m[AppiumDriver@95ba][0m Appium's BaseDriver version is 9.16.4
[38;5;71m[AppiumDriver@95ba][0m AndroidUiautomator2Driver's BaseDriver version is 9.16.4
[38;5;-37m[AndroidUiautomator2Driver@526e][0m The following provided capabilities were not recognized by this driver:
[38;5;-37m[AndroidUiautomator2Driver@526e][0m   deviceId
[38;5;70m[90752182][0m[38;5;-37m[AndroidUiautomator2Driver@526e][0m Session created with session id: 90752182-d249-4608-9b46-195a37326458
[38;5;70m[90752182][0m[38;5;229m[ADB][0m Using 'adb' from '/Users/gv.vignesh/.katalon/tools/android_sdk/platform-tools/adb'
[38;5;70m[90752182][0m[38;5;-37m[AndroidUiautomator2Driver@526e][0m Retrieving device list
[38;5;70m[90752182][0m[38;5;-37m[AndroidUiautomator2Driver@526e][0m Using device: adb-a6e538dc5180-rpwVK8._adb-tls-connect._tcp
[38;5;70m[90752182][0m[38;5;229m[ADB][0m Using 'adb' from '/Users/gv.vignesh/.katalon/tools/android_sdk/platform-tools/adb'
[38;5;70m[90752182][0m[38;5;123m[BaseDriver][0m Using local app '/Users/gv.vignesh/Downloads/WGR-Android-Automation/App Folder/universal.apk'
[38;5;70m[90752182][0m[38;5;229m[ADB][0m Getting device platform version
[38;5;70m[90752182][0m[38;5;-37m[AndroidUiautomator2Driver@526e][0m Relaxing hidden api policy
[38;5;70m[90752182][0m[38;5;229m[ADB][0m Using 'aapt2' from '/Users/gv.vignesh/.katalon/tools/android_sdk/build-tools/29.0.3/aapt2'
[38;5;70m[90752182][0m[38;5;229m[ADB][0m Package name: 'com.westgate.rewrite2'
[38;5;70m[90752182][0m[38;5;229m[ADB][0m Main activity name: 'com.westgate.rewrite2.MainActivity'
[38;5;70m[90752182][0m[38;5;-37m[AndroidUiautomator2Driver@526e][0m Restoring hidden api policy to the device default configuration
[38;5;70m[90752182][0m[38;5;86m[HTTP][0m <-- POST /wd/hub/session 500 2741 ms - 10204 
[38;5;86m[HTTP][0m [37m-->[39m [37mGET[39m [37m/wd/hub/status[39m {}
[38;5;86m[HTTP][0m <-- GET /wd/hub/status 200 0 ms - 200 
[38;5;86m[HTTP][0m [37m-->[39m [37mPOST[39m [37m/wd/hub/session[39m {"capabilities":{"firstMatch":[{"appium:app":"/Users/gv.vignesh/Downloads/WGR-Android-Automation/App Folder/app-debug.apk","appium:autoGrantPermissions":true,"appium:automationName":"uiautomator2","appium:deviceId":"","appium:deviceName":"Xiaomi 23076PC4BI (Android 15)","appium:fullReset":true,"appium:newCommandTimeout":1800,"appium:noReset":false,"appium:platformName":"ANDROID","appium:platformVersion":"15","appium:systemPort":56478,"appium:udid":"adb-a6e538dc5180-rpwVK8._adb-tls-connect._tcp","platformName":"ANDROID"}]},"desiredCapabilities":{"appium:app":"/Users/gv.vignesh/Downloads/WGR-Android-Automation/App Folder/app-debug.apk","appium:autoGrantPermissions":true,"appium:automationName":"uiautomator2","appium:deviceId":"","appium:deviceName":"Xiaomi 23076PC4BI (Android 15)","appium:fullReset":true,"appium:newCommandTimeout":1800,"appium:noReset":false,"appium:platformName":"ANDROID","appium:platformVersion":"15","appium:systemPort":56478,"appium:udid":"adb-a6e538dc5180-rpwVK8._adb-tls-connect._tcp"}}
[38;5;123m[BaseDriver][0m Ignoring capability 'appium:platformName=ANDROID' and using capability 'platformName=ANDROID'
[38;5;123m[BaseDriver][0m The capabilities ["platformName"] are standard capabilities and do not require "appium:" prefix
[38;5;112m[Appium][0m Attempting to find matching driver for automationName 'uiautomator2' and platformName 'ANDROID'
[38;5;112m[Appium][0m The 'uiautomator2' driver was installed and matched caps.
[38;5;112m[Appium][0m Will require it at /Users/gv.vignesh/.appium/node_modules/appium-uiautomator2-driver
[38;5;71m[AppiumDriver@95ba][0m Appium v2.16.0 creating new AndroidUiautomator2Driver (v4.1.5) session
[38;5;71m[AppiumDriver@95ba][0m Checking BaseDriver versions for Appium and AndroidUiautomator2Driver
[38;5;71m[AppiumDriver@95ba][0m Appium's BaseDriver version is 9.16.4
[38;5;71m[AppiumDriver@95ba][0m AndroidUiautomator2Driver's BaseDriver version is 9.16.4
[38;5;-19m[AndroidUiautomator2Driver@2057][0m The following provided capabilities were not recognized by this driver:
[38;5;-19m[AndroidUiautomator2Driver@2057][0m   deviceId
[38;5;28m[ec8a8120][0m[38;5;-19m[AndroidUiautomator2Driver@2057][0m Session created with session id: ec8a8120-fa8f-46ba-a19e-8d2d9ed4683e
[38;5;28m[ec8a8120][0m[38;5;229m[ADB][0m Using 'adb' from '/Users/gv.vignesh/.katalon/tools/android_sdk/platform-tools/adb'
[38;5;28m[ec8a8120][0m[38;5;-19m[AndroidUiautomator2Driver@2057][0m Retrieving device list
[38;5;28m[ec8a8120][0m[38;5;-19m[AndroidUiautomator2Driver@2057][0m Using device: adb-a6e538dc5180-rpwVK8._adb-tls-connect._tcp
[38;5;28m[ec8a8120][0m[38;5;229m[ADB][0m Using 'adb' from '/Users/gv.vignesh/.katalon/tools/android_sdk/platform-tools/adb'
[38;5;28m[ec8a8120][0m[38;5;123m[BaseDriver][0m Using local app '/Users/gv.vignesh/Downloads/WGR-Android-Automation/App Folder/app-debug.apk'
[38;5;28m[ec8a8120][0m[38;5;229m[ADB][0m Getting device platform version
[38;5;86m[HTTP][0m <-- POST /wd/hub/session - - ms - - 
[38;5;28m[ec8a8120][0m[38;5;-19m[AndroidUiautomator2Driver@2057][0m Relaxing hidden api policy
[38;5;28m[ec8a8120][0m[38;5;229m[ADB][0m Using 'aapt2' from '/Users/gv.vignesh/.katalon/tools/android_sdk/build-tools/29.0.3/aapt2'
[38;5;28m[ec8a8120][0m[38;5;229m[ADB][0m Package name: 'com.westgate.rewrite2'
[38;5;28m[ec8a8120][0m[38;5;229m[ADB][0m Main activity name: 'com.westgate.rewrite2.MainActivity'
[38;5;28m[ec8a8120][0m[38;5;-19m[AndroidUiautomator2Driver@2057][0m Restoring hidden api policy to the device default configuration
[38;5;112m[Appium][0m Received SIGTERM - shutting down
[38;5;86m[HTTP][0m Closing Appium HTTP server
[38;5;86m[HTTP][0m Appium HTTP server has been succesfully closed after 12ms
