[38;5;112m[Appium][0m Welcome to Appium v2.17.1 (REV f1041842141f20bc701b522d4371d7843d905580)
[38;5;112m[Appium][0m Non-default server args:
[38;5;112m[Appium][0m { basePath: [32m'/wd/hub'[39m, loglevel: [32m'info'[39m, port: [33m53359[39m }
[38;5;112m[Appium][0m Attempting to load driver uiautomator2...
[38;5;112m[Appium][0m Appium REST http interface listener started on http://0.0.0.0:53359/wd/hub
[38;5;112m[Appium][0m You can provide the following URLs in your client code to connect to this server:
	http://127.0.0.1:53359/wd/hub (only accessible from the same host)
	http://192.168.0.106:53359/wd/hub
[38;5;112m[Appium][0m Available drivers:
[38;5;112m[Appium][0m   - uiautomator2@4.1.5 (automationName 'UiAutomator2')
[38;5;112m[Appium][0m No plugins have been installed. Use the "appium plugin" command to install the one(s) you want to use.
[38;5;86m[HTTP][0m [37m-->[39m [37mGET[39m [37m/wd/hub/status[39m {}
[38;5;86m[HTTP][0m <-- GET /wd/hub/status 200 2 ms - 200 
[38;5;86m[HTTP][0m [37m-->[39m [37mPOST[39m [37m/wd/hub/session[39m {"capabilities":{"firstMatch":[{"appium:app":"/Users/gv.vignesh/Downloads/WGR-Android-Automation/App Folder/universal.apk","appium:autoGrantPermissions":true,"appium:automationName":"uiautomator2","appium:deviceId":"","appium:deviceName":"emulator-5554 (sdk_gphone64_arm64 - Android 15)","appium:fullReset":true,"appium:newCommandTimeout":1800,"appium:noReset":false,"appium:platformName":"ANDROID","appium:platformVersion":"15","appium:systemPort":53358,"appium:udid":"emulator-5554","platformName":"ANDROID"}]},"desiredCapabilities":{"appium:app":"/Users/gv.vignesh/Downloads/WGR-Android-Automation/App Folder/universal.apk","appium:autoGrantPermissions":true,"appium:automationName":"uiautomator2","appium:deviceId":"","appium:deviceName":"emulator-5554 (sdk_gphone64_arm64 - Android 15)","appium:fullReset":true,"appium:newCommandTimeout":1800,"appium:noReset":false,"appium:platformName":"ANDROID","appium:platformVersion":"15","appium:systemPort":53358,"appium:udid":"emulator-5554"}}
[38;5;123m[BaseDriver][0m Ignoring capability 'appium:platformName=ANDROID' and using capability 'platformName=ANDROID'
[38;5;123m[BaseDriver][0m The capabilities ["platformName"] are standard capabilities and do not require "appium:" prefix
[38;5;112m[Appium][0m Attempting to find matching driver for automationName 'uiautomator2' and platformName 'ANDROID'
[38;5;112m[Appium][0m The 'uiautomator2' driver was installed and matched caps.
[38;5;112m[Appium][0m Will require it at /Users/gv.vignesh/.appium/node_modules/appium-uiautomator2-driver
[38;5;29m[AppiumDriver@cf22][0m Appium v2.17.1 creating new AndroidUiautomator2Driver (v4.1.5) session
[38;5;29m[AppiumDriver@cf22][0m Checking BaseDriver versions for Appium and AndroidUiautomator2Driver
[38;5;29m[AppiumDriver@cf22][0m Appium's BaseDriver version is 9.16.4
[38;5;29m[AppiumDriver@cf22][0m AndroidUiautomator2Driver's BaseDriver version is 9.16.4
[38;5;-58m[AndroidUiautomator2Driver@3ae4][0m The following provided capabilities were not recognized by this driver:
[38;5;-58m[AndroidUiautomator2Driver@3ae4][0m   deviceId
[38;5;169m[9337c271][0m[38;5;-58m[AndroidUiautomator2Driver@3ae4][0m Session created with session id: 9337c271-49a6-4f2e-ba26-f9d76ef4e19a
[38;5;169m[9337c271][0m[38;5;229m[ADB][0m Found 1 'build-tools' folders under '/Users/gv.vignesh/.katalon/tools/android_sdk' (newest first):
[38;5;169m[9337c271][0m[38;5;229m[ADB][0m     /Users/gv.vignesh/.katalon/tools/android_sdk/build-tools/29.0.3
[38;5;169m[9337c271][0m[38;5;229m[ADB][0m Using 'adb' from '/Users/gv.vignesh/.katalon/tools/android_sdk/platform-tools/adb'
[38;5;169m[9337c271][0m[38;5;-58m[AndroidUiautomator2Driver@3ae4][0m Retrieving device list
[38;5;169m[9337c271][0m[38;5;-58m[AndroidUiautomator2Driver@3ae4][0m Using device: emulator-5554
[38;5;169m[9337c271][0m[38;5;229m[ADB][0m Using 'adb' from '/Users/gv.vignesh/.katalon/tools/android_sdk/platform-tools/adb'
[38;5;169m[9337c271][0m[38;5;123m[BaseDriver][0m Using local app '/Users/gv.vignesh/Downloads/WGR-Android-Automation/App Folder/universal.apk'
[38;5;169m[9337c271][0m[38;5;229m[ADB][0m Getting device platform version
[38;5;169m[9337c271][0m[38;5;-58m[AndroidUiautomator2Driver@3ae4][0m Relaxing hidden api policy
[38;5;169m[9337c271][0m[38;5;229m[ADB][0m Using 'aapt2' from '/Users/gv.vignesh/.katalon/tools/android_sdk/build-tools/29.0.3/aapt2'
[38;5;169m[9337c271][0m[38;5;229m[ADB][0m Package name: 'com.westgate.rewrite2'
[38;5;169m[9337c271][0m[38;5;229m[ADB][0m Main activity name: 'com.westgate.rewrite2.MainActivity'
[38;5;169m[9337c271][0m[38;5;229m[ADB][0m Using 'apksigner.jar' from '/Users/gv.vignesh/.katalon/tools/android_sdk/build-tools/29.0.3/lib/apksigner.jar'
[38;5;169m[9337c271][0m[38;5;-58m[AndroidUiautomator2Driver@3ae4][0m Server packages are not going to be (re)installed
[38;5;169m[9337c271][0m[38;5;229m[ADB][0m Adding packages ["io.appium.settings","io.appium.uiautomator2.server","io.appium.uiautomator2.server.test"] to Doze whitelist
[38;5;169m[9337c271][0m[38;5;229m[ADB][0m '/Users/gv.vignesh/Downloads/WGR-Android-Automation/App Folder/universal.apk' is signed with a non-default certificate
[38;5;169m[9337c271][0m[38;5;229m[ADB][0m com.westgate.rewrite2 was successfully uninstalled
[38;5;169m[9337c271][0m[38;5;229m[ADB][0m The application at '/Users/gv.vignesh/Downloads/WGR-Android-Automation/App Folder/universal.apk' will not be cached, because the device under test has confirmed the support of streamed installs
[38;5;169m[9337c271][0m[38;5;229m[ADB][0m The installation of 'universal.apk' took 1155ms
[38;5;169m[9337c271][0m[38;5;-58m[AndroidUiautomator2Driver@3ae4][0m Starting UIAutomator2 server 7.3.0
[38;5;169m[9337c271][0m[38;5;-58m[AndroidUiautomator2Driver@3ae4][0m Using UIAutomator2 server from '/Users/gv.vignesh/.appium/node_modules/appium-uiautomator2-driver/node_modules/appium-uiautomator2-server/apks/appium-uiautomator2-server-v7.3.0.apk' and test from '/Users/gv.vignesh/.appium/node_modules/appium-uiautomator2-driver/node_modules/appium-uiautomator2-server/apks/appium-uiautomator2-server-debug-androidTest.apk'
[38;5;169m[9337c271][0m[38;5;-58m[AndroidUiautomator2Driver@3ae4][0m Waiting up to 30000ms for UiAutomator2 to be online...
[38;5;169m[9337c271][0m[38;5;-58m[AndroidUiautomator2Driver@3ae4][0m socket hang up
[38;5;169m[9337c271][0m[38;5;-58m[AndroidUiautomator2Driver@3ae4][0m Determined the downstream protocol as 'W3C'
[38;5;169m[9337c271][0m[38;5;-58m[AndroidUiautomator2Driver@3ae4][0m Screen already unlocked, doing nothing
[38;5;169m[9337c271][0m[38;5;-58m[AndroidUiautomator2Driver@3ae4][0m Starting 'com.westgate.rewrite2/com.westgate.rewrite2.MainActivity' and waiting for 'com.westgate.rewrite2/com.westgate.rewrite2.MainActivity'
[38;5;169m[9337c271][0m[38;5;29m[AppiumDriver@cf22][0m New AndroidUiautomator2Driver session created successfully, session 9337c271-49a6-4f2e-ba26-f9d76ef4e19a added to master session list
[38;5;169m[9337c271][0m[38;5;86m[HTTP][0m <-- POST /wd/hub/session 200 7575 ms - 1352 
[38;5;86m[HTTP][0m [37m-->[39m [37mGET[39m [37m/wd/hub/status[39m {}
[38;5;86m[HTTP][0m <-- GET /wd/hub/status 200 1 ms - 200 
[38;5;169m[9337c271][0m[38;5;86m[HTTP][0m [37m-->[39m [37mPOST[39m [37m/wd/hub/session/9337c271-49a6-4f2e-ba26-f9d76ef4e19a/timeouts[39m {"implicit":30000}
[38;5;169m[9337c271][0m[38;5;86m[HTTP][0m <-- POST /wd/hub/session/9337c271-49a6-4f2e-ba26-f9d76ef4e19a/timeouts 200 1 ms - 14 
[38;5;169m[9337c271][0m[38;5;86m[HTTP][0m [37m-->[39m [37mPOST[39m [37m/wd/hub/session/9337c271-49a6-4f2e-ba26-f9d76ef4e19a/execute/sync[39m {"script":"mobile: getSystemBars","args":[]}
[38;5;169m[9337c271][0m[38;5;-58m[AndroidUiautomator2Driver@3ae4][0m No windows have been found whose title matches to 'NavigationBar'. Assuming it is invisible. Only the following windows are available: ScreenDecorOverlayBottom,ScreenDecorOverlay,EdgeBackGestureHandler0,Taskbar,NotificationShade,StatusBar,ShellDropTarget,InputMethod
[38;5;169m[9337c271][0m[38;5;86m[HTTP][0m <-- POST /wd/hub/session/9337c271-49a6-4f2e-ba26-f9d76ef4e19a/execute/sync 200 97 ms - 145 
[38;5;169m[9337c271][0m[38;5;86m[HTTP][0m [37m-->[39m [37mPOST[39m [37m/wd/hub/session/9337c271-49a6-4f2e-ba26-f9d76ef4e19a/timeouts[39m {"implicit":50}
[38;5;169m[9337c271][0m[38;5;86m[HTTP][0m <-- POST /wd/hub/session/9337c271-49a6-4f2e-ba26-f9d76ef4e19a/timeouts 200 2 ms - 14 
[38;5;169m[9337c271][0m[38;5;86m[HTTP][0m [37m-->[39m [37mGET[39m [37m/wd/hub/session/9337c271-49a6-4f2e-ba26-f9d76ef4e19a/window/rect[39m {}
[38;5;169m[9337c271][0m[38;5;86m[HTTP][0m <-- GET /wd/hub/session/9337c271-49a6-4f2e-ba26-f9d76ef4e19a/window/rect 200 17 ms - 50 
[38;5;169m[9337c271][0m[38;5;86m[HTTP][0m [37m-->[39m [37mPOST[39m [37m/wd/hub/session/9337c271-49a6-4f2e-ba26-f9d76ef4e19a/elements[39m {"value":"//*[@class = 'android.widget.Button' and (@text = 'Login or Sign Up' or . = 'Login or Sign Up')]","using":"xpath"}
[38;5;169m[9337c271][0m[38;5;86m[HTTP][0m <-- POST /wd/hub/session/9337c271-49a6-4f2e-ba26-f9d76ef4e19a/elements 200 175 ms - 139 
[38;5;169m[9337c271][0m[38;5;86m[HTTP][0m [37m-->[39m [37mGET[39m [37m/wd/hub/session/9337c271-49a6-4f2e-ba26-f9d76ef4e19a/element/00000000-0000-000a-0000-00dd00000007/rect[39m {}
[38;5;169m[9337c271][0m[38;5;-58m[AndroidUiautomator2Driver@3ae4][0m Driver proxy active, passing request on via HTTP proxy
[38;5;169m[9337c271][0m[38;5;-58m[AndroidUiautomator2Driver@3ae4][0m Replacing sessionId 1419e098-375a-476d-88b8-8252a2c0df96 with 9337c271-49a6-4f2e-ba26-f9d76ef4e19a
[38;5;169m[9337c271][0m[38;5;86m[HTTP][0m <-- GET /wd/hub/session/9337c271-49a6-4f2e-ba26-f9d76ef4e19a/element/00000000-0000-000a-0000-00dd00000007/rect 200 8 ms - 103 
[38;5;169m[9337c271][0m[38;5;86m[HTTP][0m [37m-->[39m [37mPOST[39m [37m/wd/hub/session/9337c271-49a6-4f2e-ba26-f9d76ef4e19a/timeouts[39m {"implicit":30000}
[38;5;169m[9337c271][0m[38;5;86m[HTTP][0m <-- POST /wd/hub/session/9337c271-49a6-4f2e-ba26-f9d76ef4e19a/timeouts 200 1 ms - 14 
[38;5;169m[9337c271][0m[38;5;86m[HTTP][0m [37m-->[39m [37mPOST[39m [37m/wd/hub/session/9337c271-49a6-4f2e-ba26-f9d76ef4e19a/element/00000000-0000-000a-0000-00dd00000007/click[39m {"id":"00000000-0000-000a-0000-00dd00000007"}
[38;5;169m[9337c271][0m[38;5;86m[HTTP][0m <-- POST /wd/hub/session/9337c271-49a6-4f2e-ba26-f9d76ef4e19a/element/00000000-0000-000a-0000-00dd00000007/click 200 60 ms - 14 
[38;5;169m[9337c271][0m[38;5;86m[HTTP][0m [37m-->[39m [37mPOST[39m [37m/wd/hub/session/9337c271-49a6-4f2e-ba26-f9d76ef4e19a/timeouts[39m {"implicit":50}
[38;5;169m[9337c271][0m[38;5;86m[HTTP][0m <-- POST /wd/hub/session/9337c271-49a6-4f2e-ba26-f9d76ef4e19a/timeouts 200 1 ms - 14 
[38;5;169m[9337c271][0m[38;5;86m[HTTP][0m [37m-->[39m [37mGET[39m [37m/wd/hub/session/9337c271-49a6-4f2e-ba26-f9d76ef4e19a/window/rect[39m {}
[38;5;169m[9337c271][0m[38;5;86m[HTTP][0m <-- GET /wd/hub/session/9337c271-49a6-4f2e-ba26-f9d76ef4e19a/window/rect 200 9 ms - 50 
[38;5;169m[9337c271][0m[38;5;86m[HTTP][0m [37m-->[39m [37mPOST[39m [37m/wd/hub/session/9337c271-49a6-4f2e-ba26-f9d76ef4e19a/elements[39m {"value":"//*[@class = 'android.widget.EditText' and (@text = '' or . = '')]","using":"xpath"}
[38;5;169m[9337c271][0m[38;5;86m[HTTP][0m <-- POST /wd/hub/session/9337c271-49a6-4f2e-ba26-f9d76ef4e19a/elements 200 65 ms - 139 
[38;5;169m[9337c271][0m[38;5;86m[HTTP][0m [37m-->[39m [37mGET[39m [37m/wd/hub/session/9337c271-49a6-4f2e-ba26-f9d76ef4e19a/element/00000000-0000-000a-0000-010700000007/rect[39m {}
[38;5;169m[9337c271][0m[38;5;-58m[AndroidUiautomator2Driver@3ae4][0m Driver proxy active, passing request on via HTTP proxy
[38;5;169m[9337c271][0m[38;5;-58m[AndroidUiautomator2Driver@3ae4][0m Replacing sessionId 1419e098-375a-476d-88b8-8252a2c0df96 with 9337c271-49a6-4f2e-ba26-f9d76ef4e19a
[38;5;169m[9337c271][0m[38;5;86m[HTTP][0m <-- GET /wd/hub/session/9337c271-49a6-4f2e-ba26-f9d76ef4e19a/element/00000000-0000-000a-0000-010700000007/rect 200 5 ms - 103 
[38;5;169m[9337c271][0m[38;5;86m[HTTP][0m [37m-->[39m [37mPOST[39m [37m/wd/hub/session/9337c271-49a6-4f2e-ba26-f9d76ef4e19a/timeouts[39m {"implicit":30000}
[38;5;169m[9337c271][0m[38;5;86m[HTTP][0m <-- POST /wd/hub/session/9337c271-49a6-4f2e-ba26-f9d76ef4e19a/timeouts 200 0 ms - 14 
[38;5;169m[9337c271][0m[38;5;86m[HTTP][0m [37m-->[39m [37mPOST[39m [37m/wd/hub/session/9337c271-49a6-4f2e-ba26-f9d76ef4e19a/element/00000000-0000-000a-0000-010700000007/clear[39m {"id":"00000000-0000-000a-0000-010700000007"}
[38;5;169m[9337c271][0m[38;5;86m[HTTP][0m <-- POST /wd/hub/session/9337c271-49a6-4f2e-ba26-f9d76ef4e19a/element/00000000-0000-000a-0000-010700000007/clear 200 7 ms - 14 
[38;5;169m[9337c271][0m[38;5;86m[HTTP][0m [37m-->[39m [37mPOST[39m [37m/wd/hub/session/9337c271-49a6-4f2e-ba26-f9d76ef4e19a/element/00000000-0000-000a-0000-010700000007/click[39m {"id":"00000000-0000-000a-0000-010700000007"}
[38;5;169m[9337c271][0m[38;5;86m[HTTP][0m <-- POST /wd/hub/session/9337c271-49a6-4f2e-ba26-f9d76ef4e19a/element/00000000-0000-000a-0000-010700000007/click 200 49 ms - 14 
[38;5;169m[9337c271][0m[38;5;86m[HTTP][0m [37m-->[39m [37mPOST[39m [37m/wd/hub/session/9337c271-49a6-4f2e-ba26-f9d76ef4e19a/element/00000000-0000-000a-0000-010700000007/value[39m {"text":"0225109tm@wg.com","value":["0","2","2","5","1","0","9","t","m","@","w","g",".","c","o","m"],"id":"00000000-0000-000a-0000-010700000007"}
[38;5;169m[9337c271][0m[38;5;86m[HTTP][0m <-- POST /wd/hub/session/9337c271-49a6-4f2e-ba26-f9d76ef4e19a/element/00000000-0000-000a-0000-010700000007/value 200 28 ms - 14 
[38;5;169m[9337c271][0m[38;5;86m[HTTP][0m [37m-->[39m [37mGET[39m [37m/wd/hub/session/9337c271-49a6-4f2e-ba26-f9d76ef4e19a/context[39m {}
[38;5;169m[9337c271][0m[38;5;86m[HTTP][0m <-- GET /wd/hub/session/9337c271-49a6-4f2e-ba26-f9d76ef4e19a/context 200 1 ms - 22 
[38;5;169m[9337c271][0m[38;5;86m[HTTP][0m [37m-->[39m [37mGET[39m [37m/wd/hub/session/9337c271-49a6-4f2e-ba26-f9d76ef4e19a/contexts[39m {}
[38;5;169m[9337c271][0m[38;5;86m[HTTP][0m <-- GET /wd/hub/session/9337c271-49a6-4f2e-ba26-f9d76ef4e19a/contexts 200 289 ms - 24 
[38;5;169m[9337c271][0m[38;5;86m[HTTP][0m [37m-->[39m [37mPOST[39m [37m/wd/hub/session/9337c271-49a6-4f2e-ba26-f9d76ef4e19a/context[39m {"name":"NATIVE_APP"}
[38;5;169m[9337c271][0m[38;5;86m[HTTP][0m <-- POST /wd/hub/session/9337c271-49a6-4f2e-ba26-f9d76ef4e19a/context 200 1 ms - 14 
[38;5;169m[9337c271][0m[38;5;86m[HTTP][0m [37m-->[39m [37mPOST[39m [37m/wd/hub/session/9337c271-49a6-4f2e-ba26-f9d76ef4e19a/execute/sync[39m {"script":"mobile: hideKeyboard","args":[]}
[38;5;169m[9337c271][0m[38;5;86m[HTTP][0m <-- POST /wd/hub/session/9337c271-49a6-4f2e-ba26-f9d76ef4e19a/execute/sync 200 532 ms - 14 
[38;5;169m[9337c271][0m[38;5;86m[HTTP][0m [37m-->[39m [37mPOST[39m [37m/wd/hub/session/9337c271-49a6-4f2e-ba26-f9d76ef4e19a/context[39m {"name":"NATIVE_APP"}
[38;5;169m[9337c271][0m[38;5;86m[HTTP][0m <-- POST /wd/hub/session/9337c271-49a6-4f2e-ba26-f9d76ef4e19a/context 200 1 ms - 14 
[38;5;169m[9337c271][0m[38;5;86m[HTTP][0m [37m-->[39m [37mPOST[39m [37m/wd/hub/session/9337c271-49a6-4f2e-ba26-f9d76ef4e19a/timeouts[39m {"implicit":50}
[38;5;169m[9337c271][0m[38;5;86m[HTTP][0m <-- POST /wd/hub/session/9337c271-49a6-4f2e-ba26-f9d76ef4e19a/timeouts 200 1 ms - 14 
[38;5;169m[9337c271][0m[38;5;86m[HTTP][0m [37m-->[39m [37mGET[39m [37m/wd/hub/session/9337c271-49a6-4f2e-ba26-f9d76ef4e19a/window/rect[39m {}
[38;5;169m[9337c271][0m[38;5;86m[HTTP][0m <-- GET /wd/hub/session/9337c271-49a6-4f2e-ba26-f9d76ef4e19a/window/rect 200 9 ms - 50 
[38;5;169m[9337c271][0m[38;5;86m[HTTP][0m [37m-->[39m [37mPOST[39m [37m/wd/hub/session/9337c271-49a6-4f2e-ba26-f9d76ef4e19a/elements[39m {"value":"//*[@class = 'android.widget.Button' and (@text = 'Next' or . = 'Next')]","using":"xpath"}
[38;5;169m[9337c271][0m[38;5;86m[HTTP][0m <-- POST /wd/hub/session/9337c271-49a6-4f2e-ba26-f9d76ef4e19a/elements 200 78 ms - 139 
[38;5;169m[9337c271][0m[38;5;86m[HTTP][0m [37m-->[39m [37mGET[39m [37m/wd/hub/session/9337c271-49a6-4f2e-ba26-f9d76ef4e19a/element/00000000-0000-000a-0000-011300000007/rect[39m {}
[38;5;169m[9337c271][0m[38;5;-58m[AndroidUiautomator2Driver@3ae4][0m Driver proxy active, passing request on via HTTP proxy
[38;5;169m[9337c271][0m[38;5;-58m[AndroidUiautomator2Driver@3ae4][0m Replacing sessionId 1419e098-375a-476d-88b8-8252a2c0df96 with 9337c271-49a6-4f2e-ba26-f9d76ef4e19a
[38;5;169m[9337c271][0m[38;5;86m[HTTP][0m <-- GET /wd/hub/session/9337c271-49a6-4f2e-ba26-f9d76ef4e19a/element/00000000-0000-000a-0000-011300000007/rect 200 6 ms - 103 
[38;5;169m[9337c271][0m[38;5;86m[HTTP][0m [37m-->[39m [37mPOST[39m [37m/wd/hub/session/9337c271-49a6-4f2e-ba26-f9d76ef4e19a/timeouts[39m {"implicit":30000}
[38;5;169m[9337c271][0m[38;5;86m[HTTP][0m <-- POST /wd/hub/session/9337c271-49a6-4f2e-ba26-f9d76ef4e19a/timeouts 200 0 ms - 14 
[38;5;169m[9337c271][0m[38;5;86m[HTTP][0m [37m-->[39m [37mPOST[39m [37m/wd/hub/session/9337c271-49a6-4f2e-ba26-f9d76ef4e19a/element/00000000-0000-000a-0000-011300000007/click[39m {"id":"00000000-0000-000a-0000-011300000007"}
[38;5;169m[9337c271][0m[38;5;86m[HTTP][0m <-- POST /wd/hub/session/9337c271-49a6-4f2e-ba26-f9d76ef4e19a/element/00000000-0000-000a-0000-011300000007/click 200 50 ms - 14 
[38;5;169m[9337c271][0m[38;5;86m[HTTP][0m [37m-->[39m [37mPOST[39m [37m/wd/hub/session/9337c271-49a6-4f2e-ba26-f9d76ef4e19a/timeouts[39m {"implicit":50}
[38;5;169m[9337c271][0m[38;5;86m[HTTP][0m <-- POST /wd/hub/session/9337c271-49a6-4f2e-ba26-f9d76ef4e19a/timeouts 200 1 ms - 14 
[38;5;169m[9337c271][0m[38;5;86m[HTTP][0m [37m-->[39m [37mGET[39m [37m/wd/hub/session/9337c271-49a6-4f2e-ba26-f9d76ef4e19a/window/rect[39m {}
[38;5;169m[9337c271][0m[38;5;86m[HTTP][0m <-- GET /wd/hub/session/9337c271-49a6-4f2e-ba26-f9d76ef4e19a/window/rect 200 8 ms - 50 
[38;5;169m[9337c271][0m[38;5;86m[HTTP][0m [37m-->[39m [37mPOST[39m [37m/wd/hub/session/9337c271-49a6-4f2e-ba26-f9d76ef4e19a/elements[39m {"value":"//*[@class = 'android.widget.TextView' and (@text = 'Email Address' or . = 'Email Address')]","using":"xpath"}
[38;5;169m[9337c271][0m[38;5;86m[HTTP][0m <-- POST /wd/hub/session/9337c271-49a6-4f2e-ba26-f9d76ef4e19a/elements 200 47 ms - 139 
[38;5;169m[9337c271][0m[38;5;86m[HTTP][0m [37m-->[39m [37mGET[39m [37m/wd/hub/session/9337c271-49a6-4f2e-ba26-f9d76ef4e19a/element/00000000-0000-000c-0000-001d00000048/rect[39m {}
[38;5;169m[9337c271][0m[38;5;-58m[AndroidUiautomator2Driver@3ae4][0m Driver proxy active, passing request on via HTTP proxy
[38;5;169m[9337c271][0m[38;5;-58m[AndroidUiautomator2Driver@3ae4][0m Replacing sessionId 1419e098-375a-476d-88b8-8252a2c0df96 with 9337c271-49a6-4f2e-ba26-f9d76ef4e19a
[38;5;169m[9337c271][0m[38;5;86m[HTTP][0m <-- GET /wd/hub/session/9337c271-49a6-4f2e-ba26-f9d76ef4e19a/element/00000000-0000-000c-0000-001d00000048/rect 200 5 ms - 102 
[38;5;169m[9337c271][0m[38;5;86m[HTTP][0m [37m-->[39m [37mPOST[39m [37m/wd/hub/session/9337c271-49a6-4f2e-ba26-f9d76ef4e19a/timeouts[39m {"implicit":30000}
[38;5;169m[9337c271][0m[38;5;86m[HTTP][0m <-- POST /wd/hub/session/9337c271-49a6-4f2e-ba26-f9d76ef4e19a/timeouts 200 1 ms - 14 
[38;5;169m[9337c271][0m[38;5;86m[HTTP][0m [37m-->[39m [37mPOST[39m [37m/wd/hub/session/9337c271-49a6-4f2e-ba26-f9d76ef4e19a/element/00000000-0000-000c-0000-001d00000048/clear[39m {"id":"00000000-0000-000c-0000-001d00000048"}
[38;5;169m[9337c271][0m[38;5;86m[HTTP][0m <-- POST /wd/hub/session/9337c271-49a6-4f2e-ba26-f9d76ef4e19a/element/00000000-0000-000c-0000-001d00000048/clear 200 7 ms - 14 
[38;5;169m[9337c271][0m[38;5;86m[HTTP][0m [37m-->[39m [37mPOST[39m [37m/wd/hub/session/9337c271-49a6-4f2e-ba26-f9d76ef4e19a/element/00000000-0000-000c-0000-001d00000048/click[39m {"id":"00000000-0000-000c-0000-001d00000048"}
[38;5;169m[9337c271][0m[38;5;86m[HTTP][0m <-- POST /wd/hub/session/9337c271-49a6-4f2e-ba26-f9d76ef4e19a/element/00000000-0000-000c-0000-001d00000048/click 200 38 ms - 14 
[38;5;169m[9337c271][0m[38;5;86m[HTTP][0m [37m-->[39m [37mPOST[39m [37m/wd/hub/session/9337c271-49a6-4f2e-ba26-f9d76ef4e19a/element/00000000-0000-000c-0000-001d00000048/value[39m {"text":"0225109tm@wg.com","value":["0","2","2","5","1","0","9","t","m","@","w","g",".","c","o","m"],"id":"00000000-0000-000c-0000-001d00000048"}
[38;5;169m[9337c271][0m[38;5;-58m[AndroidUiautomator2Driver@3ae4][0m Got response with status 400: {"sessionId":"1419e098-375a-476d-88b8-8252a2c0df96","value":{"error":"invalid element state","message":"Cannot set the element to '0225109tm@wg.com'. Did you interact with the correct element?","stacktrace":"io.appium.uiautomator2.common.exceptions.InvalidElementStateException: Cannot set the element to '0225109tm@wg.com'. Did you interact with the correct element?\n\tat io.appium.uiautomator2.handler.SendKeysToElement.setText(SendKeysToElement.java:87)\n\tat io.appium.uiautomator2.handler.SendKeysToElement.safeHandle(SendKeysToElement.java:115)\n\tat io.appium.uiautomator2.handler.request.SafeRequestHandler.handle(SafeRequestHandler.java:59)\n\tat io.appium.uiautomator2.server.AppiumServlet.handleRequest(AppiumServlet.java:259)\n\tat io.appium.uiautomator2.server.AppiumServlet.handleHttpRequest(AppiumServlet.java:253)\n\tat io.appium.uiautomator2.http.ServerHandler.channelRead(ServerHandler.java:77)\n\tat io.netty.channel.AbstractChannelHandlerContext.invokeChannelRead(AbstractChannelHandlerContext.java:3...
[38;5;169m[9337c271][0m[38;5;86m[HTTP][0m <-- POST /wd/hub/session/9337c271-49a6-4f2e-ba26-f9d76ef4e19a/element/00000000-0000-000c-0000-001d00000048/value 400 1052 ms - 3912 
[38;5;169m[9337c271][0m[38;5;86m[HTTP][0m [37m-->[39m [37mPOST[39m [37m/wd/hub/session/9337c271-49a6-4f2e-ba26-f9d76ef4e19a/element/00000000-0000-000c-0000-001d00000048/click[39m {"id":"00000000-0000-000c-0000-001d00000048"}
[38;5;169m[9337c271][0m[38;5;86m[HTTP][0m <-- POST /wd/hub/session/9337c271-49a6-4f2e-ba26-f9d76ef4e19a/element/00000000-0000-000c-0000-001d00000048/click 200 653 ms - 14 
[38;5;169m[9337c271][0m[38;5;86m[HTTP][0m [37m-->[39m [37mPOST[39m [37m/wd/hub/session/9337c271-49a6-4f2e-ba26-f9d76ef4e19a/actions[39m {"actions":[{"type":"key","actions":[{"type":"keyDown","value":"0"},{"type":"keyDown","value":"2"},{"type":"keyDown","value":"2"},{"type":"keyDown","value":"5"},{"type":"keyDown","value":"1"},{"type":"keyDown","value":"0"},{"type":"keyDown","value":"9"},{"type":"keyDown","value":"t"},{"type":"keyDown","value":"m"},{"type":"keyDown","value":"@"},{"type":"keyDown","value":"w"},{"type":"keyDown","value":"g"},{"type":"keyDown","value":"."},{"type":"keyDown","value":"c"},{"type":"keyDown","value":"o"},{"type":"keyDown","value":"m"}],"id":"keyboard"}]}
[38;5;169m[9337c271][0m[38;5;86m[HTTP][0m <-- POST /wd/hub/session/9337c271-49a6-4f2e-ba26-f9d76ef4e19a/actions 200 331 ms - 14 
[38;5;169m[9337c271][0m[38;5;86m[HTTP][0m [37m-->[39m [37mGET[39m [37m/wd/hub/session/9337c271-49a6-4f2e-ba26-f9d76ef4e19a/context[39m {}
[38;5;169m[9337c271][0m[38;5;86m[HTTP][0m <-- GET /wd/hub/session/9337c271-49a6-4f2e-ba26-f9d76ef4e19a/context 200 1 ms - 22 
[38;5;169m[9337c271][0m[38;5;86m[HTTP][0m [37m-->[39m [37mGET[39m [37m/wd/hub/session/9337c271-49a6-4f2e-ba26-f9d76ef4e19a/contexts[39m {}
[38;5;169m[9337c271][0m[38;5;86m[HTTP][0m <-- GET /wd/hub/session/9337c271-49a6-4f2e-ba26-f9d76ef4e19a/contexts 200 145 ms - 41 
[38;5;169m[9337c271][0m[38;5;86m[HTTP][0m [37m-->[39m [37mPOST[39m [37m/wd/hub/session/9337c271-49a6-4f2e-ba26-f9d76ef4e19a/context[39m {"name":"NATIVE_APP"}
[38;5;169m[9337c271][0m[38;5;86m[HTTP][0m <-- POST /wd/hub/session/9337c271-49a6-4f2e-ba26-f9d76ef4e19a/context 200 0 ms - 14 
[38;5;169m[9337c271][0m[38;5;86m[HTTP][0m [37m-->[39m [37mPOST[39m [37m/wd/hub/session/9337c271-49a6-4f2e-ba26-f9d76ef4e19a/execute/sync[39m {"script":"mobile: hideKeyboard","args":[]}
[38;5;169m[9337c271][0m[38;5;86m[HTTP][0m <-- POST /wd/hub/session/9337c271-49a6-4f2e-ba26-f9d76ef4e19a/execute/sync 200 317 ms - 14 
[38;5;169m[9337c271][0m[38;5;86m[HTTP][0m [37m-->[39m [37mPOST[39m [37m/wd/hub/session/9337c271-49a6-4f2e-ba26-f9d76ef4e19a/context[39m {"name":"NATIVE_APP"}
[38;5;169m[9337c271][0m[38;5;86m[HTTP][0m <-- POST /wd/hub/session/9337c271-49a6-4f2e-ba26-f9d76ef4e19a/context 200 1 ms - 14 
[38;5;169m[9337c271][0m[38;5;86m[HTTP][0m [37m-->[39m [37mPOST[39m [37m/wd/hub/session/9337c271-49a6-4f2e-ba26-f9d76ef4e19a/timeouts[39m {"implicit":50}
[38;5;169m[9337c271][0m[38;5;86m[HTTP][0m <-- POST /wd/hub/session/9337c271-49a6-4f2e-ba26-f9d76ef4e19a/timeouts 200 3 ms - 14 
[38;5;169m[9337c271][0m[38;5;86m[HTTP][0m [37m-->[39m [37mGET[39m [37m/wd/hub/session/9337c271-49a6-4f2e-ba26-f9d76ef4e19a/window/rect[39m {}
[38;5;169m[9337c271][0m[38;5;86m[HTTP][0m <-- GET /wd/hub/session/9337c271-49a6-4f2e-ba26-f9d76ef4e19a/window/rect 200 9 ms - 50 
[38;5;169m[9337c271][0m[38;5;86m[HTTP][0m [37m-->[39m [37mPOST[39m [37m/wd/hub/session/9337c271-49a6-4f2e-ba26-f9d76ef4e19a/elements[39m {"value":"//*[@class = 'android.widget.TextView' and (@text = 'Password' or . = 'Password')]","using":"xpath"}
[38;5;169m[9337c271][0m[38;5;86m[HTTP][0m <-- POST /wd/hub/session/9337c271-49a6-4f2e-ba26-f9d76ef4e19a/elements 200 58 ms - 139 
[38;5;169m[9337c271][0m[38;5;86m[HTTP][0m [37m-->[39m [37mGET[39m [37m/wd/hub/session/9337c271-49a6-4f2e-ba26-f9d76ef4e19a/element/00000000-0000-000c-0000-002300000048/rect[39m {}
[38;5;169m[9337c271][0m[38;5;-58m[AndroidUiautomator2Driver@3ae4][0m Driver proxy active, passing request on via HTTP proxy
[38;5;169m[9337c271][0m[38;5;-58m[AndroidUiautomator2Driver@3ae4][0m Replacing sessionId 1419e098-375a-476d-88b8-8252a2c0df96 with 9337c271-49a6-4f2e-ba26-f9d76ef4e19a
[38;5;169m[9337c271][0m[38;5;86m[HTTP][0m <-- GET /wd/hub/session/9337c271-49a6-4f2e-ba26-f9d76ef4e19a/element/00000000-0000-000c-0000-002300000048/rect 200 5 ms - 102 
[38;5;169m[9337c271][0m[38;5;86m[HTTP][0m [37m-->[39m [37mPOST[39m [37m/wd/hub/session/9337c271-49a6-4f2e-ba26-f9d76ef4e19a/timeouts[39m {"implicit":30000}
[38;5;169m[9337c271][0m[38;5;86m[HTTP][0m <-- POST /wd/hub/session/9337c271-49a6-4f2e-ba26-f9d76ef4e19a/timeouts 200 0 ms - 14 
[38;5;169m[9337c271][0m[38;5;86m[HTTP][0m [37m-->[39m [37mPOST[39m [37m/wd/hub/session/9337c271-49a6-4f2e-ba26-f9d76ef4e19a/element/00000000-0000-000c-0000-002300000048/clear[39m {"id":"00000000-0000-000c-0000-002300000048"}
[38;5;169m[9337c271][0m[38;5;86m[HTTP][0m <-- POST /wd/hub/session/9337c271-49a6-4f2e-ba26-f9d76ef4e19a/element/00000000-0000-000c-0000-002300000048/clear 200 6 ms - 14 
[38;5;169m[9337c271][0m[38;5;86m[HTTP][0m [37m-->[39m [37mPOST[39m [37m/wd/hub/session/9337c271-49a6-4f2e-ba26-f9d76ef4e19a/element/00000000-0000-000c-0000-002300000048/click[39m {"id":"00000000-0000-000c-0000-002300000048"}
[38;5;169m[9337c271][0m[38;5;86m[HTTP][0m <-- POST /wd/hub/session/9337c271-49a6-4f2e-ba26-f9d76ef4e19a/element/00000000-0000-000c-0000-002300000048/click 200 45 ms - 14 
[38;5;169m[9337c271][0m[38;5;86m[HTTP][0m [37m-->[39m [37mPOST[39m [37m/wd/hub/session/9337c271-49a6-4f2e-ba26-f9d76ef4e19a/element/00000000-0000-000c-0000-002300000048/value[39m {"text":"password","value":["p","a","s","s","w","o","r","d"],"id":"00000000-0000-000c-0000-002300000048"}
[38;5;169m[9337c271][0m[38;5;-58m[AndroidUiautomator2Driver@3ae4][0m Got response with status 400: {"sessionId":"1419e098-375a-476d-88b8-8252a2c0df96","value":{"error":"invalid element state","message":"Cannot set the element to 'password'. Did you interact with the correct element?","stacktrace":"io.appium.uiautomator2.common.exceptions.InvalidElementStateException: Cannot set the element to 'password'. Did you interact with the correct element?\n\tat io.appium.uiautomator2.handler.SendKeysToElement.setText(SendKeysToElement.java:87)\n\tat io.appium.uiautomator2.handler.SendKeysToElement.safeHandle(SendKeysToElement.java:115)\n\tat io.appium.uiautomator2.handler.request.SafeRequestHandler.handle(SafeRequestHandler.java:59)\n\tat io.appium.uiautomator2.server.AppiumServlet.handleRequest(AppiumServlet.java:259)\n\tat io.appium.uiautomator2.server.AppiumServlet.handleHttpRequest(AppiumServlet.java:253)\n\tat io.appium.uiautomator2.http.ServerHandler.channelRead(ServerHandler.java:77)\n\tat io.netty.channel.AbstractChannelHandlerContext.invokeChannelRead(AbstractChannelHandlerContext.java:366)\n\tat io.net...
[38;5;169m[9337c271][0m[38;5;86m[HTTP][0m <-- POST /wd/hub/session/9337c271-49a6-4f2e-ba26-f9d76ef4e19a/element/00000000-0000-000c-0000-002300000048/value 400 963 ms - 3896 
[38;5;169m[9337c271][0m[38;5;86m[HTTP][0m [37m-->[39m [37mPOST[39m [37m/wd/hub/session/9337c271-49a6-4f2e-ba26-f9d76ef4e19a/element/00000000-0000-000c-0000-002300000048/click[39m {"id":"00000000-0000-000c-0000-002300000048"}
[38;5;169m[9337c271][0m[38;5;86m[HTTP][0m <-- POST /wd/hub/session/9337c271-49a6-4f2e-ba26-f9d76ef4e19a/element/00000000-0000-000c-0000-002300000048/click 200 64 ms - 14 
[38;5;169m[9337c271][0m[38;5;86m[HTTP][0m [37m-->[39m [37mPOST[39m [37m/wd/hub/session/9337c271-49a6-4f2e-ba26-f9d76ef4e19a/actions[39m {"actions":[{"type":"key","actions":[{"type":"keyDown","value":"p"},{"type":"keyDown","value":"a"},{"type":"keyDown","value":"s"},{"type":"keyDown","value":"s"},{"type":"keyDown","value":"w"},{"type":"keyDown","value":"o"},{"type":"keyDown","value":"r"},{"type":"keyDown","value":"d"}],"id":"keyboard"}]}
[38;5;169m[9337c271][0m[38;5;86m[HTTP][0m <-- POST /wd/hub/session/9337c271-49a6-4f2e-ba26-f9d76ef4e19a/actions 200 134 ms - 14 
[38;5;169m[9337c271][0m[38;5;86m[HTTP][0m [37m-->[39m [37mGET[39m [37m/wd/hub/session/9337c271-49a6-4f2e-ba26-f9d76ef4e19a/context[39m {}
[38;5;169m[9337c271][0m[38;5;86m[HTTP][0m <-- GET /wd/hub/session/9337c271-49a6-4f2e-ba26-f9d76ef4e19a/context 200 2 ms - 22 
[38;5;169m[9337c271][0m[38;5;86m[HTTP][0m [37m-->[39m [37mGET[39m [37m/wd/hub/session/9337c271-49a6-4f2e-ba26-f9d76ef4e19a/contexts[39m {}
[38;5;169m[9337c271][0m[38;5;86m[HTTP][0m <-- GET /wd/hub/session/9337c271-49a6-4f2e-ba26-f9d76ef4e19a/contexts 200 141 ms - 41 
[38;5;169m[9337c271][0m[38;5;86m[HTTP][0m [37m-->[39m [37mPOST[39m [37m/wd/hub/session/9337c271-49a6-4f2e-ba26-f9d76ef4e19a/context[39m {"name":"NATIVE_APP"}
[38;5;169m[9337c271][0m[38;5;86m[HTTP][0m <-- POST /wd/hub/session/9337c271-49a6-4f2e-ba26-f9d76ef4e19a/context 200 0 ms - 14 
[38;5;169m[9337c271][0m[38;5;86m[HTTP][0m [37m-->[39m [37mPOST[39m [37m/wd/hub/session/9337c271-49a6-4f2e-ba26-f9d76ef4e19a/execute/sync[39m {"script":"mobile: hideKeyboard","args":[]}
[38;5;169m[9337c271][0m[38;5;86m[HTTP][0m <-- POST /wd/hub/session/9337c271-49a6-4f2e-ba26-f9d76ef4e19a/execute/sync 200 1496 ms - 14 
[38;5;169m[9337c271][0m[38;5;86m[HTTP][0m [37m-->[39m [37mPOST[39m [37m/wd/hub/session/9337c271-49a6-4f2e-ba26-f9d76ef4e19a/context[39m {"name":"NATIVE_APP"}
[38;5;169m[9337c271][0m[38;5;86m[HTTP][0m <-- POST /wd/hub/session/9337c271-49a6-4f2e-ba26-f9d76ef4e19a/context 200 0 ms - 14 
[38;5;169m[9337c271][0m[38;5;86m[HTTP][0m [37m-->[39m [37mPOST[39m [37m/wd/hub/session/9337c271-49a6-4f2e-ba26-f9d76ef4e19a/timeouts[39m {"implicit":50}
[38;5;169m[9337c271][0m[38;5;86m[HTTP][0m <-- POST /wd/hub/session/9337c271-49a6-4f2e-ba26-f9d76ef4e19a/timeouts 200 1 ms - 14 
[38;5;169m[9337c271][0m[38;5;86m[HTTP][0m [37m-->[39m [37mGET[39m [37m/wd/hub/session/9337c271-49a6-4f2e-ba26-f9d76ef4e19a/window/rect[39m {}
[38;5;169m[9337c271][0m[38;5;86m[HTTP][0m <-- GET /wd/hub/session/9337c271-49a6-4f2e-ba26-f9d76ef4e19a/window/rect 200 12 ms - 50 
[38;5;169m[9337c271][0m[38;5;86m[HTTP][0m [37m-->[39m [37mPOST[39m [37m/wd/hub/session/9337c271-49a6-4f2e-ba26-f9d76ef4e19a/elements[39m {"value":"//android.widget.Button[@text='LOGIN' or .='LOGIN']","using":"xpath"}
[38;5;169m[9337c271][0m[38;5;86m[HTTP][0m <-- POST /wd/hub/session/9337c271-49a6-4f2e-ba26-f9d76ef4e19a/elements 200 63 ms - 139 
[38;5;169m[9337c271][0m[38;5;86m[HTTP][0m [37m-->[39m [37mGET[39m [37m/wd/hub/session/9337c271-49a6-4f2e-ba26-f9d76ef4e19a/element/00000000-0000-000c-0000-002900000048/rect[39m {}
[38;5;169m[9337c271][0m[38;5;-58m[AndroidUiautomator2Driver@3ae4][0m Driver proxy active, passing request on via HTTP proxy
[38;5;169m[9337c271][0m[38;5;-58m[AndroidUiautomator2Driver@3ae4][0m Replacing sessionId 1419e098-375a-476d-88b8-8252a2c0df96 with 9337c271-49a6-4f2e-ba26-f9d76ef4e19a
[38;5;169m[9337c271][0m[38;5;86m[HTTP][0m <-- GET /wd/hub/session/9337c271-49a6-4f2e-ba26-f9d76ef4e19a/element/00000000-0000-000c-0000-002900000048/rect 200 6 ms - 104 
[38;5;169m[9337c271][0m[38;5;86m[HTTP][0m [37m-->[39m [37mPOST[39m [37m/wd/hub/session/9337c271-49a6-4f2e-ba26-f9d76ef4e19a/timeouts[39m {"implicit":30000}
[38;5;169m[9337c271][0m[38;5;86m[HTTP][0m <-- POST /wd/hub/session/9337c271-49a6-4f2e-ba26-f9d76ef4e19a/timeouts 200 0 ms - 14 
[38;5;169m[9337c271][0m[38;5;86m[HTTP][0m [37m-->[39m [37mPOST[39m [37m/wd/hub/session/9337c271-49a6-4f2e-ba26-f9d76ef4e19a/element/00000000-0000-000c-0000-002900000048/click[39m {"id":"00000000-0000-000c-0000-002900000048"}
[38;5;169m[9337c271][0m[38;5;86m[HTTP][0m <-- POST /wd/hub/session/9337c271-49a6-4f2e-ba26-f9d76ef4e19a/element/00000000-0000-000c-0000-002900000048/click 200 49 ms - 14 
[38;5;169m[9337c271][0m[38;5;86m[HTTP][0m [37m-->[39m [37mPOST[39m [37m/wd/hub/session/9337c271-49a6-4f2e-ba26-f9d76ef4e19a/timeouts[39m {"implicit":50}
[38;5;169m[9337c271][0m[38;5;86m[HTTP][0m <-- POST /wd/hub/session/9337c271-49a6-4f2e-ba26-f9d76ef4e19a/timeouts 200 1 ms - 14 
[38;5;169m[9337c271][0m[38;5;86m[HTTP][0m [37m-->[39m [37mGET[39m [37m/wd/hub/session/9337c271-49a6-4f2e-ba26-f9d76ef4e19a/window/rect[39m {}
[38;5;169m[9337c271][0m[38;5;86m[HTTP][0m <-- GET /wd/hub/session/9337c271-49a6-4f2e-ba26-f9d76ef4e19a/window/rect 200 5 ms - 50 
[38;5;169m[9337c271][0m[38;5;86m[HTTP][0m [37m-->[39m [37mPOST[39m [37m/wd/hub/session/9337c271-49a6-4f2e-ba26-f9d76ef4e19a/elements[39m {"value":"//*[@class = 'android.view.View' and (@text = 'Home' or . = 'Home')]","using":"xpath"}
[38;5;169m[9337c271][0m[38;5;86m[HTTP][0m <-- POST /wd/hub/session/9337c271-49a6-4f2e-ba26-f9d76ef4e19a/elements 200 74 ms - 12 
[38;5;169m[9337c271][0m[38;5;86m[HTTP][0m [37m-->[39m [37mPOST[39m [37m/wd/hub/session/9337c271-49a6-4f2e-ba26-f9d76ef4e19a/elements[39m {"value":"//*[@class = 'android.view.View' and (@text = 'Home' or . = 'Home')]","using":"xpath"}
[38;5;169m[9337c271][0m[38;5;86m[HTTP][0m <-- POST /wd/hub/session/9337c271-49a6-4f2e-ba26-f9d76ef4e19a/elements 200 72 ms - 12 
[38;5;169m[9337c271][0m[38;5;86m[HTTP][0m [37m-->[39m [37mPOST[39m [37m/wd/hub/session/9337c271-49a6-4f2e-ba26-f9d76ef4e19a/elements[39m {"value":"//*[@class = 'android.view.View' and (@text = 'Home' or . = 'Home')]","using":"xpath"}
[38;5;169m[9337c271][0m[38;5;86m[HTTP][0m <-- POST /wd/hub/session/9337c271-49a6-4f2e-ba26-f9d76ef4e19a/elements 200 70 ms - 12 
[38;5;169m[9337c271][0m[38;5;86m[HTTP][0m [37m-->[39m [37mPOST[39m [37m/wd/hub/session/9337c271-49a6-4f2e-ba26-f9d76ef4e19a/elements[39m {"value":"//*[@class = 'android.view.View' and (@text = 'Home' or . = 'Home')]","using":"xpath"}
[38;5;169m[9337c271][0m[38;5;86m[HTTP][0m <-- POST /wd/hub/session/9337c271-49a6-4f2e-ba26-f9d76ef4e19a/elements 200 71 ms - 12 
[38;5;169m[9337c271][0m[38;5;86m[HTTP][0m [37m-->[39m [37mPOST[39m [37m/wd/hub/session/9337c271-49a6-4f2e-ba26-f9d76ef4e19a/elements[39m {"value":"//*[@class = 'android.view.View' and (@text = 'Home' or . = 'Home')]","using":"xpath"}
[38;5;169m[9337c271][0m[38;5;86m[HTTP][0m <-- POST /wd/hub/session/9337c271-49a6-4f2e-ba26-f9d76ef4e19a/elements 200 69 ms - 12 
[38;5;169m[9337c271][0m[38;5;86m[HTTP][0m [37m-->[39m [37mPOST[39m [37m/wd/hub/session/9337c271-49a6-4f2e-ba26-f9d76ef4e19a/elements[39m {"value":"//*[@class = 'android.view.View' and (@text = 'Home' or . = 'Home')]","using":"xpath"}
[38;5;169m[9337c271][0m[38;5;86m[HTTP][0m <-- POST /wd/hub/session/9337c271-49a6-4f2e-ba26-f9d76ef4e19a/elements 200 67 ms - 12 
[38;5;169m[9337c271][0m[38;5;86m[HTTP][0m [37m-->[39m [37mPOST[39m [37m/wd/hub/session/9337c271-49a6-4f2e-ba26-f9d76ef4e19a/elements[39m {"value":"//*[@class = 'android.view.View' and (@text = 'Home' or . = 'Home')]","using":"xpath"}
[38;5;169m[9337c271][0m[38;5;86m[HTTP][0m <-- POST /wd/hub/session/9337c271-49a6-4f2e-ba26-f9d76ef4e19a/elements 200 69 ms - 12 
[38;5;169m[9337c271][0m[38;5;86m[HTTP][0m [37m-->[39m [37mPOST[39m [37m/wd/hub/session/9337c271-49a6-4f2e-ba26-f9d76ef4e19a/elements[39m {"value":"//*[@class = 'android.view.View' and (@text = 'Home' or . = 'Home')]","using":"xpath"}
[38;5;169m[9337c271][0m[38;5;86m[HTTP][0m <-- POST /wd/hub/session/9337c271-49a6-4f2e-ba26-f9d76ef4e19a/elements 200 70 ms - 12 
[38;5;169m[9337c271][0m[38;5;86m[HTTP][0m [37m-->[39m [37mPOST[39m [37m/wd/hub/session/9337c271-49a6-4f2e-ba26-f9d76ef4e19a/elements[39m {"value":"//*[@class = 'android.view.View' and (@text = 'Home' or . = 'Home')]","using":"xpath"}
[38;5;169m[9337c271][0m[38;5;86m[HTTP][0m <-- POST /wd/hub/session/9337c271-49a6-4f2e-ba26-f9d76ef4e19a/elements 200 73 ms - 12 
[38;5;169m[9337c271][0m[38;5;86m[HTTP][0m [37m-->[39m [37mPOST[39m [37m/wd/hub/session/9337c271-49a6-4f2e-ba26-f9d76ef4e19a/elements[39m {"value":"//*[@class = 'android.view.View' and (@text = 'Home' or . = 'Home')]","using":"xpath"}
[38;5;169m[9337c271][0m[38;5;86m[HTTP][0m <-- POST /wd/hub/session/9337c271-49a6-4f2e-ba26-f9d76ef4e19a/elements 200 71 ms - 12 
[38;5;169m[9337c271][0m[38;5;86m[HTTP][0m [37m-->[39m [37mPOST[39m [37m/wd/hub/session/9337c271-49a6-4f2e-ba26-f9d76ef4e19a/elements[39m {"value":"//*[@class = 'android.view.View' and (@text = 'Home' or . = 'Home')]","using":"xpath"}
[38;5;169m[9337c271][0m[38;5;86m[HTTP][0m <-- POST /wd/hub/session/9337c271-49a6-4f2e-ba26-f9d76ef4e19a/elements 200 68 ms - 12 
[38;5;169m[9337c271][0m[38;5;86m[HTTP][0m [37m-->[39m [37mPOST[39m [37m/wd/hub/session/9337c271-49a6-4f2e-ba26-f9d76ef4e19a/elements[39m {"value":"//*[@class = 'android.view.View' and (@text = 'Home' or . = 'Home')]","using":"xpath"}
[38;5;169m[9337c271][0m[38;5;86m[HTTP][0m <-- POST /wd/hub/session/9337c271-49a6-4f2e-ba26-f9d76ef4e19a/elements 200 71 ms - 12 
[38;5;169m[9337c271][0m[38;5;86m[HTTP][0m [37m-->[39m [37mPOST[39m [37m/wd/hub/session/9337c271-49a6-4f2e-ba26-f9d76ef4e19a/elements[39m {"value":"//*[@class = 'android.view.View' and (@text = 'Home' or . = 'Home')]","using":"xpath"}
[38;5;169m[9337c271][0m[38;5;86m[HTTP][0m <-- POST /wd/hub/session/9337c271-49a6-4f2e-ba26-f9d76ef4e19a/elements 200 71 ms - 12 
[38;5;169m[9337c271][0m[38;5;86m[HTTP][0m [37m-->[39m [37mPOST[39m [37m/wd/hub/session/9337c271-49a6-4f2e-ba26-f9d76ef4e19a/elements[39m {"value":"//*[@class = 'android.view.View' and (@text = 'Home' or . = 'Home')]","using":"xpath"}
[38;5;169m[9337c271][0m[38;5;86m[HTTP][0m <-- POST /wd/hub/session/9337c271-49a6-4f2e-ba26-f9d76ef4e19a/elements 200 68 ms - 12 
[38;5;169m[9337c271][0m[38;5;86m[HTTP][0m [37m-->[39m [37mPOST[39m [37m/wd/hub/session/9337c271-49a6-4f2e-ba26-f9d76ef4e19a/elements[39m {"value":"//*[@class = 'android.view.View' and (@text = 'Home' or . = 'Home')]","using":"xpath"}
[38;5;169m[9337c271][0m[38;5;86m[HTTP][0m <-- POST /wd/hub/session/9337c271-49a6-4f2e-ba26-f9d76ef4e19a/elements 200 66 ms - 12 
[38;5;169m[9337c271][0m[38;5;86m[HTTP][0m [37m-->[39m [37mPOST[39m [37m/wd/hub/session/9337c271-49a6-4f2e-ba26-f9d76ef4e19a/elements[39m {"value":"//*[@class = 'android.view.View' and (@text = 'Home' or . = 'Home')]","using":"xpath"}
[38;5;169m[9337c271][0m[38;5;86m[HTTP][0m <-- POST /wd/hub/session/9337c271-49a6-4f2e-ba26-f9d76ef4e19a/elements 200 68 ms - 12 
[38;5;169m[9337c271][0m[38;5;86m[HTTP][0m [37m-->[39m [37mPOST[39m [37m/wd/hub/session/9337c271-49a6-4f2e-ba26-f9d76ef4e19a/elements[39m {"value":"//*[@class = 'android.view.View' and (@text = 'Home' or . = 'Home')]","using":"xpath"}
[38;5;169m[9337c271][0m[38;5;86m[HTTP][0m <-- POST /wd/hub/session/9337c271-49a6-4f2e-ba26-f9d76ef4e19a/elements 200 69 ms - 12 
[38;5;169m[9337c271][0m[38;5;86m[HTTP][0m [37m-->[39m [37mPOST[39m [37m/wd/hub/session/9337c271-49a6-4f2e-ba26-f9d76ef4e19a/elements[39m {"value":"//*[@class = 'android.view.View' and (@text = 'Home' or . = 'Home')]","using":"xpath"}
[38;5;169m[9337c271][0m[38;5;86m[HTTP][0m <-- POST /wd/hub/session/9337c271-49a6-4f2e-ba26-f9d76ef4e19a/elements 200 70 ms - 12 
[38;5;169m[9337c271][0m[38;5;86m[HTTP][0m [37m-->[39m [37mPOST[39m [37m/wd/hub/session/9337c271-49a6-4f2e-ba26-f9d76ef4e19a/elements[39m {"value":"//*[@class = 'android.view.View' and (@text = 'Home' or . = 'Home')]","using":"xpath"}
[38;5;169m[9337c271][0m[38;5;86m[HTTP][0m <-- POST /wd/hub/session/9337c271-49a6-4f2e-ba26-f9d76ef4e19a/elements 200 66 ms - 12 
[38;5;169m[9337c271][0m[38;5;86m[HTTP][0m [37m-->[39m [37mPOST[39m [37m/wd/hub/session/9337c271-49a6-4f2e-ba26-f9d76ef4e19a/elements[39m {"value":"//*[@class = 'android.view.View' and (@text = 'Home' or . = 'Home')]","using":"xpath"}
[38;5;169m[9337c271][0m[38;5;86m[HTTP][0m <-- POST /wd/hub/session/9337c271-49a6-4f2e-ba26-f9d76ef4e19a/elements 200 68 ms - 12 
[38;5;169m[9337c271][0m[38;5;86m[HTTP][0m [37m-->[39m [37mPOST[39m [37m/wd/hub/session/9337c271-49a6-4f2e-ba26-f9d76ef4e19a/elements[39m {"value":"//*[@class = 'android.view.View' and (@text = 'Home' or . = 'Home')]","using":"xpath"}
[38;5;169m[9337c271][0m[38;5;86m[HTTP][0m <-- POST /wd/hub/session/9337c271-49a6-4f2e-ba26-f9d76ef4e19a/elements 200 68 ms - 12 
[38;5;169m[9337c271][0m[38;5;86m[HTTP][0m [37m-->[39m [37mPOST[39m [37m/wd/hub/session/9337c271-49a6-4f2e-ba26-f9d76ef4e19a/elements[39m {"value":"//*[@class = 'android.view.View' and (@text = 'Home' or . = 'Home')]","using":"xpath"}
[38;5;169m[9337c271][0m[38;5;86m[HTTP][0m <-- POST /wd/hub/session/9337c271-49a6-4f2e-ba26-f9d76ef4e19a/elements 200 66 ms - 12 
[38;5;169m[9337c271][0m[38;5;86m[HTTP][0m [37m-->[39m [37mPOST[39m [37m/wd/hub/session/9337c271-49a6-4f2e-ba26-f9d76ef4e19a/elements[39m {"value":"//*[@class = 'android.view.View' and (@text = 'Home' or . = 'Home')]","using":"xpath"}
[38;5;169m[9337c271][0m[38;5;86m[HTTP][0m <-- POST /wd/hub/session/9337c271-49a6-4f2e-ba26-f9d76ef4e19a/elements 200 66 ms - 12 
[38;5;169m[9337c271][0m[38;5;86m[HTTP][0m [37m-->[39m [37mPOST[39m [37m/wd/hub/session/9337c271-49a6-4f2e-ba26-f9d76ef4e19a/elements[39m {"value":"//*[@class = 'android.view.View' and (@text = 'Home' or . = 'Home')]","using":"xpath"}
[38;5;169m[9337c271][0m[38;5;86m[HTTP][0m <-- POST /wd/hub/session/9337c271-49a6-4f2e-ba26-f9d76ef4e19a/elements 200 62 ms - 12 
[38;5;169m[9337c271][0m[38;5;86m[HTTP][0m [37m-->[39m [37mPOST[39m [37m/wd/hub/session/9337c271-49a6-4f2e-ba26-f9d76ef4e19a/elements[39m {"value":"//*[@class = 'android.view.View' and (@text = 'Home' or . = 'Home')]","using":"xpath"}
[38;5;169m[9337c271][0m[38;5;86m[HTTP][0m <-- POST /wd/hub/session/9337c271-49a6-4f2e-ba26-f9d76ef4e19a/elements 200 65 ms - 12 
[38;5;169m[9337c271][0m[38;5;86m[HTTP][0m [37m-->[39m [37mPOST[39m [37m/wd/hub/session/9337c271-49a6-4f2e-ba26-f9d76ef4e19a/elements[39m {"value":"//*[@class = 'android.view.View' and (@text = 'Home' or . = 'Home')]","using":"xpath"}
[38;5;169m[9337c271][0m[38;5;86m[HTTP][0m <-- POST /wd/hub/session/9337c271-49a6-4f2e-ba26-f9d76ef4e19a/elements 200 67 ms - 12 
[38;5;169m[9337c271][0m[38;5;86m[HTTP][0m [37m-->[39m [37mPOST[39m [37m/wd/hub/session/9337c271-49a6-4f2e-ba26-f9d76ef4e19a/elements[39m {"value":"//*[@class = 'android.view.View' and (@text = 'Home' or . = 'Home')]","using":"xpath"}
[38;5;169m[9337c271][0m[38;5;86m[HTTP][0m <-- POST /wd/hub/session/9337c271-49a6-4f2e-ba26-f9d76ef4e19a/elements 200 69 ms - 12 
[38;5;169m[9337c271][0m[38;5;86m[HTTP][0m [37m-->[39m [37mPOST[39m [37m/wd/hub/session/9337c271-49a6-4f2e-ba26-f9d76ef4e19a/elements[39m {"value":"//*[@class = 'android.view.View' and (@text = 'Home' or . = 'Home')]","using":"xpath"}
[38;5;169m[9337c271][0m[38;5;86m[HTTP][0m <-- POST /wd/hub/session/9337c271-49a6-4f2e-ba26-f9d76ef4e19a/elements 200 63 ms - 12 
[38;5;169m[9337c271][0m[38;5;86m[HTTP][0m [37m-->[39m [37mPOST[39m [37m/wd/hub/session/9337c271-49a6-4f2e-ba26-f9d76ef4e19a/elements[39m {"value":"//*[@class = 'android.view.View' and (@text = 'Home' or . = 'Home')]","using":"xpath"}
[38;5;169m[9337c271][0m[38;5;86m[HTTP][0m <-- POST /wd/hub/session/9337c271-49a6-4f2e-ba26-f9d76ef4e19a/elements 200 66 ms - 12 
[38;5;169m[9337c271][0m[38;5;86m[HTTP][0m [37m-->[39m [37mPOST[39m [37m/wd/hub/session/9337c271-49a6-4f2e-ba26-f9d76ef4e19a/elements[39m {"value":"//*[@class = 'android.view.View' and (@text = 'Home' or . = 'Home')]","using":"xpath"}
[38;5;169m[9337c271][0m[38;5;86m[HTTP][0m <-- POST /wd/hub/session/9337c271-49a6-4f2e-ba26-f9d76ef4e19a/elements 200 67 ms - 12 
[38;5;169m[9337c271][0m[38;5;86m[HTTP][0m [37m-->[39m [37mPOST[39m [37m/wd/hub/session/9337c271-49a6-4f2e-ba26-f9d76ef4e19a/elements[39m {"value":"//*[@class = 'android.view.View' and (@text = 'Home' or . = 'Home')]","using":"xpath"}
[38;5;169m[9337c271][0m[38;5;86m[HTTP][0m <-- POST /wd/hub/session/9337c271-49a6-4f2e-ba26-f9d76ef4e19a/elements 200 69 ms - 12 
[38;5;169m[9337c271][0m[38;5;86m[HTTP][0m [37m-->[39m [37mPOST[39m [37m/wd/hub/session/9337c271-49a6-4f2e-ba26-f9d76ef4e19a/elements[39m {"value":"//*[@class = 'android.view.View' and (@text = 'Home' or . = 'Home')]","using":"xpath"}
[38;5;169m[9337c271][0m[38;5;86m[HTTP][0m <-- POST /wd/hub/session/9337c271-49a6-4f2e-ba26-f9d76ef4e19a/elements 200 67 ms - 12 
[38;5;169m[9337c271][0m[38;5;86m[HTTP][0m [37m-->[39m [37mPOST[39m [37m/wd/hub/session/9337c271-49a6-4f2e-ba26-f9d76ef4e19a/elements[39m {"value":"//*[@class = 'android.view.View' and (@text = 'Home' or . = 'Home')]","using":"xpath"}
[38;5;169m[9337c271][0m[38;5;86m[HTTP][0m <-- POST /wd/hub/session/9337c271-49a6-4f2e-ba26-f9d76ef4e19a/elements 200 70 ms - 12 
[38;5;169m[9337c271][0m[38;5;86m[HTTP][0m [37m-->[39m [37mPOST[39m [37m/wd/hub/session/9337c271-49a6-4f2e-ba26-f9d76ef4e19a/elements[39m {"value":"//*[@class = 'android.view.View' and (@text = 'Home' or . = 'Home')]","using":"xpath"}
[38;5;169m[9337c271][0m[38;5;86m[HTTP][0m <-- POST /wd/hub/session/9337c271-49a6-4f2e-ba26-f9d76ef4e19a/elements 200 576 ms - 12 
[38;5;169m[9337c271][0m[38;5;-58m[AndroidUiautomator2Driver@3ae4][0m Shutting down because we waited 1800 seconds for a command
[38;5;169m[9337c271][0m[38;5;29m[AppiumDriver@cf22][0m Ending session, cause was 'New Command Timeout of 1800 seconds expired. Try customizing the timeout using the 'newCommandTimeout' desired capability'
[38;5;169m[9337c271][0m[38;5;29m[AppiumDriver@cf22][0m Removing session '9337c271-49a6-4f2e-ba26-f9d76ef4e19a' from our master session list
[38;5;169m[9337c271][0m[38;5;-58m[AndroidUiautomator2Driver@3ae4][0m Did not get the confirmation of UiAutomator2 server session deletion. Original error: An unknown server-side error occurred while processing the command. Original error: 'DELETE /' cannot be proxied to UiAutomator2 server because the instrumentation process is not running (probably crashed). Check the server log and/or the logcat output for more details
[38;5;169m[9337c271][0m[38;5;-58m[AndroidUiautomator2Driver@3ae4][0m The UIA2 server did has not been terminated within 5000ms timeout. Continuing anyway
[38;5;169m[9337c271][0m[38;5;229m[ADB][0m com.westgate.rewrite2 was successfully uninstalled
[38;5;169m[9337c271][0m[38;5;-58m[AndroidUiautomator2Driver@3ae4][0m Unable to remove system port forward: Error executing adbExec. Original error: 'Command '/Users/gv.vignesh/.katalon/tools/android_sdk/platform-tools/adb -P 5037 -s emulator-5554 forward --remove tcp\:53358' exited with code 1'; Command output: adb: error: listener 'tcp:53358' not found

[38;5;169m[9337c271][0m[38;5;-58m[AndroidUiautomator2Driver@3ae4][0m Restoring hidden api policy to the device default configuration
[38;5;112m[Appium][0m Received SIGTERM - shutting down
[38;5;86m[HTTP][0m Closing Appium HTTP server
[38;5;86m[HTTP][0m Appium HTTP server has been succesfully closed after 30ms
