[38;5;112m[Appium][0m Welcome to Appium v2.16.0 (REV f1041842141f20bc701b522d4371d7843d905580)
[38;5;112m[Appium][0m Non-default server args:
[38;5;112m[Appium][0m { basePath: [32m'/wd/hub'[39m, loglevel: [32m'info'[39m, port: [33m65478[39m }
[38;5;112m[Appium][0m Attempting to load driver uiautomator2...
[38;5;112m[Appium][0m Appium REST http interface listener started on http://0.0.0.0:65478/wd/hub
[38;5;112m[Appium][0m You can provide the following URLs in your client code to connect to this server:
	http://127.0.0.1:65478/wd/hub (only accessible from the same host)
	http://192.168.0.108:65478/wd/hub
[38;5;112m[Appium][0m Available drivers:
[38;5;112m[Appium][0m   - uiautomator2@4.1.5 (automationName 'UiAutomator2')
[38;5;112m[Appium][0m No plugins have been installed. Use the "appium plugin" command to install the one(s) you want to use.
[38;5;86m[HTTP][0m [37m-->[39m [37mGET[39m [37m/wd/hub/status[39m {}
[38;5;86m[HTTP][0m <-- GET /wd/hub/status 200 4 ms - 200 
[38;5;86m[HTTP][0m [37m-->[39m [37mPOST[39m [37m/wd/hub/session[39m {"capabilities":{"firstMatch":[{"appium:app":"/Users/gv.vignesh/Downloads/WGR-Android-Automation/App Folder/universal.apk","appium:autoGrantPermissions":true,"appium:automationName":"uiautomator2","appium:deviceId":"","appium:deviceName":"emulator-5554 (sdk_gphone64_arm64 - Android 16)","appium:fullReset":true,"appium:newCommandTimeout":1800,"appium:noReset":false,"appium:platformName":"ANDROID","appium:platformVersion":"16","appium:systemPort":65477,"appium:udid":"emulator-5554","platformName":"ANDROID"}]},"desiredCapabilities":{"appium:app":"/Users/gv.vignesh/Downloads/WGR-Android-Automation/App Folder/universal.apk","appium:autoGrantPermissions":true,"appium:automationName":"uiautomator2","appium:deviceId":"","appium:deviceName":"emulator-5554 (sdk_gphone64_arm64 - Android 16)","appium:fullReset":true,"appium:newCommandTimeout":1800,"appium:noReset":false,"appium:platformName":"ANDROID","appium:platformVersion":"16","appium:systemPort":65477,"appium:udid":"emulator-5554"}}
[38;5;123m[BaseDriver][0m Ignoring capability 'appium:platformName=ANDROID' and using capability 'platformName=ANDROID'
[38;5;123m[BaseDriver][0m The capabilities ["platformName"] are standard capabilities and do not require "appium:" prefix
[38;5;112m[Appium][0m Attempting to find matching driver for automationName 'uiautomator2' and platformName 'ANDROID'
[38;5;112m[Appium][0m The 'uiautomator2' driver was installed and matched caps.
[38;5;112m[Appium][0m Will require it at /Users/gv.vignesh/.appium/node_modules/appium-uiautomator2-driver
[38;5;35m[AppiumDriver@285f][0m Appium v2.16.0 creating new AndroidUiautomator2Driver (v4.1.5) session
[38;5;35m[AppiumDriver@285f][0m Checking BaseDriver versions for Appium and AndroidUiautomator2Driver
[38;5;35m[AppiumDriver@285f][0m Appium's BaseDriver version is 9.16.4
[38;5;35m[AppiumDriver@285f][0m AndroidUiautomator2Driver's BaseDriver version is 9.16.4
[38;5;-22m[AndroidUiautomator2Driver@ed57][0m The following provided capabilities were not recognized by this driver:
[38;5;-22m[AndroidUiautomator2Driver@ed57][0m   deviceId
[38;5;87m[2851bb96][0m[38;5;-22m[AndroidUiautomator2Driver@ed57][0m Session created with session id: 2851bb96-2d02-441d-858b-9eae78b3b054
[38;5;87m[2851bb96][0m[38;5;229m[ADB][0m Found 1 'build-tools' folders under '/Users/gv.vignesh/.katalon/tools/android_sdk' (newest first):
[38;5;87m[2851bb96][0m[38;5;229m[ADB][0m     /Users/gv.vignesh/.katalon/tools/android_sdk/build-tools/29.0.3
[38;5;87m[2851bb96][0m[38;5;229m[ADB][0m Using 'adb' from '/Users/gv.vignesh/.katalon/tools/android_sdk/platform-tools/adb'
[38;5;87m[2851bb96][0m[38;5;-22m[AndroidUiautomator2Driver@ed57][0m Retrieving device list
[38;5;87m[2851bb96][0m[38;5;-22m[AndroidUiautomator2Driver@ed57][0m Using device: emulator-5554
[38;5;87m[2851bb96][0m[38;5;229m[ADB][0m Using 'adb' from '/Users/gv.vignesh/.katalon/tools/android_sdk/platform-tools/adb'
[38;5;87m[2851bb96][0m[38;5;123m[BaseDriver][0m Using local app '/Users/gv.vignesh/Downloads/WGR-Android-Automation/App Folder/universal.apk'
[38;5;87m[2851bb96][0m[38;5;229m[ADB][0m Getting device platform version
[38;5;87m[2851bb96][0m[38;5;-22m[AndroidUiautomator2Driver@ed57][0m Relaxing hidden api policy
[38;5;87m[2851bb96][0m[38;5;229m[ADB][0m Using 'aapt2' from '/Users/gv.vignesh/.katalon/tools/android_sdk/build-tools/29.0.3/aapt2'
[38;5;87m[2851bb96][0m[38;5;229m[ADB][0m Package name: 'com.westgate.rewrite2'
[38;5;87m[2851bb96][0m[38;5;229m[ADB][0m Main activity name: 'com.westgate.rewrite2.MainActivity'
[38;5;87m[2851bb96][0m[38;5;229m[ADB][0m Using 'apksigner.jar' from '/Users/gv.vignesh/.katalon/tools/android_sdk/build-tools/29.0.3/lib/apksigner.jar'
[38;5;87m[2851bb96][0m[38;5;-22m[AndroidUiautomator2Driver@ed57][0m Server packages are not going to be (re)installed
[38;5;87m[2851bb96][0m[38;5;229m[ADB][0m Adding packages ["io.appium.settings","io.appium.uiautomator2.server","io.appium.uiautomator2.server.test"] to Doze whitelist
[38;5;87m[2851bb96][0m[38;5;229m[ADB][0m '/Users/gv.vignesh/Downloads/WGR-Android-Automation/App Folder/universal.apk' is signed with a non-default certificate
[38;5;87m[2851bb96][0m[38;5;229m[ADB][0m com.westgate.rewrite2 was not uninstalled, because it was not present on the device
[38;5;87m[2851bb96][0m[38;5;229m[ADB][0m The application at '/Users/gv.vignesh/Downloads/WGR-Android-Automation/App Folder/universal.apk' will not be cached, because the device under test has confirmed the support of streamed installs
[38;5;87m[2851bb96][0m[38;5;229m[ADB][0m The installation of 'universal.apk' took 618ms
[38;5;87m[2851bb96][0m[38;5;-22m[AndroidUiautomator2Driver@ed57][0m Starting UIAutomator2 server 7.3.0
[38;5;87m[2851bb96][0m[38;5;-22m[AndroidUiautomator2Driver@ed57][0m Using UIAutomator2 server from '/Users/gv.vignesh/.appium/node_modules/appium-uiautomator2-driver/node_modules/appium-uiautomator2-server/apks/appium-uiautomator2-server-v7.3.0.apk' and test from '/Users/gv.vignesh/.appium/node_modules/appium-uiautomator2-driver/node_modules/appium-uiautomator2-server/apks/appium-uiautomator2-server-debug-androidTest.apk'
[38;5;87m[2851bb96][0m[38;5;-22m[AndroidUiautomator2Driver@ed57][0m Waiting up to 30000ms for UiAutomator2 to be online...
[38;5;87m[2851bb96][0m[38;5;-22m[AndroidUiautomator2Driver@ed57][0m socket hang up
[38;5;87m[2851bb96][0m[38;5;-22m[AndroidUiautomator2Driver@ed57][0m Determined the downstream protocol as 'W3C'
[38;5;87m[2851bb96][0m[38;5;-22m[AndroidUiautomator2Driver@ed57][0m Screen already unlocked, doing nothing
[38;5;87m[2851bb96][0m[38;5;-22m[AndroidUiautomator2Driver@ed57][0m Starting 'com.westgate.rewrite2/com.westgate.rewrite2.MainActivity' and waiting for 'com.westgate.rewrite2/com.westgate.rewrite2.MainActivity'
[38;5;87m[2851bb96][0m[38;5;35m[AppiumDriver@285f][0m New AndroidUiautomator2Driver session created successfully, session 2851bb96-2d02-441d-858b-9eae78b3b054 added to master session list
[38;5;87m[2851bb96][0m[38;5;86m[HTTP][0m <-- POST /wd/hub/session 200 5899 ms - 1350 
[38;5;86m[HTTP][0m [37m-->[39m [37mGET[39m [37m/wd/hub/status[39m {}
[38;5;86m[HTTP][0m <-- GET /wd/hub/status 200 0 ms - 200 
[38;5;87m[2851bb96][0m[38;5;86m[HTTP][0m [37m-->[39m [37mPOST[39m [37m/wd/hub/session/2851bb96-2d02-441d-858b-9eae78b3b054/timeouts[39m {"implicit":30000}
[38;5;87m[2851bb96][0m[38;5;86m[HTTP][0m <-- POST /wd/hub/session/2851bb96-2d02-441d-858b-9eae78b3b054/timeouts 200 1 ms - 14 
[38;5;87m[2851bb96][0m[38;5;86m[HTTP][0m [37m-->[39m [37mPOST[39m [37m/wd/hub/session/2851bb96-2d02-441d-858b-9eae78b3b054/execute/sync[39m {"script":"mobile: getSystemBars","args":[]}
[38;5;87m[2851bb96][0m[38;5;-22m[AndroidUiautomator2Driver@ed57][0m No windows have been found whose title matches to 'NavigationBar'. Assuming it is invisible. Only the following windows are available: ScreenDecorOverlayBottom,ScreenDecorOverlay,EdgeBackGestureHandler0,Taskbar,NotificationShade,StatusBar,ShellDropTarget,InputMethod
[38;5;87m[2851bb96][0m[38;5;86m[HTTP][0m <-- POST /wd/hub/session/2851bb96-2d02-441d-858b-9eae78b3b054/execute/sync 200 62 ms - 144 
[38;5;87m[2851bb96][0m[38;5;86m[HTTP][0m [37m-->[39m [37mPOST[39m [37m/wd/hub/session/2851bb96-2d02-441d-858b-9eae78b3b054/timeouts[39m {"implicit":50}
[38;5;87m[2851bb96][0m[38;5;86m[HTTP][0m <-- POST /wd/hub/session/2851bb96-2d02-441d-858b-9eae78b3b054/timeouts 200 1 ms - 14 
[38;5;87m[2851bb96][0m[38;5;86m[HTTP][0m [37m-->[39m [37mGET[39m [37m/wd/hub/session/2851bb96-2d02-441d-858b-9eae78b3b054/window/rect[39m {}
[38;5;87m[2851bb96][0m[38;5;86m[HTTP][0m <-- GET /wd/hub/session/2851bb96-2d02-441d-858b-9eae78b3b054/window/rect 200 6 ms - 50 
[38;5;87m[2851bb96][0m[38;5;86m[HTTP][0m [37m-->[39m [37mPOST[39m [37m/wd/hub/session/2851bb96-2d02-441d-858b-9eae78b3b054/elements[39m {"using":"xpath","value":"//*[@class = 'android.widget.Button' and (@text = 'Login or Sign Up' or . = 'Login or Sign Up')]"}
[38;5;87m[2851bb96][0m[38;5;86m[HTTP][0m <-- POST /wd/hub/session/2851bb96-2d02-441d-858b-9eae78b3b054/elements 200 147 ms - 139 
[38;5;87m[2851bb96][0m[38;5;86m[HTTP][0m [37m-->[39m [37mGET[39m [37m/wd/hub/session/2851bb96-2d02-441d-858b-9eae78b3b054/element/00000000-0000-0050-0000-00a300000007/rect[39m {}
[38;5;87m[2851bb96][0m[38;5;-22m[AndroidUiautomator2Driver@ed57][0m Driver proxy active, passing request on via HTTP proxy
[38;5;87m[2851bb96][0m[38;5;-22m[AndroidUiautomator2Driver@ed57][0m Replacing sessionId f9b12b34-f369-43e7-8b96-de3100dda966 with 2851bb96-2d02-441d-858b-9eae78b3b054
[38;5;87m[2851bb96][0m[38;5;86m[HTTP][0m <-- GET /wd/hub/session/2851bb96-2d02-441d-858b-9eae78b3b054/element/00000000-0000-0050-0000-00a300000007/rect 200 6 ms - 103 
[38;5;87m[2851bb96][0m[38;5;86m[HTTP][0m [37m-->[39m [37mPOST[39m [37m/wd/hub/session/2851bb96-2d02-441d-858b-9eae78b3b054/timeouts[39m {"implicit":30000}
[38;5;87m[2851bb96][0m[38;5;86m[HTTP][0m <-- POST /wd/hub/session/2851bb96-2d02-441d-858b-9eae78b3b054/timeouts 200 0 ms - 14 
[38;5;87m[2851bb96][0m[38;5;86m[HTTP][0m [37m-->[39m [37mPOST[39m [37m/wd/hub/session/2851bb96-2d02-441d-858b-9eae78b3b054/element/00000000-0000-0050-0000-00a300000007/click[39m {"id":"00000000-0000-0050-0000-00a300000007"}
[38;5;87m[2851bb96][0m[38;5;86m[HTTP][0m <-- POST /wd/hub/session/2851bb96-2d02-441d-858b-9eae78b3b054/element/00000000-0000-0050-0000-00a300000007/click 200 35 ms - 14 
[38;5;87m[2851bb96][0m[38;5;86m[HTTP][0m [37m-->[39m [37mPOST[39m [37m/wd/hub/session/2851bb96-2d02-441d-858b-9eae78b3b054/timeouts[39m {"implicit":50}
[38;5;87m[2851bb96][0m[38;5;86m[HTTP][0m <-- POST /wd/hub/session/2851bb96-2d02-441d-858b-9eae78b3b054/timeouts 200 1 ms - 14 
[38;5;87m[2851bb96][0m[38;5;86m[HTTP][0m [37m-->[39m [37mGET[39m [37m/wd/hub/session/2851bb96-2d02-441d-858b-9eae78b3b054/window/rect[39m {}
[38;5;87m[2851bb96][0m[38;5;86m[HTTP][0m <-- GET /wd/hub/session/2851bb96-2d02-441d-858b-9eae78b3b054/window/rect 200 10 ms - 50 
[38;5;87m[2851bb96][0m[38;5;86m[HTTP][0m [37m-->[39m [37mPOST[39m [37m/wd/hub/session/2851bb96-2d02-441d-858b-9eae78b3b054/elements[39m {"using":"xpath","value":"//*[@class = 'android.widget.EditText' and (@text = '' or . = '')]"}
[38;5;87m[2851bb96][0m[38;5;86m[HTTP][0m <-- POST /wd/hub/session/2851bb96-2d02-441d-858b-9eae78b3b054/elements 200 59 ms - 139 
[38;5;87m[2851bb96][0m[38;5;86m[HTTP][0m [37m-->[39m [37mGET[39m [37m/wd/hub/session/2851bb96-2d02-441d-858b-9eae78b3b054/element/00000000-0000-0050-0000-00dc00000007/rect[39m {}
[38;5;87m[2851bb96][0m[38;5;-22m[AndroidUiautomator2Driver@ed57][0m Driver proxy active, passing request on via HTTP proxy
[38;5;87m[2851bb96][0m[38;5;-22m[AndroidUiautomator2Driver@ed57][0m Replacing sessionId f9b12b34-f369-43e7-8b96-de3100dda966 with 2851bb96-2d02-441d-858b-9eae78b3b054
[38;5;87m[2851bb96][0m[38;5;86m[HTTP][0m <-- GET /wd/hub/session/2851bb96-2d02-441d-858b-9eae78b3b054/element/00000000-0000-0050-0000-00dc00000007/rect 200 5 ms - 103 
[38;5;87m[2851bb96][0m[38;5;86m[HTTP][0m [37m-->[39m [37mPOST[39m [37m/wd/hub/session/2851bb96-2d02-441d-858b-9eae78b3b054/timeouts[39m {"implicit":30000}
[38;5;87m[2851bb96][0m[38;5;86m[HTTP][0m <-- POST /wd/hub/session/2851bb96-2d02-441d-858b-9eae78b3b054/timeouts 200 0 ms - 14 
[38;5;87m[2851bb96][0m[38;5;86m[HTTP][0m [37m-->[39m [37mPOST[39m [37m/wd/hub/session/2851bb96-2d02-441d-858b-9eae78b3b054/element/00000000-0000-0050-0000-00dc00000007/clear[39m {"id":"00000000-0000-0050-0000-00dc00000007"}
[38;5;87m[2851bb96][0m[38;5;86m[HTTP][0m <-- POST /wd/hub/session/2851bb96-2d02-441d-858b-9eae78b3b054/element/00000000-0000-0050-0000-00dc00000007/clear 200 6 ms - 14 
[38;5;87m[2851bb96][0m[38;5;86m[HTTP][0m [37m-->[39m [37mPOST[39m [37m/wd/hub/session/2851bb96-2d02-441d-858b-9eae78b3b054/element/00000000-0000-0050-0000-00dc00000007/click[39m {"id":"00000000-0000-0050-0000-00dc00000007"}
[38;5;87m[2851bb96][0m[38;5;86m[HTTP][0m <-- POST /wd/hub/session/2851bb96-2d02-441d-858b-9eae78b3b054/element/00000000-0000-0050-0000-00dc00000007/click 200 57 ms - 14 
[38;5;87m[2851bb96][0m[38;5;86m[HTTP][0m [37m-->[39m [37mPOST[39m [37m/wd/hub/session/2851bb96-2d02-441d-858b-9eae78b3b054/element/00000000-0000-0050-0000-00dc00000007/value[39m {"text":"viratkohli@gmail.com","value":["v","i","r","a","t","k","o","h","l","i","@","g","m","a","i","l",".","c","o","m"],"id":"00000000-0000-0050-0000-00dc00000007"}
[38;5;87m[2851bb96][0m[38;5;86m[HTTP][0m <-- POST /wd/hub/session/2851bb96-2d02-441d-858b-9eae78b3b054/element/00000000-0000-0050-0000-00dc00000007/value 200 13 ms - 14 
[38;5;87m[2851bb96][0m[38;5;86m[HTTP][0m [37m-->[39m [37mGET[39m [37m/wd/hub/session/2851bb96-2d02-441d-858b-9eae78b3b054/context[39m {}
[38;5;87m[2851bb96][0m[38;5;86m[HTTP][0m <-- GET /wd/hub/session/2851bb96-2d02-441d-858b-9eae78b3b054/context 200 1 ms - 22 
[38;5;87m[2851bb96][0m[38;5;86m[HTTP][0m [37m-->[39m [37mGET[39m [37m/wd/hub/session/2851bb96-2d02-441d-858b-9eae78b3b054/contexts[39m {}
[38;5;87m[2851bb96][0m[38;5;86m[HTTP][0m <-- GET /wd/hub/session/2851bb96-2d02-441d-858b-9eae78b3b054/contexts 200 261 ms - 24 
[38;5;87m[2851bb96][0m[38;5;86m[HTTP][0m [37m-->[39m [37mPOST[39m [37m/wd/hub/session/2851bb96-2d02-441d-858b-9eae78b3b054/context[39m {"name":"NATIVE_APP"}
[38;5;87m[2851bb96][0m[38;5;86m[HTTP][0m <-- POST /wd/hub/session/2851bb96-2d02-441d-858b-9eae78b3b054/context 200 0 ms - 14 
[38;5;87m[2851bb96][0m[38;5;86m[HTTP][0m [37m-->[39m [37mPOST[39m [37m/wd/hub/session/2851bb96-2d02-441d-858b-9eae78b3b054/execute/sync[39m {"script":"mobile: hideKeyboard","args":[]}
[38;5;87m[2851bb96][0m[38;5;86m[HTTP][0m <-- POST /wd/hub/session/2851bb96-2d02-441d-858b-9eae78b3b054/execute/sync 200 2170 ms - 14 
[38;5;87m[2851bb96][0m[38;5;86m[HTTP][0m [37m-->[39m [37mPOST[39m [37m/wd/hub/session/2851bb96-2d02-441d-858b-9eae78b3b054/context[39m {"name":"NATIVE_APP"}
[38;5;87m[2851bb96][0m[38;5;86m[HTTP][0m <-- POST /wd/hub/session/2851bb96-2d02-441d-858b-9eae78b3b054/context 200 1 ms - 14 
[38;5;87m[2851bb96][0m[38;5;86m[HTTP][0m [37m-->[39m [37mPOST[39m [37m/wd/hub/session/2851bb96-2d02-441d-858b-9eae78b3b054/timeouts[39m {"implicit":50}
[38;5;87m[2851bb96][0m[38;5;86m[HTTP][0m <-- POST /wd/hub/session/2851bb96-2d02-441d-858b-9eae78b3b054/timeouts 200 1 ms - 14 
[38;5;87m[2851bb96][0m[38;5;86m[HTTP][0m [37m-->[39m [37mGET[39m [37m/wd/hub/session/2851bb96-2d02-441d-858b-9eae78b3b054/window/rect[39m {}
[38;5;87m[2851bb96][0m[38;5;86m[HTTP][0m <-- GET /wd/hub/session/2851bb96-2d02-441d-858b-9eae78b3b054/window/rect 200 10 ms - 50 
[38;5;87m[2851bb96][0m[38;5;86m[HTTP][0m [37m-->[39m [37mPOST[39m [37m/wd/hub/session/2851bb96-2d02-441d-858b-9eae78b3b054/elements[39m {"using":"xpath","value":"//*[@class = 'android.widget.Button' and (@text = 'Next' or . = 'Next')]"}
[38;5;87m[2851bb96][0m[38;5;86m[HTTP][0m <-- POST /wd/hub/session/2851bb96-2d02-441d-858b-9eae78b3b054/elements 200 76 ms - 139 
[38;5;87m[2851bb96][0m[38;5;86m[HTTP][0m [37m-->[39m [37mGET[39m [37m/wd/hub/session/2851bb96-2d02-441d-858b-9eae78b3b054/element/00000000-0000-0050-0000-00e300000007/rect[39m {}
[38;5;87m[2851bb96][0m[38;5;-22m[AndroidUiautomator2Driver@ed57][0m Driver proxy active, passing request on via HTTP proxy
[38;5;87m[2851bb96][0m[38;5;-22m[AndroidUiautomator2Driver@ed57][0m Replacing sessionId f9b12b34-f369-43e7-8b96-de3100dda966 with 2851bb96-2d02-441d-858b-9eae78b3b054
[38;5;87m[2851bb96][0m[38;5;86m[HTTP][0m <-- GET /wd/hub/session/2851bb96-2d02-441d-858b-9eae78b3b054/element/00000000-0000-0050-0000-00e300000007/rect 200 7 ms - 103 
[38;5;87m[2851bb96][0m[38;5;86m[HTTP][0m [37m-->[39m [37mPOST[39m [37m/wd/hub/session/2851bb96-2d02-441d-858b-9eae78b3b054/timeouts[39m {"implicit":30000}
[38;5;87m[2851bb96][0m[38;5;86m[HTTP][0m <-- POST /wd/hub/session/2851bb96-2d02-441d-858b-9eae78b3b054/timeouts 200 1 ms - 14 
[38;5;87m[2851bb96][0m[38;5;86m[HTTP][0m [37m-->[39m [37mPOST[39m [37m/wd/hub/session/2851bb96-2d02-441d-858b-9eae78b3b054/element/00000000-0000-0050-0000-00e300000007/click[39m {"id":"00000000-0000-0050-0000-00e300000007"}
[38;5;87m[2851bb96][0m[38;5;86m[HTTP][0m <-- POST /wd/hub/session/2851bb96-2d02-441d-858b-9eae78b3b054/element/00000000-0000-0050-0000-00e300000007/click 200 39 ms - 14 
[38;5;87m[2851bb96][0m[38;5;86m[HTTP][0m [37m-->[39m [37mPOST[39m [37m/wd/hub/session/2851bb96-2d02-441d-858b-9eae78b3b054/timeouts[39m {"implicit":50}
[38;5;87m[2851bb96][0m[38;5;86m[HTTP][0m <-- POST /wd/hub/session/2851bb96-2d02-441d-858b-9eae78b3b054/timeouts 200 2 ms - 14 
[38;5;87m[2851bb96][0m[38;5;86m[HTTP][0m [37m-->[39m [37mGET[39m [37m/wd/hub/session/2851bb96-2d02-441d-858b-9eae78b3b054/window/rect[39m {}
[38;5;87m[2851bb96][0m[38;5;86m[HTTP][0m <-- GET /wd/hub/session/2851bb96-2d02-441d-858b-9eae78b3b054/window/rect 200 8 ms - 50 
[38;5;87m[2851bb96][0m[38;5;86m[HTTP][0m [37m-->[39m [37mPOST[39m [37m/wd/hub/session/2851bb96-2d02-441d-858b-9eae78b3b054/elements[39m {"using":"xpath","value":"//hierarchy/android.widget.FrameLayout[1]/android.widget.LinearLayout[1]/android.widget.FrameLayout[1]/android.widget.LinearLayout[1]/android.widget.FrameLayout[1]/android.view.ViewGroup[1]/android.webkit.WebView[1]/android.webkit.WebView[1]/android.view.View[1]/android.view.View[1]/android.view.View[1]/android.view.View[1]/android.view.View[2]/android.view.View[1]/android.view.View[1]/android.view.View[1]/android.view.View[2]/android.view.View[1]/android.view.View[1]/android.widget.EditText[1]"}
[38;5;87m[2851bb96][0m[38;5;86m[HTTP][0m <-- POST /wd/hub/session/2851bb96-2d02-441d-858b-9eae78b3b054/elements 200 42 ms - 139 
[38;5;87m[2851bb96][0m[38;5;86m[HTTP][0m [37m-->[39m [37mGET[39m [37m/wd/hub/session/2851bb96-2d02-441d-858b-9eae78b3b054/element/00000000-0000-0050-0000-013d00000007/rect[39m {}
[38;5;87m[2851bb96][0m[38;5;-22m[AndroidUiautomator2Driver@ed57][0m Driver proxy active, passing request on via HTTP proxy
[38;5;87m[2851bb96][0m[38;5;-22m[AndroidUiautomator2Driver@ed57][0m Replacing sessionId f9b12b34-f369-43e7-8b96-de3100dda966 with 2851bb96-2d02-441d-858b-9eae78b3b054
[38;5;87m[2851bb96][0m[38;5;86m[HTTP][0m <-- GET /wd/hub/session/2851bb96-2d02-441d-858b-9eae78b3b054/element/00000000-0000-0050-0000-013d00000007/rect 200 8 ms - 103 
[38;5;87m[2851bb96][0m[38;5;86m[HTTP][0m [37m-->[39m [37mPOST[39m [37m/wd/hub/session/2851bb96-2d02-441d-858b-9eae78b3b054/timeouts[39m {"implicit":30000}
[38;5;87m[2851bb96][0m[38;5;86m[HTTP][0m <-- POST /wd/hub/session/2851bb96-2d02-441d-858b-9eae78b3b054/timeouts 200 1 ms - 14 
[38;5;87m[2851bb96][0m[38;5;86m[HTTP][0m [37m-->[39m [37mPOST[39m [37m/wd/hub/session/2851bb96-2d02-441d-858b-9eae78b3b054/element/00000000-0000-0050-0000-013d00000007/clear[39m {"id":"00000000-0000-0050-0000-013d00000007"}
[38;5;87m[2851bb96][0m[38;5;86m[HTTP][0m <-- POST /wd/hub/session/2851bb96-2d02-441d-858b-9eae78b3b054/element/00000000-0000-0050-0000-013d00000007/clear 200 7 ms - 14 
[38;5;87m[2851bb96][0m[38;5;86m[HTTP][0m [37m-->[39m [37mPOST[39m [37m/wd/hub/session/2851bb96-2d02-441d-858b-9eae78b3b054/element/00000000-0000-0050-0000-013d00000007/click[39m {"id":"00000000-0000-0050-0000-013d00000007"}
[38;5;87m[2851bb96][0m[38;5;86m[HTTP][0m <-- POST /wd/hub/session/2851bb96-2d02-441d-858b-9eae78b3b054/element/00000000-0000-0050-0000-013d00000007/click 200 64 ms - 14 
[38;5;87m[2851bb96][0m[38;5;86m[HTTP][0m [37m-->[39m [37mPOST[39m [37m/wd/hub/session/2851bb96-2d02-441d-858b-9eae78b3b054/element/00000000-0000-0050-0000-013d00000007/value[39m {"text":"viratkohli@gmail.com","value":["v","i","r","a","t","k","o","h","l","i","@","g","m","a","i","l",".","c","o","m"],"id":"00000000-0000-0050-0000-013d00000007"}
[38;5;87m[2851bb96][0m[38;5;86m[HTTP][0m <-- POST /wd/hub/session/2851bb96-2d02-441d-858b-9eae78b3b054/element/00000000-0000-0050-0000-013d00000007/value 200 21 ms - 14 
[38;5;87m[2851bb96][0m[38;5;86m[HTTP][0m [37m-->[39m [37mGET[39m [37m/wd/hub/session/2851bb96-2d02-441d-858b-9eae78b3b054/context[39m {}
[38;5;87m[2851bb96][0m[38;5;86m[HTTP][0m <-- GET /wd/hub/session/2851bb96-2d02-441d-858b-9eae78b3b054/context 200 1 ms - 22 
[38;5;87m[2851bb96][0m[38;5;86m[HTTP][0m [37m-->[39m [37mGET[39m [37m/wd/hub/session/2851bb96-2d02-441d-858b-9eae78b3b054/contexts[39m {}
[38;5;87m[2851bb96][0m[38;5;86m[HTTP][0m <-- GET /wd/hub/session/2851bb96-2d02-441d-858b-9eae78b3b054/contexts 200 254 ms - 24 
[38;5;87m[2851bb96][0m[38;5;86m[HTTP][0m [37m-->[39m [37mPOST[39m [37m/wd/hub/session/2851bb96-2d02-441d-858b-9eae78b3b054/context[39m {"name":"NATIVE_APP"}
[38;5;87m[2851bb96][0m[38;5;86m[HTTP][0m <-- POST /wd/hub/session/2851bb96-2d02-441d-858b-9eae78b3b054/context 200 1 ms - 14 
[38;5;87m[2851bb96][0m[38;5;86m[HTTP][0m [37m-->[39m [37mPOST[39m [37m/wd/hub/session/2851bb96-2d02-441d-858b-9eae78b3b054/execute/sync[39m {"script":"mobile: hideKeyboard","args":[]}
[38;5;87m[2851bb96][0m[38;5;86m[HTTP][0m <-- POST /wd/hub/session/2851bb96-2d02-441d-858b-9eae78b3b054/execute/sync 200 2127 ms - 14 
[38;5;87m[2851bb96][0m[38;5;86m[HTTP][0m [37m-->[39m [37mPOST[39m [37m/wd/hub/session/2851bb96-2d02-441d-858b-9eae78b3b054/context[39m {"name":"NATIVE_APP"}
[38;5;87m[2851bb96][0m[38;5;86m[HTTP][0m <-- POST /wd/hub/session/2851bb96-2d02-441d-858b-9eae78b3b054/context 200 0 ms - 14 
[38;5;87m[2851bb96][0m[38;5;86m[HTTP][0m [37m-->[39m [37mPOST[39m [37m/wd/hub/session/2851bb96-2d02-441d-858b-9eae78b3b054/timeouts[39m {"implicit":50}
[38;5;87m[2851bb96][0m[38;5;86m[HTTP][0m <-- POST /wd/hub/session/2851bb96-2d02-441d-858b-9eae78b3b054/timeouts 200 1 ms - 14 
[38;5;87m[2851bb96][0m[38;5;86m[HTTP][0m [37m-->[39m [37mGET[39m [37m/wd/hub/session/2851bb96-2d02-441d-858b-9eae78b3b054/window/rect[39m {}
[38;5;87m[2851bb96][0m[38;5;86m[HTTP][0m <-- GET /wd/hub/session/2851bb96-2d02-441d-858b-9eae78b3b054/window/rect 200 9 ms - 50 
[38;5;87m[2851bb96][0m[38;5;86m[HTTP][0m [37m-->[39m [37mPOST[39m [37m/wd/hub/session/2851bb96-2d02-441d-858b-9eae78b3b054/elements[39m {"using":"xpath","value":"//*[@class = 'android.widget.Button' and (@text = 'Next' or . = 'Next')]"}
[38;5;87m[2851bb96][0m[38;5;86m[HTTP][0m <-- POST /wd/hub/session/2851bb96-2d02-441d-858b-9eae78b3b054/elements 200 37 ms - 139 
[38;5;87m[2851bb96][0m[38;5;86m[HTTP][0m [37m-->[39m [37mGET[39m [37m/wd/hub/session/2851bb96-2d02-441d-858b-9eae78b3b054/element/00000000-0000-0050-0000-014300000007/rect[39m {}
[38;5;87m[2851bb96][0m[38;5;-22m[AndroidUiautomator2Driver@ed57][0m Driver proxy active, passing request on via HTTP proxy
[38;5;87m[2851bb96][0m[38;5;-22m[AndroidUiautomator2Driver@ed57][0m Replacing sessionId f9b12b34-f369-43e7-8b96-de3100dda966 with 2851bb96-2d02-441d-858b-9eae78b3b054
[38;5;87m[2851bb96][0m[38;5;86m[HTTP][0m <-- GET /wd/hub/session/2851bb96-2d02-441d-858b-9eae78b3b054/element/00000000-0000-0050-0000-014300000007/rect 200 5 ms - 103 
[38;5;87m[2851bb96][0m[38;5;86m[HTTP][0m [37m-->[39m [37mPOST[39m [37m/wd/hub/session/2851bb96-2d02-441d-858b-9eae78b3b054/timeouts[39m {"implicit":30000}
[38;5;87m[2851bb96][0m[38;5;86m[HTTP][0m <-- POST /wd/hub/session/2851bb96-2d02-441d-858b-9eae78b3b054/timeouts 200 0 ms - 14 
[38;5;87m[2851bb96][0m[38;5;86m[HTTP][0m [37m-->[39m [37mPOST[39m [37m/wd/hub/session/2851bb96-2d02-441d-858b-9eae78b3b054/element/00000000-0000-0050-0000-014300000007/click[39m {"id":"00000000-0000-0050-0000-014300000007"}
[38;5;87m[2851bb96][0m[38;5;86m[HTTP][0m <-- POST /wd/hub/session/2851bb96-2d02-441d-858b-9eae78b3b054/element/00000000-0000-0050-0000-014300000007/click 200 35 ms - 14 
[38;5;87m[2851bb96][0m[38;5;86m[HTTP][0m [37m-->[39m [37mPOST[39m [37m/wd/hub/session/2851bb96-2d02-441d-858b-9eae78b3b054/timeouts[39m {"implicit":50}
[38;5;87m[2851bb96][0m[38;5;86m[HTTP][0m <-- POST /wd/hub/session/2851bb96-2d02-441d-858b-9eae78b3b054/timeouts 200 2 ms - 14 
[38;5;87m[2851bb96][0m[38;5;86m[HTTP][0m [37m-->[39m [37mGET[39m [37m/wd/hub/session/2851bb96-2d02-441d-858b-9eae78b3b054/window/rect[39m {}
[38;5;87m[2851bb96][0m[38;5;86m[HTTP][0m <-- GET /wd/hub/session/2851bb96-2d02-441d-858b-9eae78b3b054/window/rect 200 9 ms - 50 
[38;5;87m[2851bb96][0m[38;5;86m[HTTP][0m [37m-->[39m [37mPOST[39m [37m/wd/hub/session/2851bb96-2d02-441d-858b-9eae78b3b054/elements[39m {"using":"xpath","value":"//android.widget.EditText[@resource-id='ion-input-3']\r\n"}
[38;5;87m[2851bb96][0m[38;5;86m[HTTP][0m <-- POST /wd/hub/session/2851bb96-2d02-441d-858b-9eae78b3b054/elements 200 44 ms - 139 
[38;5;87m[2851bb96][0m[38;5;86m[HTTP][0m [37m-->[39m [37mGET[39m [37m/wd/hub/session/2851bb96-2d02-441d-858b-9eae78b3b054/element/00000000-0000-0050-0000-017900000007/rect[39m {}
[38;5;87m[2851bb96][0m[38;5;-22m[AndroidUiautomator2Driver@ed57][0m Driver proxy active, passing request on via HTTP proxy
[38;5;87m[2851bb96][0m[38;5;-22m[AndroidUiautomator2Driver@ed57][0m Replacing sessionId f9b12b34-f369-43e7-8b96-de3100dda966 with 2851bb96-2d02-441d-858b-9eae78b3b054
[38;5;87m[2851bb96][0m[38;5;86m[HTTP][0m <-- GET /wd/hub/session/2851bb96-2d02-441d-858b-9eae78b3b054/element/00000000-0000-0050-0000-017900000007/rect 200 7 ms - 102 
[38;5;87m[2851bb96][0m[38;5;86m[HTTP][0m [37m-->[39m [37mPOST[39m [37m/wd/hub/session/2851bb96-2d02-441d-858b-9eae78b3b054/timeouts[39m {"implicit":30000}
[38;5;87m[2851bb96][0m[38;5;86m[HTTP][0m <-- POST /wd/hub/session/2851bb96-2d02-441d-858b-9eae78b3b054/timeouts 200 0 ms - 14 
[38;5;87m[2851bb96][0m[38;5;86m[HTTP][0m [37m-->[39m [37mPOST[39m [37m/wd/hub/session/2851bb96-2d02-441d-858b-9eae78b3b054/element/00000000-0000-0050-0000-017900000007/clear[39m {"id":"00000000-0000-0050-0000-017900000007"}
[38;5;87m[2851bb96][0m[38;5;86m[HTTP][0m <-- POST /wd/hub/session/2851bb96-2d02-441d-858b-9eae78b3b054/element/00000000-0000-0050-0000-017900000007/clear 200 8 ms - 14 
[38;5;87m[2851bb96][0m[38;5;86m[HTTP][0m [37m-->[39m [37mPOST[39m [37m/wd/hub/session/2851bb96-2d02-441d-858b-9eae78b3b054/element/00000000-0000-0050-0000-017900000007/click[39m {"id":"00000000-0000-0050-0000-017900000007"}
[38;5;87m[2851bb96][0m[38;5;86m[HTTP][0m <-- POST /wd/hub/session/2851bb96-2d02-441d-858b-9eae78b3b054/element/00000000-0000-0050-0000-017900000007/click 200 1180 ms - 14 
[38;5;87m[2851bb96][0m[38;5;86m[HTTP][0m [37m-->[39m [37mPOST[39m [37m/wd/hub/session/2851bb96-2d02-441d-858b-9eae78b3b054/element/00000000-0000-0050-0000-017900000007/value[39m {"text":"GV","value":["G","V"],"id":"00000000-0000-0050-0000-017900000007"}
[38;5;87m[2851bb96][0m[38;5;86m[HTTP][0m <-- POST /wd/hub/session/2851bb96-2d02-441d-858b-9eae78b3b054/element/00000000-0000-0050-0000-017900000007/value 200 19 ms - 14 
[38;5;87m[2851bb96][0m[38;5;86m[HTTP][0m [37m-->[39m [37mGET[39m [37m/wd/hub/session/2851bb96-2d02-441d-858b-9eae78b3b054/context[39m {}
[38;5;87m[2851bb96][0m[38;5;86m[HTTP][0m <-- GET /wd/hub/session/2851bb96-2d02-441d-858b-9eae78b3b054/context 200 1 ms - 22 
[38;5;87m[2851bb96][0m[38;5;86m[HTTP][0m [37m-->[39m [37mGET[39m [37m/wd/hub/session/2851bb96-2d02-441d-858b-9eae78b3b054/contexts[39m {}
[38;5;87m[2851bb96][0m[38;5;86m[HTTP][0m <-- GET /wd/hub/session/2851bb96-2d02-441d-858b-9eae78b3b054/contexts 200 261 ms - 24 
[38;5;87m[2851bb96][0m[38;5;86m[HTTP][0m [37m-->[39m [37mPOST[39m [37m/wd/hub/session/2851bb96-2d02-441d-858b-9eae78b3b054/context[39m {"name":"NATIVE_APP"}
[38;5;87m[2851bb96][0m[38;5;86m[HTTP][0m <-- POST /wd/hub/session/2851bb96-2d02-441d-858b-9eae78b3b054/context 200 1 ms - 14 
[38;5;87m[2851bb96][0m[38;5;86m[HTTP][0m [37m-->[39m [37mPOST[39m [37m/wd/hub/session/2851bb96-2d02-441d-858b-9eae78b3b054/execute/sync[39m {"script":"mobile: hideKeyboard","args":[]}
[38;5;87m[2851bb96][0m[38;5;86m[HTTP][0m <-- POST /wd/hub/session/2851bb96-2d02-441d-858b-9eae78b3b054/execute/sync 200 2214 ms - 14 
[38;5;87m[2851bb96][0m[38;5;86m[HTTP][0m [37m-->[39m [37mPOST[39m [37m/wd/hub/session/2851bb96-2d02-441d-858b-9eae78b3b054/context[39m {"name":"NATIVE_APP"}
[38;5;87m[2851bb96][0m[38;5;86m[HTTP][0m <-- POST /wd/hub/session/2851bb96-2d02-441d-858b-9eae78b3b054/context 200 0 ms - 14 
[38;5;87m[2851bb96][0m[38;5;86m[HTTP][0m [37m-->[39m [37mPOST[39m [37m/wd/hub/session/2851bb96-2d02-441d-858b-9eae78b3b054/timeouts[39m {"implicit":50}
[38;5;87m[2851bb96][0m[38;5;86m[HTTP][0m <-- POST /wd/hub/session/2851bb96-2d02-441d-858b-9eae78b3b054/timeouts 200 2 ms - 14 
[38;5;87m[2851bb96][0m[38;5;86m[HTTP][0m [37m-->[39m [37mGET[39m [37m/wd/hub/session/2851bb96-2d02-441d-858b-9eae78b3b054/window/rect[39m {}
[38;5;87m[2851bb96][0m[38;5;86m[HTTP][0m <-- GET /wd/hub/session/2851bb96-2d02-441d-858b-9eae78b3b054/window/rect 200 18 ms - 50 
[38;5;87m[2851bb96][0m[38;5;86m[HTTP][0m [37m-->[39m [37mPOST[39m [37m/wd/hub/session/2851bb96-2d02-441d-858b-9eae78b3b054/elements[39m {"using":"xpath","value":"//android.widget.EditText[@resource-id='ion-input-4']\r\n"}
[38;5;87m[2851bb96][0m[38;5;86m[HTTP][0m <-- POST /wd/hub/session/2851bb96-2d02-441d-858b-9eae78b3b054/elements 200 44 ms - 139 
[38;5;87m[2851bb96][0m[38;5;86m[HTTP][0m [37m-->[39m [37mGET[39m [37m/wd/hub/session/2851bb96-2d02-441d-858b-9eae78b3b054/element/00000000-0000-0050-0000-017a00000007/rect[39m {}
[38;5;87m[2851bb96][0m[38;5;-22m[AndroidUiautomator2Driver@ed57][0m Driver proxy active, passing request on via HTTP proxy
[38;5;87m[2851bb96][0m[38;5;-22m[AndroidUiautomator2Driver@ed57][0m Replacing sessionId f9b12b34-f369-43e7-8b96-de3100dda966 with 2851bb96-2d02-441d-858b-9eae78b3b054
[38;5;87m[2851bb96][0m[38;5;86m[HTTP][0m <-- GET /wd/hub/session/2851bb96-2d02-441d-858b-9eae78b3b054/element/00000000-0000-0050-0000-017a00000007/rect 200 7 ms - 103 
[38;5;87m[2851bb96][0m[38;5;86m[HTTP][0m [37m-->[39m [37mPOST[39m [37m/wd/hub/session/2851bb96-2d02-441d-858b-9eae78b3b054/timeouts[39m {"implicit":30000}
[38;5;87m[2851bb96][0m[38;5;86m[HTTP][0m <-- POST /wd/hub/session/2851bb96-2d02-441d-858b-9eae78b3b054/timeouts 200 0 ms - 14 
[38;5;87m[2851bb96][0m[38;5;86m[HTTP][0m [37m-->[39m [37mPOST[39m [37m/wd/hub/session/2851bb96-2d02-441d-858b-9eae78b3b054/element/00000000-0000-0050-0000-017a00000007/clear[39m {"id":"00000000-0000-0050-0000-017a00000007"}
[38;5;87m[2851bb96][0m[38;5;86m[HTTP][0m <-- POST /wd/hub/session/2851bb96-2d02-441d-858b-9eae78b3b054/element/00000000-0000-0050-0000-017a00000007/clear 200 6 ms - 14 
[38;5;87m[2851bb96][0m[38;5;86m[HTTP][0m [37m-->[39m [37mPOST[39m [37m/wd/hub/session/2851bb96-2d02-441d-858b-9eae78b3b054/element/00000000-0000-0050-0000-017a00000007/click[39m {"id":"00000000-0000-0050-0000-017a00000007"}
[38;5;87m[2851bb96][0m[38;5;86m[HTTP][0m <-- POST /wd/hub/session/2851bb96-2d02-441d-858b-9eae78b3b054/element/00000000-0000-0050-0000-017a00000007/click 200 43 ms - 14 
[38;5;87m[2851bb96][0m[38;5;86m[HTTP][0m [37m-->[39m [37mPOST[39m [37m/wd/hub/session/2851bb96-2d02-441d-858b-9eae78b3b054/element/00000000-0000-0050-0000-017a00000007/value[39m {"text":"Vignesh","value":["V","i","g","n","e","s","h"],"id":"00000000-0000-0050-0000-017a00000007"}
[38;5;87m[2851bb96][0m[38;5;86m[HTTP][0m <-- POST /wd/hub/session/2851bb96-2d02-441d-858b-9eae78b3b054/element/00000000-0000-0050-0000-017a00000007/value 200 14 ms - 14 
[38;5;87m[2851bb96][0m[38;5;86m[HTTP][0m [37m-->[39m [37mGET[39m [37m/wd/hub/session/2851bb96-2d02-441d-858b-9eae78b3b054/context[39m {}
[38;5;87m[2851bb96][0m[38;5;86m[HTTP][0m <-- GET /wd/hub/session/2851bb96-2d02-441d-858b-9eae78b3b054/context 200 2 ms - 22 
[38;5;87m[2851bb96][0m[38;5;86m[HTTP][0m [37m-->[39m [37mGET[39m [37m/wd/hub/session/2851bb96-2d02-441d-858b-9eae78b3b054/contexts[39m {}
[38;5;87m[2851bb96][0m[38;5;86m[HTTP][0m <-- GET /wd/hub/session/2851bb96-2d02-441d-858b-9eae78b3b054/contexts 200 269 ms - 24 
[38;5;87m[2851bb96][0m[38;5;86m[HTTP][0m [37m-->[39m [37mPOST[39m [37m/wd/hub/session/2851bb96-2d02-441d-858b-9eae78b3b054/context[39m {"name":"NATIVE_APP"}
[38;5;87m[2851bb96][0m[38;5;86m[HTTP][0m <-- POST /wd/hub/session/2851bb96-2d02-441d-858b-9eae78b3b054/context 200 2 ms - 14 
[38;5;87m[2851bb96][0m[38;5;86m[HTTP][0m [37m-->[39m [37mPOST[39m [37m/wd/hub/session/2851bb96-2d02-441d-858b-9eae78b3b054/execute/sync[39m {"script":"mobile: hideKeyboard","args":[]}
[38;5;87m[2851bb96][0m[38;5;86m[HTTP][0m <-- POST /wd/hub/session/2851bb96-2d02-441d-858b-9eae78b3b054/execute/sync 200 2181 ms - 14 
[38;5;87m[2851bb96][0m[38;5;86m[HTTP][0m [37m-->[39m [37mPOST[39m [37m/wd/hub/session/2851bb96-2d02-441d-858b-9eae78b3b054/context[39m {"name":"NATIVE_APP"}
[38;5;87m[2851bb96][0m[38;5;86m[HTTP][0m <-- POST /wd/hub/session/2851bb96-2d02-441d-858b-9eae78b3b054/context 200 0 ms - 14 
[38;5;87m[2851bb96][0m[38;5;86m[HTTP][0m [37m-->[39m [37mPOST[39m [37m/wd/hub/session/2851bb96-2d02-441d-858b-9eae78b3b054/timeouts[39m {"implicit":50}
[38;5;87m[2851bb96][0m[38;5;86m[HTTP][0m <-- POST /wd/hub/session/2851bb96-2d02-441d-858b-9eae78b3b054/timeouts 200 1 ms - 14 
[38;5;87m[2851bb96][0m[38;5;86m[HTTP][0m [37m-->[39m [37mGET[39m [37m/wd/hub/session/2851bb96-2d02-441d-858b-9eae78b3b054/window/rect[39m {}
[38;5;87m[2851bb96][0m[38;5;86m[HTTP][0m <-- GET /wd/hub/session/2851bb96-2d02-441d-858b-9eae78b3b054/window/rect 200 7 ms - 50 
[38;5;87m[2851bb96][0m[38;5;86m[HTTP][0m [37m-->[39m [37mPOST[39m [37m/wd/hub/session/2851bb96-2d02-441d-858b-9eae78b3b054/elements[39m {"using":"xpath","value":"//android.widget.EditText[@resource-id='ion-input-5']"}
[38;5;87m[2851bb96][0m[38;5;86m[HTTP][0m <-- POST /wd/hub/session/2851bb96-2d02-441d-858b-9eae78b3b054/elements 200 43 ms - 139 
[38;5;87m[2851bb96][0m[38;5;86m[HTTP][0m [37m-->[39m [37mGET[39m [37m/wd/hub/session/2851bb96-2d02-441d-858b-9eae78b3b054/element/00000000-0000-0050-0000-017300000007/rect[39m {}
[38;5;87m[2851bb96][0m[38;5;-22m[AndroidUiautomator2Driver@ed57][0m Driver proxy active, passing request on via HTTP proxy
[38;5;87m[2851bb96][0m[38;5;-22m[AndroidUiautomator2Driver@ed57][0m Replacing sessionId f9b12b34-f369-43e7-8b96-de3100dda966 with 2851bb96-2d02-441d-858b-9eae78b3b054
[38;5;87m[2851bb96][0m[38;5;86m[HTTP][0m <-- GET /wd/hub/session/2851bb96-2d02-441d-858b-9eae78b3b054/element/00000000-0000-0050-0000-017300000007/rect 200 5 ms - 103 
[38;5;87m[2851bb96][0m[38;5;86m[HTTP][0m [37m-->[39m [37mPOST[39m [37m/wd/hub/session/2851bb96-2d02-441d-858b-9eae78b3b054/timeouts[39m {"implicit":30000}
[38;5;87m[2851bb96][0m[38;5;86m[HTTP][0m <-- POST /wd/hub/session/2851bb96-2d02-441d-858b-9eae78b3b054/timeouts 200 0 ms - 14 
[38;5;87m[2851bb96][0m[38;5;86m[HTTP][0m [37m-->[39m [37mPOST[39m [37m/wd/hub/session/2851bb96-2d02-441d-858b-9eae78b3b054/element/00000000-0000-0050-0000-017300000007/value[39m {"text":"password","value":["p","a","s","s","w","o","r","d"],"id":"00000000-0000-0050-0000-017300000007"}
[38;5;87m[2851bb96][0m[38;5;86m[HTTP][0m <-- POST /wd/hub/session/2851bb96-2d02-441d-858b-9eae78b3b054/element/00000000-0000-0050-0000-017300000007/value 200 9 ms - 14 
[38;5;87m[2851bb96][0m[38;5;86m[HTTP][0m [37m-->[39m [37mPOST[39m [37m/wd/hub/session/2851bb96-2d02-441d-858b-9eae78b3b054/timeouts[39m {"implicit":50}
[38;5;87m[2851bb96][0m[38;5;86m[HTTP][0m <-- POST /wd/hub/session/2851bb96-2d02-441d-858b-9eae78b3b054/timeouts 200 1 ms - 14 
[38;5;87m[2851bb96][0m[38;5;86m[HTTP][0m [37m-->[39m [37mGET[39m [37m/wd/hub/session/2851bb96-2d02-441d-858b-9eae78b3b054/window/rect[39m {}
[38;5;87m[2851bb96][0m[38;5;86m[HTTP][0m <-- GET /wd/hub/session/2851bb96-2d02-441d-858b-9eae78b3b054/window/rect 200 8 ms - 50 
[38;5;87m[2851bb96][0m[38;5;86m[HTTP][0m [37m-->[39m [37mPOST[39m [37m/wd/hub/session/2851bb96-2d02-441d-858b-9eae78b3b054/elements[39m {"using":"xpath","value":"//android.widget.EditText[@resource-id='ion-input-6']\r\n"}
[38;5;87m[2851bb96][0m[38;5;86m[HTTP][0m <-- POST /wd/hub/session/2851bb96-2d02-441d-858b-9eae78b3b054/elements 200 37 ms - 139 
[38;5;87m[2851bb96][0m[38;5;86m[HTTP][0m [37m-->[39m [37mGET[39m [37m/wd/hub/session/2851bb96-2d02-441d-858b-9eae78b3b054/element/00000000-0000-0050-0000-017400000007/rect[39m {}
[38;5;87m[2851bb96][0m[38;5;-22m[AndroidUiautomator2Driver@ed57][0m Driver proxy active, passing request on via HTTP proxy
[38;5;87m[2851bb96][0m[38;5;-22m[AndroidUiautomator2Driver@ed57][0m Replacing sessionId f9b12b34-f369-43e7-8b96-de3100dda966 with 2851bb96-2d02-441d-858b-9eae78b3b054
[38;5;87m[2851bb96][0m[38;5;86m[HTTP][0m <-- GET /wd/hub/session/2851bb96-2d02-441d-858b-9eae78b3b054/element/00000000-0000-0050-0000-017400000007/rect 200 7 ms - 103 
[38;5;87m[2851bb96][0m[38;5;86m[HTTP][0m [37m-->[39m [37mPOST[39m [37m/wd/hub/session/2851bb96-2d02-441d-858b-9eae78b3b054/timeouts[39m {"implicit":30000}
[38;5;87m[2851bb96][0m[38;5;86m[HTTP][0m <-- POST /wd/hub/session/2851bb96-2d02-441d-858b-9eae78b3b054/timeouts 200 0 ms - 14 
[38;5;87m[2851bb96][0m[38;5;86m[HTTP][0m [37m-->[39m [37mPOST[39m [37m/wd/hub/session/2851bb96-2d02-441d-858b-9eae78b3b054/element/00000000-0000-0050-0000-017400000007/value[39m {"text":"password","value":["p","a","s","s","w","o","r","d"],"id":"00000000-0000-0050-0000-017400000007"}
[38;5;87m[2851bb96][0m[38;5;86m[HTTP][0m <-- POST /wd/hub/session/2851bb96-2d02-441d-858b-9eae78b3b054/element/00000000-0000-0050-0000-017400000007/value 200 9 ms - 14 
[38;5;87m[2851bb96][0m[38;5;86m[HTTP][0m [37m-->[39m [37mPOST[39m [37m/wd/hub/session/2851bb96-2d02-441d-858b-9eae78b3b054/timeouts[39m {"implicit":50}
[38;5;87m[2851bb96][0m[38;5;86m[HTTP][0m <-- POST /wd/hub/session/2851bb96-2d02-441d-858b-9eae78b3b054/timeouts 200 1 ms - 14 
[38;5;87m[2851bb96][0m[38;5;86m[HTTP][0m [37m-->[39m [37mGET[39m [37m/wd/hub/session/2851bb96-2d02-441d-858b-9eae78b3b054/window/rect[39m {}
[38;5;87m[2851bb96][0m[38;5;86m[HTTP][0m <-- GET /wd/hub/session/2851bb96-2d02-441d-858b-9eae78b3b054/window/rect 200 11 ms - 50 
[38;5;87m[2851bb96][0m[38;5;86m[HTTP][0m [37m-->[39m [37mPOST[39m [37m/wd/hub/session/2851bb96-2d02-441d-858b-9eae78b3b054/elements[39m {"using":"xpath","value":"//*[@class = 'android.widget.Button' and (@text = 'Next' or . = 'Next')]"}
[38;5;87m[2851bb96][0m[38;5;86m[HTTP][0m <-- POST /wd/hub/session/2851bb96-2d02-441d-858b-9eae78b3b054/elements 200 45 ms - 139 
[38;5;87m[2851bb96][0m[38;5;86m[HTTP][0m [37m-->[39m [37mGET[39m [37m/wd/hub/session/2851bb96-2d02-441d-858b-9eae78b3b054/element/00000000-0000-0050-0000-019e00000007/rect[39m {}
[38;5;87m[2851bb96][0m[38;5;-22m[AndroidUiautomator2Driver@ed57][0m Driver proxy active, passing request on via HTTP proxy
[38;5;87m[2851bb96][0m[38;5;-22m[AndroidUiautomator2Driver@ed57][0m Replacing sessionId f9b12b34-f369-43e7-8b96-de3100dda966 with 2851bb96-2d02-441d-858b-9eae78b3b054
[38;5;87m[2851bb96][0m[38;5;86m[HTTP][0m <-- GET /wd/hub/session/2851bb96-2d02-441d-858b-9eae78b3b054/element/00000000-0000-0050-0000-019e00000007/rect 200 6 ms - 103 
[38;5;87m[2851bb96][0m[38;5;86m[HTTP][0m [37m-->[39m [37mPOST[39m [37m/wd/hub/session/2851bb96-2d02-441d-858b-9eae78b3b054/timeouts[39m {"implicit":30000}
[38;5;87m[2851bb96][0m[38;5;86m[HTTP][0m <-- POST /wd/hub/session/2851bb96-2d02-441d-858b-9eae78b3b054/timeouts 200 1 ms - 14 
[38;5;87m[2851bb96][0m[38;5;86m[HTTP][0m [37m-->[39m [37mPOST[39m [37m/wd/hub/session/2851bb96-2d02-441d-858b-9eae78b3b054/element/00000000-0000-0050-0000-019e00000007/click[39m {"id":"00000000-0000-0050-0000-019e00000007"}
[38;5;87m[2851bb96][0m[38;5;86m[HTTP][0m <-- POST /wd/hub/session/2851bb96-2d02-441d-858b-9eae78b3b054/element/00000000-0000-0050-0000-019e00000007/click 200 43 ms - 14 
[38;5;112m[Appium][0m Received SIGTERM - shutting down
[38;5;35m[AppiumDriver@285f][0m Ending session, cause was 'The process has received SIGTERM signal'
[38;5;35m[AppiumDriver@285f][0m Removing session '2851bb96-2d02-441d-858b-9eae78b3b054' from our master session list
[38;5;-22m[AndroidUiautomator2Driver@ed57][0m Did not get the confirmation of UiAutomator2 server session deletion. Original error: An unknown server-side error occurred while processing the command. Original error: 'DELETE /' cannot be proxied to UiAutomator2 server because the instrumentation process is not running (probably crashed). Check the server log and/or the logcat output for more details
