[38;5;112m[Appium][0m Welcome to Appium v2.17.1 (REV 12a3d4a6f1eedf483855716b989d828443438f79)
[38;5;112m[Appium][0m Non-default server args:
[38;5;112m[Appium][0m { basePath: [32m'/wd/hub'[39m, loglevel: [32m'info'[39m, port: [33m64735[39m }
[38;5;112m[Appium][0m Attempting to load driver uiautomator2...
[38;5;112m[Appium][0m Attempting to load driver mac2...
[38;5;112m[Appium][0m Attempting to load driver chromium...
[38;5;112m[Appium][0m Attempting to load driver espresso...
[38;5;112m[Appium][0m Appium REST http interface listener started on http://0.0.0.0:64735/wd/hub
[38;5;112m[Appium][0m You can provide the following URLs in your client code to connect to this server:
	http://127.0.0.1:64735/wd/hub (only accessible from the same host)
	http://192.168.0.109:64735/wd/hub
[38;5;112m[Appium][0m Available drivers:
[38;5;112m[Appium][0m   - uiautomator2@4.2.2 (automationName 'UiAutomator2')
[38;5;112m[Appium][0m   - mac2@2.2.2 (automationName 'Mac2')
[38;5;112m[Appium][0m   - chromium@1.5.1 (automationName 'Chromium')
[38;5;112m[Appium][0m   - espresso@4.1.4 (automationName 'Espresso')
[38;5;112m[Appium][0m No plugins have been installed. Use the "appium plugin" command to install the one(s) you want to use.
[38;5;86m[HTTP][0m [37m-->[39m [37mGET[39m [37m/wd/hub/status[39m {}
[38;5;86m[HTTP][0m <-- GET /wd/hub/status 200 2 ms - 200 
[38;5;86m[HTTP][0m [37m-->[39m [37mPOST[39m [37m/wd/hub/session[39m {"capabilities":{"firstMatch":[{"appium:app":"/Users/gv.vignesh/Downloads/app-debug-2.99.96.apk","appium:autoGrantPermissions":true,"appium:automationName":"uiautomator2","appium:deviceId":"","appium:deviceName":"emulator-5554 (sdk_gphone16k_arm64 - Android 15)","appium:fullReset":true,"appium:newCommandTimeout":1800,"appium:noReset":false,"appium:platformName":"ANDROID","appium:platformVersion":"15","appium:systemPort":64734,"appium:udid":"emulator-5554","appium:uiautomator2ServerInstallTimeout":0,"platformName":"ANDROID"}]},"desiredCapabilities":{"appium:app":"/Users/gv.vignesh/Downloads/app-debug-2.99.96.apk","appium:autoGrantPermissions":true,"appium:automationName":"uiautomator2","appium:deviceId":"","appium:deviceName":"emulator-5554 (sdk_gphone16k_arm64 - Android 15)","appium:fullReset":true,"appium:newCommandTimeout":1800,"appium:noReset":false,"appium:platformName":"ANDROID","appium:platformVersion":"15","appium:systemPort":64734,"appium:udid":"emulator-5554","appium:uiautomator2ServerInstallTimeo...
[38;5;123m[BaseDriver][0m Ignoring capability 'appium:platformName=ANDROID' and using capability 'platformName=ANDROID'
[38;5;123m[BaseDriver][0m The capabilities ["platformName"] are standard capabilities and do not require "appium:" prefix
[38;5;112m[Appium][0m Attempting to find matching driver for automationName 'uiautomator2' and platformName 'ANDROID'
[38;5;112m[Appium][0m The 'uiautomator2' driver was installed and matched caps.
[38;5;112m[Appium][0m Will require it at /Users/gv.vignesh/.appium/node_modules/appium-uiautomator2-driver
[38;5;128m[AppiumDriver@1fa6][0m Appium v2.17.1 creating new AndroidUiautomator2Driver (v4.2.2) session
[38;5;128m[AppiumDriver@1fa6][0m Checking BaseDriver versions for Appium and AndroidUiautomator2Driver
[38;5;128m[AppiumDriver@1fa6][0m Appium's BaseDriver version is 9.16.4
[38;5;128m[AppiumDriver@1fa6][0m AndroidUiautomator2Driver's BaseDriver version is 9.16.4
[38;5;-45m[AndroidUiautomator2Driver@c21b][0m The following provided capabilities were not recognized by this driver:
[38;5;-45m[AndroidUiautomator2Driver@c21b][0m   deviceId
[38;5;126m[2440abcf][0m[38;5;-45m[AndroidUiautomator2Driver@c21b][0m Session created with session id: 2440abcf-91ce-4d50-a2de-0eb49006eb24
[38;5;126m[2440abcf][0m[38;5;229m[ADB][0m Found 1 'build-tools' folders under '/Users/gv.vignesh/.katalon/tools/android_sdk' (newest first):
[38;5;126m[2440abcf][0m[38;5;229m[ADB][0m     /Users/gv.vignesh/.katalon/tools/android_sdk/build-tools/29.0.3
[38;5;126m[2440abcf][0m[38;5;229m[ADB][0m Using 'adb' from '/Users/gv.vignesh/.katalon/tools/android_sdk/platform-tools/adb'
[38;5;126m[2440abcf][0m[38;5;-45m[AndroidUiautomator2Driver@c21b][0m Retrieving device list
[38;5;126m[2440abcf][0m[38;5;-45m[AndroidUiautomator2Driver@c21b][0m Using device: emulator-5554
[38;5;126m[2440abcf][0m[38;5;229m[ADB][0m Using 'adb' from '/Users/gv.vignesh/.katalon/tools/android_sdk/platform-tools/adb'
[38;5;126m[2440abcf][0m[38;5;123m[BaseDriver][0m Using local app '/Users/gv.vignesh/Downloads/app-debug-2.99.96.apk'
[38;5;126m[2440abcf][0m[38;5;229m[ADB][0m Getting device platform version
[38;5;126m[2440abcf][0m[38;5;-45m[AndroidUiautomator2Driver@c21b][0m Relaxing hidden api policy
[38;5;126m[2440abcf][0m[38;5;229m[ADB][0m Using 'aapt2' from '/Users/gv.vignesh/.katalon/tools/android_sdk/build-tools/29.0.3/aapt2'
[38;5;126m[2440abcf][0m[38;5;229m[ADB][0m Package name: 'westgate_xamarin.android.debug'
[38;5;126m[2440abcf][0m[38;5;229m[ADB][0m Main activity name: 'westgate_xamarin.android.MainActivity'
[38;5;126m[2440abcf][0m[38;5;229m[ADB][0m Using 'apksigner.jar' from '/Users/gv.vignesh/.katalon/tools/android_sdk/build-tools/29.0.3/lib/apksigner.jar'
[38;5;126m[2440abcf][0m[38;5;-45m[AndroidUiautomator2Driver@c21b][0m Server packages are not going to be (re)installed
[38;5;126m[2440abcf][0m[38;5;229m[ADB][0m Adding packages ["io.appium.settings","io.appium.uiautomator2.server","io.appium.uiautomator2.server.test"] to Doze whitelist
[38;5;126m[2440abcf][0m[38;5;229m[ADB][0m '/Users/gv.vignesh/Downloads/app-debug-2.99.96.apk' is signed with a non-default certificate
[38;5;126m[2440abcf][0m[38;5;229m[ADB][0m westgate_xamarin.android.debug was not uninstalled, because it was not present on the device
[38;5;126m[2440abcf][0m[38;5;229m[ADB][0m The application at '/Users/gv.vignesh/Downloads/app-debug-2.99.96.apk' will not be cached, because the device under test has confirmed the support of streamed installs
[38;5;126m[2440abcf][0m[38;5;229m[ADB][0m The installation of 'app-debug-2.99.96.apk' took 452ms
[38;5;126m[2440abcf][0m[38;5;-45m[AndroidUiautomator2Driver@c21b][0m Starting UIAutomator2 server 7.4.1
[38;5;126m[2440abcf][0m[38;5;-45m[AndroidUiautomator2Driver@c21b][0m Using UIAutomator2 server from '/Users/gv.vignesh/.appium/node_modules/appium-uiautomator2-driver/node_modules/appium-uiautomator2-server/apks/appium-uiautomator2-server-v7.4.1.apk' and test from '/Users/gv.vignesh/.appium/node_modules/appium-uiautomator2-driver/node_modules/appium-uiautomator2-server/apks/appium-uiautomator2-server-debug-androidTest.apk'
[38;5;126m[2440abcf][0m[38;5;-45m[AndroidUiautomator2Driver@c21b][0m Waiting up to 30000ms for UiAutomator2 to be online...
[38;5;126m[2440abcf][0m[38;5;-45m[AndroidUiautomator2Driver@c21b][0m socket hang up
[38;5;126m[2440abcf][0m[38;5;-45m[AndroidUiautomator2Driver@c21b][0m Determined the downstream protocol as 'W3C'
[38;5;126m[2440abcf][0m[38;5;-45m[AndroidUiautomator2Driver@c21b][0m Screen already unlocked, doing nothing
[38;5;126m[2440abcf][0m[38;5;-45m[AndroidUiautomator2Driver@c21b][0m Starting 'westgate_xamarin.android.debug/westgate_xamarin.android.MainActivity' and waiting for 'westgate_xamarin.android.debug/westgate_xamarin.android.MainActivity'
[38;5;126m[2440abcf][0m[38;5;128m[AppiumDriver@1fa6][0m New AndroidUiautomator2Driver session created successfully, session 2440abcf-91ce-4d50-a2de-0eb49006eb24 added to master session list
[38;5;126m[2440abcf][0m[38;5;86m[HTTP][0m <-- POST /wd/hub/session 200 4481 ms - 1386 
[38;5;86m[HTTP][0m [37m-->[39m [37mGET[39m [37m/wd/hub/status[39m {}
[38;5;86m[HTTP][0m <-- GET /wd/hub/status 200 1 ms - 200 
[38;5;126m[2440abcf][0m[38;5;86m[HTTP][0m [37m-->[39m [37mPOST[39m [37m/wd/hub/session/2440abcf-91ce-4d50-a2de-0eb49006eb24/timeouts[39m {"implicit":30000}
[38;5;126m[2440abcf][0m[38;5;86m[HTTP][0m <-- POST /wd/hub/session/2440abcf-91ce-4d50-a2de-0eb49006eb24/timeouts 200 1 ms - 14 
[38;5;126m[2440abcf][0m[38;5;86m[HTTP][0m [37m-->[39m [37mPOST[39m [37m/wd/hub/session/2440abcf-91ce-4d50-a2de-0eb49006eb24/execute/sync[39m {"args":[],"script":"mobile: getSystemBars"}
[38;5;126m[2440abcf][0m[38;5;-45m[AndroidUiautomator2Driver@c21b][0m No windows have been found whose title matches to 'NavigationBar'. Assuming it is invisible. Only the following windows are available: ScreenDecorOverlayBottom,ScreenDecorOverlay,EdgeBackGestureHandler0,Taskbar,NotificationShade,StatusBar,ShellDropTarget,InputMethod
[38;5;126m[2440abcf][0m[38;5;86m[HTTP][0m <-- POST /wd/hub/session/2440abcf-91ce-4d50-a2de-0eb49006eb24/execute/sync 200 67 ms - 144 
[38;5;126m[2440abcf][0m[38;5;86m[HTTP][0m [37m-->[39m [37mPOST[39m [37m/wd/hub/session/2440abcf-91ce-4d50-a2de-0eb49006eb24/timeouts[39m {"implicit":50}
[38;5;126m[2440abcf][0m[38;5;86m[HTTP][0m <-- POST /wd/hub/session/2440abcf-91ce-4d50-a2de-0eb49006eb24/timeouts 200 1 ms - 14 
[38;5;126m[2440abcf][0m[38;5;86m[HTTP][0m [37m-->[39m [37mGET[39m [37m/wd/hub/session/2440abcf-91ce-4d50-a2de-0eb49006eb24/window/rect[39m {}
[38;5;126m[2440abcf][0m[38;5;86m[HTTP][0m <-- GET /wd/hub/session/2440abcf-91ce-4d50-a2de-0eb49006eb24/window/rect 200 8 ms - 50 
[38;5;126m[2440abcf][0m[38;5;86m[HTTP][0m [37m-->[39m [37mPOST[39m [37m/wd/hub/session/2440abcf-91ce-4d50-a2de-0eb49006eb24/elements[39m {"value":"//*[@class = 'android.widget.Button' and (@text = 'Login or Sign Up' or . = 'Login or Sign Up')]","using":"xpath"}
[38;5;126m[2440abcf][0m[38;5;86m[HTTP][0m <-- POST /wd/hub/session/2440abcf-91ce-4d50-a2de-0eb49006eb24/elements 200 190 ms - 139 
[38;5;126m[2440abcf][0m[38;5;86m[HTTP][0m [37m-->[39m [37mGET[39m [37m/wd/hub/session/2440abcf-91ce-4d50-a2de-0eb49006eb24/element/00000000-0000-003c-0000-00b900000007/rect[39m {}
[38;5;126m[2440abcf][0m[38;5;-45m[AndroidUiautomator2Driver@c21b][0m Driver proxy active, passing request on via HTTP proxy
[38;5;126m[2440abcf][0m[38;5;-45m[AndroidUiautomator2Driver@c21b][0m Replacing sessionId 33d52ea6-172a-4338-9b57-4b48afe9e037 with 2440abcf-91ce-4d50-a2de-0eb49006eb24
[38;5;126m[2440abcf][0m[38;5;86m[HTTP][0m <-- GET /wd/hub/session/2440abcf-91ce-4d50-a2de-0eb49006eb24/element/00000000-0000-003c-0000-00b900000007/rect 200 15 ms - 103 
[38;5;126m[2440abcf][0m[38;5;86m[HTTP][0m [37m-->[39m [37mPOST[39m [37m/wd/hub/session/2440abcf-91ce-4d50-a2de-0eb49006eb24/timeouts[39m {"implicit":30000}
[38;5;126m[2440abcf][0m[38;5;86m[HTTP][0m <-- POST /wd/hub/session/2440abcf-91ce-4d50-a2de-0eb49006eb24/timeouts 200 1 ms - 14 
[38;5;126m[2440abcf][0m[38;5;86m[HTTP][0m [37m-->[39m [37mPOST[39m [37m/wd/hub/session/2440abcf-91ce-4d50-a2de-0eb49006eb24/element/00000000-0000-003c-0000-00b900000007/click[39m {"id":"00000000-0000-003c-0000-00b900000007"}
[38;5;126m[2440abcf][0m[38;5;86m[HTTP][0m <-- POST /wd/hub/session/2440abcf-91ce-4d50-a2de-0eb49006eb24/element/00000000-0000-003c-0000-00b900000007/click 200 37 ms - 14 
[38;5;126m[2440abcf][0m[38;5;86m[HTTP][0m [37m-->[39m [37mPOST[39m [37m/wd/hub/session/2440abcf-91ce-4d50-a2de-0eb49006eb24/timeouts[39m {"implicit":50}
[38;5;126m[2440abcf][0m[38;5;86m[HTTP][0m <-- POST /wd/hub/session/2440abcf-91ce-4d50-a2de-0eb49006eb24/timeouts 200 2 ms - 14 
[38;5;126m[2440abcf][0m[38;5;86m[HTTP][0m [37m-->[39m [37mGET[39m [37m/wd/hub/session/2440abcf-91ce-4d50-a2de-0eb49006eb24/window/rect[39m {}
[38;5;126m[2440abcf][0m[38;5;86m[HTTP][0m <-- GET /wd/hub/session/2440abcf-91ce-4d50-a2de-0eb49006eb24/window/rect 200 12 ms - 50 
[38;5;126m[2440abcf][0m[38;5;86m[HTTP][0m [37m-->[39m [37mPOST[39m [37m/wd/hub/session/2440abcf-91ce-4d50-a2de-0eb49006eb24/elements[39m {"value":"//*[@class = 'android.widget.EditText' and @index = '0' and (@text = '' or . = '')]","using":"xpath"}
[38;5;126m[2440abcf][0m[38;5;86m[HTTP][0m <-- POST /wd/hub/session/2440abcf-91ce-4d50-a2de-0eb49006eb24/elements 200 78 ms - 139 
[38;5;126m[2440abcf][0m[38;5;86m[HTTP][0m [37m-->[39m [37mGET[39m [37m/wd/hub/session/2440abcf-91ce-4d50-a2de-0eb49006eb24/element/00000000-0000-003c-0000-00e000000007/rect[39m {}
[38;5;126m[2440abcf][0m[38;5;-45m[AndroidUiautomator2Driver@c21b][0m Driver proxy active, passing request on via HTTP proxy
[38;5;126m[2440abcf][0m[38;5;-45m[AndroidUiautomator2Driver@c21b][0m Replacing sessionId 33d52ea6-172a-4338-9b57-4b48afe9e037 with 2440abcf-91ce-4d50-a2de-0eb49006eb24
[38;5;126m[2440abcf][0m[38;5;86m[HTTP][0m <-- GET /wd/hub/session/2440abcf-91ce-4d50-a2de-0eb49006eb24/element/00000000-0000-003c-0000-00e000000007/rect 200 8 ms - 103 
[38;5;126m[2440abcf][0m[38;5;86m[HTTP][0m [37m-->[39m [37mPOST[39m [37m/wd/hub/session/2440abcf-91ce-4d50-a2de-0eb49006eb24/timeouts[39m {"implicit":30000}
[38;5;126m[2440abcf][0m[38;5;86m[HTTP][0m <-- POST /wd/hub/session/2440abcf-91ce-4d50-a2de-0eb49006eb24/timeouts 200 1 ms - 14 
[38;5;126m[2440abcf][0m[38;5;86m[HTTP][0m [37m-->[39m [37mPOST[39m [37m/wd/hub/session/2440abcf-91ce-4d50-a2de-0eb49006eb24/element/00000000-0000-003c-0000-00e000000007/value[39m {"value":["0","5","2","5","0","7","1","T","M","@","W","G",".","C","O","M"],"text":"0525071TM@WG.COM","id":"00000000-0000-003c-0000-00e000000007"}
[38;5;126m[2440abcf][0m[38;5;86m[HTTP][0m <-- POST /wd/hub/session/2440abcf-91ce-4d50-a2de-0eb49006eb24/element/00000000-0000-003c-0000-00e000000007/value 200 8 ms - 14 
[38;5;126m[2440abcf][0m[38;5;86m[HTTP][0m [37m-->[39m [37mPOST[39m [37m/wd/hub/session/2440abcf-91ce-4d50-a2de-0eb49006eb24/timeouts[39m {"implicit":50}
[38;5;126m[2440abcf][0m[38;5;86m[HTTP][0m <-- POST /wd/hub/session/2440abcf-91ce-4d50-a2de-0eb49006eb24/timeouts 200 2 ms - 14 
[38;5;126m[2440abcf][0m[38;5;86m[HTTP][0m [37m-->[39m [37mGET[39m [37m/wd/hub/session/2440abcf-91ce-4d50-a2de-0eb49006eb24/window/rect[39m {}
[38;5;126m[2440abcf][0m[38;5;86m[HTTP][0m <-- GET /wd/hub/session/2440abcf-91ce-4d50-a2de-0eb49006eb24/window/rect 200 9 ms - 50 
[38;5;126m[2440abcf][0m[38;5;86m[HTTP][0m [37m-->[39m [37mPOST[39m [37m/wd/hub/session/2440abcf-91ce-4d50-a2de-0eb49006eb24/elements[39m {"value":"//*[@class = 'android.widget.Button' and (@text = 'Next' or . = 'Next')]","using":"xpath"}
[38;5;126m[2440abcf][0m[38;5;86m[HTTP][0m <-- POST /wd/hub/session/2440abcf-91ce-4d50-a2de-0eb49006eb24/elements 200 56 ms - 139 
[38;5;126m[2440abcf][0m[38;5;86m[HTTP][0m [37m-->[39m [37mGET[39m [37m/wd/hub/session/2440abcf-91ce-4d50-a2de-0eb49006eb24/element/00000000-0000-003c-0000-00dc00000007/rect[39m {}
[38;5;126m[2440abcf][0m[38;5;-45m[AndroidUiautomator2Driver@c21b][0m Driver proxy active, passing request on via HTTP proxy
[38;5;126m[2440abcf][0m[38;5;-45m[AndroidUiautomator2Driver@c21b][0m Replacing sessionId 33d52ea6-172a-4338-9b57-4b48afe9e037 with 2440abcf-91ce-4d50-a2de-0eb49006eb24
[38;5;126m[2440abcf][0m[38;5;86m[HTTP][0m <-- GET /wd/hub/session/2440abcf-91ce-4d50-a2de-0eb49006eb24/element/00000000-0000-003c-0000-00dc00000007/rect 200 5 ms - 103 
[38;5;126m[2440abcf][0m[38;5;86m[HTTP][0m [37m-->[39m [37mPOST[39m [37m/wd/hub/session/2440abcf-91ce-4d50-a2de-0eb49006eb24/timeouts[39m {"implicit":30000}
[38;5;126m[2440abcf][0m[38;5;86m[HTTP][0m <-- POST /wd/hub/session/2440abcf-91ce-4d50-a2de-0eb49006eb24/timeouts 200 0 ms - 14 
[38;5;126m[2440abcf][0m[38;5;86m[HTTP][0m [37m-->[39m [37mPOST[39m [37m/wd/hub/session/2440abcf-91ce-4d50-a2de-0eb49006eb24/element/00000000-0000-003c-0000-00dc00000007/click[39m {"id":"00000000-0000-003c-0000-00dc00000007"}
[38;5;126m[2440abcf][0m[38;5;86m[HTTP][0m <-- POST /wd/hub/session/2440abcf-91ce-4d50-a2de-0eb49006eb24/element/00000000-0000-003c-0000-00dc00000007/click 200 37 ms - 14 
[38;5;126m[2440abcf][0m[38;5;86m[HTTP][0m [37m-->[39m [37mPOST[39m [37m/wd/hub/session/2440abcf-91ce-4d50-a2de-0eb49006eb24/timeouts[39m {"implicit":50}
[38;5;126m[2440abcf][0m[38;5;86m[HTTP][0m <-- POST /wd/hub/session/2440abcf-91ce-4d50-a2de-0eb49006eb24/timeouts 200 2 ms - 14 
[38;5;126m[2440abcf][0m[38;5;86m[HTTP][0m [37m-->[39m [37mGET[39m [37m/wd/hub/session/2440abcf-91ce-4d50-a2de-0eb49006eb24/window/rect[39m {}
[38;5;126m[2440abcf][0m[38;5;86m[HTTP][0m <-- GET /wd/hub/session/2440abcf-91ce-4d50-a2de-0eb49006eb24/window/rect 200 7 ms - 50 
[38;5;126m[2440abcf][0m[38;5;86m[HTTP][0m [37m-->[39m [37mPOST[39m [37m/wd/hub/session/2440abcf-91ce-4d50-a2de-0eb49006eb24/elements[39m {"value":"//android.widget.EditText[@resource-id='user' and (@text='' or .='')]","using":"xpath"}
[38;5;126m[2440abcf][0m[38;5;86m[HTTP][0m <-- POST /wd/hub/session/2440abcf-91ce-4d50-a2de-0eb49006eb24/elements 200 29 ms - 139 
[38;5;126m[2440abcf][0m[38;5;86m[HTTP][0m [37m-->[39m [37mGET[39m [37m/wd/hub/session/2440abcf-91ce-4d50-a2de-0eb49006eb24/element/00000000-0000-003d-0000-014c0000000d/rect[39m {}
[38;5;126m[2440abcf][0m[38;5;-45m[AndroidUiautomator2Driver@c21b][0m Driver proxy active, passing request on via HTTP proxy
[38;5;126m[2440abcf][0m[38;5;-45m[AndroidUiautomator2Driver@c21b][0m Replacing sessionId 33d52ea6-172a-4338-9b57-4b48afe9e037 with 2440abcf-91ce-4d50-a2de-0eb49006eb24
[38;5;126m[2440abcf][0m[38;5;86m[HTTP][0m <-- GET /wd/hub/session/2440abcf-91ce-4d50-a2de-0eb49006eb24/element/00000000-0000-003d-0000-014c0000000d/rect 200 6 ms - 102 
[38;5;126m[2440abcf][0m[38;5;86m[HTTP][0m [37m-->[39m [37mPOST[39m [37m/wd/hub/session/2440abcf-91ce-4d50-a2de-0eb49006eb24/timeouts[39m {"implicit":30000}
[38;5;126m[2440abcf][0m[38;5;86m[HTTP][0m <-- POST /wd/hub/session/2440abcf-91ce-4d50-a2de-0eb49006eb24/timeouts 200 0 ms - 14 
[38;5;126m[2440abcf][0m[38;5;86m[HTTP][0m [37m-->[39m [37mPOST[39m [37m/wd/hub/session/2440abcf-91ce-4d50-a2de-0eb49006eb24/element/00000000-0000-003d-0000-014c0000000d/clear[39m {"id":"00000000-0000-003d-0000-014c0000000d"}
[38;5;126m[2440abcf][0m[38;5;86m[HTTP][0m <-- POST /wd/hub/session/2440abcf-91ce-4d50-a2de-0eb49006eb24/element/00000000-0000-003d-0000-014c0000000d/clear 200 7 ms - 14 
[38;5;126m[2440abcf][0m[38;5;86m[HTTP][0m [37m-->[39m [37mPOST[39m [37m/wd/hub/session/2440abcf-91ce-4d50-a2de-0eb49006eb24/element/00000000-0000-003d-0000-014c0000000d/click[39m {"id":"00000000-0000-003d-0000-014c0000000d"}
[38;5;126m[2440abcf][0m[38;5;86m[HTTP][0m <-- POST /wd/hub/session/2440abcf-91ce-4d50-a2de-0eb49006eb24/element/00000000-0000-003d-0000-014c0000000d/click 200 56 ms - 14 
[38;5;126m[2440abcf][0m[38;5;86m[HTTP][0m [37m-->[39m [37mPOST[39m [37m/wd/hub/session/2440abcf-91ce-4d50-a2de-0eb49006eb24/element/00000000-0000-003d-0000-014c0000000d/value[39m {"value":["0","5","2","5","0","7","1","T","M","@","W","G",".","C","O","M"],"text":"0525071TM@WG.COM","id":"00000000-0000-003d-0000-014c0000000d"}
[38;5;126m[2440abcf][0m[38;5;86m[HTTP][0m <-- POST /wd/hub/session/2440abcf-91ce-4d50-a2de-0eb49006eb24/element/00000000-0000-003d-0000-014c0000000d/value 200 7 ms - 14 
[38;5;126m[2440abcf][0m[38;5;86m[HTTP][0m [37m-->[39m [37mGET[39m [37m/wd/hub/session/2440abcf-91ce-4d50-a2de-0eb49006eb24/context[39m {}
[38;5;126m[2440abcf][0m[38;5;86m[HTTP][0m <-- GET /wd/hub/session/2440abcf-91ce-4d50-a2de-0eb49006eb24/context 200 1 ms - 22 
[38;5;126m[2440abcf][0m[38;5;86m[HTTP][0m [37m-->[39m [37mGET[39m [37m/wd/hub/session/2440abcf-91ce-4d50-a2de-0eb49006eb24/contexts[39m {}
[38;5;126m[2440abcf][0m[38;5;86m[HTTP][0m <-- GET /wd/hub/session/2440abcf-91ce-4d50-a2de-0eb49006eb24/contexts 200 317 ms - 65 
[38;5;126m[2440abcf][0m[38;5;86m[HTTP][0m [37m-->[39m [37mPOST[39m [37m/wd/hub/session/2440abcf-91ce-4d50-a2de-0eb49006eb24/context[39m {"name":"NATIVE_APP"}
[38;5;126m[2440abcf][0m[38;5;86m[HTTP][0m <-- POST /wd/hub/session/2440abcf-91ce-4d50-a2de-0eb49006eb24/context 200 1 ms - 14 
[38;5;126m[2440abcf][0m[38;5;86m[HTTP][0m [37m-->[39m [37mPOST[39m [37m/wd/hub/session/2440abcf-91ce-4d50-a2de-0eb49006eb24/execute/sync[39m {"args":[],"script":"mobile: hideKeyboard"}
[38;5;126m[2440abcf][0m[38;5;229m[ADB][0m Keyboard has no UI; no closing necessary
[38;5;126m[2440abcf][0m[38;5;86m[HTTP][0m <-- POST /wd/hub/session/2440abcf-91ce-4d50-a2de-0eb49006eb24/execute/sync 200 621 ms - 15 
[38;5;126m[2440abcf][0m[38;5;86m[HTTP][0m [37m-->[39m [37mPOST[39m [37m/wd/hub/session/2440abcf-91ce-4d50-a2de-0eb49006eb24/context[39m {"name":"NATIVE_APP"}
[38;5;126m[2440abcf][0m[38;5;86m[HTTP][0m <-- POST /wd/hub/session/2440abcf-91ce-4d50-a2de-0eb49006eb24/context 200 1 ms - 14 
[38;5;126m[2440abcf][0m[38;5;86m[HTTP][0m [37m-->[39m [37mPOST[39m [37m/wd/hub/session/2440abcf-91ce-4d50-a2de-0eb49006eb24/timeouts[39m {"implicit":50}
[38;5;126m[2440abcf][0m[38;5;86m[HTTP][0m <-- POST /wd/hub/session/2440abcf-91ce-4d50-a2de-0eb49006eb24/timeouts 200 2 ms - 14 
[38;5;126m[2440abcf][0m[38;5;86m[HTTP][0m [37m-->[39m [37mGET[39m [37m/wd/hub/session/2440abcf-91ce-4d50-a2de-0eb49006eb24/window/rect[39m {}
[38;5;126m[2440abcf][0m[38;5;86m[HTTP][0m <-- GET /wd/hub/session/2440abcf-91ce-4d50-a2de-0eb49006eb24/window/rect 200 10 ms - 50 
[38;5;126m[2440abcf][0m[38;5;86m[HTTP][0m [37m-->[39m [37mPOST[39m [37m/wd/hub/session/2440abcf-91ce-4d50-a2de-0eb49006eb24/elements[39m {"value":"//android.widget.EditText[@resource-id='password' and (@text='' or .='')]","using":"xpath"}
[38;5;126m[2440abcf][0m[38;5;86m[HTTP][0m <-- POST /wd/hub/session/2440abcf-91ce-4d50-a2de-0eb49006eb24/elements 200 39 ms - 139 
[38;5;126m[2440abcf][0m[38;5;86m[HTTP][0m [37m-->[39m [37mGET[39m [37m/wd/hub/session/2440abcf-91ce-4d50-a2de-0eb49006eb24/element/00000000-0000-003d-0000-01500000000d/rect[39m {}
[38;5;126m[2440abcf][0m[38;5;-45m[AndroidUiautomator2Driver@c21b][0m Driver proxy active, passing request on via HTTP proxy
[38;5;126m[2440abcf][0m[38;5;-45m[AndroidUiautomator2Driver@c21b][0m Replacing sessionId 33d52ea6-172a-4338-9b57-4b48afe9e037 with 2440abcf-91ce-4d50-a2de-0eb49006eb24
[38;5;126m[2440abcf][0m[38;5;86m[HTTP][0m <-- GET /wd/hub/session/2440abcf-91ce-4d50-a2de-0eb49006eb24/element/00000000-0000-003d-0000-01500000000d/rect 200 5 ms - 103 
[38;5;126m[2440abcf][0m[38;5;86m[HTTP][0m [37m-->[39m [37mPOST[39m [37m/wd/hub/session/2440abcf-91ce-4d50-a2de-0eb49006eb24/timeouts[39m {"implicit":30000}
[38;5;126m[2440abcf][0m[38;5;86m[HTTP][0m <-- POST /wd/hub/session/2440abcf-91ce-4d50-a2de-0eb49006eb24/timeouts 200 0 ms - 14 
[38;5;126m[2440abcf][0m[38;5;86m[HTTP][0m [37m-->[39m [37mPOST[39m [37m/wd/hub/session/2440abcf-91ce-4d50-a2de-0eb49006eb24/element/00000000-0000-003d-0000-01500000000d/clear[39m {"id":"00000000-0000-003d-0000-01500000000d"}
[38;5;126m[2440abcf][0m[38;5;86m[HTTP][0m <-- POST /wd/hub/session/2440abcf-91ce-4d50-a2de-0eb49006eb24/element/00000000-0000-003d-0000-01500000000d/clear 200 6 ms - 14 
[38;5;126m[2440abcf][0m[38;5;86m[HTTP][0m [37m-->[39m [37mPOST[39m [37m/wd/hub/session/2440abcf-91ce-4d50-a2de-0eb49006eb24/element/00000000-0000-003d-0000-01500000000d/click[39m {"id":"00000000-0000-003d-0000-01500000000d"}
[38;5;126m[2440abcf][0m[38;5;86m[HTTP][0m <-- POST /wd/hub/session/2440abcf-91ce-4d50-a2de-0eb49006eb24/element/00000000-0000-003d-0000-01500000000d/click 200 887 ms - 14 
[38;5;126m[2440abcf][0m[38;5;86m[HTTP][0m [37m-->[39m [37mPOST[39m [37m/wd/hub/session/2440abcf-91ce-4d50-a2de-0eb49006eb24/element/00000000-0000-003d-0000-01500000000d/value[39m {"value":["p","a","s","s","w","o","r","d"],"text":"password","id":"00000000-0000-003d-0000-01500000000d"}
[38;5;126m[2440abcf][0m[38;5;86m[HTTP][0m <-- POST /wd/hub/session/2440abcf-91ce-4d50-a2de-0eb49006eb24/element/00000000-0000-003d-0000-01500000000d/value 200 11 ms - 14 
[38;5;126m[2440abcf][0m[38;5;86m[HTTP][0m [37m-->[39m [37mGET[39m [37m/wd/hub/session/2440abcf-91ce-4d50-a2de-0eb49006eb24/context[39m {}
[38;5;126m[2440abcf][0m[38;5;86m[HTTP][0m <-- GET /wd/hub/session/2440abcf-91ce-4d50-a2de-0eb49006eb24/context 200 1 ms - 22 
[38;5;126m[2440abcf][0m[38;5;86m[HTTP][0m [37m-->[39m [37mGET[39m [37m/wd/hub/session/2440abcf-91ce-4d50-a2de-0eb49006eb24/contexts[39m {}
[38;5;126m[2440abcf][0m[38;5;86m[HTTP][0m <-- GET /wd/hub/session/2440abcf-91ce-4d50-a2de-0eb49006eb24/contexts 200 209 ms - 65 
[38;5;126m[2440abcf][0m[38;5;86m[HTTP][0m [37m-->[39m [37mPOST[39m [37m/wd/hub/session/2440abcf-91ce-4d50-a2de-0eb49006eb24/context[39m {"name":"NATIVE_APP"}
[38;5;126m[2440abcf][0m[38;5;86m[HTTP][0m <-- POST /wd/hub/session/2440abcf-91ce-4d50-a2de-0eb49006eb24/context 200 0 ms - 14 
[38;5;126m[2440abcf][0m[38;5;86m[HTTP][0m [37m-->[39m [37mPOST[39m [37m/wd/hub/session/2440abcf-91ce-4d50-a2de-0eb49006eb24/execute/sync[39m {"args":[],"script":"mobile: hideKeyboard"}
[38;5;126m[2440abcf][0m[38;5;86m[HTTP][0m <-- POST /wd/hub/session/2440abcf-91ce-4d50-a2de-0eb49006eb24/execute/sync 200 2257 ms - 14 
[38;5;126m[2440abcf][0m[38;5;86m[HTTP][0m [37m-->[39m [37mPOST[39m [37m/wd/hub/session/2440abcf-91ce-4d50-a2de-0eb49006eb24/context[39m {"name":"NATIVE_APP"}
[38;5;126m[2440abcf][0m[38;5;86m[HTTP][0m <-- POST /wd/hub/session/2440abcf-91ce-4d50-a2de-0eb49006eb24/context 200 1 ms - 14 
[38;5;126m[2440abcf][0m[38;5;86m[HTTP][0m [37m-->[39m [37mPOST[39m [37m/wd/hub/session/2440abcf-91ce-4d50-a2de-0eb49006eb24/timeouts[39m {"implicit":50}
[38;5;126m[2440abcf][0m[38;5;86m[HTTP][0m <-- POST /wd/hub/session/2440abcf-91ce-4d50-a2de-0eb49006eb24/timeouts 200 3 ms - 14 
[38;5;126m[2440abcf][0m[38;5;86m[HTTP][0m [37m-->[39m [37mGET[39m [37m/wd/hub/session/2440abcf-91ce-4d50-a2de-0eb49006eb24/window/rect[39m {}
[38;5;126m[2440abcf][0m[38;5;86m[HTTP][0m <-- GET /wd/hub/session/2440abcf-91ce-4d50-a2de-0eb49006eb24/window/rect 200 15 ms - 50 
[38;5;126m[2440abcf][0m[38;5;86m[HTTP][0m [37m-->[39m [37mPOST[39m [37m/wd/hub/session/2440abcf-91ce-4d50-a2de-0eb49006eb24/elements[39m {"value":"//android.widget.Button[@text='LOGIN' or .='LOGIN']","using":"xpath"}
[38;5;126m[2440abcf][0m[38;5;86m[HTTP][0m <-- POST /wd/hub/session/2440abcf-91ce-4d50-a2de-0eb49006eb24/elements 200 50 ms - 139 
[38;5;126m[2440abcf][0m[38;5;86m[HTTP][0m [37m-->[39m [37mGET[39m [37m/wd/hub/session/2440abcf-91ce-4d50-a2de-0eb49006eb24/element/00000000-0000-003d-0000-01530000000d/rect[39m {}
[38;5;126m[2440abcf][0m[38;5;-45m[AndroidUiautomator2Driver@c21b][0m Driver proxy active, passing request on via HTTP proxy
[38;5;126m[2440abcf][0m[38;5;-45m[AndroidUiautomator2Driver@c21b][0m Replacing sessionId 33d52ea6-172a-4338-9b57-4b48afe9e037 with 2440abcf-91ce-4d50-a2de-0eb49006eb24
[38;5;126m[2440abcf][0m[38;5;86m[HTTP][0m <-- GET /wd/hub/session/2440abcf-91ce-4d50-a2de-0eb49006eb24/element/00000000-0000-003d-0000-01530000000d/rect 200 6 ms - 104 
[38;5;126m[2440abcf][0m[38;5;86m[HTTP][0m [37m-->[39m [37mPOST[39m [37m/wd/hub/session/2440abcf-91ce-4d50-a2de-0eb49006eb24/timeouts[39m {"implicit":30000}
[38;5;126m[2440abcf][0m[38;5;86m[HTTP][0m <-- POST /wd/hub/session/2440abcf-91ce-4d50-a2de-0eb49006eb24/timeouts 200 0 ms - 14 
[38;5;126m[2440abcf][0m[38;5;86m[HTTP][0m [37m-->[39m [37mPOST[39m [37m/wd/hub/session/2440abcf-91ce-4d50-a2de-0eb49006eb24/element/00000000-0000-003d-0000-01530000000d/click[39m {"id":"00000000-0000-003d-0000-01530000000d"}
[38;5;126m[2440abcf][0m[38;5;86m[HTTP][0m <-- POST /wd/hub/session/2440abcf-91ce-4d50-a2de-0eb49006eb24/element/00000000-0000-003d-0000-01530000000d/click 200 46 ms - 14 
[38;5;126m[2440abcf][0m[38;5;86m[HTTP][0m [37m-->[39m [37mPOST[39m [37m/wd/hub/session/2440abcf-91ce-4d50-a2de-0eb49006eb24/timeouts[39m {"implicit":50}
[38;5;126m[2440abcf][0m[38;5;86m[HTTP][0m <-- POST /wd/hub/session/2440abcf-91ce-4d50-a2de-0eb49006eb24/timeouts 200 2 ms - 14 
[38;5;126m[2440abcf][0m[38;5;86m[HTTP][0m [37m-->[39m [37mGET[39m [37m/wd/hub/session/2440abcf-91ce-4d50-a2de-0eb49006eb24/window/rect[39m {}
[38;5;126m[2440abcf][0m[38;5;86m[HTTP][0m <-- GET /wd/hub/session/2440abcf-91ce-4d50-a2de-0eb49006eb24/window/rect 200 6 ms - 50 
[38;5;126m[2440abcf][0m[38;5;86m[HTTP][0m [37m-->[39m [37mPOST[39m [37m/wd/hub/session/2440abcf-91ce-4d50-a2de-0eb49006eb24/elements[39m {"value":"//*[@class = 'android.view.View' and (@text = 'Home' or . = 'Home')]","using":"xpath"}
[38;5;126m[2440abcf][0m[38;5;86m[HTTP][0m <-- POST /wd/hub/session/2440abcf-91ce-4d50-a2de-0eb49006eb24/elements 200 30 ms - 139 
[38;5;126m[2440abcf][0m[38;5;86m[HTTP][0m [37m-->[39m [37mGET[39m [37m/wd/hub/session/2440abcf-91ce-4d50-a2de-0eb49006eb24/element/00000000-0000-003c-0000-00a800000007/rect[39m {}
[38;5;126m[2440abcf][0m[38;5;-45m[AndroidUiautomator2Driver@c21b][0m Driver proxy active, passing request on via HTTP proxy
[38;5;126m[2440abcf][0m[38;5;-45m[AndroidUiautomator2Driver@c21b][0m Replacing sessionId 33d52ea6-172a-4338-9b57-4b48afe9e037 with 2440abcf-91ce-4d50-a2de-0eb49006eb24
[38;5;126m[2440abcf][0m[38;5;86m[HTTP][0m <-- GET /wd/hub/session/2440abcf-91ce-4d50-a2de-0eb49006eb24/element/00000000-0000-003c-0000-00a800000007/rect 200 9 ms - 104 
[38;5;126m[2440abcf][0m[38;5;86m[HTTP][0m [37m-->[39m [37mPOST[39m [37m/wd/hub/session/2440abcf-91ce-4d50-a2de-0eb49006eb24/timeouts[39m {"implicit":30000}
[38;5;126m[2440abcf][0m[38;5;86m[HTTP][0m <-- POST /wd/hub/session/2440abcf-91ce-4d50-a2de-0eb49006eb24/timeouts 200 2 ms - 14 
[38;5;126m[2440abcf][0m[38;5;86m[HTTP][0m [37m-->[39m [37mPOST[39m [37m/wd/hub/session/2440abcf-91ce-4d50-a2de-0eb49006eb24/element/00000000-0000-003c-0000-00a800000007/click[39m {"id":"00000000-0000-003c-0000-00a800000007"}
[38;5;126m[2440abcf][0m[38;5;86m[HTTP][0m <-- POST /wd/hub/session/2440abcf-91ce-4d50-a2de-0eb49006eb24/element/00000000-0000-003c-0000-00a800000007/click 200 35 ms - 14 
[38;5;126m[2440abcf][0m[38;5;86m[HTTP][0m [37m-->[39m [37mPOST[39m [37m/wd/hub/session/2440abcf-91ce-4d50-a2de-0eb49006eb24/timeouts[39m {"implicit":50}
[38;5;126m[2440abcf][0m[38;5;86m[HTTP][0m <-- POST /wd/hub/session/2440abcf-91ce-4d50-a2de-0eb49006eb24/timeouts 200 1 ms - 14 
[38;5;126m[2440abcf][0m[38;5;86m[HTTP][0m [37m-->[39m [37mGET[39m [37m/wd/hub/session/2440abcf-91ce-4d50-a2de-0eb49006eb24/window/rect[39m {}
[38;5;126m[2440abcf][0m[38;5;86m[HTTP][0m <-- GET /wd/hub/session/2440abcf-91ce-4d50-a2de-0eb49006eb24/window/rect 200 5 ms - 50 
[38;5;126m[2440abcf][0m[38;5;86m[HTTP][0m [37m-->[39m [37mPOST[39m [37m/wd/hub/session/2440abcf-91ce-4d50-a2de-0eb49006eb24/elements[39m {"value":"//*[@class = 'android.widget.Button' and (@text = 'menu' or . = 'menu')]","using":"xpath"}
[38;5;126m[2440abcf][0m[38;5;86m[HTTP][0m <-- POST /wd/hub/session/2440abcf-91ce-4d50-a2de-0eb49006eb24/elements 200 25 ms - 139 
[38;5;126m[2440abcf][0m[38;5;86m[HTTP][0m [37m-->[39m [37mGET[39m [37m/wd/hub/session/2440abcf-91ce-4d50-a2de-0eb49006eb24/element/00000000-0000-003c-0000-01d900000007/rect[39m {}
[38;5;126m[2440abcf][0m[38;5;-45m[AndroidUiautomator2Driver@c21b][0m Driver proxy active, passing request on via HTTP proxy
[38;5;126m[2440abcf][0m[38;5;-45m[AndroidUiautomator2Driver@c21b][0m Replacing sessionId 33d52ea6-172a-4338-9b57-4b48afe9e037 with 2440abcf-91ce-4d50-a2de-0eb49006eb24
[38;5;126m[2440abcf][0m[38;5;86m[HTTP][0m <-- GET /wd/hub/session/2440abcf-91ce-4d50-a2de-0eb49006eb24/element/00000000-0000-003c-0000-01d900000007/rect 200 7 ms - 99 
[38;5;126m[2440abcf][0m[38;5;86m[HTTP][0m [37m-->[39m [37mPOST[39m [37m/wd/hub/session/2440abcf-91ce-4d50-a2de-0eb49006eb24/timeouts[39m {"implicit":30000}
[38;5;126m[2440abcf][0m[38;5;86m[HTTP][0m <-- POST /wd/hub/session/2440abcf-91ce-4d50-a2de-0eb49006eb24/timeouts 200 1 ms - 14 
[38;5;126m[2440abcf][0m[38;5;86m[HTTP][0m [37m-->[39m [37mPOST[39m [37m/wd/hub/session/2440abcf-91ce-4d50-a2de-0eb49006eb24/element/00000000-0000-003c-0000-01d900000007/click[39m {"id":"00000000-0000-003c-0000-01d900000007"}
[38;5;126m[2440abcf][0m[38;5;86m[HTTP][0m <-- POST /wd/hub/session/2440abcf-91ce-4d50-a2de-0eb49006eb24/element/00000000-0000-003c-0000-01d900000007/click 200 44 ms - 14 
[38;5;126m[2440abcf][0m[38;5;86m[HTTP][0m [37m-->[39m [37mPOST[39m [37m/wd/hub/session/2440abcf-91ce-4d50-a2de-0eb49006eb24/timeouts[39m {"implicit":50}
[38;5;126m[2440abcf][0m[38;5;86m[HTTP][0m <-- POST /wd/hub/session/2440abcf-91ce-4d50-a2de-0eb49006eb24/timeouts 200 2 ms - 14 
[38;5;126m[2440abcf][0m[38;5;86m[HTTP][0m [37m-->[39m [37mGET[39m [37m/wd/hub/session/2440abcf-91ce-4d50-a2de-0eb49006eb24/window/rect[39m {}
[38;5;126m[2440abcf][0m[38;5;86m[HTTP][0m <-- GET /wd/hub/session/2440abcf-91ce-4d50-a2de-0eb49006eb24/window/rect 200 4 ms - 50 
[38;5;126m[2440abcf][0m[38;5;86m[HTTP][0m [37m-->[39m [37mPOST[39m [37m/wd/hub/session/2440abcf-91ce-4d50-a2de-0eb49006eb24/elements[39m {"value":"//android.widget.TextView[@text='Terms & Conditions']","using":"xpath"}
[38;5;126m[2440abcf][0m[38;5;86m[HTTP][0m <-- POST /wd/hub/session/2440abcf-91ce-4d50-a2de-0eb49006eb24/elements 200 25 ms - 139 
[38;5;126m[2440abcf][0m[38;5;86m[HTTP][0m [37m-->[39m [37mGET[39m [37m/wd/hub/session/2440abcf-91ce-4d50-a2de-0eb49006eb24/element/00000000-0000-003c-0000-000800000007/rect[39m {}
[38;5;126m[2440abcf][0m[38;5;-45m[AndroidUiautomator2Driver@c21b][0m Driver proxy active, passing request on via HTTP proxy
[38;5;126m[2440abcf][0m[38;5;-45m[AndroidUiautomator2Driver@c21b][0m Replacing sessionId 33d52ea6-172a-4338-9b57-4b48afe9e037 with 2440abcf-91ce-4d50-a2de-0eb49006eb24
[38;5;126m[2440abcf][0m[38;5;86m[HTTP][0m <-- GET /wd/hub/session/2440abcf-91ce-4d50-a2de-0eb49006eb24/element/00000000-0000-003c-0000-000800000007/rect 200 6 ms - 101 
[38;5;126m[2440abcf][0m[38;5;86m[HTTP][0m [37m-->[39m [37mPOST[39m [37m/wd/hub/session/2440abcf-91ce-4d50-a2de-0eb49006eb24/timeouts[39m {"implicit":30000}
[38;5;126m[2440abcf][0m[38;5;86m[HTTP][0m <-- POST /wd/hub/session/2440abcf-91ce-4d50-a2de-0eb49006eb24/timeouts 200 1 ms - 14 
[38;5;126m[2440abcf][0m[38;5;86m[HTTP][0m [37m-->[39m [37mPOST[39m [37m/wd/hub/session/2440abcf-91ce-4d50-a2de-0eb49006eb24/timeouts[39m {"implicit":50}
[38;5;126m[2440abcf][0m[38;5;86m[HTTP][0m <-- POST /wd/hub/session/2440abcf-91ce-4d50-a2de-0eb49006eb24/timeouts 200 1 ms - 14 
[38;5;126m[2440abcf][0m[38;5;86m[HTTP][0m [37m-->[39m [37mGET[39m [37m/wd/hub/session/2440abcf-91ce-4d50-a2de-0eb49006eb24/window/rect[39m {}
[38;5;126m[2440abcf][0m[38;5;86m[HTTP][0m <-- GET /wd/hub/session/2440abcf-91ce-4d50-a2de-0eb49006eb24/window/rect 200 3 ms - 50 
[38;5;126m[2440abcf][0m[38;5;86m[HTTP][0m [37m-->[39m [37mPOST[39m [37m/wd/hub/session/2440abcf-91ce-4d50-a2de-0eb49006eb24/elements[39m {"value":"//android.widget.TextView[@text='Terms & Conditions']","using":"xpath"}
[38;5;126m[2440abcf][0m[38;5;86m[HTTP][0m <-- POST /wd/hub/session/2440abcf-91ce-4d50-a2de-0eb49006eb24/elements 200 27 ms - 139 
[38;5;126m[2440abcf][0m[38;5;86m[HTTP][0m [37m-->[39m [37mGET[39m [37m/wd/hub/session/2440abcf-91ce-4d50-a2de-0eb49006eb24/element/00000000-0000-003c-0000-000800000007/rect[39m {}
[38;5;126m[2440abcf][0m[38;5;-45m[AndroidUiautomator2Driver@c21b][0m Driver proxy active, passing request on via HTTP proxy
[38;5;126m[2440abcf][0m[38;5;-45m[AndroidUiautomator2Driver@c21b][0m Replacing sessionId 33d52ea6-172a-4338-9b57-4b48afe9e037 with 2440abcf-91ce-4d50-a2de-0eb49006eb24
[38;5;126m[2440abcf][0m[38;5;86m[HTTP][0m <-- GET /wd/hub/session/2440abcf-91ce-4d50-a2de-0eb49006eb24/element/00000000-0000-003c-0000-000800000007/rect 200 4 ms - 101 
[38;5;126m[2440abcf][0m[38;5;86m[HTTP][0m [37m-->[39m [37mPOST[39m [37m/wd/hub/session/2440abcf-91ce-4d50-a2de-0eb49006eb24/timeouts[39m {"implicit":30000}
[38;5;126m[2440abcf][0m[38;5;86m[HTTP][0m <-- POST /wd/hub/session/2440abcf-91ce-4d50-a2de-0eb49006eb24/timeouts 200 0 ms - 14 
[38;5;126m[2440abcf][0m[38;5;86m[HTTP][0m [37m-->[39m [37mPOST[39m [37m/wd/hub/session/2440abcf-91ce-4d50-a2de-0eb49006eb24/element/00000000-0000-003c-0000-000800000007/click[39m {"id":"00000000-0000-003c-0000-000800000007"}
[38;5;126m[2440abcf][0m[38;5;86m[HTTP][0m <-- POST /wd/hub/session/2440abcf-91ce-4d50-a2de-0eb49006eb24/element/00000000-0000-003c-0000-000800000007/click 200 48 ms - 14 
[38;5;126m[2440abcf][0m[38;5;86m[HTTP][0m [37m-->[39m [37mPOST[39m [37m/wd/hub/session/2440abcf-91ce-4d50-a2de-0eb49006eb24/timeouts[39m {"implicit":50}
[38;5;126m[2440abcf][0m[38;5;86m[HTTP][0m <-- POST /wd/hub/session/2440abcf-91ce-4d50-a2de-0eb49006eb24/timeouts 200 2 ms - 14 
[38;5;126m[2440abcf][0m[38;5;86m[HTTP][0m [37m-->[39m [37mGET[39m [37m/wd/hub/session/2440abcf-91ce-4d50-a2de-0eb49006eb24/window/rect[39m {}
[38;5;126m[2440abcf][0m[38;5;86m[HTTP][0m <-- GET /wd/hub/session/2440abcf-91ce-4d50-a2de-0eb49006eb24/window/rect 200 18 ms - 50 
[38;5;126m[2440abcf][0m[38;5;86m[HTTP][0m [37m-->[39m [37mPOST[39m [37m/wd/hub/session/2440abcf-91ce-4d50-a2de-0eb49006eb24/elements[39m {"value":"//android.view.View[@resource-id='overview-general']","using":"xpath"}
[38;5;126m[2440abcf][0m[38;5;86m[HTTP][0m <-- POST /wd/hub/session/2440abcf-91ce-4d50-a2de-0eb49006eb24/elements 200 93 ms - 139 
[38;5;126m[2440abcf][0m[38;5;86m[HTTP][0m [37m-->[39m [37mGET[39m [37m/wd/hub/session/2440abcf-91ce-4d50-a2de-0eb49006eb24/element/00000000-0000-003f-0000-011f00000044/rect[39m {}
[38;5;126m[2440abcf][0m[38;5;-45m[AndroidUiautomator2Driver@c21b][0m Driver proxy active, passing request on via HTTP proxy
[38;5;126m[2440abcf][0m[38;5;-45m[AndroidUiautomator2Driver@c21b][0m Replacing sessionId 33d52ea6-172a-4338-9b57-4b48afe9e037 with 2440abcf-91ce-4d50-a2de-0eb49006eb24
[38;5;126m[2440abcf][0m[38;5;86m[HTTP][0m <-- GET /wd/hub/session/2440abcf-91ce-4d50-a2de-0eb49006eb24/element/00000000-0000-003f-0000-011f00000044/rect 200 9 ms - 104 
[38;5;126m[2440abcf][0m[38;5;86m[HTTP][0m [37m-->[39m [37mPOST[39m [37m/wd/hub/session/2440abcf-91ce-4d50-a2de-0eb49006eb24/timeouts[39m {"implicit":30000}
[38;5;126m[2440abcf][0m[38;5;86m[HTTP][0m <-- POST /wd/hub/session/2440abcf-91ce-4d50-a2de-0eb49006eb24/timeouts 200 1 ms - 14 
[38;5;126m[2440abcf][0m[38;5;86m[HTTP][0m [37m-->[39m [37mPOST[39m [37m/wd/hub/session/2440abcf-91ce-4d50-a2de-0eb49006eb24/timeouts[39m {"implicit":50}
[38;5;126m[2440abcf][0m[38;5;86m[HTTP][0m <-- POST /wd/hub/session/2440abcf-91ce-4d50-a2de-0eb49006eb24/timeouts 200 2 ms - 14 
[38;5;126m[2440abcf][0m[38;5;86m[HTTP][0m [37m-->[39m [37mGET[39m [37m/wd/hub/session/2440abcf-91ce-4d50-a2de-0eb49006eb24/window/rect[39m {}
[38;5;126m[2440abcf][0m[38;5;86m[HTTP][0m <-- GET /wd/hub/session/2440abcf-91ce-4d50-a2de-0eb49006eb24/window/rect 200 14 ms - 50 
[38;5;126m[2440abcf][0m[38;5;86m[HTTP][0m [37m-->[39m [37mPOST[39m [37m/wd/hub/session/2440abcf-91ce-4d50-a2de-0eb49006eb24/elements[39m {"value":"//android.widget.ImageButton[@resource-id='com.android.chrome:id/close_button' and @content-desc='Close tab']","using":"xpath"}
[38;5;126m[2440abcf][0m[38;5;86m[HTTP][0m <-- POST /wd/hub/session/2440abcf-91ce-4d50-a2de-0eb49006eb24/elements 200 69 ms - 139 
[38;5;126m[2440abcf][0m[38;5;86m[HTTP][0m [37m-->[39m [37mGET[39m [37m/wd/hub/session/2440abcf-91ce-4d50-a2de-0eb49006eb24/element/00000000-0000-003f-ffff-ffff0000001a/rect[39m {}
[38;5;126m[2440abcf][0m[38;5;-45m[AndroidUiautomator2Driver@c21b][0m Driver proxy active, passing request on via HTTP proxy
[38;5;126m[2440abcf][0m[38;5;-45m[AndroidUiautomator2Driver@c21b][0m Replacing sessionId 33d52ea6-172a-4338-9b57-4b48afe9e037 with 2440abcf-91ce-4d50-a2de-0eb49006eb24
[38;5;126m[2440abcf][0m[38;5;86m[HTTP][0m <-- GET /wd/hub/session/2440abcf-91ce-4d50-a2de-0eb49006eb24/element/00000000-0000-003f-ffff-ffff0000001a/rect 200 6 ms - 100 
[38;5;126m[2440abcf][0m[38;5;86m[HTTP][0m [37m-->[39m [37mPOST[39m [37m/wd/hub/session/2440abcf-91ce-4d50-a2de-0eb49006eb24/timeouts[39m {"implicit":30000}
[38;5;126m[2440abcf][0m[38;5;86m[HTTP][0m <-- POST /wd/hub/session/2440abcf-91ce-4d50-a2de-0eb49006eb24/timeouts 200 1 ms - 14 
[38;5;126m[2440abcf][0m[38;5;86m[HTTP][0m [37m-->[39m [37mPOST[39m [37m/wd/hub/session/2440abcf-91ce-4d50-a2de-0eb49006eb24/element/00000000-0000-003f-ffff-ffff0000001a/click[39m {"id":"00000000-0000-003f-ffff-ffff0000001a"}
[38;5;126m[2440abcf][0m[38;5;86m[HTTP][0m <-- POST /wd/hub/session/2440abcf-91ce-4d50-a2de-0eb49006eb24/element/00000000-0000-003f-ffff-ffff0000001a/click 200 67 ms - 14 
[38;5;126m[2440abcf][0m[38;5;86m[HTTP][0m [37m-->[39m [37mPOST[39m [37m/wd/hub/session/2440abcf-91ce-4d50-a2de-0eb49006eb24/timeouts[39m {"implicit":50}
[38;5;126m[2440abcf][0m[38;5;86m[HTTP][0m <-- POST /wd/hub/session/2440abcf-91ce-4d50-a2de-0eb49006eb24/timeouts 200 3 ms - 14 
[38;5;126m[2440abcf][0m[38;5;86m[HTTP][0m [37m-->[39m [37mGET[39m [37m/wd/hub/session/2440abcf-91ce-4d50-a2de-0eb49006eb24/window/rect[39m {}
[38;5;126m[2440abcf][0m[38;5;86m[HTTP][0m <-- GET /wd/hub/session/2440abcf-91ce-4d50-a2de-0eb49006eb24/window/rect 200 6 ms - 50 
[38;5;126m[2440abcf][0m[38;5;86m[HTTP][0m [37m-->[39m [37mPOST[39m [37m/wd/hub/session/2440abcf-91ce-4d50-a2de-0eb49006eb24/elements[39m {"value":"//*[@class = 'android.widget.Button' and (@text = 'menu' or . = 'menu')]","using":"xpath"}
[38;5;126m[2440abcf][0m[38;5;86m[HTTP][0m <-- POST /wd/hub/session/2440abcf-91ce-4d50-a2de-0eb49006eb24/elements 200 36 ms - 139 
[38;5;126m[2440abcf][0m[38;5;86m[HTTP][0m [37m-->[39m [37mGET[39m [37m/wd/hub/session/2440abcf-91ce-4d50-a2de-0eb49006eb24/element/00000000-0000-003c-0000-01d900000007/rect[39m {}
[38;5;126m[2440abcf][0m[38;5;-45m[AndroidUiautomator2Driver@c21b][0m Driver proxy active, passing request on via HTTP proxy
[38;5;126m[2440abcf][0m[38;5;-45m[AndroidUiautomator2Driver@c21b][0m Replacing sessionId 33d52ea6-172a-4338-9b57-4b48afe9e037 with 2440abcf-91ce-4d50-a2de-0eb49006eb24
[38;5;126m[2440abcf][0m[38;5;86m[HTTP][0m <-- GET /wd/hub/session/2440abcf-91ce-4d50-a2de-0eb49006eb24/element/00000000-0000-003c-0000-01d900000007/rect 200 4 ms - 99 
[38;5;126m[2440abcf][0m[38;5;86m[HTTP][0m [37m-->[39m [37mPOST[39m [37m/wd/hub/session/2440abcf-91ce-4d50-a2de-0eb49006eb24/timeouts[39m {"implicit":30000}
[38;5;126m[2440abcf][0m[38;5;86m[HTTP][0m <-- POST /wd/hub/session/2440abcf-91ce-4d50-a2de-0eb49006eb24/timeouts 200 0 ms - 14 
[38;5;126m[2440abcf][0m[38;5;86m[HTTP][0m [37m-->[39m [37mPOST[39m [37m/wd/hub/session/2440abcf-91ce-4d50-a2de-0eb49006eb24/element/00000000-0000-003c-0000-01d900000007/click[39m {"id":"00000000-0000-003c-0000-01d900000007"}
[38;5;126m[2440abcf][0m[38;5;86m[HTTP][0m <-- POST /wd/hub/session/2440abcf-91ce-4d50-a2de-0eb49006eb24/element/00000000-0000-003c-0000-01d900000007/click 200 46 ms - 14 
[38;5;126m[2440abcf][0m[38;5;86m[HTTP][0m [37m-->[39m [37mPOST[39m [37m/wd/hub/session/2440abcf-91ce-4d50-a2de-0eb49006eb24/timeouts[39m {"implicit":50}
[38;5;126m[2440abcf][0m[38;5;86m[HTTP][0m <-- POST /wd/hub/session/2440abcf-91ce-4d50-a2de-0eb49006eb24/timeouts 200 4 ms - 14 
[38;5;126m[2440abcf][0m[38;5;86m[HTTP][0m [37m-->[39m [37mGET[39m [37m/wd/hub/session/2440abcf-91ce-4d50-a2de-0eb49006eb24/window/rect[39m {}
[38;5;126m[2440abcf][0m[38;5;86m[HTTP][0m <-- GET /wd/hub/session/2440abcf-91ce-4d50-a2de-0eb49006eb24/window/rect 200 5 ms - 50 
[38;5;126m[2440abcf][0m[38;5;86m[HTTP][0m [37m-->[39m [37mPOST[39m [37m/wd/hub/session/2440abcf-91ce-4d50-a2de-0eb49006eb24/elements[39m {"value":"//android.widget.TextView[@text='Privacy Policy']","using":"xpath"}
[38;5;126m[2440abcf][0m[38;5;86m[HTTP][0m <-- POST /wd/hub/session/2440abcf-91ce-4d50-a2de-0eb49006eb24/elements 200 31 ms - 139 
[38;5;126m[2440abcf][0m[38;5;86m[HTTP][0m [37m-->[39m [37mGET[39m [37m/wd/hub/session/2440abcf-91ce-4d50-a2de-0eb49006eb24/element/00000000-0000-003c-0000-000600000007/rect[39m {}
[38;5;126m[2440abcf][0m[38;5;-45m[AndroidUiautomator2Driver@c21b][0m Driver proxy active, passing request on via HTTP proxy
[38;5;126m[2440abcf][0m[38;5;-45m[AndroidUiautomator2Driver@c21b][0m Replacing sessionId 33d52ea6-172a-4338-9b57-4b48afe9e037 with 2440abcf-91ce-4d50-a2de-0eb49006eb24
[38;5;126m[2440abcf][0m[38;5;86m[HTTP][0m <-- GET /wd/hub/session/2440abcf-91ce-4d50-a2de-0eb49006eb24/element/00000000-0000-003c-0000-000600000007/rect 200 8 ms - 100 
[38;5;126m[2440abcf][0m[38;5;86m[HTTP][0m [37m-->[39m [37mPOST[39m [37m/wd/hub/session/2440abcf-91ce-4d50-a2de-0eb49006eb24/timeouts[39m {"implicit":30000}
[38;5;126m[2440abcf][0m[38;5;86m[HTTP][0m <-- POST /wd/hub/session/2440abcf-91ce-4d50-a2de-0eb49006eb24/timeouts 200 1 ms - 14 
[38;5;126m[2440abcf][0m[38;5;86m[HTTP][0m [37m-->[39m [37mPOST[39m [37m/wd/hub/session/2440abcf-91ce-4d50-a2de-0eb49006eb24/element/00000000-0000-003c-0000-000600000007/click[39m {"id":"00000000-0000-003c-0000-000600000007"}
[38;5;126m[2440abcf][0m[38;5;86m[HTTP][0m <-- POST /wd/hub/session/2440abcf-91ce-4d50-a2de-0eb49006eb24/element/00000000-0000-003c-0000-000600000007/click 200 36 ms - 14 
[38;5;126m[2440abcf][0m[38;5;86m[HTTP][0m [37m-->[39m [37mPOST[39m [37m/wd/hub/session/2440abcf-91ce-4d50-a2de-0eb49006eb24/timeouts[39m {"implicit":50}
[38;5;126m[2440abcf][0m[38;5;86m[HTTP][0m <-- POST /wd/hub/session/2440abcf-91ce-4d50-a2de-0eb49006eb24/timeouts 200 3 ms - 14 
[38;5;126m[2440abcf][0m[38;5;86m[HTTP][0m [37m-->[39m [37mGET[39m [37m/wd/hub/session/2440abcf-91ce-4d50-a2de-0eb49006eb24/window/rect[39m {}
[38;5;126m[2440abcf][0m[38;5;86m[HTTP][0m <-- GET /wd/hub/session/2440abcf-91ce-4d50-a2de-0eb49006eb24/window/rect 200 16 ms - 50 
[38;5;126m[2440abcf][0m[38;5;86m[HTTP][0m [37m-->[39m [37mPOST[39m [37m/wd/hub/session/2440abcf-91ce-4d50-a2de-0eb49006eb24/elements[39m {"value":"//android.widget.TextView[@resource-id='section-2' and @text='Privacy Policy']","using":"xpath"}
[38;5;126m[2440abcf][0m[38;5;86m[HTTP][0m <-- POST /wd/hub/session/2440abcf-91ce-4d50-a2de-0eb49006eb24/elements 200 61 ms - 139 
[38;5;126m[2440abcf][0m[38;5;86m[HTTP][0m [37m-->[39m [37mGET[39m [37m/wd/hub/session/2440abcf-91ce-4d50-a2de-0eb49006eb24/element/00000000-0000-0041-0000-058a0000008b/rect[39m {}
[38;5;126m[2440abcf][0m[38;5;-45m[AndroidUiautomator2Driver@c21b][0m Driver proxy active, passing request on via HTTP proxy
[38;5;126m[2440abcf][0m[38;5;-45m[AndroidUiautomator2Driver@c21b][0m Replacing sessionId 33d52ea6-172a-4338-9b57-4b48afe9e037 with 2440abcf-91ce-4d50-a2de-0eb49006eb24
[38;5;126m[2440abcf][0m[38;5;86m[HTTP][0m <-- GET /wd/hub/session/2440abcf-91ce-4d50-a2de-0eb49006eb24/element/00000000-0000-0041-0000-058a0000008b/rect 200 6 ms - 102 
[38;5;126m[2440abcf][0m[38;5;86m[HTTP][0m [37m-->[39m [37mPOST[39m [37m/wd/hub/session/2440abcf-91ce-4d50-a2de-0eb49006eb24/timeouts[39m {"implicit":30000}
[38;5;126m[2440abcf][0m[38;5;86m[HTTP][0m <-- POST /wd/hub/session/2440abcf-91ce-4d50-a2de-0eb49006eb24/timeouts 200 0 ms - 14 
[38;5;126m[2440abcf][0m[38;5;86m[HTTP][0m [37m-->[39m [37mGET[39m [37m/wd/hub/session/2440abcf-91ce-4d50-a2de-0eb49006eb24/context[39m {}
[38;5;126m[2440abcf][0m[38;5;86m[HTTP][0m <-- GET /wd/hub/session/2440abcf-91ce-4d50-a2de-0eb49006eb24/context 200 0 ms - 22 
[38;5;126m[2440abcf][0m[38;5;86m[HTTP][0m [37m-->[39m [37mGET[39m [37m/wd/hub/session/2440abcf-91ce-4d50-a2de-0eb49006eb24/contexts[39m {}
[38;5;126m[2440abcf][0m[38;5;86m[HTTP][0m <-- GET /wd/hub/session/2440abcf-91ce-4d50-a2de-0eb49006eb24/contexts 200 306 ms - 82 
[38;5;126m[2440abcf][0m[38;5;86m[HTTP][0m [37m-->[39m [37mPOST[39m [37m/wd/hub/session/2440abcf-91ce-4d50-a2de-0eb49006eb24/context[39m {"name":"NATIVE_APP"}
[38;5;126m[2440abcf][0m[38;5;86m[HTTP][0m <-- POST /wd/hub/session/2440abcf-91ce-4d50-a2de-0eb49006eb24/context 200 0 ms - 14 
[38;5;126m[2440abcf][0m[38;5;86m[HTTP][0m [37m-->[39m [37mPOST[39m [37m/wd/hub/session/2440abcf-91ce-4d50-a2de-0eb49006eb24/execute/sync[39m {"args":[],"script":"mobile: getCurrentPackage"}
[38;5;126m[2440abcf][0m[38;5;86m[HTTP][0m <-- POST /wd/hub/session/2440abcf-91ce-4d50-a2de-0eb49006eb24/execute/sync 200 54 ms - 30 
[38;5;126m[2440abcf][0m[38;5;86m[HTTP][0m [37m-->[39m [37mPOST[39m [37m/wd/hub/session/2440abcf-91ce-4d50-a2de-0eb49006eb24/execute/sync[39m {"args":[{"appId":"com.android.chrome","bundleId":"com.android.chrome"}],"script":"mobile: terminateApp"}
[38;5;126m[2440abcf][0m[38;5;123m[BaseDriver][0m The following script arguments are not known and will be ignored: bundleId
[38;5;126m[2440abcf][0m[38;5;-45m[AndroidUiautomator2Driver@c21b][0m Terminating 'com.android.chrome'
[38;5;126m[2440abcf][0m[38;5;-45m[AndroidUiautomator2Driver@c21b][0m Querying the state of 'com.android.chrome'
[38;5;126m[2440abcf][0m[38;5;-45m[AndroidUiautomator2Driver@c21b][0m The application 'com.android.chrome' was reported running, although all process ids belonging to it have been changed: ([6248,6303] -> [7417,7451]). Assuming the termination was successful.
[38;5;126m[2440abcf][0m[38;5;-45m[AndroidUiautomator2Driver@c21b][0m 'com.android.chrome' has been successfully terminated
[38;5;126m[2440abcf][0m[38;5;86m[HTTP][0m <-- POST /wd/hub/session/2440abcf-91ce-4d50-a2de-0eb49006eb24/execute/sync 200 460 ms - 14 
[38;5;126m[2440abcf][0m[38;5;86m[HTTP][0m [37m-->[39m [37mPOST[39m [37m/wd/hub/session/2440abcf-91ce-4d50-a2de-0eb49006eb24/context[39m {"name":"NATIVE_APP"}
[38;5;126m[2440abcf][0m[38;5;86m[HTTP][0m <-- POST /wd/hub/session/2440abcf-91ce-4d50-a2de-0eb49006eb24/context 200 0 ms - 14 
[38;5;126m[2440abcf][0m[38;5;86m[HTTP][0m [37m-->[39m [37mDELETE[39m [37m/wd/hub/session/2440abcf-91ce-4d50-a2de-0eb49006eb24[39m {}
[38;5;126m[2440abcf][0m[38;5;128m[AppiumDriver@1fa6][0m Removing session 2440abcf-91ce-4d50-a2de-0eb49006eb24 from our master session list
[38;5;126m[2440abcf][0m[38;5;229m[ADB][0m westgate_xamarin.android.debug was successfully uninstalled
[38;5;126m[2440abcf][0m[38;5;-45m[AndroidUiautomator2Driver@c21b][0m Restoring hidden api policy to the device default configuration
[38;5;126m[2440abcf][0m[38;5;86m[HTTP][0m <-- DELETE /wd/hub/session/2440abcf-91ce-4d50-a2de-0eb49006eb24 200 973 ms - 14 
[38;5;112m[Appium][0m Received SIGTERM - shutting down
[38;5;86m[HTTP][0m Closing Appium HTTP server
[38;5;86m[HTTP][0m Appium HTTP server has been succesfully closed after 0ms
