[38;5;112m[Appium][0m Welcome to Appium v2.17.1 (REV f1041842141f20bc701b522d4371d7843d905580)
[38;5;112m[Appium][0m Non-default server args:
[38;5;112m[Appium][0m { basePath: [32m'/wd/hub'[39m, loglevel: [32m'info'[39m, port: [33m53892[39m }
[38;5;112m[Appium][0m Attempting to load driver uiautomator2...
[38;5;112m[Appium][0m Appium REST http interface listener started on http://0.0.0.0:53892/wd/hub
[38;5;112m[Appium][0m You can provide the following URLs in your client code to connect to this server:
	http://127.0.0.1:53892/wd/hub (only accessible from the same host)
	http://192.168.0.106:53892/wd/hub
[38;5;112m[Appium][0m Available drivers:
[38;5;112m[Appium][0m   - uiautomator2@4.1.5 (automationName 'UiAutomator2')
[38;5;112m[Appium][0m No plugins have been installed. Use the "appium plugin" command to install the one(s) you want to use.
[38;5;86m[HTTP][0m [37m-->[39m [37mGET[39m [37m/wd/hub/status[39m {}
[38;5;86m[HTTP][0m <-- GET /wd/hub/status 200 4 ms - 200 
[38;5;86m[HTTP][0m [37m-->[39m [37mPOST[39m [37m/wd/hub/session[39m {"capabilities":{"firstMatch":[{"appium:app":"/Users/gv.vignesh/Downloads/WGR-Android-Automation/App Folder/universal.apk","appium:autoGrantPermissions":true,"appium:automationName":"uiautomator2","appium:deviceId":"","appium:deviceName":"emulator-5554 (sdk_gphone64_arm64 - Android 15)","appium:fullReset":true,"appium:newCommandTimeout":1800,"appium:noReset":false,"appium:platformName":"ANDROID","appium:platformVersion":"15","appium:systemPort":53891,"appium:udid":"emulator-5554","platformName":"ANDROID"}]},"desiredCapabilities":{"appium:app":"/Users/gv.vignesh/Downloads/WGR-Android-Automation/App Folder/universal.apk","appium:autoGrantPermissions":true,"appium:automationName":"uiautomator2","appium:deviceId":"","appium:deviceName":"emulator-5554 (sdk_gphone64_arm64 - Android 15)","appium:fullReset":true,"appium:newCommandTimeout":1800,"appium:noReset":false,"appium:platformName":"ANDROID","appium:platformVersion":"15","appium:systemPort":53891,"appium:udid":"emulator-5554"}}
[38;5;123m[BaseDriver][0m Ignoring capability 'appium:platformName=ANDROID' and using capability 'platformName=ANDROID'
[38;5;123m[BaseDriver][0m The capabilities ["platformName"] are standard capabilities and do not require "appium:" prefix
[38;5;112m[Appium][0m Attempting to find matching driver for automationName 'uiautomator2' and platformName 'ANDROID'
[38;5;112m[Appium][0m The 'uiautomator2' driver was installed and matched caps.
[38;5;112m[Appium][0m Will require it at /Users/gv.vignesh/.appium/node_modules/appium-uiautomator2-driver
[38;5;78m[AppiumDriver@8dd8][0m Appium v2.17.1 creating new AndroidUiautomator2Driver (v4.1.5) session
[38;5;78m[AppiumDriver@8dd8][0m Checking BaseDriver versions for Appium and AndroidUiautomator2Driver
[38;5;78m[AppiumDriver@8dd8][0m Appium's BaseDriver version is 9.16.4
[38;5;78m[AppiumDriver@8dd8][0m AndroidUiautomator2Driver's BaseDriver version is 9.16.4
[38;5;-19m[AndroidUiautomator2Driver@cb2a][0m The following provided capabilities were not recognized by this driver:
[38;5;-19m[AndroidUiautomator2Driver@cb2a][0m   deviceId
[38;5;54m[bb8b9e9a][0m[38;5;-19m[AndroidUiautomator2Driver@cb2a][0m Session created with session id: bb8b9e9a-137a-44f6-a4bc-8c6cdfe47a82
[38;5;54m[bb8b9e9a][0m[38;5;229m[ADB][0m Found 1 'build-tools' folders under '/Users/gv.vignesh/.katalon/tools/android_sdk' (newest first):
[38;5;54m[bb8b9e9a][0m[38;5;229m[ADB][0m     /Users/gv.vignesh/.katalon/tools/android_sdk/build-tools/29.0.3
[38;5;54m[bb8b9e9a][0m[38;5;229m[ADB][0m Using 'adb' from '/Users/gv.vignesh/.katalon/tools/android_sdk/platform-tools/adb'
[38;5;54m[bb8b9e9a][0m[38;5;-19m[AndroidUiautomator2Driver@cb2a][0m Retrieving device list
[38;5;54m[bb8b9e9a][0m[38;5;-19m[AndroidUiautomator2Driver@cb2a][0m Using device: emulator-5554
[38;5;54m[bb8b9e9a][0m[38;5;229m[ADB][0m Using 'adb' from '/Users/gv.vignesh/.katalon/tools/android_sdk/platform-tools/adb'
[38;5;54m[bb8b9e9a][0m[38;5;123m[BaseDriver][0m Using local app '/Users/gv.vignesh/Downloads/WGR-Android-Automation/App Folder/universal.apk'
[38;5;54m[bb8b9e9a][0m[38;5;229m[ADB][0m Getting device platform version
[38;5;54m[bb8b9e9a][0m[38;5;-19m[AndroidUiautomator2Driver@cb2a][0m Relaxing hidden api policy
[38;5;54m[bb8b9e9a][0m[38;5;229m[ADB][0m Using 'aapt2' from '/Users/gv.vignesh/.katalon/tools/android_sdk/build-tools/29.0.3/aapt2'
[38;5;54m[bb8b9e9a][0m[38;5;229m[ADB][0m Package name: 'com.westgate.rewrite2'
[38;5;54m[bb8b9e9a][0m[38;5;229m[ADB][0m Main activity name: 'com.westgate.rewrite2.MainActivity'
[38;5;54m[bb8b9e9a][0m[38;5;229m[ADB][0m Using 'apksigner.jar' from '/Users/gv.vignesh/.katalon/tools/android_sdk/build-tools/29.0.3/lib/apksigner.jar'
[38;5;54m[bb8b9e9a][0m[38;5;-19m[AndroidUiautomator2Driver@cb2a][0m Server packages are not going to be (re)installed
[38;5;54m[bb8b9e9a][0m[38;5;229m[ADB][0m Adding packages ["io.appium.settings","io.appium.uiautomator2.server","io.appium.uiautomator2.server.test"] to Doze whitelist
[38;5;54m[bb8b9e9a][0m[38;5;229m[ADB][0m '/Users/gv.vignesh/Downloads/WGR-Android-Automation/App Folder/universal.apk' is signed with a non-default certificate
[38;5;54m[bb8b9e9a][0m[38;5;229m[ADB][0m com.westgate.rewrite2 was successfully uninstalled
[38;5;54m[bb8b9e9a][0m[38;5;229m[ADB][0m The application at '/Users/gv.vignesh/Downloads/WGR-Android-Automation/App Folder/universal.apk' will not be cached, because the device under test has confirmed the support of streamed installs
[38;5;54m[bb8b9e9a][0m[38;5;229m[ADB][0m The installation of 'universal.apk' took 1182ms
[38;5;54m[bb8b9e9a][0m[38;5;-19m[AndroidUiautomator2Driver@cb2a][0m Starting UIAutomator2 server 7.3.0
[38;5;54m[bb8b9e9a][0m[38;5;-19m[AndroidUiautomator2Driver@cb2a][0m Using UIAutomator2 server from '/Users/gv.vignesh/.appium/node_modules/appium-uiautomator2-driver/node_modules/appium-uiautomator2-server/apks/appium-uiautomator2-server-v7.3.0.apk' and test from '/Users/gv.vignesh/.appium/node_modules/appium-uiautomator2-driver/node_modules/appium-uiautomator2-server/apks/appium-uiautomator2-server-debug-androidTest.apk'
[38;5;54m[bb8b9e9a][0m[38;5;-19m[AndroidUiautomator2Driver@cb2a][0m Waiting up to 30000ms for UiAutomator2 to be online...
[38;5;54m[bb8b9e9a][0m[38;5;-19m[AndroidUiautomator2Driver@cb2a][0m socket hang up
[38;5;54m[bb8b9e9a][0m[38;5;-19m[AndroidUiautomator2Driver@cb2a][0m Determined the downstream protocol as 'W3C'
[38;5;54m[bb8b9e9a][0m[38;5;-19m[AndroidUiautomator2Driver@cb2a][0m Screen already unlocked, doing nothing
[38;5;54m[bb8b9e9a][0m[38;5;-19m[AndroidUiautomator2Driver@cb2a][0m Starting 'com.westgate.rewrite2/com.westgate.rewrite2.MainActivity' and waiting for 'com.westgate.rewrite2/com.westgate.rewrite2.MainActivity'
[38;5;54m[bb8b9e9a][0m[38;5;78m[AppiumDriver@8dd8][0m New AndroidUiautomator2Driver session created successfully, session bb8b9e9a-137a-44f6-a4bc-8c6cdfe47a82 added to master session list
[38;5;54m[bb8b9e9a][0m[38;5;86m[HTTP][0m <-- POST /wd/hub/session 200 7073 ms - 1352 
[38;5;86m[HTTP][0m [37m-->[39m [37mGET[39m [37m/wd/hub/status[39m {}
[38;5;86m[HTTP][0m <-- GET /wd/hub/status 200 1 ms - 200 
[38;5;54m[bb8b9e9a][0m[38;5;86m[HTTP][0m [37m-->[39m [37mPOST[39m [37m/wd/hub/session/bb8b9e9a-137a-44f6-a4bc-8c6cdfe47a82/timeouts[39m {"implicit":30000}
[38;5;54m[bb8b9e9a][0m[38;5;86m[HTTP][0m <-- POST /wd/hub/session/bb8b9e9a-137a-44f6-a4bc-8c6cdfe47a82/timeouts 200 3 ms - 14 
[38;5;54m[bb8b9e9a][0m[38;5;86m[HTTP][0m [37m-->[39m [37mPOST[39m [37m/wd/hub/session/bb8b9e9a-137a-44f6-a4bc-8c6cdfe47a82/execute/sync[39m {"script":"mobile: getSystemBars","args":[]}
[38;5;54m[bb8b9e9a][0m[38;5;-19m[AndroidUiautomator2Driver@cb2a][0m No windows have been found whose title matches to 'NavigationBar'. Assuming it is invisible. Only the following windows are available: ScreenDecorOverlayBottom,ScreenDecorOverlay,EdgeBackGestureHandler0,Taskbar,NotificationShade,StatusBar,ShellDropTarget,InputMethod
[38;5;54m[bb8b9e9a][0m[38;5;86m[HTTP][0m <-- POST /wd/hub/session/bb8b9e9a-137a-44f6-a4bc-8c6cdfe47a82/execute/sync 200 63 ms - 145 
[38;5;54m[bb8b9e9a][0m[38;5;86m[HTTP][0m [37m-->[39m [37mPOST[39m [37m/wd/hub/session/bb8b9e9a-137a-44f6-a4bc-8c6cdfe47a82/timeouts[39m {"implicit":50}
[38;5;54m[bb8b9e9a][0m[38;5;86m[HTTP][0m <-- POST /wd/hub/session/bb8b9e9a-137a-44f6-a4bc-8c6cdfe47a82/timeouts 200 1 ms - 14 
[38;5;54m[bb8b9e9a][0m[38;5;86m[HTTP][0m [37m-->[39m [37mGET[39m [37m/wd/hub/session/bb8b9e9a-137a-44f6-a4bc-8c6cdfe47a82/window/rect[39m {}
[38;5;54m[bb8b9e9a][0m[38;5;86m[HTTP][0m <-- GET /wd/hub/session/bb8b9e9a-137a-44f6-a4bc-8c6cdfe47a82/window/rect 200 13 ms - 50 
[38;5;54m[bb8b9e9a][0m[38;5;86m[HTTP][0m [37m-->[39m [37mPOST[39m [37m/wd/hub/session/bb8b9e9a-137a-44f6-a4bc-8c6cdfe47a82/elements[39m {"using":"xpath","value":"//*[@class = 'android.widget.Button' and (@text = 'Login or Sign Up' or . = 'Login or Sign Up')]"}
[38;5;54m[bb8b9e9a][0m[38;5;86m[HTTP][0m <-- POST /wd/hub/session/bb8b9e9a-137a-44f6-a4bc-8c6cdfe47a82/elements 200 173 ms - 139 
[38;5;54m[bb8b9e9a][0m[38;5;86m[HTTP][0m [37m-->[39m [37mGET[39m [37m/wd/hub/session/bb8b9e9a-137a-44f6-a4bc-8c6cdfe47a82/element/00000000-0000-0019-0000-00dd00000007/rect[39m {}
[38;5;54m[bb8b9e9a][0m[38;5;-19m[AndroidUiautomator2Driver@cb2a][0m Driver proxy active, passing request on via HTTP proxy
[38;5;54m[bb8b9e9a][0m[38;5;-19m[AndroidUiautomator2Driver@cb2a][0m Replacing sessionId f6b23d8c-e511-4dc1-94ee-fdfcddc79111 with bb8b9e9a-137a-44f6-a4bc-8c6cdfe47a82
[38;5;54m[bb8b9e9a][0m[38;5;86m[HTTP][0m <-- GET /wd/hub/session/bb8b9e9a-137a-44f6-a4bc-8c6cdfe47a82/element/00000000-0000-0019-0000-00dd00000007/rect 200 7 ms - 103 
[38;5;54m[bb8b9e9a][0m[38;5;86m[HTTP][0m [37m-->[39m [37mPOST[39m [37m/wd/hub/session/bb8b9e9a-137a-44f6-a4bc-8c6cdfe47a82/timeouts[39m {"implicit":30000}
[38;5;54m[bb8b9e9a][0m[38;5;86m[HTTP][0m <-- POST /wd/hub/session/bb8b9e9a-137a-44f6-a4bc-8c6cdfe47a82/timeouts 200 0 ms - 14 
[38;5;54m[bb8b9e9a][0m[38;5;86m[HTTP][0m [37m-->[39m [37mPOST[39m [37m/wd/hub/session/bb8b9e9a-137a-44f6-a4bc-8c6cdfe47a82/element/00000000-0000-0019-0000-00dd00000007/click[39m {"id":"00000000-0000-0019-0000-00dd00000007"}
[38;5;54m[bb8b9e9a][0m[38;5;86m[HTTP][0m <-- POST /wd/hub/session/bb8b9e9a-137a-44f6-a4bc-8c6cdfe47a82/element/00000000-0000-0019-0000-00dd00000007/click 200 59 ms - 14 
[38;5;54m[bb8b9e9a][0m[38;5;86m[HTTP][0m [37m-->[39m [37mPOST[39m [37m/wd/hub/session/bb8b9e9a-137a-44f6-a4bc-8c6cdfe47a82/timeouts[39m {"implicit":50}
[38;5;54m[bb8b9e9a][0m[38;5;86m[HTTP][0m <-- POST /wd/hub/session/bb8b9e9a-137a-44f6-a4bc-8c6cdfe47a82/timeouts 200 1 ms - 14 
[38;5;54m[bb8b9e9a][0m[38;5;86m[HTTP][0m [37m-->[39m [37mGET[39m [37m/wd/hub/session/bb8b9e9a-137a-44f6-a4bc-8c6cdfe47a82/window/rect[39m {}
[38;5;54m[bb8b9e9a][0m[38;5;86m[HTTP][0m <-- GET /wd/hub/session/bb8b9e9a-137a-44f6-a4bc-8c6cdfe47a82/window/rect 500 3 ms - 1149 
[38;5;54m[bb8b9e9a][0m[38;5;86m[HTTP][0m [37m-->[39m [37mPOST[39m [37m/wd/hub/session/bb8b9e9a-137a-44f6-a4bc-8c6cdfe47a82/timeouts[39m {"implicit":30000}
[38;5;54m[bb8b9e9a][0m[38;5;86m[HTTP][0m <-- POST /wd/hub/session/bb8b9e9a-137a-44f6-a4bc-8c6cdfe47a82/timeouts 200 0 ms - 14 
[38;5;54m[bb8b9e9a][0m[38;5;86m[HTTP][0m [37m-->[39m [37mGET[39m [37m/wd/hub/session/bb8b9e9a-137a-44f6-a4bc-8c6cdfe47a82/context[39m {}
[38;5;54m[bb8b9e9a][0m[38;5;86m[HTTP][0m <-- GET /wd/hub/session/bb8b9e9a-137a-44f6-a4bc-8c6cdfe47a82/context 200 1 ms - 22 
[38;5;54m[bb8b9e9a][0m[38;5;86m[HTTP][0m [37m-->[39m [37mGET[39m [37m/wd/hub/session/bb8b9e9a-137a-44f6-a4bc-8c6cdfe47a82/contexts[39m {}
[38;5;54m[bb8b9e9a][0m[38;5;86m[HTTP][0m <-- GET /wd/hub/session/bb8b9e9a-137a-44f6-a4bc-8c6cdfe47a82/contexts 200 204 ms - 41 
[38;5;54m[bb8b9e9a][0m[38;5;86m[HTTP][0m [37m-->[39m [37mPOST[39m [37m/wd/hub/session/bb8b9e9a-137a-44f6-a4bc-8c6cdfe47a82/context[39m {"name":"NATIVE_APP"}
[38;5;54m[bb8b9e9a][0m[38;5;86m[HTTP][0m <-- POST /wd/hub/session/bb8b9e9a-137a-44f6-a4bc-8c6cdfe47a82/context 200 0 ms - 14 
[38;5;54m[bb8b9e9a][0m[38;5;86m[HTTP][0m [37m-->[39m [37mGET[39m [37m/wd/hub/session/bb8b9e9a-137a-44f6-a4bc-8c6cdfe47a82/screenshot[39m {}
[38;5;54m[bb8b9e9a][0m[38;5;86m[HTTP][0m <-- GET /wd/hub/session/bb8b9e9a-137a-44f6-a4bc-8c6cdfe47a82/screenshot 500 1 ms - 986 
[38;5;54m[bb8b9e9a][0m[38;5;86m[HTTP][0m [37m-->[39m [37mPOST[39m [37m/wd/hub/session/bb8b9e9a-137a-44f6-a4bc-8c6cdfe47a82/context[39m {"name":"NATIVE_APP"}
[38;5;54m[bb8b9e9a][0m[38;5;86m[HTTP][0m <-- POST /wd/hub/session/bb8b9e9a-137a-44f6-a4bc-8c6cdfe47a82/context 200 0 ms - 14 
[38;5;86m[HTTP][0m [37m-->[39m [37mGET[39m [37m/wd/hub/status[39m {}
[38;5;86m[HTTP][0m <-- GET /wd/hub/status 200 1 ms - 200 
[38;5;86m[HTTP][0m [37m-->[39m [37mPOST[39m [37m/wd/hub/session[39m {"capabilities":{"firstMatch":[{"appium:app":"/Users/gv.vignesh/Downloads/WGR-Android-Automation/App Folder/universal.apk","appium:autoGrantPermissions":true,"appium:automationName":"uiautomator2","appium:deviceId":"","appium:deviceName":"emulator-5554 (sdk_gphone64_arm64 - Android 15)","appium:fullReset":true,"appium:newCommandTimeout":1800,"appium:noReset":false,"appium:platformName":"ANDROID","appium:platformVersion":"15","appium:systemPort":54171,"appium:udid":"emulator-5554","platformName":"ANDROID"}]},"desiredCapabilities":{"appium:app":"/Users/gv.vignesh/Downloads/WGR-Android-Automation/App Folder/universal.apk","appium:autoGrantPermissions":true,"appium:automationName":"uiautomator2","appium:deviceId":"","appium:deviceName":"emulator-5554 (sdk_gphone64_arm64 - Android 15)","appium:fullReset":true,"appium:newCommandTimeout":1800,"appium:noReset":false,"appium:platformName":"ANDROID","appium:platformVersion":"15","appium:systemPort":54171,"appium:udid":"emulator-5554"}}
[38;5;123m[BaseDriver][0m Ignoring capability 'appium:platformName=ANDROID' and using capability 'platformName=ANDROID'
[38;5;123m[BaseDriver][0m The capabilities ["platformName"] are standard capabilities and do not require "appium:" prefix
[38;5;112m[Appium][0m Attempting to find matching driver for automationName 'uiautomator2' and platformName 'ANDROID'
[38;5;112m[Appium][0m The 'uiautomator2' driver was installed and matched caps.
[38;5;112m[Appium][0m Will require it at /Users/gv.vignesh/.appium/node_modules/appium-uiautomator2-driver
[38;5;78m[AppiumDriver@8dd8][0m Appium v2.17.1 creating new AndroidUiautomator2Driver (v4.1.5) session
[38;5;78m[AppiumDriver@8dd8][0m Checking BaseDriver versions for Appium and AndroidUiautomator2Driver
[38;5;78m[AppiumDriver@8dd8][0m Appium's BaseDriver version is 9.16.4
[38;5;78m[AppiumDriver@8dd8][0m AndroidUiautomator2Driver's BaseDriver version is 9.16.4
[38;5;-46m[AndroidUiautomator2Driver@2c17][0m The following provided capabilities were not recognized by this driver:
[38;5;-46m[AndroidUiautomator2Driver@2c17][0m   deviceId
[38;5;75m[7f3ffe02][0m[38;5;-46m[AndroidUiautomator2Driver@2c17][0m Session created with session id: 7f3ffe02-0f21-410f-a49c-ae65500d3103
[38;5;75m[7f3ffe02][0m[38;5;229m[ADB][0m Using 'adb' from '/Users/gv.vignesh/.katalon/tools/android_sdk/platform-tools/adb'
[38;5;75m[7f3ffe02][0m[38;5;-46m[AndroidUiautomator2Driver@2c17][0m Retrieving device list
[38;5;75m[7f3ffe02][0m[38;5;-46m[AndroidUiautomator2Driver@2c17][0m Using device: emulator-5554
[38;5;75m[7f3ffe02][0m[38;5;229m[ADB][0m Using 'adb' from '/Users/gv.vignesh/.katalon/tools/android_sdk/platform-tools/adb'
[38;5;75m[7f3ffe02][0m[38;5;123m[BaseDriver][0m Using local app '/Users/gv.vignesh/Downloads/WGR-Android-Automation/App Folder/universal.apk'
[38;5;75m[7f3ffe02][0m[38;5;229m[ADB][0m Getting device platform version
[38;5;75m[7f3ffe02][0m[38;5;-46m[AndroidUiautomator2Driver@2c17][0m Relaxing hidden api policy
[38;5;75m[7f3ffe02][0m[38;5;229m[ADB][0m Using 'aapt2' from '/Users/gv.vignesh/.katalon/tools/android_sdk/build-tools/29.0.3/aapt2'
[38;5;75m[7f3ffe02][0m[38;5;229m[ADB][0m Package name: 'com.westgate.rewrite2'
[38;5;75m[7f3ffe02][0m[38;5;229m[ADB][0m Main activity name: 'com.westgate.rewrite2.MainActivity'
[38;5;75m[7f3ffe02][0m[38;5;-46m[AndroidUiautomator2Driver@2c17][0m Server packages are not going to be (re)installed
[38;5;75m[7f3ffe02][0m[38;5;229m[ADB][0m com.westgate.rewrite2 was not uninstalled, because it was not present on the device
[38;5;75m[7f3ffe02][0m[38;5;229m[ADB][0m Adding packages ["io.appium.settings","io.appium.uiautomator2.server","io.appium.uiautomator2.server.test"] to Doze whitelist
[38;5;75m[7f3ffe02][0m[38;5;229m[ADB][0m The application at '/Users/gv.vignesh/Downloads/WGR-Android-Automation/App Folder/universal.apk' will not be cached, because the device under test has confirmed the support of streamed installs
[38;5;75m[7f3ffe02][0m[38;5;229m[ADB][0m The installation of 'universal.apk' took 745ms
[38;5;75m[7f3ffe02][0m[38;5;-46m[AndroidUiautomator2Driver@2c17][0m Starting UIAutomator2 server 7.3.0
[38;5;75m[7f3ffe02][0m[38;5;-46m[AndroidUiautomator2Driver@2c17][0m Using UIAutomator2 server from '/Users/gv.vignesh/.appium/node_modules/appium-uiautomator2-driver/node_modules/appium-uiautomator2-server/apks/appium-uiautomator2-server-v7.3.0.apk' and test from '/Users/gv.vignesh/.appium/node_modules/appium-uiautomator2-driver/node_modules/appium-uiautomator2-server/apks/appium-uiautomator2-server-debug-androidTest.apk'
[38;5;75m[7f3ffe02][0m[38;5;-46m[AndroidUiautomator2Driver@2c17][0m Waiting up to 30000ms for UiAutomator2 to be online...
[38;5;75m[7f3ffe02][0m[38;5;-46m[AndroidUiautomator2Driver@2c17][0m socket hang up
[38;5;75m[7f3ffe02][0m[38;5;-46m[AndroidUiautomator2Driver@2c17][0m Determined the downstream protocol as 'W3C'
[38;5;75m[7f3ffe02][0m[38;5;-46m[AndroidUiautomator2Driver@2c17][0m Screen already unlocked, doing nothing
[38;5;75m[7f3ffe02][0m[38;5;-46m[AndroidUiautomator2Driver@2c17][0m Starting 'com.westgate.rewrite2/com.westgate.rewrite2.MainActivity' and waiting for 'com.westgate.rewrite2/com.westgate.rewrite2.MainActivity'
[38;5;75m[7f3ffe02][0m[38;5;78m[AppiumDriver@8dd8][0m New AndroidUiautomator2Driver session created successfully, session 7f3ffe02-0f21-410f-a49c-ae65500d3103 added to master session list
[38;5;75m[7f3ffe02][0m[38;5;86m[HTTP][0m <-- POST /wd/hub/session 200 3968 ms - 1352 
[38;5;86m[HTTP][0m [37m-->[39m [37mGET[39m [37m/wd/hub/status[39m {}
[38;5;86m[HTTP][0m <-- GET /wd/hub/status 200 1 ms - 200 
[38;5;75m[7f3ffe02][0m[38;5;86m[HTTP][0m [37m-->[39m [37mPOST[39m [37m/wd/hub/session/7f3ffe02-0f21-410f-a49c-ae65500d3103/timeouts[39m {"implicit":30000}
[38;5;75m[7f3ffe02][0m[38;5;86m[HTTP][0m <-- POST /wd/hub/session/7f3ffe02-0f21-410f-a49c-ae65500d3103/timeouts 200 1 ms - 14 
[38;5;75m[7f3ffe02][0m[38;5;86m[HTTP][0m [37m-->[39m [37mPOST[39m [37m/wd/hub/session/7f3ffe02-0f21-410f-a49c-ae65500d3103/execute/sync[39m {"script":"mobile: getSystemBars","args":[]}
[38;5;75m[7f3ffe02][0m[38;5;-46m[AndroidUiautomator2Driver@2c17][0m No windows have been found whose title matches to 'NavigationBar'. Assuming it is invisible. Only the following windows are available: ScreenDecorOverlayBottom,ScreenDecorOverlay,EdgeBackGestureHandler0,Taskbar,NotificationShade,StatusBar,ShellDropTarget,InputMethod
[38;5;75m[7f3ffe02][0m[38;5;86m[HTTP][0m <-- POST /wd/hub/session/7f3ffe02-0f21-410f-a49c-ae65500d3103/execute/sync 200 72 ms - 145 
[38;5;75m[7f3ffe02][0m[38;5;86m[HTTP][0m [37m-->[39m [37mPOST[39m [37m/wd/hub/session/7f3ffe02-0f21-410f-a49c-ae65500d3103/timeouts[39m {"implicit":50}
[38;5;75m[7f3ffe02][0m[38;5;86m[HTTP][0m <-- POST /wd/hub/session/7f3ffe02-0f21-410f-a49c-ae65500d3103/timeouts 200 1 ms - 14 
[38;5;75m[7f3ffe02][0m[38;5;86m[HTTP][0m [37m-->[39m [37mGET[39m [37m/wd/hub/session/7f3ffe02-0f21-410f-a49c-ae65500d3103/window/rect[39m {}
[38;5;75m[7f3ffe02][0m[38;5;86m[HTTP][0m <-- GET /wd/hub/session/7f3ffe02-0f21-410f-a49c-ae65500d3103/window/rect 200 8 ms - 50 
[38;5;75m[7f3ffe02][0m[38;5;86m[HTTP][0m [37m-->[39m [37mPOST[39m [37m/wd/hub/session/7f3ffe02-0f21-410f-a49c-ae65500d3103/elements[39m {"using":"xpath","value":"//*[@class = 'android.widget.Button' and (@text = 'Login or Sign Up' or . = 'Login or Sign Up')]"}
[38;5;75m[7f3ffe02][0m[38;5;86m[HTTP][0m <-- POST /wd/hub/session/7f3ffe02-0f21-410f-a49c-ae65500d3103/elements 200 185 ms - 139 
[38;5;75m[7f3ffe02][0m[38;5;86m[HTTP][0m [37m-->[39m [37mGET[39m [37m/wd/hub/session/7f3ffe02-0f21-410f-a49c-ae65500d3103/element/00000000-0000-0025-0000-00e000000007/rect[39m {}
[38;5;75m[7f3ffe02][0m[38;5;-46m[AndroidUiautomator2Driver@2c17][0m Driver proxy active, passing request on via HTTP proxy
[38;5;75m[7f3ffe02][0m[38;5;-46m[AndroidUiautomator2Driver@2c17][0m Replacing sessionId 117395a1-bc04-4e6a-8511-cf747e33f97f with 7f3ffe02-0f21-410f-a49c-ae65500d3103
[38;5;75m[7f3ffe02][0m[38;5;86m[HTTP][0m <-- GET /wd/hub/session/7f3ffe02-0f21-410f-a49c-ae65500d3103/element/00000000-0000-0025-0000-00e000000007/rect 200 12 ms - 103 
[38;5;75m[7f3ffe02][0m[38;5;86m[HTTP][0m [37m-->[39m [37mPOST[39m [37m/wd/hub/session/7f3ffe02-0f21-410f-a49c-ae65500d3103/timeouts[39m {"implicit":30000}
[38;5;75m[7f3ffe02][0m[38;5;86m[HTTP][0m <-- POST /wd/hub/session/7f3ffe02-0f21-410f-a49c-ae65500d3103/timeouts 200 0 ms - 14 
[38;5;75m[7f3ffe02][0m[38;5;86m[HTTP][0m [37m-->[39m [37mPOST[39m [37m/wd/hub/session/7f3ffe02-0f21-410f-a49c-ae65500d3103/element/00000000-0000-0025-0000-00e000000007/click[39m {"id":"00000000-0000-0025-0000-00e000000007"}
[38;5;75m[7f3ffe02][0m[38;5;86m[HTTP][0m <-- POST /wd/hub/session/7f3ffe02-0f21-410f-a49c-ae65500d3103/element/00000000-0000-0025-0000-00e000000007/click 200 56 ms - 14 
[38;5;75m[7f3ffe02][0m[38;5;86m[HTTP][0m [37m-->[39m [37mPOST[39m [37m/wd/hub/session/7f3ffe02-0f21-410f-a49c-ae65500d3103/timeouts[39m {"implicit":50}
[38;5;75m[7f3ffe02][0m[38;5;86m[HTTP][0m <-- POST /wd/hub/session/7f3ffe02-0f21-410f-a49c-ae65500d3103/timeouts 200 2 ms - 14 
[38;5;75m[7f3ffe02][0m[38;5;86m[HTTP][0m [37m-->[39m [37mGET[39m [37m/wd/hub/session/7f3ffe02-0f21-410f-a49c-ae65500d3103/window/rect[39m {}
[38;5;75m[7f3ffe02][0m[38;5;86m[HTTP][0m <-- GET /wd/hub/session/7f3ffe02-0f21-410f-a49c-ae65500d3103/window/rect 200 11 ms - 50 
[38;5;75m[7f3ffe02][0m[38;5;86m[HTTP][0m [37m-->[39m [37mPOST[39m [37m/wd/hub/session/7f3ffe02-0f21-410f-a49c-ae65500d3103/elements[39m {"using":"xpath","value":"//*[@class = 'android.widget.EditText' and (@text = '' or . = '')]"}
[38;5;75m[7f3ffe02][0m[38;5;86m[HTTP][0m <-- POST /wd/hub/session/7f3ffe02-0f21-410f-a49c-ae65500d3103/elements 200 82 ms - 139 
[38;5;75m[7f3ffe02][0m[38;5;86m[HTTP][0m [37m-->[39m [37mGET[39m [37m/wd/hub/session/7f3ffe02-0f21-410f-a49c-ae65500d3103/element/00000000-0000-0025-0000-010900000007/rect[39m {}
[38;5;75m[7f3ffe02][0m[38;5;-46m[AndroidUiautomator2Driver@2c17][0m Driver proxy active, passing request on via HTTP proxy
[38;5;75m[7f3ffe02][0m[38;5;-46m[AndroidUiautomator2Driver@2c17][0m Replacing sessionId 117395a1-bc04-4e6a-8511-cf747e33f97f with 7f3ffe02-0f21-410f-a49c-ae65500d3103
[38;5;75m[7f3ffe02][0m[38;5;86m[HTTP][0m <-- GET /wd/hub/session/7f3ffe02-0f21-410f-a49c-ae65500d3103/element/00000000-0000-0025-0000-010900000007/rect 200 5 ms - 103 
[38;5;75m[7f3ffe02][0m[38;5;86m[HTTP][0m [37m-->[39m [37mPOST[39m [37m/wd/hub/session/7f3ffe02-0f21-410f-a49c-ae65500d3103/timeouts[39m {"implicit":30000}
[38;5;75m[7f3ffe02][0m[38;5;86m[HTTP][0m <-- POST /wd/hub/session/7f3ffe02-0f21-410f-a49c-ae65500d3103/timeouts 200 0 ms - 14 
[38;5;75m[7f3ffe02][0m[38;5;86m[HTTP][0m [37m-->[39m [37mPOST[39m [37m/wd/hub/session/7f3ffe02-0f21-410f-a49c-ae65500d3103/element/00000000-0000-0025-0000-010900000007/clear[39m {"id":"00000000-0000-0025-0000-010900000007"}
[38;5;75m[7f3ffe02][0m[38;5;86m[HTTP][0m <-- POST /wd/hub/session/7f3ffe02-0f21-410f-a49c-ae65500d3103/element/00000000-0000-0025-0000-010900000007/clear 200 8 ms - 14 
[38;5;75m[7f3ffe02][0m[38;5;86m[HTTP][0m [37m-->[39m [37mPOST[39m [37m/wd/hub/session/7f3ffe02-0f21-410f-a49c-ae65500d3103/element/00000000-0000-0025-0000-010900000007/click[39m {"id":"00000000-0000-0025-0000-010900000007"}
[38;5;75m[7f3ffe02][0m[38;5;86m[HTTP][0m <-- POST /wd/hub/session/7f3ffe02-0f21-410f-a49c-ae65500d3103/element/00000000-0000-0025-0000-010900000007/click 200 34 ms - 14 
[38;5;75m[7f3ffe02][0m[38;5;86m[HTTP][0m [37m-->[39m [37mPOST[39m [37m/wd/hub/session/7f3ffe02-0f21-410f-a49c-ae65500d3103/element/00000000-0000-0025-0000-010900000007/value[39m {"text":"03205198tm@wg.com","id":"00000000-0000-0025-0000-010900000007","value":["0","3","2","0","5","1","9","8","t","m","@","w","g",".","c","o","m"]}
[38;5;75m[7f3ffe02][0m[38;5;86m[HTTP][0m <-- POST /wd/hub/session/7f3ffe02-0f21-410f-a49c-ae65500d3103/element/00000000-0000-0025-0000-010900000007/value 200 24 ms - 14 
[38;5;75m[7f3ffe02][0m[38;5;86m[HTTP][0m [37m-->[39m [37mGET[39m [37m/wd/hub/session/7f3ffe02-0f21-410f-a49c-ae65500d3103/context[39m {}
[38;5;75m[7f3ffe02][0m[38;5;86m[HTTP][0m <-- GET /wd/hub/session/7f3ffe02-0f21-410f-a49c-ae65500d3103/context 200 0 ms - 22 
[38;5;75m[7f3ffe02][0m[38;5;86m[HTTP][0m [37m-->[39m [37mGET[39m [37m/wd/hub/session/7f3ffe02-0f21-410f-a49c-ae65500d3103/contexts[39m {}
[38;5;75m[7f3ffe02][0m[38;5;86m[HTTP][0m <-- GET /wd/hub/session/7f3ffe02-0f21-410f-a49c-ae65500d3103/contexts 200 173 ms - 41 
[38;5;75m[7f3ffe02][0m[38;5;86m[HTTP][0m [37m-->[39m [37mPOST[39m [37m/wd/hub/session/7f3ffe02-0f21-410f-a49c-ae65500d3103/context[39m {"name":"NATIVE_APP"}
[38;5;75m[7f3ffe02][0m[38;5;86m[HTTP][0m <-- POST /wd/hub/session/7f3ffe02-0f21-410f-a49c-ae65500d3103/context 200 0 ms - 14 
[38;5;75m[7f3ffe02][0m[38;5;86m[HTTP][0m [37m-->[39m [37mPOST[39m [37m/wd/hub/session/7f3ffe02-0f21-410f-a49c-ae65500d3103/execute/sync[39m {"script":"mobile: hideKeyboard","args":[]}
[38;5;75m[7f3ffe02][0m[38;5;86m[HTTP][0m <-- POST /wd/hub/session/7f3ffe02-0f21-410f-a49c-ae65500d3103/execute/sync 200 419 ms - 14 
[38;5;75m[7f3ffe02][0m[38;5;86m[HTTP][0m [37m-->[39m [37mPOST[39m [37m/wd/hub/session/7f3ffe02-0f21-410f-a49c-ae65500d3103/context[39m {"name":"NATIVE_APP"}
[38;5;75m[7f3ffe02][0m[38;5;86m[HTTP][0m <-- POST /wd/hub/session/7f3ffe02-0f21-410f-a49c-ae65500d3103/context 200 0 ms - 14 
[38;5;75m[7f3ffe02][0m[38;5;86m[HTTP][0m [37m-->[39m [37mPOST[39m [37m/wd/hub/session/7f3ffe02-0f21-410f-a49c-ae65500d3103/timeouts[39m {"implicit":50}
[38;5;75m[7f3ffe02][0m[38;5;86m[HTTP][0m <-- POST /wd/hub/session/7f3ffe02-0f21-410f-a49c-ae65500d3103/timeouts 200 1 ms - 14 
[38;5;75m[7f3ffe02][0m[38;5;86m[HTTP][0m [37m-->[39m [37mGET[39m [37m/wd/hub/session/7f3ffe02-0f21-410f-a49c-ae65500d3103/window/rect[39m {}
[38;5;75m[7f3ffe02][0m[38;5;-46m[AndroidUiautomator2Driver@2c17][0m socket hang up
[38;5;75m[7f3ffe02][0m[38;5;86m[HTTP][0m <-- GET /wd/hub/session/7f3ffe02-0f21-410f-a49c-ae65500d3103/window/rect 500 9 ms - 899 
[38;5;75m[7f3ffe02][0m[38;5;86m[HTTP][0m [37m-->[39m [37mPOST[39m [37m/wd/hub/session/7f3ffe02-0f21-410f-a49c-ae65500d3103/timeouts[39m {"implicit":30000}
[38;5;75m[7f3ffe02][0m[38;5;86m[HTTP][0m <-- POST /wd/hub/session/7f3ffe02-0f21-410f-a49c-ae65500d3103/timeouts 200 1 ms - 14 
[38;5;75m[7f3ffe02][0m[38;5;86m[HTTP][0m [37m-->[39m [37mGET[39m [37m/wd/hub/session/7f3ffe02-0f21-410f-a49c-ae65500d3103/context[39m {}
[38;5;75m[7f3ffe02][0m[38;5;86m[HTTP][0m <-- GET /wd/hub/session/7f3ffe02-0f21-410f-a49c-ae65500d3103/context 200 0 ms - 22 
[38;5;75m[7f3ffe02][0m[38;5;86m[HTTP][0m [37m-->[39m [37mGET[39m [37m/wd/hub/session/7f3ffe02-0f21-410f-a49c-ae65500d3103/contexts[39m {}
[38;5;75m[7f3ffe02][0m[38;5;86m[HTTP][0m <-- GET /wd/hub/session/7f3ffe02-0f21-410f-a49c-ae65500d3103/contexts 200 181 ms - 41 
[38;5;75m[7f3ffe02][0m[38;5;86m[HTTP][0m [37m-->[39m [37mPOST[39m [37m/wd/hub/session/7f3ffe02-0f21-410f-a49c-ae65500d3103/context[39m {"name":"NATIVE_APP"}
[38;5;75m[7f3ffe02][0m[38;5;86m[HTTP][0m <-- POST /wd/hub/session/7f3ffe02-0f21-410f-a49c-ae65500d3103/context 200 0 ms - 14 
[38;5;75m[7f3ffe02][0m[38;5;86m[HTTP][0m [37m-->[39m [37mGET[39m [37m/wd/hub/session/7f3ffe02-0f21-410f-a49c-ae65500d3103/screenshot[39m {}
[38;5;75m[7f3ffe02][0m[38;5;86m[HTTP][0m <-- GET /wd/hub/session/7f3ffe02-0f21-410f-a49c-ae65500d3103/screenshot 500 1 ms - 986 
[38;5;75m[7f3ffe02][0m[38;5;86m[HTTP][0m [37m-->[39m [37mPOST[39m [37m/wd/hub/session/7f3ffe02-0f21-410f-a49c-ae65500d3103/context[39m {"name":"NATIVE_APP"}
[38;5;75m[7f3ffe02][0m[38;5;86m[HTTP][0m <-- POST /wd/hub/session/7f3ffe02-0f21-410f-a49c-ae65500d3103/context 200 1 ms - 14 
[38;5;86m[HTTP][0m [37m-->[39m [37mGET[39m [37m/wd/hub/status[39m {}
[38;5;86m[HTTP][0m <-- GET /wd/hub/status 200 0 ms - 200 
[38;5;86m[HTTP][0m [37m-->[39m [37mPOST[39m [37m/wd/hub/session[39m {"capabilities":{"firstMatch":[{"appium:app":"/Users/gv.vignesh/Downloads/WGR-Android-Automation/App Folder/universal.apk","appium:autoGrantPermissions":true,"appium:automationName":"uiautomator2","appium:deviceId":"","appium:deviceName":"emulator-5554 (sdk_gphone64_arm64 - Android 15)","appium:fullReset":true,"appium:newCommandTimeout":1800,"appium:noReset":false,"appium:platformName":"ANDROID","appium:platformVersion":"15","appium:systemPort":54406,"appium:udid":"emulator-5554","platformName":"ANDROID"}]},"desiredCapabilities":{"appium:app":"/Users/gv.vignesh/Downloads/WGR-Android-Automation/App Folder/universal.apk","appium:autoGrantPermissions":true,"appium:automationName":"uiautomator2","appium:deviceId":"","appium:deviceName":"emulator-5554 (sdk_gphone64_arm64 - Android 15)","appium:fullReset":true,"appium:newCommandTimeout":1800,"appium:noReset":false,"appium:platformName":"ANDROID","appium:platformVersion":"15","appium:systemPort":54406,"appium:udid":"emulator-5554"}}
[38;5;123m[BaseDriver][0m Ignoring capability 'appium:platformName=ANDROID' and using capability 'platformName=ANDROID'
[38;5;123m[BaseDriver][0m The capabilities ["platformName"] are standard capabilities and do not require "appium:" prefix
[38;5;112m[Appium][0m Attempting to find matching driver for automationName 'uiautomator2' and platformName 'ANDROID'
[38;5;112m[Appium][0m The 'uiautomator2' driver was installed and matched caps.
[38;5;112m[Appium][0m Will require it at /Users/gv.vignesh/.appium/node_modules/appium-uiautomator2-driver
[38;5;78m[AppiumDriver@8dd8][0m Appium v2.17.1 creating new AndroidUiautomator2Driver (v4.1.5) session
[38;5;78m[AppiumDriver@8dd8][0m Checking BaseDriver versions for Appium and AndroidUiautomator2Driver
[38;5;78m[AppiumDriver@8dd8][0m Appium's BaseDriver version is 9.16.4
[38;5;78m[AppiumDriver@8dd8][0m AndroidUiautomator2Driver's BaseDriver version is 9.16.4
[38;5;-99m[AndroidUiautomator2Driver@10cb][0m The following provided capabilities were not recognized by this driver:
[38;5;-99m[AndroidUiautomator2Driver@10cb][0m   deviceId
[38;5;170m[9a0a6ab2][0m[38;5;-99m[AndroidUiautomator2Driver@10cb][0m Session created with session id: 9a0a6ab2-e7d8-4b07-a20c-e4db405c801d
[38;5;170m[9a0a6ab2][0m[38;5;229m[ADB][0m Using 'adb' from '/Users/gv.vignesh/.katalon/tools/android_sdk/platform-tools/adb'
[38;5;170m[9a0a6ab2][0m[38;5;-99m[AndroidUiautomator2Driver@10cb][0m Retrieving device list
[38;5;170m[9a0a6ab2][0m[38;5;-99m[AndroidUiautomator2Driver@10cb][0m Using device: emulator-5554
[38;5;170m[9a0a6ab2][0m[38;5;229m[ADB][0m Using 'adb' from '/Users/gv.vignesh/.katalon/tools/android_sdk/platform-tools/adb'
[38;5;170m[9a0a6ab2][0m[38;5;123m[BaseDriver][0m Using local app '/Users/gv.vignesh/Downloads/WGR-Android-Automation/App Folder/universal.apk'
[38;5;170m[9a0a6ab2][0m[38;5;229m[ADB][0m Getting device platform version
[38;5;170m[9a0a6ab2][0m[38;5;-99m[AndroidUiautomator2Driver@10cb][0m Relaxing hidden api policy
[38;5;170m[9a0a6ab2][0m[38;5;229m[ADB][0m Using 'aapt2' from '/Users/gv.vignesh/.katalon/tools/android_sdk/build-tools/29.0.3/aapt2'
[38;5;170m[9a0a6ab2][0m[38;5;229m[ADB][0m Package name: 'com.westgate.rewrite2'
[38;5;170m[9a0a6ab2][0m[38;5;229m[ADB][0m Main activity name: 'com.westgate.rewrite2.MainActivity'
[38;5;170m[9a0a6ab2][0m[38;5;-99m[AndroidUiautomator2Driver@10cb][0m Server packages are not going to be (re)installed
[38;5;170m[9a0a6ab2][0m[38;5;229m[ADB][0m com.westgate.rewrite2 was not uninstalled, because it was not present on the device
[38;5;170m[9a0a6ab2][0m[38;5;229m[ADB][0m Adding packages ["io.appium.settings","io.appium.uiautomator2.server","io.appium.uiautomator2.server.test"] to Doze whitelist
[38;5;170m[9a0a6ab2][0m[38;5;229m[ADB][0m The application at '/Users/gv.vignesh/Downloads/WGR-Android-Automation/App Folder/universal.apk' will not be cached, because the device under test has confirmed the support of streamed installs
[38;5;170m[9a0a6ab2][0m[38;5;229m[ADB][0m The installation of 'universal.apk' took 749ms
[38;5;170m[9a0a6ab2][0m[38;5;-99m[AndroidUiautomator2Driver@10cb][0m Starting UIAutomator2 server 7.3.0
[38;5;170m[9a0a6ab2][0m[38;5;-99m[AndroidUiautomator2Driver@10cb][0m Using UIAutomator2 server from '/Users/gv.vignesh/.appium/node_modules/appium-uiautomator2-driver/node_modules/appium-uiautomator2-server/apks/appium-uiautomator2-server-v7.3.0.apk' and test from '/Users/gv.vignesh/.appium/node_modules/appium-uiautomator2-driver/node_modules/appium-uiautomator2-server/apks/appium-uiautomator2-server-debug-androidTest.apk'
[38;5;170m[9a0a6ab2][0m[38;5;-99m[AndroidUiautomator2Driver@10cb][0m Waiting up to 30000ms for UiAutomator2 to be online...
[38;5;170m[9a0a6ab2][0m[38;5;-99m[AndroidUiautomator2Driver@10cb][0m socket hang up
[38;5;170m[9a0a6ab2][0m[38;5;-99m[AndroidUiautomator2Driver@10cb][0m Determined the downstream protocol as 'W3C'
[38;5;170m[9a0a6ab2][0m[38;5;-99m[AndroidUiautomator2Driver@10cb][0m Screen already unlocked, doing nothing
[38;5;170m[9a0a6ab2][0m[38;5;-99m[AndroidUiautomator2Driver@10cb][0m Starting 'com.westgate.rewrite2/com.westgate.rewrite2.MainActivity' and waiting for 'com.westgate.rewrite2/com.westgate.rewrite2.MainActivity'
[38;5;170m[9a0a6ab2][0m[38;5;78m[AppiumDriver@8dd8][0m New AndroidUiautomator2Driver session created successfully, session 9a0a6ab2-e7d8-4b07-a20c-e4db405c801d added to master session list
[38;5;170m[9a0a6ab2][0m[38;5;86m[HTTP][0m <-- POST /wd/hub/session 200 4168 ms - 1352 
[38;5;86m[HTTP][0m [37m-->[39m [37mGET[39m [37m/wd/hub/status[39m {}
[38;5;86m[HTTP][0m <-- GET /wd/hub/status 200 1 ms - 200 
[38;5;170m[9a0a6ab2][0m[38;5;86m[HTTP][0m [37m-->[39m [37mPOST[39m [37m/wd/hub/session/9a0a6ab2-e7d8-4b07-a20c-e4db405c801d/timeouts[39m {"implicit":30000}
[38;5;170m[9a0a6ab2][0m[38;5;86m[HTTP][0m <-- POST /wd/hub/session/9a0a6ab2-e7d8-4b07-a20c-e4db405c801d/timeouts 200 1 ms - 14 
[38;5;170m[9a0a6ab2][0m[38;5;86m[HTTP][0m [37m-->[39m [37mPOST[39m [37m/wd/hub/session/9a0a6ab2-e7d8-4b07-a20c-e4db405c801d/execute/sync[39m {"script":"mobile: getSystemBars","args":[]}
[38;5;170m[9a0a6ab2][0m[38;5;-99m[AndroidUiautomator2Driver@10cb][0m No windows have been found whose title matches to 'NavigationBar'. Assuming it is invisible. Only the following windows are available: ScreenDecorOverlayBottom,ScreenDecorOverlay,EdgeBackGestureHandler0,Taskbar,NotificationShade,StatusBar,ShellDropTarget,InputMethod
[38;5;170m[9a0a6ab2][0m[38;5;86m[HTTP][0m <-- POST /wd/hub/session/9a0a6ab2-e7d8-4b07-a20c-e4db405c801d/execute/sync 200 78 ms - 145 
[38;5;170m[9a0a6ab2][0m[38;5;86m[HTTP][0m [37m-->[39m [37mPOST[39m [37m/wd/hub/session/9a0a6ab2-e7d8-4b07-a20c-e4db405c801d/timeouts[39m {"implicit":50}
[38;5;170m[9a0a6ab2][0m[38;5;86m[HTTP][0m <-- POST /wd/hub/session/9a0a6ab2-e7d8-4b07-a20c-e4db405c801d/timeouts 200 2 ms - 14 
[38;5;170m[9a0a6ab2][0m[38;5;86m[HTTP][0m [37m-->[39m [37mGET[39m [37m/wd/hub/session/9a0a6ab2-e7d8-4b07-a20c-e4db405c801d/window/rect[39m {}
[38;5;170m[9a0a6ab2][0m[38;5;86m[HTTP][0m <-- GET /wd/hub/session/9a0a6ab2-e7d8-4b07-a20c-e4db405c801d/window/rect 200 11 ms - 50 
[38;5;170m[9a0a6ab2][0m[38;5;86m[HTTP][0m [37m-->[39m [37mPOST[39m [37m/wd/hub/session/9a0a6ab2-e7d8-4b07-a20c-e4db405c801d/elements[39m {"using":"xpath","value":"//*[@class = 'android.widget.Button' and (@text = 'Login or Sign Up' or . = 'Login or Sign Up')]"}
[38;5;170m[9a0a6ab2][0m[38;5;86m[HTTP][0m <-- POST /wd/hub/session/9a0a6ab2-e7d8-4b07-a20c-e4db405c801d/elements 200 187 ms - 139 
[38;5;170m[9a0a6ab2][0m[38;5;86m[HTTP][0m [37m-->[39m [37mGET[39m [37m/wd/hub/session/9a0a6ab2-e7d8-4b07-a20c-e4db405c801d/element/00000000-0000-0031-0000-00dd00000007/rect[39m {}
[38;5;170m[9a0a6ab2][0m[38;5;-99m[AndroidUiautomator2Driver@10cb][0m Driver proxy active, passing request on via HTTP proxy
[38;5;170m[9a0a6ab2][0m[38;5;-99m[AndroidUiautomator2Driver@10cb][0m Replacing sessionId 1eea5b07-8e9e-479c-af1a-4713e23889c2 with 9a0a6ab2-e7d8-4b07-a20c-e4db405c801d
[38;5;170m[9a0a6ab2][0m[38;5;86m[HTTP][0m <-- GET /wd/hub/session/9a0a6ab2-e7d8-4b07-a20c-e4db405c801d/element/00000000-0000-0031-0000-00dd00000007/rect 200 11 ms - 103 
[38;5;170m[9a0a6ab2][0m[38;5;86m[HTTP][0m [37m-->[39m [37mPOST[39m [37m/wd/hub/session/9a0a6ab2-e7d8-4b07-a20c-e4db405c801d/timeouts[39m {"implicit":30000}
[38;5;170m[9a0a6ab2][0m[38;5;86m[HTTP][0m <-- POST /wd/hub/session/9a0a6ab2-e7d8-4b07-a20c-e4db405c801d/timeouts 200 1 ms - 14 
[38;5;170m[9a0a6ab2][0m[38;5;86m[HTTP][0m [37m-->[39m [37mPOST[39m [37m/wd/hub/session/9a0a6ab2-e7d8-4b07-a20c-e4db405c801d/element/00000000-0000-0031-0000-00dd00000007/click[39m {"id":"00000000-0000-0031-0000-00dd00000007"}
[38;5;170m[9a0a6ab2][0m[38;5;86m[HTTP][0m <-- POST /wd/hub/session/9a0a6ab2-e7d8-4b07-a20c-e4db405c801d/element/00000000-0000-0031-0000-00dd00000007/click 200 56 ms - 14 
[38;5;54m[bb8b9e9a][0m[38;5;-19m[AndroidUiautomator2Driver@cb2a][0m Shutting down because we waited 1800 seconds for a command
[38;5;54m[bb8b9e9a][0m[38;5;78m[AppiumDriver@8dd8][0m Ending session, cause was 'New Command Timeout of 1800 seconds expired. Try customizing the timeout using the 'newCommandTimeout' desired capability'
[38;5;54m[bb8b9e9a][0m[38;5;78m[AppiumDriver@8dd8][0m Removing session 'bb8b9e9a-137a-44f6-a4bc-8c6cdfe47a82' from our master session list
[38;5;54m[bb8b9e9a][0m[38;5;-19m[AndroidUiautomator2Driver@cb2a][0m Did not get the confirmation of UiAutomator2 server session deletion. Original error: An unknown server-side error occurred while processing the command. Original error: 'DELETE /' cannot be proxied to UiAutomator2 server because the instrumentation process is not running (probably crashed). Check the server log and/or the logcat output for more details
[38;5;54m[bb8b9e9a][0m[38;5;-19m[AndroidUiautomator2Driver@cb2a][0m The UIA2 server did has not been terminated within 5000ms timeout. Continuing anyway
[38;5;54m[bb8b9e9a][0m[38;5;229m[ADB][0m com.westgate.rewrite2 was successfully uninstalled
[38;5;54m[bb8b9e9a][0m[38;5;-19m[AndroidUiautomator2Driver@cb2a][0m Unable to remove system port forward: Error executing adbExec. Original error: 'Command '/Users/gv.vignesh/.katalon/tools/android_sdk/platform-tools/adb -P 5037 -s emulator-5554 forward --remove tcp\:53891' exited with code 1'; Command output: adb: error: listener 'tcp:53891' not found

[38;5;54m[bb8b9e9a][0m[38;5;-19m[AndroidUiautomator2Driver@cb2a][0m Restoring hidden api policy to the device default configuration
[38;5;75m[7f3ffe02][0m[38;5;-46m[AndroidUiautomator2Driver@2c17][0m Shutting down because we waited 1800 seconds for a command
[38;5;75m[7f3ffe02][0m[38;5;78m[AppiumDriver@8dd8][0m Ending session, cause was 'New Command Timeout of 1800 seconds expired. Try customizing the timeout using the 'newCommandTimeout' desired capability'
[38;5;75m[7f3ffe02][0m[38;5;78m[AppiumDriver@8dd8][0m Removing session '7f3ffe02-0f21-410f-a49c-ae65500d3103' from our master session list
[38;5;75m[7f3ffe02][0m[38;5;-46m[AndroidUiautomator2Driver@2c17][0m Did not get the confirmation of UiAutomator2 server session deletion. Original error: An unknown server-side error occurred while processing the command. Original error: 'DELETE /' cannot be proxied to UiAutomator2 server because the instrumentation process is not running (probably crashed). Check the server log and/or the logcat output for more details
[38;5;75m[7f3ffe02][0m[38;5;-46m[AndroidUiautomator2Driver@2c17][0m The UIA2 server did has not been terminated within 5000ms timeout. Continuing anyway
[38;5;75m[7f3ffe02][0m[38;5;229m[ADB][0m com.westgate.rewrite2 was successfully uninstalled
[38;5;75m[7f3ffe02][0m[38;5;-46m[AndroidUiautomator2Driver@2c17][0m Unable to remove system port forward: Error executing adbExec. Original error: 'Command '/Users/gv.vignesh/.katalon/tools/android_sdk/platform-tools/adb -P 5037 -s emulator-5554 forward --remove tcp\:54171' exited with code 1'; Command output: adb: error: listener 'tcp:54171' not found

[38;5;75m[7f3ffe02][0m[38;5;-46m[AndroidUiautomator2Driver@2c17][0m Restoring hidden api policy to the device default configuration
[38;5;170m[9a0a6ab2][0m[38;5;-99m[AndroidUiautomator2Driver@10cb][0m Shutting down because we waited 1800 seconds for a command
[38;5;170m[9a0a6ab2][0m[38;5;78m[AppiumDriver@8dd8][0m Ending session, cause was 'New Command Timeout of 1800 seconds expired. Try customizing the timeout using the 'newCommandTimeout' desired capability'
[38;5;170m[9a0a6ab2][0m[38;5;78m[AppiumDriver@8dd8][0m Removing session '9a0a6ab2-e7d8-4b07-a20c-e4db405c801d' from our master session list
[38;5;170m[9a0a6ab2][0m[38;5;-99m[AndroidUiautomator2Driver@10cb][0m Did not get the confirmation of UiAutomator2 server session deletion. Original error: An unknown server-side error occurred while processing the command. Original error: 'DELETE /' cannot be proxied to UiAutomator2 server because the instrumentation process is not running (probably crashed). Check the server log and/or the logcat output for more details
[38;5;170m[9a0a6ab2][0m[38;5;-99m[AndroidUiautomator2Driver@10cb][0m The UIA2 server did has not been terminated within 5000ms timeout. Continuing anyway
[38;5;170m[9a0a6ab2][0m[38;5;229m[ADB][0m com.westgate.rewrite2 was successfully uninstalled
[38;5;170m[9a0a6ab2][0m[38;5;-99m[AndroidUiautomator2Driver@10cb][0m Unable to remove system port forward: Error executing adbExec. Original error: 'Command '/Users/gv.vignesh/.katalon/tools/android_sdk/platform-tools/adb -P 5037 -s emulator-5554 forward --remove tcp\:54406' exited with code 1'; Command output: adb: error: listener 'tcp:54406' not found

[38;5;170m[9a0a6ab2][0m[38;5;-99m[AndroidUiautomator2Driver@10cb][0m Restoring hidden api policy to the device default configuration
[38;5;112m[Appium][0m Received SIGTERM - shutting down
[38;5;86m[HTTP][0m Closing Appium HTTP server
[38;5;86m[HTTP][0m Appium HTTP server has been succesfully closed after 43ms
