[38;5;112m[Appium][0m Welcome to Appium v2.17.1 (REV 9b1efcd944408db0bd85f82fe4724ccae04a812f)
[38;5;112m[Appium][0m Non-default server args:
[38;5;112m[Appium][0m { basePath: [32m'/wd/hub'[39m, loglevel: [32m'info'[39m, port: [33m52060[39m }
[38;5;112m[Appium][0m Attempting to load driver uiautomator2...
[38;5;112m[Appium][0m Appium REST http interface listener started on http://0.0.0.0:52060/wd/hub
[38;5;112m[Appium][0m You can provide the following URLs in your client code to connect to this server:
	http://127.0.0.1:52060/wd/hub (only accessible from the same host)
	http://192.168.0.101:52060/wd/hub
[38;5;112m[Appium][0m Available drivers:
[38;5;112m[Appium][0m   - uiautomator2@4.1.5 (automationName 'UiAutomator2')
[38;5;112m[Appium][0m No plugins have been installed. Use the "appium plugin" command to install the one(s) you want to use.
[38;5;86m[HTTP][0m [37m-->[39m [37mGET[39m [37m/wd/hub/status[39m {}
[38;5;86m[HTTP][0m <-- GET /wd/hub/status 200 5 ms - 200 
[38;5;86m[HTTP][0m [37m-->[39m [37mPOST[39m [37m/wd/hub/session[39m {"capabilities":{"firstMatch":[{"appium:app":"/Users/gv.vignesh/Downloads/WGR-Android-Automation/App Folder/universal.apk","appium:autoGrantPermissions":true,"appium:automationName":"uiautomator2","appium:deviceId":"","appium:deviceName":"Xiaomi 23076PC4BI (Android 15)","appium:fullReset":true,"appium:newCommandTimeout":1800,"appium:noReset":false,"appium:platformName":"ANDROID","appium:platformVersion":"15","appium:systemPort":52059,"appium:udid":"a6e538dc5180","platformName":"ANDROID"}]},"desiredCapabilities":{"appium:app":"/Users/gv.vignesh/Downloads/WGR-Android-Automation/App Folder/universal.apk","appium:autoGrantPermissions":true,"appium:automationName":"uiautomator2","appium:deviceId":"","appium:deviceName":"Xiaomi 23076PC4BI (Android 15)","appium:fullReset":true,"appium:newCommandTimeout":1800,"appium:noReset":false,"appium:platformName":"ANDROID","appium:platformVersion":"15","appium:systemPort":52059,"appium:udid":"a6e538dc5180"}}
[38;5;123m[BaseDriver][0m Ignoring capability 'appium:platformName=ANDROID' and using capability 'platformName=ANDROID'
[38;5;123m[BaseDriver][0m The capabilities ["platformName"] are standard capabilities and do not require "appium:" prefix
[38;5;112m[Appium][0m Attempting to find matching driver for automationName 'uiautomator2' and platformName 'ANDROID'
[38;5;112m[Appium][0m The 'uiautomator2' driver was installed and matched caps.
[38;5;112m[Appium][0m Will require it at /Users/gv.vignesh/.appium/node_modules/appium-uiautomator2-driver
[38;5;142m[AppiumDriver@a883][0m Appium v2.17.1 creating new AndroidUiautomator2Driver (v4.1.5) session
[38;5;142m[AppiumDriver@a883][0m Checking BaseDriver versions for Appium and AndroidUiautomator2Driver
[38;5;142m[AppiumDriver@a883][0m Appium's BaseDriver version is 9.16.4
[38;5;142m[AppiumDriver@a883][0m AndroidUiautomator2Driver's BaseDriver version is 9.16.4
[38;5;-10m[AndroidUiautomator2Driver@569c][0m The following provided capabilities were not recognized by this driver:
[38;5;-10m[AndroidUiautomator2Driver@569c][0m   deviceId
[38;5;76m[274dd7ff][0m[38;5;-10m[AndroidUiautomator2Driver@569c][0m Session created with session id: 274dd7ff-3a08-4317-96df-599dd1ec393c
[38;5;76m[274dd7ff][0m[38;5;229m[ADB][0m Found 1 'build-tools' folders under '/Users/gv.vignesh/.katalon/tools/android_sdk' (newest first):
[38;5;76m[274dd7ff][0m[38;5;229m[ADB][0m     /Users/gv.vignesh/.katalon/tools/android_sdk/build-tools/29.0.3
[38;5;76m[274dd7ff][0m[38;5;229m[ADB][0m Using 'adb' from '/Users/gv.vignesh/.katalon/tools/android_sdk/platform-tools/adb'
[38;5;76m[274dd7ff][0m[38;5;-10m[AndroidUiautomator2Driver@569c][0m Retrieving device list
[38;5;76m[274dd7ff][0m[38;5;-10m[AndroidUiautomator2Driver@569c][0m Using device: a6e538dc5180
[38;5;76m[274dd7ff][0m[38;5;229m[ADB][0m Using 'adb' from '/Users/gv.vignesh/.katalon/tools/android_sdk/platform-tools/adb'
[38;5;76m[274dd7ff][0m[38;5;123m[BaseDriver][0m Using local app '/Users/gv.vignesh/Downloads/WGR-Android-Automation/App Folder/universal.apk'
[38;5;76m[274dd7ff][0m[38;5;229m[ADB][0m Getting device platform version
[38;5;76m[274dd7ff][0m[38;5;-10m[AndroidUiautomator2Driver@569c][0m Relaxing hidden api policy
[38;5;76m[274dd7ff][0m[38;5;229m[ADB][0m Using 'aapt2' from '/Users/gv.vignesh/.katalon/tools/android_sdk/build-tools/29.0.3/aapt2'
[38;5;76m[274dd7ff][0m[38;5;229m[ADB][0m Package name: 'com.westgate.rewrite2'
[38;5;76m[274dd7ff][0m[38;5;229m[ADB][0m Main activity name: 'com.westgate.rewrite2.MainActivity'
[38;5;76m[274dd7ff][0m[38;5;-10m[AndroidUiautomator2Driver@569c][0m Restoring hidden api policy to the device default configuration
[38;5;76m[274dd7ff][0m[38;5;86m[HTTP][0m <-- POST /wd/hub/session 500 909 ms - 10138 
[38;5;86m[HTTP][0m [37m-->[39m [37mGET[39m [37m/wd/hub/status[39m {}
[38;5;86m[HTTP][0m <-- GET /wd/hub/status 200 0 ms - 200 
[38;5;86m[HTTP][0m [37m-->[39m [37mPOST[39m [37m/wd/hub/session[39m {"capabilities":{"firstMatch":[{"appium:app":"/Users/gv.vignesh/Downloads/WGR-Android-Automation/App Folder/universal.apk","appium:autoGrantPermissions":true,"appium:automationName":"uiautomator2","appium:deviceId":"","appium:deviceName":"Xiaomi 23076PC4BI (Android 15)","appium:fullReset":true,"appium:newCommandTimeout":1800,"appium:noReset":false,"appium:platformName":"ANDROID","appium:platformVersion":"15","appium:systemPort":52104,"appium:udid":"a6e538dc5180","platformName":"ANDROID"}]},"desiredCapabilities":{"appium:app":"/Users/gv.vignesh/Downloads/WGR-Android-Automation/App Folder/universal.apk","appium:autoGrantPermissions":true,"appium:automationName":"uiautomator2","appium:deviceId":"","appium:deviceName":"Xiaomi 23076PC4BI (Android 15)","appium:fullReset":true,"appium:newCommandTimeout":1800,"appium:noReset":false,"appium:platformName":"ANDROID","appium:platformVersion":"15","appium:systemPort":52104,"appium:udid":"a6e538dc5180"}}
[38;5;123m[BaseDriver][0m Ignoring capability 'appium:platformName=ANDROID' and using capability 'platformName=ANDROID'
[38;5;123m[BaseDriver][0m The capabilities ["platformName"] are standard capabilities and do not require "appium:" prefix
[38;5;112m[Appium][0m Attempting to find matching driver for automationName 'uiautomator2' and platformName 'ANDROID'
[38;5;112m[Appium][0m The 'uiautomator2' driver was installed and matched caps.
[38;5;112m[Appium][0m Will require it at /Users/gv.vignesh/.appium/node_modules/appium-uiautomator2-driver
[38;5;142m[AppiumDriver@a883][0m Appium v2.17.1 creating new AndroidUiautomator2Driver (v4.1.5) session
[38;5;142m[AppiumDriver@a883][0m Checking BaseDriver versions for Appium and AndroidUiautomator2Driver
[38;5;142m[AppiumDriver@a883][0m Appium's BaseDriver version is 9.16.4
[38;5;142m[AppiumDriver@a883][0m AndroidUiautomator2Driver's BaseDriver version is 9.16.4
[38;5;-148m[AndroidUiautomator2Driver@295a][0m The following provided capabilities were not recognized by this driver:
[38;5;-148m[AndroidUiautomator2Driver@295a][0m   deviceId
[38;5;93m[c9178245][0m[38;5;-148m[AndroidUiautomator2Driver@295a][0m Session created with session id: c9178245-7d6e-4bca-8709-ace1b85ff144
[38;5;93m[c9178245][0m[38;5;229m[ADB][0m Using 'adb' from '/Users/gv.vignesh/.katalon/tools/android_sdk/platform-tools/adb'
[38;5;93m[c9178245][0m[38;5;-148m[AndroidUiautomator2Driver@295a][0m Retrieving device list
[38;5;93m[c9178245][0m[38;5;-148m[AndroidUiautomator2Driver@295a][0m Using device: a6e538dc5180
[38;5;93m[c9178245][0m[38;5;229m[ADB][0m Using 'adb' from '/Users/gv.vignesh/.katalon/tools/android_sdk/platform-tools/adb'
[38;5;93m[c9178245][0m[38;5;123m[BaseDriver][0m Using local app '/Users/gv.vignesh/Downloads/WGR-Android-Automation/App Folder/universal.apk'
[38;5;93m[c9178245][0m[38;5;229m[ADB][0m Getting device platform version
[38;5;93m[c9178245][0m[38;5;-148m[AndroidUiautomator2Driver@295a][0m Relaxing hidden api policy
[38;5;93m[c9178245][0m[38;5;229m[ADB][0m Using 'aapt2' from '/Users/gv.vignesh/.katalon/tools/android_sdk/build-tools/29.0.3/aapt2'
[38;5;93m[c9178245][0m[38;5;229m[ADB][0m Package name: 'com.westgate.rewrite2'
[38;5;93m[c9178245][0m[38;5;229m[ADB][0m Main activity name: 'com.westgate.rewrite2.MainActivity'
[38;5;93m[c9178245][0m[38;5;-148m[AndroidUiautomator2Driver@295a][0m Restoring hidden api policy to the device default configuration
[38;5;93m[c9178245][0m[38;5;86m[HTTP][0m <-- POST /wd/hub/session 500 882 ms - 10138 
[38;5;86m[HTTP][0m [37m-->[39m [37mGET[39m [37m/wd/hub/status[39m {}
[38;5;86m[HTTP][0m <-- GET /wd/hub/status 200 0 ms - 200 
[38;5;86m[HTTP][0m [37m-->[39m [37mPOST[39m [37m/wd/hub/session[39m {"capabilities":{"firstMatch":[{"appium:app":"/Users/gv.vignesh/Downloads/WGR-Android-Automation/App Folder/app-debug.apk","appium:autoGrantPermissions":true,"appium:automationName":"uiautomator2","appium:deviceId":"","appium:deviceName":"Xiaomi 23076PC4BI (Android 15)","appium:fullReset":true,"appium:newCommandTimeout":1800,"appium:noReset":false,"appium:platformName":"ANDROID","appium:platformVersion":"15","appium:systemPort":52162,"appium:udid":"a6e538dc5180","platformName":"ANDROID"}]},"desiredCapabilities":{"appium:app":"/Users/gv.vignesh/Downloads/WGR-Android-Automation/App Folder/app-debug.apk","appium:autoGrantPermissions":true,"appium:automationName":"uiautomator2","appium:deviceId":"","appium:deviceName":"Xiaomi 23076PC4BI (Android 15)","appium:fullReset":true,"appium:newCommandTimeout":1800,"appium:noReset":false,"appium:platformName":"ANDROID","appium:platformVersion":"15","appium:systemPort":52162,"appium:udid":"a6e538dc5180"}}
[38;5;123m[BaseDriver][0m Ignoring capability 'appium:platformName=ANDROID' and using capability 'platformName=ANDROID'
[38;5;123m[BaseDriver][0m The capabilities ["platformName"] are standard capabilities and do not require "appium:" prefix
[38;5;112m[Appium][0m Attempting to find matching driver for automationName 'uiautomator2' and platformName 'ANDROID'
[38;5;112m[Appium][0m The 'uiautomator2' driver was installed and matched caps.
[38;5;112m[Appium][0m Will require it at /Users/gv.vignesh/.appium/node_modules/appium-uiautomator2-driver
[38;5;142m[AppiumDriver@a883][0m Appium v2.17.1 creating new AndroidUiautomator2Driver (v4.1.5) session
[38;5;142m[AppiumDriver@a883][0m Checking BaseDriver versions for Appium and AndroidUiautomator2Driver
[38;5;142m[AppiumDriver@a883][0m Appium's BaseDriver version is 9.16.4
[38;5;142m[AppiumDriver@a883][0m AndroidUiautomator2Driver's BaseDriver version is 9.16.4
[38;5;-66m[AndroidUiautomator2Driver@dcd6][0m The following provided capabilities were not recognized by this driver:
[38;5;-66m[AndroidUiautomator2Driver@dcd6][0m   deviceId
[38;5;105m[acf0929e][0m[38;5;-66m[AndroidUiautomator2Driver@dcd6][0m Session created with session id: acf0929e-458f-4a7a-90a1-4869a37bf53e
[38;5;105m[acf0929e][0m[38;5;229m[ADB][0m Using 'adb' from '/Users/gv.vignesh/.katalon/tools/android_sdk/platform-tools/adb'
[38;5;105m[acf0929e][0m[38;5;-66m[AndroidUiautomator2Driver@dcd6][0m Retrieving device list
[38;5;105m[acf0929e][0m[38;5;-66m[AndroidUiautomator2Driver@dcd6][0m Using device: a6e538dc5180
[38;5;105m[acf0929e][0m[38;5;229m[ADB][0m Using 'adb' from '/Users/gv.vignesh/.katalon/tools/android_sdk/platform-tools/adb'
[38;5;105m[acf0929e][0m[38;5;123m[BaseDriver][0m Using local app '/Users/gv.vignesh/Downloads/WGR-Android-Automation/App Folder/app-debug.apk'
[38;5;105m[acf0929e][0m[38;5;229m[ADB][0m Getting device platform version
[38;5;105m[acf0929e][0m[38;5;-66m[AndroidUiautomator2Driver@dcd6][0m Relaxing hidden api policy
[38;5;105m[acf0929e][0m[38;5;229m[ADB][0m Using 'aapt2' from '/Users/gv.vignesh/.katalon/tools/android_sdk/build-tools/29.0.3/aapt2'
[38;5;105m[acf0929e][0m[38;5;229m[ADB][0m Package name: 'com.westgate.rewrite2'
[38;5;105m[acf0929e][0m[38;5;229m[ADB][0m Main activity name: 'com.westgate.rewrite2.MainActivity'
[38;5;105m[acf0929e][0m[38;5;-66m[AndroidUiautomator2Driver@dcd6][0m Restoring hidden api policy to the device default configuration
[38;5;105m[acf0929e][0m[38;5;86m[HTTP][0m <-- POST /wd/hub/session 500 751 ms - 10138 
[38;5;86m[HTTP][0m [37m-->[39m [37mGET[39m [37m/wd/hub/status[39m {}
[38;5;86m[HTTP][0m <-- GET /wd/hub/status 200 1 ms - 200 
[38;5;86m[HTTP][0m [37m-->[39m [37mPOST[39m [37m/wd/hub/session[39m {"capabilities":{"firstMatch":[{"appium:app":"/Users/gv.vignesh/Downloads/WGR-Android-Automation/App Folder/universal.apk","appium:autoGrantPermissions":true,"appium:automationName":"uiautomator2","appium:deviceId":"","appium:deviceName":"Xiaomi 23076PC4BI (Android 15)","appium:fullReset":true,"appium:newCommandTimeout":1800,"appium:noReset":false,"appium:platformName":"ANDROID","appium:platformVersion":"15","appium:systemPort":52217,"appium:udid":"a6e538dc5180","platformName":"ANDROID"}]},"desiredCapabilities":{"appium:app":"/Users/gv.vignesh/Downloads/WGR-Android-Automation/App Folder/universal.apk","appium:autoGrantPermissions":true,"appium:automationName":"uiautomator2","appium:deviceId":"","appium:deviceName":"Xiaomi 23076PC4BI (Android 15)","appium:fullReset":true,"appium:newCommandTimeout":1800,"appium:noReset":false,"appium:platformName":"ANDROID","appium:platformVersion":"15","appium:systemPort":52217,"appium:udid":"a6e538dc5180"}}
[38;5;123m[BaseDriver][0m Ignoring capability 'appium:platformName=ANDROID' and using capability 'platformName=ANDROID'
[38;5;123m[BaseDriver][0m The capabilities ["platformName"] are standard capabilities and do not require "appium:" prefix
[38;5;112m[Appium][0m Attempting to find matching driver for automationName 'uiautomator2' and platformName 'ANDROID'
[38;5;112m[Appium][0m The 'uiautomator2' driver was installed and matched caps.
[38;5;112m[Appium][0m Will require it at /Users/gv.vignesh/.appium/node_modules/appium-uiautomator2-driver
[38;5;142m[AppiumDriver@a883][0m Appium v2.17.1 creating new AndroidUiautomator2Driver (v4.1.5) session
[38;5;142m[AppiumDriver@a883][0m Checking BaseDriver versions for Appium and AndroidUiautomator2Driver
[38;5;142m[AppiumDriver@a883][0m Appium's BaseDriver version is 9.16.4
[38;5;142m[AppiumDriver@a883][0m AndroidUiautomator2Driver's BaseDriver version is 9.16.4
[38;5;-103m[AndroidUiautomator2Driver@b589][0m The following provided capabilities were not recognized by this driver:
[38;5;-103m[AndroidUiautomator2Driver@b589][0m   deviceId
[38;5;26m[e8b51298][0m[38;5;-103m[AndroidUiautomator2Driver@b589][0m Session created with session id: e8b51298-4b57-46d2-a095-44fba321aa03
[38;5;26m[e8b51298][0m[38;5;229m[ADB][0m Using 'adb' from '/Users/gv.vignesh/.katalon/tools/android_sdk/platform-tools/adb'
[38;5;26m[e8b51298][0m[38;5;-103m[AndroidUiautomator2Driver@b589][0m Retrieving device list
[38;5;26m[e8b51298][0m[38;5;-103m[AndroidUiautomator2Driver@b589][0m Using device: a6e538dc5180
[38;5;26m[e8b51298][0m[38;5;229m[ADB][0m Using 'adb' from '/Users/gv.vignesh/.katalon/tools/android_sdk/platform-tools/adb'
[38;5;26m[e8b51298][0m[38;5;123m[BaseDriver][0m Using local app '/Users/gv.vignesh/Downloads/WGR-Android-Automation/App Folder/universal.apk'
[38;5;26m[e8b51298][0m[38;5;229m[ADB][0m Getting device platform version
[38;5;26m[e8b51298][0m[38;5;-103m[AndroidUiautomator2Driver@b589][0m Relaxing hidden api policy
[38;5;26m[e8b51298][0m[38;5;229m[ADB][0m Using 'aapt2' from '/Users/gv.vignesh/.katalon/tools/android_sdk/build-tools/29.0.3/aapt2'
[38;5;26m[e8b51298][0m[38;5;229m[ADB][0m Package name: 'com.westgate.rewrite2'
[38;5;26m[e8b51298][0m[38;5;229m[ADB][0m Main activity name: 'com.westgate.rewrite2.MainActivity'
[38;5;26m[e8b51298][0m[38;5;-103m[AndroidUiautomator2Driver@b589][0m Restoring hidden api policy to the device default configuration
[38;5;26m[e8b51298][0m[38;5;86m[HTTP][0m <-- POST /wd/hub/session 500 1213 ms - 10138 
[38;5;86m[HTTP][0m [37m-->[39m [37mGET[39m [37m/wd/hub/status[39m {}
[38;5;86m[HTTP][0m <-- GET /wd/hub/status 200 0 ms - 200 
[38;5;86m[HTTP][0m [37m-->[39m [37mPOST[39m [37m/wd/hub/session[39m {"capabilities":{"firstMatch":[{"appium:app":"/Users/gv.vignesh/Downloads/WGR-Android-Automation/App Folder/universal.apk","appium:autoGrantPermissions":true,"appium:automationName":"uiautomator2","appium:deviceId":"","appium:deviceName":"Xiaomi 23076PC4BI (Android 15)","appium:fullReset":true,"appium:newCommandTimeout":1800,"appium:noReset":false,"appium:platformName":"ANDROID","appium:platformVersion":"15","appium:systemPort":52301,"appium:udid":"a6e538dc5180","platformName":"ANDROID"}]},"desiredCapabilities":{"appium:app":"/Users/gv.vignesh/Downloads/WGR-Android-Automation/App Folder/universal.apk","appium:autoGrantPermissions":true,"appium:automationName":"uiautomator2","appium:deviceId":"","appium:deviceName":"Xiaomi 23076PC4BI (Android 15)","appium:fullReset":true,"appium:newCommandTimeout":1800,"appium:noReset":false,"appium:platformName":"ANDROID","appium:platformVersion":"15","appium:systemPort":52301,"appium:udid":"a6e538dc5180"}}
[38;5;123m[BaseDriver][0m Ignoring capability 'appium:platformName=ANDROID' and using capability 'platformName=ANDROID'
[38;5;123m[BaseDriver][0m The capabilities ["platformName"] are standard capabilities and do not require "appium:" prefix
[38;5;112m[Appium][0m Attempting to find matching driver for automationName 'uiautomator2' and platformName 'ANDROID'
[38;5;112m[Appium][0m The 'uiautomator2' driver was installed and matched caps.
[38;5;112m[Appium][0m Will require it at /Users/gv.vignesh/.appium/node_modules/appium-uiautomator2-driver
[38;5;142m[AppiumDriver@a883][0m Appium v2.17.1 creating new AndroidUiautomator2Driver (v4.1.5) session
[38;5;142m[AppiumDriver@a883][0m Checking BaseDriver versions for Appium and AndroidUiautomator2Driver
[38;5;142m[AppiumDriver@a883][0m Appium's BaseDriver version is 9.16.4
[38;5;142m[AppiumDriver@a883][0m AndroidUiautomator2Driver's BaseDriver version is 9.16.4
[38;5;-107m[AndroidUiautomator2Driver@b51b][0m The following provided capabilities were not recognized by this driver:
[38;5;-107m[AndroidUiautomator2Driver@b51b][0m   deviceId
[38;5;32m[6e7b890c][0m[38;5;-107m[AndroidUiautomator2Driver@b51b][0m Session created with session id: 6e7b890c-62c9-48a7-afa8-1813cfa1d07f
[38;5;32m[6e7b890c][0m[38;5;229m[ADB][0m Using 'adb' from '/Users/gv.vignesh/.katalon/tools/android_sdk/platform-tools/adb'
[38;5;32m[6e7b890c][0m[38;5;-107m[AndroidUiautomator2Driver@b51b][0m Retrieving device list
[38;5;32m[6e7b890c][0m[38;5;-107m[AndroidUiautomator2Driver@b51b][0m Using device: a6e538dc5180
[38;5;32m[6e7b890c][0m[38;5;229m[ADB][0m Using 'adb' from '/Users/gv.vignesh/.katalon/tools/android_sdk/platform-tools/adb'
[38;5;32m[6e7b890c][0m[38;5;123m[BaseDriver][0m Using local app '/Users/gv.vignesh/Downloads/WGR-Android-Automation/App Folder/universal.apk'
[38;5;32m[6e7b890c][0m[38;5;229m[ADB][0m Getting device platform version
[38;5;32m[6e7b890c][0m[38;5;-107m[AndroidUiautomator2Driver@b51b][0m Relaxing hidden api policy
[38;5;32m[6e7b890c][0m[38;5;229m[ADB][0m Using 'aapt2' from '/Users/gv.vignesh/.katalon/tools/android_sdk/build-tools/29.0.3/aapt2'
[38;5;32m[6e7b890c][0m[38;5;229m[ADB][0m Package name: 'com.westgate.rewrite2'
[38;5;32m[6e7b890c][0m[38;5;229m[ADB][0m Main activity name: 'com.westgate.rewrite2.MainActivity'
[38;5;32m[6e7b890c][0m[38;5;-107m[AndroidUiautomator2Driver@b51b][0m Restoring hidden api policy to the device default configuration
[38;5;32m[6e7b890c][0m[38;5;86m[HTTP][0m <-- POST /wd/hub/session 500 920 ms - 10138 
[38;5;86m[HTTP][0m [37m-->[39m [37mGET[39m [37m/wd/hub/status[39m {}
[38;5;86m[HTTP][0m <-- GET /wd/hub/status 200 0 ms - 200 
[38;5;86m[HTTP][0m [37m-->[39m [37mPOST[39m [37m/wd/hub/session[39m {"capabilities":{"firstMatch":[{"appium:app":"/Users/gv.vignesh/Downloads/WGR-Android-Automation/App Folder/universal.apk","appium:autoGrantPermissions":true,"appium:automationName":"uiautomator2","appium:deviceId":"","appium:deviceName":"Xiaomi 23076PC4BI (Android 15)","appium:fullReset":true,"appium:newCommandTimeout":1800,"appium:noReset":false,"appium:platformName":"ANDROID","appium:platformVersion":"15","appium:systemPort":52347,"appium:udid":"a6e538dc5180","platformName":"ANDROID"}]},"desiredCapabilities":{"appium:app":"/Users/gv.vignesh/Downloads/WGR-Android-Automation/App Folder/universal.apk","appium:autoGrantPermissions":true,"appium:automationName":"uiautomator2","appium:deviceId":"","appium:deviceName":"Xiaomi 23076PC4BI (Android 15)","appium:fullReset":true,"appium:newCommandTimeout":1800,"appium:noReset":false,"appium:platformName":"ANDROID","appium:platformVersion":"15","appium:systemPort":52347,"appium:udid":"a6e538dc5180"}}
[38;5;123m[BaseDriver][0m Ignoring capability 'appium:platformName=ANDROID' and using capability 'platformName=ANDROID'
[38;5;123m[BaseDriver][0m The capabilities ["platformName"] are standard capabilities and do not require "appium:" prefix
[38;5;112m[Appium][0m Attempting to find matching driver for automationName 'uiautomator2' and platformName 'ANDROID'
[38;5;112m[Appium][0m The 'uiautomator2' driver was installed and matched caps.
[38;5;112m[Appium][0m Will require it at /Users/gv.vignesh/.appium/node_modules/appium-uiautomator2-driver
[38;5;142m[AppiumDriver@a883][0m Appium v2.17.1 creating new AndroidUiautomator2Driver (v4.1.5) session
[38;5;142m[AppiumDriver@a883][0m Checking BaseDriver versions for Appium and AndroidUiautomator2Driver
[38;5;142m[AppiumDriver@a883][0m Appium's BaseDriver version is 9.16.4
[38;5;142m[AppiumDriver@a883][0m AndroidUiautomator2Driver's BaseDriver version is 9.16.4
[38;5;-122m[AndroidUiautomator2Driver@c2c1][0m The following provided capabilities were not recognized by this driver:
[38;5;-122m[AndroidUiautomator2Driver@c2c1][0m   deviceId
[38;5;60m[a3b79592][0m[38;5;-122m[AndroidUiautomator2Driver@c2c1][0m Session created with session id: a3b79592-75ed-4c81-975a-596c1c656f65
[38;5;60m[a3b79592][0m[38;5;229m[ADB][0m Using 'adb' from '/Users/gv.vignesh/.katalon/tools/android_sdk/platform-tools/adb'
[38;5;60m[a3b79592][0m[38;5;-122m[AndroidUiautomator2Driver@c2c1][0m Retrieving device list
[38;5;60m[a3b79592][0m[38;5;-122m[AndroidUiautomator2Driver@c2c1][0m Using device: a6e538dc5180
[38;5;60m[a3b79592][0m[38;5;229m[ADB][0m Using 'adb' from '/Users/gv.vignesh/.katalon/tools/android_sdk/platform-tools/adb'
[38;5;60m[a3b79592][0m[38;5;123m[BaseDriver][0m Using local app '/Users/gv.vignesh/Downloads/WGR-Android-Automation/App Folder/universal.apk'
[38;5;60m[a3b79592][0m[38;5;229m[ADB][0m Getting device platform version
[38;5;60m[a3b79592][0m[38;5;-122m[AndroidUiautomator2Driver@c2c1][0m Relaxing hidden api policy
[38;5;60m[a3b79592][0m[38;5;229m[ADB][0m Using 'aapt2' from '/Users/gv.vignesh/.katalon/tools/android_sdk/build-tools/29.0.3/aapt2'
[38;5;60m[a3b79592][0m[38;5;229m[ADB][0m Package name: 'com.westgate.rewrite2'
[38;5;60m[a3b79592][0m[38;5;229m[ADB][0m Main activity name: 'com.westgate.rewrite2.MainActivity'
[38;5;60m[a3b79592][0m[38;5;-122m[AndroidUiautomator2Driver@c2c1][0m Restoring hidden api policy to the device default configuration
[38;5;60m[a3b79592][0m[38;5;86m[HTTP][0m <-- POST /wd/hub/session 500 1397 ms - 10138 
[38;5;86m[HTTP][0m [37m-->[39m [37mGET[39m [37m/wd/hub/status[39m {}
[38;5;86m[HTTP][0m <-- GET /wd/hub/status 200 0 ms - 200 
[38;5;86m[HTTP][0m [37m-->[39m [37mPOST[39m [37m/wd/hub/session[39m {"capabilities":{"firstMatch":[{"appium:app":"/Users/gv.vignesh/Downloads/WGR-Android-Automation/App Folder/app-debug.apk","appium:autoGrantPermissions":true,"appium:automationName":"uiautomator2","appium:deviceId":"","appium:deviceName":"Xiaomi 23076PC4BI (Android 15)","appium:fullReset":true,"appium:newCommandTimeout":1800,"appium:noReset":false,"appium:platformName":"ANDROID","appium:platformVersion":"15","appium:systemPort":52415,"appium:udid":"a6e538dc5180","platformName":"ANDROID"}]},"desiredCapabilities":{"appium:app":"/Users/gv.vignesh/Downloads/WGR-Android-Automation/App Folder/app-debug.apk","appium:autoGrantPermissions":true,"appium:automationName":"uiautomator2","appium:deviceId":"","appium:deviceName":"Xiaomi 23076PC4BI (Android 15)","appium:fullReset":true,"appium:newCommandTimeout":1800,"appium:noReset":false,"appium:platformName":"ANDROID","appium:platformVersion":"15","appium:systemPort":52415,"appium:udid":"a6e538dc5180"}}
[38;5;123m[BaseDriver][0m Ignoring capability 'appium:platformName=ANDROID' and using capability 'platformName=ANDROID'
[38;5;123m[BaseDriver][0m The capabilities ["platformName"] are standard capabilities and do not require "appium:" prefix
[38;5;112m[Appium][0m Attempting to find matching driver for automationName 'uiautomator2' and platformName 'ANDROID'
[38;5;112m[Appium][0m The 'uiautomator2' driver was installed and matched caps.
[38;5;112m[Appium][0m Will require it at /Users/gv.vignesh/.appium/node_modules/appium-uiautomator2-driver
[38;5;142m[AppiumDriver@a883][0m Appium v2.17.1 creating new AndroidUiautomator2Driver (v4.1.5) session
[38;5;142m[AppiumDriver@a883][0m Checking BaseDriver versions for Appium and AndroidUiautomator2Driver
[38;5;142m[AppiumDriver@a883][0m Appium's BaseDriver version is 9.16.4
[38;5;142m[AppiumDriver@a883][0m AndroidUiautomator2Driver's BaseDriver version is 9.16.4
[38;5;-167m[AndroidUiautomator2Driver@4b7e][0m The following provided capabilities were not recognized by this driver:
[38;5;-167m[AndroidUiautomator2Driver@4b7e][0m   deviceId
[38;5;126m[0c03fd91][0m[38;5;-167m[AndroidUiautomator2Driver@4b7e][0m Session created with session id: 0c03fd91-de70-4381-b642-e4e1a0171cd7
[38;5;126m[0c03fd91][0m[38;5;229m[ADB][0m Using 'adb' from '/Users/gv.vignesh/.katalon/tools/android_sdk/platform-tools/adb'
[38;5;126m[0c03fd91][0m[38;5;-167m[AndroidUiautomator2Driver@4b7e][0m Retrieving device list
[38;5;126m[0c03fd91][0m[38;5;-167m[AndroidUiautomator2Driver@4b7e][0m Using device: a6e538dc5180
[38;5;126m[0c03fd91][0m[38;5;229m[ADB][0m Using 'adb' from '/Users/gv.vignesh/.katalon/tools/android_sdk/platform-tools/adb'
[38;5;126m[0c03fd91][0m[38;5;123m[BaseDriver][0m Using local app '/Users/gv.vignesh/Downloads/WGR-Android-Automation/App Folder/app-debug.apk'
[38;5;126m[0c03fd91][0m[38;5;229m[ADB][0m Getting device platform version
[38;5;126m[0c03fd91][0m[38;5;-167m[AndroidUiautomator2Driver@4b7e][0m Relaxing hidden api policy
[38;5;126m[0c03fd91][0m[38;5;229m[ADB][0m Using 'aapt2' from '/Users/gv.vignesh/.katalon/tools/android_sdk/build-tools/29.0.3/aapt2'
[38;5;126m[0c03fd91][0m[38;5;229m[ADB][0m Package name: 'com.westgate.rewrite2'
[38;5;126m[0c03fd91][0m[38;5;229m[ADB][0m Main activity name: 'com.westgate.rewrite2.MainActivity'
[38;5;126m[0c03fd91][0m[38;5;-167m[AndroidUiautomator2Driver@4b7e][0m Restoring hidden api policy to the device default configuration
[38;5;126m[0c03fd91][0m[38;5;86m[HTTP][0m <-- POST /wd/hub/session 500 1020 ms - 10138 
[38;5;86m[HTTP][0m [37m-->[39m [37mGET[39m [37m/wd/hub/status[39m {}
[38;5;86m[HTTP][0m <-- GET /wd/hub/status 200 0 ms - 200 
[38;5;86m[HTTP][0m [37m-->[39m [37mPOST[39m [37m/wd/hub/session[39m {"capabilities":{"firstMatch":[{"appium:app":"/Users/gv.vignesh/Downloads/WGR-Android-Automation/App Folder/universal.apk","appium:autoGrantPermissions":true,"appium:automationName":"uiautomator2","appium:deviceId":"","appium:deviceName":"Xiaomi 23076PC4BI (Android 15)","appium:fullReset":true,"appium:newCommandTimeout":1800,"appium:noReset":false,"appium:platformName":"ANDROID","appium:platformVersion":"15","appium:systemPort":52466,"appium:udid":"a6e538dc5180","platformName":"ANDROID"}]},"desiredCapabilities":{"appium:app":"/Users/gv.vignesh/Downloads/WGR-Android-Automation/App Folder/universal.apk","appium:autoGrantPermissions":true,"appium:automationName":"uiautomator2","appium:deviceId":"","appium:deviceName":"Xiaomi 23076PC4BI (Android 15)","appium:fullReset":true,"appium:newCommandTimeout":1800,"appium:noReset":false,"appium:platformName":"ANDROID","appium:platformVersion":"15","appium:systemPort":52466,"appium:udid":"a6e538dc5180"}}
[38;5;123m[BaseDriver][0m Ignoring capability 'appium:platformName=ANDROID' and using capability 'platformName=ANDROID'
[38;5;123m[BaseDriver][0m The capabilities ["platformName"] are standard capabilities and do not require "appium:" prefix
[38;5;112m[Appium][0m Attempting to find matching driver for automationName 'uiautomator2' and platformName 'ANDROID'
[38;5;112m[Appium][0m The 'uiautomator2' driver was installed and matched caps.
[38;5;112m[Appium][0m Will require it at /Users/gv.vignesh/.appium/node_modules/appium-uiautomator2-driver
[38;5;142m[AppiumDriver@a883][0m Appium v2.17.1 creating new AndroidUiautomator2Driver (v4.1.5) session
[38;5;142m[AppiumDriver@a883][0m Checking BaseDriver versions for Appium and AndroidUiautomator2Driver
[38;5;142m[AppiumDriver@a883][0m Appium's BaseDriver version is 9.16.4
[38;5;142m[AppiumDriver@a883][0m AndroidUiautomator2Driver's BaseDriver version is 9.16.4
[38;5;-72m[AndroidUiautomator2Driver@be79][0m The following provided capabilities were not recognized by this driver:
[38;5;-72m[AndroidUiautomator2Driver@be79][0m   deviceId
[38;5;106m[34bb1d71][0m[38;5;-72m[AndroidUiautomator2Driver@be79][0m Session created with session id: 34bb1d71-112b-45ed-baef-b3606168c549
[38;5;106m[34bb1d71][0m[38;5;229m[ADB][0m Using 'adb' from '/Users/gv.vignesh/.katalon/tools/android_sdk/platform-tools/adb'
[38;5;106m[34bb1d71][0m[38;5;-72m[AndroidUiautomator2Driver@be79][0m Retrieving device list
[38;5;106m[34bb1d71][0m[38;5;-72m[AndroidUiautomator2Driver@be79][0m Using device: a6e538dc5180
[38;5;106m[34bb1d71][0m[38;5;229m[ADB][0m Using 'adb' from '/Users/gv.vignesh/.katalon/tools/android_sdk/platform-tools/adb'
[38;5;106m[34bb1d71][0m[38;5;123m[BaseDriver][0m Using local app '/Users/gv.vignesh/Downloads/WGR-Android-Automation/App Folder/universal.apk'
[38;5;106m[34bb1d71][0m[38;5;229m[ADB][0m Getting device platform version
[38;5;106m[34bb1d71][0m[38;5;-72m[AndroidUiautomator2Driver@be79][0m Relaxing hidden api policy
[38;5;106m[34bb1d71][0m[38;5;229m[ADB][0m Using 'aapt2' from '/Users/gv.vignesh/.katalon/tools/android_sdk/build-tools/29.0.3/aapt2'
[38;5;106m[34bb1d71][0m[38;5;229m[ADB][0m Package name: 'com.westgate.rewrite2'
[38;5;106m[34bb1d71][0m[38;5;229m[ADB][0m Main activity name: 'com.westgate.rewrite2.MainActivity'
[38;5;106m[34bb1d71][0m[38;5;-72m[AndroidUiautomator2Driver@be79][0m Restoring hidden api policy to the device default configuration
[38;5;86m[HTTP][0m <-- POST /wd/hub/session - - ms - - 
