[38;5;112m[Appium][0m Welcome to Appium v2.17.1 (REV 12a3d4a6f1eedf483855716b989d828443438f79)
[38;5;112m[Appium][0m Non-default server args:
[38;5;112m[Appium][0m { basePath: [32m'/wd/hub'[39m, loglevel: [32m'info'[39m, port: [33m51908[39m }
[38;5;112m[Appium][0m Attempting to load driver uiautomator2...
[38;5;112m[Appium][0m Attempting to load driver mac2...
[38;5;112m[Appium][0m Attempting to load driver chromium...
[38;5;112m[Appium][0m Attempting to load driver espresso...
[38;5;112m[Appium][0m Appium REST http interface listener started on http://0.0.0.0:51908/wd/hub
[38;5;112m[Appium][0m You can provide the following URLs in your client code to connect to this server:
	http://127.0.0.1:51908/wd/hub (only accessible from the same host)
	http://192.168.0.106:51908/wd/hub
[38;5;112m[Appium][0m Available drivers:
[38;5;112m[Appium][0m   - uiautomator2@4.2.2 (automationName 'UiAutomator2')
[38;5;112m[Appium][0m   - mac2@2.2.2 (automationName 'Mac2')
[38;5;112m[Appium][0m   - chromium@1.5.1 (automationName 'Chromium')
[38;5;112m[Appium][0m   - espresso@4.1.4 (automationName 'Espresso')
[38;5;112m[Appium][0m No plugins have been installed. Use the "appium plugin" command to install the one(s) you want to use.
[38;5;86m[HTTP][0m [37m-->[39m [37mGET[39m [37m/wd/hub/status[39m {}
[38;5;86m[HTTP][0m <-- GET /wd/hub/status 200 3 ms - 200 
[38;5;86m[HTTP][0m [37m-->[39m [37mPOST[39m [37m/wd/hub/session[39m {"capabilities":{"firstMatch":[{"appium:app":"/Users/gv.vignesh/Downloads/app-debug (2.99.69).apk","appium:autoGrantPermissions":true,"appium:automationName":"uiautomator2","appium:deviceId":"","appium:deviceName":"samsung SM-A146B (Android 14)","appium:fullReset":true,"appium:newCommandTimeout":1800,"appium:noReset":false,"appium:platformName":"ANDROID","appium:platformVersion":"14","appium:systemPort":51907,"appium:udid":"adb-RZCW811B2MK-cCoIXY._adb-tls-connect._tcp","appium:uiautomator2ServerInstallTimeout":0,"platformName":"ANDROID"}]},"desiredCapabilities":{"appium:app":"/Users/gv.vignesh/Downloads/app-debug (2.99.69).apk","appium:autoGrantPermissions":true,"appium:automationName":"uiautomator2","appium:deviceId":"","appium:deviceName":"samsung SM-A146B (Android 14)","appium:fullReset":true,"appium:newCommandTimeout":1800,"appium:noReset":false,"appium:platformName":"ANDROID","appium:platformVersion":"14","appium:systemPort":51907,"appium:udid":"adb-RZCW811B2MK-cCoIXY._adb-tls-connect._tcp","appium:ui...
[38;5;123m[BaseDriver][0m Ignoring capability 'appium:platformName=ANDROID' and using capability 'platformName=ANDROID'
[38;5;123m[BaseDriver][0m The capabilities ["platformName"] are standard capabilities and do not require "appium:" prefix
[38;5;112m[Appium][0m Attempting to find matching driver for automationName 'uiautomator2' and platformName 'ANDROID'
[38;5;112m[Appium][0m The 'uiautomator2' driver was installed and matched caps.
[38;5;112m[Appium][0m Will require it at /Users/gv.vignesh/.appium/node_modules/appium-uiautomator2-driver
[38;5;32m[AppiumDriver@b7d7][0m Appium v2.17.1 creating new AndroidUiautomator2Driver (v4.2.2) session
[38;5;32m[AppiumDriver@b7d7][0m Checking BaseDriver versions for Appium and AndroidUiautomator2Driver
[38;5;32m[AppiumDriver@b7d7][0m Appium's BaseDriver version is 9.16.4
[38;5;32m[AppiumDriver@b7d7][0m AndroidUiautomator2Driver's BaseDriver version is 9.16.4
[38;5;-4m[AndroidUiautomator2Driver@7b3a][0m The following provided capabilities were not recognized by this driver:
[38;5;-4m[AndroidUiautomator2Driver@7b3a][0m   deviceId
[38;5;33m[45300d18][0m[38;5;-4m[AndroidUiautomator2Driver@7b3a][0m Session created with session id: 45300d18-2cbc-4fc4-9080-3caa0200a307
[38;5;33m[45300d18][0m[38;5;229m[ADB][0m Found 1 'build-tools' folders under '/Users/gv.vignesh/.katalon/tools/android_sdk' (newest first):
[38;5;33m[45300d18][0m[38;5;229m[ADB][0m     /Users/gv.vignesh/.katalon/tools/android_sdk/build-tools/29.0.3
[38;5;33m[45300d18][0m[38;5;229m[ADB][0m Using 'adb' from '/Users/gv.vignesh/.katalon/tools/android_sdk/platform-tools/adb'
[38;5;33m[45300d18][0m[38;5;-4m[AndroidUiautomator2Driver@7b3a][0m Retrieving device list
[38;5;33m[45300d18][0m[38;5;-4m[AndroidUiautomator2Driver@7b3a][0m Using device: adb-RZCW811B2MK-cCoIXY._adb-tls-connect._tcp
[38;5;33m[45300d18][0m[38;5;229m[ADB][0m Using 'adb' from '/Users/gv.vignesh/.katalon/tools/android_sdk/platform-tools/adb'
[38;5;33m[45300d18][0m[38;5;123m[BaseDriver][0m Using local app '/Users/gv.vignesh/Downloads/app-debug (2.99.69).apk'
[38;5;33m[45300d18][0m[38;5;229m[ADB][0m Getting device platform version
[38;5;33m[45300d18][0m[38;5;-4m[AndroidUiautomator2Driver@7b3a][0m Relaxing hidden api policy
[38;5;33m[45300d18][0m[38;5;229m[ADB][0m Using 'aapt2' from '/Users/gv.vignesh/.katalon/tools/android_sdk/build-tools/29.0.3/aapt2'
[38;5;33m[45300d18][0m[38;5;229m[ADB][0m Package name: 'westgate_xamarin.android.debug'
[38;5;33m[45300d18][0m[38;5;229m[ADB][0m Main activity name: 'westgate_xamarin.android.MainActivity'
[38;5;33m[45300d18][0m[38;5;229m[ADB][0m Using 'apksigner.jar' from '/Users/gv.vignesh/.katalon/tools/android_sdk/build-tools/29.0.3/lib/apksigner.jar'
[38;5;33m[45300d18][0m[38;5;-4m[AndroidUiautomator2Driver@7b3a][0m Server packages are not going to be (re)installed
[38;5;33m[45300d18][0m[38;5;229m[ADB][0m '/Users/gv.vignesh/Downloads/app-debug (2.99.69).apk' is signed with a non-default certificate
[38;5;33m[45300d18][0m[38;5;229m[ADB][0m Adding packages ["io.appium.settings","io.appium.uiautomator2.server","io.appium.uiautomator2.server.test"] to Doze whitelist
[38;5;33m[45300d18][0m[38;5;229m[ADB][0m westgate_xamarin.android.debug was successfully uninstalled
[38;5;33m[45300d18][0m[38;5;229m[ADB][0m The application at '/Users/gv.vignesh/Downloads/app-debug (2.99.69).apk' will not be cached, because the device under test has confirmed the support of streamed installs
[38;5;86m[HTTP][0m <-- POST /wd/hub/session - - ms - - 
[38;5;33m[45300d18][0m[38;5;229m[ADB][0m The installation of 'app-debug (2.99.69).apk' took 66456ms
[38;5;33m[45300d18][0m[38;5;-4m[AndroidUiautomator2Driver@7b3a][0m Starting UIAutomator2 server 7.4.1
[38;5;33m[45300d18][0m[38;5;-4m[AndroidUiautomator2Driver@7b3a][0m Using UIAutomator2 server from '/Users/gv.vignesh/.appium/node_modules/appium-uiautomator2-driver/node_modules/appium-uiautomator2-server/apks/appium-uiautomator2-server-v7.4.1.apk' and test from '/Users/gv.vignesh/.appium/node_modules/appium-uiautomator2-driver/node_modules/appium-uiautomator2-server/apks/appium-uiautomator2-server-debug-androidTest.apk'
[38;5;33m[45300d18][0m[38;5;-4m[AndroidUiautomator2Driver@7b3a][0m Waiting up to 30000ms for UiAutomator2 to be online...
[38;5;33m[45300d18][0m[38;5;-4m[AndroidUiautomator2Driver@7b3a][0m socket hang up
[38;5;33m[45300d18][0m[38;5;-4m[AndroidUiautomator2Driver@7b3a][0m socket hang up
[38;5;33m[45300d18][0m[38;5;-4m[AndroidUiautomator2Driver@7b3a][0m socket hang up
[38;5;33m[45300d18][0m[38;5;-4m[AndroidUiautomator2Driver@7b3a][0m socket hang up
[38;5;33m[45300d18][0m[38;5;-4m[AndroidUiautomator2Driver@7b3a][0m socket hang up
[38;5;33m[45300d18][0m[38;5;-4m[AndroidUiautomator2Driver@7b3a][0m socket hang up
[38;5;33m[45300d18][0m[38;5;-4m[AndroidUiautomator2Driver@7b3a][0m Determined the downstream protocol as 'W3C'
[38;5;33m[45300d18][0m[38;5;-4m[AndroidUiautomator2Driver@7b3a][0m Screen already unlocked, doing nothing
[38;5;33m[45300d18][0m[38;5;-4m[AndroidUiautomator2Driver@7b3a][0m Starting 'westgate_xamarin.android.debug/westgate_xamarin.android.MainActivity' and waiting for 'westgate_xamarin.android.debug/westgate_xamarin.android.MainActivity'
[38;5;33m[45300d18][0m[38;5;32m[AppiumDriver@b7d7][0m New AndroidUiautomator2Driver session created successfully, session 45300d18-2cbc-4fc4-9080-3caa0200a307 added to master session list
[38;5;33m[45300d18][0m[38;5;-4m[AndroidUiautomator2Driver@7b3a][0m Shutting down because we waited 1800 seconds for a command
[38;5;33m[45300d18][0m[38;5;32m[AppiumDriver@b7d7][0m Ending session, cause was 'New Command Timeout of 1800 seconds expired. Try customizing the timeout using the 'newCommandTimeout' desired capability'
[38;5;33m[45300d18][0m[38;5;32m[AppiumDriver@b7d7][0m Removing session '45300d18-2cbc-4fc4-9080-3caa0200a307' from our master session list
[38;5;33m[45300d18][0m[38;5;-4m[AndroidUiautomator2Driver@7b3a][0m Did not get the confirmation of UiAutomator2 server session deletion. Original error: An unknown server-side error occurred while processing the command. Original error: 'DELETE /' cannot be proxied to UiAutomator2 server because the instrumentation process is not running (probably crashed). Check the server log and/or the logcat output for more details
[38;5;33m[45300d18][0m[38;5;229m[ADB][0m westgate_xamarin.android.debug was not uninstalled, because it was not present on the device
[38;5;33m[45300d18][0m[38;5;-4m[AndroidUiautomator2Driver@7b3a][0m Unable to remove system port forward: Error executing adbExec. Original error: 'Command '/Users/gv.vignesh/.katalon/tools/android_sdk/platform-tools/adb -P 5037 -s adb-RZCW811B2MK-cCoIXY._adb-tls-connect._tcp forward --remove tcp\:51907' exited with code 1'; Command output: adb: error: listener 'tcp:51907' not found

[38;5;33m[45300d18][0m[38;5;-4m[AndroidUiautomator2Driver@7b3a][0m Restoring hidden api policy to the device default configuration
[38;5;112m[Appium][0m Received SIGTERM - shutting down
[38;5;86m[HTTP][0m Closing Appium HTTP server
[38;5;86m[HTTP][0m Appium HTTP server has been succesfully closed after 4ms
