[38;5;112m[Appium][0m Welcome to Appium v2.16.0 (REV f1041842141f20bc701b522d4371d7843d905580)
[38;5;112m[Appium][0m Non-default server args:
[38;5;112m[Appium][0m { basePath: [32m'/wd/hub'[39m, loglevel: [32m'info'[39m, port: [33m60146[39m }
[38;5;112m[Appium][0m Attempting to load driver uiautomator2...
[38;5;112m[Appium][0m Appium REST http interface listener started on http://0.0.0.0:60146/wd/hub
[38;5;112m[Appium][0m You can provide the following URLs in your client code to connect to this server:
	http://127.0.0.1:60146/wd/hub (only accessible from the same host)
	http://192.168.0.102:60146/wd/hub
[38;5;112m[Appium][0m Available drivers:
[38;5;112m[Appium][0m   - uiautomator2@4.1.5 (automationName 'UiAutomator2')
[38;5;112m[Appium][0m No plugins have been installed. Use the "appium plugin" command to install the one(s) you want to use.
[38;5;86m[HTTP][0m [37m-->[39m [37mGET[39m [37m/wd/hub/status[39m {}
[38;5;86m[HTTP][0m <-- GET /wd/hub/status 200 2 ms - 200 
[38;5;86m[HTTP][0m [37m-->[39m [37mPOST[39m [37m/wd/hub/session[39m {"capabilities":{"firstMatch":[{"appium:app":"/Users/gv.vignesh/Downloads/WGR-Android-Automation/App Folder/universal.apk","appium:autoGrantPermissions":true,"appium:automationName":"uiautomator2","appium:deviceId":"","appium:deviceName":"Xiaomi 23076PC4BI (Android 15)","appium:fullReset":true,"appium:newCommandTimeout":1800,"appium:noReset":false,"appium:platformName":"ANDROID","appium:platformVersion":"15","appium:systemPort":60145,"appium:udid":"adb-a6e538dc5180-rpwVK8._adb-tls-connect._tcp","platformName":"ANDROID"}]},"desiredCapabilities":{"appium:app":"/Users/gv.vignesh/Downloads/WGR-Android-Automation/App Folder/universal.apk","appium:autoGrantPermissions":true,"appium:automationName":"uiautomator2","appium:deviceId":"","appium:deviceName":"Xiaomi 23076PC4BI (Android 15)","appium:fullReset":true,"appium:newCommandTimeout":1800,"appium:noReset":false,"appium:platformName":"ANDROID","appium:platformVersion":"15","appium:systemPort":60145,"appium:udid":"adb-a6e538dc5180-rpwVK8._adb-tls-connect._tcp"}}
[38;5;123m[BaseDriver][0m Ignoring capability 'appium:platformName=ANDROID' and using capability 'platformName=ANDROID'
[38;5;123m[BaseDriver][0m The capabilities ["platformName"] are standard capabilities and do not require "appium:" prefix
[38;5;112m[Appium][0m Attempting to find matching driver for automationName 'uiautomator2' and platformName 'ANDROID'
[38;5;112m[Appium][0m The 'uiautomator2' driver was installed and matched caps.
[38;5;112m[Appium][0m Will require it at /Users/gv.vignesh/.appium/node_modules/appium-uiautomator2-driver
[38;5;51m[AppiumDriver@8010][0m Appium v2.16.0 creating new AndroidUiautomator2Driver (v4.1.5) session
[38;5;51m[AppiumDriver@8010][0m Checking BaseDriver versions for Appium and AndroidUiautomator2Driver
[38;5;51m[AppiumDriver@8010][0m Appium's BaseDriver version is 9.16.4
[38;5;51m[AppiumDriver@8010][0m AndroidUiautomator2Driver's BaseDriver version is 9.16.4
[38;5;-41m[AndroidUiautomator2Driver@8d44][0m The following provided capabilities were not recognized by this driver:
[38;5;-41m[AndroidUiautomator2Driver@8d44][0m   deviceId
[38;5;49m[d001eb1d][0m[38;5;-41m[AndroidUiautomator2Driver@8d44][0m Session created with session id: d001eb1d-be2b-47a0-9535-1d25f0b80077
[38;5;49m[d001eb1d][0m[38;5;229m[ADB][0m Found 1 'build-tools' folders under '/Users/gv.vignesh/.katalon/tools/android_sdk' (newest first):
[38;5;49m[d001eb1d][0m[38;5;229m[ADB][0m     /Users/gv.vignesh/.katalon/tools/android_sdk/build-tools/29.0.3
[38;5;49m[d001eb1d][0m[38;5;229m[ADB][0m Using 'adb' from '/Users/gv.vignesh/.katalon/tools/android_sdk/platform-tools/adb'
[38;5;49m[d001eb1d][0m[38;5;-41m[AndroidUiautomator2Driver@8d44][0m Retrieving device list
[38;5;49m[d001eb1d][0m[38;5;-41m[AndroidUiautomator2Driver@8d44][0m Using device: adb-a6e538dc5180-rpwVK8._adb-tls-connect._tcp
[38;5;49m[d001eb1d][0m[38;5;229m[ADB][0m Using 'adb' from '/Users/gv.vignesh/.katalon/tools/android_sdk/platform-tools/adb'
[38;5;49m[d001eb1d][0m[38;5;123m[BaseDriver][0m Using local app '/Users/gv.vignesh/Downloads/WGR-Android-Automation/App Folder/universal.apk'
[38;5;49m[d001eb1d][0m[38;5;229m[ADB][0m Getting device platform version
[38;5;49m[d001eb1d][0m[38;5;-41m[AndroidUiautomator2Driver@8d44][0m Relaxing hidden api policy
[38;5;49m[d001eb1d][0m[38;5;229m[ADB][0m Using 'aapt2' from '/Users/gv.vignesh/.katalon/tools/android_sdk/build-tools/29.0.3/aapt2'
[38;5;49m[d001eb1d][0m[38;5;229m[ADB][0m Package name: 'com.westgate.rewrite2'
[38;5;49m[d001eb1d][0m[38;5;229m[ADB][0m Main activity name: 'com.westgate.rewrite2.MainActivity'
[38;5;49m[d001eb1d][0m[38;5;-41m[AndroidUiautomator2Driver@8d44][0m Restoring hidden api policy to the device default configuration
[38;5;49m[d001eb1d][0m[38;5;86m[HTTP][0m <-- POST /wd/hub/session 500 1511 ms - 10204 
[38;5;86m[HTTP][0m [37m-->[39m [37mGET[39m [37m/wd/hub/status[39m {}
[38;5;86m[HTTP][0m <-- GET /wd/hub/status 200 0 ms - 200 
[38;5;86m[HTTP][0m [37m-->[39m [37mPOST[39m [37m/wd/hub/session[39m {"capabilities":{"firstMatch":[{"appium:app":"/Users/gv.vignesh/Downloads/WGR-Android-Automation/App Folder/universal.apk","appium:autoGrantPermissions":true,"appium:automationName":"uiautomator2","appium:deviceId":"","appium:deviceName":"Xiaomi 23076PC4BI (Android 15)","appium:fullReset":true,"appium:newCommandTimeout":1800,"appium:noReset":false,"appium:platformName":"ANDROID","appium:platformVersion":"15","appium:systemPort":60187,"appium:udid":"adb-a6e538dc5180-rpwVK8._adb-tls-connect._tcp","platformName":"ANDROID"}]},"desiredCapabilities":{"appium:app":"/Users/gv.vignesh/Downloads/WGR-Android-Automation/App Folder/universal.apk","appium:autoGrantPermissions":true,"appium:automationName":"uiautomator2","appium:deviceId":"","appium:deviceName":"Xiaomi 23076PC4BI (Android 15)","appium:fullReset":true,"appium:newCommandTimeout":1800,"appium:noReset":false,"appium:platformName":"ANDROID","appium:platformVersion":"15","appium:systemPort":60187,"appium:udid":"adb-a6e538dc5180-rpwVK8._adb-tls-connect._tcp"}}
[38;5;123m[BaseDriver][0m Ignoring capability 'appium:platformName=ANDROID' and using capability 'platformName=ANDROID'
[38;5;123m[BaseDriver][0m The capabilities ["platformName"] are standard capabilities and do not require "appium:" prefix
[38;5;112m[Appium][0m Attempting to find matching driver for automationName 'uiautomator2' and platformName 'ANDROID'
[38;5;112m[Appium][0m The 'uiautomator2' driver was installed and matched caps.
[38;5;112m[Appium][0m Will require it at /Users/gv.vignesh/.appium/node_modules/appium-uiautomator2-driver
[38;5;51m[AppiumDriver@8010][0m Appium v2.16.0 creating new AndroidUiautomator2Driver (v4.1.5) session
[38;5;51m[AppiumDriver@8010][0m Checking BaseDriver versions for Appium and AndroidUiautomator2Driver
[38;5;51m[AppiumDriver@8010][0m Appium's BaseDriver version is 9.16.4
[38;5;51m[AppiumDriver@8010][0m AndroidUiautomator2Driver's BaseDriver version is 9.16.4
[38;5;-107m[AndroidUiautomator2Driver@6248][0m The following provided capabilities were not recognized by this driver:
[38;5;-107m[AndroidUiautomator2Driver@6248][0m   deviceId
[38;5;42m[741a3006][0m[38;5;-107m[AndroidUiautomator2Driver@6248][0m Session created with session id: 741a3006-60db-424e-b938-f37efea47181
[38;5;42m[741a3006][0m[38;5;229m[ADB][0m Using 'adb' from '/Users/gv.vignesh/.katalon/tools/android_sdk/platform-tools/adb'
[38;5;42m[741a3006][0m[38;5;-107m[AndroidUiautomator2Driver@6248][0m Retrieving device list
[38;5;42m[741a3006][0m[38;5;-107m[AndroidUiautomator2Driver@6248][0m Using device: adb-a6e538dc5180-rpwVK8._adb-tls-connect._tcp
[38;5;42m[741a3006][0m[38;5;229m[ADB][0m Using 'adb' from '/Users/gv.vignesh/.katalon/tools/android_sdk/platform-tools/adb'
[38;5;42m[741a3006][0m[38;5;123m[BaseDriver][0m Using local app '/Users/gv.vignesh/Downloads/WGR-Android-Automation/App Folder/universal.apk'
[38;5;42m[741a3006][0m[38;5;229m[ADB][0m Getting device platform version
[38;5;42m[741a3006][0m[38;5;-107m[AndroidUiautomator2Driver@6248][0m Relaxing hidden api policy
[38;5;42m[741a3006][0m[38;5;229m[ADB][0m Using 'aapt2' from '/Users/gv.vignesh/.katalon/tools/android_sdk/build-tools/29.0.3/aapt2'
[38;5;42m[741a3006][0m[38;5;229m[ADB][0m Package name: 'com.westgate.rewrite2'
[38;5;42m[741a3006][0m[38;5;229m[ADB][0m Main activity name: 'com.westgate.rewrite2.MainActivity'
[38;5;42m[741a3006][0m[38;5;-107m[AndroidUiautomator2Driver@6248][0m Restoring hidden api policy to the device default configuration
[38;5;42m[741a3006][0m[38;5;86m[HTTP][0m <-- POST /wd/hub/session 500 883 ms - 10204 
[38;5;86m[HTTP][0m [37m-->[39m [37mGET[39m [37m/wd/hub/status[39m {}
[38;5;86m[HTTP][0m <-- GET /wd/hub/status 200 0 ms - 200 
[38;5;86m[HTTP][0m [37m-->[39m [37mPOST[39m [37m/wd/hub/session[39m {"capabilities":{"firstMatch":[{"appium:app":"/Users/gv.vignesh/Downloads/WGR-Android-Automation/App Folder/universal.apk","appium:autoGrantPermissions":true,"appium:automationName":"uiautomator2","appium:deviceId":"","appium:deviceName":"Xiaomi 23076PC4BI (Android 15)","appium:fullReset":true,"appium:newCommandTimeout":1800,"appium:noReset":false,"appium:platformName":"ANDROID","appium:platformVersion":"15","appium:systemPort":60234,"appium:udid":"adb-a6e538dc5180-rpwVK8._adb-tls-connect._tcp","platformName":"ANDROID"}]},"desiredCapabilities":{"appium:app":"/Users/gv.vignesh/Downloads/WGR-Android-Automation/App Folder/universal.apk","appium:autoGrantPermissions":true,"appium:automationName":"uiautomator2","appium:deviceId":"","appium:deviceName":"Xiaomi 23076PC4BI (Android 15)","appium:fullReset":true,"appium:newCommandTimeout":1800,"appium:noReset":false,"appium:platformName":"ANDROID","appium:platformVersion":"15","appium:systemPort":60234,"appium:udid":"adb-a6e538dc5180-rpwVK8._adb-tls-connect._tcp"}}
[38;5;123m[BaseDriver][0m Ignoring capability 'appium:platformName=ANDROID' and using capability 'platformName=ANDROID'
[38;5;123m[BaseDriver][0m The capabilities ["platformName"] are standard capabilities and do not require "appium:" prefix
[38;5;112m[Appium][0m Attempting to find matching driver for automationName 'uiautomator2' and platformName 'ANDROID'
[38;5;112m[Appium][0m The 'uiautomator2' driver was installed and matched caps.
[38;5;112m[Appium][0m Will require it at /Users/gv.vignesh/.appium/node_modules/appium-uiautomator2-driver
[38;5;51m[AppiumDriver@8010][0m Appium v2.16.0 creating new AndroidUiautomator2Driver (v4.1.5) session
[38;5;51m[AppiumDriver@8010][0m Checking BaseDriver versions for Appium and AndroidUiautomator2Driver
[38;5;51m[AppiumDriver@8010][0m Appium's BaseDriver version is 9.16.4
[38;5;51m[AppiumDriver@8010][0m AndroidUiautomator2Driver's BaseDriver version is 9.16.4
[38;5;-26m[AndroidUiautomator2Driver@7851][0m The following provided capabilities were not recognized by this driver:
[38;5;-26m[AndroidUiautomator2Driver@7851][0m   deviceId
[38;5;135m[7565e6c0][0m[38;5;-26m[AndroidUiautomator2Driver@7851][0m Session created with session id: 7565e6c0-2485-4534-946d-c9e68dec56f6
[38;5;135m[7565e6c0][0m[38;5;229m[ADB][0m Using 'adb' from '/Users/gv.vignesh/.katalon/tools/android_sdk/platform-tools/adb'
[38;5;135m[7565e6c0][0m[38;5;-26m[AndroidUiautomator2Driver@7851][0m Retrieving device list
[38;5;135m[7565e6c0][0m[38;5;-26m[AndroidUiautomator2Driver@7851][0m Using device: adb-a6e538dc5180-rpwVK8._adb-tls-connect._tcp
[38;5;135m[7565e6c0][0m[38;5;229m[ADB][0m Using 'adb' from '/Users/gv.vignesh/.katalon/tools/android_sdk/platform-tools/adb'
[38;5;135m[7565e6c0][0m[38;5;123m[BaseDriver][0m Using local app '/Users/gv.vignesh/Downloads/WGR-Android-Automation/App Folder/universal.apk'
[38;5;135m[7565e6c0][0m[38;5;229m[ADB][0m Getting device platform version
[38;5;135m[7565e6c0][0m[38;5;-26m[AndroidUiautomator2Driver@7851][0m Relaxing hidden api policy
[38;5;135m[7565e6c0][0m[38;5;229m[ADB][0m Using 'aapt2' from '/Users/gv.vignesh/.katalon/tools/android_sdk/build-tools/29.0.3/aapt2'
[38;5;135m[7565e6c0][0m[38;5;229m[ADB][0m Package name: 'com.westgate.rewrite2'
[38;5;135m[7565e6c0][0m[38;5;229m[ADB][0m Main activity name: 'com.westgate.rewrite2.MainActivity'
[38;5;135m[7565e6c0][0m[38;5;-26m[AndroidUiautomator2Driver@7851][0m Restoring hidden api policy to the device default configuration
[38;5;135m[7565e6c0][0m[38;5;86m[HTTP][0m <-- POST /wd/hub/session 500 1032 ms - 10390 
[38;5;86m[HTTP][0m [37m-->[39m [37mGET[39m [37m/wd/hub/status[39m {}
[38;5;86m[HTTP][0m <-- GET /wd/hub/status 200 0 ms - 200 
[38;5;86m[HTTP][0m [37m-->[39m [37mPOST[39m [37m/wd/hub/session[39m {"capabilities":{"firstMatch":[{"appium:app":"/Users/gv.vignesh/Downloads/WGR-Android-Automation/App Folder/universal.apk","appium:autoGrantPermissions":true,"appium:automationName":"uiautomator2","appium:deviceId":"","appium:deviceName":"Xiaomi 23076PC4BI (Android 15)","appium:fullReset":true,"appium:newCommandTimeout":1800,"appium:noReset":false,"appium:platformName":"ANDROID","appium:platformVersion":"15","appium:systemPort":60272,"appium:udid":"adb-a6e538dc5180-rpwVK8._adb-tls-connect._tcp","platformName":"ANDROID"}]},"desiredCapabilities":{"appium:app":"/Users/gv.vignesh/Downloads/WGR-Android-Automation/App Folder/universal.apk","appium:autoGrantPermissions":true,"appium:automationName":"uiautomator2","appium:deviceId":"","appium:deviceName":"Xiaomi 23076PC4BI (Android 15)","appium:fullReset":true,"appium:newCommandTimeout":1800,"appium:noReset":false,"appium:platformName":"ANDROID","appium:platformVersion":"15","appium:systemPort":60272,"appium:udid":"adb-a6e538dc5180-rpwVK8._adb-tls-connect._tcp"}}
[38;5;123m[BaseDriver][0m Ignoring capability 'appium:platformName=ANDROID' and using capability 'platformName=ANDROID'
[38;5;123m[BaseDriver][0m The capabilities ["platformName"] are standard capabilities and do not require "appium:" prefix
[38;5;112m[Appium][0m Attempting to find matching driver for automationName 'uiautomator2' and platformName 'ANDROID'
[38;5;112m[Appium][0m The 'uiautomator2' driver was installed and matched caps.
[38;5;112m[Appium][0m Will require it at /Users/gv.vignesh/.appium/node_modules/appium-uiautomator2-driver
[38;5;51m[AppiumDriver@8010][0m Appium v2.16.0 creating new AndroidUiautomator2Driver (v4.1.5) session
[38;5;51m[AppiumDriver@8010][0m Checking BaseDriver versions for Appium and AndroidUiautomator2Driver
[38;5;51m[AppiumDriver@8010][0m Appium's BaseDriver version is 9.16.4
[38;5;51m[AppiumDriver@8010][0m AndroidUiautomator2Driver's BaseDriver version is 9.16.4
[38;5;-196m[AndroidUiautomator2Driver@c4b8][0m The following provided capabilities were not recognized by this driver:
[38;5;-196m[AndroidUiautomator2Driver@c4b8][0m   deviceId
[38;5;33m[e6edac30][0m[38;5;-196m[AndroidUiautomator2Driver@c4b8][0m Session created with session id: e6edac30-6204-4fe9-9623-0b6a9d340064
[38;5;33m[e6edac30][0m[38;5;229m[ADB][0m Using 'adb' from '/Users/gv.vignesh/.katalon/tools/android_sdk/platform-tools/adb'
[38;5;33m[e6edac30][0m[38;5;-196m[AndroidUiautomator2Driver@c4b8][0m Retrieving device list
[38;5;33m[e6edac30][0m[38;5;-196m[AndroidUiautomator2Driver@c4b8][0m Using device: adb-a6e538dc5180-rpwVK8._adb-tls-connect._tcp
[38;5;33m[e6edac30][0m[38;5;229m[ADB][0m Using 'adb' from '/Users/gv.vignesh/.katalon/tools/android_sdk/platform-tools/adb'
[38;5;33m[e6edac30][0m[38;5;123m[BaseDriver][0m Using local app '/Users/gv.vignesh/Downloads/WGR-Android-Automation/App Folder/universal.apk'
[38;5;33m[e6edac30][0m[38;5;229m[ADB][0m Getting device platform version
[38;5;33m[e6edac30][0m[38;5;-196m[AndroidUiautomator2Driver@c4b8][0m Relaxing hidden api policy
[38;5;33m[e6edac30][0m[38;5;229m[ADB][0m Using 'aapt2' from '/Users/gv.vignesh/.katalon/tools/android_sdk/build-tools/29.0.3/aapt2'
[38;5;33m[e6edac30][0m[38;5;229m[ADB][0m Package name: 'com.westgate.rewrite2'
[38;5;33m[e6edac30][0m[38;5;229m[ADB][0m Main activity name: 'com.westgate.rewrite2.MainActivity'
[38;5;33m[e6edac30][0m[38;5;-196m[AndroidUiautomator2Driver@c4b8][0m Restoring hidden api policy to the device default configuration
[38;5;33m[e6edac30][0m[38;5;86m[HTTP][0m <-- POST /wd/hub/session 500 964 ms - 10204 
[38;5;86m[HTTP][0m [37m-->[39m [37mGET[39m [37m/wd/hub/status[39m {}
[38;5;86m[HTTP][0m <-- GET /wd/hub/status 200 1 ms - 200 
[38;5;86m[HTTP][0m [37m-->[39m [37mPOST[39m [37m/wd/hub/session[39m {"capabilities":{"firstMatch":[{"appium:app":"/Users/gv.vignesh/Downloads/WGR-Android-Automation/App Folder/universal.apk","appium:autoGrantPermissions":true,"appium:automationName":"uiautomator2","appium:deviceId":"","appium:deviceName":"Xiaomi 23076PC4BI (Android 15)","appium:fullReset":true,"appium:newCommandTimeout":1800,"appium:noReset":false,"appium:platformName":"ANDROID","appium:platformVersion":"15","appium:systemPort":60313,"appium:udid":"adb-a6e538dc5180-rpwVK8._adb-tls-connect._tcp","platformName":"ANDROID"}]},"desiredCapabilities":{"appium:app":"/Users/gv.vignesh/Downloads/WGR-Android-Automation/App Folder/universal.apk","appium:autoGrantPermissions":true,"appium:automationName":"uiautomator2","appium:deviceId":"","appium:deviceName":"Xiaomi 23076PC4BI (Android 15)","appium:fullReset":true,"appium:newCommandTimeout":1800,"appium:noReset":false,"appium:platformName":"ANDROID","appium:platformVersion":"15","appium:systemPort":60313,"appium:udid":"adb-a6e538dc5180-rpwVK8._adb-tls-connect._tcp"}}
[38;5;123m[BaseDriver][0m Ignoring capability 'appium:platformName=ANDROID' and using capability 'platformName=ANDROID'
[38;5;123m[BaseDriver][0m The capabilities ["platformName"] are standard capabilities and do not require "appium:" prefix
[38;5;112m[Appium][0m Attempting to find matching driver for automationName 'uiautomator2' and platformName 'ANDROID'
[38;5;112m[Appium][0m The 'uiautomator2' driver was installed and matched caps.
[38;5;112m[Appium][0m Will require it at /Users/gv.vignesh/.appium/node_modules/appium-uiautomator2-driver
[38;5;51m[AppiumDriver@8010][0m Appium v2.16.0 creating new AndroidUiautomator2Driver (v4.1.5) session
[38;5;51m[AppiumDriver@8010][0m Checking BaseDriver versions for Appium and AndroidUiautomator2Driver
[38;5;51m[AppiumDriver@8010][0m Appium's BaseDriver version is 9.16.4
[38;5;51m[AppiumDriver@8010][0m AndroidUiautomator2Driver's BaseDriver version is 9.16.4
[38;5;-36m[AndroidUiautomator2Driver@6689][0m The following provided capabilities were not recognized by this driver:
[38;5;-36m[AndroidUiautomator2Driver@6689][0m   deviceId
[38;5;222m[ae04db15][0m[38;5;-36m[AndroidUiautomator2Driver@6689][0m Session created with session id: ae04db15-3a6f-44db-a6f0-165cba851ef2
[38;5;222m[ae04db15][0m[38;5;229m[ADB][0m Using 'adb' from '/Users/gv.vignesh/.katalon/tools/android_sdk/platform-tools/adb'
[38;5;222m[ae04db15][0m[38;5;-36m[AndroidUiautomator2Driver@6689][0m Retrieving device list
[38;5;222m[ae04db15][0m[38;5;-36m[AndroidUiautomator2Driver@6689][0m Using device: adb-a6e538dc5180-rpwVK8._adb-tls-connect._tcp
[38;5;222m[ae04db15][0m[38;5;229m[ADB][0m Using 'adb' from '/Users/gv.vignesh/.katalon/tools/android_sdk/platform-tools/adb'
[38;5;222m[ae04db15][0m[38;5;123m[BaseDriver][0m Using local app '/Users/gv.vignesh/Downloads/WGR-Android-Automation/App Folder/universal.apk'
[38;5;222m[ae04db15][0m[38;5;229m[ADB][0m Getting device platform version
[38;5;222m[ae04db15][0m[38;5;-36m[AndroidUiautomator2Driver@6689][0m Relaxing hidden api policy
[38;5;222m[ae04db15][0m[38;5;229m[ADB][0m Using 'aapt2' from '/Users/gv.vignesh/.katalon/tools/android_sdk/build-tools/29.0.3/aapt2'
[38;5;222m[ae04db15][0m[38;5;229m[ADB][0m Package name: 'com.westgate.rewrite2'
[38;5;222m[ae04db15][0m[38;5;229m[ADB][0m Main activity name: 'com.westgate.rewrite2.MainActivity'
[38;5;222m[ae04db15][0m[38;5;-36m[AndroidUiautomator2Driver@6689][0m Restoring hidden api policy to the device default configuration
[38;5;222m[ae04db15][0m[38;5;86m[HTTP][0m <-- POST /wd/hub/session 500 996 ms - 10204 
[38;5;86m[HTTP][0m [37m-->[39m [37mGET[39m [37m/wd/hub/status[39m {}
[38;5;86m[HTTP][0m <-- GET /wd/hub/status 200 1 ms - 200 
[38;5;86m[HTTP][0m [37m-->[39m [37mPOST[39m [37m/wd/hub/session[39m {"capabilities":{"firstMatch":[{"appium:app":"/Users/gv.vignesh/Downloads/WGR-Android-Automation/App Folder/universal.apk","appium:autoGrantPermissions":true,"appium:automationName":"uiautomator2","appium:deviceId":"","appium:deviceName":"Xiaomi 23076PC4BI (Android 15)","appium:fullReset":true,"appium:newCommandTimeout":1800,"appium:noReset":false,"appium:platformName":"ANDROID","appium:platformVersion":"15","appium:systemPort":60352,"appium:udid":"adb-a6e538dc5180-rpwVK8._adb-tls-connect._tcp","platformName":"ANDROID"}]},"desiredCapabilities":{"appium:app":"/Users/gv.vignesh/Downloads/WGR-Android-Automation/App Folder/universal.apk","appium:autoGrantPermissions":true,"appium:automationName":"uiautomator2","appium:deviceId":"","appium:deviceName":"Xiaomi 23076PC4BI (Android 15)","appium:fullReset":true,"appium:newCommandTimeout":1800,"appium:noReset":false,"appium:platformName":"ANDROID","appium:platformVersion":"15","appium:systemPort":60352,"appium:udid":"adb-a6e538dc5180-rpwVK8._adb-tls-connect._tcp"}}
[38;5;123m[BaseDriver][0m Ignoring capability 'appium:platformName=ANDROID' and using capability 'platformName=ANDROID'
[38;5;123m[BaseDriver][0m The capabilities ["platformName"] are standard capabilities and do not require "appium:" prefix
[38;5;112m[Appium][0m Attempting to find matching driver for automationName 'uiautomator2' and platformName 'ANDROID'
[38;5;112m[Appium][0m The 'uiautomator2' driver was installed and matched caps.
[38;5;112m[Appium][0m Will require it at /Users/gv.vignesh/.appium/node_modules/appium-uiautomator2-driver
[38;5;51m[AppiumDriver@8010][0m Appium v2.16.0 creating new AndroidUiautomator2Driver (v4.1.5) session
[38;5;51m[AppiumDriver@8010][0m Checking BaseDriver versions for Appium and AndroidUiautomator2Driver
[38;5;51m[AppiumDriver@8010][0m Appium's BaseDriver version is 9.16.4
[38;5;51m[AppiumDriver@8010][0m AndroidUiautomator2Driver's BaseDriver version is 9.16.4
[38;5;-129m[AndroidUiautomator2Driver@8e2a][0m The following provided capabilities were not recognized by this driver:
[38;5;-129m[AndroidUiautomator2Driver@8e2a][0m   deviceId
[38;5;179m[d7b2d6b2][0m[38;5;-129m[AndroidUiautomator2Driver@8e2a][0m Session created with session id: d7b2d6b2-a638-4be2-a393-00e911e0ce9a
[38;5;179m[d7b2d6b2][0m[38;5;229m[ADB][0m Using 'adb' from '/Users/gv.vignesh/.katalon/tools/android_sdk/platform-tools/adb'
[38;5;179m[d7b2d6b2][0m[38;5;-129m[AndroidUiautomator2Driver@8e2a][0m Retrieving device list
[38;5;179m[d7b2d6b2][0m[38;5;-129m[AndroidUiautomator2Driver@8e2a][0m Using device: adb-a6e538dc5180-rpwVK8._adb-tls-connect._tcp
[38;5;179m[d7b2d6b2][0m[38;5;229m[ADB][0m Using 'adb' from '/Users/gv.vignesh/.katalon/tools/android_sdk/platform-tools/adb'
[38;5;179m[d7b2d6b2][0m[38;5;123m[BaseDriver][0m Using local app '/Users/gv.vignesh/Downloads/WGR-Android-Automation/App Folder/universal.apk'
[38;5;179m[d7b2d6b2][0m[38;5;229m[ADB][0m Getting device platform version
[38;5;179m[d7b2d6b2][0m[38;5;-129m[AndroidUiautomator2Driver@8e2a][0m Relaxing hidden api policy
[38;5;179m[d7b2d6b2][0m[38;5;229m[ADB][0m Using 'aapt2' from '/Users/gv.vignesh/.katalon/tools/android_sdk/build-tools/29.0.3/aapt2'
[38;5;179m[d7b2d6b2][0m[38;5;229m[ADB][0m Package name: 'com.westgate.rewrite2'
[38;5;179m[d7b2d6b2][0m[38;5;229m[ADB][0m Main activity name: 'com.westgate.rewrite2.MainActivity'
[38;5;86m[HTTP][0m <-- POST /wd/hub/session - - ms - - 
[38;5;179m[d7b2d6b2][0m[38;5;-129m[AndroidUiautomator2Driver@8e2a][0m Restoring hidden api policy to the device default configuration
[38;5;112m[Appium][0m Received SIGTERM - shutting down
[38;5;86m[HTTP][0m Closing Appium HTTP server
[38;5;86m[HTTP][0m Appium HTTP server has been succesfully closed after 2ms
