[38;5;112m[Appium][0m Welcome to Appium v2.17.1 (REV f1041842141f20bc701b522d4371d7843d905580)
[38;5;112m[Appium][0m Non-default server args:
[38;5;112m[Appium][0m { basePath: [32m'/wd/hub'[39m, loglevel: [32m'info'[39m, port: [33m61172[39m }
[38;5;112m[Appium][0m Attempting to load driver uiautomator2...
[38;5;112m[Appium][0m Appium REST http interface listener started on http://0.0.0.0:61172/wd/hub
[38;5;112m[Appium][0m You can provide the following URLs in your client code to connect to this server:
	http://127.0.0.1:61172/wd/hub (only accessible from the same host)
	http://192.168.0.106:61172/wd/hub
[38;5;112m[Appium][0m Available drivers:
[38;5;112m[Appium][0m   - uiautomator2@4.1.5 (automationName 'UiAutomator2')
[38;5;112m[Appium][0m No plugins have been installed. Use the "appium plugin" command to install the one(s) you want to use.
[38;5;86m[HTTP][0m [37m-->[39m [37mGET[39m [37m/wd/hub/status[39m {}
[38;5;86m[HTTP][0m <-- GET /wd/hub/status 200 5 ms - 200 
[38;5;86m[HTTP][0m [37m-->[39m [37mPOST[39m [37m/wd/hub/session[39m {"capabilities":{"firstMatch":[{"appium:app":"/Users/gv.vignesh/Downloads/WGR-Android-Automation/App Folder/universal.apk","appium:autoGrantPermissions":true,"appium:automationName":"uiautomator2","appium:deviceId":"","appium:deviceName":"emulator-5554 (sdk_gphone64_arm64 - Android 15)","appium:fullReset":true,"appium:newCommandTimeout":1800,"appium:noReset":false,"appium:platformName":"ANDROID","appium:platformVersion":"15","appium:systemPort":61171,"appium:udid":"emulator-5554","platformName":"ANDROID"}]},"desiredCapabilities":{"appium:app":"/Users/gv.vignesh/Downloads/WGR-Android-Automation/App Folder/universal.apk","appium:autoGrantPermissions":true,"appium:automationName":"uiautomator2","appium:deviceId":"","appium:deviceName":"emulator-5554 (sdk_gphone64_arm64 - Android 15)","appium:fullReset":true,"appium:newCommandTimeout":1800,"appium:noReset":false,"appium:platformName":"ANDROID","appium:platformVersion":"15","appium:systemPort":61171,"appium:udid":"emulator-5554"}}
[38;5;123m[BaseDriver][0m Ignoring capability 'appium:platformName=ANDROID' and using capability 'platformName=ANDROID'
[38;5;123m[BaseDriver][0m The capabilities ["platformName"] are standard capabilities and do not require "appium:" prefix
[38;5;112m[Appium][0m Attempting to find matching driver for automationName 'uiautomator2' and platformName 'ANDROID'
[38;5;112m[Appium][0m The 'uiautomator2' driver was installed and matched caps.
[38;5;112m[Appium][0m Will require it at /Users/gv.vignesh/.appium/node_modules/appium-uiautomator2-driver
[38;5;98m[AppiumDriver@06c7][0m Appium v2.17.1 creating new AndroidUiautomator2Driver (v4.1.5) session
[38;5;98m[AppiumDriver@06c7][0m Checking BaseDriver versions for Appium and AndroidUiautomator2Driver
[38;5;98m[AppiumDriver@06c7][0m Appium's BaseDriver version is 9.16.4
[38;5;98m[AppiumDriver@06c7][0m AndroidUiautomator2Driver's BaseDriver version is 9.16.4
[38;5;13m[AndroidUiautomator2Driver@e6da][0m The following provided capabilities were not recognized by this driver:
[38;5;13m[AndroidUiautomator2Driver@e6da][0m   deviceId
[38;5;161m[e17d70f9][0m[38;5;13m[AndroidUiautomator2Driver@e6da][0m Session created with session id: e17d70f9-ee02-4c8c-939a-6a373072f44e
[38;5;161m[e17d70f9][0m[38;5;229m[ADB][0m Found 1 'build-tools' folders under '/Users/gv.vignesh/.katalon/tools/android_sdk' (newest first):
[38;5;161m[e17d70f9][0m[38;5;229m[ADB][0m     /Users/gv.vignesh/.katalon/tools/android_sdk/build-tools/29.0.3
[38;5;161m[e17d70f9][0m[38;5;229m[ADB][0m Using 'adb' from '/Users/gv.vignesh/.katalon/tools/android_sdk/platform-tools/adb'
[38;5;161m[e17d70f9][0m[38;5;13m[AndroidUiautomator2Driver@e6da][0m Retrieving device list
[38;5;161m[e17d70f9][0m[38;5;13m[AndroidUiautomator2Driver@e6da][0m Using device: emulator-5554
[38;5;161m[e17d70f9][0m[38;5;229m[ADB][0m Using 'adb' from '/Users/gv.vignesh/.katalon/tools/android_sdk/platform-tools/adb'
[38;5;161m[e17d70f9][0m[38;5;123m[BaseDriver][0m Using local app '/Users/gv.vignesh/Downloads/WGR-Android-Automation/App Folder/universal.apk'
[38;5;161m[e17d70f9][0m[38;5;229m[ADB][0m Getting device platform version
[38;5;161m[e17d70f9][0m[38;5;13m[AndroidUiautomator2Driver@e6da][0m Relaxing hidden api policy
[38;5;161m[e17d70f9][0m[38;5;229m[ADB][0m Using 'aapt2' from '/Users/gv.vignesh/.katalon/tools/android_sdk/build-tools/29.0.3/aapt2'
[38;5;161m[e17d70f9][0m[38;5;229m[ADB][0m Package name: 'com.westgate.rewrite2'
[38;5;161m[e17d70f9][0m[38;5;229m[ADB][0m Main activity name: 'com.westgate.rewrite2.MainActivity'
[38;5;161m[e17d70f9][0m[38;5;229m[ADB][0m Using 'apksigner.jar' from '/Users/gv.vignesh/.katalon/tools/android_sdk/build-tools/29.0.3/lib/apksigner.jar'
[38;5;161m[e17d70f9][0m[38;5;13m[AndroidUiautomator2Driver@e6da][0m Server packages are not going to be (re)installed
[38;5;161m[e17d70f9][0m[38;5;229m[ADB][0m Adding packages ["io.appium.settings","io.appium.uiautomator2.server","io.appium.uiautomator2.server.test"] to Doze whitelist
[38;5;161m[e17d70f9][0m[38;5;229m[ADB][0m '/Users/gv.vignesh/Downloads/WGR-Android-Automation/App Folder/universal.apk' is signed with a non-default certificate
[38;5;161m[e17d70f9][0m[38;5;229m[ADB][0m com.westgate.rewrite2 was not uninstalled, because it was not present on the device
[38;5;161m[e17d70f9][0m[38;5;229m[ADB][0m The application at '/Users/gv.vignesh/Downloads/WGR-Android-Automation/App Folder/universal.apk' will not be cached, because the device under test has confirmed the support of streamed installs
[38;5;161m[e17d70f9][0m[38;5;229m[ADB][0m The installation of 'universal.apk' took 804ms
[38;5;161m[e17d70f9][0m[38;5;13m[AndroidUiautomator2Driver@e6da][0m Starting UIAutomator2 server 7.3.0
[38;5;161m[e17d70f9][0m[38;5;13m[AndroidUiautomator2Driver@e6da][0m Using UIAutomator2 server from '/Users/gv.vignesh/.appium/node_modules/appium-uiautomator2-driver/node_modules/appium-uiautomator2-server/apks/appium-uiautomator2-server-v7.3.0.apk' and test from '/Users/gv.vignesh/.appium/node_modules/appium-uiautomator2-driver/node_modules/appium-uiautomator2-server/apks/appium-uiautomator2-server-debug-androidTest.apk'
[38;5;161m[e17d70f9][0m[38;5;13m[AndroidUiautomator2Driver@e6da][0m Waiting up to 30000ms for UiAutomator2 to be online...
[38;5;161m[e17d70f9][0m[38;5;13m[AndroidUiautomator2Driver@e6da][0m socket hang up
[38;5;161m[e17d70f9][0m[38;5;13m[AndroidUiautomator2Driver@e6da][0m socket hang up
[38;5;161m[e17d70f9][0m[38;5;13m[AndroidUiautomator2Driver@e6da][0m Determined the downstream protocol as 'W3C'
[38;5;161m[e17d70f9][0m[38;5;13m[AndroidUiautomator2Driver@e6da][0m Screen already unlocked, doing nothing
[38;5;161m[e17d70f9][0m[38;5;13m[AndroidUiautomator2Driver@e6da][0m Starting 'com.westgate.rewrite2/com.westgate.rewrite2.MainActivity' and waiting for 'com.westgate.rewrite2/com.westgate.rewrite2.MainActivity'
[38;5;161m[e17d70f9][0m[38;5;98m[AppiumDriver@06c7][0m New AndroidUiautomator2Driver session created successfully, session e17d70f9-ee02-4c8c-939a-6a373072f44e added to master session list
[38;5;161m[e17d70f9][0m[38;5;86m[HTTP][0m <-- POST /wd/hub/session 200 8056 ms - 1352 
[38;5;86m[HTTP][0m [37m-->[39m [37mGET[39m [37m/wd/hub/status[39m {}
[38;5;86m[HTTP][0m <-- GET /wd/hub/status 200 0 ms - 200 
[38;5;161m[e17d70f9][0m[38;5;86m[HTTP][0m [37m-->[39m [37mPOST[39m [37m/wd/hub/session/e17d70f9-ee02-4c8c-939a-6a373072f44e/timeouts[39m {"implicit":30000}
[38;5;161m[e17d70f9][0m[38;5;86m[HTTP][0m <-- POST /wd/hub/session/e17d70f9-ee02-4c8c-939a-6a373072f44e/timeouts 200 1 ms - 14 
[38;5;161m[e17d70f9][0m[38;5;86m[HTTP][0m [37m-->[39m [37mPOST[39m [37m/wd/hub/session/e17d70f9-ee02-4c8c-939a-6a373072f44e/execute/sync[39m {"script":"mobile: getSystemBars","args":[]}
[38;5;161m[e17d70f9][0m[38;5;13m[AndroidUiautomator2Driver@e6da][0m No windows have been found whose title matches to 'NavigationBar'. Assuming it is invisible. Only the following windows are available: ScreenDecorOverlayBottom,ScreenDecorOverlay,EdgeBackGestureHandler0,Taskbar,NotificationShade,StatusBar,ShellDropTarget,InputMethod
[38;5;161m[e17d70f9][0m[38;5;86m[HTTP][0m <-- POST /wd/hub/session/e17d70f9-ee02-4c8c-939a-6a373072f44e/execute/sync 200 78 ms - 145 
[38;5;161m[e17d70f9][0m[38;5;86m[HTTP][0m [37m-->[39m [37mPOST[39m [37m/wd/hub/session/e17d70f9-ee02-4c8c-939a-6a373072f44e/timeouts[39m {"implicit":50}
[38;5;161m[e17d70f9][0m[38;5;86m[HTTP][0m <-- POST /wd/hub/session/e17d70f9-ee02-4c8c-939a-6a373072f44e/timeouts 200 1 ms - 14 
[38;5;161m[e17d70f9][0m[38;5;86m[HTTP][0m [37m-->[39m [37mGET[39m [37m/wd/hub/session/e17d70f9-ee02-4c8c-939a-6a373072f44e/window/rect[39m {}
[38;5;161m[e17d70f9][0m[38;5;86m[HTTP][0m <-- GET /wd/hub/session/e17d70f9-ee02-4c8c-939a-6a373072f44e/window/rect 200 10 ms - 50 
[38;5;161m[e17d70f9][0m[38;5;86m[HTTP][0m [37m-->[39m [37mPOST[39m [37m/wd/hub/session/e17d70f9-ee02-4c8c-939a-6a373072f44e/elements[39m {"using":"xpath","value":"//*[@class = 'android.widget.Button' and (@text = 'Login or Sign Up' or . = 'Login or Sign Up')]"}
[38;5;161m[e17d70f9][0m[38;5;86m[HTTP][0m <-- POST /wd/hub/session/e17d70f9-ee02-4c8c-939a-6a373072f44e/elements 200 168 ms - 139 
[38;5;161m[e17d70f9][0m[38;5;86m[HTTP][0m [37m-->[39m [37mGET[39m [37m/wd/hub/session/e17d70f9-ee02-4c8c-939a-6a373072f44e/element/00000000-0000-000b-0000-00e000000007/rect[39m {}
[38;5;161m[e17d70f9][0m[38;5;13m[AndroidUiautomator2Driver@e6da][0m Driver proxy active, passing request on via HTTP proxy
[38;5;161m[e17d70f9][0m[38;5;13m[AndroidUiautomator2Driver@e6da][0m Replacing sessionId 80287c3d-a791-4f05-94cb-58ea86d917d6 with e17d70f9-ee02-4c8c-939a-6a373072f44e
[38;5;161m[e17d70f9][0m[38;5;86m[HTTP][0m <-- GET /wd/hub/session/e17d70f9-ee02-4c8c-939a-6a373072f44e/element/00000000-0000-000b-0000-00e000000007/rect 200 8 ms - 103 
[38;5;161m[e17d70f9][0m[38;5;86m[HTTP][0m [37m-->[39m [37mPOST[39m [37m/wd/hub/session/e17d70f9-ee02-4c8c-939a-6a373072f44e/timeouts[39m {"implicit":30000}
[38;5;161m[e17d70f9][0m[38;5;86m[HTTP][0m <-- POST /wd/hub/session/e17d70f9-ee02-4c8c-939a-6a373072f44e/timeouts 200 0 ms - 14 
[38;5;161m[e17d70f9][0m[38;5;86m[HTTP][0m [37m-->[39m [37mPOST[39m [37m/wd/hub/session/e17d70f9-ee02-4c8c-939a-6a373072f44e/element/00000000-0000-000b-0000-00e000000007/click[39m {"id":"00000000-0000-000b-0000-00e000000007"}
[38;5;161m[e17d70f9][0m[38;5;86m[HTTP][0m <-- POST /wd/hub/session/e17d70f9-ee02-4c8c-939a-6a373072f44e/element/00000000-0000-000b-0000-00e000000007/click 200 59 ms - 14 
[38;5;161m[e17d70f9][0m[38;5;86m[HTTP][0m [37m-->[39m [37mPOST[39m [37m/wd/hub/session/e17d70f9-ee02-4c8c-939a-6a373072f44e/timeouts[39m {"implicit":50}
[38;5;161m[e17d70f9][0m[38;5;86m[HTTP][0m <-- POST /wd/hub/session/e17d70f9-ee02-4c8c-939a-6a373072f44e/timeouts 200 1 ms - 14 
[38;5;161m[e17d70f9][0m[38;5;86m[HTTP][0m [37m-->[39m [37mGET[39m [37m/wd/hub/session/e17d70f9-ee02-4c8c-939a-6a373072f44e/window/rect[39m {}
[38;5;161m[e17d70f9][0m[38;5;86m[HTTP][0m <-- GET /wd/hub/session/e17d70f9-ee02-4c8c-939a-6a373072f44e/window/rect 200 5 ms - 50 
[38;5;161m[e17d70f9][0m[38;5;86m[HTTP][0m [37m-->[39m [37mPOST[39m [37m/wd/hub/session/e17d70f9-ee02-4c8c-939a-6a373072f44e/elements[39m {"using":"xpath","value":"//*[@class = 'android.widget.EditText' and (@text = '' or . = '')]"}
[38;5;161m[e17d70f9][0m[38;5;86m[HTTP][0m <-- POST /wd/hub/session/e17d70f9-ee02-4c8c-939a-6a373072f44e/elements 200 62 ms - 139 
[38;5;161m[e17d70f9][0m[38;5;86m[HTTP][0m [37m-->[39m [37mGET[39m [37m/wd/hub/session/e17d70f9-ee02-4c8c-939a-6a373072f44e/element/00000000-0000-000b-0000-010900000007/rect[39m {}
[38;5;161m[e17d70f9][0m[38;5;13m[AndroidUiautomator2Driver@e6da][0m Driver proxy active, passing request on via HTTP proxy
[38;5;161m[e17d70f9][0m[38;5;13m[AndroidUiautomator2Driver@e6da][0m Replacing sessionId 80287c3d-a791-4f05-94cb-58ea86d917d6 with e17d70f9-ee02-4c8c-939a-6a373072f44e
[38;5;161m[e17d70f9][0m[38;5;86m[HTTP][0m <-- GET /wd/hub/session/e17d70f9-ee02-4c8c-939a-6a373072f44e/element/00000000-0000-000b-0000-010900000007/rect 200 5 ms - 103 
[38;5;161m[e17d70f9][0m[38;5;86m[HTTP][0m [37m-->[39m [37mPOST[39m [37m/wd/hub/session/e17d70f9-ee02-4c8c-939a-6a373072f44e/timeouts[39m {"implicit":30000}
[38;5;161m[e17d70f9][0m[38;5;86m[HTTP][0m <-- POST /wd/hub/session/e17d70f9-ee02-4c8c-939a-6a373072f44e/timeouts 200 0 ms - 14 
[38;5;161m[e17d70f9][0m[38;5;86m[HTTP][0m [37m-->[39m [37mPOST[39m [37m/wd/hub/session/e17d70f9-ee02-4c8c-939a-6a373072f44e/element/00000000-0000-000b-0000-010900000007/clear[39m {"id":"00000000-0000-000b-0000-010900000007"}
[38;5;161m[e17d70f9][0m[38;5;86m[HTTP][0m <-- POST /wd/hub/session/e17d70f9-ee02-4c8c-939a-6a373072f44e/element/00000000-0000-000b-0000-010900000007/clear 200 8 ms - 14 
[38;5;161m[e17d70f9][0m[38;5;86m[HTTP][0m [37m-->[39m [37mPOST[39m [37m/wd/hub/session/e17d70f9-ee02-4c8c-939a-6a373072f44e/element/00000000-0000-000b-0000-010900000007/click[39m {"id":"00000000-0000-000b-0000-010900000007"}
[38;5;161m[e17d70f9][0m[38;5;86m[HTTP][0m <-- POST /wd/hub/session/e17d70f9-ee02-4c8c-939a-6a373072f44e/element/00000000-0000-000b-0000-010900000007/click 200 39 ms - 14 
[38;5;161m[e17d70f9][0m[38;5;86m[HTTP][0m [37m-->[39m [37mPOST[39m [37m/wd/hub/session/e17d70f9-ee02-4c8c-939a-6a373072f44e/element/00000000-0000-000b-0000-010900000007/value[39m {"text":"03205198tm@wg.com","id":"00000000-0000-000b-0000-010900000007","value":["0","3","2","0","5","1","9","8","t","m","@","w","g",".","c","o","m"]}
[38;5;161m[e17d70f9][0m[38;5;86m[HTTP][0m <-- POST /wd/hub/session/e17d70f9-ee02-4c8c-939a-6a373072f44e/element/00000000-0000-000b-0000-010900000007/value 200 25 ms - 14 
[38;5;161m[e17d70f9][0m[38;5;86m[HTTP][0m [37m-->[39m [37mGET[39m [37m/wd/hub/session/e17d70f9-ee02-4c8c-939a-6a373072f44e/context[39m {}
[38;5;161m[e17d70f9][0m[38;5;86m[HTTP][0m <-- GET /wd/hub/session/e17d70f9-ee02-4c8c-939a-6a373072f44e/context 200 1 ms - 22 
[38;5;161m[e17d70f9][0m[38;5;86m[HTTP][0m [37m-->[39m [37mGET[39m [37m/wd/hub/session/e17d70f9-ee02-4c8c-939a-6a373072f44e/contexts[39m {}
[38;5;161m[e17d70f9][0m[38;5;86m[HTTP][0m <-- GET /wd/hub/session/e17d70f9-ee02-4c8c-939a-6a373072f44e/contexts 200 296 ms - 24 
[38;5;161m[e17d70f9][0m[38;5;86m[HTTP][0m [37m-->[39m [37mPOST[39m [37m/wd/hub/session/e17d70f9-ee02-4c8c-939a-6a373072f44e/context[39m {"name":"NATIVE_APP"}
[38;5;161m[e17d70f9][0m[38;5;86m[HTTP][0m <-- POST /wd/hub/session/e17d70f9-ee02-4c8c-939a-6a373072f44e/context 200 1 ms - 14 
[38;5;161m[e17d70f9][0m[38;5;86m[HTTP][0m [37m-->[39m [37mPOST[39m [37m/wd/hub/session/e17d70f9-ee02-4c8c-939a-6a373072f44e/execute/sync[39m {"script":"mobile: hideKeyboard","args":[]}
[38;5;161m[e17d70f9][0m[38;5;86m[HTTP][0m <-- POST /wd/hub/session/e17d70f9-ee02-4c8c-939a-6a373072f44e/execute/sync 200 1733 ms - 14 
[38;5;161m[e17d70f9][0m[38;5;86m[HTTP][0m [37m-->[39m [37mPOST[39m [37m/wd/hub/session/e17d70f9-ee02-4c8c-939a-6a373072f44e/context[39m {"name":"NATIVE_APP"}
[38;5;161m[e17d70f9][0m[38;5;86m[HTTP][0m <-- POST /wd/hub/session/e17d70f9-ee02-4c8c-939a-6a373072f44e/context 200 1 ms - 14 
[38;5;161m[e17d70f9][0m[38;5;86m[HTTP][0m [37m-->[39m [37mPOST[39m [37m/wd/hub/session/e17d70f9-ee02-4c8c-939a-6a373072f44e/timeouts[39m {"implicit":50}
[38;5;161m[e17d70f9][0m[38;5;86m[HTTP][0m <-- POST /wd/hub/session/e17d70f9-ee02-4c8c-939a-6a373072f44e/timeouts 200 1 ms - 14 
[38;5;161m[e17d70f9][0m[38;5;86m[HTTP][0m [37m-->[39m [37mGET[39m [37m/wd/hub/session/e17d70f9-ee02-4c8c-939a-6a373072f44e/window/rect[39m {}
[38;5;161m[e17d70f9][0m[38;5;86m[HTTP][0m <-- GET /wd/hub/session/e17d70f9-ee02-4c8c-939a-6a373072f44e/window/rect 500 2 ms - 1149 
[38;5;161m[e17d70f9][0m[38;5;86m[HTTP][0m [37m-->[39m [37mPOST[39m [37m/wd/hub/session/e17d70f9-ee02-4c8c-939a-6a373072f44e/timeouts[39m {"implicit":30000}
[38;5;161m[e17d70f9][0m[38;5;86m[HTTP][0m <-- POST /wd/hub/session/e17d70f9-ee02-4c8c-939a-6a373072f44e/timeouts 200 1 ms - 14 
[38;5;161m[e17d70f9][0m[38;5;86m[HTTP][0m [37m-->[39m [37mGET[39m [37m/wd/hub/session/e17d70f9-ee02-4c8c-939a-6a373072f44e/context[39m {}
[38;5;161m[e17d70f9][0m[38;5;86m[HTTP][0m <-- GET /wd/hub/session/e17d70f9-ee02-4c8c-939a-6a373072f44e/context 200 1 ms - 22 
[38;5;161m[e17d70f9][0m[38;5;86m[HTTP][0m [37m-->[39m [37mGET[39m [37m/wd/hub/session/e17d70f9-ee02-4c8c-939a-6a373072f44e/contexts[39m {}
[38;5;161m[e17d70f9][0m[38;5;86m[HTTP][0m <-- GET /wd/hub/session/e17d70f9-ee02-4c8c-939a-6a373072f44e/contexts 200 265 ms - 24 
[38;5;161m[e17d70f9][0m[38;5;86m[HTTP][0m [37m-->[39m [37mPOST[39m [37m/wd/hub/session/e17d70f9-ee02-4c8c-939a-6a373072f44e/context[39m {"name":"NATIVE_APP"}
[38;5;161m[e17d70f9][0m[38;5;86m[HTTP][0m <-- POST /wd/hub/session/e17d70f9-ee02-4c8c-939a-6a373072f44e/context 200 1 ms - 14 
[38;5;161m[e17d70f9][0m[38;5;86m[HTTP][0m [37m-->[39m [37mGET[39m [37m/wd/hub/session/e17d70f9-ee02-4c8c-939a-6a373072f44e/screenshot[39m {}
[38;5;161m[e17d70f9][0m[38;5;86m[HTTP][0m <-- GET /wd/hub/session/e17d70f9-ee02-4c8c-939a-6a373072f44e/screenshot 500 3 ms - 986 
[38;5;161m[e17d70f9][0m[38;5;86m[HTTP][0m [37m-->[39m [37mPOST[39m [37m/wd/hub/session/e17d70f9-ee02-4c8c-939a-6a373072f44e/context[39m {"name":"NATIVE_APP"}
[38;5;161m[e17d70f9][0m[38;5;86m[HTTP][0m <-- POST /wd/hub/session/e17d70f9-ee02-4c8c-939a-6a373072f44e/context 200 1 ms - 14 
[38;5;86m[HTTP][0m [37m-->[39m [37mGET[39m [37m/wd/hub/status[39m {}
[38;5;86m[HTTP][0m <-- GET /wd/hub/status 200 1 ms - 200 
[38;5;86m[HTTP][0m [37m-->[39m [37mPOST[39m [37m/wd/hub/session[39m {"capabilities":{"firstMatch":[{"appium:app":"/Users/gv.vignesh/Downloads/WGR-Android-Automation/App Folder/universal.apk","appium:autoGrantPermissions":true,"appium:automationName":"uiautomator2","appium:deviceId":"","appium:deviceName":"emulator-5554 (sdk_gphone64_arm64 - Android 15)","appium:fullReset":true,"appium:newCommandTimeout":1800,"appium:noReset":false,"appium:platformName":"ANDROID","appium:platformVersion":"15","appium:systemPort":61437,"appium:udid":"emulator-5554","platformName":"ANDROID"}]},"desiredCapabilities":{"appium:app":"/Users/gv.vignesh/Downloads/WGR-Android-Automation/App Folder/universal.apk","appium:autoGrantPermissions":true,"appium:automationName":"uiautomator2","appium:deviceId":"","appium:deviceName":"emulator-5554 (sdk_gphone64_arm64 - Android 15)","appium:fullReset":true,"appium:newCommandTimeout":1800,"appium:noReset":false,"appium:platformName":"ANDROID","appium:platformVersion":"15","appium:systemPort":61437,"appium:udid":"emulator-5554"}}
[38;5;123m[BaseDriver][0m Ignoring capability 'appium:platformName=ANDROID' and using capability 'platformName=ANDROID'
[38;5;123m[BaseDriver][0m The capabilities ["platformName"] are standard capabilities and do not require "appium:" prefix
[38;5;112m[Appium][0m Attempting to find matching driver for automationName 'uiautomator2' and platformName 'ANDROID'
[38;5;112m[Appium][0m The 'uiautomator2' driver was installed and matched caps.
[38;5;112m[Appium][0m Will require it at /Users/gv.vignesh/.appium/node_modules/appium-uiautomator2-driver
[38;5;98m[AppiumDriver@06c7][0m Appium v2.17.1 creating new AndroidUiautomator2Driver (v4.1.5) session
[38;5;98m[AppiumDriver@06c7][0m Checking BaseDriver versions for Appium and AndroidUiautomator2Driver
[38;5;98m[AppiumDriver@06c7][0m Appium's BaseDriver version is 9.16.4
[38;5;98m[AppiumDriver@06c7][0m AndroidUiautomator2Driver's BaseDriver version is 9.16.4
[38;5;-174m[AndroidUiautomator2Driver@d7f6][0m The following provided capabilities were not recognized by this driver:
[38;5;-174m[AndroidUiautomator2Driver@d7f6][0m   deviceId
[38;5;77m[d5328a42][0m[38;5;-174m[AndroidUiautomator2Driver@d7f6][0m Session created with session id: d5328a42-9c21-49ee-908e-55912a8e6d70
[38;5;77m[d5328a42][0m[38;5;229m[ADB][0m Using 'adb' from '/Users/gv.vignesh/.katalon/tools/android_sdk/platform-tools/adb'
[38;5;77m[d5328a42][0m[38;5;-174m[AndroidUiautomator2Driver@d7f6][0m Retrieving device list
[38;5;77m[d5328a42][0m[38;5;-174m[AndroidUiautomator2Driver@d7f6][0m Using device: emulator-5554
[38;5;77m[d5328a42][0m[38;5;229m[ADB][0m Using 'adb' from '/Users/gv.vignesh/.katalon/tools/android_sdk/platform-tools/adb'
[38;5;77m[d5328a42][0m[38;5;123m[BaseDriver][0m Using local app '/Users/gv.vignesh/Downloads/WGR-Android-Automation/App Folder/universal.apk'
[38;5;77m[d5328a42][0m[38;5;229m[ADB][0m Getting device platform version
[38;5;77m[d5328a42][0m[38;5;-174m[AndroidUiautomator2Driver@d7f6][0m Relaxing hidden api policy
[38;5;77m[d5328a42][0m[38;5;229m[ADB][0m Using 'aapt2' from '/Users/gv.vignesh/.katalon/tools/android_sdk/build-tools/29.0.3/aapt2'
[38;5;77m[d5328a42][0m[38;5;229m[ADB][0m Package name: 'com.westgate.rewrite2'
[38;5;77m[d5328a42][0m[38;5;229m[ADB][0m Main activity name: 'com.westgate.rewrite2.MainActivity'
[38;5;77m[d5328a42][0m[38;5;-174m[AndroidUiautomator2Driver@d7f6][0m Server packages are not going to be (re)installed
[38;5;77m[d5328a42][0m[38;5;229m[ADB][0m com.westgate.rewrite2 was not uninstalled, because it was not present on the device
[38;5;77m[d5328a42][0m[38;5;229m[ADB][0m Adding packages ["io.appium.settings","io.appium.uiautomator2.server","io.appium.uiautomator2.server.test"] to Doze whitelist
[38;5;77m[d5328a42][0m[38;5;229m[ADB][0m The application at '/Users/gv.vignesh/Downloads/WGR-Android-Automation/App Folder/universal.apk' will not be cached, because the device under test has confirmed the support of streamed installs
[38;5;77m[d5328a42][0m[38;5;229m[ADB][0m The installation of 'universal.apk' took 767ms
[38;5;77m[d5328a42][0m[38;5;-174m[AndroidUiautomator2Driver@d7f6][0m Starting UIAutomator2 server 7.3.0
[38;5;77m[d5328a42][0m[38;5;-174m[AndroidUiautomator2Driver@d7f6][0m Using UIAutomator2 server from '/Users/gv.vignesh/.appium/node_modules/appium-uiautomator2-driver/node_modules/appium-uiautomator2-server/apks/appium-uiautomator2-server-v7.3.0.apk' and test from '/Users/gv.vignesh/.appium/node_modules/appium-uiautomator2-driver/node_modules/appium-uiautomator2-server/apks/appium-uiautomator2-server-debug-androidTest.apk'
[38;5;77m[d5328a42][0m[38;5;-174m[AndroidUiautomator2Driver@d7f6][0m Waiting up to 30000ms for UiAutomator2 to be online...
[38;5;77m[d5328a42][0m[38;5;-174m[AndroidUiautomator2Driver@d7f6][0m socket hang up
[38;5;77m[d5328a42][0m[38;5;-174m[AndroidUiautomator2Driver@d7f6][0m socket hang up
[38;5;77m[d5328a42][0m[38;5;-174m[AndroidUiautomator2Driver@d7f6][0m Determined the downstream protocol as 'W3C'
[38;5;77m[d5328a42][0m[38;5;-174m[AndroidUiautomator2Driver@d7f6][0m Screen already unlocked, doing nothing
[38;5;77m[d5328a42][0m[38;5;-174m[AndroidUiautomator2Driver@d7f6][0m Starting 'com.westgate.rewrite2/com.westgate.rewrite2.MainActivity' and waiting for 'com.westgate.rewrite2/com.westgate.rewrite2.MainActivity'
[38;5;77m[d5328a42][0m[38;5;98m[AppiumDriver@06c7][0m New AndroidUiautomator2Driver session created successfully, session d5328a42-9c21-49ee-908e-55912a8e6d70 added to master session list
[38;5;77m[d5328a42][0m[38;5;86m[HTTP][0m <-- POST /wd/hub/session 200 4841 ms - 1352 
[38;5;86m[HTTP][0m [37m-->[39m [37mGET[39m [37m/wd/hub/status[39m {}
[38;5;86m[HTTP][0m <-- GET /wd/hub/status 200 1 ms - 200 
[38;5;77m[d5328a42][0m[38;5;86m[HTTP][0m [37m-->[39m [37mPOST[39m [37m/wd/hub/session/d5328a42-9c21-49ee-908e-55912a8e6d70/timeouts[39m {"implicit":30000}
[38;5;77m[d5328a42][0m[38;5;86m[HTTP][0m <-- POST /wd/hub/session/d5328a42-9c21-49ee-908e-55912a8e6d70/timeouts 200 1 ms - 14 
[38;5;77m[d5328a42][0m[38;5;86m[HTTP][0m [37m-->[39m [37mPOST[39m [37m/wd/hub/session/d5328a42-9c21-49ee-908e-55912a8e6d70/execute/sync[39m {"script":"mobile: getSystemBars","args":[]}
[38;5;77m[d5328a42][0m[38;5;-174m[AndroidUiautomator2Driver@d7f6][0m No windows have been found whose title matches to 'NavigationBar'. Assuming it is invisible. Only the following windows are available: ScreenDecorOverlayBottom,ScreenDecorOverlay,EdgeBackGestureHandler0,Taskbar,NotificationShade,StatusBar,ShellDropTarget,InputMethod
[38;5;77m[d5328a42][0m[38;5;86m[HTTP][0m <-- POST /wd/hub/session/d5328a42-9c21-49ee-908e-55912a8e6d70/execute/sync 200 73 ms - 145 
[38;5;77m[d5328a42][0m[38;5;86m[HTTP][0m [37m-->[39m [37mPOST[39m [37m/wd/hub/session/d5328a42-9c21-49ee-908e-55912a8e6d70/timeouts[39m {"implicit":50}
[38;5;77m[d5328a42][0m[38;5;86m[HTTP][0m <-- POST /wd/hub/session/d5328a42-9c21-49ee-908e-55912a8e6d70/timeouts 200 2 ms - 14 
[38;5;77m[d5328a42][0m[38;5;86m[HTTP][0m [37m-->[39m [37mGET[39m [37m/wd/hub/session/d5328a42-9c21-49ee-908e-55912a8e6d70/window/rect[39m {}
[38;5;77m[d5328a42][0m[38;5;86m[HTTP][0m <-- GET /wd/hub/session/d5328a42-9c21-49ee-908e-55912a8e6d70/window/rect 200 10 ms - 50 
[38;5;77m[d5328a42][0m[38;5;86m[HTTP][0m [37m-->[39m [37mPOST[39m [37m/wd/hub/session/d5328a42-9c21-49ee-908e-55912a8e6d70/elements[39m {"using":"xpath","value":"//*[@class = 'android.widget.Button' and (@text = 'Login or Sign Up' or . = 'Login or Sign Up')]"}
[38;5;77m[d5328a42][0m[38;5;86m[HTTP][0m <-- POST /wd/hub/session/d5328a42-9c21-49ee-908e-55912a8e6d70/elements 200 190 ms - 139 
[38;5;77m[d5328a42][0m[38;5;86m[HTTP][0m [37m-->[39m [37mGET[39m [37m/wd/hub/session/d5328a42-9c21-49ee-908e-55912a8e6d70/element/00000000-0000-0017-0000-00e000000007/rect[39m {}
[38;5;77m[d5328a42][0m[38;5;-174m[AndroidUiautomator2Driver@d7f6][0m Driver proxy active, passing request on via HTTP proxy
[38;5;77m[d5328a42][0m[38;5;-174m[AndroidUiautomator2Driver@d7f6][0m Replacing sessionId 27c9ceb9-f6d8-4aa8-83aa-e994d0505d56 with d5328a42-9c21-49ee-908e-55912a8e6d70
[38;5;77m[d5328a42][0m[38;5;86m[HTTP][0m <-- GET /wd/hub/session/d5328a42-9c21-49ee-908e-55912a8e6d70/element/00000000-0000-0017-0000-00e000000007/rect 200 13 ms - 103 
[38;5;77m[d5328a42][0m[38;5;86m[HTTP][0m [37m-->[39m [37mPOST[39m [37m/wd/hub/session/d5328a42-9c21-49ee-908e-55912a8e6d70/timeouts[39m {"implicit":30000}
[38;5;77m[d5328a42][0m[38;5;86m[HTTP][0m <-- POST /wd/hub/session/d5328a42-9c21-49ee-908e-55912a8e6d70/timeouts 200 1 ms - 14 
[38;5;77m[d5328a42][0m[38;5;86m[HTTP][0m [37m-->[39m [37mPOST[39m [37m/wd/hub/session/d5328a42-9c21-49ee-908e-55912a8e6d70/element/00000000-0000-0017-0000-00e000000007/click[39m {"id":"00000000-0000-0017-0000-00e000000007"}
[38;5;77m[d5328a42][0m[38;5;86m[HTTP][0m <-- POST /wd/hub/session/d5328a42-9c21-49ee-908e-55912a8e6d70/element/00000000-0000-0017-0000-00e000000007/click 200 61 ms - 14 
[38;5;77m[d5328a42][0m[38;5;86m[HTTP][0m [37m-->[39m [37mPOST[39m [37m/wd/hub/session/d5328a42-9c21-49ee-908e-55912a8e6d70/timeouts[39m {"implicit":50}
[38;5;77m[d5328a42][0m[38;5;86m[HTTP][0m <-- POST /wd/hub/session/d5328a42-9c21-49ee-908e-55912a8e6d70/timeouts 200 2 ms - 14 
[38;5;77m[d5328a42][0m[38;5;86m[HTTP][0m [37m-->[39m [37mGET[39m [37m/wd/hub/session/d5328a42-9c21-49ee-908e-55912a8e6d70/window/rect[39m {}
[38;5;77m[d5328a42][0m[38;5;86m[HTTP][0m <-- GET /wd/hub/session/d5328a42-9c21-49ee-908e-55912a8e6d70/window/rect 200 14 ms - 50 
[38;5;77m[d5328a42][0m[38;5;86m[HTTP][0m [37m-->[39m [37mPOST[39m [37m/wd/hub/session/d5328a42-9c21-49ee-908e-55912a8e6d70/elements[39m {"using":"xpath","value":"//*[@class = 'android.widget.EditText' and (@text = '' or . = '')]"}
[38;5;77m[d5328a42][0m[38;5;86m[HTTP][0m <-- POST /wd/hub/session/d5328a42-9c21-49ee-908e-55912a8e6d70/elements 200 88 ms - 139 
[38;5;77m[d5328a42][0m[38;5;86m[HTTP][0m [37m-->[39m [37mGET[39m [37m/wd/hub/session/d5328a42-9c21-49ee-908e-55912a8e6d70/element/00000000-0000-0017-0000-010900000007/rect[39m {}
[38;5;77m[d5328a42][0m[38;5;-174m[AndroidUiautomator2Driver@d7f6][0m Driver proxy active, passing request on via HTTP proxy
[38;5;77m[d5328a42][0m[38;5;-174m[AndroidUiautomator2Driver@d7f6][0m Replacing sessionId 27c9ceb9-f6d8-4aa8-83aa-e994d0505d56 with d5328a42-9c21-49ee-908e-55912a8e6d70
[38;5;77m[d5328a42][0m[38;5;86m[HTTP][0m <-- GET /wd/hub/session/d5328a42-9c21-49ee-908e-55912a8e6d70/element/00000000-0000-0017-0000-010900000007/rect 200 5 ms - 103 
[38;5;77m[d5328a42][0m[38;5;86m[HTTP][0m [37m-->[39m [37mPOST[39m [37m/wd/hub/session/d5328a42-9c21-49ee-908e-55912a8e6d70/timeouts[39m {"implicit":30000}
[38;5;77m[d5328a42][0m[38;5;86m[HTTP][0m <-- POST /wd/hub/session/d5328a42-9c21-49ee-908e-55912a8e6d70/timeouts 200 0 ms - 14 
[38;5;77m[d5328a42][0m[38;5;86m[HTTP][0m [37m-->[39m [37mPOST[39m [37m/wd/hub/session/d5328a42-9c21-49ee-908e-55912a8e6d70/element/00000000-0000-0017-0000-010900000007/clear[39m {"id":"00000000-0000-0017-0000-010900000007"}
[38;5;77m[d5328a42][0m[38;5;86m[HTTP][0m <-- POST /wd/hub/session/d5328a42-9c21-49ee-908e-55912a8e6d70/element/00000000-0000-0017-0000-010900000007/clear 200 7 ms - 14 
[38;5;77m[d5328a42][0m[38;5;86m[HTTP][0m [37m-->[39m [37mPOST[39m [37m/wd/hub/session/d5328a42-9c21-49ee-908e-55912a8e6d70/element/00000000-0000-0017-0000-010900000007/click[39m {"id":"00000000-0000-0017-0000-010900000007"}
[38;5;77m[d5328a42][0m[38;5;86m[HTTP][0m <-- POST /wd/hub/session/d5328a42-9c21-49ee-908e-55912a8e6d70/element/00000000-0000-0017-0000-010900000007/click 200 70 ms - 14 
[38;5;77m[d5328a42][0m[38;5;86m[HTTP][0m [37m-->[39m [37mPOST[39m [37m/wd/hub/session/d5328a42-9c21-49ee-908e-55912a8e6d70/element/00000000-0000-0017-0000-010900000007/value[39m {"text":"03205198tm@wg.com","id":"00000000-0000-0017-0000-010900000007","value":["0","3","2","0","5","1","9","8","t","m","@","w","g",".","c","o","m"]}
[38;5;77m[d5328a42][0m[38;5;86m[HTTP][0m <-- POST /wd/hub/session/d5328a42-9c21-49ee-908e-55912a8e6d70/element/00000000-0000-0017-0000-010900000007/value 200 15 ms - 14 
[38;5;77m[d5328a42][0m[38;5;86m[HTTP][0m [37m-->[39m [37mGET[39m [37m/wd/hub/session/d5328a42-9c21-49ee-908e-55912a8e6d70/context[39m {}
[38;5;77m[d5328a42][0m[38;5;86m[HTTP][0m <-- GET /wd/hub/session/d5328a42-9c21-49ee-908e-55912a8e6d70/context 200 1 ms - 22 
[38;5;77m[d5328a42][0m[38;5;86m[HTTP][0m [37m-->[39m [37mGET[39m [37m/wd/hub/session/d5328a42-9c21-49ee-908e-55912a8e6d70/contexts[39m {}
[38;5;77m[d5328a42][0m[38;5;86m[HTTP][0m <-- GET /wd/hub/session/d5328a42-9c21-49ee-908e-55912a8e6d70/contexts 200 212 ms - 41 
[38;5;77m[d5328a42][0m[38;5;86m[HTTP][0m [37m-->[39m [37mPOST[39m [37m/wd/hub/session/d5328a42-9c21-49ee-908e-55912a8e6d70/context[39m {"name":"NATIVE_APP"}
[38;5;77m[d5328a42][0m[38;5;86m[HTTP][0m <-- POST /wd/hub/session/d5328a42-9c21-49ee-908e-55912a8e6d70/context 200 1 ms - 14 
[38;5;77m[d5328a42][0m[38;5;86m[HTTP][0m [37m-->[39m [37mPOST[39m [37m/wd/hub/session/d5328a42-9c21-49ee-908e-55912a8e6d70/execute/sync[39m {"script":"mobile: hideKeyboard","args":[]}
[38;5;77m[d5328a42][0m[38;5;86m[HTTP][0m <-- POST /wd/hub/session/d5328a42-9c21-49ee-908e-55912a8e6d70/execute/sync 200 1643 ms - 14 
[38;5;77m[d5328a42][0m[38;5;86m[HTTP][0m [37m-->[39m [37mPOST[39m [37m/wd/hub/session/d5328a42-9c21-49ee-908e-55912a8e6d70/context[39m {"name":"NATIVE_APP"}
[38;5;77m[d5328a42][0m[38;5;86m[HTTP][0m <-- POST /wd/hub/session/d5328a42-9c21-49ee-908e-55912a8e6d70/context 200 1 ms - 14 
[38;5;77m[d5328a42][0m[38;5;86m[HTTP][0m [37m-->[39m [37mPOST[39m [37m/wd/hub/session/d5328a42-9c21-49ee-908e-55912a8e6d70/timeouts[39m {"implicit":50}
[38;5;77m[d5328a42][0m[38;5;86m[HTTP][0m <-- POST /wd/hub/session/d5328a42-9c21-49ee-908e-55912a8e6d70/timeouts 200 2 ms - 14 
[38;5;77m[d5328a42][0m[38;5;86m[HTTP][0m [37m-->[39m [37mGET[39m [37m/wd/hub/session/d5328a42-9c21-49ee-908e-55912a8e6d70/window/rect[39m {}
[38;5;77m[d5328a42][0m[38;5;86m[HTTP][0m <-- GET /wd/hub/session/d5328a42-9c21-49ee-908e-55912a8e6d70/window/rect 200 9 ms - 50 
[38;5;77m[d5328a42][0m[38;5;86m[HTTP][0m [37m-->[39m [37mPOST[39m [37m/wd/hub/session/d5328a42-9c21-49ee-908e-55912a8e6d70/elements[39m {"using":"xpath","value":"//*[@class = 'android.widget.Button' and (@text = 'Next' or . = 'Next')]"}
[38;5;77m[d5328a42][0m[38;5;86m[HTTP][0m <-- POST /wd/hub/session/d5328a42-9c21-49ee-908e-55912a8e6d70/elements 200 88 ms - 139 
[38;5;77m[d5328a42][0m[38;5;86m[HTTP][0m [37m-->[39m [37mGET[39m [37m/wd/hub/session/d5328a42-9c21-49ee-908e-55912a8e6d70/element/00000000-0000-0017-0000-011500000007/rect[39m {}
[38;5;77m[d5328a42][0m[38;5;-174m[AndroidUiautomator2Driver@d7f6][0m Driver proxy active, passing request on via HTTP proxy
[38;5;77m[d5328a42][0m[38;5;-174m[AndroidUiautomator2Driver@d7f6][0m Replacing sessionId 27c9ceb9-f6d8-4aa8-83aa-e994d0505d56 with d5328a42-9c21-49ee-908e-55912a8e6d70
[38;5;77m[d5328a42][0m[38;5;86m[HTTP][0m <-- GET /wd/hub/session/d5328a42-9c21-49ee-908e-55912a8e6d70/element/00000000-0000-0017-0000-011500000007/rect 200 7 ms - 103 
[38;5;77m[d5328a42][0m[38;5;86m[HTTP][0m [37m-->[39m [37mPOST[39m [37m/wd/hub/session/d5328a42-9c21-49ee-908e-55912a8e6d70/timeouts[39m {"implicit":30000}
[38;5;77m[d5328a42][0m[38;5;86m[HTTP][0m <-- POST /wd/hub/session/d5328a42-9c21-49ee-908e-55912a8e6d70/timeouts 200 3 ms - 14 
[38;5;77m[d5328a42][0m[38;5;86m[HTTP][0m [37m-->[39m [37mPOST[39m [37m/wd/hub/session/d5328a42-9c21-49ee-908e-55912a8e6d70/element/00000000-0000-0017-0000-011500000007/click[39m {"id":"00000000-0000-0017-0000-011500000007"}
[38;5;77m[d5328a42][0m[38;5;86m[HTTP][0m <-- POST /wd/hub/session/d5328a42-9c21-49ee-908e-55912a8e6d70/element/00000000-0000-0017-0000-011500000007/click 200 45 ms - 14 
[38;5;77m[d5328a42][0m[38;5;86m[HTTP][0m [37m-->[39m [37mPOST[39m [37m/wd/hub/session/d5328a42-9c21-49ee-908e-55912a8e6d70/timeouts[39m {"implicit":50}
[38;5;77m[d5328a42][0m[38;5;86m[HTTP][0m <-- POST /wd/hub/session/d5328a42-9c21-49ee-908e-55912a8e6d70/timeouts 200 2 ms - 14 
[38;5;77m[d5328a42][0m[38;5;86m[HTTP][0m [37m-->[39m [37mGET[39m [37m/wd/hub/session/d5328a42-9c21-49ee-908e-55912a8e6d70/window/rect[39m {}
[38;5;77m[d5328a42][0m[38;5;86m[HTTP][0m <-- GET /wd/hub/session/d5328a42-9c21-49ee-908e-55912a8e6d70/window/rect 200 11 ms - 50 
[38;5;77m[d5328a42][0m[38;5;86m[HTTP][0m [37m-->[39m [37mPOST[39m [37m/wd/hub/session/d5328a42-9c21-49ee-908e-55912a8e6d70/elements[39m {"using":"xpath","value":"//*[@class = 'android.widget.TextView' and (@text = 'Email Address' or . = 'Email Address')]"}
[38;5;77m[d5328a42][0m[38;5;86m[HTTP][0m <-- POST /wd/hub/session/d5328a42-9c21-49ee-908e-55912a8e6d70/elements 200 73 ms - 139 
[38;5;77m[d5328a42][0m[38;5;86m[HTTP][0m [37m-->[39m [37mGET[39m [37m/wd/hub/session/d5328a42-9c21-49ee-908e-55912a8e6d70/element/00000000-0000-0010-0000-001d0000005f/rect[39m {}
[38;5;77m[d5328a42][0m[38;5;-174m[AndroidUiautomator2Driver@d7f6][0m Driver proxy active, passing request on via HTTP proxy
[38;5;77m[d5328a42][0m[38;5;-174m[AndroidUiautomator2Driver@d7f6][0m Replacing sessionId 27c9ceb9-f6d8-4aa8-83aa-e994d0505d56 with d5328a42-9c21-49ee-908e-55912a8e6d70
[38;5;77m[d5328a42][0m[38;5;86m[HTTP][0m <-- GET /wd/hub/session/d5328a42-9c21-49ee-908e-55912a8e6d70/element/00000000-0000-0010-0000-001d0000005f/rect 200 5 ms - 102 
[38;5;77m[d5328a42][0m[38;5;86m[HTTP][0m [37m-->[39m [37mPOST[39m [37m/wd/hub/session/d5328a42-9c21-49ee-908e-55912a8e6d70/timeouts[39m {"implicit":30000}
[38;5;77m[d5328a42][0m[38;5;86m[HTTP][0m <-- POST /wd/hub/session/d5328a42-9c21-49ee-908e-55912a8e6d70/timeouts 200 0 ms - 14 
[38;5;77m[d5328a42][0m[38;5;86m[HTTP][0m [37m-->[39m [37mPOST[39m [37m/wd/hub/session/d5328a42-9c21-49ee-908e-55912a8e6d70/element/00000000-0000-0010-0000-001d0000005f/clear[39m {"id":"00000000-0000-0010-0000-001d0000005f"}
[38;5;77m[d5328a42][0m[38;5;86m[HTTP][0m <-- POST /wd/hub/session/d5328a42-9c21-49ee-908e-55912a8e6d70/element/00000000-0000-0010-0000-001d0000005f/clear 200 7 ms - 14 
[38;5;77m[d5328a42][0m[38;5;86m[HTTP][0m [37m-->[39m [37mPOST[39m [37m/wd/hub/session/d5328a42-9c21-49ee-908e-55912a8e6d70/element/00000000-0000-0010-0000-001d0000005f/click[39m {"id":"00000000-0000-0010-0000-001d0000005f"}
[38;5;77m[d5328a42][0m[38;5;86m[HTTP][0m <-- POST /wd/hub/session/d5328a42-9c21-49ee-908e-55912a8e6d70/element/00000000-0000-0010-0000-001d0000005f/click 200 1275 ms - 14 
[38;5;77m[d5328a42][0m[38;5;86m[HTTP][0m [37m-->[39m [37mPOST[39m [37m/wd/hub/session/d5328a42-9c21-49ee-908e-55912a8e6d70/element/00000000-0000-0010-0000-001d0000005f/value[39m {"text":"03205198tm@wg.com","id":"00000000-0000-0010-0000-001d0000005f","value":["0","3","2","0","5","1","9","8","t","m","@","w","g",".","c","o","m"]}
[38;5;77m[d5328a42][0m[38;5;-174m[AndroidUiautomator2Driver@d7f6][0m Got response with status 400: {"sessionId":"27c9ceb9-f6d8-4aa8-83aa-e994d0505d56","value":{"error":"invalid element state","message":"Cannot set the element to '03205198tm@wg.com'. Did you interact with the correct element?","stacktrace":"io.appium.uiautomator2.common.exceptions.InvalidElementStateException: Cannot set the element to '03205198tm@wg.com'. Did you interact with the correct element?\n\tat io.appium.uiautomator2.handler.SendKeysToElement.setText(SendKeysToElement.java:87)\n\tat io.appium.uiautomator2.handler.SendKeysToElement.safeHandle(SendKeysToElement.java:115)\n\tat io.appium.uiautomator2.handler.request.SafeRequestHandler.handle(SafeRequestHandler.java:59)\n\tat io.appium.uiautomator2.server.AppiumServlet.handleRequest(AppiumServlet.java:259)\n\tat io.appium.uiautomator2.server.AppiumServlet.handleHttpRequest(AppiumServlet.java:253)\n\tat io.appium.uiautomator2.http.ServerHandler.channelRead(ServerHandler.java:77)\n\tat io.netty.channel.AbstractChannelHandlerContext.invokeChannelRead(AbstractChannelHandlerContext.java...
[38;5;77m[d5328a42][0m[38;5;86m[HTTP][0m <-- POST /wd/hub/session/d5328a42-9c21-49ee-908e-55912a8e6d70/element/00000000-0000-0010-0000-001d0000005f/value 400 47 ms - 3914 
[38;5;77m[d5328a42][0m[38;5;86m[HTTP][0m [37m-->[39m [37mPOST[39m [37m/wd/hub/session/d5328a42-9c21-49ee-908e-55912a8e6d70/element/00000000-0000-0010-0000-001d0000005f/click[39m {"id":"00000000-0000-0010-0000-001d0000005f"}
[38;5;77m[d5328a42][0m[38;5;86m[HTTP][0m <-- POST /wd/hub/session/d5328a42-9c21-49ee-908e-55912a8e6d70/element/00000000-0000-0010-0000-001d0000005f/click 200 663 ms - 14 
[38;5;77m[d5328a42][0m[38;5;86m[HTTP][0m [37m-->[39m [37mPOST[39m [37m/wd/hub/session/d5328a42-9c21-49ee-908e-55912a8e6d70/actions[39m {"actions":[{"type":"key","actions":[{"type":"keyDown","value":"0"},{"type":"keyDown","value":"3"},{"type":"keyDown","value":"2"},{"type":"keyDown","value":"0"},{"type":"keyDown","value":"5"},{"type":"keyDown","value":"1"},{"type":"keyDown","value":"9"},{"type":"keyDown","value":"8"},{"type":"keyDown","value":"t"},{"type":"keyDown","value":"m"},{"type":"keyDown","value":"@"},{"type":"keyDown","value":"w"},{"type":"keyDown","value":"g"},{"type":"keyDown","value":"."},{"type":"keyDown","value":"c"},{"type":"keyDown","value":"o"},{"type":"keyDown","value":"m"}],"id":"keyboard"}]}
[38;5;77m[d5328a42][0m[38;5;86m[HTTP][0m <-- POST /wd/hub/session/d5328a42-9c21-49ee-908e-55912a8e6d70/actions 200 482 ms - 14 
[38;5;77m[d5328a42][0m[38;5;86m[HTTP][0m [37m-->[39m [37mGET[39m [37m/wd/hub/session/d5328a42-9c21-49ee-908e-55912a8e6d70/context[39m {}
[38;5;77m[d5328a42][0m[38;5;86m[HTTP][0m <-- GET /wd/hub/session/d5328a42-9c21-49ee-908e-55912a8e6d70/context 200 1 ms - 22 
[38;5;77m[d5328a42][0m[38;5;86m[HTTP][0m [37m-->[39m [37mGET[39m [37m/wd/hub/session/d5328a42-9c21-49ee-908e-55912a8e6d70/contexts[39m {}
[38;5;77m[d5328a42][0m[38;5;86m[HTTP][0m <-- GET /wd/hub/session/d5328a42-9c21-49ee-908e-55912a8e6d70/contexts 200 139 ms - 41 
[38;5;77m[d5328a42][0m[38;5;86m[HTTP][0m [37m-->[39m [37mPOST[39m [37m/wd/hub/session/d5328a42-9c21-49ee-908e-55912a8e6d70/context[39m {"name":"NATIVE_APP"}
[38;5;77m[d5328a42][0m[38;5;86m[HTTP][0m <-- POST /wd/hub/session/d5328a42-9c21-49ee-908e-55912a8e6d70/context 200 0 ms - 14 
[38;5;77m[d5328a42][0m[38;5;86m[HTTP][0m [37m-->[39m [37mPOST[39m [37m/wd/hub/session/d5328a42-9c21-49ee-908e-55912a8e6d70/execute/sync[39m {"script":"mobile: hideKeyboard","args":[]}
[38;5;77m[d5328a42][0m[38;5;86m[HTTP][0m <-- POST /wd/hub/session/d5328a42-9c21-49ee-908e-55912a8e6d70/execute/sync 200 1542 ms - 14 
[38;5;77m[d5328a42][0m[38;5;86m[HTTP][0m [37m-->[39m [37mPOST[39m [37m/wd/hub/session/d5328a42-9c21-49ee-908e-55912a8e6d70/context[39m {"name":"NATIVE_APP"}
[38;5;77m[d5328a42][0m[38;5;86m[HTTP][0m <-- POST /wd/hub/session/d5328a42-9c21-49ee-908e-55912a8e6d70/context 200 0 ms - 14 
[38;5;77m[d5328a42][0m[38;5;86m[HTTP][0m [37m-->[39m [37mPOST[39m [37m/wd/hub/session/d5328a42-9c21-49ee-908e-55912a8e6d70/timeouts[39m {"implicit":50}
[38;5;77m[d5328a42][0m[38;5;86m[HTTP][0m <-- POST /wd/hub/session/d5328a42-9c21-49ee-908e-55912a8e6d70/timeouts 200 1 ms - 14 
[38;5;77m[d5328a42][0m[38;5;86m[HTTP][0m [37m-->[39m [37mGET[39m [37m/wd/hub/session/d5328a42-9c21-49ee-908e-55912a8e6d70/window/rect[39m {}
[38;5;77m[d5328a42][0m[38;5;86m[HTTP][0m <-- GET /wd/hub/session/d5328a42-9c21-49ee-908e-55912a8e6d70/window/rect 200 9 ms - 50 
[38;5;77m[d5328a42][0m[38;5;86m[HTTP][0m [37m-->[39m [37mPOST[39m [37m/wd/hub/session/d5328a42-9c21-49ee-908e-55912a8e6d70/elements[39m {"using":"xpath","value":"//*[@class = 'android.widget.TextView' and (@text = 'Password' or . = 'Password')]"}
[38;5;77m[d5328a42][0m[38;5;86m[HTTP][0m <-- POST /wd/hub/session/d5328a42-9c21-49ee-908e-55912a8e6d70/elements 200 52 ms - 12 
[38;5;77m[d5328a42][0m[38;5;86m[HTTP][0m [37m-->[39m [37mPOST[39m [37m/wd/hub/session/d5328a42-9c21-49ee-908e-55912a8e6d70/elements[39m {"using":"xpath","value":"//*[@class = 'android.widget.TextView' and (@text = 'Password' or . = 'Password')]"}
[38;5;77m[d5328a42][0m[38;5;86m[HTTP][0m <-- POST /wd/hub/session/d5328a42-9c21-49ee-908e-55912a8e6d70/elements 200 79 ms - 12 
[38;5;77m[d5328a42][0m[38;5;86m[HTTP][0m [37m-->[39m [37mPOST[39m [37m/wd/hub/session/d5328a42-9c21-49ee-908e-55912a8e6d70/elements[39m {"using":"xpath","value":"//*[@class = 'android.widget.TextView' and (@text = 'Password' or . = 'Password')]"}
[38;5;77m[d5328a42][0m[38;5;86m[HTTP][0m <-- POST /wd/hub/session/d5328a42-9c21-49ee-908e-55912a8e6d70/elements 200 75 ms - 12 
[38;5;77m[d5328a42][0m[38;5;86m[HTTP][0m [37m-->[39m [37mPOST[39m [37m/wd/hub/session/d5328a42-9c21-49ee-908e-55912a8e6d70/elements[39m {"using":"xpath","value":"//*[@class = 'android.widget.TextView' and (@text = 'Password' or . = 'Password')]"}
[38;5;77m[d5328a42][0m[38;5;86m[HTTP][0m <-- POST /wd/hub/session/d5328a42-9c21-49ee-908e-55912a8e6d70/elements 200 73 ms - 12 
[38;5;77m[d5328a42][0m[38;5;86m[HTTP][0m [37m-->[39m [37mPOST[39m [37m/wd/hub/session/d5328a42-9c21-49ee-908e-55912a8e6d70/elements[39m {"using":"xpath","value":"//*[@class = 'android.widget.TextView' and (@text = 'Password' or . = 'Password')]"}
[38;5;77m[d5328a42][0m[38;5;86m[HTTP][0m <-- POST /wd/hub/session/d5328a42-9c21-49ee-908e-55912a8e6d70/elements 200 75 ms - 12 
[38;5;77m[d5328a42][0m[38;5;86m[HTTP][0m [37m-->[39m [37mPOST[39m [37m/wd/hub/session/d5328a42-9c21-49ee-908e-55912a8e6d70/elements[39m {"using":"xpath","value":"//*[@class = 'android.widget.TextView' and (@text = 'Password' or . = 'Password')]"}
[38;5;77m[d5328a42][0m[38;5;86m[HTTP][0m <-- POST /wd/hub/session/d5328a42-9c21-49ee-908e-55912a8e6d70/elements 200 75 ms - 12 
[38;5;77m[d5328a42][0m[38;5;86m[HTTP][0m [37m-->[39m [37mPOST[39m [37m/wd/hub/session/d5328a42-9c21-49ee-908e-55912a8e6d70/elements[39m {"using":"xpath","value":"//*[@class = 'android.widget.TextView' and (@text = 'Password' or . = 'Password')]"}
[38;5;77m[d5328a42][0m[38;5;86m[HTTP][0m <-- POST /wd/hub/session/d5328a42-9c21-49ee-908e-55912a8e6d70/elements 200 75 ms - 12 
[38;5;77m[d5328a42][0m[38;5;86m[HTTP][0m [37m-->[39m [37mPOST[39m [37m/wd/hub/session/d5328a42-9c21-49ee-908e-55912a8e6d70/elements[39m {"using":"xpath","value":"//*[@class = 'android.widget.TextView' and (@text = 'Password' or . = 'Password')]"}
[38;5;77m[d5328a42][0m[38;5;-174m[AndroidUiautomator2Driver@d7f6][0m socket hang up
[38;5;77m[d5328a42][0m[38;5;86m[HTTP][0m <-- POST /wd/hub/session/d5328a42-9c21-49ee-908e-55912a8e6d70/elements 500 88 ms - 2019 
[38;5;77m[d5328a42][0m[38;5;86m[HTTP][0m [37m-->[39m [37mPOST[39m [37m/wd/hub/session/d5328a42-9c21-49ee-908e-55912a8e6d70/timeouts[39m {"implicit":30000}
[38;5;77m[d5328a42][0m[38;5;86m[HTTP][0m <-- POST /wd/hub/session/d5328a42-9c21-49ee-908e-55912a8e6d70/timeouts 200 1 ms - 14 
[38;5;77m[d5328a42][0m[38;5;86m[HTTP][0m [37m-->[39m [37mGET[39m [37m/wd/hub/session/d5328a42-9c21-49ee-908e-55912a8e6d70/context[39m {}
[38;5;77m[d5328a42][0m[38;5;86m[HTTP][0m <-- GET /wd/hub/session/d5328a42-9c21-49ee-908e-55912a8e6d70/context 200 1 ms - 22 
[38;5;77m[d5328a42][0m[38;5;86m[HTTP][0m [37m-->[39m [37mGET[39m [37m/wd/hub/session/d5328a42-9c21-49ee-908e-55912a8e6d70/contexts[39m {}
[38;5;77m[d5328a42][0m[38;5;86m[HTTP][0m <-- GET /wd/hub/session/d5328a42-9c21-49ee-908e-55912a8e6d70/contexts 200 156 ms - 41 
[38;5;77m[d5328a42][0m[38;5;86m[HTTP][0m [37m-->[39m [37mPOST[39m [37m/wd/hub/session/d5328a42-9c21-49ee-908e-55912a8e6d70/context[39m {"name":"NATIVE_APP"}
[38;5;77m[d5328a42][0m[38;5;86m[HTTP][0m <-- POST /wd/hub/session/d5328a42-9c21-49ee-908e-55912a8e6d70/context 200 0 ms - 14 
[38;5;77m[d5328a42][0m[38;5;86m[HTTP][0m [37m-->[39m [37mGET[39m [37m/wd/hub/session/d5328a42-9c21-49ee-908e-55912a8e6d70/screenshot[39m {}
[38;5;77m[d5328a42][0m[38;5;86m[HTTP][0m <-- GET /wd/hub/session/d5328a42-9c21-49ee-908e-55912a8e6d70/screenshot 500 0 ms - 986 
[38;5;77m[d5328a42][0m[38;5;86m[HTTP][0m [37m-->[39m [37mPOST[39m [37m/wd/hub/session/d5328a42-9c21-49ee-908e-55912a8e6d70/context[39m {"name":"NATIVE_APP"}
[38;5;77m[d5328a42][0m[38;5;86m[HTTP][0m <-- POST /wd/hub/session/d5328a42-9c21-49ee-908e-55912a8e6d70/context 200 0 ms - 14 
[38;5;86m[HTTP][0m [37m-->[39m [37mGET[39m [37m/wd/hub/status[39m {}
[38;5;86m[HTTP][0m <-- GET /wd/hub/status 200 0 ms - 200 
[38;5;86m[HTTP][0m [37m-->[39m [37mPOST[39m [37m/wd/hub/session[39m {"capabilities":{"firstMatch":[{"appium:app":"/Users/gv.vignesh/Downloads/WGR-Android-Automation/App Folder/universal.apk","appium:autoGrantPermissions":true,"appium:automationName":"uiautomator2","appium:deviceId":"","appium:deviceName":"emulator-5554 (sdk_gphone64_arm64 - Android 15)","appium:fullReset":true,"appium:newCommandTimeout":1800,"appium:noReset":false,"appium:platformName":"ANDROID","appium:platformVersion":"15","appium:systemPort":61773,"appium:udid":"emulator-5554","platformName":"ANDROID"}]},"desiredCapabilities":{"appium:app":"/Users/gv.vignesh/Downloads/WGR-Android-Automation/App Folder/universal.apk","appium:autoGrantPermissions":true,"appium:automationName":"uiautomator2","appium:deviceId":"","appium:deviceName":"emulator-5554 (sdk_gphone64_arm64 - Android 15)","appium:fullReset":true,"appium:newCommandTimeout":1800,"appium:noReset":false,"appium:platformName":"ANDROID","appium:platformVersion":"15","appium:systemPort":61773,"appium:udid":"emulator-5554"}}
[38;5;123m[BaseDriver][0m Ignoring capability 'appium:platformName=ANDROID' and using capability 'platformName=ANDROID'
[38;5;123m[BaseDriver][0m The capabilities ["platformName"] are standard capabilities and do not require "appium:" prefix
[38;5;112m[Appium][0m Attempting to find matching driver for automationName 'uiautomator2' and platformName 'ANDROID'
[38;5;112m[Appium][0m The 'uiautomator2' driver was installed and matched caps.
[38;5;112m[Appium][0m Will require it at /Users/gv.vignesh/.appium/node_modules/appium-uiautomator2-driver
[38;5;98m[AppiumDriver@06c7][0m Appium v2.17.1 creating new AndroidUiautomator2Driver (v4.1.5) session
[38;5;98m[AppiumDriver@06c7][0m Checking BaseDriver versions for Appium and AndroidUiautomator2Driver
[38;5;98m[AppiumDriver@06c7][0m Appium's BaseDriver version is 9.16.4
[38;5;98m[AppiumDriver@06c7][0m AndroidUiautomator2Driver's BaseDriver version is 9.16.4
[38;5;-82m[AndroidUiautomator2Driver@33fa][0m The following provided capabilities were not recognized by this driver:
[38;5;-82m[AndroidUiautomator2Driver@33fa][0m   deviceId
[38;5;130m[e46508bb][0m[38;5;-82m[AndroidUiautomator2Driver@33fa][0m Session created with session id: e46508bb-bb9b-4201-9eb7-9c216530f206
[38;5;130m[e46508bb][0m[38;5;229m[ADB][0m Using 'adb' from '/Users/gv.vignesh/.katalon/tools/android_sdk/platform-tools/adb'
[38;5;130m[e46508bb][0m[38;5;-82m[AndroidUiautomator2Driver@33fa][0m Retrieving device list
[38;5;130m[e46508bb][0m[38;5;-82m[AndroidUiautomator2Driver@33fa][0m Using device: emulator-5554
[38;5;130m[e46508bb][0m[38;5;229m[ADB][0m Using 'adb' from '/Users/gv.vignesh/.katalon/tools/android_sdk/platform-tools/adb'
[38;5;130m[e46508bb][0m[38;5;123m[BaseDriver][0m Using local app '/Users/gv.vignesh/Downloads/WGR-Android-Automation/App Folder/universal.apk'
[38;5;130m[e46508bb][0m[38;5;229m[ADB][0m Getting device platform version
[38;5;130m[e46508bb][0m[38;5;-82m[AndroidUiautomator2Driver@33fa][0m Relaxing hidden api policy
[38;5;130m[e46508bb][0m[38;5;229m[ADB][0m Using 'aapt2' from '/Users/gv.vignesh/.katalon/tools/android_sdk/build-tools/29.0.3/aapt2'
[38;5;130m[e46508bb][0m[38;5;229m[ADB][0m Package name: 'com.westgate.rewrite2'
[38;5;130m[e46508bb][0m[38;5;229m[ADB][0m Main activity name: 'com.westgate.rewrite2.MainActivity'
[38;5;130m[e46508bb][0m[38;5;-82m[AndroidUiautomator2Driver@33fa][0m Server packages are not going to be (re)installed
[38;5;130m[e46508bb][0m[38;5;229m[ADB][0m com.westgate.rewrite2 was not uninstalled, because it was not present on the device
[38;5;130m[e46508bb][0m[38;5;229m[ADB][0m Adding packages ["io.appium.settings","io.appium.uiautomator2.server","io.appium.uiautomator2.server.test"] to Doze whitelist
[38;5;130m[e46508bb][0m[38;5;229m[ADB][0m The application at '/Users/gv.vignesh/Downloads/WGR-Android-Automation/App Folder/universal.apk' will not be cached, because the device under test has confirmed the support of streamed installs
[38;5;130m[e46508bb][0m[38;5;229m[ADB][0m The installation of 'universal.apk' took 873ms
[38;5;130m[e46508bb][0m[38;5;-82m[AndroidUiautomator2Driver@33fa][0m Starting UIAutomator2 server 7.3.0
[38;5;130m[e46508bb][0m[38;5;-82m[AndroidUiautomator2Driver@33fa][0m Using UIAutomator2 server from '/Users/gv.vignesh/.appium/node_modules/appium-uiautomator2-driver/node_modules/appium-uiautomator2-server/apks/appium-uiautomator2-server-v7.3.0.apk' and test from '/Users/gv.vignesh/.appium/node_modules/appium-uiautomator2-driver/node_modules/appium-uiautomator2-server/apks/appium-uiautomator2-server-debug-androidTest.apk'
[38;5;130m[e46508bb][0m[38;5;-82m[AndroidUiautomator2Driver@33fa][0m Waiting up to 30000ms for UiAutomator2 to be online...
[38;5;130m[e46508bb][0m[38;5;-82m[AndroidUiautomator2Driver@33fa][0m socket hang up
[38;5;130m[e46508bb][0m[38;5;-82m[AndroidUiautomator2Driver@33fa][0m socket hang up
[38;5;130m[e46508bb][0m[38;5;-82m[AndroidUiautomator2Driver@33fa][0m Determined the downstream protocol as 'W3C'
[38;5;130m[e46508bb][0m[38;5;-82m[AndroidUiautomator2Driver@33fa][0m Screen already unlocked, doing nothing
[38;5;130m[e46508bb][0m[38;5;-82m[AndroidUiautomator2Driver@33fa][0m Starting 'com.westgate.rewrite2/com.westgate.rewrite2.MainActivity' and waiting for 'com.westgate.rewrite2/com.westgate.rewrite2.MainActivity'
[38;5;130m[e46508bb][0m[38;5;98m[AppiumDriver@06c7][0m New AndroidUiautomator2Driver session created successfully, session e46508bb-bb9b-4201-9eb7-9c216530f206 added to master session list
[38;5;130m[e46508bb][0m[38;5;86m[HTTP][0m <-- POST /wd/hub/session 200 5385 ms - 1352 
[38;5;86m[HTTP][0m [37m-->[39m [37mGET[39m [37m/wd/hub/status[39m {}
[38;5;86m[HTTP][0m <-- GET /wd/hub/status 200 2 ms - 200 
[38;5;130m[e46508bb][0m[38;5;86m[HTTP][0m [37m-->[39m [37mPOST[39m [37m/wd/hub/session/e46508bb-bb9b-4201-9eb7-9c216530f206/timeouts[39m {"implicit":30000}
[38;5;130m[e46508bb][0m[38;5;86m[HTTP][0m <-- POST /wd/hub/session/e46508bb-bb9b-4201-9eb7-9c216530f206/timeouts 200 1 ms - 14 
[38;5;130m[e46508bb][0m[38;5;86m[HTTP][0m [37m-->[39m [37mPOST[39m [37m/wd/hub/session/e46508bb-bb9b-4201-9eb7-9c216530f206/execute/sync[39m {"script":"mobile: getSystemBars","args":[]}
[38;5;130m[e46508bb][0m[38;5;-82m[AndroidUiautomator2Driver@33fa][0m No windows have been found whose title matches to 'NavigationBar'. Assuming it is invisible. Only the following windows are available: ScreenDecorOverlayBottom,ScreenDecorOverlay,EdgeBackGestureHandler0,Taskbar,NotificationShade,StatusBar,ShellDropTarget,InputMethod
[38;5;130m[e46508bb][0m[38;5;86m[HTTP][0m <-- POST /wd/hub/session/e46508bb-bb9b-4201-9eb7-9c216530f206/execute/sync 200 99 ms - 145 
[38;5;130m[e46508bb][0m[38;5;86m[HTTP][0m [37m-->[39m [37mPOST[39m [37m/wd/hub/session/e46508bb-bb9b-4201-9eb7-9c216530f206/timeouts[39m {"implicit":50}
[38;5;130m[e46508bb][0m[38;5;86m[HTTP][0m <-- POST /wd/hub/session/e46508bb-bb9b-4201-9eb7-9c216530f206/timeouts 200 1 ms - 14 
[38;5;130m[e46508bb][0m[38;5;86m[HTTP][0m [37m-->[39m [37mGET[39m [37m/wd/hub/session/e46508bb-bb9b-4201-9eb7-9c216530f206/window/rect[39m {}
[38;5;130m[e46508bb][0m[38;5;86m[HTTP][0m <-- GET /wd/hub/session/e46508bb-bb9b-4201-9eb7-9c216530f206/window/rect 200 10 ms - 50 
[38;5;130m[e46508bb][0m[38;5;86m[HTTP][0m [37m-->[39m [37mPOST[39m [37m/wd/hub/session/e46508bb-bb9b-4201-9eb7-9c216530f206/elements[39m {"using":"xpath","value":"//*[@class = 'android.widget.Button' and (@text = 'Login or Sign Up' or . = 'Login or Sign Up')]"}
[38;5;130m[e46508bb][0m[38;5;86m[HTTP][0m <-- POST /wd/hub/session/e46508bb-bb9b-4201-9eb7-9c216530f206/elements 200 191 ms - 139 
[38;5;130m[e46508bb][0m[38;5;86m[HTTP][0m [37m-->[39m [37mGET[39m [37m/wd/hub/session/e46508bb-bb9b-4201-9eb7-9c216530f206/element/00000000-0000-0023-0000-00de00000007/rect[39m {}
[38;5;130m[e46508bb][0m[38;5;-82m[AndroidUiautomator2Driver@33fa][0m Driver proxy active, passing request on via HTTP proxy
[38;5;130m[e46508bb][0m[38;5;-82m[AndroidUiautomator2Driver@33fa][0m Replacing sessionId 176c805e-0fad-402b-bcc5-eb4372867698 with e46508bb-bb9b-4201-9eb7-9c216530f206
[38;5;130m[e46508bb][0m[38;5;86m[HTTP][0m <-- GET /wd/hub/session/e46508bb-bb9b-4201-9eb7-9c216530f206/element/00000000-0000-0023-0000-00de00000007/rect 200 11 ms - 103 
[38;5;130m[e46508bb][0m[38;5;86m[HTTP][0m [37m-->[39m [37mPOST[39m [37m/wd/hub/session/e46508bb-bb9b-4201-9eb7-9c216530f206/timeouts[39m {"implicit":30000}
[38;5;130m[e46508bb][0m[38;5;86m[HTTP][0m <-- POST /wd/hub/session/e46508bb-bb9b-4201-9eb7-9c216530f206/timeouts 200 1 ms - 14 
[38;5;130m[e46508bb][0m[38;5;86m[HTTP][0m [37m-->[39m [37mPOST[39m [37m/wd/hub/session/e46508bb-bb9b-4201-9eb7-9c216530f206/element/00000000-0000-0023-0000-00de00000007/click[39m {"id":"00000000-0000-0023-0000-00de00000007"}
[38;5;130m[e46508bb][0m[38;5;86m[HTTP][0m <-- POST /wd/hub/session/e46508bb-bb9b-4201-9eb7-9c216530f206/element/00000000-0000-0023-0000-00de00000007/click 200 66 ms - 14 
[38;5;130m[e46508bb][0m[38;5;86m[HTTP][0m [37m-->[39m [37mPOST[39m [37m/wd/hub/session/e46508bb-bb9b-4201-9eb7-9c216530f206/timeouts[39m {"implicit":50}
[38;5;130m[e46508bb][0m[38;5;86m[HTTP][0m <-- POST /wd/hub/session/e46508bb-bb9b-4201-9eb7-9c216530f206/timeouts 200 1 ms - 14 
[38;5;130m[e46508bb][0m[38;5;86m[HTTP][0m [37m-->[39m [37mGET[39m [37m/wd/hub/session/e46508bb-bb9b-4201-9eb7-9c216530f206/window/rect[39m {}
[38;5;130m[e46508bb][0m[38;5;86m[HTTP][0m <-- GET /wd/hub/session/e46508bb-bb9b-4201-9eb7-9c216530f206/window/rect 200 8 ms - 50 
[38;5;130m[e46508bb][0m[38;5;86m[HTTP][0m [37m-->[39m [37mPOST[39m [37m/wd/hub/session/e46508bb-bb9b-4201-9eb7-9c216530f206/elements[39m {"using":"xpath","value":"//*[@class = 'android.widget.EditText' and (@text = '' or . = '')]"}
[38;5;130m[e46508bb][0m[38;5;86m[HTTP][0m <-- POST /wd/hub/session/e46508bb-bb9b-4201-9eb7-9c216530f206/elements 200 82 ms - 139 
[38;5;130m[e46508bb][0m[38;5;86m[HTTP][0m [37m-->[39m [37mGET[39m [37m/wd/hub/session/e46508bb-bb9b-4201-9eb7-9c216530f206/element/00000000-0000-0023-0000-010700000007/rect[39m {}
[38;5;130m[e46508bb][0m[38;5;-82m[AndroidUiautomator2Driver@33fa][0m Driver proxy active, passing request on via HTTP proxy
[38;5;130m[e46508bb][0m[38;5;-82m[AndroidUiautomator2Driver@33fa][0m Replacing sessionId 176c805e-0fad-402b-bcc5-eb4372867698 with e46508bb-bb9b-4201-9eb7-9c216530f206
[38;5;130m[e46508bb][0m[38;5;86m[HTTP][0m <-- GET /wd/hub/session/e46508bb-bb9b-4201-9eb7-9c216530f206/element/00000000-0000-0023-0000-010700000007/rect 200 6 ms - 103 
[38;5;130m[e46508bb][0m[38;5;86m[HTTP][0m [37m-->[39m [37mPOST[39m [37m/wd/hub/session/e46508bb-bb9b-4201-9eb7-9c216530f206/timeouts[39m {"implicit":30000}
[38;5;130m[e46508bb][0m[38;5;86m[HTTP][0m <-- POST /wd/hub/session/e46508bb-bb9b-4201-9eb7-9c216530f206/timeouts 200 0 ms - 14 
[38;5;130m[e46508bb][0m[38;5;86m[HTTP][0m [37m-->[39m [37mPOST[39m [37m/wd/hub/session/e46508bb-bb9b-4201-9eb7-9c216530f206/element/00000000-0000-0023-0000-010700000007/clear[39m {"id":"00000000-0000-0023-0000-010700000007"}
[38;5;130m[e46508bb][0m[38;5;86m[HTTP][0m <-- POST /wd/hub/session/e46508bb-bb9b-4201-9eb7-9c216530f206/element/00000000-0000-0023-0000-010700000007/clear 200 6 ms - 14 
[38;5;130m[e46508bb][0m[38;5;86m[HTTP][0m [37m-->[39m [37mPOST[39m [37m/wd/hub/session/e46508bb-bb9b-4201-9eb7-9c216530f206/element/00000000-0000-0023-0000-010700000007/click[39m {"id":"00000000-0000-0023-0000-010700000007"}
[38;5;130m[e46508bb][0m[38;5;86m[HTTP][0m <-- POST /wd/hub/session/e46508bb-bb9b-4201-9eb7-9c216530f206/element/00000000-0000-0023-0000-010700000007/click 200 56 ms - 14 
[38;5;130m[e46508bb][0m[38;5;86m[HTTP][0m [37m-->[39m [37mPOST[39m [37m/wd/hub/session/e46508bb-bb9b-4201-9eb7-9c216530f206/element/00000000-0000-0023-0000-010700000007/value[39m {"text":"03205198tm@wg.com","id":"00000000-0000-0023-0000-010700000007","value":["0","3","2","0","5","1","9","8","t","m","@","w","g",".","c","o","m"]}
[38;5;130m[e46508bb][0m[38;5;86m[HTTP][0m <-- POST /wd/hub/session/e46508bb-bb9b-4201-9eb7-9c216530f206/element/00000000-0000-0023-0000-010700000007/value 200 28 ms - 14 
[38;5;130m[e46508bb][0m[38;5;86m[HTTP][0m [37m-->[39m [37mGET[39m [37m/wd/hub/session/e46508bb-bb9b-4201-9eb7-9c216530f206/context[39m {}
[38;5;130m[e46508bb][0m[38;5;86m[HTTP][0m <-- GET /wd/hub/session/e46508bb-bb9b-4201-9eb7-9c216530f206/context 200 1 ms - 22 
[38;5;130m[e46508bb][0m[38;5;86m[HTTP][0m [37m-->[39m [37mGET[39m [37m/wd/hub/session/e46508bb-bb9b-4201-9eb7-9c216530f206/contexts[39m {}
[38;5;130m[e46508bb][0m[38;5;86m[HTTP][0m <-- GET /wd/hub/session/e46508bb-bb9b-4201-9eb7-9c216530f206/contexts 200 201 ms - 41 
[38;5;130m[e46508bb][0m[38;5;86m[HTTP][0m [37m-->[39m [37mPOST[39m [37m/wd/hub/session/e46508bb-bb9b-4201-9eb7-9c216530f206/context[39m {"name":"NATIVE_APP"}
[38;5;130m[e46508bb][0m[38;5;86m[HTTP][0m <-- POST /wd/hub/session/e46508bb-bb9b-4201-9eb7-9c216530f206/context 200 0 ms - 14 
[38;5;130m[e46508bb][0m[38;5;86m[HTTP][0m [37m-->[39m [37mPOST[39m [37m/wd/hub/session/e46508bb-bb9b-4201-9eb7-9c216530f206/execute/sync[39m {"script":"mobile: hideKeyboard","args":[]}
[38;5;130m[e46508bb][0m[38;5;86m[HTTP][0m <-- POST /wd/hub/session/e46508bb-bb9b-4201-9eb7-9c216530f206/execute/sync 200 1587 ms - 14 
[38;5;130m[e46508bb][0m[38;5;86m[HTTP][0m [37m-->[39m [37mPOST[39m [37m/wd/hub/session/e46508bb-bb9b-4201-9eb7-9c216530f206/context[39m {"name":"NATIVE_APP"}
[38;5;130m[e46508bb][0m[38;5;86m[HTTP][0m <-- POST /wd/hub/session/e46508bb-bb9b-4201-9eb7-9c216530f206/context 200 0 ms - 14 
[38;5;130m[e46508bb][0m[38;5;86m[HTTP][0m [37m-->[39m [37mPOST[39m [37m/wd/hub/session/e46508bb-bb9b-4201-9eb7-9c216530f206/timeouts[39m {"implicit":50}
[38;5;130m[e46508bb][0m[38;5;86m[HTTP][0m <-- POST /wd/hub/session/e46508bb-bb9b-4201-9eb7-9c216530f206/timeouts 200 1 ms - 14 
[38;5;130m[e46508bb][0m[38;5;86m[HTTP][0m [37m-->[39m [37mGET[39m [37m/wd/hub/session/e46508bb-bb9b-4201-9eb7-9c216530f206/window/rect[39m {}
[38;5;130m[e46508bb][0m[38;5;86m[HTTP][0m <-- GET /wd/hub/session/e46508bb-bb9b-4201-9eb7-9c216530f206/window/rect 200 12 ms - 50 
[38;5;130m[e46508bb][0m[38;5;86m[HTTP][0m [37m-->[39m [37mPOST[39m [37m/wd/hub/session/e46508bb-bb9b-4201-9eb7-9c216530f206/elements[39m {"using":"xpath","value":"//*[@class = 'android.widget.Button' and (@text = 'Next' or . = 'Next')]"}
[38;5;130m[e46508bb][0m[38;5;86m[HTTP][0m <-- POST /wd/hub/session/e46508bb-bb9b-4201-9eb7-9c216530f206/elements 200 78 ms - 139 
[38;5;130m[e46508bb][0m[38;5;86m[HTTP][0m [37m-->[39m [37mGET[39m [37m/wd/hub/session/e46508bb-bb9b-4201-9eb7-9c216530f206/element/00000000-0000-0023-0000-011300000007/rect[39m {}
[38;5;130m[e46508bb][0m[38;5;-82m[AndroidUiautomator2Driver@33fa][0m Driver proxy active, passing request on via HTTP proxy
[38;5;130m[e46508bb][0m[38;5;-82m[AndroidUiautomator2Driver@33fa][0m Replacing sessionId 176c805e-0fad-402b-bcc5-eb4372867698 with e46508bb-bb9b-4201-9eb7-9c216530f206
[38;5;130m[e46508bb][0m[38;5;86m[HTTP][0m <-- GET /wd/hub/session/e46508bb-bb9b-4201-9eb7-9c216530f206/element/00000000-0000-0023-0000-011300000007/rect 200 5 ms - 103 
[38;5;130m[e46508bb][0m[38;5;86m[HTTP][0m [37m-->[39m [37mPOST[39m [37m/wd/hub/session/e46508bb-bb9b-4201-9eb7-9c216530f206/timeouts[39m {"implicit":30000}
[38;5;130m[e46508bb][0m[38;5;86m[HTTP][0m <-- POST /wd/hub/session/e46508bb-bb9b-4201-9eb7-9c216530f206/timeouts 200 1 ms - 14 
[38;5;130m[e46508bb][0m[38;5;86m[HTTP][0m [37m-->[39m [37mPOST[39m [37m/wd/hub/session/e46508bb-bb9b-4201-9eb7-9c216530f206/element/00000000-0000-0023-0000-011300000007/click[39m {"id":"00000000-0000-0023-0000-011300000007"}
[38;5;130m[e46508bb][0m[38;5;86m[HTTP][0m <-- POST /wd/hub/session/e46508bb-bb9b-4201-9eb7-9c216530f206/element/00000000-0000-0023-0000-011300000007/click 200 36 ms - 14 
[38;5;130m[e46508bb][0m[38;5;86m[HTTP][0m [37m-->[39m [37mPOST[39m [37m/wd/hub/session/e46508bb-bb9b-4201-9eb7-9c216530f206/timeouts[39m {"implicit":50}
[38;5;130m[e46508bb][0m[38;5;86m[HTTP][0m <-- POST /wd/hub/session/e46508bb-bb9b-4201-9eb7-9c216530f206/timeouts 200 4 ms - 14 
[38;5;130m[e46508bb][0m[38;5;86m[HTTP][0m [37m-->[39m [37mGET[39m [37m/wd/hub/session/e46508bb-bb9b-4201-9eb7-9c216530f206/window/rect[39m {}
[38;5;130m[e46508bb][0m[38;5;86m[HTTP][0m <-- GET /wd/hub/session/e46508bb-bb9b-4201-9eb7-9c216530f206/window/rect 200 13 ms - 50 
[38;5;130m[e46508bb][0m[38;5;86m[HTTP][0m [37m-->[39m [37mPOST[39m [37m/wd/hub/session/e46508bb-bb9b-4201-9eb7-9c216530f206/elements[39m {"using":"xpath","value":"//*[@class = 'android.widget.TextView' and (@text = 'Email Address' or . = 'Email Address')]"}
[38;5;130m[e46508bb][0m[38;5;86m[HTTP][0m <-- POST /wd/hub/session/e46508bb-bb9b-4201-9eb7-9c216530f206/elements 200 65 ms - 139 
[38;5;130m[e46508bb][0m[38;5;86m[HTTP][0m [37m-->[39m [37mGET[39m [37m/wd/hub/session/e46508bb-bb9b-4201-9eb7-9c216530f206/element/00000000-0000-0018-0000-008c00000097/rect[39m {}
[38;5;130m[e46508bb][0m[38;5;-82m[AndroidUiautomator2Driver@33fa][0m Driver proxy active, passing request on via HTTP proxy
[38;5;130m[e46508bb][0m[38;5;-82m[AndroidUiautomator2Driver@33fa][0m Replacing sessionId 176c805e-0fad-402b-bcc5-eb4372867698 with e46508bb-bb9b-4201-9eb7-9c216530f206
[38;5;130m[e46508bb][0m[38;5;86m[HTTP][0m <-- GET /wd/hub/session/e46508bb-bb9b-4201-9eb7-9c216530f206/element/00000000-0000-0018-0000-008c00000097/rect 200 5 ms - 102 
[38;5;130m[e46508bb][0m[38;5;86m[HTTP][0m [37m-->[39m [37mPOST[39m [37m/wd/hub/session/e46508bb-bb9b-4201-9eb7-9c216530f206/timeouts[39m {"implicit":30000}
[38;5;130m[e46508bb][0m[38;5;86m[HTTP][0m <-- POST /wd/hub/session/e46508bb-bb9b-4201-9eb7-9c216530f206/timeouts 200 1 ms - 14 
[38;5;130m[e46508bb][0m[38;5;86m[HTTP][0m [37m-->[39m [37mPOST[39m [37m/wd/hub/session/e46508bb-bb9b-4201-9eb7-9c216530f206/element/00000000-0000-0018-0000-008c00000097/clear[39m {"id":"00000000-0000-0018-0000-008c00000097"}
[38;5;130m[e46508bb][0m[38;5;86m[HTTP][0m <-- POST /wd/hub/session/e46508bb-bb9b-4201-9eb7-9c216530f206/element/00000000-0000-0018-0000-008c00000097/clear 200 6 ms - 14 
[38;5;130m[e46508bb][0m[38;5;86m[HTTP][0m [37m-->[39m [37mPOST[39m [37m/wd/hub/session/e46508bb-bb9b-4201-9eb7-9c216530f206/element/00000000-0000-0018-0000-008c00000097/click[39m {"id":"00000000-0000-0018-0000-008c00000097"}
[38;5;130m[e46508bb][0m[38;5;86m[HTTP][0m <-- POST /wd/hub/session/e46508bb-bb9b-4201-9eb7-9c216530f206/element/00000000-0000-0018-0000-008c00000097/click 200 1231 ms - 14 
[38;5;130m[e46508bb][0m[38;5;86m[HTTP][0m [37m-->[39m [37mPOST[39m [37m/wd/hub/session/e46508bb-bb9b-4201-9eb7-9c216530f206/element/00000000-0000-0018-0000-008c00000097/value[39m {"text":"03205198tm@wg.com","id":"00000000-0000-0018-0000-008c00000097","value":["0","3","2","0","5","1","9","8","t","m","@","w","g",".","c","o","m"]}
[38;5;130m[e46508bb][0m[38;5;-82m[AndroidUiautomator2Driver@33fa][0m Got response with status 400: {"sessionId":"176c805e-0fad-402b-bcc5-eb4372867698","value":{"error":"invalid element state","message":"Cannot set the element to '03205198tm@wg.com'. Did you interact with the correct element?","stacktrace":"io.appium.uiautomator2.common.exceptions.InvalidElementStateException: Cannot set the element to '03205198tm@wg.com'. Did you interact with the correct element?\n\tat io.appium.uiautomator2.handler.SendKeysToElement.setText(SendKeysToElement.java:87)\n\tat io.appium.uiautomator2.handler.SendKeysToElement.safeHandle(SendKeysToElement.java:115)\n\tat io.appium.uiautomator2.handler.request.SafeRequestHandler.handle(SafeRequestHandler.java:59)\n\tat io.appium.uiautomator2.server.AppiumServlet.handleRequest(AppiumServlet.java:259)\n\tat io.appium.uiautomator2.server.AppiumServlet.handleHttpRequest(AppiumServlet.java:253)\n\tat io.appium.uiautomator2.http.ServerHandler.channelRead(ServerHandler.java:77)\n\tat io.netty.channel.AbstractChannelHandlerContext.invokeChannelRead(AbstractChannelHandlerContext.java...
[38;5;130m[e46508bb][0m[38;5;86m[HTTP][0m <-- POST /wd/hub/session/e46508bb-bb9b-4201-9eb7-9c216530f206/element/00000000-0000-0018-0000-008c00000097/value 400 36 ms - 3914 
[38;5;130m[e46508bb][0m[38;5;86m[HTTP][0m [37m-->[39m [37mPOST[39m [37m/wd/hub/session/e46508bb-bb9b-4201-9eb7-9c216530f206/element/00000000-0000-0018-0000-008c00000097/click[39m {"id":"00000000-0000-0018-0000-008c00000097"}
[38;5;130m[e46508bb][0m[38;5;86m[HTTP][0m <-- POST /wd/hub/session/e46508bb-bb9b-4201-9eb7-9c216530f206/element/00000000-0000-0018-0000-008c00000097/click 200 650 ms - 14 
[38;5;130m[e46508bb][0m[38;5;86m[HTTP][0m [37m-->[39m [37mPOST[39m [37m/wd/hub/session/e46508bb-bb9b-4201-9eb7-9c216530f206/actions[39m {"actions":[{"type":"key","actions":[{"type":"keyDown","value":"0"},{"type":"keyDown","value":"3"},{"type":"keyDown","value":"2"},{"type":"keyDown","value":"0"},{"type":"keyDown","value":"5"},{"type":"keyDown","value":"1"},{"type":"keyDown","value":"9"},{"type":"keyDown","value":"8"},{"type":"keyDown","value":"t"},{"type":"keyDown","value":"m"},{"type":"keyDown","value":"@"},{"type":"keyDown","value":"w"},{"type":"keyDown","value":"g"},{"type":"keyDown","value":"."},{"type":"keyDown","value":"c"},{"type":"keyDown","value":"o"},{"type":"keyDown","value":"m"}],"id":"keyboard"}]}
[38;5;130m[e46508bb][0m[38;5;86m[HTTP][0m <-- POST /wd/hub/session/e46508bb-bb9b-4201-9eb7-9c216530f206/actions 200 438 ms - 14 
[38;5;130m[e46508bb][0m[38;5;86m[HTTP][0m [37m-->[39m [37mGET[39m [37m/wd/hub/session/e46508bb-bb9b-4201-9eb7-9c216530f206/context[39m {}
[38;5;130m[e46508bb][0m[38;5;86m[HTTP][0m <-- GET /wd/hub/session/e46508bb-bb9b-4201-9eb7-9c216530f206/context 200 2 ms - 22 
[38;5;130m[e46508bb][0m[38;5;86m[HTTP][0m [37m-->[39m [37mGET[39m [37m/wd/hub/session/e46508bb-bb9b-4201-9eb7-9c216530f206/contexts[39m {}
[38;5;130m[e46508bb][0m[38;5;86m[HTTP][0m <-- GET /wd/hub/session/e46508bb-bb9b-4201-9eb7-9c216530f206/contexts 200 137 ms - 41 
[38;5;130m[e46508bb][0m[38;5;86m[HTTP][0m [37m-->[39m [37mPOST[39m [37m/wd/hub/session/e46508bb-bb9b-4201-9eb7-9c216530f206/context[39m {"name":"NATIVE_APP"}
[38;5;130m[e46508bb][0m[38;5;86m[HTTP][0m <-- POST /wd/hub/session/e46508bb-bb9b-4201-9eb7-9c216530f206/context 200 0 ms - 14 
[38;5;130m[e46508bb][0m[38;5;86m[HTTP][0m [37m-->[39m [37mPOST[39m [37m/wd/hub/session/e46508bb-bb9b-4201-9eb7-9c216530f206/execute/sync[39m {"script":"mobile: hideKeyboard","args":[]}
[38;5;130m[e46508bb][0m[38;5;86m[HTTP][0m <-- POST /wd/hub/session/e46508bb-bb9b-4201-9eb7-9c216530f206/execute/sync 200 1477 ms - 14 
[38;5;130m[e46508bb][0m[38;5;86m[HTTP][0m [37m-->[39m [37mPOST[39m [37m/wd/hub/session/e46508bb-bb9b-4201-9eb7-9c216530f206/context[39m {"name":"NATIVE_APP"}
[38;5;130m[e46508bb][0m[38;5;86m[HTTP][0m <-- POST /wd/hub/session/e46508bb-bb9b-4201-9eb7-9c216530f206/context 200 1 ms - 14 
[38;5;130m[e46508bb][0m[38;5;86m[HTTP][0m [37m-->[39m [37mPOST[39m [37m/wd/hub/session/e46508bb-bb9b-4201-9eb7-9c216530f206/timeouts[39m {"implicit":50}
[38;5;130m[e46508bb][0m[38;5;86m[HTTP][0m <-- POST /wd/hub/session/e46508bb-bb9b-4201-9eb7-9c216530f206/timeouts 200 2 ms - 14 
[38;5;130m[e46508bb][0m[38;5;86m[HTTP][0m [37m-->[39m [37mGET[39m [37m/wd/hub/session/e46508bb-bb9b-4201-9eb7-9c216530f206/window/rect[39m {}
[38;5;130m[e46508bb][0m[38;5;86m[HTTP][0m <-- GET /wd/hub/session/e46508bb-bb9b-4201-9eb7-9c216530f206/window/rect 200 10 ms - 50 
[38;5;130m[e46508bb][0m[38;5;86m[HTTP][0m [37m-->[39m [37mPOST[39m [37m/wd/hub/session/e46508bb-bb9b-4201-9eb7-9c216530f206/elements[39m {"using":"xpath","value":"//*[@class = 'android.widget.TextView' and (@text = 'Password' or . = 'Password')]"}
[38;5;130m[e46508bb][0m[38;5;86m[HTTP][0m <-- POST /wd/hub/session/e46508bb-bb9b-4201-9eb7-9c216530f206/elements 200 65 ms - 139 
[38;5;130m[e46508bb][0m[38;5;86m[HTTP][0m [37m-->[39m [37mGET[39m [37m/wd/hub/session/e46508bb-bb9b-4201-9eb7-9c216530f206/element/00000000-0000-0018-0000-009200000097/rect[39m {}
[38;5;130m[e46508bb][0m[38;5;-82m[AndroidUiautomator2Driver@33fa][0m Driver proxy active, passing request on via HTTP proxy
[38;5;130m[e46508bb][0m[38;5;-82m[AndroidUiautomator2Driver@33fa][0m Replacing sessionId 176c805e-0fad-402b-bcc5-eb4372867698 with e46508bb-bb9b-4201-9eb7-9c216530f206
[38;5;130m[e46508bb][0m[38;5;86m[HTTP][0m <-- GET /wd/hub/session/e46508bb-bb9b-4201-9eb7-9c216530f206/element/00000000-0000-0018-0000-009200000097/rect 200 8 ms - 102 
[38;5;130m[e46508bb][0m[38;5;86m[HTTP][0m [37m-->[39m [37mPOST[39m [37m/wd/hub/session/e46508bb-bb9b-4201-9eb7-9c216530f206/timeouts[39m {"implicit":30000}
[38;5;130m[e46508bb][0m[38;5;86m[HTTP][0m <-- POST /wd/hub/session/e46508bb-bb9b-4201-9eb7-9c216530f206/timeouts 200 0 ms - 14 
[38;5;130m[e46508bb][0m[38;5;86m[HTTP][0m [37m-->[39m [37mPOST[39m [37m/wd/hub/session/e46508bb-bb9b-4201-9eb7-9c216530f206/element/00000000-0000-0018-0000-009200000097/clear[39m {"id":"00000000-0000-0018-0000-009200000097"}
[38;5;130m[e46508bb][0m[38;5;86m[HTTP][0m <-- POST /wd/hub/session/e46508bb-bb9b-4201-9eb7-9c216530f206/element/00000000-0000-0018-0000-009200000097/clear 200 6 ms - 14 
[38;5;130m[e46508bb][0m[38;5;86m[HTTP][0m [37m-->[39m [37mPOST[39m [37m/wd/hub/session/e46508bb-bb9b-4201-9eb7-9c216530f206/element/00000000-0000-0018-0000-009200000097/click[39m {"id":"00000000-0000-0018-0000-009200000097"}
[38;5;130m[e46508bb][0m[38;5;86m[HTTP][0m <-- POST /wd/hub/session/e46508bb-bb9b-4201-9eb7-9c216530f206/element/00000000-0000-0018-0000-009200000097/click 200 48 ms - 14 
[38;5;130m[e46508bb][0m[38;5;86m[HTTP][0m [37m-->[39m [37mPOST[39m [37m/wd/hub/session/e46508bb-bb9b-4201-9eb7-9c216530f206/element/00000000-0000-0018-0000-009200000097/value[39m {"text":"password","id":"00000000-0000-0018-0000-009200000097","value":["p","a","s","s","w","o","r","d"]}
[38;5;130m[e46508bb][0m[38;5;-82m[AndroidUiautomator2Driver@33fa][0m Got response with status 400: {"sessionId":"176c805e-0fad-402b-bcc5-eb4372867698","value":{"error":"invalid element state","message":"Cannot set the element to 'password'. Did you interact with the correct element?","stacktrace":"io.appium.uiautomator2.common.exceptions.InvalidElementStateException: Cannot set the element to 'password'. Did you interact with the correct element?\n\tat io.appium.uiautomator2.handler.SendKeysToElement.setText(SendKeysToElement.java:87)\n\tat io.appium.uiautomator2.handler.SendKeysToElement.safeHandle(SendKeysToElement.java:115)\n\tat io.appium.uiautomator2.handler.request.SafeRequestHandler.handle(SafeRequestHandler.java:59)\n\tat io.appium.uiautomator2.server.AppiumServlet.handleRequest(AppiumServlet.java:259)\n\tat io.appium.uiautomator2.server.AppiumServlet.handleHttpRequest(AppiumServlet.java:253)\n\tat io.appium.uiautomator2.http.ServerHandler.channelRead(ServerHandler.java:77)\n\tat io.netty.channel.AbstractChannelHandlerContext.invokeChannelRead(AbstractChannelHandlerContext.java:366)\n\tat io.net...
[38;5;130m[e46508bb][0m[38;5;86m[HTTP][0m <-- POST /wd/hub/session/e46508bb-bb9b-4201-9eb7-9c216530f206/element/00000000-0000-0018-0000-009200000097/value 400 1020 ms - 3896 
[38;5;130m[e46508bb][0m[38;5;86m[HTTP][0m [37m-->[39m [37mPOST[39m [37m/wd/hub/session/e46508bb-bb9b-4201-9eb7-9c216530f206/element/00000000-0000-0018-0000-009200000097/click[39m {"id":"00000000-0000-0018-0000-009200000097"}
[38;5;130m[e46508bb][0m[38;5;86m[HTTP][0m <-- POST /wd/hub/session/e46508bb-bb9b-4201-9eb7-9c216530f206/element/00000000-0000-0018-0000-009200000097/click 200 42 ms - 14 
[38;5;130m[e46508bb][0m[38;5;86m[HTTP][0m [37m-->[39m [37mPOST[39m [37m/wd/hub/session/e46508bb-bb9b-4201-9eb7-9c216530f206/actions[39m {"actions":[{"type":"key","actions":[{"type":"keyDown","value":"p"},{"type":"keyDown","value":"a"},{"type":"keyDown","value":"s"},{"type":"keyDown","value":"s"},{"type":"keyDown","value":"w"},{"type":"keyDown","value":"o"},{"type":"keyDown","value":"r"},{"type":"keyDown","value":"d"}],"id":"keyboard"}]}
[38;5;130m[e46508bb][0m[38;5;86m[HTTP][0m <-- POST /wd/hub/session/e46508bb-bb9b-4201-9eb7-9c216530f206/actions 200 135 ms - 14 
[38;5;130m[e46508bb][0m[38;5;86m[HTTP][0m [37m-->[39m [37mGET[39m [37m/wd/hub/session/e46508bb-bb9b-4201-9eb7-9c216530f206/context[39m {}
[38;5;130m[e46508bb][0m[38;5;86m[HTTP][0m <-- GET /wd/hub/session/e46508bb-bb9b-4201-9eb7-9c216530f206/context 200 1 ms - 22 
[38;5;130m[e46508bb][0m[38;5;86m[HTTP][0m [37m-->[39m [37mGET[39m [37m/wd/hub/session/e46508bb-bb9b-4201-9eb7-9c216530f206/contexts[39m {}
[38;5;130m[e46508bb][0m[38;5;86m[HTTP][0m <-- GET /wd/hub/session/e46508bb-bb9b-4201-9eb7-9c216530f206/contexts 200 146 ms - 41 
[38;5;130m[e46508bb][0m[38;5;86m[HTTP][0m [37m-->[39m [37mPOST[39m [37m/wd/hub/session/e46508bb-bb9b-4201-9eb7-9c216530f206/context[39m {"name":"NATIVE_APP"}
[38;5;130m[e46508bb][0m[38;5;86m[HTTP][0m <-- POST /wd/hub/session/e46508bb-bb9b-4201-9eb7-9c216530f206/context 200 0 ms - 14 
[38;5;130m[e46508bb][0m[38;5;86m[HTTP][0m [37m-->[39m [37mPOST[39m [37m/wd/hub/session/e46508bb-bb9b-4201-9eb7-9c216530f206/execute/sync[39m {"script":"mobile: hideKeyboard","args":[]}
[38;5;130m[e46508bb][0m[38;5;86m[HTTP][0m <-- POST /wd/hub/session/e46508bb-bb9b-4201-9eb7-9c216530f206/execute/sync 200 1457 ms - 14 
[38;5;130m[e46508bb][0m[38;5;86m[HTTP][0m [37m-->[39m [37mPOST[39m [37m/wd/hub/session/e46508bb-bb9b-4201-9eb7-9c216530f206/context[39m {"name":"NATIVE_APP"}
[38;5;130m[e46508bb][0m[38;5;86m[HTTP][0m <-- POST /wd/hub/session/e46508bb-bb9b-4201-9eb7-9c216530f206/context 200 0 ms - 14 
[38;5;130m[e46508bb][0m[38;5;86m[HTTP][0m [37m-->[39m [37mPOST[39m [37m/wd/hub/session/e46508bb-bb9b-4201-9eb7-9c216530f206/timeouts[39m {"implicit":50}
[38;5;130m[e46508bb][0m[38;5;86m[HTTP][0m <-- POST /wd/hub/session/e46508bb-bb9b-4201-9eb7-9c216530f206/timeouts 200 3 ms - 14 
[38;5;130m[e46508bb][0m[38;5;86m[HTTP][0m [37m-->[39m [37mGET[39m [37m/wd/hub/session/e46508bb-bb9b-4201-9eb7-9c216530f206/window/rect[39m {}
[38;5;130m[e46508bb][0m[38;5;86m[HTTP][0m <-- GET /wd/hub/session/e46508bb-bb9b-4201-9eb7-9c216530f206/window/rect 200 11 ms - 50 
[38;5;130m[e46508bb][0m[38;5;86m[HTTP][0m [37m-->[39m [37mPOST[39m [37m/wd/hub/session/e46508bb-bb9b-4201-9eb7-9c216530f206/elements[39m {"using":"xpath","value":"//android.widget.Button[@text='LOGIN' or .='LOGIN']"}
[38;5;130m[e46508bb][0m[38;5;86m[HTTP][0m <-- POST /wd/hub/session/e46508bb-bb9b-4201-9eb7-9c216530f206/elements 200 43 ms - 139 
[38;5;130m[e46508bb][0m[38;5;86m[HTTP][0m [37m-->[39m [37mGET[39m [37m/wd/hub/session/e46508bb-bb9b-4201-9eb7-9c216530f206/element/00000000-0000-0018-0000-011200000097/rect[39m {}
[38;5;130m[e46508bb][0m[38;5;-82m[AndroidUiautomator2Driver@33fa][0m Driver proxy active, passing request on via HTTP proxy
[38;5;130m[e46508bb][0m[38;5;-82m[AndroidUiautomator2Driver@33fa][0m Replacing sessionId 176c805e-0fad-402b-bcc5-eb4372867698 with e46508bb-bb9b-4201-9eb7-9c216530f206
[38;5;130m[e46508bb][0m[38;5;86m[HTTP][0m <-- GET /wd/hub/session/e46508bb-bb9b-4201-9eb7-9c216530f206/element/00000000-0000-0018-0000-011200000097/rect 200 5 ms - 104 
[38;5;130m[e46508bb][0m[38;5;86m[HTTP][0m [37m-->[39m [37mPOST[39m [37m/wd/hub/session/e46508bb-bb9b-4201-9eb7-9c216530f206/timeouts[39m {"implicit":30000}
[38;5;130m[e46508bb][0m[38;5;86m[HTTP][0m <-- POST /wd/hub/session/e46508bb-bb9b-4201-9eb7-9c216530f206/timeouts 200 0 ms - 14 
[38;5;130m[e46508bb][0m[38;5;86m[HTTP][0m [37m-->[39m [37mPOST[39m [37m/wd/hub/session/e46508bb-bb9b-4201-9eb7-9c216530f206/element/00000000-0000-0018-0000-011200000097/click[39m {"id":"00000000-0000-0018-0000-011200000097"}
[38;5;130m[e46508bb][0m[38;5;86m[HTTP][0m <-- POST /wd/hub/session/e46508bb-bb9b-4201-9eb7-9c216530f206/element/00000000-0000-0018-0000-011200000097/click 200 37 ms - 14 
[38;5;161m[e17d70f9][0m[38;5;13m[AndroidUiautomator2Driver@e6da][0m Shutting down because we waited 1800 seconds for a command
[38;5;161m[e17d70f9][0m[38;5;98m[AppiumDriver@06c7][0m Ending session, cause was 'New Command Timeout of 1800 seconds expired. Try customizing the timeout using the 'newCommandTimeout' desired capability'
[38;5;161m[e17d70f9][0m[38;5;98m[AppiumDriver@06c7][0m Removing session 'e17d70f9-ee02-4c8c-939a-6a373072f44e' from our master session list
[38;5;161m[e17d70f9][0m[38;5;13m[AndroidUiautomator2Driver@e6da][0m Did not get the confirmation of UiAutomator2 server session deletion. Original error: An unknown server-side error occurred while processing the command. Original error: 'DELETE /' cannot be proxied to UiAutomator2 server because the instrumentation process is not running (probably crashed). Check the server log and/or the logcat output for more details
[38;5;161m[e17d70f9][0m[38;5;13m[AndroidUiautomator2Driver@e6da][0m The UIA2 server did has not been terminated within 5000ms timeout. Continuing anyway
[38;5;161m[e17d70f9][0m[38;5;229m[ADB][0m com.westgate.rewrite2 was successfully uninstalled
[38;5;161m[e17d70f9][0m[38;5;13m[AndroidUiautomator2Driver@e6da][0m Unable to remove system port forward: Error executing adbExec. Original error: 'Command '/Users/gv.vignesh/.katalon/tools/android_sdk/platform-tools/adb -P 5037 -s emulator-5554 forward --remove tcp\:61171' exited with code 1'; Command output: adb: error: listener 'tcp:61171' not found

[38;5;161m[e17d70f9][0m[38;5;13m[AndroidUiautomator2Driver@e6da][0m Restoring hidden api policy to the device default configuration
[38;5;77m[d5328a42][0m[38;5;-174m[AndroidUiautomator2Driver@d7f6][0m Shutting down because we waited 1800 seconds for a command
[38;5;77m[d5328a42][0m[38;5;98m[AppiumDriver@06c7][0m Ending session, cause was 'New Command Timeout of 1800 seconds expired. Try customizing the timeout using the 'newCommandTimeout' desired capability'
[38;5;77m[d5328a42][0m[38;5;98m[AppiumDriver@06c7][0m Removing session 'd5328a42-9c21-49ee-908e-55912a8e6d70' from our master session list
[38;5;77m[d5328a42][0m[38;5;-174m[AndroidUiautomator2Driver@d7f6][0m Did not get the confirmation of UiAutomator2 server session deletion. Original error: An unknown server-side error occurred while processing the command. Original error: 'DELETE /' cannot be proxied to UiAutomator2 server because the instrumentation process is not running (probably crashed). Check the server log and/or the logcat output for more details
[38;5;77m[d5328a42][0m[38;5;-174m[AndroidUiautomator2Driver@d7f6][0m The UIA2 server did has not been terminated within 5000ms timeout. Continuing anyway
[38;5;77m[d5328a42][0m[38;5;229m[ADB][0m com.westgate.rewrite2 was successfully uninstalled
[38;5;77m[d5328a42][0m[38;5;-174m[AndroidUiautomator2Driver@d7f6][0m Unable to remove system port forward: Error executing adbExec. Original error: 'Command '/Users/gv.vignesh/.katalon/tools/android_sdk/platform-tools/adb -P 5037 -s emulator-5554 forward --remove tcp\:61437' exited with code 1'; Command output: adb: error: listener 'tcp:61437' not found

[38;5;77m[d5328a42][0m[38;5;-174m[AndroidUiautomator2Driver@d7f6][0m Restoring hidden api policy to the device default configuration
[38;5;130m[e46508bb][0m[38;5;-82m[AndroidUiautomator2Driver@33fa][0m Shutting down because we waited 1800 seconds for a command
[38;5;130m[e46508bb][0m[38;5;98m[AppiumDriver@06c7][0m Ending session, cause was 'New Command Timeout of 1800 seconds expired. Try customizing the timeout using the 'newCommandTimeout' desired capability'
[38;5;130m[e46508bb][0m[38;5;98m[AppiumDriver@06c7][0m Removing session 'e46508bb-bb9b-4201-9eb7-9c216530f206' from our master session list
[38;5;130m[e46508bb][0m[38;5;-82m[AndroidUiautomator2Driver@33fa][0m Did not get the confirmation of UiAutomator2 server session deletion. Original error: An unknown server-side error occurred while processing the command. Original error: 'DELETE /' cannot be proxied to UiAutomator2 server because the instrumentation process is not running (probably crashed). Check the server log and/or the logcat output for more details
[38;5;130m[e46508bb][0m[38;5;-82m[AndroidUiautomator2Driver@33fa][0m The UIA2 server did has not been terminated within 5000ms timeout. Continuing anyway
[38;5;130m[e46508bb][0m[38;5;229m[ADB][0m com.westgate.rewrite2 was successfully uninstalled
[38;5;130m[e46508bb][0m[38;5;-82m[AndroidUiautomator2Driver@33fa][0m Unable to remove system port forward: Error executing adbExec. Original error: 'Command '/Users/gv.vignesh/.katalon/tools/android_sdk/platform-tools/adb -P 5037 -s emulator-5554 forward --remove tcp\:61773' exited with code 1'; Command output: adb: error: listener 'tcp:61773' not found

[38;5;130m[e46508bb][0m[38;5;-82m[AndroidUiautomator2Driver@33fa][0m Restoring hidden api policy to the device default configuration
[38;5;112m[Appium][0m Received SIGTERM - shutting down
[38;5;86m[HTTP][0m Closing Appium HTTP server
[38;5;86m[HTTP][0m Appium HTTP server has been succesfully closed after 10ms
