[38;5;112m[Appium][0m Welcome to Appium v2.16.0 (REV f1041842141f20bc701b522d4371d7843d905580)
[38;5;112m[Appium][0m Non-default server args:
[38;5;112m[Appium][0m { basePath: [32m'/wd/hub'[39m, loglevel: [32m'info'[39m, port: [33m55824[39m }
[38;5;112m[Appium][0m Attempting to load driver uiautomator2...
[38;5;112m[Appium][0m Appium REST http interface listener started on http://0.0.0.0:55824/wd/hub
[38;5;112m[Appium][0m You can provide the following URLs in your client code to connect to this server:
	http://127.0.0.1:55824/wd/hub (only accessible from the same host)
	http://192.168.0.106:55824/wd/hub
[38;5;112m[Appium][0m Available drivers:
[38;5;112m[Appium][0m   - uiautomator2@4.1.5 (automationName 'UiAutomator2')
[38;5;112m[Appium][0m No plugins have been installed. Use the "appium plugin" command to install the one(s) you want to use.
[38;5;86m[HTTP][0m [37m-->[39m [37mGET[39m [37m/wd/hub/status[39m {}
[38;5;86m[HTTP][0m <-- GET /wd/hub/status 200 4 ms - 200 
[38;5;86m[HTTP][0m [37m-->[39m [37mPOST[39m [37m/wd/hub/session[39m {"capabilities":{"firstMatch":[{"appium:app":"/Users/gv.vignesh/Downloads/WGR-Android-Automation/App Folder/universal.apk","appium:autoGrantPermissions":true,"appium:automationName":"uiautomator2","appium:deviceId":"","appium:deviceName":"emulator-5554 (sdk_gphone64_arm64 - Android 16)","appium:fullReset":true,"appium:newCommandTimeout":1800,"appium:noReset":false,"appium:platformName":"ANDROID","appium:platformVersion":"16","appium:systemPort":55823,"appium:udid":"emulator-5554","platformName":"ANDROID"}]},"desiredCapabilities":{"appium:app":"/Users/gv.vignesh/Downloads/WGR-Android-Automation/App Folder/universal.apk","appium:autoGrantPermissions":true,"appium:automationName":"uiautomator2","appium:deviceId":"","appium:deviceName":"emulator-5554 (sdk_gphone64_arm64 - Android 16)","appium:fullReset":true,"appium:newCommandTimeout":1800,"appium:noReset":false,"appium:platformName":"ANDROID","appium:platformVersion":"16","appium:systemPort":55823,"appium:udid":"emulator-5554"}}
[38;5;123m[BaseDriver][0m Ignoring capability 'appium:platformName=ANDROID' and using capability 'platformName=ANDROID'
[38;5;123m[BaseDriver][0m The capabilities ["platformName"] are standard capabilities and do not require "appium:" prefix
[38;5;112m[Appium][0m Attempting to find matching driver for automationName 'uiautomator2' and platformName 'ANDROID'
[38;5;112m[Appium][0m The 'uiautomator2' driver was installed and matched caps.
[38;5;112m[Appium][0m Will require it at /Users/gv.vignesh/.appium/node_modules/appium-uiautomator2-driver
[38;5;52m[AppiumDriver@c1e7][0m Appium v2.16.0 creating new AndroidUiautomator2Driver (v4.1.5) session
[38;5;52m[AppiumDriver@c1e7][0m Checking BaseDriver versions for Appium and AndroidUiautomator2Driver
[38;5;52m[AppiumDriver@c1e7][0m Appium's BaseDriver version is 9.16.4
[38;5;52m[AppiumDriver@c1e7][0m AndroidUiautomator2Driver's BaseDriver version is 9.16.4
[38;5;-150m[AndroidUiautomator2Driver@da35][0m The following provided capabilities were not recognized by this driver:
[38;5;-150m[AndroidUiautomator2Driver@da35][0m   deviceId
[38;5;101m[2c50df23][0m[38;5;-150m[AndroidUiautomator2Driver@da35][0m Session created with session id: 2c50df23-93ea-4922-8108-019ff3db8838
[38;5;101m[2c50df23][0m[38;5;229m[ADB][0m Found 1 'build-tools' folders under '/Users/gv.vignesh/.katalon/tools/android_sdk' (newest first):
[38;5;101m[2c50df23][0m[38;5;229m[ADB][0m     /Users/gv.vignesh/.katalon/tools/android_sdk/build-tools/29.0.3
[38;5;101m[2c50df23][0m[38;5;229m[ADB][0m Using 'adb' from '/Users/gv.vignesh/.katalon/tools/android_sdk/platform-tools/adb'
[38;5;101m[2c50df23][0m[38;5;-150m[AndroidUiautomator2Driver@da35][0m Retrieving device list
[38;5;101m[2c50df23][0m[38;5;-150m[AndroidUiautomator2Driver@da35][0m Using device: emulator-5554
[38;5;101m[2c50df23][0m[38;5;229m[ADB][0m Using 'adb' from '/Users/gv.vignesh/.katalon/tools/android_sdk/platform-tools/adb'
[38;5;101m[2c50df23][0m[38;5;123m[BaseDriver][0m Using local app '/Users/gv.vignesh/Downloads/WGR-Android-Automation/App Folder/universal.apk'
[38;5;101m[2c50df23][0m[38;5;229m[ADB][0m Getting device platform version
[38;5;101m[2c50df23][0m[38;5;-150m[AndroidUiautomator2Driver@da35][0m Relaxing hidden api policy
[38;5;101m[2c50df23][0m[38;5;229m[ADB][0m Using 'aapt2' from '/Users/gv.vignesh/.katalon/tools/android_sdk/build-tools/29.0.3/aapt2'
[38;5;101m[2c50df23][0m[38;5;229m[ADB][0m Package name: 'com.westgate.rewrite2'
[38;5;101m[2c50df23][0m[38;5;229m[ADB][0m Main activity name: 'com.westgate.rewrite2.MainActivity'
[38;5;101m[2c50df23][0m[38;5;-150m[AndroidUiautomator2Driver@da35][0m Server packages are not going to be (re)installed
[38;5;101m[2c50df23][0m[38;5;229m[ADB][0m Using 'apksigner.jar' from '/Users/gv.vignesh/.katalon/tools/android_sdk/build-tools/29.0.3/lib/apksigner.jar'
[38;5;101m[2c50df23][0m[38;5;229m[ADB][0m Adding packages ["io.appium.settings","io.appium.uiautomator2.server","io.appium.uiautomator2.server.test"] to Doze whitelist
[38;5;101m[2c50df23][0m[38;5;229m[ADB][0m '/Users/gv.vignesh/Downloads/WGR-Android-Automation/App Folder/universal.apk' is signed with a non-default certificate
[38;5;101m[2c50df23][0m[38;5;229m[ADB][0m com.westgate.rewrite2 was successfully uninstalled
[38;5;101m[2c50df23][0m[38;5;229m[ADB][0m The application at '/Users/gv.vignesh/Downloads/WGR-Android-Automation/App Folder/universal.apk' will not be cached, because the device under test has confirmed the support of streamed installs
[38;5;101m[2c50df23][0m[38;5;229m[ADB][0m The installation of 'universal.apk' took 1176ms
[38;5;101m[2c50df23][0m[38;5;-150m[AndroidUiautomator2Driver@da35][0m Starting UIAutomator2 server 7.3.0
[38;5;101m[2c50df23][0m[38;5;-150m[AndroidUiautomator2Driver@da35][0m Using UIAutomator2 server from '/Users/gv.vignesh/.appium/node_modules/appium-uiautomator2-driver/node_modules/appium-uiautomator2-server/apks/appium-uiautomator2-server-v7.3.0.apk' and test from '/Users/gv.vignesh/.appium/node_modules/appium-uiautomator2-driver/node_modules/appium-uiautomator2-server/apks/appium-uiautomator2-server-debug-androidTest.apk'
[38;5;101m[2c50df23][0m[38;5;-150m[AndroidUiautomator2Driver@da35][0m Waiting up to 30000ms for UiAutomator2 to be online...
[38;5;101m[2c50df23][0m[38;5;-150m[AndroidUiautomator2Driver@da35][0m socket hang up
[38;5;101m[2c50df23][0m[38;5;-150m[AndroidUiautomator2Driver@da35][0m Determined the downstream protocol as 'W3C'
[38;5;101m[2c50df23][0m[38;5;-150m[AndroidUiautomator2Driver@da35][0m Screen already unlocked, doing nothing
[38;5;101m[2c50df23][0m[38;5;-150m[AndroidUiautomator2Driver@da35][0m Starting 'com.westgate.rewrite2/com.westgate.rewrite2.MainActivity' and waiting for 'com.westgate.rewrite2/com.westgate.rewrite2.MainActivity'
[38;5;101m[2c50df23][0m[38;5;52m[AppiumDriver@c1e7][0m New AndroidUiautomator2Driver session created successfully, session 2c50df23-93ea-4922-8108-019ff3db8838 added to master session list
[38;5;101m[2c50df23][0m[38;5;86m[HTTP][0m <-- POST /wd/hub/session 200 7447 ms - 1350 
[38;5;86m[HTTP][0m [37m-->[39m [37mGET[39m [37m/wd/hub/status[39m {}
[38;5;86m[HTTP][0m <-- GET /wd/hub/status 200 0 ms - 200 
[38;5;101m[2c50df23][0m[38;5;86m[HTTP][0m [37m-->[39m [37mPOST[39m [37m/wd/hub/session/2c50df23-93ea-4922-8108-019ff3db8838/timeouts[39m {"implicit":30000}
[38;5;101m[2c50df23][0m[38;5;86m[HTTP][0m <-- POST /wd/hub/session/2c50df23-93ea-4922-8108-019ff3db8838/timeouts 200 1 ms - 14 
[38;5;101m[2c50df23][0m[38;5;86m[HTTP][0m [37m-->[39m [37mPOST[39m [37m/wd/hub/session/2c50df23-93ea-4922-8108-019ff3db8838/execute/sync[39m {"script":"mobile: getSystemBars","args":[]}
[38;5;101m[2c50df23][0m[38;5;-150m[AndroidUiautomator2Driver@da35][0m No windows have been found whose title matches to 'NavigationBar'. Assuming it is invisible. Only the following windows are available: ScreenDecorOverlayBottom,ScreenDecorOverlay,EdgeBackGestureHandler0,Taskbar,NotificationShade,StatusBar,ShellDropTarget,InputMethod
[38;5;101m[2c50df23][0m[38;5;86m[HTTP][0m <-- POST /wd/hub/session/2c50df23-93ea-4922-8108-019ff3db8838/execute/sync 200 65 ms - 144 
[38;5;101m[2c50df23][0m[38;5;86m[HTTP][0m [37m-->[39m [37mPOST[39m [37m/wd/hub/session/2c50df23-93ea-4922-8108-019ff3db8838/timeouts[39m {"implicit":50}
[38;5;101m[2c50df23][0m[38;5;86m[HTTP][0m <-- POST /wd/hub/session/2c50df23-93ea-4922-8108-019ff3db8838/timeouts 200 1 ms - 14 
[38;5;101m[2c50df23][0m[38;5;86m[HTTP][0m [37m-->[39m [37mGET[39m [37m/wd/hub/session/2c50df23-93ea-4922-8108-019ff3db8838/window/rect[39m {}
[38;5;101m[2c50df23][0m[38;5;86m[HTTP][0m <-- GET /wd/hub/session/2c50df23-93ea-4922-8108-019ff3db8838/window/rect 200 6 ms - 50 
[38;5;101m[2c50df23][0m[38;5;86m[HTTP][0m [37m-->[39m [37mPOST[39m [37m/wd/hub/session/2c50df23-93ea-4922-8108-019ff3db8838/elements[39m {"using":"xpath","value":"//*[@class = 'android.widget.Button' and (@text = 'Login or Sign Up' or . = 'Login or Sign Up')]"}
[38;5;101m[2c50df23][0m[38;5;86m[HTTP][0m <-- POST /wd/hub/session/2c50df23-93ea-4922-8108-019ff3db8838/elements 200 137 ms - 139 
[38;5;101m[2c50df23][0m[38;5;86m[HTTP][0m [37m-->[39m [37mGET[39m [37m/wd/hub/session/2c50df23-93ea-4922-8108-019ff3db8838/element/00000000-0000-00e2-0000-00a300000007/rect[39m {}
[38;5;101m[2c50df23][0m[38;5;-150m[AndroidUiautomator2Driver@da35][0m Driver proxy active, passing request on via HTTP proxy
[38;5;101m[2c50df23][0m[38;5;-150m[AndroidUiautomator2Driver@da35][0m Replacing sessionId 85f93d68-9b23-425e-aa91-9137c9954292 with 2c50df23-93ea-4922-8108-019ff3db8838
[38;5;101m[2c50df23][0m[38;5;86m[HTTP][0m <-- GET /wd/hub/session/2c50df23-93ea-4922-8108-019ff3db8838/element/00000000-0000-00e2-0000-00a300000007/rect 200 10 ms - 103 
[38;5;101m[2c50df23][0m[38;5;86m[HTTP][0m [37m-->[39m [37mPOST[39m [37m/wd/hub/session/2c50df23-93ea-4922-8108-019ff3db8838/timeouts[39m {"implicit":30000}
[38;5;101m[2c50df23][0m[38;5;86m[HTTP][0m <-- POST /wd/hub/session/2c50df23-93ea-4922-8108-019ff3db8838/timeouts 200 1 ms - 14 
[38;5;101m[2c50df23][0m[38;5;86m[HTTP][0m [37m-->[39m [37mPOST[39m [37m/wd/hub/session/2c50df23-93ea-4922-8108-019ff3db8838/element/00000000-0000-00e2-0000-00a300000007/click[39m {"id":"00000000-0000-00e2-0000-00a300000007"}
[38;5;101m[2c50df23][0m[38;5;86m[HTTP][0m <-- POST /wd/hub/session/2c50df23-93ea-4922-8108-019ff3db8838/element/00000000-0000-00e2-0000-00a300000007/click 200 69 ms - 14 
[38;5;101m[2c50df23][0m[38;5;86m[HTTP][0m [37m-->[39m [37mPOST[39m [37m/wd/hub/session/2c50df23-93ea-4922-8108-019ff3db8838/timeouts[39m {"implicit":50}
[38;5;101m[2c50df23][0m[38;5;86m[HTTP][0m <-- POST /wd/hub/session/2c50df23-93ea-4922-8108-019ff3db8838/timeouts 200 1 ms - 14 
[38;5;101m[2c50df23][0m[38;5;86m[HTTP][0m [37m-->[39m [37mGET[39m [37m/wd/hub/session/2c50df23-93ea-4922-8108-019ff3db8838/window/rect[39m {}
[38;5;101m[2c50df23][0m[38;5;86m[HTTP][0m <-- GET /wd/hub/session/2c50df23-93ea-4922-8108-019ff3db8838/window/rect 200 10 ms - 50 
[38;5;101m[2c50df23][0m[38;5;86m[HTTP][0m [37m-->[39m [37mPOST[39m [37m/wd/hub/session/2c50df23-93ea-4922-8108-019ff3db8838/elements[39m {"using":"xpath","value":"//*[@class = 'android.widget.EditText' and (@text = '' or . = '')]"}
[38;5;101m[2c50df23][0m[38;5;86m[HTTP][0m <-- POST /wd/hub/session/2c50df23-93ea-4922-8108-019ff3db8838/elements 200 81 ms - 139 
[38;5;101m[2c50df23][0m[38;5;86m[HTTP][0m [37m-->[39m [37mGET[39m [37m/wd/hub/session/2c50df23-93ea-4922-8108-019ff3db8838/element/00000000-0000-00e2-0000-00dc00000007/rect[39m {}
[38;5;101m[2c50df23][0m[38;5;-150m[AndroidUiautomator2Driver@da35][0m Driver proxy active, passing request on via HTTP proxy
[38;5;101m[2c50df23][0m[38;5;-150m[AndroidUiautomator2Driver@da35][0m Replacing sessionId 85f93d68-9b23-425e-aa91-9137c9954292 with 2c50df23-93ea-4922-8108-019ff3db8838
[38;5;101m[2c50df23][0m[38;5;86m[HTTP][0m <-- GET /wd/hub/session/2c50df23-93ea-4922-8108-019ff3db8838/element/00000000-0000-00e2-0000-00dc00000007/rect 200 5 ms - 103 
[38;5;101m[2c50df23][0m[38;5;86m[HTTP][0m [37m-->[39m [37mPOST[39m [37m/wd/hub/session/2c50df23-93ea-4922-8108-019ff3db8838/timeouts[39m {"implicit":30000}
[38;5;101m[2c50df23][0m[38;5;86m[HTTP][0m <-- POST /wd/hub/session/2c50df23-93ea-4922-8108-019ff3db8838/timeouts 200 1 ms - 14 
[38;5;101m[2c50df23][0m[38;5;86m[HTTP][0m [37m-->[39m [37mPOST[39m [37m/wd/hub/session/2c50df23-93ea-4922-8108-019ff3db8838/element/00000000-0000-00e2-0000-00dc00000007/clear[39m {"id":"00000000-0000-00e2-0000-00dc00000007"}
[38;5;101m[2c50df23][0m[38;5;86m[HTTP][0m <-- POST /wd/hub/session/2c50df23-93ea-4922-8108-019ff3db8838/element/00000000-0000-00e2-0000-00dc00000007/clear 200 8 ms - 14 
[38;5;101m[2c50df23][0m[38;5;86m[HTTP][0m [37m-->[39m [37mPOST[39m [37m/wd/hub/session/2c50df23-93ea-4922-8108-019ff3db8838/element/00000000-0000-00e2-0000-00dc00000007/click[39m {"id":"00000000-0000-00e2-0000-00dc00000007"}
[38;5;101m[2c50df23][0m[38;5;86m[HTTP][0m <-- POST /wd/hub/session/2c50df23-93ea-4922-8108-019ff3db8838/element/00000000-0000-00e2-0000-00dc00000007/click 200 64 ms - 14 
[38;5;101m[2c50df23][0m[38;5;86m[HTTP][0m [37m-->[39m [37mPOST[39m [37m/wd/hub/session/2c50df23-93ea-4922-8108-019ff3db8838/element/00000000-0000-00e2-0000-00dc00000007/value[39m {"id":"00000000-0000-00e2-0000-00dc00000007","text":"ben@yopmail.com","value":["b","e","n","@","y","o","p","m","a","i","l",".","c","o","m"]}
[38;5;101m[2c50df23][0m[38;5;86m[HTTP][0m <-- POST /wd/hub/session/2c50df23-93ea-4922-8108-019ff3db8838/element/00000000-0000-00e2-0000-00dc00000007/value 200 62 ms - 14 
[38;5;101m[2c50df23][0m[38;5;86m[HTTP][0m [37m-->[39m [37mGET[39m [37m/wd/hub/session/2c50df23-93ea-4922-8108-019ff3db8838/context[39m {}
[38;5;101m[2c50df23][0m[38;5;86m[HTTP][0m <-- GET /wd/hub/session/2c50df23-93ea-4922-8108-019ff3db8838/context 200 1 ms - 22 
[38;5;101m[2c50df23][0m[38;5;86m[HTTP][0m [37m-->[39m [37mGET[39m [37m/wd/hub/session/2c50df23-93ea-4922-8108-019ff3db8838/contexts[39m {}
[38;5;101m[2c50df23][0m[38;5;86m[HTTP][0m <-- GET /wd/hub/session/2c50df23-93ea-4922-8108-019ff3db8838/contexts 200 183 ms - 41 
[38;5;101m[2c50df23][0m[38;5;86m[HTTP][0m [37m-->[39m [37mPOST[39m [37m/wd/hub/session/2c50df23-93ea-4922-8108-019ff3db8838/context[39m {"name":"NATIVE_APP"}
[38;5;101m[2c50df23][0m[38;5;86m[HTTP][0m <-- POST /wd/hub/session/2c50df23-93ea-4922-8108-019ff3db8838/context 200 0 ms - 14 
[38;5;101m[2c50df23][0m[38;5;86m[HTTP][0m [37m-->[39m [37mPOST[39m [37m/wd/hub/session/2c50df23-93ea-4922-8108-019ff3db8838/execute/sync[39m {"script":"mobile: hideKeyboard","args":[]}
[38;5;101m[2c50df23][0m[38;5;86m[HTTP][0m <-- POST /wd/hub/session/2c50df23-93ea-4922-8108-019ff3db8838/execute/sync 200 2248 ms - 14 
[38;5;101m[2c50df23][0m[38;5;86m[HTTP][0m [37m-->[39m [37mPOST[39m [37m/wd/hub/session/2c50df23-93ea-4922-8108-019ff3db8838/context[39m {"name":"NATIVE_APP"}
[38;5;101m[2c50df23][0m[38;5;86m[HTTP][0m <-- POST /wd/hub/session/2c50df23-93ea-4922-8108-019ff3db8838/context 200 0 ms - 14 
[38;5;101m[2c50df23][0m[38;5;86m[HTTP][0m [37m-->[39m [37mPOST[39m [37m/wd/hub/session/2c50df23-93ea-4922-8108-019ff3db8838/timeouts[39m {"implicit":50}
[38;5;101m[2c50df23][0m[38;5;86m[HTTP][0m <-- POST /wd/hub/session/2c50df23-93ea-4922-8108-019ff3db8838/timeouts 200 1 ms - 14 
[38;5;101m[2c50df23][0m[38;5;86m[HTTP][0m [37m-->[39m [37mGET[39m [37m/wd/hub/session/2c50df23-93ea-4922-8108-019ff3db8838/window/rect[39m {}
[38;5;101m[2c50df23][0m[38;5;86m[HTTP][0m <-- GET /wd/hub/session/2c50df23-93ea-4922-8108-019ff3db8838/window/rect 200 14 ms - 50 
[38;5;101m[2c50df23][0m[38;5;86m[HTTP][0m [37m-->[39m [37mPOST[39m [37m/wd/hub/session/2c50df23-93ea-4922-8108-019ff3db8838/elements[39m {"using":"xpath","value":"//*[@class = 'android.widget.Button' and (@text = 'Next' or . = 'Next')]"}
[38;5;101m[2c50df23][0m[38;5;86m[HTTP][0m <-- POST /wd/hub/session/2c50df23-93ea-4922-8108-019ff3db8838/elements 200 86 ms - 139 
[38;5;101m[2c50df23][0m[38;5;86m[HTTP][0m [37m-->[39m [37mGET[39m [37m/wd/hub/session/2c50df23-93ea-4922-8108-019ff3db8838/element/00000000-0000-00e2-0000-00e300000007/rect[39m {}
[38;5;101m[2c50df23][0m[38;5;-150m[AndroidUiautomator2Driver@da35][0m Driver proxy active, passing request on via HTTP proxy
[38;5;101m[2c50df23][0m[38;5;-150m[AndroidUiautomator2Driver@da35][0m Replacing sessionId 85f93d68-9b23-425e-aa91-9137c9954292 with 2c50df23-93ea-4922-8108-019ff3db8838
[38;5;101m[2c50df23][0m[38;5;86m[HTTP][0m <-- GET /wd/hub/session/2c50df23-93ea-4922-8108-019ff3db8838/element/00000000-0000-00e2-0000-00e300000007/rect 200 8 ms - 103 
[38;5;101m[2c50df23][0m[38;5;86m[HTTP][0m [37m-->[39m [37mPOST[39m [37m/wd/hub/session/2c50df23-93ea-4922-8108-019ff3db8838/timeouts[39m {"implicit":30000}
[38;5;101m[2c50df23][0m[38;5;86m[HTTP][0m <-- POST /wd/hub/session/2c50df23-93ea-4922-8108-019ff3db8838/timeouts 200 0 ms - 14 
[38;5;101m[2c50df23][0m[38;5;86m[HTTP][0m [37m-->[39m [37mPOST[39m [37m/wd/hub/session/2c50df23-93ea-4922-8108-019ff3db8838/element/00000000-0000-00e2-0000-00e300000007/click[39m {"id":"00000000-0000-00e2-0000-00e300000007"}
[38;5;101m[2c50df23][0m[38;5;86m[HTTP][0m <-- POST /wd/hub/session/2c50df23-93ea-4922-8108-019ff3db8838/element/00000000-0000-00e2-0000-00e300000007/click 200 49 ms - 14 
[38;5;101m[2c50df23][0m[38;5;86m[HTTP][0m [37m-->[39m [37mPOST[39m [37m/wd/hub/session/2c50df23-93ea-4922-8108-019ff3db8838/timeouts[39m {"implicit":50}
[38;5;101m[2c50df23][0m[38;5;86m[HTTP][0m <-- POST /wd/hub/session/2c50df23-93ea-4922-8108-019ff3db8838/timeouts 200 1 ms - 14 
[38;5;101m[2c50df23][0m[38;5;86m[HTTP][0m [37m-->[39m [37mGET[39m [37m/wd/hub/session/2c50df23-93ea-4922-8108-019ff3db8838/window/rect[39m {}
[38;5;101m[2c50df23][0m[38;5;86m[HTTP][0m <-- GET /wd/hub/session/2c50df23-93ea-4922-8108-019ff3db8838/window/rect 200 10 ms - 50 
[38;5;101m[2c50df23][0m[38;5;86m[HTTP][0m [37m-->[39m [37mPOST[39m [37m/wd/hub/session/2c50df23-93ea-4922-8108-019ff3db8838/elements[39m {"using":"xpath","value":"//*[@class = 'android.widget.EditText' and @resource-id = 'ion-input-2' and (@text = '' or . = '')]"}
[38;5;101m[2c50df23][0m[38;5;86m[HTTP][0m <-- POST /wd/hub/session/2c50df23-93ea-4922-8108-019ff3db8838/elements 200 46 ms - 139 
[38;5;101m[2c50df23][0m[38;5;86m[HTTP][0m [37m-->[39m [37mGET[39m [37m/wd/hub/session/2c50df23-93ea-4922-8108-019ff3db8838/element/00000000-0000-00e2-0000-013d00000007/rect[39m {}
[38;5;101m[2c50df23][0m[38;5;-150m[AndroidUiautomator2Driver@da35][0m Driver proxy active, passing request on via HTTP proxy
[38;5;101m[2c50df23][0m[38;5;-150m[AndroidUiautomator2Driver@da35][0m Replacing sessionId 85f93d68-9b23-425e-aa91-9137c9954292 with 2c50df23-93ea-4922-8108-019ff3db8838
[38;5;101m[2c50df23][0m[38;5;86m[HTTP][0m <-- GET /wd/hub/session/2c50df23-93ea-4922-8108-019ff3db8838/element/00000000-0000-00e2-0000-013d00000007/rect 200 6 ms - 103 
[38;5;101m[2c50df23][0m[38;5;86m[HTTP][0m [37m-->[39m [37mPOST[39m [37m/wd/hub/session/2c50df23-93ea-4922-8108-019ff3db8838/timeouts[39m {"implicit":30000}
[38;5;101m[2c50df23][0m[38;5;86m[HTTP][0m <-- POST /wd/hub/session/2c50df23-93ea-4922-8108-019ff3db8838/timeouts 200 0 ms - 14 
[38;5;101m[2c50df23][0m[38;5;86m[HTTP][0m [37m-->[39m [37mPOST[39m [37m/wd/hub/session/2c50df23-93ea-4922-8108-019ff3db8838/element/00000000-0000-00e2-0000-013d00000007/clear[39m {"id":"00000000-0000-00e2-0000-013d00000007"}
[38;5;101m[2c50df23][0m[38;5;86m[HTTP][0m <-- POST /wd/hub/session/2c50df23-93ea-4922-8108-019ff3db8838/element/00000000-0000-00e2-0000-013d00000007/clear 200 7 ms - 14 
[38;5;101m[2c50df23][0m[38;5;86m[HTTP][0m [37m-->[39m [37mPOST[39m [37m/wd/hub/session/2c50df23-93ea-4922-8108-019ff3db8838/element/00000000-0000-00e2-0000-013d00000007/click[39m {"id":"00000000-0000-00e2-0000-013d00000007"}
[38;5;101m[2c50df23][0m[38;5;86m[HTTP][0m <-- POST /wd/hub/session/2c50df23-93ea-4922-8108-019ff3db8838/element/00000000-0000-00e2-0000-013d00000007/click 200 67 ms - 14 
[38;5;101m[2c50df23][0m[38;5;86m[HTTP][0m [37m-->[39m [37mPOST[39m [37m/wd/hub/session/2c50df23-93ea-4922-8108-019ff3db8838/element/00000000-0000-00e2-0000-013d00000007/value[39m {"id":"00000000-0000-00e2-0000-013d00000007","text":"ben@yopmail.com","value":["b","e","n","@","y","o","p","m","a","i","l",".","c","o","m"]}
[38;5;101m[2c50df23][0m[38;5;86m[HTTP][0m <-- POST /wd/hub/session/2c50df23-93ea-4922-8108-019ff3db8838/element/00000000-0000-00e2-0000-013d00000007/value 200 17 ms - 14 
[38;5;101m[2c50df23][0m[38;5;86m[HTTP][0m [37m-->[39m [37mGET[39m [37m/wd/hub/session/2c50df23-93ea-4922-8108-019ff3db8838/context[39m {}
[38;5;101m[2c50df23][0m[38;5;86m[HTTP][0m <-- GET /wd/hub/session/2c50df23-93ea-4922-8108-019ff3db8838/context 200 0 ms - 22 
[38;5;101m[2c50df23][0m[38;5;86m[HTTP][0m [37m-->[39m [37mGET[39m [37m/wd/hub/session/2c50df23-93ea-4922-8108-019ff3db8838/contexts[39m {}
[38;5;101m[2c50df23][0m[38;5;86m[HTTP][0m <-- GET /wd/hub/session/2c50df23-93ea-4922-8108-019ff3db8838/contexts 200 163 ms - 41 
[38;5;101m[2c50df23][0m[38;5;86m[HTTP][0m [37m-->[39m [37mPOST[39m [37m/wd/hub/session/2c50df23-93ea-4922-8108-019ff3db8838/context[39m {"name":"NATIVE_APP"}
[38;5;101m[2c50df23][0m[38;5;86m[HTTP][0m <-- POST /wd/hub/session/2c50df23-93ea-4922-8108-019ff3db8838/context 200 1 ms - 14 
[38;5;101m[2c50df23][0m[38;5;86m[HTTP][0m [37m-->[39m [37mPOST[39m [37m/wd/hub/session/2c50df23-93ea-4922-8108-019ff3db8838/execute/sync[39m {"script":"mobile: hideKeyboard","args":[]}
[38;5;101m[2c50df23][0m[38;5;86m[HTTP][0m <-- POST /wd/hub/session/2c50df23-93ea-4922-8108-019ff3db8838/execute/sync 200 2135 ms - 14 
[38;5;101m[2c50df23][0m[38;5;86m[HTTP][0m [37m-->[39m [37mPOST[39m [37m/wd/hub/session/2c50df23-93ea-4922-8108-019ff3db8838/context[39m {"name":"NATIVE_APP"}
[38;5;101m[2c50df23][0m[38;5;86m[HTTP][0m <-- POST /wd/hub/session/2c50df23-93ea-4922-8108-019ff3db8838/context 200 0 ms - 14 
[38;5;101m[2c50df23][0m[38;5;86m[HTTP][0m [37m-->[39m [37mPOST[39m [37m/wd/hub/session/2c50df23-93ea-4922-8108-019ff3db8838/timeouts[39m {"implicit":50}
[38;5;101m[2c50df23][0m[38;5;86m[HTTP][0m <-- POST /wd/hub/session/2c50df23-93ea-4922-8108-019ff3db8838/timeouts 200 2 ms - 14 
[38;5;101m[2c50df23][0m[38;5;86m[HTTP][0m [37m-->[39m [37mGET[39m [37m/wd/hub/session/2c50df23-93ea-4922-8108-019ff3db8838/window/rect[39m {}
[38;5;101m[2c50df23][0m[38;5;86m[HTTP][0m <-- GET /wd/hub/session/2c50df23-93ea-4922-8108-019ff3db8838/window/rect 200 12 ms - 50 
[38;5;101m[2c50df23][0m[38;5;86m[HTTP][0m [37m-->[39m [37mPOST[39m [37m/wd/hub/session/2c50df23-93ea-4922-8108-019ff3db8838/elements[39m {"using":"xpath","value":"//*[@class = 'android.widget.Button' and (@text = 'Next' or . = 'Next')]"}
[38;5;101m[2c50df23][0m[38;5;86m[HTTP][0m <-- POST /wd/hub/session/2c50df23-93ea-4922-8108-019ff3db8838/elements 200 38 ms - 139 
[38;5;101m[2c50df23][0m[38;5;86m[HTTP][0m [37m-->[39m [37mGET[39m [37m/wd/hub/session/2c50df23-93ea-4922-8108-019ff3db8838/element/00000000-0000-00e2-0000-014300000007/rect[39m {}
[38;5;101m[2c50df23][0m[38;5;-150m[AndroidUiautomator2Driver@da35][0m Driver proxy active, passing request on via HTTP proxy
[38;5;101m[2c50df23][0m[38;5;-150m[AndroidUiautomator2Driver@da35][0m Replacing sessionId 85f93d68-9b23-425e-aa91-9137c9954292 with 2c50df23-93ea-4922-8108-019ff3db8838
[38;5;101m[2c50df23][0m[38;5;86m[HTTP][0m <-- GET /wd/hub/session/2c50df23-93ea-4922-8108-019ff3db8838/element/00000000-0000-00e2-0000-014300000007/rect 200 5 ms - 103 
[38;5;101m[2c50df23][0m[38;5;86m[HTTP][0m [37m-->[39m [37mPOST[39m [37m/wd/hub/session/2c50df23-93ea-4922-8108-019ff3db8838/timeouts[39m {"implicit":30000}
[38;5;101m[2c50df23][0m[38;5;86m[HTTP][0m <-- POST /wd/hub/session/2c50df23-93ea-4922-8108-019ff3db8838/timeouts 200 0 ms - 14 
[38;5;101m[2c50df23][0m[38;5;86m[HTTP][0m [37m-->[39m [37mPOST[39m [37m/wd/hub/session/2c50df23-93ea-4922-8108-019ff3db8838/element/00000000-0000-00e2-0000-014300000007/click[39m {"id":"00000000-0000-00e2-0000-014300000007"}
[38;5;101m[2c50df23][0m[38;5;86m[HTTP][0m <-- POST /wd/hub/session/2c50df23-93ea-4922-8108-019ff3db8838/element/00000000-0000-00e2-0000-014300000007/click 200 37 ms - 14 
[38;5;101m[2c50df23][0m[38;5;86m[HTTP][0m [37m-->[39m [37mPOST[39m [37m/wd/hub/session/2c50df23-93ea-4922-8108-019ff3db8838/timeouts[39m {"implicit":50}
[38;5;101m[2c50df23][0m[38;5;86m[HTTP][0m <-- POST /wd/hub/session/2c50df23-93ea-4922-8108-019ff3db8838/timeouts 200 2 ms - 14 
[38;5;101m[2c50df23][0m[38;5;86m[HTTP][0m [37m-->[39m [37mGET[39m [37m/wd/hub/session/2c50df23-93ea-4922-8108-019ff3db8838/window/rect[39m {}
[38;5;101m[2c50df23][0m[38;5;86m[HTTP][0m <-- GET /wd/hub/session/2c50df23-93ea-4922-8108-019ff3db8838/window/rect 200 13 ms - 50 
[38;5;101m[2c50df23][0m[38;5;86m[HTTP][0m [37m-->[39m [37mPOST[39m [37m/wd/hub/session/2c50df23-93ea-4922-8108-019ff3db8838/elements[39m {"using":"xpath","value":"//*[@class = 'android.widget.EditText' and @resource-id = 'ion-input-3' and (@text = '' or . = '')]"}
[38;5;101m[2c50df23][0m[38;5;86m[HTTP][0m <-- POST /wd/hub/session/2c50df23-93ea-4922-8108-019ff3db8838/elements 200 36 ms - 139 
[38;5;101m[2c50df23][0m[38;5;86m[HTTP][0m [37m-->[39m [37mGET[39m [37m/wd/hub/session/2c50df23-93ea-4922-8108-019ff3db8838/element/00000000-0000-00e2-0000-017900000007/rect[39m {}
[38;5;101m[2c50df23][0m[38;5;-150m[AndroidUiautomator2Driver@da35][0m Driver proxy active, passing request on via HTTP proxy
[38;5;101m[2c50df23][0m[38;5;-150m[AndroidUiautomator2Driver@da35][0m Replacing sessionId 85f93d68-9b23-425e-aa91-9137c9954292 with 2c50df23-93ea-4922-8108-019ff3db8838
[38;5;101m[2c50df23][0m[38;5;86m[HTTP][0m <-- GET /wd/hub/session/2c50df23-93ea-4922-8108-019ff3db8838/element/00000000-0000-00e2-0000-017900000007/rect 200 6 ms - 102 
[38;5;101m[2c50df23][0m[38;5;86m[HTTP][0m [37m-->[39m [37mPOST[39m [37m/wd/hub/session/2c50df23-93ea-4922-8108-019ff3db8838/timeouts[39m {"implicit":30000}
[38;5;101m[2c50df23][0m[38;5;86m[HTTP][0m <-- POST /wd/hub/session/2c50df23-93ea-4922-8108-019ff3db8838/timeouts 200 0 ms - 14 
[38;5;101m[2c50df23][0m[38;5;86m[HTTP][0m [37m-->[39m [37mPOST[39m [37m/wd/hub/session/2c50df23-93ea-4922-8108-019ff3db8838/element/00000000-0000-00e2-0000-017900000007/clear[39m {"id":"00000000-0000-00e2-0000-017900000007"}
[38;5;101m[2c50df23][0m[38;5;86m[HTTP][0m <-- POST /wd/hub/session/2c50df23-93ea-4922-8108-019ff3db8838/element/00000000-0000-00e2-0000-017900000007/clear 200 7 ms - 14 
[38;5;101m[2c50df23][0m[38;5;86m[HTTP][0m [37m-->[39m [37mPOST[39m [37m/wd/hub/session/2c50df23-93ea-4922-8108-019ff3db8838/element/00000000-0000-00e2-0000-017900000007/click[39m {"id":"00000000-0000-00e2-0000-017900000007"}
[38;5;101m[2c50df23][0m[38;5;86m[HTTP][0m <-- POST /wd/hub/session/2c50df23-93ea-4922-8108-019ff3db8838/element/00000000-0000-00e2-0000-017900000007/click 200 42 ms - 14 
[38;5;101m[2c50df23][0m[38;5;86m[HTTP][0m [37m-->[39m [37mPOST[39m [37m/wd/hub/session/2c50df23-93ea-4922-8108-019ff3db8838/element/00000000-0000-00e2-0000-017900000007/value[39m {"id":"00000000-0000-00e2-0000-017900000007","text":"steve","value":["s","t","e","v","e"]}
[38;5;101m[2c50df23][0m[38;5;86m[HTTP][0m <-- POST /wd/hub/session/2c50df23-93ea-4922-8108-019ff3db8838/element/00000000-0000-00e2-0000-017900000007/value 200 11 ms - 14 
[38;5;101m[2c50df23][0m[38;5;86m[HTTP][0m [37m-->[39m [37mGET[39m [37m/wd/hub/session/2c50df23-93ea-4922-8108-019ff3db8838/context[39m {}
[38;5;101m[2c50df23][0m[38;5;86m[HTTP][0m <-- GET /wd/hub/session/2c50df23-93ea-4922-8108-019ff3db8838/context 200 1 ms - 22 
[38;5;101m[2c50df23][0m[38;5;86m[HTTP][0m [37m-->[39m [37mGET[39m [37m/wd/hub/session/2c50df23-93ea-4922-8108-019ff3db8838/contexts[39m {}
[38;5;101m[2c50df23][0m[38;5;86m[HTTP][0m <-- GET /wd/hub/session/2c50df23-93ea-4922-8108-019ff3db8838/contexts 200 148 ms - 41 
[38;5;101m[2c50df23][0m[38;5;86m[HTTP][0m [37m-->[39m [37mPOST[39m [37m/wd/hub/session/2c50df23-93ea-4922-8108-019ff3db8838/context[39m {"name":"NATIVE_APP"}
[38;5;101m[2c50df23][0m[38;5;86m[HTTP][0m <-- POST /wd/hub/session/2c50df23-93ea-4922-8108-019ff3db8838/context 200 0 ms - 14 
[38;5;101m[2c50df23][0m[38;5;86m[HTTP][0m [37m-->[39m [37mPOST[39m [37m/wd/hub/session/2c50df23-93ea-4922-8108-019ff3db8838/execute/sync[39m {"script":"mobile: hideKeyboard","args":[]}
[38;5;101m[2c50df23][0m[38;5;86m[HTTP][0m <-- POST /wd/hub/session/2c50df23-93ea-4922-8108-019ff3db8838/execute/sync 200 2154 ms - 14 
[38;5;101m[2c50df23][0m[38;5;86m[HTTP][0m [37m-->[39m [37mPOST[39m [37m/wd/hub/session/2c50df23-93ea-4922-8108-019ff3db8838/context[39m {"name":"NATIVE_APP"}
[38;5;101m[2c50df23][0m[38;5;86m[HTTP][0m <-- POST /wd/hub/session/2c50df23-93ea-4922-8108-019ff3db8838/context 200 1 ms - 14 
[38;5;101m[2c50df23][0m[38;5;86m[HTTP][0m [37m-->[39m [37mPOST[39m [37m/wd/hub/session/2c50df23-93ea-4922-8108-019ff3db8838/timeouts[39m {"implicit":50}
[38;5;101m[2c50df23][0m[38;5;86m[HTTP][0m <-- POST /wd/hub/session/2c50df23-93ea-4922-8108-019ff3db8838/timeouts 200 2 ms - 14 
[38;5;101m[2c50df23][0m[38;5;86m[HTTP][0m [37m-->[39m [37mGET[39m [37m/wd/hub/session/2c50df23-93ea-4922-8108-019ff3db8838/window/rect[39m {}
[38;5;101m[2c50df23][0m[38;5;86m[HTTP][0m <-- GET /wd/hub/session/2c50df23-93ea-4922-8108-019ff3db8838/window/rect 200 9 ms - 50 
[38;5;101m[2c50df23][0m[38;5;86m[HTTP][0m [37m-->[39m [37mPOST[39m [37m/wd/hub/session/2c50df23-93ea-4922-8108-019ff3db8838/elements[39m {"using":"xpath","value":"//*[@class = 'android.widget.EditText' and @resource-id = 'ion-input-4' and (@text = '' or . = '')]"}
[38;5;101m[2c50df23][0m[38;5;86m[HTTP][0m <-- POST /wd/hub/session/2c50df23-93ea-4922-8108-019ff3db8838/elements 200 41 ms - 139 
[38;5;101m[2c50df23][0m[38;5;86m[HTTP][0m [37m-->[39m [37mGET[39m [37m/wd/hub/session/2c50df23-93ea-4922-8108-019ff3db8838/element/00000000-0000-00e2-0000-017a00000007/rect[39m {}
[38;5;101m[2c50df23][0m[38;5;-150m[AndroidUiautomator2Driver@da35][0m Driver proxy active, passing request on via HTTP proxy
[38;5;101m[2c50df23][0m[38;5;-150m[AndroidUiautomator2Driver@da35][0m Replacing sessionId 85f93d68-9b23-425e-aa91-9137c9954292 with 2c50df23-93ea-4922-8108-019ff3db8838
[38;5;101m[2c50df23][0m[38;5;86m[HTTP][0m <-- GET /wd/hub/session/2c50df23-93ea-4922-8108-019ff3db8838/element/00000000-0000-00e2-0000-017a00000007/rect 200 7 ms - 103 
[38;5;101m[2c50df23][0m[38;5;86m[HTTP][0m [37m-->[39m [37mPOST[39m [37m/wd/hub/session/2c50df23-93ea-4922-8108-019ff3db8838/timeouts[39m {"implicit":30000}
[38;5;101m[2c50df23][0m[38;5;86m[HTTP][0m <-- POST /wd/hub/session/2c50df23-93ea-4922-8108-019ff3db8838/timeouts 200 0 ms - 14 
[38;5;101m[2c50df23][0m[38;5;86m[HTTP][0m [37m-->[39m [37mPOST[39m [37m/wd/hub/session/2c50df23-93ea-4922-8108-019ff3db8838/element/00000000-0000-00e2-0000-017a00000007/clear[39m {"id":"00000000-0000-00e2-0000-017a00000007"}
[38;5;101m[2c50df23][0m[38;5;86m[HTTP][0m <-- POST /wd/hub/session/2c50df23-93ea-4922-8108-019ff3db8838/element/00000000-0000-00e2-0000-017a00000007/clear 200 6 ms - 14 
[38;5;101m[2c50df23][0m[38;5;86m[HTTP][0m [37m-->[39m [37mPOST[39m [37m/wd/hub/session/2c50df23-93ea-4922-8108-019ff3db8838/element/00000000-0000-00e2-0000-017a00000007/click[39m {"id":"00000000-0000-00e2-0000-017a00000007"}
[38;5;101m[2c50df23][0m[38;5;86m[HTTP][0m <-- POST /wd/hub/session/2c50df23-93ea-4922-8108-019ff3db8838/element/00000000-0000-00e2-0000-017a00000007/click 200 36 ms - 14 
[38;5;101m[2c50df23][0m[38;5;86m[HTTP][0m [37m-->[39m [37mPOST[39m [37m/wd/hub/session/2c50df23-93ea-4922-8108-019ff3db8838/element/00000000-0000-00e2-0000-017a00000007/value[39m {"id":"00000000-0000-00e2-0000-017a00000007","text":"smith","value":["s","m","i","t","h"]}
[38;5;101m[2c50df23][0m[38;5;86m[HTTP][0m <-- POST /wd/hub/session/2c50df23-93ea-4922-8108-019ff3db8838/element/00000000-0000-00e2-0000-017a00000007/value 200 13 ms - 14 
[38;5;101m[2c50df23][0m[38;5;86m[HTTP][0m [37m-->[39m [37mGET[39m [37m/wd/hub/session/2c50df23-93ea-4922-8108-019ff3db8838/context[39m {}
[38;5;101m[2c50df23][0m[38;5;86m[HTTP][0m <-- GET /wd/hub/session/2c50df23-93ea-4922-8108-019ff3db8838/context 200 0 ms - 22 
[38;5;101m[2c50df23][0m[38;5;86m[HTTP][0m [37m-->[39m [37mGET[39m [37m/wd/hub/session/2c50df23-93ea-4922-8108-019ff3db8838/contexts[39m {}
[38;5;101m[2c50df23][0m[38;5;86m[HTTP][0m <-- GET /wd/hub/session/2c50df23-93ea-4922-8108-019ff3db8838/contexts 200 137 ms - 41 
[38;5;101m[2c50df23][0m[38;5;86m[HTTP][0m [37m-->[39m [37mPOST[39m [37m/wd/hub/session/2c50df23-93ea-4922-8108-019ff3db8838/context[39m {"name":"NATIVE_APP"}
[38;5;101m[2c50df23][0m[38;5;86m[HTTP][0m <-- POST /wd/hub/session/2c50df23-93ea-4922-8108-019ff3db8838/context 200 0 ms - 14 
[38;5;101m[2c50df23][0m[38;5;86m[HTTP][0m [37m-->[39m [37mPOST[39m [37m/wd/hub/session/2c50df23-93ea-4922-8108-019ff3db8838/execute/sync[39m {"script":"mobile: hideKeyboard","args":[]}
[38;5;101m[2c50df23][0m[38;5;86m[HTTP][0m <-- POST /wd/hub/session/2c50df23-93ea-4922-8108-019ff3db8838/execute/sync 200 2128 ms - 14 
[38;5;101m[2c50df23][0m[38;5;86m[HTTP][0m [37m-->[39m [37mPOST[39m [37m/wd/hub/session/2c50df23-93ea-4922-8108-019ff3db8838/context[39m {"name":"NATIVE_APP"}
[38;5;101m[2c50df23][0m[38;5;86m[HTTP][0m <-- POST /wd/hub/session/2c50df23-93ea-4922-8108-019ff3db8838/context 200 0 ms - 14 
[38;5;101m[2c50df23][0m[38;5;86m[HTTP][0m [37m-->[39m [37mPOST[39m [37m/wd/hub/session/2c50df23-93ea-4922-8108-019ff3db8838/timeouts[39m {"implicit":50}
[38;5;101m[2c50df23][0m[38;5;86m[HTTP][0m <-- POST /wd/hub/session/2c50df23-93ea-4922-8108-019ff3db8838/timeouts 200 1 ms - 14 
[38;5;101m[2c50df23][0m[38;5;86m[HTTP][0m [37m-->[39m [37mGET[39m [37m/wd/hub/session/2c50df23-93ea-4922-8108-019ff3db8838/window/rect[39m {}
[38;5;101m[2c50df23][0m[38;5;86m[HTTP][0m <-- GET /wd/hub/session/2c50df23-93ea-4922-8108-019ff3db8838/window/rect 200 9 ms - 50 
[38;5;101m[2c50df23][0m[38;5;86m[HTTP][0m [37m-->[39m [37mPOST[39m [37m/wd/hub/session/2c50df23-93ea-4922-8108-019ff3db8838/elements[39m {"using":"xpath","value":"//android.widget.EditText[@resource-id='ion-input-5']"}
[38;5;101m[2c50df23][0m[38;5;86m[HTTP][0m <-- POST /wd/hub/session/2c50df23-93ea-4922-8108-019ff3db8838/elements 200 26 ms - 139 
[38;5;101m[2c50df23][0m[38;5;86m[HTTP][0m [37m-->[39m [37mGET[39m [37m/wd/hub/session/2c50df23-93ea-4922-8108-019ff3db8838/element/00000000-0000-00e2-0000-017300000007/rect[39m {}
[38;5;101m[2c50df23][0m[38;5;-150m[AndroidUiautomator2Driver@da35][0m Driver proxy active, passing request on via HTTP proxy
[38;5;101m[2c50df23][0m[38;5;-150m[AndroidUiautomator2Driver@da35][0m Replacing sessionId 85f93d68-9b23-425e-aa91-9137c9954292 with 2c50df23-93ea-4922-8108-019ff3db8838
[38;5;101m[2c50df23][0m[38;5;86m[HTTP][0m <-- GET /wd/hub/session/2c50df23-93ea-4922-8108-019ff3db8838/element/00000000-0000-00e2-0000-017300000007/rect 200 7 ms - 103 
[38;5;101m[2c50df23][0m[38;5;86m[HTTP][0m [37m-->[39m [37mPOST[39m [37m/wd/hub/session/2c50df23-93ea-4922-8108-019ff3db8838/timeouts[39m {"implicit":30000}
[38;5;101m[2c50df23][0m[38;5;86m[HTTP][0m <-- POST /wd/hub/session/2c50df23-93ea-4922-8108-019ff3db8838/timeouts 200 0 ms - 14 
[38;5;101m[2c50df23][0m[38;5;86m[HTTP][0m [37m-->[39m [37mPOST[39m [37m/wd/hub/session/2c50df23-93ea-4922-8108-019ff3db8838/element/00000000-0000-00e2-0000-017300000007/value[39m {"id":"00000000-0000-00e2-0000-017300000007","text":"password","value":["p","a","s","s","w","o","r","d"]}
[38;5;101m[2c50df23][0m[38;5;86m[HTTP][0m <-- POST /wd/hub/session/2c50df23-93ea-4922-8108-019ff3db8838/element/00000000-0000-00e2-0000-017300000007/value 200 8 ms - 14 
[38;5;101m[2c50df23][0m[38;5;86m[HTTP][0m [37m-->[39m [37mPOST[39m [37m/wd/hub/session/2c50df23-93ea-4922-8108-019ff3db8838/timeouts[39m {"implicit":50}
[38;5;101m[2c50df23][0m[38;5;86m[HTTP][0m <-- POST /wd/hub/session/2c50df23-93ea-4922-8108-019ff3db8838/timeouts 200 2 ms - 14 
[38;5;101m[2c50df23][0m[38;5;86m[HTTP][0m [37m-->[39m [37mGET[39m [37m/wd/hub/session/2c50df23-93ea-4922-8108-019ff3db8838/window/rect[39m {}
[38;5;101m[2c50df23][0m[38;5;86m[HTTP][0m <-- GET /wd/hub/session/2c50df23-93ea-4922-8108-019ff3db8838/window/rect 200 11 ms - 50 
[38;5;101m[2c50df23][0m[38;5;86m[HTTP][0m [37m-->[39m [37mPOST[39m [37m/wd/hub/session/2c50df23-93ea-4922-8108-019ff3db8838/elements[39m {"using":"xpath","value":"//*[@class = 'android.widget.EditText' and @resource-id = 'ion-input-6' and (@text = '' or . = '')]"}
[38;5;101m[2c50df23][0m[38;5;86m[HTTP][0m <-- POST /wd/hub/session/2c50df23-93ea-4922-8108-019ff3db8838/elements 200 46 ms - 139 
[38;5;101m[2c50df23][0m[38;5;86m[HTTP][0m [37m-->[39m [37mGET[39m [37m/wd/hub/session/2c50df23-93ea-4922-8108-019ff3db8838/element/00000000-0000-00e2-0000-017400000007/rect[39m {}
[38;5;101m[2c50df23][0m[38;5;-150m[AndroidUiautomator2Driver@da35][0m Driver proxy active, passing request on via HTTP proxy
[38;5;101m[2c50df23][0m[38;5;-150m[AndroidUiautomator2Driver@da35][0m Replacing sessionId 85f93d68-9b23-425e-aa91-9137c9954292 with 2c50df23-93ea-4922-8108-019ff3db8838
[38;5;101m[2c50df23][0m[38;5;86m[HTTP][0m <-- GET /wd/hub/session/2c50df23-93ea-4922-8108-019ff3db8838/element/00000000-0000-00e2-0000-017400000007/rect 200 6 ms - 103 
[38;5;101m[2c50df23][0m[38;5;86m[HTTP][0m [37m-->[39m [37mPOST[39m [37m/wd/hub/session/2c50df23-93ea-4922-8108-019ff3db8838/timeouts[39m {"implicit":30000}
[38;5;101m[2c50df23][0m[38;5;86m[HTTP][0m <-- POST /wd/hub/session/2c50df23-93ea-4922-8108-019ff3db8838/timeouts 200 1 ms - 14 
[38;5;101m[2c50df23][0m[38;5;86m[HTTP][0m [37m-->[39m [37mPOST[39m [37m/wd/hub/session/2c50df23-93ea-4922-8108-019ff3db8838/element/00000000-0000-00e2-0000-017400000007/value[39m {"id":"00000000-0000-00e2-0000-017400000007","text":"password","value":["p","a","s","s","w","o","r","d"]}
[38;5;101m[2c50df23][0m[38;5;86m[HTTP][0m <-- POST /wd/hub/session/2c50df23-93ea-4922-8108-019ff3db8838/element/00000000-0000-00e2-0000-017400000007/value 200 8 ms - 14 
[38;5;101m[2c50df23][0m[38;5;86m[HTTP][0m [37m-->[39m [37mPOST[39m [37m/wd/hub/session/2c50df23-93ea-4922-8108-019ff3db8838/timeouts[39m {"implicit":50}
[38;5;101m[2c50df23][0m[38;5;86m[HTTP][0m <-- POST /wd/hub/session/2c50df23-93ea-4922-8108-019ff3db8838/timeouts 200 1 ms - 14 
[38;5;101m[2c50df23][0m[38;5;86m[HTTP][0m [37m-->[39m [37mGET[39m [37m/wd/hub/session/2c50df23-93ea-4922-8108-019ff3db8838/window/rect[39m {}
[38;5;101m[2c50df23][0m[38;5;86m[HTTP][0m <-- GET /wd/hub/session/2c50df23-93ea-4922-8108-019ff3db8838/window/rect 200 6 ms - 50 
[38;5;101m[2c50df23][0m[38;5;86m[HTTP][0m [37m-->[39m [37mPOST[39m [37m/wd/hub/session/2c50df23-93ea-4922-8108-019ff3db8838/elements[39m {"using":"xpath","value":"//*[@class = 'android.widget.Button' and (@text = 'Next' or . = 'Next')]"}
[38;5;101m[2c50df23][0m[38;5;86m[HTTP][0m <-- POST /wd/hub/session/2c50df23-93ea-4922-8108-019ff3db8838/elements 200 41 ms - 139 
[38;5;101m[2c50df23][0m[38;5;86m[HTTP][0m [37m-->[39m [37mGET[39m [37m/wd/hub/session/2c50df23-93ea-4922-8108-019ff3db8838/element/00000000-0000-00e2-0000-019e00000007/rect[39m {}
[38;5;101m[2c50df23][0m[38;5;-150m[AndroidUiautomator2Driver@da35][0m Driver proxy active, passing request on via HTTP proxy
[38;5;101m[2c50df23][0m[38;5;-150m[AndroidUiautomator2Driver@da35][0m Replacing sessionId 85f93d68-9b23-425e-aa91-9137c9954292 with 2c50df23-93ea-4922-8108-019ff3db8838
[38;5;101m[2c50df23][0m[38;5;86m[HTTP][0m <-- GET /wd/hub/session/2c50df23-93ea-4922-8108-019ff3db8838/element/00000000-0000-00e2-0000-019e00000007/rect 200 7 ms - 103 
[38;5;101m[2c50df23][0m[38;5;86m[HTTP][0m [37m-->[39m [37mPOST[39m [37m/wd/hub/session/2c50df23-93ea-4922-8108-019ff3db8838/timeouts[39m {"implicit":30000}
[38;5;101m[2c50df23][0m[38;5;86m[HTTP][0m <-- POST /wd/hub/session/2c50df23-93ea-4922-8108-019ff3db8838/timeouts 200 0 ms - 14 
[38;5;101m[2c50df23][0m[38;5;86m[HTTP][0m [37m-->[39m [37mPOST[39m [37m/wd/hub/session/2c50df23-93ea-4922-8108-019ff3db8838/element/00000000-0000-00e2-0000-019e00000007/click[39m {"id":"00000000-0000-00e2-0000-019e00000007"}
[38;5;101m[2c50df23][0m[38;5;86m[HTTP][0m <-- POST /wd/hub/session/2c50df23-93ea-4922-8108-019ff3db8838/element/00000000-0000-00e2-0000-019e00000007/click 200 47 ms - 14 
[38;5;101m[2c50df23][0m[38;5;86m[HTTP][0m [37m-->[39m [37mGET[39m [37m/wd/hub/session/2c50df23-93ea-4922-8108-019ff3db8838/context[39m {}
[38;5;101m[2c50df23][0m[38;5;86m[HTTP][0m <-- GET /wd/hub/session/2c50df23-93ea-4922-8108-019ff3db8838/context 200 1 ms - 22 
[38;5;101m[2c50df23][0m[38;5;86m[HTTP][0m [37m-->[39m [37mGET[39m [37m/wd/hub/session/2c50df23-93ea-4922-8108-019ff3db8838/contexts[39m {}
[38;5;101m[2c50df23][0m[38;5;86m[HTTP][0m <-- GET /wd/hub/session/2c50df23-93ea-4922-8108-019ff3db8838/contexts 200 149 ms - 41 
[38;5;101m[2c50df23][0m[38;5;86m[HTTP][0m [37m-->[39m [37mPOST[39m [37m/wd/hub/session/2c50df23-93ea-4922-8108-019ff3db8838/context[39m {"name":"NATIVE_APP"}
[38;5;101m[2c50df23][0m[38;5;86m[HTTP][0m <-- POST /wd/hub/session/2c50df23-93ea-4922-8108-019ff3db8838/context 200 0 ms - 14 
[38;5;101m[2c50df23][0m[38;5;86m[HTTP][0m [37m-->[39m [37mPOST[39m [37m/wd/hub/session/2c50df23-93ea-4922-8108-019ff3db8838/element[39m {"using":"-android uiautomator","value":"new UiScrollable(new UiSelector().scrollable(true).instance(0)).scrollIntoView(new UiSelector().textContains(\"etc).\"))"}
[38;5;101m[2c50df23][0m[38;5;86m[HTTP][0m <-- POST /wd/hub/session/2c50df23-93ea-4922-8108-019ff3db8838/element 200 38 ms - 137 
[38;5;101m[2c50df23][0m[38;5;86m[HTTP][0m [37m-->[39m [37mPOST[39m [37m/wd/hub/session/2c50df23-93ea-4922-8108-019ff3db8838/context[39m {"name":"NATIVE_APP"}
[38;5;101m[2c50df23][0m[38;5;86m[HTTP][0m <-- POST /wd/hub/session/2c50df23-93ea-4922-8108-019ff3db8838/context 200 0 ms - 14 
[38;5;101m[2c50df23][0m[38;5;86m[HTTP][0m [37m-->[39m [37mPOST[39m [37m/wd/hub/session/2c50df23-93ea-4922-8108-019ff3db8838/timeouts[39m {"implicit":50}
[38;5;101m[2c50df23][0m[38;5;86m[HTTP][0m <-- POST /wd/hub/session/2c50df23-93ea-4922-8108-019ff3db8838/timeouts 200 1 ms - 14 
[38;5;101m[2c50df23][0m[38;5;86m[HTTP][0m [37m-->[39m [37mGET[39m [37m/wd/hub/session/2c50df23-93ea-4922-8108-019ff3db8838/window/rect[39m {}
[38;5;101m[2c50df23][0m[38;5;86m[HTTP][0m <-- GET /wd/hub/session/2c50df23-93ea-4922-8108-019ff3db8838/window/rect 200 6 ms - 50 
[38;5;101m[2c50df23][0m[38;5;86m[HTTP][0m [37m-->[39m [37mPOST[39m [37m/wd/hub/session/2c50df23-93ea-4922-8108-019ff3db8838/elements[39m {"using":"xpath","value":"//android.widget.Button[@text='Agree to Terms & Conditions']"}
[38;5;101m[2c50df23][0m[38;5;86m[HTTP][0m <-- POST /wd/hub/session/2c50df23-93ea-4922-8108-019ff3db8838/elements 200 28 ms - 139 
[38;5;101m[2c50df23][0m[38;5;86m[HTTP][0m [37m-->[39m [37mGET[39m [37m/wd/hub/session/2c50df23-93ea-4922-8108-019ff3db8838/element/00000000-0000-00e2-0000-01d000000007/rect[39m {}
[38;5;101m[2c50df23][0m[38;5;-150m[AndroidUiautomator2Driver@da35][0m Driver proxy active, passing request on via HTTP proxy
[38;5;101m[2c50df23][0m[38;5;-150m[AndroidUiautomator2Driver@da35][0m Replacing sessionId 85f93d68-9b23-425e-aa91-9137c9954292 with 2c50df23-93ea-4922-8108-019ff3db8838
[38;5;101m[2c50df23][0m[38;5;86m[HTTP][0m <-- GET /wd/hub/session/2c50df23-93ea-4922-8108-019ff3db8838/element/00000000-0000-00e2-0000-01d000000007/rect 200 5 ms - 103 
[38;5;101m[2c50df23][0m[38;5;86m[HTTP][0m [37m-->[39m [37mPOST[39m [37m/wd/hub/session/2c50df23-93ea-4922-8108-019ff3db8838/timeouts[39m {"implicit":30000}
[38;5;101m[2c50df23][0m[38;5;86m[HTTP][0m <-- POST /wd/hub/session/2c50df23-93ea-4922-8108-019ff3db8838/timeouts 200 0 ms - 14 
[38;5;101m[2c50df23][0m[38;5;86m[HTTP][0m [37m-->[39m [37mPOST[39m [37m/wd/hub/session/2c50df23-93ea-4922-8108-019ff3db8838/element/00000000-0000-00e2-0000-01d000000007/click[39m {"id":"00000000-0000-00e2-0000-01d000000007"}
[38;5;101m[2c50df23][0m[38;5;86m[HTTP][0m <-- POST /wd/hub/session/2c50df23-93ea-4922-8108-019ff3db8838/element/00000000-0000-00e2-0000-01d000000007/click 200 63 ms - 14 
[38;5;101m[2c50df23][0m[38;5;86m[HTTP][0m [37m-->[39m [37mPOST[39m [37m/wd/hub/session/2c50df23-93ea-4922-8108-019ff3db8838/timeouts[39m {"implicit":50}
[38;5;101m[2c50df23][0m[38;5;86m[HTTP][0m <-- POST /wd/hub/session/2c50df23-93ea-4922-8108-019ff3db8838/timeouts 200 2 ms - 14 
[38;5;101m[2c50df23][0m[38;5;86m[HTTP][0m [37m-->[39m [37mGET[39m [37m/wd/hub/session/2c50df23-93ea-4922-8108-019ff3db8838/window/rect[39m {}
[38;5;101m[2c50df23][0m[38;5;86m[HTTP][0m <-- GET /wd/hub/session/2c50df23-93ea-4922-8108-019ff3db8838/window/rect 500 5 ms - 1149 
[38;5;101m[2c50df23][0m[38;5;86m[HTTP][0m [37m-->[39m [37mPOST[39m [37m/wd/hub/session/2c50df23-93ea-4922-8108-019ff3db8838/timeouts[39m {"implicit":30000}
[38;5;101m[2c50df23][0m[38;5;86m[HTTP][0m <-- POST /wd/hub/session/2c50df23-93ea-4922-8108-019ff3db8838/timeouts 200 1 ms - 14 
[38;5;101m[2c50df23][0m[38;5;86m[HTTP][0m [37m-->[39m [37mGET[39m [37m/wd/hub/session/2c50df23-93ea-4922-8108-019ff3db8838/context[39m {}
[38;5;101m[2c50df23][0m[38;5;86m[HTTP][0m <-- GET /wd/hub/session/2c50df23-93ea-4922-8108-019ff3db8838/context 200 0 ms - 22 
[38;5;101m[2c50df23][0m[38;5;86m[HTTP][0m [37m-->[39m [37mGET[39m [37m/wd/hub/session/2c50df23-93ea-4922-8108-019ff3db8838/contexts[39m {}
[38;5;101m[2c50df23][0m[38;5;86m[HTTP][0m <-- GET /wd/hub/session/2c50df23-93ea-4922-8108-019ff3db8838/contexts 200 269 ms - 24 
[38;5;101m[2c50df23][0m[38;5;86m[HTTP][0m [37m-->[39m [37mPOST[39m [37m/wd/hub/session/2c50df23-93ea-4922-8108-019ff3db8838/context[39m {"name":"NATIVE_APP"}
[38;5;101m[2c50df23][0m[38;5;86m[HTTP][0m <-- POST /wd/hub/session/2c50df23-93ea-4922-8108-019ff3db8838/context 200 1 ms - 14 
[38;5;101m[2c50df23][0m[38;5;86m[HTTP][0m [37m-->[39m [37mGET[39m [37m/wd/hub/session/2c50df23-93ea-4922-8108-019ff3db8838/screenshot[39m {}
[38;5;101m[2c50df23][0m[38;5;86m[HTTP][0m <-- GET /wd/hub/session/2c50df23-93ea-4922-8108-019ff3db8838/screenshot 500 2 ms - 986 
[38;5;101m[2c50df23][0m[38;5;86m[HTTP][0m [37m-->[39m [37mPOST[39m [37m/wd/hub/session/2c50df23-93ea-4922-8108-019ff3db8838/context[39m {"name":"NATIVE_APP"}
[38;5;101m[2c50df23][0m[38;5;86m[HTTP][0m <-- POST /wd/hub/session/2c50df23-93ea-4922-8108-019ff3db8838/context 200 1 ms - 14 
[38;5;86m[HTTP][0m [37m-->[39m [37mGET[39m [37m/wd/hub/status[39m {}
[38;5;86m[HTTP][0m <-- GET /wd/hub/status 200 1 ms - 200 
[38;5;86m[HTTP][0m [37m-->[39m [37mPOST[39m [37m/wd/hub/session[39m {"capabilities":{"firstMatch":[{"appium:app":"/Users/gv.vignesh/Downloads/WGR-Android-Automation/App Folder/universal.apk","appium:autoGrantPermissions":true,"appium:automationName":"uiautomator2","appium:deviceId":"","appium:deviceName":"emulator-5554 (sdk_gphone64_arm64 - Android 16)","appium:fullReset":true,"appium:newCommandTimeout":1800,"appium:noReset":false,"appium:platformName":"ANDROID","appium:platformVersion":"16","appium:systemPort":56243,"appium:udid":"emulator-5554","platformName":"ANDROID"}]},"desiredCapabilities":{"appium:app":"/Users/gv.vignesh/Downloads/WGR-Android-Automation/App Folder/universal.apk","appium:autoGrantPermissions":true,"appium:automationName":"uiautomator2","appium:deviceId":"","appium:deviceName":"emulator-5554 (sdk_gphone64_arm64 - Android 16)","appium:fullReset":true,"appium:newCommandTimeout":1800,"appium:noReset":false,"appium:platformName":"ANDROID","appium:platformVersion":"16","appium:systemPort":56243,"appium:udid":"emulator-5554"}}
[38;5;123m[BaseDriver][0m Ignoring capability 'appium:platformName=ANDROID' and using capability 'platformName=ANDROID'
[38;5;123m[BaseDriver][0m The capabilities ["platformName"] are standard capabilities and do not require "appium:" prefix
[38;5;112m[Appium][0m Attempting to find matching driver for automationName 'uiautomator2' and platformName 'ANDROID'
[38;5;112m[Appium][0m The 'uiautomator2' driver was installed and matched caps.
[38;5;112m[Appium][0m Will require it at /Users/gv.vignesh/.appium/node_modules/appium-uiautomator2-driver
[38;5;52m[AppiumDriver@c1e7][0m Appium v2.16.0 creating new AndroidUiautomator2Driver (v4.1.5) session
[38;5;52m[AppiumDriver@c1e7][0m Checking BaseDriver versions for Appium and AndroidUiautomator2Driver
[38;5;52m[AppiumDriver@c1e7][0m Appium's BaseDriver version is 9.16.4
[38;5;52m[AppiumDriver@c1e7][0m AndroidUiautomator2Driver's BaseDriver version is 9.16.4
[38;5;9m[AndroidUiautomator2Driver@70b5][0m The following provided capabilities were not recognized by this driver:
[38;5;9m[AndroidUiautomator2Driver@70b5][0m   deviceId
[38;5;100m[f5cb2646][0m[38;5;9m[AndroidUiautomator2Driver@70b5][0m Session created with session id: f5cb2646-2403-4d4d-ab9f-961d23b67876
[38;5;100m[f5cb2646][0m[38;5;229m[ADB][0m Using 'adb' from '/Users/gv.vignesh/.katalon/tools/android_sdk/platform-tools/adb'
[38;5;100m[f5cb2646][0m[38;5;9m[AndroidUiautomator2Driver@70b5][0m Retrieving device list
[38;5;100m[f5cb2646][0m[38;5;9m[AndroidUiautomator2Driver@70b5][0m Using device: emulator-5554
[38;5;100m[f5cb2646][0m[38;5;229m[ADB][0m Using 'adb' from '/Users/gv.vignesh/.katalon/tools/android_sdk/platform-tools/adb'
[38;5;100m[f5cb2646][0m[38;5;123m[BaseDriver][0m Using local app '/Users/gv.vignesh/Downloads/WGR-Android-Automation/App Folder/universal.apk'
[38;5;100m[f5cb2646][0m[38;5;229m[ADB][0m Getting device platform version
[38;5;100m[f5cb2646][0m[38;5;9m[AndroidUiautomator2Driver@70b5][0m Relaxing hidden api policy
[38;5;100m[f5cb2646][0m[38;5;229m[ADB][0m Using 'aapt2' from '/Users/gv.vignesh/.katalon/tools/android_sdk/build-tools/29.0.3/aapt2'
[38;5;100m[f5cb2646][0m[38;5;229m[ADB][0m Package name: 'com.westgate.rewrite2'
[38;5;100m[f5cb2646][0m[38;5;229m[ADB][0m Main activity name: 'com.westgate.rewrite2.MainActivity'
[38;5;100m[f5cb2646][0m[38;5;9m[AndroidUiautomator2Driver@70b5][0m Restoring hidden api policy to the device default configuration
[38;5;100m[f5cb2646][0m[38;5;86m[HTTP][0m <-- POST /wd/hub/session 500 489 ms - 1372 
[38;5;86m[HTTP][0m [37m-->[39m [37mGET[39m [37m/wd/hub/status[39m {}
[38;5;86m[HTTP][0m <-- GET /wd/hub/status 200 0 ms - 200 
[38;5;86m[HTTP][0m [37m-->[39m [37mPOST[39m [37m/wd/hub/session[39m {"capabilities":{"firstMatch":[{"appium:app":"/Users/gv.vignesh/Downloads/WGR-Android-Automation/App Folder/universal.apk","appium:autoGrantPermissions":true,"appium:automationName":"uiautomator2","appium:deviceId":"","appium:deviceName":"emulator-5554 (sdk_gphone64_arm64 - Android 16)","appium:fullReset":true,"appium:newCommandTimeout":1800,"appium:noReset":false,"appium:platformName":"ANDROID","appium:platformVersion":"16","appium:systemPort":56276,"appium:udid":"emulator-5554","platformName":"ANDROID"}]},"desiredCapabilities":{"appium:app":"/Users/gv.vignesh/Downloads/WGR-Android-Automation/App Folder/universal.apk","appium:autoGrantPermissions":true,"appium:automationName":"uiautomator2","appium:deviceId":"","appium:deviceName":"emulator-5554 (sdk_gphone64_arm64 - Android 16)","appium:fullReset":true,"appium:newCommandTimeout":1800,"appium:noReset":false,"appium:platformName":"ANDROID","appium:platformVersion":"16","appium:systemPort":56276,"appium:udid":"emulator-5554"}}
[38;5;123m[BaseDriver][0m Ignoring capability 'appium:platformName=ANDROID' and using capability 'platformName=ANDROID'
[38;5;123m[BaseDriver][0m The capabilities ["platformName"] are standard capabilities and do not require "appium:" prefix
[38;5;112m[Appium][0m Attempting to find matching driver for automationName 'uiautomator2' and platformName 'ANDROID'
[38;5;112m[Appium][0m The 'uiautomator2' driver was installed and matched caps.
[38;5;112m[Appium][0m Will require it at /Users/gv.vignesh/.appium/node_modules/appium-uiautomator2-driver
[38;5;52m[AppiumDriver@c1e7][0m Appium v2.16.0 creating new AndroidUiautomator2Driver (v4.1.5) session
[38;5;52m[AppiumDriver@c1e7][0m Checking BaseDriver versions for Appium and AndroidUiautomator2Driver
[38;5;52m[AppiumDriver@c1e7][0m Appium's BaseDriver version is 9.16.4
[38;5;52m[AppiumDriver@c1e7][0m AndroidUiautomator2Driver's BaseDriver version is 9.16.4
[38;5;-77m[AndroidUiautomator2Driver@02e7][0m The following provided capabilities were not recognized by this driver:
[38;5;-77m[AndroidUiautomator2Driver@02e7][0m   deviceId
[38;5;71m[43b21649][0m[38;5;-77m[AndroidUiautomator2Driver@02e7][0m Session created with session id: 43b21649-532b-4b9f-81d0-7d20d143e9e0
[38;5;100m[f5cb2646][0m[38;5;229m[ADB][0m The application at '/Users/gv.vignesh/.appium/node_modules/appium-uiautomator2-driver/node_modules/io.appium.settings/apks/settings_apk-debug.apk' will not be cached, because the device under test has confirmed the support of streamed installs
[38;5;71m[43b21649][0m[38;5;229m[ADB][0m Using 'adb' from '/Users/gv.vignesh/.katalon/tools/android_sdk/platform-tools/adb'
[38;5;71m[43b21649][0m[38;5;-77m[AndroidUiautomator2Driver@02e7][0m Retrieving device list
[38;5;71m[43b21649][0m[38;5;-77m[AndroidUiautomator2Driver@02e7][0m Using device: emulator-5554
[38;5;71m[43b21649][0m[38;5;229m[ADB][0m Using 'adb' from '/Users/gv.vignesh/.katalon/tools/android_sdk/platform-tools/adb'
[38;5;71m[43b21649][0m[38;5;123m[BaseDriver][0m Using local app '/Users/gv.vignesh/Downloads/WGR-Android-Automation/App Folder/universal.apk'
[38;5;71m[43b21649][0m[38;5;229m[ADB][0m Getting device platform version
[38;5;71m[43b21649][0m[38;5;-77m[AndroidUiautomator2Driver@02e7][0m Relaxing hidden api policy
[38;5;71m[43b21649][0m[38;5;229m[ADB][0m Using 'aapt2' from '/Users/gv.vignesh/.katalon/tools/android_sdk/build-tools/29.0.3/aapt2'
[38;5;71m[43b21649][0m[38;5;229m[ADB][0m Package name: 'com.westgate.rewrite2'
[38;5;71m[43b21649][0m[38;5;229m[ADB][0m Main activity name: 'com.westgate.rewrite2.MainActivity'
[38;5;71m[43b21649][0m[38;5;-77m[AndroidUiautomator2Driver@02e7][0m Restoring hidden api policy to the device default configuration
[38;5;71m[43b21649][0m[38;5;86m[HTTP][0m <-- POST /wd/hub/session 500 797 ms - 1568 
[38;5;86m[HTTP][0m [37m-->[39m [37mGET[39m [37m/wd/hub/status[39m {}
[38;5;86m[HTTP][0m <-- GET /wd/hub/status 200 0 ms - 200 
[38;5;86m[HTTP][0m [37m-->[39m [37mPOST[39m [37m/wd/hub/session[39m {"capabilities":{"firstMatch":[{"appium:app":"/Users/gv.vignesh/Downloads/WGR-Android-Automation/App Folder/universal.apk","appium:autoGrantPermissions":true,"appium:automationName":"uiautomator2","appium:deviceId":"","appium:deviceName":"emulator-5554 (sdk_gphone64_arm64 - Android 16)","appium:fullReset":true,"appium:newCommandTimeout":1800,"appium:noReset":false,"appium:platformName":"ANDROID","appium:platformVersion":"16","appium:systemPort":56328,"appium:udid":"emulator-5554","platformName":"ANDROID"}]},"desiredCapabilities":{"appium:app":"/Users/gv.vignesh/Downloads/WGR-Android-Automation/App Folder/universal.apk","appium:autoGrantPermissions":true,"appium:automationName":"uiautomator2","appium:deviceId":"","appium:deviceName":"emulator-5554 (sdk_gphone64_arm64 - Android 16)","appium:fullReset":true,"appium:newCommandTimeout":1800,"appium:noReset":false,"appium:platformName":"ANDROID","appium:platformVersion":"16","appium:systemPort":56328,"appium:udid":"emulator-5554"}}
[38;5;123m[BaseDriver][0m Ignoring capability 'appium:platformName=ANDROID' and using capability 'platformName=ANDROID'
[38;5;123m[BaseDriver][0m The capabilities ["platformName"] are standard capabilities and do not require "appium:" prefix
[38;5;112m[Appium][0m Attempting to find matching driver for automationName 'uiautomator2' and platformName 'ANDROID'
[38;5;112m[Appium][0m The 'uiautomator2' driver was installed and matched caps.
[38;5;112m[Appium][0m Will require it at /Users/gv.vignesh/.appium/node_modules/appium-uiautomator2-driver
[38;5;52m[AppiumDriver@c1e7][0m Appium v2.16.0 creating new AndroidUiautomator2Driver (v4.1.5) session
[38;5;52m[AppiumDriver@c1e7][0m Checking BaseDriver versions for Appium and AndroidUiautomator2Driver
[38;5;52m[AppiumDriver@c1e7][0m Appium's BaseDriver version is 9.16.4
[38;5;52m[AppiumDriver@c1e7][0m AndroidUiautomator2Driver's BaseDriver version is 9.16.4
[38;5;-173m[AndroidUiautomator2Driver@2143][0m The following provided capabilities were not recognized by this driver:
[38;5;-173m[AndroidUiautomator2Driver@2143][0m   deviceId
[38;5;58m[0257b194][0m[38;5;-173m[AndroidUiautomator2Driver@2143][0m Session created with session id: 0257b194-57db-4376-a6a1-9e215137d8b7
[38;5;58m[0257b194][0m[38;5;229m[ADB][0m Using 'adb' from '/Users/gv.vignesh/.katalon/tools/android_sdk/platform-tools/adb'
[38;5;58m[0257b194][0m[38;5;-173m[AndroidUiautomator2Driver@2143][0m Retrieving device list
[38;5;58m[0257b194][0m[38;5;-173m[AndroidUiautomator2Driver@2143][0m Using device: emulator-5554
[38;5;58m[0257b194][0m[38;5;229m[ADB][0m Using 'adb' from '/Users/gv.vignesh/.katalon/tools/android_sdk/platform-tools/adb'
[38;5;58m[0257b194][0m[38;5;123m[BaseDriver][0m Using local app '/Users/gv.vignesh/Downloads/WGR-Android-Automation/App Folder/universal.apk'
[38;5;58m[0257b194][0m[38;5;229m[ADB][0m Getting device platform version
[38;5;58m[0257b194][0m[38;5;-173m[AndroidUiautomator2Driver@2143][0m Relaxing hidden api policy
[38;5;58m[0257b194][0m[38;5;229m[ADB][0m Using 'aapt2' from '/Users/gv.vignesh/.katalon/tools/android_sdk/build-tools/29.0.3/aapt2'
[38;5;58m[0257b194][0m[38;5;229m[ADB][0m Package name: 'com.westgate.rewrite2'
[38;5;58m[0257b194][0m[38;5;229m[ADB][0m Main activity name: 'com.westgate.rewrite2.MainActivity'
[38;5;58m[0257b194][0m[38;5;-173m[AndroidUiautomator2Driver@2143][0m Restoring hidden api policy to the device default configuration
[38;5;58m[0257b194][0m[38;5;86m[HTTP][0m <-- POST /wd/hub/session 500 915 ms - 1568 
[38;5;86m[HTTP][0m [37m-->[39m [37mGET[39m [37m/wd/hub/status[39m {}
[38;5;86m[HTTP][0m <-- GET /wd/hub/status 200 0 ms - 200 
[38;5;86m[HTTP][0m [37m-->[39m [37mPOST[39m [37m/wd/hub/session[39m {"capabilities":{"firstMatch":[{"appium:app":"/Users/gv.vignesh/Downloads/WGR-Android-Automation/App Folder/universal.apk","appium:autoGrantPermissions":true,"appium:automationName":"uiautomator2","appium:deviceId":"","appium:deviceName":"emulator-5554 (sdk_gphone64_arm64 - Android 16)","appium:fullReset":true,"appium:newCommandTimeout":1800,"appium:noReset":false,"appium:platformName":"ANDROID","appium:platformVersion":"16","appium:systemPort":56377,"appium:udid":"emulator-5554","platformName":"ANDROID"}]},"desiredCapabilities":{"appium:app":"/Users/gv.vignesh/Downloads/WGR-Android-Automation/App Folder/universal.apk","appium:autoGrantPermissions":true,"appium:automationName":"uiautomator2","appium:deviceId":"","appium:deviceName":"emulator-5554 (sdk_gphone64_arm64 - Android 16)","appium:fullReset":true,"appium:newCommandTimeout":1800,"appium:noReset":false,"appium:platformName":"ANDROID","appium:platformVersion":"16","appium:systemPort":56377,"appium:udid":"emulator-5554"}}
[38;5;123m[BaseDriver][0m Ignoring capability 'appium:platformName=ANDROID' and using capability 'platformName=ANDROID'
[38;5;123m[BaseDriver][0m The capabilities ["platformName"] are standard capabilities and do not require "appium:" prefix
[38;5;112m[Appium][0m Attempting to find matching driver for automationName 'uiautomator2' and platformName 'ANDROID'
[38;5;112m[Appium][0m The 'uiautomator2' driver was installed and matched caps.
[38;5;112m[Appium][0m Will require it at /Users/gv.vignesh/.appium/node_modules/appium-uiautomator2-driver
[38;5;52m[AppiumDriver@c1e7][0m Appium v2.16.0 creating new AndroidUiautomator2Driver (v4.1.5) session
[38;5;52m[AppiumDriver@c1e7][0m Checking BaseDriver versions for Appium and AndroidUiautomator2Driver
[38;5;52m[AppiumDriver@c1e7][0m Appium's BaseDriver version is 9.16.4
[38;5;52m[AppiumDriver@c1e7][0m AndroidUiautomator2Driver's BaseDriver version is 9.16.4
[38;5;8m[AndroidUiautomator2Driver@670d][0m The following provided capabilities were not recognized by this driver:
[38;5;8m[AndroidUiautomator2Driver@670d][0m   deviceId
[38;5;30m[4d93c472][0m[38;5;8m[AndroidUiautomator2Driver@670d][0m Session created with session id: 4d93c472-646b-4a2c-a763-073793b24dae
[38;5;30m[4d93c472][0m[38;5;229m[ADB][0m Using 'adb' from '/Users/gv.vignesh/.katalon/tools/android_sdk/platform-tools/adb'
[38;5;30m[4d93c472][0m[38;5;8m[AndroidUiautomator2Driver@670d][0m Retrieving device list
[38;5;30m[4d93c472][0m[38;5;8m[AndroidUiautomator2Driver@670d][0m Using device: emulator-5554
[38;5;30m[4d93c472][0m[38;5;229m[ADB][0m Using 'adb' from '/Users/gv.vignesh/.katalon/tools/android_sdk/platform-tools/adb'
[38;5;30m[4d93c472][0m[38;5;123m[BaseDriver][0m Using local app '/Users/gv.vignesh/Downloads/WGR-Android-Automation/App Folder/universal.apk'
[38;5;30m[4d93c472][0m[38;5;229m[ADB][0m Getting device platform version
[38;5;30m[4d93c472][0m[38;5;8m[AndroidUiautomator2Driver@670d][0m Relaxing hidden api policy
[38;5;30m[4d93c472][0m[38;5;229m[ADB][0m Using 'aapt2' from '/Users/gv.vignesh/.katalon/tools/android_sdk/build-tools/29.0.3/aapt2'
[38;5;30m[4d93c472][0m[38;5;229m[ADB][0m Package name: 'com.westgate.rewrite2'
[38;5;30m[4d93c472][0m[38;5;229m[ADB][0m Main activity name: 'com.westgate.rewrite2.MainActivity'
[38;5;30m[4d93c472][0m[38;5;8m[AndroidUiautomator2Driver@670d][0m Restoring hidden api policy to the device default configuration
[38;5;30m[4d93c472][0m[38;5;86m[HTTP][0m <-- POST /wd/hub/session 500 809 ms - 1568 
[38;5;86m[HTTP][0m [37m-->[39m [37mGET[39m [37m/wd/hub/status[39m {}
[38;5;86m[HTTP][0m <-- GET /wd/hub/status 200 0 ms - 200 
[38;5;86m[HTTP][0m [37m-->[39m [37mPOST[39m [37m/wd/hub/session[39m {"capabilities":{"firstMatch":[{"appium:app":"/Users/gv.vignesh/Downloads/WGR-Android-Automation/App Folder/universal.apk","appium:autoGrantPermissions":true,"appium:automationName":"uiautomator2","appium:deviceId":"","appium:deviceName":"emulator-5554 (sdk_gphone64_arm64 - Android 16)","appium:fullReset":true,"appium:newCommandTimeout":1800,"appium:noReset":false,"appium:platformName":"ANDROID","appium:platformVersion":"16","appium:systemPort":56427,"appium:udid":"emulator-5554","platformName":"ANDROID"}]},"desiredCapabilities":{"appium:app":"/Users/gv.vignesh/Downloads/WGR-Android-Automation/App Folder/universal.apk","appium:autoGrantPermissions":true,"appium:automationName":"uiautomator2","appium:deviceId":"","appium:deviceName":"emulator-5554 (sdk_gphone64_arm64 - Android 16)","appium:fullReset":true,"appium:newCommandTimeout":1800,"appium:noReset":false,"appium:platformName":"ANDROID","appium:platformVersion":"16","appium:systemPort":56427,"appium:udid":"emulator-5554"}}
[38;5;123m[BaseDriver][0m Ignoring capability 'appium:platformName=ANDROID' and using capability 'platformName=ANDROID'
[38;5;123m[BaseDriver][0m The capabilities ["platformName"] are standard capabilities and do not require "appium:" prefix
[38;5;112m[Appium][0m Attempting to find matching driver for automationName 'uiautomator2' and platformName 'ANDROID'
[38;5;112m[Appium][0m The 'uiautomator2' driver was installed and matched caps.
[38;5;112m[Appium][0m Will require it at /Users/gv.vignesh/.appium/node_modules/appium-uiautomator2-driver
[38;5;52m[AppiumDriver@c1e7][0m Appium v2.16.0 creating new AndroidUiautomator2Driver (v4.1.5) session
[38;5;52m[AppiumDriver@c1e7][0m Checking BaseDriver versions for Appium and AndroidUiautomator2Driver
[38;5;52m[AppiumDriver@c1e7][0m Appium's BaseDriver version is 9.16.4
[38;5;52m[AppiumDriver@c1e7][0m AndroidUiautomator2Driver's BaseDriver version is 9.16.4
[38;5;-159m[AndroidUiautomator2Driver@5c02][0m The following provided capabilities were not recognized by this driver:
[38;5;-159m[AndroidUiautomator2Driver@5c02][0m   deviceId
[38;5;86m[7b4938f3][0m[38;5;-159m[AndroidUiautomator2Driver@5c02][0m Session created with session id: 7b4938f3-2c52-4414-92a0-d29432c7799c
[38;5;86m[7b4938f3][0m[38;5;229m[ADB][0m Using 'adb' from '/Users/gv.vignesh/.katalon/tools/android_sdk/platform-tools/adb'
[38;5;86m[7b4938f3][0m[38;5;-159m[AndroidUiautomator2Driver@5c02][0m Retrieving device list
[38;5;86m[7b4938f3][0m[38;5;-159m[AndroidUiautomator2Driver@5c02][0m Using device: emulator-5554
[38;5;86m[7b4938f3][0m[38;5;229m[ADB][0m Using 'adb' from '/Users/gv.vignesh/.katalon/tools/android_sdk/platform-tools/adb'
[38;5;86m[7b4938f3][0m[38;5;123m[BaseDriver][0m Using local app '/Users/gv.vignesh/Downloads/WGR-Android-Automation/App Folder/universal.apk'
[38;5;86m[7b4938f3][0m[38;5;229m[ADB][0m Getting device platform version
[38;5;86m[7b4938f3][0m[38;5;-159m[AndroidUiautomator2Driver@5c02][0m Relaxing hidden api policy
[38;5;86m[7b4938f3][0m[38;5;229m[ADB][0m Using 'aapt2' from '/Users/gv.vignesh/.katalon/tools/android_sdk/build-tools/29.0.3/aapt2'
[38;5;86m[7b4938f3][0m[38;5;229m[ADB][0m Package name: 'com.westgate.rewrite2'
[38;5;86m[7b4938f3][0m[38;5;229m[ADB][0m Main activity name: 'com.westgate.rewrite2.MainActivity'
[38;5;86m[7b4938f3][0m[38;5;-159m[AndroidUiautomator2Driver@5c02][0m Restoring hidden api policy to the device default configuration
[38;5;86m[7b4938f3][0m[38;5;86m[HTTP][0m <-- POST /wd/hub/session 500 742 ms - 1568 
[38;5;86m[HTTP][0m [37m-->[39m [37mGET[39m [37m/wd/hub/status[39m {}
[38;5;86m[HTTP][0m <-- GET /wd/hub/status 200 0 ms - 200 
[38;5;86m[HTTP][0m [37m-->[39m [37mPOST[39m [37m/wd/hub/session[39m {"capabilities":{"firstMatch":[{"appium:app":"/Users/gv.vignesh/Downloads/WGR-Android-Automation/App Folder/universal.apk","appium:autoGrantPermissions":true,"appium:automationName":"uiautomator2","appium:deviceId":"","appium:deviceName":"emulator-5554 (sdk_gphone64_arm64 - Android 16)","appium:fullReset":true,"appium:newCommandTimeout":1800,"appium:noReset":false,"appium:platformName":"ANDROID","appium:platformVersion":"16","appium:systemPort":56474,"appium:udid":"emulator-5554","platformName":"ANDROID"}]},"desiredCapabilities":{"appium:app":"/Users/gv.vignesh/Downloads/WGR-Android-Automation/App Folder/universal.apk","appium:autoGrantPermissions":true,"appium:automationName":"uiautomator2","appium:deviceId":"","appium:deviceName":"emulator-5554 (sdk_gphone64_arm64 - Android 16)","appium:fullReset":true,"appium:newCommandTimeout":1800,"appium:noReset":false,"appium:platformName":"ANDROID","appium:platformVersion":"16","appium:systemPort":56474,"appium:udid":"emulator-5554"}}
[38;5;123m[BaseDriver][0m Ignoring capability 'appium:platformName=ANDROID' and using capability 'platformName=ANDROID'
[38;5;123m[BaseDriver][0m The capabilities ["platformName"] are standard capabilities and do not require "appium:" prefix
[38;5;112m[Appium][0m Attempting to find matching driver for automationName 'uiautomator2' and platformName 'ANDROID'
[38;5;112m[Appium][0m The 'uiautomator2' driver was installed and matched caps.
[38;5;112m[Appium][0m Will require it at /Users/gv.vignesh/.appium/node_modules/appium-uiautomator2-driver
[38;5;52m[AppiumDriver@c1e7][0m Appium v2.16.0 creating new AndroidUiautomator2Driver (v4.1.5) session
[38;5;52m[AppiumDriver@c1e7][0m Checking BaseDriver versions for Appium and AndroidUiautomator2Driver
[38;5;52m[AppiumDriver@c1e7][0m Appium's BaseDriver version is 9.16.4
[38;5;52m[AppiumDriver@c1e7][0m AndroidUiautomator2Driver's BaseDriver version is 9.16.4
[38;5;-80m[AndroidUiautomator2Driver@b528][0m The following provided capabilities were not recognized by this driver:
[38;5;-80m[AndroidUiautomator2Driver@b528][0m   deviceId
[38;5;74m[1eeb7680][0m[38;5;-80m[AndroidUiautomator2Driver@b528][0m Session created with session id: 1eeb7680-da28-4d31-bc8c-717d8e97f961
[38;5;74m[1eeb7680][0m[38;5;229m[ADB][0m Using 'adb' from '/Users/gv.vignesh/.katalon/tools/android_sdk/platform-tools/adb'
[38;5;74m[1eeb7680][0m[38;5;-80m[AndroidUiautomator2Driver@b528][0m Retrieving device list
[38;5;74m[1eeb7680][0m[38;5;-80m[AndroidUiautomator2Driver@b528][0m Using device: emulator-5554
[38;5;74m[1eeb7680][0m[38;5;229m[ADB][0m Using 'adb' from '/Users/gv.vignesh/.katalon/tools/android_sdk/platform-tools/adb'
[38;5;74m[1eeb7680][0m[38;5;123m[BaseDriver][0m Using local app '/Users/gv.vignesh/Downloads/WGR-Android-Automation/App Folder/universal.apk'
[38;5;74m[1eeb7680][0m[38;5;229m[ADB][0m Getting device platform version
[38;5;74m[1eeb7680][0m[38;5;-80m[AndroidUiautomator2Driver@b528][0m Relaxing hidden api policy
[38;5;74m[1eeb7680][0m[38;5;229m[ADB][0m Using 'aapt2' from '/Users/gv.vignesh/.katalon/tools/android_sdk/build-tools/29.0.3/aapt2'
[38;5;74m[1eeb7680][0m[38;5;229m[ADB][0m Package name: 'com.westgate.rewrite2'
[38;5;74m[1eeb7680][0m[38;5;229m[ADB][0m Main activity name: 'com.westgate.rewrite2.MainActivity'
[38;5;74m[1eeb7680][0m[38;5;-80m[AndroidUiautomator2Driver@b528][0m Restoring hidden api policy to the device default configuration
[38;5;74m[1eeb7680][0m[38;5;86m[HTTP][0m <-- POST /wd/hub/session 500 705 ms - 1568 
[38;5;86m[HTTP][0m [37m-->[39m [37mGET[39m [37m/wd/hub/status[39m {}
[38;5;86m[HTTP][0m <-- GET /wd/hub/status 200 0 ms - 200 
[38;5;86m[HTTP][0m [37m-->[39m [37mPOST[39m [37m/wd/hub/session[39m {"capabilities":{"firstMatch":[{"appium:app":"/Users/gv.vignesh/Downloads/WGR-Android-Automation/App Folder/universal.apk","appium:autoGrantPermissions":true,"appium:automationName":"uiautomator2","appium:deviceId":"","appium:deviceName":"emulator-5554 (sdk_gphone64_arm64 - Android 16)","appium:fullReset":true,"appium:newCommandTimeout":1800,"appium:noReset":false,"appium:platformName":"ANDROID","appium:platformVersion":"16","appium:systemPort":56524,"appium:udid":"emulator-5554","platformName":"ANDROID"}]},"desiredCapabilities":{"appium:app":"/Users/gv.vignesh/Downloads/WGR-Android-Automation/App Folder/universal.apk","appium:autoGrantPermissions":true,"appium:automationName":"uiautomator2","appium:deviceId":"","appium:deviceName":"emulator-5554 (sdk_gphone64_arm64 - Android 16)","appium:fullReset":true,"appium:newCommandTimeout":1800,"appium:noReset":false,"appium:platformName":"ANDROID","appium:platformVersion":"16","appium:systemPort":56524,"appium:udid":"emulator-5554"}}
[38;5;123m[BaseDriver][0m Ignoring capability 'appium:platformName=ANDROID' and using capability 'platformName=ANDROID'
[38;5;123m[BaseDriver][0m The capabilities ["platformName"] are standard capabilities and do not require "appium:" prefix
[38;5;112m[Appium][0m Attempting to find matching driver for automationName 'uiautomator2' and platformName 'ANDROID'
[38;5;112m[Appium][0m The 'uiautomator2' driver was installed and matched caps.
[38;5;112m[Appium][0m Will require it at /Users/gv.vignesh/.appium/node_modules/appium-uiautomator2-driver
[38;5;52m[AppiumDriver@c1e7][0m Appium v2.16.0 creating new AndroidUiautomator2Driver (v4.1.5) session
[38;5;52m[AppiumDriver@c1e7][0m Checking BaseDriver versions for Appium and AndroidUiautomator2Driver
[38;5;52m[AppiumDriver@c1e7][0m Appium's BaseDriver version is 9.16.4
[38;5;52m[AppiumDriver@c1e7][0m AndroidUiautomator2Driver's BaseDriver version is 9.16.4
[38;5;-15m[AndroidUiautomator2Driver@1979][0m The following provided capabilities were not recognized by this driver:
[38;5;-15m[AndroidUiautomator2Driver@1979][0m   deviceId
[38;5;92m[ec6ba8a8][0m[38;5;-15m[AndroidUiautomator2Driver@1979][0m Session created with session id: ec6ba8a8-38b7-46bb-b291-c6b2d14e3906
[38;5;92m[ec6ba8a8][0m[38;5;229m[ADB][0m Using 'adb' from '/Users/gv.vignesh/.katalon/tools/android_sdk/platform-tools/adb'
[38;5;92m[ec6ba8a8][0m[38;5;-15m[AndroidUiautomator2Driver@1979][0m Retrieving device list
[38;5;92m[ec6ba8a8][0m[38;5;-15m[AndroidUiautomator2Driver@1979][0m Using device: emulator-5554
[38;5;92m[ec6ba8a8][0m[38;5;229m[ADB][0m Using 'adb' from '/Users/gv.vignesh/.katalon/tools/android_sdk/platform-tools/adb'
[38;5;92m[ec6ba8a8][0m[38;5;123m[BaseDriver][0m Using local app '/Users/gv.vignesh/Downloads/WGR-Android-Automation/App Folder/universal.apk'
[38;5;92m[ec6ba8a8][0m[38;5;229m[ADB][0m Getting device platform version
[38;5;92m[ec6ba8a8][0m[38;5;-15m[AndroidUiautomator2Driver@1979][0m Relaxing hidden api policy
[38;5;92m[ec6ba8a8][0m[38;5;229m[ADB][0m Using 'aapt2' from '/Users/gv.vignesh/.katalon/tools/android_sdk/build-tools/29.0.3/aapt2'
[38;5;92m[ec6ba8a8][0m[38;5;229m[ADB][0m Package name: 'com.westgate.rewrite2'
[38;5;92m[ec6ba8a8][0m[38;5;229m[ADB][0m Main activity name: 'com.westgate.rewrite2.MainActivity'
[38;5;92m[ec6ba8a8][0m[38;5;-15m[AndroidUiautomator2Driver@1979][0m Server packages are not going to be (re)installed
[38;5;92m[ec6ba8a8][0m[38;5;229m[ADB][0m Adding packages ["io.appium.settings","io.appium.uiautomator2.server","io.appium.uiautomator2.server.test"] to Doze whitelist
[38;5;92m[ec6ba8a8][0m[38;5;229m[ADB][0m com.westgate.rewrite2 was successfully uninstalled
[38;5;92m[ec6ba8a8][0m[38;5;229m[ADB][0m The application at '/Users/gv.vignesh/Downloads/WGR-Android-Automation/App Folder/universal.apk' will not be cached, because the device under test has confirmed the support of streamed installs
[38;5;92m[ec6ba8a8][0m[38;5;229m[ADB][0m The installation of 'universal.apk' took 2650ms
[38;5;92m[ec6ba8a8][0m[38;5;-15m[AndroidUiautomator2Driver@1979][0m Starting UIAutomator2 server 7.3.0
[38;5;92m[ec6ba8a8][0m[38;5;-15m[AndroidUiautomator2Driver@1979][0m Using UIAutomator2 server from '/Users/gv.vignesh/.appium/node_modules/appium-uiautomator2-driver/node_modules/appium-uiautomator2-server/apks/appium-uiautomator2-server-v7.3.0.apk' and test from '/Users/gv.vignesh/.appium/node_modules/appium-uiautomator2-driver/node_modules/appium-uiautomator2-server/apks/appium-uiautomator2-server-debug-androidTest.apk'
[38;5;92m[ec6ba8a8][0m[38;5;-15m[AndroidUiautomator2Driver@1979][0m Waiting up to 30000ms for UiAutomator2 to be online...
[38;5;92m[ec6ba8a8][0m[38;5;-15m[AndroidUiautomator2Driver@1979][0m socket hang up
[38;5;92m[ec6ba8a8][0m[38;5;-15m[AndroidUiautomator2Driver@1979][0m socket hang up
[38;5;92m[ec6ba8a8][0m[38;5;-15m[AndroidUiautomator2Driver@1979][0m Determined the downstream protocol as 'W3C'
[38;5;92m[ec6ba8a8][0m[38;5;-15m[AndroidUiautomator2Driver@1979][0m Screen already unlocked, doing nothing
[38;5;92m[ec6ba8a8][0m[38;5;-15m[AndroidUiautomator2Driver@1979][0m Starting 'com.westgate.rewrite2/com.westgate.rewrite2.MainActivity' and waiting for 'com.westgate.rewrite2/com.westgate.rewrite2.MainActivity'
[38;5;92m[ec6ba8a8][0m[38;5;52m[AppiumDriver@c1e7][0m New AndroidUiautomator2Driver session created successfully, session ec6ba8a8-38b7-46bb-b291-c6b2d14e3906 added to master session list
[38;5;92m[ec6ba8a8][0m[38;5;86m[HTTP][0m <-- POST /wd/hub/session 200 10489 ms - 1350 
[38;5;86m[HTTP][0m [37m-->[39m [37mGET[39m [37m/wd/hub/status[39m {}
[38;5;86m[HTTP][0m <-- GET /wd/hub/status 200 1 ms - 200 
[38;5;92m[ec6ba8a8][0m[38;5;86m[HTTP][0m [37m-->[39m [37mPOST[39m [37m/wd/hub/session/ec6ba8a8-38b7-46bb-b291-c6b2d14e3906/timeouts[39m {"implicit":30000}
[38;5;92m[ec6ba8a8][0m[38;5;86m[HTTP][0m <-- POST /wd/hub/session/ec6ba8a8-38b7-46bb-b291-c6b2d14e3906/timeouts 200 1 ms - 14 
[38;5;92m[ec6ba8a8][0m[38;5;86m[HTTP][0m [37m-->[39m [37mPOST[39m [37m/wd/hub/session/ec6ba8a8-38b7-46bb-b291-c6b2d14e3906/execute/sync[39m {"script":"mobile: getSystemBars","args":[]}
[38;5;92m[ec6ba8a8][0m[38;5;-15m[AndroidUiautomator2Driver@1979][0m No windows have been found whose title matches to 'NavigationBar'. Assuming it is invisible. Only the following windows are available: ScreenDecorOverlayBottom,ScreenDecorOverlay,EdgeBackGestureHandler0,Taskbar,NotificationShade,StatusBar,ShellDropTarget,InputMethod
[38;5;92m[ec6ba8a8][0m[38;5;86m[HTTP][0m <-- POST /wd/hub/session/ec6ba8a8-38b7-46bb-b291-c6b2d14e3906/execute/sync 200 80 ms - 144 
[38;5;92m[ec6ba8a8][0m[38;5;86m[HTTP][0m [37m-->[39m [37mPOST[39m [37m/wd/hub/session/ec6ba8a8-38b7-46bb-b291-c6b2d14e3906/timeouts[39m {"implicit":50}
[38;5;92m[ec6ba8a8][0m[38;5;86m[HTTP][0m <-- POST /wd/hub/session/ec6ba8a8-38b7-46bb-b291-c6b2d14e3906/timeouts 200 2 ms - 14 
[38;5;92m[ec6ba8a8][0m[38;5;86m[HTTP][0m [37m-->[39m [37mGET[39m [37m/wd/hub/session/ec6ba8a8-38b7-46bb-b291-c6b2d14e3906/window/rect[39m {}
[38;5;92m[ec6ba8a8][0m[38;5;86m[HTTP][0m <-- GET /wd/hub/session/ec6ba8a8-38b7-46bb-b291-c6b2d14e3906/window/rect 200 13 ms - 50 
[38;5;92m[ec6ba8a8][0m[38;5;86m[HTTP][0m [37m-->[39m [37mPOST[39m [37m/wd/hub/session/ec6ba8a8-38b7-46bb-b291-c6b2d14e3906/elements[39m {"using":"xpath","value":"//*[@class = 'android.widget.Button' and (@text = 'Login or Sign Up' or . = 'Login or Sign Up')]"}
[38;5;92m[ec6ba8a8][0m[38;5;86m[HTTP][0m <-- POST /wd/hub/session/ec6ba8a8-38b7-46bb-b291-c6b2d14e3906/elements 200 177 ms - 139 
[38;5;92m[ec6ba8a8][0m[38;5;86m[HTTP][0m [37m-->[39m [37mGET[39m [37m/wd/hub/session/ec6ba8a8-38b7-46bb-b291-c6b2d14e3906/element/00000000-0000-000b-0000-00a300000007/rect[39m {}
[38;5;92m[ec6ba8a8][0m[38;5;-15m[AndroidUiautomator2Driver@1979][0m Driver proxy active, passing request on via HTTP proxy
[38;5;92m[ec6ba8a8][0m[38;5;-15m[AndroidUiautomator2Driver@1979][0m Replacing sessionId f99e7d1f-2b05-4d73-845c-6cde585ffa5c with ec6ba8a8-38b7-46bb-b291-c6b2d14e3906
[38;5;92m[ec6ba8a8][0m[38;5;86m[HTTP][0m <-- GET /wd/hub/session/ec6ba8a8-38b7-46bb-b291-c6b2d14e3906/element/00000000-0000-000b-0000-00a300000007/rect 200 8 ms - 103 
[38;5;92m[ec6ba8a8][0m[38;5;86m[HTTP][0m [37m-->[39m [37mPOST[39m [37m/wd/hub/session/ec6ba8a8-38b7-46bb-b291-c6b2d14e3906/timeouts[39m {"implicit":30000}
[38;5;92m[ec6ba8a8][0m[38;5;86m[HTTP][0m <-- POST /wd/hub/session/ec6ba8a8-38b7-46bb-b291-c6b2d14e3906/timeouts 200 1 ms - 14 
[38;5;92m[ec6ba8a8][0m[38;5;86m[HTTP][0m [37m-->[39m [37mPOST[39m [37m/wd/hub/session/ec6ba8a8-38b7-46bb-b291-c6b2d14e3906/element/00000000-0000-000b-0000-00a300000007/click[39m {"id":"00000000-0000-000b-0000-00a300000007"}
[38;5;92m[ec6ba8a8][0m[38;5;86m[HTTP][0m <-- POST /wd/hub/session/ec6ba8a8-38b7-46bb-b291-c6b2d14e3906/element/00000000-0000-000b-0000-00a300000007/click 200 57 ms - 14 
[38;5;92m[ec6ba8a8][0m[38;5;86m[HTTP][0m [37m-->[39m [37mPOST[39m [37m/wd/hub/session/ec6ba8a8-38b7-46bb-b291-c6b2d14e3906/timeouts[39m {"implicit":50}
[38;5;92m[ec6ba8a8][0m[38;5;86m[HTTP][0m <-- POST /wd/hub/session/ec6ba8a8-38b7-46bb-b291-c6b2d14e3906/timeouts 200 2 ms - 14 
[38;5;92m[ec6ba8a8][0m[38;5;86m[HTTP][0m [37m-->[39m [37mGET[39m [37m/wd/hub/session/ec6ba8a8-38b7-46bb-b291-c6b2d14e3906/window/rect[39m {}
[38;5;92m[ec6ba8a8][0m[38;5;86m[HTTP][0m <-- GET /wd/hub/session/ec6ba8a8-38b7-46bb-b291-c6b2d14e3906/window/rect 200 13 ms - 50 
[38;5;92m[ec6ba8a8][0m[38;5;86m[HTTP][0m [37m-->[39m [37mPOST[39m [37m/wd/hub/session/ec6ba8a8-38b7-46bb-b291-c6b2d14e3906/elements[39m {"using":"xpath","value":"//*[@class = 'android.widget.EditText' and (@text = '' or . = '')]"}
[38;5;92m[ec6ba8a8][0m[38;5;86m[HTTP][0m <-- POST /wd/hub/session/ec6ba8a8-38b7-46bb-b291-c6b2d14e3906/elements 200 57 ms - 139 
[38;5;92m[ec6ba8a8][0m[38;5;86m[HTTP][0m [37m-->[39m [37mGET[39m [37m/wd/hub/session/ec6ba8a8-38b7-46bb-b291-c6b2d14e3906/element/00000000-0000-000b-0000-00dc00000007/rect[39m {}
[38;5;92m[ec6ba8a8][0m[38;5;-15m[AndroidUiautomator2Driver@1979][0m Driver proxy active, passing request on via HTTP proxy
[38;5;92m[ec6ba8a8][0m[38;5;-15m[AndroidUiautomator2Driver@1979][0m Replacing sessionId f99e7d1f-2b05-4d73-845c-6cde585ffa5c with ec6ba8a8-38b7-46bb-b291-c6b2d14e3906
[38;5;92m[ec6ba8a8][0m[38;5;86m[HTTP][0m <-- GET /wd/hub/session/ec6ba8a8-38b7-46bb-b291-c6b2d14e3906/element/00000000-0000-000b-0000-00dc00000007/rect 200 4 ms - 103 
[38;5;92m[ec6ba8a8][0m[38;5;86m[HTTP][0m [37m-->[39m [37mPOST[39m [37m/wd/hub/session/ec6ba8a8-38b7-46bb-b291-c6b2d14e3906/timeouts[39m {"implicit":30000}
[38;5;92m[ec6ba8a8][0m[38;5;86m[HTTP][0m <-- POST /wd/hub/session/ec6ba8a8-38b7-46bb-b291-c6b2d14e3906/timeouts 200 0 ms - 14 
[38;5;92m[ec6ba8a8][0m[38;5;86m[HTTP][0m [37m-->[39m [37mPOST[39m [37m/wd/hub/session/ec6ba8a8-38b7-46bb-b291-c6b2d14e3906/element/00000000-0000-000b-0000-00dc00000007/clear[39m {"id":"00000000-0000-000b-0000-00dc00000007"}
[38;5;92m[ec6ba8a8][0m[38;5;86m[HTTP][0m <-- POST /wd/hub/session/ec6ba8a8-38b7-46bb-b291-c6b2d14e3906/element/00000000-0000-000b-0000-00dc00000007/clear 200 7 ms - 14 
[38;5;92m[ec6ba8a8][0m[38;5;86m[HTTP][0m [37m-->[39m [37mPOST[39m [37m/wd/hub/session/ec6ba8a8-38b7-46bb-b291-c6b2d14e3906/element/00000000-0000-000b-0000-00dc00000007/click[39m {"id":"00000000-0000-000b-0000-00dc00000007"}
[38;5;92m[ec6ba8a8][0m[38;5;86m[HTTP][0m <-- POST /wd/hub/session/ec6ba8a8-38b7-46bb-b291-c6b2d14e3906/element/00000000-0000-000b-0000-00dc00000007/click 200 63 ms - 14 
[38;5;92m[ec6ba8a8][0m[38;5;86m[HTTP][0m [37m-->[39m [37mPOST[39m [37m/wd/hub/session/ec6ba8a8-38b7-46bb-b291-c6b2d14e3906/element/00000000-0000-000b-0000-00dc00000007/value[39m {"id":"00000000-0000-000b-0000-00dc00000007","text":"stokes@yopmail.com","value":["s","t","o","k","e","s","@","y","o","p","m","a","i","l",".","c","o","m"]}
[38;5;92m[ec6ba8a8][0m[38;5;86m[HTTP][0m <-- POST /wd/hub/session/ec6ba8a8-38b7-46bb-b291-c6b2d14e3906/element/00000000-0000-000b-0000-00dc00000007/value 200 12 ms - 14 
[38;5;92m[ec6ba8a8][0m[38;5;86m[HTTP][0m [37m-->[39m [37mGET[39m [37m/wd/hub/session/ec6ba8a8-38b7-46bb-b291-c6b2d14e3906/context[39m {}
[38;5;92m[ec6ba8a8][0m[38;5;86m[HTTP][0m <-- GET /wd/hub/session/ec6ba8a8-38b7-46bb-b291-c6b2d14e3906/context 200 1 ms - 22 
[38;5;92m[ec6ba8a8][0m[38;5;86m[HTTP][0m [37m-->[39m [37mGET[39m [37m/wd/hub/session/ec6ba8a8-38b7-46bb-b291-c6b2d14e3906/contexts[39m {}
[38;5;92m[ec6ba8a8][0m[38;5;86m[HTTP][0m <-- GET /wd/hub/session/ec6ba8a8-38b7-46bb-b291-c6b2d14e3906/contexts 200 272 ms - 24 
[38;5;92m[ec6ba8a8][0m[38;5;86m[HTTP][0m [37m-->[39m [37mPOST[39m [37m/wd/hub/session/ec6ba8a8-38b7-46bb-b291-c6b2d14e3906/context[39m {"name":"NATIVE_APP"}
[38;5;92m[ec6ba8a8][0m[38;5;86m[HTTP][0m <-- POST /wd/hub/session/ec6ba8a8-38b7-46bb-b291-c6b2d14e3906/context 200 1 ms - 14 
[38;5;92m[ec6ba8a8][0m[38;5;86m[HTTP][0m [37m-->[39m [37mPOST[39m [37m/wd/hub/session/ec6ba8a8-38b7-46bb-b291-c6b2d14e3906/execute/sync[39m {"script":"mobile: hideKeyboard","args":[]}
[38;5;92m[ec6ba8a8][0m[38;5;86m[HTTP][0m <-- POST /wd/hub/session/ec6ba8a8-38b7-46bb-b291-c6b2d14e3906/execute/sync 200 1249 ms - 14 
[38;5;92m[ec6ba8a8][0m[38;5;86m[HTTP][0m [37m-->[39m [37mPOST[39m [37m/wd/hub/session/ec6ba8a8-38b7-46bb-b291-c6b2d14e3906/context[39m {"name":"NATIVE_APP"}
[38;5;92m[ec6ba8a8][0m[38;5;86m[HTTP][0m <-- POST /wd/hub/session/ec6ba8a8-38b7-46bb-b291-c6b2d14e3906/context 200 1 ms - 14 
[38;5;92m[ec6ba8a8][0m[38;5;86m[HTTP][0m [37m-->[39m [37mPOST[39m [37m/wd/hub/session/ec6ba8a8-38b7-46bb-b291-c6b2d14e3906/timeouts[39m {"implicit":50}
[38;5;92m[ec6ba8a8][0m[38;5;86m[HTTP][0m <-- POST /wd/hub/session/ec6ba8a8-38b7-46bb-b291-c6b2d14e3906/timeouts 200 3 ms - 14 
[38;5;92m[ec6ba8a8][0m[38;5;86m[HTTP][0m [37m-->[39m [37mGET[39m [37m/wd/hub/session/ec6ba8a8-38b7-46bb-b291-c6b2d14e3906/window/rect[39m {}
[38;5;92m[ec6ba8a8][0m[38;5;86m[HTTP][0m <-- GET /wd/hub/session/ec6ba8a8-38b7-46bb-b291-c6b2d14e3906/window/rect 500 3 ms - 1149 
[38;5;92m[ec6ba8a8][0m[38;5;86m[HTTP][0m [37m-->[39m [37mPOST[39m [37m/wd/hub/session/ec6ba8a8-38b7-46bb-b291-c6b2d14e3906/timeouts[39m {"implicit":30000}
[38;5;92m[ec6ba8a8][0m[38;5;86m[HTTP][0m <-- POST /wd/hub/session/ec6ba8a8-38b7-46bb-b291-c6b2d14e3906/timeouts 200 1 ms - 14 
[38;5;92m[ec6ba8a8][0m[38;5;86m[HTTP][0m [37m-->[39m [37mGET[39m [37m/wd/hub/session/ec6ba8a8-38b7-46bb-b291-c6b2d14e3906/context[39m {}
[38;5;92m[ec6ba8a8][0m[38;5;86m[HTTP][0m <-- GET /wd/hub/session/ec6ba8a8-38b7-46bb-b291-c6b2d14e3906/context 200 1 ms - 22 
[38;5;92m[ec6ba8a8][0m[38;5;86m[HTTP][0m [37m-->[39m [37mGET[39m [37m/wd/hub/session/ec6ba8a8-38b7-46bb-b291-c6b2d14e3906/contexts[39m {}
[38;5;92m[ec6ba8a8][0m[38;5;229m[ADB][0m Error sending command, reconnecting device and retrying: shell,cat,/proc/net/unix
[38;5;92m[ec6ba8a8][0m[38;5;86m[HTTP][0m <-- GET /wd/hub/session/ec6ba8a8-38b7-46bb-b291-c6b2d14e3906/contexts 500 8311 ms - 994 
[38;5;92m[ec6ba8a8][0m[38;5;86m[HTTP][0m [37m-->[39m [37mGET[39m [37m/wd/hub/session/ec6ba8a8-38b7-46bb-b291-c6b2d14e3906/screenshot[39m {}
[38;5;92m[ec6ba8a8][0m[38;5;86m[HTTP][0m <-- GET /wd/hub/session/ec6ba8a8-38b7-46bb-b291-c6b2d14e3906/screenshot 500 0 ms - 986 
[38;5;92m[ec6ba8a8][0m[38;5;86m[HTTP][0m [37m-->[39m [37mPOST[39m [37m/wd/hub/session/ec6ba8a8-38b7-46bb-b291-c6b2d14e3906/context[39m {"name":"NATIVE_APP"}
[38;5;92m[ec6ba8a8][0m[38;5;86m[HTTP][0m <-- POST /wd/hub/session/ec6ba8a8-38b7-46bb-b291-c6b2d14e3906/context 200 0 ms - 14 
[38;5;101m[2c50df23][0m[38;5;-150m[AndroidUiautomator2Driver@da35][0m Shutting down because we waited 1800 seconds for a command
[38;5;101m[2c50df23][0m[38;5;52m[AppiumDriver@c1e7][0m Ending session, cause was 'New Command Timeout of 1800 seconds expired. Try customizing the timeout using the 'newCommandTimeout' desired capability'
[38;5;101m[2c50df23][0m[38;5;52m[AppiumDriver@c1e7][0m Removing session '2c50df23-93ea-4922-8108-019ff3db8838' from our master session list
[38;5;101m[2c50df23][0m[38;5;-150m[AndroidUiautomator2Driver@da35][0m Did not get the confirmation of UiAutomator2 server session deletion. Original error: An unknown server-side error occurred while processing the command. Original error: 'DELETE /' cannot be proxied to UiAutomator2 server because the instrumentation process is not running (probably crashed). Check the server log and/or the logcat output for more details
[38;5;101m[2c50df23][0m[38;5;-150m[AndroidUiautomator2Driver@da35][0m The UIA2 server did has not been terminated within 5000ms timeout. Continuing anyway
[38;5;101m[2c50df23][0m[38;5;229m[ADB][0m com.westgate.rewrite2 was successfully uninstalled
[38;5;101m[2c50df23][0m[38;5;-150m[AndroidUiautomator2Driver@da35][0m Unable to remove system port forward: Error executing adbExec. Original error: 'Command '/Users/gv.vignesh/.katalon/tools/android_sdk/platform-tools/adb -P 5037 -s emulator-5554 forward --remove tcp\:55823' exited with code 1'; Command output: adb: error: listener 'tcp:55823' not found

[38;5;101m[2c50df23][0m[38;5;-150m[AndroidUiautomator2Driver@da35][0m Restoring hidden api policy to the device default configuration
[38;5;92m[ec6ba8a8][0m[38;5;-15m[AndroidUiautomator2Driver@1979][0m Shutting down because we waited 1800 seconds for a command
[38;5;92m[ec6ba8a8][0m[38;5;52m[AppiumDriver@c1e7][0m Ending session, cause was 'New Command Timeout of 1800 seconds expired. Try customizing the timeout using the 'newCommandTimeout' desired capability'
[38;5;92m[ec6ba8a8][0m[38;5;52m[AppiumDriver@c1e7][0m Removing session 'ec6ba8a8-38b7-46bb-b291-c6b2d14e3906' from our master session list
[38;5;92m[ec6ba8a8][0m[38;5;-15m[AndroidUiautomator2Driver@1979][0m Did not get the confirmation of UiAutomator2 server session deletion. Original error: An unknown server-side error occurred while processing the command. Original error: 'DELETE /' cannot be proxied to UiAutomator2 server because the instrumentation process is not running (probably crashed). Check the server log and/or the logcat output for more details
[38;5;92m[ec6ba8a8][0m[38;5;229m[ADB][0m com.westgate.rewrite2 was not uninstalled, because it was not present on the device
[38;5;92m[ec6ba8a8][0m[38;5;-15m[AndroidUiautomator2Driver@1979][0m Unable to remove system port forward: Error executing adbExec. Original error: 'Command '/Users/gv.vignesh/.katalon/tools/android_sdk/platform-tools/adb -P 5037 -s emulator-5554 forward --remove tcp\:56524' exited with code 1'; Command output: adb: error: listener 'tcp:56524' not found

[38;5;92m[ec6ba8a8][0m[38;5;-15m[AndroidUiautomator2Driver@1979][0m Restoring hidden api policy to the device default configuration
[38;5;112m[Appium][0m Received SIGTERM - shutting down
[38;5;86m[HTTP][0m Closing Appium HTTP server
[38;5;86m[HTTP][0m Appium HTTP server has been succesfully closed after 2ms
