[38;5;112m[Appium][0m Welcome to Appium v2.17.1 (REV 12a3d4a6f1eedf483855716b989d828443438f79)
[38;5;112m[Appium][0m Non-default server args:
[38;5;112m[Appium][0m { basePath: [32m'/wd/hub'[39m, loglevel: [32m'info'[39m, port: [33m58344[39m }
[38;5;112m[Appium][0m Attempting to load driver uiautomator2...
[38;5;112m[Appium][0m Attempting to load driver mac2...
[38;5;112m[Appium][0m Attempting to load driver chromium...
[38;5;112m[Appium][0m Attempting to load driver espresso...
[38;5;112m[Appium][0m Appium REST http interface listener started on http://0.0.0.0:58344/wd/hub
[38;5;112m[Appium][0m You can provide the following URLs in your client code to connect to this server:
	http://127.0.0.1:58344/wd/hub (only accessible from the same host)
	http://192.168.0.105:58344/wd/hub
[38;5;112m[Appium][0m Available drivers:
[38;5;112m[Appium][0m   - uiautomator2@4.2.2 (automationName 'UiAutomator2')
[38;5;112m[Appium][0m   - mac2@2.2.2 (automationName 'Mac2')
[38;5;112m[Appium][0m   - chromium@1.5.1 (automationName 'Chromium')
[38;5;112m[Appium][0m   - espresso@4.1.4 (automationName 'Espresso')
[38;5;112m[Appium][0m No plugins have been installed. Use the "appium plugin" command to install the one(s) you want to use.
[38;5;86m[HTTP][0m [37m-->[39m [37mGET[39m [37m/wd/hub/status[39m {}
[38;5;86m[HTTP][0m <-- GET /wd/hub/status 200 2 ms - 200 
[38;5;86m[HTTP][0m [37m-->[39m [37mPOST[39m [37m/wd/hub/session[39m {"capabilities":{"firstMatch":[{"appium:app":"8be092e2-8aba-45d4-a086-ad912593f36c","appium:autoGrantPermissions":true,"appium:automationName":"uiautomator2","appium:deviceId":"","appium:deviceName":"Xiaomi 23076PC4BI (Android 15)","appium:fullReset":true,"appium:newCommandTimeout":1800,"appium:noReset":false,"appium:platformName":"ANDROID","appium:platformVersion":"15","appium:systemPort":58343,"appium:udid":"a6e538dc5180","appium:uiautomator2ServerInstallTimeout":0,"platformName":"ANDROID"}]},"desiredCapabilities":{"appium:app":"8be092e2-8aba-45d4-a086-ad912593f36c","appium:autoGrantPermissions":true,"appium:automationName":"uiautomator2","appium:deviceId":"","appium:deviceName":"Xiaomi 23076PC4BI (Android 15)","appium:fullReset":true,"appium:newCommandTimeout":1800,"appium:noReset":false,"appium:platformName":"ANDROID","appium:platformVersion":"15","appium:systemPort":58343,"appium:udid":"a6e538dc5180","appium:uiautomator2ServerInstallTimeout":0}}
[38;5;123m[BaseDriver][0m Ignoring capability 'appium:platformName=ANDROID' and using capability 'platformName=ANDROID'
[38;5;123m[BaseDriver][0m The capabilities ["platformName"] are standard capabilities and do not require "appium:" prefix
[38;5;112m[Appium][0m Attempting to find matching driver for automationName 'uiautomator2' and platformName 'ANDROID'
[38;5;112m[Appium][0m The 'uiautomator2' driver was installed and matched caps.
[38;5;112m[Appium][0m Will require it at /Users/gv.vignesh/.appium/node_modules/appium-uiautomator2-driver
[38;5;45m[AppiumDriver@6689][0m Appium v2.17.1 creating new AndroidUiautomator2Driver (v4.2.2) session
[38;5;45m[AppiumDriver@6689][0m Checking BaseDriver versions for Appium and AndroidUiautomator2Driver
[38;5;45m[AppiumDriver@6689][0m Appium's BaseDriver version is 9.16.4
[38;5;45m[AppiumDriver@6689][0m AndroidUiautomator2Driver's BaseDriver version is 9.16.4
[38;5;-148m[AndroidUiautomator2Driver@bc19][0m The following provided capabilities were not recognized by this driver:
[38;5;-148m[AndroidUiautomator2Driver@bc19][0m   deviceId
[38;5;210m[21b40c71][0m[38;5;-148m[AndroidUiautomator2Driver@bc19][0m Session created with session id: 21b40c71-52df-4cf8-8e70-7dc0c75208ba
[38;5;210m[21b40c71][0m[38;5;229m[ADB][0m Found 1 'build-tools' folders under '/Users/gv.vignesh/.katalon/tools/android_sdk' (newest first):
[38;5;210m[21b40c71][0m[38;5;229m[ADB][0m     /Users/gv.vignesh/.katalon/tools/android_sdk/build-tools/29.0.3
[38;5;210m[21b40c71][0m[38;5;229m[ADB][0m Using 'adb' from '/Users/gv.vignesh/.katalon/tools/android_sdk/platform-tools/adb'
[38;5;210m[21b40c71][0m[38;5;-148m[AndroidUiautomator2Driver@bc19][0m Retrieving device list
[38;5;210m[21b40c71][0m[38;5;-148m[AndroidUiautomator2Driver@bc19][0m Using device: a6e538dc5180
[38;5;210m[21b40c71][0m[38;5;229m[ADB][0m Using 'adb' from '/Users/gv.vignesh/.katalon/tools/android_sdk/platform-tools/adb'
[38;5;210m[21b40c71][0m[38;5;123m[BaseDriver][0m The current application path '8be092e2-8aba-45d4-a086-ad912593f36c' is not absolute and has been rewritten to '/Users/gv.vignesh/Downloads/WGR-Android-Automation/8be092e2-8aba-45d4-a086-ad912593f36c'. Consider using absolute paths rather than relative
[38;5;210m[21b40c71][0m[38;5;229m[ADB][0m Getting device platform version
[38;5;210m[21b40c71][0m[38;5;229m[ADB][0m Getting device platform version
[38;5;210m[21b40c71][0m[38;5;-148m[AndroidUiautomator2Driver@bc19][0m Restoring hidden api policy to the device default configuration
[38;5;210m[21b40c71][0m[38;5;86m[HTTP][0m <-- POST /wd/hub/session 500 675 ms - 794 
[38;5;86m[HTTP][0m [37m-->[39m [37mGET[39m [37m/wd/hub/status[39m {}
[38;5;86m[HTTP][0m <-- GET /wd/hub/status 200 0 ms - 200 
[38;5;86m[HTTP][0m [37m-->[39m [37mPOST[39m [37m/wd/hub/session[39m {"capabilities":{"firstMatch":[{"appium:app":"8be092e2-8aba-45d4-a086-ad912593f36c","appium:autoGrantPermissions":true,"appium:automationName":"uiautomator2","appium:deviceId":"","appium:deviceName":"Xiaomi 23076PC4BI (Android 15)","appium:fullReset":true,"appium:newCommandTimeout":1800,"appium:noReset":false,"appium:platformName":"ANDROID","appium:platformVersion":"15","appium:systemPort":58378,"appium:udid":"a6e538dc5180","appium:uiautomator2ServerInstallTimeout":0,"platformName":"ANDROID"}]},"desiredCapabilities":{"appium:app":"8be092e2-8aba-45d4-a086-ad912593f36c","appium:autoGrantPermissions":true,"appium:automationName":"uiautomator2","appium:deviceId":"","appium:deviceName":"Xiaomi 23076PC4BI (Android 15)","appium:fullReset":true,"appium:newCommandTimeout":1800,"appium:noReset":false,"appium:platformName":"ANDROID","appium:platformVersion":"15","appium:systemPort":58378,"appium:udid":"a6e538dc5180","appium:uiautomator2ServerInstallTimeout":0}}
[38;5;123m[BaseDriver][0m Ignoring capability 'appium:platformName=ANDROID' and using capability 'platformName=ANDROID'
[38;5;123m[BaseDriver][0m The capabilities ["platformName"] are standard capabilities and do not require "appium:" prefix
[38;5;112m[Appium][0m Attempting to find matching driver for automationName 'uiautomator2' and platformName 'ANDROID'
[38;5;112m[Appium][0m The 'uiautomator2' driver was installed and matched caps.
[38;5;112m[Appium][0m Will require it at /Users/gv.vignesh/.appium/node_modules/appium-uiautomator2-driver
[38;5;45m[AppiumDriver@6689][0m Appium v2.17.1 creating new AndroidUiautomator2Driver (v4.2.2) session
[38;5;45m[AppiumDriver@6689][0m Checking BaseDriver versions for Appium and AndroidUiautomator2Driver
[38;5;45m[AppiumDriver@6689][0m Appium's BaseDriver version is 9.16.4
[38;5;45m[AppiumDriver@6689][0m AndroidUiautomator2Driver's BaseDriver version is 9.16.4
[38;5;-98m[AndroidUiautomator2Driver@4526][0m The following provided capabilities were not recognized by this driver:
[38;5;-98m[AndroidUiautomator2Driver@4526][0m   deviceId
[38;5;47m[0d5a7989][0m[38;5;-98m[AndroidUiautomator2Driver@4526][0m Session created with session id: 0d5a7989-a512-496a-adcd-0eb86269966b
[38;5;47m[0d5a7989][0m[38;5;229m[ADB][0m Using 'adb' from '/Users/gv.vignesh/.katalon/tools/android_sdk/platform-tools/adb'
[38;5;47m[0d5a7989][0m[38;5;-98m[AndroidUiautomator2Driver@4526][0m Retrieving device list
[38;5;47m[0d5a7989][0m[38;5;-98m[AndroidUiautomator2Driver@4526][0m Using device: a6e538dc5180
[38;5;47m[0d5a7989][0m[38;5;229m[ADB][0m Using 'adb' from '/Users/gv.vignesh/.katalon/tools/android_sdk/platform-tools/adb'
[38;5;47m[0d5a7989][0m[38;5;123m[BaseDriver][0m The current application path '8be092e2-8aba-45d4-a086-ad912593f36c' is not absolute and has been rewritten to '/Users/gv.vignesh/Downloads/WGR-Android-Automation/8be092e2-8aba-45d4-a086-ad912593f36c'. Consider using absolute paths rather than relative
[38;5;47m[0d5a7989][0m[38;5;229m[ADB][0m Getting device platform version
[38;5;47m[0d5a7989][0m[38;5;229m[ADB][0m Getting device platform version
[38;5;47m[0d5a7989][0m[38;5;-98m[AndroidUiautomator2Driver@4526][0m Restoring hidden api policy to the device default configuration
[38;5;47m[0d5a7989][0m[38;5;86m[HTTP][0m <-- POST /wd/hub/session 500 601 ms - 794 
[38;5;86m[HTTP][0m [37m-->[39m [37mGET[39m [37m/wd/hub/status[39m {}
[38;5;86m[HTTP][0m <-- GET /wd/hub/status 200 0 ms - 200 
[38;5;86m[HTTP][0m [37m-->[39m [37mPOST[39m [37m/wd/hub/session[39m {"capabilities":{"firstMatch":[{"appium:app":"8be092e2-8aba-45d4-a086-ad912593f36c","appium:autoGrantPermissions":true,"appium:automationName":"uiautomator2","appium:deviceId":"","appium:deviceName":"Xiaomi 23076PC4BI (Android 15)","appium:fullReset":true,"appium:newCommandTimeout":1800,"appium:noReset":false,"appium:platformName":"ANDROID","appium:platformVersion":"15","appium:systemPort":58404,"appium:udid":"a6e538dc5180","appium:uiautomator2ServerInstallTimeout":0,"platformName":"ANDROID"}]},"desiredCapabilities":{"appium:app":"8be092e2-8aba-45d4-a086-ad912593f36c","appium:autoGrantPermissions":true,"appium:automationName":"uiautomator2","appium:deviceId":"","appium:deviceName":"Xiaomi 23076PC4BI (Android 15)","appium:fullReset":true,"appium:newCommandTimeout":1800,"appium:noReset":false,"appium:platformName":"ANDROID","appium:platformVersion":"15","appium:systemPort":58404,"appium:udid":"a6e538dc5180","appium:uiautomator2ServerInstallTimeout":0}}
[38;5;123m[BaseDriver][0m Ignoring capability 'appium:platformName=ANDROID' and using capability 'platformName=ANDROID'
[38;5;123m[BaseDriver][0m The capabilities ["platformName"] are standard capabilities and do not require "appium:" prefix
[38;5;112m[Appium][0m Attempting to find matching driver for automationName 'uiautomator2' and platformName 'ANDROID'
[38;5;112m[Appium][0m The 'uiautomator2' driver was installed and matched caps.
[38;5;112m[Appium][0m Will require it at /Users/gv.vignesh/.appium/node_modules/appium-uiautomator2-driver
[38;5;45m[AppiumDriver@6689][0m Appium v2.17.1 creating new AndroidUiautomator2Driver (v4.2.2) session
[38;5;45m[AppiumDriver@6689][0m Checking BaseDriver versions for Appium and AndroidUiautomator2Driver
[38;5;45m[AppiumDriver@6689][0m Appium's BaseDriver version is 9.16.4
[38;5;45m[AppiumDriver@6689][0m AndroidUiautomator2Driver's BaseDriver version is 9.16.4
[38;5;-133m[AndroidUiautomator2Driver@c184][0m The following provided capabilities were not recognized by this driver:
[38;5;-133m[AndroidUiautomator2Driver@c184][0m   deviceId
[38;5;203m[871a0183][0m[38;5;-133m[AndroidUiautomator2Driver@c184][0m Session created with session id: 871a0183-f961-409b-a93d-aaa156c0fb6a
[38;5;203m[871a0183][0m[38;5;229m[ADB][0m Using 'adb' from '/Users/gv.vignesh/.katalon/tools/android_sdk/platform-tools/adb'
[38;5;203m[871a0183][0m[38;5;-133m[AndroidUiautomator2Driver@c184][0m Retrieving device list
[38;5;203m[871a0183][0m[38;5;-133m[AndroidUiautomator2Driver@c184][0m Using device: a6e538dc5180
[38;5;203m[871a0183][0m[38;5;229m[ADB][0m Using 'adb' from '/Users/gv.vignesh/.katalon/tools/android_sdk/platform-tools/adb'
[38;5;203m[871a0183][0m[38;5;123m[BaseDriver][0m The current application path '8be092e2-8aba-45d4-a086-ad912593f36c' is not absolute and has been rewritten to '/Users/gv.vignesh/Downloads/WGR-Android-Automation/8be092e2-8aba-45d4-a086-ad912593f36c'. Consider using absolute paths rather than relative
[38;5;203m[871a0183][0m[38;5;229m[ADB][0m Getting device platform version
[38;5;203m[871a0183][0m[38;5;229m[ADB][0m Getting device platform version
[38;5;203m[871a0183][0m[38;5;-133m[AndroidUiautomator2Driver@c184][0m Restoring hidden api policy to the device default configuration
[38;5;203m[871a0183][0m[38;5;86m[HTTP][0m <-- POST /wd/hub/session 500 603 ms - 794 
[38;5;86m[HTTP][0m [37m-->[39m [37mGET[39m [37m/wd/hub/status[39m {}
[38;5;86m[HTTP][0m <-- GET /wd/hub/status 200 0 ms - 200 
[38;5;86m[HTTP][0m [37m-->[39m [37mPOST[39m [37m/wd/hub/session[39m {"capabilities":{"firstMatch":[{"appium:app":"8be092e2-8aba-45d4-a086-ad912593f36c","appium:autoGrantPermissions":true,"appium:automationName":"uiautomator2","appium:deviceId":"","appium:deviceName":"Xiaomi 23076PC4BI (Android 15)","appium:fullReset":true,"appium:newCommandTimeout":1800,"appium:noReset":false,"appium:platformName":"ANDROID","appium:platformVersion":"15","appium:systemPort":58429,"appium:udid":"a6e538dc5180","appium:uiautomator2ServerInstallTimeout":0,"platformName":"ANDROID"}]},"desiredCapabilities":{"appium:app":"8be092e2-8aba-45d4-a086-ad912593f36c","appium:autoGrantPermissions":true,"appium:automationName":"uiautomator2","appium:deviceId":"","appium:deviceName":"Xiaomi 23076PC4BI (Android 15)","appium:fullReset":true,"appium:newCommandTimeout":1800,"appium:noReset":false,"appium:platformName":"ANDROID","appium:platformVersion":"15","appium:systemPort":58429,"appium:udid":"a6e538dc5180","appium:uiautomator2ServerInstallTimeout":0}}
[38;5;123m[BaseDriver][0m Ignoring capability 'appium:platformName=ANDROID' and using capability 'platformName=ANDROID'
[38;5;123m[BaseDriver][0m The capabilities ["platformName"] are standard capabilities and do not require "appium:" prefix
[38;5;112m[Appium][0m Attempting to find matching driver for automationName 'uiautomator2' and platformName 'ANDROID'
[38;5;112m[Appium][0m The 'uiautomator2' driver was installed and matched caps.
[38;5;112m[Appium][0m Will require it at /Users/gv.vignesh/.appium/node_modules/appium-uiautomator2-driver
[38;5;45m[AppiumDriver@6689][0m Appium v2.17.1 creating new AndroidUiautomator2Driver (v4.2.2) session
[38;5;45m[AppiumDriver@6689][0m Checking BaseDriver versions for Appium and AndroidUiautomator2Driver
[38;5;45m[AppiumDriver@6689][0m Appium's BaseDriver version is 9.16.4
[38;5;45m[AppiumDriver@6689][0m AndroidUiautomator2Driver's BaseDriver version is 9.16.4
[38;5;-108m[AndroidUiautomator2Driver@e6b6][0m The following provided capabilities were not recognized by this driver:
[38;5;-108m[AndroidUiautomator2Driver@e6b6][0m   deviceId
[38;5;92m[d4777eff][0m[38;5;-108m[AndroidUiautomator2Driver@e6b6][0m Session created with session id: d4777eff-9242-4606-8909-c2db6a529f77
[38;5;92m[d4777eff][0m[38;5;229m[ADB][0m Using 'adb' from '/Users/gv.vignesh/.katalon/tools/android_sdk/platform-tools/adb'
[38;5;92m[d4777eff][0m[38;5;-108m[AndroidUiautomator2Driver@e6b6][0m Retrieving device list
[38;5;92m[d4777eff][0m[38;5;-108m[AndroidUiautomator2Driver@e6b6][0m Using device: a6e538dc5180
[38;5;92m[d4777eff][0m[38;5;229m[ADB][0m Using 'adb' from '/Users/gv.vignesh/.katalon/tools/android_sdk/platform-tools/adb'
[38;5;92m[d4777eff][0m[38;5;123m[BaseDriver][0m The current application path '8be092e2-8aba-45d4-a086-ad912593f36c' is not absolute and has been rewritten to '/Users/gv.vignesh/Downloads/WGR-Android-Automation/8be092e2-8aba-45d4-a086-ad912593f36c'. Consider using absolute paths rather than relative
[38;5;92m[d4777eff][0m[38;5;229m[ADB][0m Getting device platform version
[38;5;92m[d4777eff][0m[38;5;229m[ADB][0m Getting device platform version
[38;5;92m[d4777eff][0m[38;5;-108m[AndroidUiautomator2Driver@e6b6][0m Restoring hidden api policy to the device default configuration
[38;5;92m[d4777eff][0m[38;5;86m[HTTP][0m <-- POST /wd/hub/session 500 583 ms - 794 
[38;5;86m[HTTP][0m [37m-->[39m [37mGET[39m [37m/wd/hub/status[39m {}
[38;5;86m[HTTP][0m <-- GET /wd/hub/status 200 1 ms - 200 
[38;5;86m[HTTP][0m [37m-->[39m [37mPOST[39m [37m/wd/hub/session[39m {"capabilities":{"firstMatch":[{"appium:app":"8be092e2-8aba-45d4-a086-ad912593f36c","appium:autoGrantPermissions":true,"appium:automationName":"uiautomator2","appium:deviceId":"","appium:deviceName":"Xiaomi 23076PC4BI (Android 15)","appium:fullReset":true,"appium:newCommandTimeout":1800,"appium:noReset":false,"appium:platformName":"ANDROID","appium:platformVersion":"15","appium:systemPort":58455,"appium:udid":"a6e538dc5180","appium:uiautomator2ServerInstallTimeout":0,"platformName":"ANDROID"}]},"desiredCapabilities":{"appium:app":"8be092e2-8aba-45d4-a086-ad912593f36c","appium:autoGrantPermissions":true,"appium:automationName":"uiautomator2","appium:deviceId":"","appium:deviceName":"Xiaomi 23076PC4BI (Android 15)","appium:fullReset":true,"appium:newCommandTimeout":1800,"appium:noReset":false,"appium:platformName":"ANDROID","appium:platformVersion":"15","appium:systemPort":58455,"appium:udid":"a6e538dc5180","appium:uiautomator2ServerInstallTimeout":0}}
[38;5;123m[BaseDriver][0m Ignoring capability 'appium:platformName=ANDROID' and using capability 'platformName=ANDROID'
[38;5;123m[BaseDriver][0m The capabilities ["platformName"] are standard capabilities and do not require "appium:" prefix
[38;5;112m[Appium][0m Attempting to find matching driver for automationName 'uiautomator2' and platformName 'ANDROID'
[38;5;112m[Appium][0m The 'uiautomator2' driver was installed and matched caps.
[38;5;112m[Appium][0m Will require it at /Users/gv.vignesh/.appium/node_modules/appium-uiautomator2-driver
[38;5;45m[AppiumDriver@6689][0m Appium v2.17.1 creating new AndroidUiautomator2Driver (v4.2.2) session
[38;5;45m[AppiumDriver@6689][0m Checking BaseDriver versions for Appium and AndroidUiautomator2Driver
[38;5;45m[AppiumDriver@6689][0m Appium's BaseDriver version is 9.16.4
[38;5;45m[AppiumDriver@6689][0m AndroidUiautomator2Driver's BaseDriver version is 9.16.4
[38;5;-6m[AndroidUiautomator2Driver@39de][0m The following provided capabilities were not recognized by this driver:
[38;5;-6m[AndroidUiautomator2Driver@39de][0m   deviceId
[38;5;97m[e2301f3a][0m[38;5;-6m[AndroidUiautomator2Driver@39de][0m Session created with session id: e2301f3a-00de-4585-9212-b98286998c1e
[38;5;97m[e2301f3a][0m[38;5;229m[ADB][0m Using 'adb' from '/Users/gv.vignesh/.katalon/tools/android_sdk/platform-tools/adb'
[38;5;97m[e2301f3a][0m[38;5;-6m[AndroidUiautomator2Driver@39de][0m Retrieving device list
[38;5;97m[e2301f3a][0m[38;5;-6m[AndroidUiautomator2Driver@39de][0m Using device: a6e538dc5180
[38;5;97m[e2301f3a][0m[38;5;229m[ADB][0m Using 'adb' from '/Users/gv.vignesh/.katalon/tools/android_sdk/platform-tools/adb'
[38;5;97m[e2301f3a][0m[38;5;123m[BaseDriver][0m The current application path '8be092e2-8aba-45d4-a086-ad912593f36c' is not absolute and has been rewritten to '/Users/gv.vignesh/Downloads/WGR-Android-Automation/8be092e2-8aba-45d4-a086-ad912593f36c'. Consider using absolute paths rather than relative
[38;5;97m[e2301f3a][0m[38;5;229m[ADB][0m Getting device platform version
[38;5;97m[e2301f3a][0m[38;5;229m[ADB][0m Getting device platform version
[38;5;97m[e2301f3a][0m[38;5;-6m[AndroidUiautomator2Driver@39de][0m Restoring hidden api policy to the device default configuration
[38;5;97m[e2301f3a][0m[38;5;86m[HTTP][0m <-- POST /wd/hub/session 500 599 ms - 794 
[38;5;86m[HTTP][0m [37m-->[39m [37mGET[39m [37m/wd/hub/status[39m {}
[38;5;86m[HTTP][0m <-- GET /wd/hub/status 200 0 ms - 200 
[38;5;86m[HTTP][0m [37m-->[39m [37mPOST[39m [37m/wd/hub/session[39m {"capabilities":{"firstMatch":[{"appium:app":"8be092e2-8aba-45d4-a086-ad912593f36c","appium:autoGrantPermissions":true,"appium:automationName":"uiautomator2","appium:deviceId":"","appium:deviceName":"Xiaomi 23076PC4BI (Android 15)","appium:fullReset":true,"appium:newCommandTimeout":1800,"appium:noReset":false,"appium:platformName":"ANDROID","appium:platformVersion":"15","appium:systemPort":58480,"appium:udid":"a6e538dc5180","appium:uiautomator2ServerInstallTimeout":0,"platformName":"ANDROID"}]},"desiredCapabilities":{"appium:app":"8be092e2-8aba-45d4-a086-ad912593f36c","appium:autoGrantPermissions":true,"appium:automationName":"uiautomator2","appium:deviceId":"","appium:deviceName":"Xiaomi 23076PC4BI (Android 15)","appium:fullReset":true,"appium:newCommandTimeout":1800,"appium:noReset":false,"appium:platformName":"ANDROID","appium:platformVersion":"15","appium:systemPort":58480,"appium:udid":"a6e538dc5180","appium:uiautomator2ServerInstallTimeout":0}}
[38;5;123m[BaseDriver][0m Ignoring capability 'appium:platformName=ANDROID' and using capability 'platformName=ANDROID'
[38;5;123m[BaseDriver][0m The capabilities ["platformName"] are standard capabilities and do not require "appium:" prefix
[38;5;112m[Appium][0m Attempting to find matching driver for automationName 'uiautomator2' and platformName 'ANDROID'
[38;5;112m[Appium][0m The 'uiautomator2' driver was installed and matched caps.
[38;5;112m[Appium][0m Will require it at /Users/gv.vignesh/.appium/node_modules/appium-uiautomator2-driver
[38;5;45m[AppiumDriver@6689][0m Appium v2.17.1 creating new AndroidUiautomator2Driver (v4.2.2) session
[38;5;45m[AppiumDriver@6689][0m Checking BaseDriver versions for Appium and AndroidUiautomator2Driver
[38;5;45m[AppiumDriver@6689][0m Appium's BaseDriver version is 9.16.4
[38;5;45m[AppiumDriver@6689][0m AndroidUiautomator2Driver's BaseDriver version is 9.16.4
[38;5;-62m[AndroidUiautomator2Driver@f379][0m The following provided capabilities were not recognized by this driver:
[38;5;-62m[AndroidUiautomator2Driver@f379][0m   deviceId
[38;5;137m[fc90badf][0m[38;5;-62m[AndroidUiautomator2Driver@f379][0m Session created with session id: fc90badf-58cb-40b1-9012-6a5f33f1e07f
[38;5;137m[fc90badf][0m[38;5;229m[ADB][0m Using 'adb' from '/Users/gv.vignesh/.katalon/tools/android_sdk/platform-tools/adb'
[38;5;137m[fc90badf][0m[38;5;-62m[AndroidUiautomator2Driver@f379][0m Retrieving device list
[38;5;137m[fc90badf][0m[38;5;-62m[AndroidUiautomator2Driver@f379][0m Using device: a6e538dc5180
[38;5;137m[fc90badf][0m[38;5;229m[ADB][0m Using 'adb' from '/Users/gv.vignesh/.katalon/tools/android_sdk/platform-tools/adb'
[38;5;137m[fc90badf][0m[38;5;123m[BaseDriver][0m The current application path '8be092e2-8aba-45d4-a086-ad912593f36c' is not absolute and has been rewritten to '/Users/gv.vignesh/Downloads/WGR-Android-Automation/8be092e2-8aba-45d4-a086-ad912593f36c'. Consider using absolute paths rather than relative
[38;5;137m[fc90badf][0m[38;5;229m[ADB][0m Getting device platform version
[38;5;137m[fc90badf][0m[38;5;229m[ADB][0m Getting device platform version
[38;5;137m[fc90badf][0m[38;5;-62m[AndroidUiautomator2Driver@f379][0m Restoring hidden api policy to the device default configuration
[38;5;137m[fc90badf][0m[38;5;86m[HTTP][0m <-- POST /wd/hub/session 500 571 ms - 794 
[38;5;86m[HTTP][0m [37m-->[39m [37mGET[39m [37m/wd/hub/status[39m {}
[38;5;86m[HTTP][0m <-- GET /wd/hub/status 200 0 ms - 200 
[38;5;86m[HTTP][0m [37m-->[39m [37mPOST[39m [37m/wd/hub/session[39m {"capabilities":{"firstMatch":[{"appium:app":"8be092e2-8aba-45d4-a086-ad912593f36c","appium:autoGrantPermissions":true,"appium:automationName":"uiautomator2","appium:deviceId":"","appium:deviceName":"Xiaomi 23076PC4BI (Android 15)","appium:fullReset":true,"appium:newCommandTimeout":1800,"appium:noReset":false,"appium:platformName":"ANDROID","appium:platformVersion":"15","appium:systemPort":58505,"appium:udid":"a6e538dc5180","appium:uiautomator2ServerInstallTimeout":0,"platformName":"ANDROID"}]},"desiredCapabilities":{"appium:app":"8be092e2-8aba-45d4-a086-ad912593f36c","appium:autoGrantPermissions":true,"appium:automationName":"uiautomator2","appium:deviceId":"","appium:deviceName":"Xiaomi 23076PC4BI (Android 15)","appium:fullReset":true,"appium:newCommandTimeout":1800,"appium:noReset":false,"appium:platformName":"ANDROID","appium:platformVersion":"15","appium:systemPort":58505,"appium:udid":"a6e538dc5180","appium:uiautomator2ServerInstallTimeout":0}}
[38;5;123m[BaseDriver][0m Ignoring capability 'appium:platformName=ANDROID' and using capability 'platformName=ANDROID'
[38;5;123m[BaseDriver][0m The capabilities ["platformName"] are standard capabilities and do not require "appium:" prefix
[38;5;112m[Appium][0m Attempting to find matching driver for automationName 'uiautomator2' and platformName 'ANDROID'
[38;5;112m[Appium][0m The 'uiautomator2' driver was installed and matched caps.
[38;5;112m[Appium][0m Will require it at /Users/gv.vignesh/.appium/node_modules/appium-uiautomator2-driver
[38;5;45m[AppiumDriver@6689][0m Appium v2.17.1 creating new AndroidUiautomator2Driver (v4.2.2) session
[38;5;45m[AppiumDriver@6689][0m Checking BaseDriver versions for Appium and AndroidUiautomator2Driver
[38;5;45m[AppiumDriver@6689][0m Appium's BaseDriver version is 9.16.4
[38;5;45m[AppiumDriver@6689][0m AndroidUiautomator2Driver's BaseDriver version is 9.16.4
[38;5;-48m[AndroidUiautomator2Driver@bc39][0m The following provided capabilities were not recognized by this driver:
[38;5;-48m[AndroidUiautomator2Driver@bc39][0m   deviceId
[38;5;23m[358e82c9][0m[38;5;-48m[AndroidUiautomator2Driver@bc39][0m Session created with session id: 358e82c9-2103-4d6f-a1fe-33263fcfcc67
[38;5;23m[358e82c9][0m[38;5;229m[ADB][0m Using 'adb' from '/Users/gv.vignesh/.katalon/tools/android_sdk/platform-tools/adb'
[38;5;23m[358e82c9][0m[38;5;-48m[AndroidUiautomator2Driver@bc39][0m Retrieving device list
[38;5;23m[358e82c9][0m[38;5;-48m[AndroidUiautomator2Driver@bc39][0m Using device: a6e538dc5180
[38;5;23m[358e82c9][0m[38;5;229m[ADB][0m Using 'adb' from '/Users/gv.vignesh/.katalon/tools/android_sdk/platform-tools/adb'
[38;5;23m[358e82c9][0m[38;5;123m[BaseDriver][0m The current application path '8be092e2-8aba-45d4-a086-ad912593f36c' is not absolute and has been rewritten to '/Users/gv.vignesh/Downloads/WGR-Android-Automation/8be092e2-8aba-45d4-a086-ad912593f36c'. Consider using absolute paths rather than relative
[38;5;23m[358e82c9][0m[38;5;229m[ADB][0m Getting device platform version
[38;5;23m[358e82c9][0m[38;5;229m[ADB][0m Getting device platform version
[38;5;23m[358e82c9][0m[38;5;-48m[AndroidUiautomator2Driver@bc39][0m Restoring hidden api policy to the device default configuration
[38;5;23m[358e82c9][0m[38;5;86m[HTTP][0m <-- POST /wd/hub/session 500 596 ms - 794 
[38;5;86m[HTTP][0m [37m-->[39m [37mGET[39m [37m/wd/hub/status[39m {}
[38;5;86m[HTTP][0m <-- GET /wd/hub/status 200 0 ms - 200 
[38;5;86m[HTTP][0m [37m-->[39m [37mPOST[39m [37m/wd/hub/session[39m {"capabilities":{"firstMatch":[{"appium:app":"8be092e2-8aba-45d4-a086-ad912593f36c","appium:autoGrantPermissions":true,"appium:automationName":"uiautomator2","appium:deviceId":"","appium:deviceName":"Xiaomi 23076PC4BI (Android 15)","appium:fullReset":true,"appium:newCommandTimeout":1800,"appium:noReset":false,"appium:platformName":"ANDROID","appium:platformVersion":"15","appium:systemPort":58531,"appium:udid":"a6e538dc5180","appium:uiautomator2ServerInstallTimeout":0,"platformName":"ANDROID"}]},"desiredCapabilities":{"appium:app":"8be092e2-8aba-45d4-a086-ad912593f36c","appium:autoGrantPermissions":true,"appium:automationName":"uiautomator2","appium:deviceId":"","appium:deviceName":"Xiaomi 23076PC4BI (Android 15)","appium:fullReset":true,"appium:newCommandTimeout":1800,"appium:noReset":false,"appium:platformName":"ANDROID","appium:platformVersion":"15","appium:systemPort":58531,"appium:udid":"a6e538dc5180","appium:uiautomator2ServerInstallTimeout":0}}
[38;5;123m[BaseDriver][0m Ignoring capability 'appium:platformName=ANDROID' and using capability 'platformName=ANDROID'
[38;5;123m[BaseDriver][0m The capabilities ["platformName"] are standard capabilities and do not require "appium:" prefix
[38;5;112m[Appium][0m Attempting to find matching driver for automationName 'uiautomator2' and platformName 'ANDROID'
[38;5;112m[Appium][0m The 'uiautomator2' driver was installed and matched caps.
[38;5;112m[Appium][0m Will require it at /Users/gv.vignesh/.appium/node_modules/appium-uiautomator2-driver
[38;5;45m[AppiumDriver@6689][0m Appium v2.17.1 creating new AndroidUiautomator2Driver (v4.2.2) session
[38;5;45m[AppiumDriver@6689][0m Checking BaseDriver versions for Appium and AndroidUiautomator2Driver
[38;5;45m[AppiumDriver@6689][0m Appium's BaseDriver version is 9.16.4
[38;5;45m[AppiumDriver@6689][0m AndroidUiautomator2Driver's BaseDriver version is 9.16.4
[38;5;-59m[AndroidUiautomator2Driver@a3dd][0m The following provided capabilities were not recognized by this driver:
[38;5;-59m[AndroidUiautomator2Driver@a3dd][0m   deviceId
[38;5;137m[8e31f72e][0m[38;5;-59m[AndroidUiautomator2Driver@a3dd][0m Session created with session id: 8e31f72e-47ff-4faa-bf58-0764767d7486
[38;5;137m[8e31f72e][0m[38;5;229m[ADB][0m Using 'adb' from '/Users/gv.vignesh/.katalon/tools/android_sdk/platform-tools/adb'
[38;5;137m[8e31f72e][0m[38;5;-59m[AndroidUiautomator2Driver@a3dd][0m Retrieving device list
[38;5;137m[8e31f72e][0m[38;5;-59m[AndroidUiautomator2Driver@a3dd][0m Using device: a6e538dc5180
[38;5;137m[8e31f72e][0m[38;5;229m[ADB][0m Using 'adb' from '/Users/gv.vignesh/.katalon/tools/android_sdk/platform-tools/adb'
[38;5;137m[8e31f72e][0m[38;5;123m[BaseDriver][0m The current application path '8be092e2-8aba-45d4-a086-ad912593f36c' is not absolute and has been rewritten to '/Users/gv.vignesh/Downloads/WGR-Android-Automation/8be092e2-8aba-45d4-a086-ad912593f36c'. Consider using absolute paths rather than relative
[38;5;137m[8e31f72e][0m[38;5;229m[ADB][0m Getting device platform version
[38;5;137m[8e31f72e][0m[38;5;229m[ADB][0m Getting device platform version
[38;5;137m[8e31f72e][0m[38;5;-59m[AndroidUiautomator2Driver@a3dd][0m Restoring hidden api policy to the device default configuration
[38;5;137m[8e31f72e][0m[38;5;86m[HTTP][0m <-- POST /wd/hub/session 500 590 ms - 794 
[38;5;86m[HTTP][0m [37m-->[39m [37mGET[39m [37m/wd/hub/status[39m {}
[38;5;86m[HTTP][0m <-- GET /wd/hub/status 200 0 ms - 200 
[38;5;86m[HTTP][0m [37m-->[39m [37mPOST[39m [37m/wd/hub/session[39m {"capabilities":{"firstMatch":[{"appium:app":"/Users/gv.vignesh/Downloads/WGR-Android-Automation/App Folder/app-debug-Version 2.99.68.apk","appium:autoGrantPermissions":true,"appium:automationName":"uiautomator2","appium:deviceId":"","appium:deviceName":"Xiaomi 23076PC4BI (Android 15)","appium:fullReset":true,"appium:newCommandTimeout":1800,"appium:noReset":false,"appium:platformName":"ANDROID","appium:platformVersion":"15","appium:systemPort":58557,"appium:udid":"a6e538dc5180","appium:uiautomator2ServerInstallTimeout":0,"platformName":"ANDROID"}]},"desiredCapabilities":{"appium:app":"/Users/gv.vignesh/Downloads/WGR-Android-Automation/App Folder/app-debug-Version 2.99.68.apk","appium:autoGrantPermissions":true,"appium:automationName":"uiautomator2","appium:deviceId":"","appium:deviceName":"Xiaomi 23076PC4BI (Android 15)","appium:fullReset":true,"appium:newCommandTimeout":1800,"appium:noReset":false,"appium:platformName":"ANDROID","appium:platformVersion":"15","appium:systemPort":58557,"appium:udid":"a6e538...
[38;5;123m[BaseDriver][0m Ignoring capability 'appium:platformName=ANDROID' and using capability 'platformName=ANDROID'
[38;5;123m[BaseDriver][0m The capabilities ["platformName"] are standard capabilities and do not require "appium:" prefix
[38;5;112m[Appium][0m Attempting to find matching driver for automationName 'uiautomator2' and platformName 'ANDROID'
[38;5;112m[Appium][0m The 'uiautomator2' driver was installed and matched caps.
[38;5;112m[Appium][0m Will require it at /Users/gv.vignesh/.appium/node_modules/appium-uiautomator2-driver
[38;5;45m[AppiumDriver@6689][0m Appium v2.17.1 creating new AndroidUiautomator2Driver (v4.2.2) session
[38;5;45m[AppiumDriver@6689][0m Checking BaseDriver versions for Appium and AndroidUiautomator2Driver
[38;5;45m[AppiumDriver@6689][0m Appium's BaseDriver version is 9.16.4
[38;5;45m[AppiumDriver@6689][0m AndroidUiautomator2Driver's BaseDriver version is 9.16.4
[38;5;-62m[AndroidUiautomator2Driver@a271][0m The following provided capabilities were not recognized by this driver:
[38;5;-62m[AndroidUiautomator2Driver@a271][0m   deviceId
[38;5;89m[98bfc63f][0m[38;5;-62m[AndroidUiautomator2Driver@a271][0m Session created with session id: 98bfc63f-0143-4041-8d19-3941f0b77b97
[38;5;89m[98bfc63f][0m[38;5;229m[ADB][0m Using 'adb' from '/Users/gv.vignesh/.katalon/tools/android_sdk/platform-tools/adb'
[38;5;89m[98bfc63f][0m[38;5;-62m[AndroidUiautomator2Driver@a271][0m Retrieving device list
[38;5;89m[98bfc63f][0m[38;5;-62m[AndroidUiautomator2Driver@a271][0m Using device: a6e538dc5180
[38;5;89m[98bfc63f][0m[38;5;229m[ADB][0m Using 'adb' from '/Users/gv.vignesh/.katalon/tools/android_sdk/platform-tools/adb'
[38;5;89m[98bfc63f][0m[38;5;123m[BaseDriver][0m Using local app '/Users/gv.vignesh/Downloads/WGR-Android-Automation/App Folder/app-debug-Version 2.99.68.apk'
[38;5;89m[98bfc63f][0m[38;5;229m[ADB][0m Getting device platform version
[38;5;89m[98bfc63f][0m[38;5;-62m[AndroidUiautomator2Driver@a271][0m Relaxing hidden api policy
[38;5;89m[98bfc63f][0m[38;5;229m[ADB][0m Using 'aapt2' from '/Users/gv.vignesh/.katalon/tools/android_sdk/build-tools/29.0.3/aapt2'
[38;5;89m[98bfc63f][0m[38;5;229m[ADB][0m Package name: 'westgate_xamarin.android.debug'
[38;5;89m[98bfc63f][0m[38;5;229m[ADB][0m Main activity name: 'westgate_xamarin.android.MainActivity'
[38;5;89m[98bfc63f][0m[38;5;229m[ADB][0m Using 'apksigner.jar' from '/Users/gv.vignesh/.katalon/tools/android_sdk/build-tools/29.0.3/lib/apksigner.jar'
[38;5;89m[98bfc63f][0m[38;5;-62m[AndroidUiautomator2Driver@a271][0m Server packages are not going to be (re)installed
[38;5;89m[98bfc63f][0m[38;5;229m[ADB][0m Adding packages ["io.appium.settings","io.appium.uiautomator2.server","io.appium.uiautomator2.server.test"] to Doze whitelist
[38;5;89m[98bfc63f][0m[38;5;229m[ADB][0m '/Users/gv.vignesh/Downloads/WGR-Android-Automation/App Folder/app-debug-Version 2.99.68.apk' is signed with a non-default certificate
[38;5;89m[98bfc63f][0m[38;5;229m[ADB][0m westgate_xamarin.android.debug was not uninstalled, because it was not present on the device
[38;5;89m[98bfc63f][0m[38;5;229m[ADB][0m The application at '/Users/gv.vignesh/Downloads/WGR-Android-Automation/App Folder/app-debug-Version 2.99.68.apk' will not be cached, because the device under test has confirmed the support of streamed installs
[38;5;86m[HTTP][0m <-- POST /wd/hub/session - - ms - - 
[38;5;89m[98bfc63f][0m[38;5;229m[ADB][0m The installation of 'app-debug-Version 2.99.68.apk' took 9514ms
[38;5;89m[98bfc63f][0m[38;5;-62m[AndroidUiautomator2Driver@a271][0m Starting UIAutomator2 server 7.4.1
[38;5;89m[98bfc63f][0m[38;5;-62m[AndroidUiautomator2Driver@a271][0m Using UIAutomator2 server from '/Users/gv.vignesh/.appium/node_modules/appium-uiautomator2-driver/node_modules/appium-uiautomator2-server/apks/appium-uiautomator2-server-v7.4.1.apk' and test from '/Users/gv.vignesh/.appium/node_modules/appium-uiautomator2-driver/node_modules/appium-uiautomator2-server/apks/appium-uiautomator2-server-debug-androidTest.apk'
[38;5;89m[98bfc63f][0m[38;5;-62m[AndroidUiautomator2Driver@a271][0m Waiting up to 30000ms for UiAutomator2 to be online...
[38;5;89m[98bfc63f][0m[38;5;-62m[AndroidUiautomator2Driver@a271][0m socket hang up
[38;5;89m[98bfc63f][0m[38;5;-62m[AndroidUiautomator2Driver@a271][0m socket hang up
[38;5;89m[98bfc63f][0m[38;5;-62m[AndroidUiautomator2Driver@a271][0m socket hang up
[38;5;89m[98bfc63f][0m[38;5;-62m[AndroidUiautomator2Driver@a271][0m socket hang up
[38;5;89m[98bfc63f][0m[38;5;-62m[AndroidUiautomator2Driver@a271][0m Determined the downstream protocol as 'W3C'
[38;5;89m[98bfc63f][0m[38;5;-62m[AndroidUiautomator2Driver@a271][0m Screen already unlocked, doing nothing
[38;5;89m[98bfc63f][0m[38;5;-62m[AndroidUiautomator2Driver@a271][0m Starting 'westgate_xamarin.android.debug/westgate_xamarin.android.MainActivity' and waiting for 'westgate_xamarin.android.debug/westgate_xamarin.android.MainActivity'
[38;5;89m[98bfc63f][0m[38;5;45m[AppiumDriver@6689][0m New AndroidUiautomator2Driver session created successfully, session 98bfc63f-0143-4041-8d19-3941f0b77b97 added to master session list
[38;5;89m[98bfc63f][0m[38;5;-62m[AndroidUiautomator2Driver@a271][0m Shutting down because we waited 1800 seconds for a command
[38;5;89m[98bfc63f][0m[38;5;45m[AppiumDriver@6689][0m Ending session, cause was 'New Command Timeout of 1800 seconds expired. Try customizing the timeout using the 'newCommandTimeout' desired capability'
[38;5;89m[98bfc63f][0m[38;5;45m[AppiumDriver@6689][0m Removing session '98bfc63f-0143-4041-8d19-3941f0b77b97' from our master session list
[38;5;89m[98bfc63f][0m[38;5;-62m[AndroidUiautomator2Driver@a271][0m Did not get the confirmation of UiAutomator2 server session deletion. Original error: An unknown server-side error occurred while processing the command. Original error: 'DELETE /' cannot be proxied to UiAutomator2 server because the instrumentation process is not running (probably crashed). Check the server log and/or the logcat output for more details
[38;5;89m[98bfc63f][0m[38;5;229m[ADB][0m Error sending command, reconnecting device and retrying: shell,pgrep --help; echo $?
[38;5;89m[98bfc63f][0m[38;5;229m[ADB][0m Error sending command, reconnecting device and retrying: shell,am,force-stop,io.appium.uiautomator2.server.test
[38;5;89m[98bfc63f][0m[38;5;229m[ADB][0m Error sending command, reconnecting device and retrying: shell,am,force-stop,io.appium.uiautomator2.server
[38;5;89m[98bfc63f][0m[38;5;229m[ADB][0m Error sending command, reconnecting device and retrying: shell,am,force-stop,westgate_xamarin.android.debug
[38;5;89m[98bfc63f][0m[38;5;229m[ADB][0m Error sending command, reconnecting device and retrying: shell,dumpsys,activity,services,io.appium.settings/.recorder.RecorderService
[38;5;89m[98bfc63f][0m[38;5;-62m[AndroidUiautomator2Driver@a271][0m Unable to force stop app: Could not find a connected Android device in 20000ms
[38;5;89m[98bfc63f][0m[38;5;229m[ADB][0m Error sending command, reconnecting device and retrying: shell,cmd,package,list,packages
[38;5;89m[98bfc63f][0m[38;5;-62m[AndroidUiautomator2Driver@a271][0m Unable to uninstall app: Could not find a connected Android device in 20000ms
[38;5;89m[98bfc63f][0m[38;5;229m[ADB][0m Error sending command, reconnecting device and retrying: forward,--remove,tcp:58557
[38;5;89m[98bfc63f][0m[38;5;-62m[AndroidUiautomator2Driver@a271][0m Unable to remove system port forward: Could not find a connected Android device in 20000ms
[38;5;89m[98bfc63f][0m[38;5;-62m[AndroidUiautomator2Driver@a271][0m Restoring hidden api policy to the device default configuration
[38;5;89m[98bfc63f][0m[38;5;229m[ADB][0m Error sending command, reconnecting device and retrying: shell,settings delete global hidden_api_policy_pre_p_apps;settings delete global hidden_api_policy_p_apps;settings delete global hidden_api_policy
