[38;5;112m[Appium][0m Welcome to Appium v2.16.0 (REV f1041842141f20bc701b522d4371d7843d905580)
[38;5;112m[Appium][0m Non-default server args:
[38;5;112m[Appium][0m { basePath: [32m'/wd/hub'[39m, loglevel: [32m'info'[39m, port: [33m58696[39m }
[38;5;112m[Appium][0m Attempting to load driver uiautomator2...
[38;5;112m[Appium][0m Appium REST http interface listener started on http://0.0.0.0:58696/wd/hub
[38;5;112m[Appium][0m You can provide the following URLs in your client code to connect to this server:
	http://127.0.0.1:58696/wd/hub (only accessible from the same host)
	http://192.168.0.106:58696/wd/hub
[38;5;112m[Appium][0m Available drivers:
[38;5;112m[Appium][0m   - uiautomator2@4.1.5 (automationName 'UiAutomator2')
[38;5;112m[Appium][0m No plugins have been installed. Use the "appium plugin" command to install the one(s) you want to use.
[38;5;86m[HTTP][0m [37m-->[39m [37mGET[39m [37m/wd/hub/status[39m {}
[38;5;86m[HTTP][0m <-- GET /wd/hub/status 200 2 ms - 200 
[38;5;86m[HTTP][0m [37m-->[39m [37mPOST[39m [37m/wd/hub/session[39m {"capabilities":{"firstMatch":[{"appium:app":"/Users/gv.vignesh/Downloads/WGR-Android-Automation/App Folder/universal.apk","appium:autoGrantPermissions":true,"appium:automationName":"uiautomator2","appium:deviceId":"","appium:deviceName":"emulator-5554 (sdk_gphone64_arm64 - Android 16)","appium:fullReset":true,"appium:newCommandTimeout":1800,"appium:noReset":false,"appium:platformName":"ANDROID","appium:platformVersion":"16","appium:systemPort":58695,"appium:udid":"emulator-5554","platformName":"ANDROID"}]},"desiredCapabilities":{"appium:app":"/Users/gv.vignesh/Downloads/WGR-Android-Automation/App Folder/universal.apk","appium:autoGrantPermissions":true,"appium:automationName":"uiautomator2","appium:deviceId":"","appium:deviceName":"emulator-5554 (sdk_gphone64_arm64 - Android 16)","appium:fullReset":true,"appium:newCommandTimeout":1800,"appium:noReset":false,"appium:platformName":"ANDROID","appium:platformVersion":"16","appium:systemPort":58695,"appium:udid":"emulator-5554"}}
[38;5;123m[BaseDriver][0m Ignoring capability 'appium:platformName=ANDROID' and using capability 'platformName=ANDROID'
[38;5;123m[BaseDriver][0m The capabilities ["platformName"] are standard capabilities and do not require "appium:" prefix
[38;5;112m[Appium][0m Attempting to find matching driver for automationName 'uiautomator2' and platformName 'ANDROID'
[38;5;112m[Appium][0m The 'uiautomator2' driver was installed and matched caps.
[38;5;112m[Appium][0m Will require it at /Users/gv.vignesh/.appium/node_modules/appium-uiautomator2-driver
[38;5;127m[AppiumDriver@f395][0m Appium v2.16.0 creating new AndroidUiautomator2Driver (v4.1.5) session
[38;5;127m[AppiumDriver@f395][0m Checking BaseDriver versions for Appium and AndroidUiautomator2Driver
[38;5;127m[AppiumDriver@f395][0m Appium's BaseDriver version is 9.16.4
[38;5;127m[AppiumDriver@f395][0m AndroidUiautomator2Driver's BaseDriver version is 9.16.4
[38;5;-126m[AndroidUiautomator2Driver@3877][0m The following provided capabilities were not recognized by this driver:
[38;5;-126m[AndroidUiautomator2Driver@3877][0m   deviceId
[38;5;89m[3eadef2e][0m[38;5;-126m[AndroidUiautomator2Driver@3877][0m Session created with session id: 3eadef2e-473e-4d33-a615-95fd7acd30ce
[38;5;89m[3eadef2e][0m[38;5;229m[ADB][0m Found 1 'build-tools' folders under '/Users/gv.vignesh/.katalon/tools/android_sdk' (newest first):
[38;5;89m[3eadef2e][0m[38;5;229m[ADB][0m     /Users/gv.vignesh/.katalon/tools/android_sdk/build-tools/29.0.3
[38;5;89m[3eadef2e][0m[38;5;229m[ADB][0m Using 'adb' from '/Users/gv.vignesh/.katalon/tools/android_sdk/platform-tools/adb'
[38;5;89m[3eadef2e][0m[38;5;-126m[AndroidUiautomator2Driver@3877][0m Retrieving device list
[38;5;89m[3eadef2e][0m[38;5;-126m[AndroidUiautomator2Driver@3877][0m Using device: emulator-5554
[38;5;89m[3eadef2e][0m[38;5;229m[ADB][0m Using 'adb' from '/Users/gv.vignesh/.katalon/tools/android_sdk/platform-tools/adb'
[38;5;89m[3eadef2e][0m[38;5;123m[BaseDriver][0m Using local app '/Users/gv.vignesh/Downloads/WGR-Android-Automation/App Folder/universal.apk'
[38;5;89m[3eadef2e][0m[38;5;229m[ADB][0m Getting device platform version
[38;5;89m[3eadef2e][0m[38;5;-126m[AndroidUiautomator2Driver@3877][0m Relaxing hidden api policy
[38;5;89m[3eadef2e][0m[38;5;229m[ADB][0m Using 'aapt2' from '/Users/gv.vignesh/.katalon/tools/android_sdk/build-tools/29.0.3/aapt2'
[38;5;89m[3eadef2e][0m[38;5;229m[ADB][0m Package name: 'com.westgate.rewrite2'
[38;5;89m[3eadef2e][0m[38;5;229m[ADB][0m Main activity name: 'com.westgate.rewrite2.MainActivity'
[38;5;89m[3eadef2e][0m[38;5;229m[ADB][0m Using 'apksigner.jar' from '/Users/gv.vignesh/.katalon/tools/android_sdk/build-tools/29.0.3/lib/apksigner.jar'
[38;5;89m[3eadef2e][0m[38;5;-126m[AndroidUiautomator2Driver@3877][0m Server packages are not going to be (re)installed
[38;5;89m[3eadef2e][0m[38;5;229m[ADB][0m Adding packages ["io.appium.settings","io.appium.uiautomator2.server","io.appium.uiautomator2.server.test"] to Doze whitelist
[38;5;89m[3eadef2e][0m[38;5;229m[ADB][0m '/Users/gv.vignesh/Downloads/WGR-Android-Automation/App Folder/universal.apk' is signed with a non-default certificate
[38;5;89m[3eadef2e][0m[38;5;229m[ADB][0m com.westgate.rewrite2 was not uninstalled, because it was not present on the device
[38;5;89m[3eadef2e][0m[38;5;229m[ADB][0m The application at '/Users/gv.vignesh/Downloads/WGR-Android-Automation/App Folder/universal.apk' will not be cached, because the device under test has confirmed the support of streamed installs
[38;5;89m[3eadef2e][0m[38;5;229m[ADB][0m The installation of 'universal.apk' took 663ms
[38;5;89m[3eadef2e][0m[38;5;-126m[AndroidUiautomator2Driver@3877][0m Starting UIAutomator2 server 7.3.0
[38;5;89m[3eadef2e][0m[38;5;-126m[AndroidUiautomator2Driver@3877][0m Using UIAutomator2 server from '/Users/gv.vignesh/.appium/node_modules/appium-uiautomator2-driver/node_modules/appium-uiautomator2-server/apks/appium-uiautomator2-server-v7.3.0.apk' and test from '/Users/gv.vignesh/.appium/node_modules/appium-uiautomator2-driver/node_modules/appium-uiautomator2-server/apks/appium-uiautomator2-server-debug-androidTest.apk'
[38;5;89m[3eadef2e][0m[38;5;-126m[AndroidUiautomator2Driver@3877][0m Waiting up to 30000ms for UiAutomator2 to be online...
[38;5;89m[3eadef2e][0m[38;5;-126m[AndroidUiautomator2Driver@3877][0m socket hang up
[38;5;89m[3eadef2e][0m[38;5;-126m[AndroidUiautomator2Driver@3877][0m Determined the downstream protocol as 'W3C'
[38;5;89m[3eadef2e][0m[38;5;-126m[AndroidUiautomator2Driver@3877][0m Screen already unlocked, doing nothing
[38;5;89m[3eadef2e][0m[38;5;-126m[AndroidUiautomator2Driver@3877][0m Starting 'com.westgate.rewrite2/com.westgate.rewrite2.MainActivity' and waiting for 'com.westgate.rewrite2/com.westgate.rewrite2.MainActivity'
[38;5;89m[3eadef2e][0m[38;5;127m[AppiumDriver@f395][0m New AndroidUiautomator2Driver session created successfully, session 3eadef2e-473e-4d33-a615-95fd7acd30ce added to master session list
[38;5;89m[3eadef2e][0m[38;5;86m[HTTP][0m <-- POST /wd/hub/session 200 6869 ms - 1350 
[38;5;86m[HTTP][0m [37m-->[39m [37mGET[39m [37m/wd/hub/status[39m {}
[38;5;86m[HTTP][0m <-- GET /wd/hub/status 200 1 ms - 200 
[38;5;89m[3eadef2e][0m[38;5;86m[HTTP][0m [37m-->[39m [37mPOST[39m [37m/wd/hub/session/3eadef2e-473e-4d33-a615-95fd7acd30ce/timeouts[39m {"implicit":30000}
[38;5;89m[3eadef2e][0m[38;5;86m[HTTP][0m <-- POST /wd/hub/session/3eadef2e-473e-4d33-a615-95fd7acd30ce/timeouts 200 1 ms - 14 
[38;5;89m[3eadef2e][0m[38;5;86m[HTTP][0m [37m-->[39m [37mPOST[39m [37m/wd/hub/session/3eadef2e-473e-4d33-a615-95fd7acd30ce/execute/sync[39m {"script":"mobile: getSystemBars","args":[]}
[38;5;89m[3eadef2e][0m[38;5;-126m[AndroidUiautomator2Driver@3877][0m No windows have been found whose title matches to 'NavigationBar'. Assuming it is invisible. Only the following windows are available: ScreenDecorOverlayBottom,ScreenDecorOverlay,EdgeBackGestureHandler0,Taskbar,NotificationShade,StatusBar,ShellDropTarget,InputMethod
[38;5;89m[3eadef2e][0m[38;5;86m[HTTP][0m <-- POST /wd/hub/session/3eadef2e-473e-4d33-a615-95fd7acd30ce/execute/sync 200 67 ms - 144 
[38;5;89m[3eadef2e][0m[38;5;86m[HTTP][0m [37m-->[39m [37mPOST[39m [37m/wd/hub/session/3eadef2e-473e-4d33-a615-95fd7acd30ce/timeouts[39m {"implicit":50}
[38;5;89m[3eadef2e][0m[38;5;86m[HTTP][0m <-- POST /wd/hub/session/3eadef2e-473e-4d33-a615-95fd7acd30ce/timeouts 200 1 ms - 14 
[38;5;89m[3eadef2e][0m[38;5;86m[HTTP][0m [37m-->[39m [37mGET[39m [37m/wd/hub/session/3eadef2e-473e-4d33-a615-95fd7acd30ce/window/rect[39m {}
[38;5;89m[3eadef2e][0m[38;5;86m[HTTP][0m <-- GET /wd/hub/session/3eadef2e-473e-4d33-a615-95fd7acd30ce/window/rect 200 11 ms - 50 
[38;5;89m[3eadef2e][0m[38;5;86m[HTTP][0m [37m-->[39m [37mPOST[39m [37m/wd/hub/session/3eadef2e-473e-4d33-a615-95fd7acd30ce/elements[39m {"using":"xpath","value":"//*[@class = 'android.widget.Button' and (@text = 'Login or Sign Up' or . = 'Login or Sign Up')]"}
[38;5;89m[3eadef2e][0m[38;5;86m[HTTP][0m <-- POST /wd/hub/session/3eadef2e-473e-4d33-a615-95fd7acd30ce/elements 200 153 ms - 139 
[38;5;89m[3eadef2e][0m[38;5;86m[HTTP][0m [37m-->[39m [37mGET[39m [37m/wd/hub/session/3eadef2e-473e-4d33-a615-95fd7acd30ce/element/00000000-0000-000a-0000-00a300000007/rect[39m {}
[38;5;89m[3eadef2e][0m[38;5;-126m[AndroidUiautomator2Driver@3877][0m Driver proxy active, passing request on via HTTP proxy
[38;5;89m[3eadef2e][0m[38;5;-126m[AndroidUiautomator2Driver@3877][0m Replacing sessionId 21fd69d0-bcf2-4c02-9bef-e985a0a83acb with 3eadef2e-473e-4d33-a615-95fd7acd30ce
[38;5;89m[3eadef2e][0m[38;5;86m[HTTP][0m <-- GET /wd/hub/session/3eadef2e-473e-4d33-a615-95fd7acd30ce/element/00000000-0000-000a-0000-00a300000007/rect 200 6 ms - 103 
[38;5;89m[3eadef2e][0m[38;5;86m[HTTP][0m [37m-->[39m [37mPOST[39m [37m/wd/hub/session/3eadef2e-473e-4d33-a615-95fd7acd30ce/timeouts[39m {"implicit":30000}
[38;5;89m[3eadef2e][0m[38;5;86m[HTTP][0m <-- POST /wd/hub/session/3eadef2e-473e-4d33-a615-95fd7acd30ce/timeouts 200 0 ms - 14 
[38;5;89m[3eadef2e][0m[38;5;86m[HTTP][0m [37m-->[39m [37mPOST[39m [37m/wd/hub/session/3eadef2e-473e-4d33-a615-95fd7acd30ce/element/00000000-0000-000a-0000-00a300000007/click[39m {"id":"00000000-0000-000a-0000-00a300000007"}
[38;5;89m[3eadef2e][0m[38;5;86m[HTTP][0m <-- POST /wd/hub/session/3eadef2e-473e-4d33-a615-95fd7acd30ce/element/00000000-0000-000a-0000-00a300000007/click 200 60 ms - 14 
[38;5;89m[3eadef2e][0m[38;5;86m[HTTP][0m [37m-->[39m [37mPOST[39m [37m/wd/hub/session/3eadef2e-473e-4d33-a615-95fd7acd30ce/timeouts[39m {"implicit":50}
[38;5;89m[3eadef2e][0m[38;5;86m[HTTP][0m <-- POST /wd/hub/session/3eadef2e-473e-4d33-a615-95fd7acd30ce/timeouts 200 1 ms - 14 
[38;5;89m[3eadef2e][0m[38;5;86m[HTTP][0m [37m-->[39m [37mGET[39m [37m/wd/hub/session/3eadef2e-473e-4d33-a615-95fd7acd30ce/window/rect[39m {}
[38;5;89m[3eadef2e][0m[38;5;86m[HTTP][0m <-- GET /wd/hub/session/3eadef2e-473e-4d33-a615-95fd7acd30ce/window/rect 200 9 ms - 50 
[38;5;89m[3eadef2e][0m[38;5;86m[HTTP][0m [37m-->[39m [37mPOST[39m [37m/wd/hub/session/3eadef2e-473e-4d33-a615-95fd7acd30ce/elements[39m {"using":"xpath","value":"//*[@class = 'android.widget.EditText' and (@text = '' or . = '')]"}
[38;5;89m[3eadef2e][0m[38;5;86m[HTTP][0m <-- POST /wd/hub/session/3eadef2e-473e-4d33-a615-95fd7acd30ce/elements 200 59 ms - 139 
[38;5;89m[3eadef2e][0m[38;5;86m[HTTP][0m [37m-->[39m [37mGET[39m [37m/wd/hub/session/3eadef2e-473e-4d33-a615-95fd7acd30ce/element/00000000-0000-000a-0000-00dc00000007/rect[39m {}
[38;5;89m[3eadef2e][0m[38;5;-126m[AndroidUiautomator2Driver@3877][0m Driver proxy active, passing request on via HTTP proxy
[38;5;89m[3eadef2e][0m[38;5;-126m[AndroidUiautomator2Driver@3877][0m Replacing sessionId 21fd69d0-bcf2-4c02-9bef-e985a0a83acb with 3eadef2e-473e-4d33-a615-95fd7acd30ce
[38;5;89m[3eadef2e][0m[38;5;86m[HTTP][0m <-- GET /wd/hub/session/3eadef2e-473e-4d33-a615-95fd7acd30ce/element/00000000-0000-000a-0000-00dc00000007/rect 200 5 ms - 103 
[38;5;89m[3eadef2e][0m[38;5;86m[HTTP][0m [37m-->[39m [37mPOST[39m [37m/wd/hub/session/3eadef2e-473e-4d33-a615-95fd7acd30ce/timeouts[39m {"implicit":30000}
[38;5;89m[3eadef2e][0m[38;5;86m[HTTP][0m <-- POST /wd/hub/session/3eadef2e-473e-4d33-a615-95fd7acd30ce/timeouts 200 0 ms - 14 
[38;5;89m[3eadef2e][0m[38;5;86m[HTTP][0m [37m-->[39m [37mPOST[39m [37m/wd/hub/session/3eadef2e-473e-4d33-a615-95fd7acd30ce/element/00000000-0000-000a-0000-00dc00000007/clear[39m {"id":"00000000-0000-000a-0000-00dc00000007"}
[38;5;89m[3eadef2e][0m[38;5;86m[HTTP][0m <-- POST /wd/hub/session/3eadef2e-473e-4d33-a615-95fd7acd30ce/element/00000000-0000-000a-0000-00dc00000007/clear 200 5 ms - 14 
[38;5;89m[3eadef2e][0m[38;5;86m[HTTP][0m [37m-->[39m [37mPOST[39m [37m/wd/hub/session/3eadef2e-473e-4d33-a615-95fd7acd30ce/element/00000000-0000-000a-0000-00dc00000007/click[39m {"id":"00000000-0000-000a-0000-00dc00000007"}
[38;5;89m[3eadef2e][0m[38;5;86m[HTTP][0m <-- POST /wd/hub/session/3eadef2e-473e-4d33-a615-95fd7acd30ce/element/00000000-0000-000a-0000-00dc00000007/click 200 59 ms - 14 
[38;5;89m[3eadef2e][0m[38;5;86m[HTTP][0m [37m-->[39m [37mPOST[39m [37m/wd/hub/session/3eadef2e-473e-4d33-a615-95fd7acd30ce/element/00000000-0000-000a-0000-00dc00000007/value[39m {"id":"00000000-0000-000a-0000-00dc00000007","value":["b","e","n","n","y","j","o","e","@","y","o","p","m","a","i","l",".","c","o","m"],"text":"bennyjoe@yopmail.com"}
[38;5;89m[3eadef2e][0m[38;5;86m[HTTP][0m <-- POST /wd/hub/session/3eadef2e-473e-4d33-a615-95fd7acd30ce/element/00000000-0000-000a-0000-00dc00000007/value 200 9 ms - 14 
[38;5;89m[3eadef2e][0m[38;5;86m[HTTP][0m [37m-->[39m [37mGET[39m [37m/wd/hub/session/3eadef2e-473e-4d33-a615-95fd7acd30ce/context[39m {}
[38;5;89m[3eadef2e][0m[38;5;86m[HTTP][0m <-- GET /wd/hub/session/3eadef2e-473e-4d33-a615-95fd7acd30ce/context 200 1 ms - 22 
[38;5;89m[3eadef2e][0m[38;5;86m[HTTP][0m [37m-->[39m [37mGET[39m [37m/wd/hub/session/3eadef2e-473e-4d33-a615-95fd7acd30ce/contexts[39m {}
[38;5;89m[3eadef2e][0m[38;5;86m[HTTP][0m <-- GET /wd/hub/session/3eadef2e-473e-4d33-a615-95fd7acd30ce/contexts 200 274 ms - 24 
[38;5;89m[3eadef2e][0m[38;5;86m[HTTP][0m [37m-->[39m [37mPOST[39m [37m/wd/hub/session/3eadef2e-473e-4d33-a615-95fd7acd30ce/context[39m {"name":"NATIVE_APP"}
[38;5;89m[3eadef2e][0m[38;5;86m[HTTP][0m <-- POST /wd/hub/session/3eadef2e-473e-4d33-a615-95fd7acd30ce/context 200 1 ms - 14 
[38;5;89m[3eadef2e][0m[38;5;86m[HTTP][0m [37m-->[39m [37mPOST[39m [37m/wd/hub/session/3eadef2e-473e-4d33-a615-95fd7acd30ce/execute/sync[39m {"script":"mobile: hideKeyboard","args":[]}
[38;5;89m[3eadef2e][0m[38;5;86m[HTTP][0m <-- POST /wd/hub/session/3eadef2e-473e-4d33-a615-95fd7acd30ce/execute/sync 200 1096 ms - 14 
[38;5;89m[3eadef2e][0m[38;5;86m[HTTP][0m [37m-->[39m [37mPOST[39m [37m/wd/hub/session/3eadef2e-473e-4d33-a615-95fd7acd30ce/context[39m {"name":"NATIVE_APP"}
[38;5;89m[3eadef2e][0m[38;5;86m[HTTP][0m <-- POST /wd/hub/session/3eadef2e-473e-4d33-a615-95fd7acd30ce/context 200 1 ms - 14 
[38;5;89m[3eadef2e][0m[38;5;86m[HTTP][0m [37m-->[39m [37mPOST[39m [37m/wd/hub/session/3eadef2e-473e-4d33-a615-95fd7acd30ce/timeouts[39m {"implicit":50}
[38;5;89m[3eadef2e][0m[38;5;86m[HTTP][0m <-- POST /wd/hub/session/3eadef2e-473e-4d33-a615-95fd7acd30ce/timeouts 200 1 ms - 14 
[38;5;89m[3eadef2e][0m[38;5;86m[HTTP][0m [37m-->[39m [37mGET[39m [37m/wd/hub/session/3eadef2e-473e-4d33-a615-95fd7acd30ce/window/rect[39m {}
[38;5;89m[3eadef2e][0m[38;5;86m[HTTP][0m <-- GET /wd/hub/session/3eadef2e-473e-4d33-a615-95fd7acd30ce/window/rect 200 12 ms - 50 
[38;5;89m[3eadef2e][0m[38;5;86m[HTTP][0m [37m-->[39m [37mPOST[39m [37m/wd/hub/session/3eadef2e-473e-4d33-a615-95fd7acd30ce/elements[39m {"using":"xpath","value":"//*[@class = 'android.widget.Button' and (@text = 'Next' or . = 'Next')]"}
[38;5;89m[3eadef2e][0m[38;5;86m[HTTP][0m <-- POST /wd/hub/session/3eadef2e-473e-4d33-a615-95fd7acd30ce/elements 200 659 ms - 139 
[38;5;89m[3eadef2e][0m[38;5;86m[HTTP][0m [37m-->[39m [37mGET[39m [37m/wd/hub/session/3eadef2e-473e-4d33-a615-95fd7acd30ce/element/00000000-0000-000a-0000-00e300000007/rect[39m {}
[38;5;89m[3eadef2e][0m[38;5;-126m[AndroidUiautomator2Driver@3877][0m Driver proxy active, passing request on via HTTP proxy
[38;5;89m[3eadef2e][0m[38;5;-126m[AndroidUiautomator2Driver@3877][0m Replacing sessionId 21fd69d0-bcf2-4c02-9bef-e985a0a83acb with 3eadef2e-473e-4d33-a615-95fd7acd30ce
[38;5;89m[3eadef2e][0m[38;5;86m[HTTP][0m <-- GET /wd/hub/session/3eadef2e-473e-4d33-a615-95fd7acd30ce/element/00000000-0000-000a-0000-00e300000007/rect 200 6 ms - 103 
[38;5;89m[3eadef2e][0m[38;5;86m[HTTP][0m [37m-->[39m [37mPOST[39m [37m/wd/hub/session/3eadef2e-473e-4d33-a615-95fd7acd30ce/timeouts[39m {"implicit":30000}
[38;5;89m[3eadef2e][0m[38;5;86m[HTTP][0m <-- POST /wd/hub/session/3eadef2e-473e-4d33-a615-95fd7acd30ce/timeouts 200 1 ms - 14 
[38;5;89m[3eadef2e][0m[38;5;86m[HTTP][0m [37m-->[39m [37mPOST[39m [37m/wd/hub/session/3eadef2e-473e-4d33-a615-95fd7acd30ce/element/00000000-0000-000a-0000-00e300000007/click[39m {"id":"00000000-0000-000a-0000-00e300000007"}
[38;5;89m[3eadef2e][0m[38;5;86m[HTTP][0m <-- POST /wd/hub/session/3eadef2e-473e-4d33-a615-95fd7acd30ce/element/00000000-0000-000a-0000-00e300000007/click 200 45 ms - 14 
[38;5;89m[3eadef2e][0m[38;5;86m[HTTP][0m [37m-->[39m [37mPOST[39m [37m/wd/hub/session/3eadef2e-473e-4d33-a615-95fd7acd30ce/timeouts[39m {"implicit":50}
[38;5;89m[3eadef2e][0m[38;5;86m[HTTP][0m <-- POST /wd/hub/session/3eadef2e-473e-4d33-a615-95fd7acd30ce/timeouts 200 3 ms - 14 
[38;5;89m[3eadef2e][0m[38;5;86m[HTTP][0m [37m-->[39m [37mGET[39m [37m/wd/hub/session/3eadef2e-473e-4d33-a615-95fd7acd30ce/window/rect[39m {}
[38;5;89m[3eadef2e][0m[38;5;86m[HTTP][0m <-- GET /wd/hub/session/3eadef2e-473e-4d33-a615-95fd7acd30ce/window/rect 200 9 ms - 50 
[38;5;89m[3eadef2e][0m[38;5;86m[HTTP][0m [37m-->[39m [37mPOST[39m [37m/wd/hub/session/3eadef2e-473e-4d33-a615-95fd7acd30ce/elements[39m {"using":"xpath","value":"//*[@class = 'android.widget.EditText' and @resource-id = 'ion-input-2' and (@text = '' or . = '')]"}
[38;5;89m[3eadef2e][0m[38;5;86m[HTTP][0m <-- POST /wd/hub/session/3eadef2e-473e-4d33-a615-95fd7acd30ce/elements 200 48 ms - 139 
[38;5;89m[3eadef2e][0m[38;5;86m[HTTP][0m [37m-->[39m [37mGET[39m [37m/wd/hub/session/3eadef2e-473e-4d33-a615-95fd7acd30ce/element/00000000-0000-000a-0000-013d00000007/rect[39m {}
[38;5;89m[3eadef2e][0m[38;5;-126m[AndroidUiautomator2Driver@3877][0m Driver proxy active, passing request on via HTTP proxy
[38;5;89m[3eadef2e][0m[38;5;-126m[AndroidUiautomator2Driver@3877][0m Replacing sessionId 21fd69d0-bcf2-4c02-9bef-e985a0a83acb with 3eadef2e-473e-4d33-a615-95fd7acd30ce
[38;5;89m[3eadef2e][0m[38;5;86m[HTTP][0m <-- GET /wd/hub/session/3eadef2e-473e-4d33-a615-95fd7acd30ce/element/00000000-0000-000a-0000-013d00000007/rect 200 5 ms - 103 
[38;5;89m[3eadef2e][0m[38;5;86m[HTTP][0m [37m-->[39m [37mPOST[39m [37m/wd/hub/session/3eadef2e-473e-4d33-a615-95fd7acd30ce/timeouts[39m {"implicit":30000}
[38;5;89m[3eadef2e][0m[38;5;86m[HTTP][0m <-- POST /wd/hub/session/3eadef2e-473e-4d33-a615-95fd7acd30ce/timeouts 200 1 ms - 14 
[38;5;89m[3eadef2e][0m[38;5;86m[HTTP][0m [37m-->[39m [37mPOST[39m [37m/wd/hub/session/3eadef2e-473e-4d33-a615-95fd7acd30ce/element/00000000-0000-000a-0000-013d00000007/clear[39m {"id":"00000000-0000-000a-0000-013d00000007"}
[38;5;89m[3eadef2e][0m[38;5;86m[HTTP][0m <-- POST /wd/hub/session/3eadef2e-473e-4d33-a615-95fd7acd30ce/element/00000000-0000-000a-0000-013d00000007/clear 200 6 ms - 14 
[38;5;89m[3eadef2e][0m[38;5;86m[HTTP][0m [37m-->[39m [37mPOST[39m [37m/wd/hub/session/3eadef2e-473e-4d33-a615-95fd7acd30ce/element/00000000-0000-000a-0000-013d00000007/click[39m {"id":"00000000-0000-000a-0000-013d00000007"}
[38;5;89m[3eadef2e][0m[38;5;86m[HTTP][0m <-- POST /wd/hub/session/3eadef2e-473e-4d33-a615-95fd7acd30ce/element/00000000-0000-000a-0000-013d00000007/click 200 40 ms - 14 
[38;5;89m[3eadef2e][0m[38;5;86m[HTTP][0m [37m-->[39m [37mPOST[39m [37m/wd/hub/session/3eadef2e-473e-4d33-a615-95fd7acd30ce/element/00000000-0000-000a-0000-013d00000007/value[39m {"id":"00000000-0000-000a-0000-013d00000007","value":["b","e","n","n","y","j","o","e","@","y","o","p","m","a","i","l",".","c","o","m"],"text":"bennyjoe@yopmail.com"}
[38;5;89m[3eadef2e][0m[38;5;86m[HTTP][0m <-- POST /wd/hub/session/3eadef2e-473e-4d33-a615-95fd7acd30ce/element/00000000-0000-000a-0000-013d00000007/value 200 8 ms - 14 
[38;5;89m[3eadef2e][0m[38;5;86m[HTTP][0m [37m-->[39m [37mGET[39m [37m/wd/hub/session/3eadef2e-473e-4d33-a615-95fd7acd30ce/context[39m {}
[38;5;89m[3eadef2e][0m[38;5;86m[HTTP][0m <-- GET /wd/hub/session/3eadef2e-473e-4d33-a615-95fd7acd30ce/context 200 1 ms - 22 
[38;5;89m[3eadef2e][0m[38;5;86m[HTTP][0m [37m-->[39m [37mGET[39m [37m/wd/hub/session/3eadef2e-473e-4d33-a615-95fd7acd30ce/contexts[39m {}
[38;5;89m[3eadef2e][0m[38;5;86m[HTTP][0m <-- GET /wd/hub/session/3eadef2e-473e-4d33-a615-95fd7acd30ce/contexts 200 264 ms - 24 
[38;5;89m[3eadef2e][0m[38;5;86m[HTTP][0m [37m-->[39m [37mPOST[39m [37m/wd/hub/session/3eadef2e-473e-4d33-a615-95fd7acd30ce/context[39m {"name":"NATIVE_APP"}
[38;5;89m[3eadef2e][0m[38;5;86m[HTTP][0m <-- POST /wd/hub/session/3eadef2e-473e-4d33-a615-95fd7acd30ce/context 200 1 ms - 14 
[38;5;89m[3eadef2e][0m[38;5;86m[HTTP][0m [37m-->[39m [37mPOST[39m [37m/wd/hub/session/3eadef2e-473e-4d33-a615-95fd7acd30ce/execute/sync[39m {"script":"mobile: hideKeyboard","args":[]}
[38;5;89m[3eadef2e][0m[38;5;86m[HTTP][0m <-- POST /wd/hub/session/3eadef2e-473e-4d33-a615-95fd7acd30ce/execute/sync 200 966 ms - 14 
[38;5;89m[3eadef2e][0m[38;5;86m[HTTP][0m [37m-->[39m [37mPOST[39m [37m/wd/hub/session/3eadef2e-473e-4d33-a615-95fd7acd30ce/context[39m {"name":"NATIVE_APP"}
[38;5;89m[3eadef2e][0m[38;5;86m[HTTP][0m <-- POST /wd/hub/session/3eadef2e-473e-4d33-a615-95fd7acd30ce/context 200 0 ms - 14 
[38;5;89m[3eadef2e][0m[38;5;86m[HTTP][0m [37m-->[39m [37mPOST[39m [37m/wd/hub/session/3eadef2e-473e-4d33-a615-95fd7acd30ce/timeouts[39m {"implicit":50}
[38;5;89m[3eadef2e][0m[38;5;86m[HTTP][0m <-- POST /wd/hub/session/3eadef2e-473e-4d33-a615-95fd7acd30ce/timeouts 200 2 ms - 14 
[38;5;89m[3eadef2e][0m[38;5;86m[HTTP][0m [37m-->[39m [37mGET[39m [37m/wd/hub/session/3eadef2e-473e-4d33-a615-95fd7acd30ce/window/rect[39m {}
[38;5;89m[3eadef2e][0m[38;5;86m[HTTP][0m <-- GET /wd/hub/session/3eadef2e-473e-4d33-a615-95fd7acd30ce/window/rect 200 10 ms - 50 
[38;5;89m[3eadef2e][0m[38;5;86m[HTTP][0m [37m-->[39m [37mPOST[39m [37m/wd/hub/session/3eadef2e-473e-4d33-a615-95fd7acd30ce/elements[39m {"using":"xpath","value":"//*[@class = 'android.widget.Button' and (@text = 'Next' or . = 'Next')]"}
[38;5;89m[3eadef2e][0m[38;5;86m[HTTP][0m <-- POST /wd/hub/session/3eadef2e-473e-4d33-a615-95fd7acd30ce/elements 200 436 ms - 139 
[38;5;89m[3eadef2e][0m[38;5;86m[HTTP][0m [37m-->[39m [37mGET[39m [37m/wd/hub/session/3eadef2e-473e-4d33-a615-95fd7acd30ce/element/00000000-0000-000a-0000-014300000007/rect[39m {}
[38;5;89m[3eadef2e][0m[38;5;-126m[AndroidUiautomator2Driver@3877][0m Driver proxy active, passing request on via HTTP proxy
[38;5;89m[3eadef2e][0m[38;5;-126m[AndroidUiautomator2Driver@3877][0m Replacing sessionId 21fd69d0-bcf2-4c02-9bef-e985a0a83acb with 3eadef2e-473e-4d33-a615-95fd7acd30ce
[38;5;89m[3eadef2e][0m[38;5;86m[HTTP][0m <-- GET /wd/hub/session/3eadef2e-473e-4d33-a615-95fd7acd30ce/element/00000000-0000-000a-0000-014300000007/rect 200 8 ms - 103 
[38;5;89m[3eadef2e][0m[38;5;86m[HTTP][0m [37m-->[39m [37mPOST[39m [37m/wd/hub/session/3eadef2e-473e-4d33-a615-95fd7acd30ce/timeouts[39m {"implicit":30000}
[38;5;89m[3eadef2e][0m[38;5;86m[HTTP][0m <-- POST /wd/hub/session/3eadef2e-473e-4d33-a615-95fd7acd30ce/timeouts 200 1 ms - 14 
[38;5;89m[3eadef2e][0m[38;5;86m[HTTP][0m [37m-->[39m [37mPOST[39m [37m/wd/hub/session/3eadef2e-473e-4d33-a615-95fd7acd30ce/element/00000000-0000-000a-0000-014300000007/click[39m {"id":"00000000-0000-000a-0000-014300000007"}
[38;5;89m[3eadef2e][0m[38;5;86m[HTTP][0m <-- POST /wd/hub/session/3eadef2e-473e-4d33-a615-95fd7acd30ce/element/00000000-0000-000a-0000-014300000007/click 200 48 ms - 14 
[38;5;89m[3eadef2e][0m[38;5;86m[HTTP][0m [37m-->[39m [37mPOST[39m [37m/wd/hub/session/3eadef2e-473e-4d33-a615-95fd7acd30ce/timeouts[39m {"implicit":50}
[38;5;89m[3eadef2e][0m[38;5;86m[HTTP][0m <-- POST /wd/hub/session/3eadef2e-473e-4d33-a615-95fd7acd30ce/timeouts 200 1 ms - 14 
[38;5;89m[3eadef2e][0m[38;5;86m[HTTP][0m [37m-->[39m [37mGET[39m [37m/wd/hub/session/3eadef2e-473e-4d33-a615-95fd7acd30ce/window/rect[39m {}
[38;5;89m[3eadef2e][0m[38;5;86m[HTTP][0m <-- GET /wd/hub/session/3eadef2e-473e-4d33-a615-95fd7acd30ce/window/rect 200 10 ms - 50 
[38;5;89m[3eadef2e][0m[38;5;86m[HTTP][0m [37m-->[39m [37mPOST[39m [37m/wd/hub/session/3eadef2e-473e-4d33-a615-95fd7acd30ce/elements[39m {"using":"xpath","value":"//*[@class = 'android.widget.EditText' and @resource-id = 'ion-input-3' and (@text = '' or . = '')]"}
[38;5;89m[3eadef2e][0m[38;5;86m[HTTP][0m <-- POST /wd/hub/session/3eadef2e-473e-4d33-a615-95fd7acd30ce/elements 200 46 ms - 139 
[38;5;89m[3eadef2e][0m[38;5;86m[HTTP][0m [37m-->[39m [37mGET[39m [37m/wd/hub/session/3eadef2e-473e-4d33-a615-95fd7acd30ce/element/00000000-0000-000a-0000-017900000007/rect[39m {}
[38;5;89m[3eadef2e][0m[38;5;-126m[AndroidUiautomator2Driver@3877][0m Driver proxy active, passing request on via HTTP proxy
[38;5;89m[3eadef2e][0m[38;5;-126m[AndroidUiautomator2Driver@3877][0m Replacing sessionId 21fd69d0-bcf2-4c02-9bef-e985a0a83acb with 3eadef2e-473e-4d33-a615-95fd7acd30ce
[38;5;89m[3eadef2e][0m[38;5;86m[HTTP][0m <-- GET /wd/hub/session/3eadef2e-473e-4d33-a615-95fd7acd30ce/element/00000000-0000-000a-0000-017900000007/rect 200 5 ms - 102 
[38;5;89m[3eadef2e][0m[38;5;86m[HTTP][0m [37m-->[39m [37mPOST[39m [37m/wd/hub/session/3eadef2e-473e-4d33-a615-95fd7acd30ce/timeouts[39m {"implicit":30000}
[38;5;89m[3eadef2e][0m[38;5;86m[HTTP][0m <-- POST /wd/hub/session/3eadef2e-473e-4d33-a615-95fd7acd30ce/timeouts 200 0 ms - 14 
[38;5;89m[3eadef2e][0m[38;5;86m[HTTP][0m [37m-->[39m [37mPOST[39m [37m/wd/hub/session/3eadef2e-473e-4d33-a615-95fd7acd30ce/element/00000000-0000-000a-0000-017900000007/clear[39m {"id":"00000000-0000-000a-0000-017900000007"}
[38;5;89m[3eadef2e][0m[38;5;86m[HTTP][0m <-- POST /wd/hub/session/3eadef2e-473e-4d33-a615-95fd7acd30ce/element/00000000-0000-000a-0000-017900000007/clear 200 6 ms - 14 
[38;5;89m[3eadef2e][0m[38;5;86m[HTTP][0m [37m-->[39m [37mPOST[39m [37m/wd/hub/session/3eadef2e-473e-4d33-a615-95fd7acd30ce/element/00000000-0000-000a-0000-017900000007/click[39m {"id":"00000000-0000-000a-0000-017900000007"}
[38;5;89m[3eadef2e][0m[38;5;86m[HTTP][0m <-- POST /wd/hub/session/3eadef2e-473e-4d33-a615-95fd7acd30ce/element/00000000-0000-000a-0000-017900000007/click 200 56 ms - 14 
[38;5;89m[3eadef2e][0m[38;5;86m[HTTP][0m [37m-->[39m [37mPOST[39m [37m/wd/hub/session/3eadef2e-473e-4d33-a615-95fd7acd30ce/element/00000000-0000-000a-0000-017900000007/value[39m {"id":"00000000-0000-000a-0000-017900000007","value":["s","t","e","v","e"],"text":"steve"}
[38;5;89m[3eadef2e][0m[38;5;86m[HTTP][0m <-- POST /wd/hub/session/3eadef2e-473e-4d33-a615-95fd7acd30ce/element/00000000-0000-000a-0000-017900000007/value 200 11 ms - 14 
[38;5;89m[3eadef2e][0m[38;5;86m[HTTP][0m [37m-->[39m [37mGET[39m [37m/wd/hub/session/3eadef2e-473e-4d33-a615-95fd7acd30ce/context[39m {}
[38;5;89m[3eadef2e][0m[38;5;86m[HTTP][0m <-- GET /wd/hub/session/3eadef2e-473e-4d33-a615-95fd7acd30ce/context 200 1 ms - 22 
[38;5;89m[3eadef2e][0m[38;5;86m[HTTP][0m [37m-->[39m [37mGET[39m [37m/wd/hub/session/3eadef2e-473e-4d33-a615-95fd7acd30ce/contexts[39m {}
[38;5;89m[3eadef2e][0m[38;5;86m[HTTP][0m <-- GET /wd/hub/session/3eadef2e-473e-4d33-a615-95fd7acd30ce/contexts 200 258 ms - 24 
[38;5;89m[3eadef2e][0m[38;5;86m[HTTP][0m [37m-->[39m [37mPOST[39m [37m/wd/hub/session/3eadef2e-473e-4d33-a615-95fd7acd30ce/context[39m {"name":"NATIVE_APP"}
[38;5;89m[3eadef2e][0m[38;5;86m[HTTP][0m <-- POST /wd/hub/session/3eadef2e-473e-4d33-a615-95fd7acd30ce/context 200 1 ms - 14 
[38;5;89m[3eadef2e][0m[38;5;86m[HTTP][0m [37m-->[39m [37mPOST[39m [37m/wd/hub/session/3eadef2e-473e-4d33-a615-95fd7acd30ce/execute/sync[39m {"script":"mobile: hideKeyboard","args":[]}
[38;5;89m[3eadef2e][0m[38;5;86m[HTTP][0m <-- POST /wd/hub/session/3eadef2e-473e-4d33-a615-95fd7acd30ce/execute/sync 200 923 ms - 14 
[38;5;89m[3eadef2e][0m[38;5;86m[HTTP][0m [37m-->[39m [37mPOST[39m [37m/wd/hub/session/3eadef2e-473e-4d33-a615-95fd7acd30ce/context[39m {"name":"NATIVE_APP"}
[38;5;89m[3eadef2e][0m[38;5;86m[HTTP][0m <-- POST /wd/hub/session/3eadef2e-473e-4d33-a615-95fd7acd30ce/context 200 0 ms - 14 
[38;5;89m[3eadef2e][0m[38;5;86m[HTTP][0m [37m-->[39m [37mPOST[39m [37m/wd/hub/session/3eadef2e-473e-4d33-a615-95fd7acd30ce/timeouts[39m {"implicit":50}
[38;5;89m[3eadef2e][0m[38;5;86m[HTTP][0m <-- POST /wd/hub/session/3eadef2e-473e-4d33-a615-95fd7acd30ce/timeouts 200 1 ms - 14 
[38;5;89m[3eadef2e][0m[38;5;86m[HTTP][0m [37m-->[39m [37mGET[39m [37m/wd/hub/session/3eadef2e-473e-4d33-a615-95fd7acd30ce/window/rect[39m {}
[38;5;89m[3eadef2e][0m[38;5;86m[HTTP][0m <-- GET /wd/hub/session/3eadef2e-473e-4d33-a615-95fd7acd30ce/window/rect 200 9 ms - 50 
[38;5;89m[3eadef2e][0m[38;5;86m[HTTP][0m [37m-->[39m [37mPOST[39m [37m/wd/hub/session/3eadef2e-473e-4d33-a615-95fd7acd30ce/elements[39m {"using":"xpath","value":"//*[@class = 'android.widget.EditText' and @resource-id = 'ion-input-4' and (@text = '' or . = '')]"}
[38;5;89m[3eadef2e][0m[38;5;86m[HTTP][0m <-- POST /wd/hub/session/3eadef2e-473e-4d33-a615-95fd7acd30ce/elements 200 37 ms - 139 
[38;5;89m[3eadef2e][0m[38;5;86m[HTTP][0m [37m-->[39m [37mGET[39m [37m/wd/hub/session/3eadef2e-473e-4d33-a615-95fd7acd30ce/element/00000000-0000-000a-0000-017a00000007/rect[39m {}
[38;5;89m[3eadef2e][0m[38;5;-126m[AndroidUiautomator2Driver@3877][0m Driver proxy active, passing request on via HTTP proxy
[38;5;89m[3eadef2e][0m[38;5;-126m[AndroidUiautomator2Driver@3877][0m Replacing sessionId 21fd69d0-bcf2-4c02-9bef-e985a0a83acb with 3eadef2e-473e-4d33-a615-95fd7acd30ce
[38;5;89m[3eadef2e][0m[38;5;86m[HTTP][0m <-- GET /wd/hub/session/3eadef2e-473e-4d33-a615-95fd7acd30ce/element/00000000-0000-000a-0000-017a00000007/rect 200 5 ms - 103 
[38;5;89m[3eadef2e][0m[38;5;86m[HTTP][0m [37m-->[39m [37mPOST[39m [37m/wd/hub/session/3eadef2e-473e-4d33-a615-95fd7acd30ce/timeouts[39m {"implicit":30000}
[38;5;89m[3eadef2e][0m[38;5;86m[HTTP][0m <-- POST /wd/hub/session/3eadef2e-473e-4d33-a615-95fd7acd30ce/timeouts 200 0 ms - 14 
[38;5;89m[3eadef2e][0m[38;5;86m[HTTP][0m [37m-->[39m [37mPOST[39m [37m/wd/hub/session/3eadef2e-473e-4d33-a615-95fd7acd30ce/element/00000000-0000-000a-0000-017a00000007/clear[39m {"id":"00000000-0000-000a-0000-017a00000007"}
[38;5;89m[3eadef2e][0m[38;5;86m[HTTP][0m <-- POST /wd/hub/session/3eadef2e-473e-4d33-a615-95fd7acd30ce/element/00000000-0000-000a-0000-017a00000007/clear 200 5 ms - 14 
[38;5;89m[3eadef2e][0m[38;5;86m[HTTP][0m [37m-->[39m [37mPOST[39m [37m/wd/hub/session/3eadef2e-473e-4d33-a615-95fd7acd30ce/element/00000000-0000-000a-0000-017a00000007/click[39m {"id":"00000000-0000-000a-0000-017a00000007"}
[38;5;89m[3eadef2e][0m[38;5;86m[HTTP][0m <-- POST /wd/hub/session/3eadef2e-473e-4d33-a615-95fd7acd30ce/element/00000000-0000-000a-0000-017a00000007/click 200 48 ms - 14 
[38;5;89m[3eadef2e][0m[38;5;86m[HTTP][0m [37m-->[39m [37mPOST[39m [37m/wd/hub/session/3eadef2e-473e-4d33-a615-95fd7acd30ce/element/00000000-0000-000a-0000-017a00000007/value[39m {"id":"00000000-0000-000a-0000-017a00000007","value":["s","m","i","t","h"],"text":"smith"}
[38;5;89m[3eadef2e][0m[38;5;86m[HTTP][0m <-- POST /wd/hub/session/3eadef2e-473e-4d33-a615-95fd7acd30ce/element/00000000-0000-000a-0000-017a00000007/value 200 9 ms - 14 
[38;5;89m[3eadef2e][0m[38;5;86m[HTTP][0m [37m-->[39m [37mGET[39m [37m/wd/hub/session/3eadef2e-473e-4d33-a615-95fd7acd30ce/context[39m {}
[38;5;89m[3eadef2e][0m[38;5;86m[HTTP][0m <-- GET /wd/hub/session/3eadef2e-473e-4d33-a615-95fd7acd30ce/context 200 0 ms - 22 
[38;5;89m[3eadef2e][0m[38;5;86m[HTTP][0m [37m-->[39m [37mGET[39m [37m/wd/hub/session/3eadef2e-473e-4d33-a615-95fd7acd30ce/contexts[39m {}
[38;5;89m[3eadef2e][0m[38;5;86m[HTTP][0m <-- GET /wd/hub/session/3eadef2e-473e-4d33-a615-95fd7acd30ce/contexts 200 256 ms - 24 
[38;5;89m[3eadef2e][0m[38;5;86m[HTTP][0m [37m-->[39m [37mPOST[39m [37m/wd/hub/session/3eadef2e-473e-4d33-a615-95fd7acd30ce/context[39m {"name":"NATIVE_APP"}
[38;5;89m[3eadef2e][0m[38;5;86m[HTTP][0m <-- POST /wd/hub/session/3eadef2e-473e-4d33-a615-95fd7acd30ce/context 200 1 ms - 14 
[38;5;89m[3eadef2e][0m[38;5;86m[HTTP][0m [37m-->[39m [37mPOST[39m [37m/wd/hub/session/3eadef2e-473e-4d33-a615-95fd7acd30ce/execute/sync[39m {"script":"mobile: hideKeyboard","args":[]}
[38;5;89m[3eadef2e][0m[38;5;86m[HTTP][0m <-- POST /wd/hub/session/3eadef2e-473e-4d33-a615-95fd7acd30ce/execute/sync 200 919 ms - 14 
[38;5;89m[3eadef2e][0m[38;5;86m[HTTP][0m [37m-->[39m [37mPOST[39m [37m/wd/hub/session/3eadef2e-473e-4d33-a615-95fd7acd30ce/context[39m {"name":"NATIVE_APP"}
[38;5;89m[3eadef2e][0m[38;5;86m[HTTP][0m <-- POST /wd/hub/session/3eadef2e-473e-4d33-a615-95fd7acd30ce/context 200 0 ms - 14 
[38;5;89m[3eadef2e][0m[38;5;86m[HTTP][0m [37m-->[39m [37mPOST[39m [37m/wd/hub/session/3eadef2e-473e-4d33-a615-95fd7acd30ce/timeouts[39m {"implicit":50}
[38;5;89m[3eadef2e][0m[38;5;86m[HTTP][0m <-- POST /wd/hub/session/3eadef2e-473e-4d33-a615-95fd7acd30ce/timeouts 200 1 ms - 14 
[38;5;89m[3eadef2e][0m[38;5;86m[HTTP][0m [37m-->[39m [37mGET[39m [37m/wd/hub/session/3eadef2e-473e-4d33-a615-95fd7acd30ce/window/rect[39m {}
[38;5;89m[3eadef2e][0m[38;5;86m[HTTP][0m <-- GET /wd/hub/session/3eadef2e-473e-4d33-a615-95fd7acd30ce/window/rect 200 9 ms - 50 
[38;5;89m[3eadef2e][0m[38;5;86m[HTTP][0m [37m-->[39m [37mPOST[39m [37m/wd/hub/session/3eadef2e-473e-4d33-a615-95fd7acd30ce/elements[39m {"using":"xpath","value":"//android.widget.EditText[@resource-id='ion-input-5']"}
[38;5;89m[3eadef2e][0m[38;5;86m[HTTP][0m <-- POST /wd/hub/session/3eadef2e-473e-4d33-a615-95fd7acd30ce/elements 200 34 ms - 139 
[38;5;89m[3eadef2e][0m[38;5;86m[HTTP][0m [37m-->[39m [37mGET[39m [37m/wd/hub/session/3eadef2e-473e-4d33-a615-95fd7acd30ce/element/00000000-0000-000a-0000-017300000007/rect[39m {}
[38;5;89m[3eadef2e][0m[38;5;-126m[AndroidUiautomator2Driver@3877][0m Driver proxy active, passing request on via HTTP proxy
[38;5;89m[3eadef2e][0m[38;5;-126m[AndroidUiautomator2Driver@3877][0m Replacing sessionId 21fd69d0-bcf2-4c02-9bef-e985a0a83acb with 3eadef2e-473e-4d33-a615-95fd7acd30ce
[38;5;89m[3eadef2e][0m[38;5;86m[HTTP][0m <-- GET /wd/hub/session/3eadef2e-473e-4d33-a615-95fd7acd30ce/element/00000000-0000-000a-0000-017300000007/rect 200 6 ms - 103 
[38;5;89m[3eadef2e][0m[38;5;86m[HTTP][0m [37m-->[39m [37mPOST[39m [37m/wd/hub/session/3eadef2e-473e-4d33-a615-95fd7acd30ce/timeouts[39m {"implicit":30000}
[38;5;89m[3eadef2e][0m[38;5;86m[HTTP][0m <-- POST /wd/hub/session/3eadef2e-473e-4d33-a615-95fd7acd30ce/timeouts 200 0 ms - 14 
[38;5;89m[3eadef2e][0m[38;5;86m[HTTP][0m [37m-->[39m [37mPOST[39m [37m/wd/hub/session/3eadef2e-473e-4d33-a615-95fd7acd30ce/element/00000000-0000-000a-0000-017300000007/value[39m {"id":"00000000-0000-000a-0000-017300000007","value":["p","a","s","s","w","o","r","d"],"text":"password"}
[38;5;89m[3eadef2e][0m[38;5;86m[HTTP][0m <-- POST /wd/hub/session/3eadef2e-473e-4d33-a615-95fd7acd30ce/element/00000000-0000-000a-0000-017300000007/value 200 8 ms - 14 
[38;5;89m[3eadef2e][0m[38;5;86m[HTTP][0m [37m-->[39m [37mPOST[39m [37m/wd/hub/session/3eadef2e-473e-4d33-a615-95fd7acd30ce/timeouts[39m {"implicit":50}
[38;5;89m[3eadef2e][0m[38;5;86m[HTTP][0m <-- POST /wd/hub/session/3eadef2e-473e-4d33-a615-95fd7acd30ce/timeouts 200 1 ms - 14 
[38;5;89m[3eadef2e][0m[38;5;86m[HTTP][0m [37m-->[39m [37mGET[39m [37m/wd/hub/session/3eadef2e-473e-4d33-a615-95fd7acd30ce/window/rect[39m {}
[38;5;89m[3eadef2e][0m[38;5;86m[HTTP][0m <-- GET /wd/hub/session/3eadef2e-473e-4d33-a615-95fd7acd30ce/window/rect 200 10 ms - 50 
[38;5;89m[3eadef2e][0m[38;5;86m[HTTP][0m [37m-->[39m [37mPOST[39m [37m/wd/hub/session/3eadef2e-473e-4d33-a615-95fd7acd30ce/elements[39m {"using":"xpath","value":"//*[@class = 'android.widget.EditText' and @resource-id = 'ion-input-6' and (@text = '' or . = '')]"}
[38;5;89m[3eadef2e][0m[38;5;86m[HTTP][0m <-- POST /wd/hub/session/3eadef2e-473e-4d33-a615-95fd7acd30ce/elements 200 48 ms - 139 
[38;5;89m[3eadef2e][0m[38;5;86m[HTTP][0m [37m-->[39m [37mGET[39m [37m/wd/hub/session/3eadef2e-473e-4d33-a615-95fd7acd30ce/element/00000000-0000-000a-0000-017400000007/rect[39m {}
[38;5;89m[3eadef2e][0m[38;5;-126m[AndroidUiautomator2Driver@3877][0m Driver proxy active, passing request on via HTTP proxy
[38;5;89m[3eadef2e][0m[38;5;-126m[AndroidUiautomator2Driver@3877][0m Replacing sessionId 21fd69d0-bcf2-4c02-9bef-e985a0a83acb with 3eadef2e-473e-4d33-a615-95fd7acd30ce
[38;5;89m[3eadef2e][0m[38;5;86m[HTTP][0m <-- GET /wd/hub/session/3eadef2e-473e-4d33-a615-95fd7acd30ce/element/00000000-0000-000a-0000-017400000007/rect 200 6 ms - 103 
[38;5;89m[3eadef2e][0m[38;5;86m[HTTP][0m [37m-->[39m [37mPOST[39m [37m/wd/hub/session/3eadef2e-473e-4d33-a615-95fd7acd30ce/timeouts[39m {"implicit":30000}
[38;5;89m[3eadef2e][0m[38;5;86m[HTTP][0m <-- POST /wd/hub/session/3eadef2e-473e-4d33-a615-95fd7acd30ce/timeouts 200 0 ms - 14 
[38;5;89m[3eadef2e][0m[38;5;86m[HTTP][0m [37m-->[39m [37mPOST[39m [37m/wd/hub/session/3eadef2e-473e-4d33-a615-95fd7acd30ce/element/00000000-0000-000a-0000-017400000007/value[39m {"id":"00000000-0000-000a-0000-017400000007","value":["p","a","s","s","w","o","r","d"],"text":"password"}
[38;5;89m[3eadef2e][0m[38;5;86m[HTTP][0m <-- POST /wd/hub/session/3eadef2e-473e-4d33-a615-95fd7acd30ce/element/00000000-0000-000a-0000-017400000007/value 200 8 ms - 14 
[38;5;89m[3eadef2e][0m[38;5;86m[HTTP][0m [37m-->[39m [37mPOST[39m [37m/wd/hub/session/3eadef2e-473e-4d33-a615-95fd7acd30ce/timeouts[39m {"implicit":50}
[38;5;89m[3eadef2e][0m[38;5;86m[HTTP][0m <-- POST /wd/hub/session/3eadef2e-473e-4d33-a615-95fd7acd30ce/timeouts 200 1 ms - 14 
[38;5;89m[3eadef2e][0m[38;5;86m[HTTP][0m [37m-->[39m [37mGET[39m [37m/wd/hub/session/3eadef2e-473e-4d33-a615-95fd7acd30ce/window/rect[39m {}
[38;5;89m[3eadef2e][0m[38;5;86m[HTTP][0m <-- GET /wd/hub/session/3eadef2e-473e-4d33-a615-95fd7acd30ce/window/rect 200 8 ms - 50 
[38;5;89m[3eadef2e][0m[38;5;86m[HTTP][0m [37m-->[39m [37mPOST[39m [37m/wd/hub/session/3eadef2e-473e-4d33-a615-95fd7acd30ce/elements[39m {"using":"xpath","value":"//*[@class = 'android.widget.Button' and (@text = 'Next' or . = 'Next')]"}
[38;5;89m[3eadef2e][0m[38;5;86m[HTTP][0m <-- POST /wd/hub/session/3eadef2e-473e-4d33-a615-95fd7acd30ce/elements 200 49 ms - 139 
[38;5;89m[3eadef2e][0m[38;5;86m[HTTP][0m [37m-->[39m [37mGET[39m [37m/wd/hub/session/3eadef2e-473e-4d33-a615-95fd7acd30ce/element/00000000-0000-000a-0000-019e00000007/rect[39m {}
[38;5;89m[3eadef2e][0m[38;5;-126m[AndroidUiautomator2Driver@3877][0m Driver proxy active, passing request on via HTTP proxy
[38;5;89m[3eadef2e][0m[38;5;-126m[AndroidUiautomator2Driver@3877][0m Replacing sessionId 21fd69d0-bcf2-4c02-9bef-e985a0a83acb with 3eadef2e-473e-4d33-a615-95fd7acd30ce
[38;5;89m[3eadef2e][0m[38;5;86m[HTTP][0m <-- GET /wd/hub/session/3eadef2e-473e-4d33-a615-95fd7acd30ce/element/00000000-0000-000a-0000-019e00000007/rect 200 6 ms - 103 
[38;5;89m[3eadef2e][0m[38;5;86m[HTTP][0m [37m-->[39m [37mPOST[39m [37m/wd/hub/session/3eadef2e-473e-4d33-a615-95fd7acd30ce/timeouts[39m {"implicit":30000}
[38;5;89m[3eadef2e][0m[38;5;86m[HTTP][0m <-- POST /wd/hub/session/3eadef2e-473e-4d33-a615-95fd7acd30ce/timeouts 200 0 ms - 14 
[38;5;89m[3eadef2e][0m[38;5;86m[HTTP][0m [37m-->[39m [37mPOST[39m [37m/wd/hub/session/3eadef2e-473e-4d33-a615-95fd7acd30ce/element/00000000-0000-000a-0000-019e00000007/click[39m {"id":"00000000-0000-000a-0000-019e00000007"}
[38;5;89m[3eadef2e][0m[38;5;86m[HTTP][0m <-- POST /wd/hub/session/3eadef2e-473e-4d33-a615-95fd7acd30ce/element/00000000-0000-000a-0000-019e00000007/click 200 45 ms - 14 
[38;5;89m[3eadef2e][0m[38;5;86m[HTTP][0m [37m-->[39m [37mGET[39m [37m/wd/hub/session/3eadef2e-473e-4d33-a615-95fd7acd30ce/context[39m {}
[38;5;89m[3eadef2e][0m[38;5;86m[HTTP][0m <-- GET /wd/hub/session/3eadef2e-473e-4d33-a615-95fd7acd30ce/context 200 1 ms - 22 
[38;5;89m[3eadef2e][0m[38;5;86m[HTTP][0m [37m-->[39m [37mGET[39m [37m/wd/hub/session/3eadef2e-473e-4d33-a615-95fd7acd30ce/contexts[39m {}
[38;5;89m[3eadef2e][0m[38;5;86m[HTTP][0m <-- GET /wd/hub/session/3eadef2e-473e-4d33-a615-95fd7acd30ce/contexts 200 275 ms - 24 
[38;5;89m[3eadef2e][0m[38;5;86m[HTTP][0m [37m-->[39m [37mPOST[39m [37m/wd/hub/session/3eadef2e-473e-4d33-a615-95fd7acd30ce/context[39m {"name":"NATIVE_APP"}
[38;5;89m[3eadef2e][0m[38;5;86m[HTTP][0m <-- POST /wd/hub/session/3eadef2e-473e-4d33-a615-95fd7acd30ce/context 200 1 ms - 14 
[38;5;89m[3eadef2e][0m[38;5;86m[HTTP][0m [37m-->[39m [37mPOST[39m [37m/wd/hub/session/3eadef2e-473e-4d33-a615-95fd7acd30ce/element[39m {"using":"-android uiautomator","value":"new UiScrollable(new UiSelector().scrollable(true).instance(0)).scrollIntoView(new UiSelector().textContains(\"etc).\"))"}
[38;5;89m[3eadef2e][0m[38;5;86m[HTTP][0m <-- POST /wd/hub/session/3eadef2e-473e-4d33-a615-95fd7acd30ce/element 200 29 ms - 137 
[38;5;89m[3eadef2e][0m[38;5;86m[HTTP][0m [37m-->[39m [37mPOST[39m [37m/wd/hub/session/3eadef2e-473e-4d33-a615-95fd7acd30ce/context[39m {"name":"NATIVE_APP"}
[38;5;89m[3eadef2e][0m[38;5;86m[HTTP][0m <-- POST /wd/hub/session/3eadef2e-473e-4d33-a615-95fd7acd30ce/context 200 0 ms - 14 
[38;5;89m[3eadef2e][0m[38;5;86m[HTTP][0m [37m-->[39m [37mPOST[39m [37m/wd/hub/session/3eadef2e-473e-4d33-a615-95fd7acd30ce/timeouts[39m {"implicit":50}
[38;5;89m[3eadef2e][0m[38;5;86m[HTTP][0m <-- POST /wd/hub/session/3eadef2e-473e-4d33-a615-95fd7acd30ce/timeouts 200 1 ms - 14 
[38;5;89m[3eadef2e][0m[38;5;86m[HTTP][0m [37m-->[39m [37mGET[39m [37m/wd/hub/session/3eadef2e-473e-4d33-a615-95fd7acd30ce/window/rect[39m {}
[38;5;89m[3eadef2e][0m[38;5;86m[HTTP][0m <-- GET /wd/hub/session/3eadef2e-473e-4d33-a615-95fd7acd30ce/window/rect 200 8 ms - 50 
[38;5;89m[3eadef2e][0m[38;5;86m[HTTP][0m [37m-->[39m [37mPOST[39m [37m/wd/hub/session/3eadef2e-473e-4d33-a615-95fd7acd30ce/elements[39m {"using":"xpath","value":"//android.widget.Button[@text='Agree to Terms & Conditions']"}
[38;5;89m[3eadef2e][0m[38;5;86m[HTTP][0m <-- POST /wd/hub/session/3eadef2e-473e-4d33-a615-95fd7acd30ce/elements 200 36 ms - 139 
[38;5;89m[3eadef2e][0m[38;5;86m[HTTP][0m [37m-->[39m [37mGET[39m [37m/wd/hub/session/3eadef2e-473e-4d33-a615-95fd7acd30ce/element/00000000-0000-000a-0000-01d000000007/rect[39m {}
[38;5;89m[3eadef2e][0m[38;5;-126m[AndroidUiautomator2Driver@3877][0m Driver proxy active, passing request on via HTTP proxy
[38;5;89m[3eadef2e][0m[38;5;-126m[AndroidUiautomator2Driver@3877][0m Replacing sessionId 21fd69d0-bcf2-4c02-9bef-e985a0a83acb with 3eadef2e-473e-4d33-a615-95fd7acd30ce
[38;5;89m[3eadef2e][0m[38;5;86m[HTTP][0m <-- GET /wd/hub/session/3eadef2e-473e-4d33-a615-95fd7acd30ce/element/00000000-0000-000a-0000-01d000000007/rect 200 7 ms - 103 
[38;5;89m[3eadef2e][0m[38;5;86m[HTTP][0m [37m-->[39m [37mPOST[39m [37m/wd/hub/session/3eadef2e-473e-4d33-a615-95fd7acd30ce/timeouts[39m {"implicit":30000}
[38;5;89m[3eadef2e][0m[38;5;86m[HTTP][0m <-- POST /wd/hub/session/3eadef2e-473e-4d33-a615-95fd7acd30ce/timeouts 200 0 ms - 14 
[38;5;89m[3eadef2e][0m[38;5;86m[HTTP][0m [37m-->[39m [37mPOST[39m [37m/wd/hub/session/3eadef2e-473e-4d33-a615-95fd7acd30ce/element/00000000-0000-000a-0000-01d000000007/click[39m {"id":"00000000-0000-000a-0000-01d000000007"}
[38;5;89m[3eadef2e][0m[38;5;86m[HTTP][0m <-- POST /wd/hub/session/3eadef2e-473e-4d33-a615-95fd7acd30ce/element/00000000-0000-000a-0000-01d000000007/click 200 67 ms - 14 
[38;5;89m[3eadef2e][0m[38;5;86m[HTTP][0m [37m-->[39m [37mPOST[39m [37m/wd/hub/session/3eadef2e-473e-4d33-a615-95fd7acd30ce/timeouts[39m {"implicit":50}
[38;5;89m[3eadef2e][0m[38;5;86m[HTTP][0m <-- POST /wd/hub/session/3eadef2e-473e-4d33-a615-95fd7acd30ce/timeouts 200 1 ms - 14 
[38;5;89m[3eadef2e][0m[38;5;86m[HTTP][0m [37m-->[39m [37mGET[39m [37m/wd/hub/session/3eadef2e-473e-4d33-a615-95fd7acd30ce/window/rect[39m {}
[38;5;89m[3eadef2e][0m[38;5;86m[HTTP][0m <-- GET /wd/hub/session/3eadef2e-473e-4d33-a615-95fd7acd30ce/window/rect 500 5 ms - 1149 
[38;5;89m[3eadef2e][0m[38;5;86m[HTTP][0m [37m-->[39m [37mPOST[39m [37m/wd/hub/session/3eadef2e-473e-4d33-a615-95fd7acd30ce/timeouts[39m {"implicit":30000}
[38;5;89m[3eadef2e][0m[38;5;86m[HTTP][0m <-- POST /wd/hub/session/3eadef2e-473e-4d33-a615-95fd7acd30ce/timeouts 200 1 ms - 14 
[38;5;89m[3eadef2e][0m[38;5;86m[HTTP][0m [37m-->[39m [37mGET[39m [37m/wd/hub/session/3eadef2e-473e-4d33-a615-95fd7acd30ce/context[39m {}
[38;5;89m[3eadef2e][0m[38;5;86m[HTTP][0m <-- GET /wd/hub/session/3eadef2e-473e-4d33-a615-95fd7acd30ce/context 200 0 ms - 22 
[38;5;89m[3eadef2e][0m[38;5;86m[HTTP][0m [37m-->[39m [37mGET[39m [37m/wd/hub/session/3eadef2e-473e-4d33-a615-95fd7acd30ce/contexts[39m {}
[38;5;89m[3eadef2e][0m[38;5;86m[HTTP][0m <-- GET /wd/hub/session/3eadef2e-473e-4d33-a615-95fd7acd30ce/contexts 200 257 ms - 24 
[38;5;89m[3eadef2e][0m[38;5;86m[HTTP][0m [37m-->[39m [37mPOST[39m [37m/wd/hub/session/3eadef2e-473e-4d33-a615-95fd7acd30ce/context[39m {"name":"NATIVE_APP"}
[38;5;89m[3eadef2e][0m[38;5;86m[HTTP][0m <-- POST /wd/hub/session/3eadef2e-473e-4d33-a615-95fd7acd30ce/context 200 1 ms - 14 
[38;5;89m[3eadef2e][0m[38;5;86m[HTTP][0m [37m-->[39m [37mGET[39m [37m/wd/hub/session/3eadef2e-473e-4d33-a615-95fd7acd30ce/screenshot[39m {}
[38;5;89m[3eadef2e][0m[38;5;86m[HTTP][0m <-- GET /wd/hub/session/3eadef2e-473e-4d33-a615-95fd7acd30ce/screenshot 500 3 ms - 986 
[38;5;89m[3eadef2e][0m[38;5;86m[HTTP][0m [37m-->[39m [37mPOST[39m [37m/wd/hub/session/3eadef2e-473e-4d33-a615-95fd7acd30ce/context[39m {"name":"NATIVE_APP"}
[38;5;89m[3eadef2e][0m[38;5;86m[HTTP][0m <-- POST /wd/hub/session/3eadef2e-473e-4d33-a615-95fd7acd30ce/context 200 1 ms - 14 
[38;5;86m[HTTP][0m [37m-->[39m [37mGET[39m [37m/wd/hub/status[39m {}
[38;5;86m[HTTP][0m <-- GET /wd/hub/status 200 1 ms - 200 
[38;5;86m[HTTP][0m [37m-->[39m [37mPOST[39m [37m/wd/hub/session[39m {"capabilities":{"firstMatch":[{"appium:app":"/Users/gv.vignesh/Downloads/WGR-Android-Automation/App Folder/universal.apk","appium:autoGrantPermissions":true,"appium:automationName":"uiautomator2","appium:deviceId":"","appium:deviceName":"emulator-5554 (sdk_gphone64_arm64 - Android 16)","appium:fullReset":true,"appium:newCommandTimeout":1800,"appium:noReset":false,"appium:platformName":"ANDROID","appium:platformVersion":"16","appium:systemPort":59058,"appium:udid":"emulator-5554","platformName":"ANDROID"}]},"desiredCapabilities":{"appium:app":"/Users/gv.vignesh/Downloads/WGR-Android-Automation/App Folder/universal.apk","appium:autoGrantPermissions":true,"appium:automationName":"uiautomator2","appium:deviceId":"","appium:deviceName":"emulator-5554 (sdk_gphone64_arm64 - Android 16)","appium:fullReset":true,"appium:newCommandTimeout":1800,"appium:noReset":false,"appium:platformName":"ANDROID","appium:platformVersion":"16","appium:systemPort":59058,"appium:udid":"emulator-5554"}}
[38;5;123m[BaseDriver][0m Ignoring capability 'appium:platformName=ANDROID' and using capability 'platformName=ANDROID'
[38;5;123m[BaseDriver][0m The capabilities ["platformName"] are standard capabilities and do not require "appium:" prefix
[38;5;112m[Appium][0m Attempting to find matching driver for automationName 'uiautomator2' and platformName 'ANDROID'
[38;5;112m[Appium][0m The 'uiautomator2' driver was installed and matched caps.
[38;5;112m[Appium][0m Will require it at /Users/gv.vignesh/.appium/node_modules/appium-uiautomator2-driver
[38;5;127m[AppiumDriver@f395][0m Appium v2.16.0 creating new AndroidUiautomator2Driver (v4.1.5) session
[38;5;127m[AppiumDriver@f395][0m Checking BaseDriver versions for Appium and AndroidUiautomator2Driver
[38;5;127m[AppiumDriver@f395][0m Appium's BaseDriver version is 9.16.4
[38;5;127m[AppiumDriver@f395][0m AndroidUiautomator2Driver's BaseDriver version is 9.16.4
[38;5;-40m[AndroidUiautomator2Driver@1011][0m The following provided capabilities were not recognized by this driver:
[38;5;-40m[AndroidUiautomator2Driver@1011][0m   deviceId
[38;5;25m[3c9b2132][0m[38;5;-40m[AndroidUiautomator2Driver@1011][0m Session created with session id: 3c9b2132-618a-4e02-bd6c-afb00eaccb1a
[38;5;25m[3c9b2132][0m[38;5;229m[ADB][0m Using 'adb' from '/Users/gv.vignesh/.katalon/tools/android_sdk/platform-tools/adb'
[38;5;25m[3c9b2132][0m[38;5;-40m[AndroidUiautomator2Driver@1011][0m Retrieving device list
[38;5;25m[3c9b2132][0m[38;5;-40m[AndroidUiautomator2Driver@1011][0m Using device: emulator-5554
[38;5;25m[3c9b2132][0m[38;5;229m[ADB][0m Using 'adb' from '/Users/gv.vignesh/.katalon/tools/android_sdk/platform-tools/adb'
[38;5;25m[3c9b2132][0m[38;5;123m[BaseDriver][0m Using local app '/Users/gv.vignesh/Downloads/WGR-Android-Automation/App Folder/universal.apk'
[38;5;25m[3c9b2132][0m[38;5;229m[ADB][0m Getting device platform version
[38;5;25m[3c9b2132][0m[38;5;-40m[AndroidUiautomator2Driver@1011][0m Relaxing hidden api policy
[38;5;25m[3c9b2132][0m[38;5;229m[ADB][0m Using 'aapt2' from '/Users/gv.vignesh/.katalon/tools/android_sdk/build-tools/29.0.3/aapt2'
[38;5;25m[3c9b2132][0m[38;5;229m[ADB][0m Package name: 'com.westgate.rewrite2'
[38;5;25m[3c9b2132][0m[38;5;229m[ADB][0m Main activity name: 'com.westgate.rewrite2.MainActivity'
[38;5;25m[3c9b2132][0m[38;5;-40m[AndroidUiautomator2Driver@1011][0m Server packages are not going to be (re)installed
[38;5;25m[3c9b2132][0m[38;5;229m[ADB][0m com.westgate.rewrite2 was not uninstalled, because it was not present on the device
[38;5;25m[3c9b2132][0m[38;5;229m[ADB][0m Adding packages ["io.appium.settings","io.appium.uiautomator2.server","io.appium.uiautomator2.server.test"] to Doze whitelist
[38;5;25m[3c9b2132][0m[38;5;229m[ADB][0m The application at '/Users/gv.vignesh/Downloads/WGR-Android-Automation/App Folder/universal.apk' will not be cached, because the device under test has confirmed the support of streamed installs
[38;5;25m[3c9b2132][0m[38;5;229m[ADB][0m The installation of 'universal.apk' took 715ms
[38;5;25m[3c9b2132][0m[38;5;-40m[AndroidUiautomator2Driver@1011][0m Starting UIAutomator2 server 7.3.0
[38;5;25m[3c9b2132][0m[38;5;-40m[AndroidUiautomator2Driver@1011][0m Using UIAutomator2 server from '/Users/gv.vignesh/.appium/node_modules/appium-uiautomator2-driver/node_modules/appium-uiautomator2-server/apks/appium-uiautomator2-server-v7.3.0.apk' and test from '/Users/gv.vignesh/.appium/node_modules/appium-uiautomator2-driver/node_modules/appium-uiautomator2-server/apks/appium-uiautomator2-server-debug-androidTest.apk'
[38;5;25m[3c9b2132][0m[38;5;-40m[AndroidUiautomator2Driver@1011][0m Waiting up to 30000ms for UiAutomator2 to be online...
[38;5;25m[3c9b2132][0m[38;5;-40m[AndroidUiautomator2Driver@1011][0m socket hang up
[38;5;25m[3c9b2132][0m[38;5;-40m[AndroidUiautomator2Driver@1011][0m Determined the downstream protocol as 'W3C'
[38;5;25m[3c9b2132][0m[38;5;-40m[AndroidUiautomator2Driver@1011][0m Screen already unlocked, doing nothing
[38;5;25m[3c9b2132][0m[38;5;-40m[AndroidUiautomator2Driver@1011][0m Starting 'com.westgate.rewrite2/com.westgate.rewrite2.MainActivity' and waiting for 'com.westgate.rewrite2/com.westgate.rewrite2.MainActivity'
[38;5;25m[3c9b2132][0m[38;5;127m[AppiumDriver@f395][0m New AndroidUiautomator2Driver session created successfully, session 3c9b2132-618a-4e02-bd6c-afb00eaccb1a added to master session list
[38;5;25m[3c9b2132][0m[38;5;86m[HTTP][0m <-- POST /wd/hub/session 200 3774 ms - 1350 
[38;5;86m[HTTP][0m [37m-->[39m [37mGET[39m [37m/wd/hub/status[39m {}
[38;5;86m[HTTP][0m <-- GET /wd/hub/status 200 1 ms - 200 
[38;5;25m[3c9b2132][0m[38;5;86m[HTTP][0m [37m-->[39m [37mPOST[39m [37m/wd/hub/session/3c9b2132-618a-4e02-bd6c-afb00eaccb1a/timeouts[39m {"implicit":30000}
[38;5;25m[3c9b2132][0m[38;5;86m[HTTP][0m <-- POST /wd/hub/session/3c9b2132-618a-4e02-bd6c-afb00eaccb1a/timeouts 200 1 ms - 14 
[38;5;25m[3c9b2132][0m[38;5;86m[HTTP][0m [37m-->[39m [37mPOST[39m [37m/wd/hub/session/3c9b2132-618a-4e02-bd6c-afb00eaccb1a/execute/sync[39m {"script":"mobile: getSystemBars","args":[]}
[38;5;25m[3c9b2132][0m[38;5;-40m[AndroidUiautomator2Driver@1011][0m No windows have been found whose title matches to 'NavigationBar'. Assuming it is invisible. Only the following windows are available: ScreenDecorOverlayBottom,ScreenDecorOverlay,EdgeBackGestureHandler0,Taskbar,NotificationShade,StatusBar,ShellDropTarget,InputMethod
[38;5;25m[3c9b2132][0m[38;5;86m[HTTP][0m <-- POST /wd/hub/session/3c9b2132-618a-4e02-bd6c-afb00eaccb1a/execute/sync 200 102 ms - 144 
[38;5;25m[3c9b2132][0m[38;5;86m[HTTP][0m [37m-->[39m [37mPOST[39m [37m/wd/hub/session/3c9b2132-618a-4e02-bd6c-afb00eaccb1a/timeouts[39m {"implicit":50}
[38;5;25m[3c9b2132][0m[38;5;86m[HTTP][0m <-- POST /wd/hub/session/3c9b2132-618a-4e02-bd6c-afb00eaccb1a/timeouts 200 2 ms - 14 
[38;5;25m[3c9b2132][0m[38;5;86m[HTTP][0m [37m-->[39m [37mGET[39m [37m/wd/hub/session/3c9b2132-618a-4e02-bd6c-afb00eaccb1a/window/rect[39m {}
[38;5;25m[3c9b2132][0m[38;5;86m[HTTP][0m <-- GET /wd/hub/session/3c9b2132-618a-4e02-bd6c-afb00eaccb1a/window/rect 200 11 ms - 50 
[38;5;25m[3c9b2132][0m[38;5;86m[HTTP][0m [37m-->[39m [37mPOST[39m [37m/wd/hub/session/3c9b2132-618a-4e02-bd6c-afb00eaccb1a/elements[39m {"using":"xpath","value":"//*[@class = 'android.widget.Button' and (@text = 'Login or Sign Up' or . = 'Login or Sign Up')]"}
[38;5;25m[3c9b2132][0m[38;5;86m[HTTP][0m <-- POST /wd/hub/session/3c9b2132-618a-4e02-bd6c-afb00eaccb1a/elements 200 139 ms - 139 
[38;5;25m[3c9b2132][0m[38;5;86m[HTTP][0m [37m-->[39m [37mGET[39m [37m/wd/hub/session/3c9b2132-618a-4e02-bd6c-afb00eaccb1a/element/00000000-0000-0018-0000-00a300000007/rect[39m {}
[38;5;25m[3c9b2132][0m[38;5;-40m[AndroidUiautomator2Driver@1011][0m Driver proxy active, passing request on via HTTP proxy
[38;5;25m[3c9b2132][0m[38;5;-40m[AndroidUiautomator2Driver@1011][0m Replacing sessionId f88b1169-b3b3-44ed-8ab5-3ae505d6a230 with 3c9b2132-618a-4e02-bd6c-afb00eaccb1a
[38;5;25m[3c9b2132][0m[38;5;86m[HTTP][0m <-- GET /wd/hub/session/3c9b2132-618a-4e02-bd6c-afb00eaccb1a/element/00000000-0000-0018-0000-00a300000007/rect 200 13 ms - 103 
[38;5;25m[3c9b2132][0m[38;5;86m[HTTP][0m [37m-->[39m [37mPOST[39m [37m/wd/hub/session/3c9b2132-618a-4e02-bd6c-afb00eaccb1a/timeouts[39m {"implicit":30000}
[38;5;25m[3c9b2132][0m[38;5;86m[HTTP][0m <-- POST /wd/hub/session/3c9b2132-618a-4e02-bd6c-afb00eaccb1a/timeouts 200 1 ms - 14 
[38;5;25m[3c9b2132][0m[38;5;86m[HTTP][0m [37m-->[39m [37mPOST[39m [37m/wd/hub/session/3c9b2132-618a-4e02-bd6c-afb00eaccb1a/element/00000000-0000-0018-0000-00a300000007/click[39m {"id":"00000000-0000-0018-0000-00a300000007"}
[38;5;25m[3c9b2132][0m[38;5;86m[HTTP][0m <-- POST /wd/hub/session/3c9b2132-618a-4e02-bd6c-afb00eaccb1a/element/00000000-0000-0018-0000-00a300000007/click 200 62 ms - 14 
[38;5;25m[3c9b2132][0m[38;5;86m[HTTP][0m [37m-->[39m [37mPOST[39m [37m/wd/hub/session/3c9b2132-618a-4e02-bd6c-afb00eaccb1a/timeouts[39m {"implicit":50}
[38;5;25m[3c9b2132][0m[38;5;86m[HTTP][0m <-- POST /wd/hub/session/3c9b2132-618a-4e02-bd6c-afb00eaccb1a/timeouts 200 2 ms - 14 
[38;5;25m[3c9b2132][0m[38;5;86m[HTTP][0m [37m-->[39m [37mGET[39m [37m/wd/hub/session/3c9b2132-618a-4e02-bd6c-afb00eaccb1a/window/rect[39m {}
[38;5;25m[3c9b2132][0m[38;5;86m[HTTP][0m <-- GET /wd/hub/session/3c9b2132-618a-4e02-bd6c-afb00eaccb1a/window/rect 200 12 ms - 50 
[38;5;25m[3c9b2132][0m[38;5;86m[HTTP][0m [37m-->[39m [37mPOST[39m [37m/wd/hub/session/3c9b2132-618a-4e02-bd6c-afb00eaccb1a/elements[39m {"using":"xpath","value":"//*[@class = 'android.widget.EditText' and (@text = '' or . = '')]"}
[38;5;25m[3c9b2132][0m[38;5;86m[HTTP][0m <-- POST /wd/hub/session/3c9b2132-618a-4e02-bd6c-afb00eaccb1a/elements 200 66 ms - 139 
[38;5;25m[3c9b2132][0m[38;5;86m[HTTP][0m [37m-->[39m [37mGET[39m [37m/wd/hub/session/3c9b2132-618a-4e02-bd6c-afb00eaccb1a/element/00000000-0000-0018-0000-00dc00000007/rect[39m {}
[38;5;25m[3c9b2132][0m[38;5;-40m[AndroidUiautomator2Driver@1011][0m Driver proxy active, passing request on via HTTP proxy
[38;5;25m[3c9b2132][0m[38;5;-40m[AndroidUiautomator2Driver@1011][0m Replacing sessionId f88b1169-b3b3-44ed-8ab5-3ae505d6a230 with 3c9b2132-618a-4e02-bd6c-afb00eaccb1a
[38;5;25m[3c9b2132][0m[38;5;86m[HTTP][0m <-- GET /wd/hub/session/3c9b2132-618a-4e02-bd6c-afb00eaccb1a/element/00000000-0000-0018-0000-00dc00000007/rect 200 5 ms - 103 
[38;5;25m[3c9b2132][0m[38;5;86m[HTTP][0m [37m-->[39m [37mPOST[39m [37m/wd/hub/session/3c9b2132-618a-4e02-bd6c-afb00eaccb1a/timeouts[39m {"implicit":30000}
[38;5;25m[3c9b2132][0m[38;5;86m[HTTP][0m <-- POST /wd/hub/session/3c9b2132-618a-4e02-bd6c-afb00eaccb1a/timeouts 200 0 ms - 14 
[38;5;25m[3c9b2132][0m[38;5;86m[HTTP][0m [37m-->[39m [37mPOST[39m [37m/wd/hub/session/3c9b2132-618a-4e02-bd6c-afb00eaccb1a/element/00000000-0000-0018-0000-00dc00000007/clear[39m {"id":"00000000-0000-0018-0000-00dc00000007"}
[38;5;25m[3c9b2132][0m[38;5;86m[HTTP][0m <-- POST /wd/hub/session/3c9b2132-618a-4e02-bd6c-afb00eaccb1a/element/00000000-0000-0018-0000-00dc00000007/clear 200 6 ms - 14 
[38;5;25m[3c9b2132][0m[38;5;86m[HTTP][0m [37m-->[39m [37mPOST[39m [37m/wd/hub/session/3c9b2132-618a-4e02-bd6c-afb00eaccb1a/element/00000000-0000-0018-0000-00dc00000007/click[39m {"id":"00000000-0000-0018-0000-00dc00000007"}
[38;5;25m[3c9b2132][0m[38;5;86m[HTTP][0m <-- POST /wd/hub/session/3c9b2132-618a-4e02-bd6c-afb00eaccb1a/element/00000000-0000-0018-0000-00dc00000007/click 200 38 ms - 14 
[38;5;25m[3c9b2132][0m[38;5;86m[HTTP][0m [37m-->[39m [37mPOST[39m [37m/wd/hub/session/3c9b2132-618a-4e02-bd6c-afb00eaccb1a/element/00000000-0000-0018-0000-00dc00000007/value[39m {"id":"00000000-0000-0018-0000-00dc00000007","value":["b","e","n","n","y","j","o","e","@","y","o","p","m","a","i","l",".","c","o","m"],"text":"bennyjoe@yopmail.com"}
[38;5;25m[3c9b2132][0m[38;5;86m[HTTP][0m <-- POST /wd/hub/session/3c9b2132-618a-4e02-bd6c-afb00eaccb1a/element/00000000-0000-0018-0000-00dc00000007/value 200 10 ms - 14 
[38;5;25m[3c9b2132][0m[38;5;86m[HTTP][0m [37m-->[39m [37mGET[39m [37m/wd/hub/session/3c9b2132-618a-4e02-bd6c-afb00eaccb1a/context[39m {}
[38;5;25m[3c9b2132][0m[38;5;86m[HTTP][0m <-- GET /wd/hub/session/3c9b2132-618a-4e02-bd6c-afb00eaccb1a/context 200 0 ms - 22 
[38;5;25m[3c9b2132][0m[38;5;86m[HTTP][0m [37m-->[39m [37mGET[39m [37m/wd/hub/session/3c9b2132-618a-4e02-bd6c-afb00eaccb1a/contexts[39m {}
[38;5;25m[3c9b2132][0m[38;5;86m[HTTP][0m <-- GET /wd/hub/session/3c9b2132-618a-4e02-bd6c-afb00eaccb1a/contexts 200 281 ms - 24 
[38;5;25m[3c9b2132][0m[38;5;86m[HTTP][0m [37m-->[39m [37mPOST[39m [37m/wd/hub/session/3c9b2132-618a-4e02-bd6c-afb00eaccb1a/context[39m {"name":"NATIVE_APP"}
[38;5;25m[3c9b2132][0m[38;5;86m[HTTP][0m <-- POST /wd/hub/session/3c9b2132-618a-4e02-bd6c-afb00eaccb1a/context 200 1 ms - 14 
[38;5;25m[3c9b2132][0m[38;5;86m[HTTP][0m [37m-->[39m [37mPOST[39m [37m/wd/hub/session/3c9b2132-618a-4e02-bd6c-afb00eaccb1a/execute/sync[39m {"script":"mobile: hideKeyboard","args":[]}
[38;5;86m[HTTP][0m <-- POST /wd/hub/session/3c9b2132-618a-4e02-bd6c-afb00eaccb1a/execute/sync - - ms - - 
[38;5;89m[3eadef2e][0m[38;5;-126m[AndroidUiautomator2Driver@3877][0m Shutting down because we waited 1800 seconds for a command
[38;5;89m[3eadef2e][0m[38;5;127m[AppiumDriver@f395][0m Ending session, cause was 'New Command Timeout of 1800 seconds expired. Try customizing the timeout using the 'newCommandTimeout' desired capability'
[38;5;89m[3eadef2e][0m[38;5;127m[AppiumDriver@f395][0m Removing session '3eadef2e-473e-4d33-a615-95fd7acd30ce' from our master session list
[38;5;89m[3eadef2e][0m[38;5;-126m[AndroidUiautomator2Driver@3877][0m Did not get the confirmation of UiAutomator2 server session deletion. Original error: An unknown server-side error occurred while processing the command. Original error: 'DELETE /' cannot be proxied to UiAutomator2 server because the instrumentation process is not running (probably crashed). Check the server log and/or the logcat output for more details
[38;5;89m[3eadef2e][0m[38;5;-126m[AndroidUiautomator2Driver@3877][0m The UIA2 server did has not been terminated within 5000ms timeout. Continuing anyway
[38;5;89m[3eadef2e][0m[38;5;229m[ADB][0m com.westgate.rewrite2 was successfully uninstalled
[38;5;89m[3eadef2e][0m[38;5;-126m[AndroidUiautomator2Driver@3877][0m Unable to remove system port forward: Error executing adbExec. Original error: 'Command '/Users/gv.vignesh/.katalon/tools/android_sdk/platform-tools/adb -P 5037 -s emulator-5554 forward --remove tcp\:58695' exited with code 1'; Command output: adb: error: listener 'tcp:58695' not found

[38;5;89m[3eadef2e][0m[38;5;-126m[AndroidUiautomator2Driver@3877][0m Restoring hidden api policy to the device default configuration
[38;5;25m[3c9b2132][0m[38;5;-40m[AndroidUiautomator2Driver@1011][0m Shutting down because we waited 1800 seconds for a command
[38;5;25m[3c9b2132][0m[38;5;127m[AppiumDriver@f395][0m Ending session, cause was 'New Command Timeout of 1800 seconds expired. Try customizing the timeout using the 'newCommandTimeout' desired capability'
[38;5;25m[3c9b2132][0m[38;5;127m[AppiumDriver@f395][0m Removing session '3c9b2132-618a-4e02-bd6c-afb00eaccb1a' from our master session list
[38;5;25m[3c9b2132][0m[38;5;-40m[AndroidUiautomator2Driver@1011][0m Did not get the confirmation of UiAutomator2 server session deletion. Original error: An unknown server-side error occurred while processing the command. Original error: 'DELETE /' cannot be proxied to UiAutomator2 server because the instrumentation process is not running (probably crashed). Check the server log and/or the logcat output for more details
[38;5;25m[3c9b2132][0m[38;5;-40m[AndroidUiautomator2Driver@1011][0m The UIA2 server did has not been terminated within 5000ms timeout. Continuing anyway
[38;5;25m[3c9b2132][0m[38;5;229m[ADB][0m com.westgate.rewrite2 was successfully uninstalled
[38;5;25m[3c9b2132][0m[38;5;-40m[AndroidUiautomator2Driver@1011][0m Unable to remove system port forward: Error executing adbExec. Original error: 'Command '/Users/gv.vignesh/.katalon/tools/android_sdk/platform-tools/adb -P 5037 -s emulator-5554 forward --remove tcp\:59058' exited with code 1'; Command output: adb: error: listener 'tcp:59058' not found

[38;5;25m[3c9b2132][0m[38;5;-40m[AndroidUiautomator2Driver@1011][0m Restoring hidden api policy to the device default configuration
[38;5;112m[Appium][0m Received SIGTERM - shutting down
[38;5;86m[HTTP][0m Closing Appium HTTP server
[38;5;86m[HTTP][0m Appium HTTP server has been succesfully closed after 2ms
