[38;5;112m[Appium][0m Welcome to Appium v2.17.1 (REV f1041842141f20bc701b522d4371d7843d905580)
[38;5;112m[Appium][0m Non-default server args:
[38;5;112m[Appium][0m { basePath: [32m'/wd/hub'[39m, loglevel: [32m'info'[39m, port: [33m62994[39m }
[38;5;112m[Appium][0m Attempting to load driver uiautomator2...
[38;5;112m[Appium][0m Appium REST http interface listener started on http://0.0.0.0:62994/wd/hub
[38;5;112m[Appium][0m You can provide the following URLs in your client code to connect to this server:
	http://127.0.0.1:62994/wd/hub (only accessible from the same host)
	http://192.168.0.106:62994/wd/hub
[38;5;112m[Appium][0m Available drivers:
[38;5;112m[Appium][0m   - uiautomator2@4.1.5 (automationName 'UiAutomator2')
[38;5;112m[Appium][0m No plugins have been installed. Use the "appium plugin" command to install the one(s) you want to use.
[38;5;86m[HTTP][0m [37m-->[39m [37mGET[39m [37m/wd/hub/status[39m {}
[38;5;86m[HTTP][0m <-- GET /wd/hub/status 200 4 ms - 200 
[38;5;86m[HTTP][0m [37m-->[39m [37mPOST[39m [37m/wd/hub/session[39m {"capabilities":{"firstMatch":[{"appium:app":"/Users/gv.vignesh/Downloads/WGR-Android-Automation/App Folder/universal.apk","appium:autoGrantPermissions":true,"appium:automationName":"uiautomator2","appium:deviceId":"","appium:deviceName":"emulator-5554 (sdk_gphone64_arm64 - Android 16)","appium:fullReset":true,"appium:newCommandTimeout":1800,"appium:noReset":false,"appium:platformName":"ANDROID","appium:platformVersion":"16","appium:systemPort":62992,"appium:udid":"emulator-5554","platformName":"ANDROID"}]},"desiredCapabilities":{"appium:app":"/Users/gv.vignesh/Downloads/WGR-Android-Automation/App Folder/universal.apk","appium:autoGrantPermissions":true,"appium:automationName":"uiautomator2","appium:deviceId":"","appium:deviceName":"emulator-5554 (sdk_gphone64_arm64 - Android 16)","appium:fullReset":true,"appium:newCommandTimeout":1800,"appium:noReset":false,"appium:platformName":"ANDROID","appium:platformVersion":"16","appium:systemPort":62992,"appium:udid":"emulator-5554"}}
[38;5;123m[BaseDriver][0m Ignoring capability 'appium:platformName=ANDROID' and using capability 'platformName=ANDROID'
[38;5;123m[BaseDriver][0m The capabilities ["platformName"] are standard capabilities and do not require "appium:" prefix
[38;5;112m[Appium][0m Attempting to find matching driver for automationName 'uiautomator2' and platformName 'ANDROID'
[38;5;112m[Appium][0m The 'uiautomator2' driver was installed and matched caps.
[38;5;112m[Appium][0m Will require it at /Users/gv.vignesh/.appium/node_modules/appium-uiautomator2-driver
[38;5;67m[AppiumDriver@7374][0m Appium v2.17.1 creating new AndroidUiautomator2Driver (v4.1.5) session
[38;5;67m[AppiumDriver@7374][0m Checking BaseDriver versions for Appium and AndroidUiautomator2Driver
[38;5;67m[AppiumDriver@7374][0m Appium's BaseDriver version is 9.16.4
[38;5;67m[AppiumDriver@7374][0m AndroidUiautomator2Driver's BaseDriver version is 9.16.4
[38;5;-136m[AndroidUiautomator2Driver@425f][0m The following provided capabilities were not recognized by this driver:
[38;5;-136m[AndroidUiautomator2Driver@425f][0m   deviceId
[38;5;62m[0de93be6][0m[38;5;-136m[AndroidUiautomator2Driver@425f][0m Session created with session id: 0de93be6-6229-471a-9fe2-ce42132b4169
[38;5;62m[0de93be6][0m[38;5;229m[ADB][0m Found 1 'build-tools' folders under '/Users/gv.vignesh/.katalon/tools/android_sdk' (newest first):
[38;5;62m[0de93be6][0m[38;5;229m[ADB][0m     /Users/gv.vignesh/.katalon/tools/android_sdk/build-tools/29.0.3
[38;5;62m[0de93be6][0m[38;5;229m[ADB][0m Using 'adb' from '/Users/gv.vignesh/.katalon/tools/android_sdk/platform-tools/adb'
[38;5;62m[0de93be6][0m[38;5;-136m[AndroidUiautomator2Driver@425f][0m Retrieving device list
[38;5;62m[0de93be6][0m[38;5;-136m[AndroidUiautomator2Driver@425f][0m Using device: emulator-5554
[38;5;62m[0de93be6][0m[38;5;229m[ADB][0m Using 'adb' from '/Users/gv.vignesh/.katalon/tools/android_sdk/platform-tools/adb'
[38;5;62m[0de93be6][0m[38;5;123m[BaseDriver][0m Using local app '/Users/gv.vignesh/Downloads/WGR-Android-Automation/App Folder/universal.apk'
[38;5;62m[0de93be6][0m[38;5;229m[ADB][0m Getting device platform version
[38;5;62m[0de93be6][0m[38;5;-136m[AndroidUiautomator2Driver@425f][0m Relaxing hidden api policy
[38;5;62m[0de93be6][0m[38;5;229m[ADB][0m Using 'aapt2' from '/Users/gv.vignesh/.katalon/tools/android_sdk/build-tools/29.0.3/aapt2'
[38;5;62m[0de93be6][0m[38;5;229m[ADB][0m Package name: 'com.westgate.rewrite2'
[38;5;62m[0de93be6][0m[38;5;229m[ADB][0m Main activity name: 'com.westgate.rewrite2.MainActivity'
[38;5;62m[0de93be6][0m[38;5;229m[ADB][0m Using 'apksigner.jar' from '/Users/gv.vignesh/.katalon/tools/android_sdk/build-tools/29.0.3/lib/apksigner.jar'
[38;5;62m[0de93be6][0m[38;5;-136m[AndroidUiautomator2Driver@425f][0m Server packages are not going to be (re)installed
[38;5;62m[0de93be6][0m[38;5;229m[ADB][0m Adding packages ["io.appium.settings","io.appium.uiautomator2.server","io.appium.uiautomator2.server.test"] to Doze whitelist
[38;5;62m[0de93be6][0m[38;5;229m[ADB][0m '/Users/gv.vignesh/Downloads/WGR-Android-Automation/App Folder/universal.apk' is signed with a non-default certificate
[38;5;62m[0de93be6][0m[38;5;229m[ADB][0m com.westgate.rewrite2 was not uninstalled, because it was not present on the device
[38;5;62m[0de93be6][0m[38;5;229m[ADB][0m The application at '/Users/gv.vignesh/Downloads/WGR-Android-Automation/App Folder/universal.apk' will not be cached, because the device under test has confirmed the support of streamed installs
[38;5;62m[0de93be6][0m[38;5;229m[ADB][0m The installation of 'universal.apk' took 760ms
[38;5;62m[0de93be6][0m[38;5;-136m[AndroidUiautomator2Driver@425f][0m Starting UIAutomator2 server 7.3.0
[38;5;62m[0de93be6][0m[38;5;-136m[AndroidUiautomator2Driver@425f][0m Using UIAutomator2 server from '/Users/gv.vignesh/.appium/node_modules/appium-uiautomator2-driver/node_modules/appium-uiautomator2-server/apks/appium-uiautomator2-server-v7.3.0.apk' and test from '/Users/gv.vignesh/.appium/node_modules/appium-uiautomator2-driver/node_modules/appium-uiautomator2-server/apks/appium-uiautomator2-server-debug-androidTest.apk'
[38;5;62m[0de93be6][0m[38;5;-136m[AndroidUiautomator2Driver@425f][0m Waiting up to 30000ms for UiAutomator2 to be online...
[38;5;62m[0de93be6][0m[38;5;-136m[AndroidUiautomator2Driver@425f][0m socket hang up
[38;5;62m[0de93be6][0m[38;5;-136m[AndroidUiautomator2Driver@425f][0m socket hang up
[38;5;62m[0de93be6][0m[38;5;-136m[AndroidUiautomator2Driver@425f][0m Determined the downstream protocol as 'W3C'
[38;5;62m[0de93be6][0m[38;5;-136m[AndroidUiautomator2Driver@425f][0m Screen already unlocked, doing nothing
[38;5;62m[0de93be6][0m[38;5;-136m[AndroidUiautomator2Driver@425f][0m Starting 'com.westgate.rewrite2/com.westgate.rewrite2.MainActivity' and waiting for 'com.westgate.rewrite2/com.westgate.rewrite2.MainActivity'
[38;5;62m[0de93be6][0m[38;5;67m[AppiumDriver@7374][0m New AndroidUiautomator2Driver session created successfully, session 0de93be6-6229-471a-9fe2-ce42132b4169 added to master session list
[38;5;62m[0de93be6][0m[38;5;86m[HTTP][0m <-- POST /wd/hub/session 200 7723 ms - 1350 
[38;5;86m[HTTP][0m [37m-->[39m [37mGET[39m [37m/wd/hub/status[39m {}
[38;5;86m[HTTP][0m <-- GET /wd/hub/status 200 0 ms - 200 
[38;5;62m[0de93be6][0m[38;5;86m[HTTP][0m [37m-->[39m [37mPOST[39m [37m/wd/hub/session/0de93be6-6229-471a-9fe2-ce42132b4169/timeouts[39m {"implicit":30000}
[38;5;62m[0de93be6][0m[38;5;86m[HTTP][0m <-- POST /wd/hub/session/0de93be6-6229-471a-9fe2-ce42132b4169/timeouts 200 1 ms - 14 
[38;5;62m[0de93be6][0m[38;5;86m[HTTP][0m [37m-->[39m [37mPOST[39m [37m/wd/hub/session/0de93be6-6229-471a-9fe2-ce42132b4169/execute/sync[39m {"script":"mobile: getSystemBars","args":[]}
[38;5;62m[0de93be6][0m[38;5;-136m[AndroidUiautomator2Driver@425f][0m No windows have been found whose title matches to 'NavigationBar'. Assuming it is invisible. Only the following windows are available: ScreenDecorOverlayBottom,ScreenDecorOverlay,EdgeBackGestureHandler0,Taskbar,NotificationShade,StatusBar,ShellDropTarget,InputMethod
[38;5;62m[0de93be6][0m[38;5;86m[HTTP][0m <-- POST /wd/hub/session/0de93be6-6229-471a-9fe2-ce42132b4169/execute/sync 200 67 ms - 144 
[38;5;62m[0de93be6][0m[38;5;86m[HTTP][0m [37m-->[39m [37mPOST[39m [37m/wd/hub/session/0de93be6-6229-471a-9fe2-ce42132b4169/timeouts[39m {"implicit":50}
[38;5;62m[0de93be6][0m[38;5;86m[HTTP][0m <-- POST /wd/hub/session/0de93be6-6229-471a-9fe2-ce42132b4169/timeouts 200 2 ms - 14 
[38;5;62m[0de93be6][0m[38;5;86m[HTTP][0m [37m-->[39m [37mGET[39m [37m/wd/hub/session/0de93be6-6229-471a-9fe2-ce42132b4169/window/rect[39m {}
[38;5;62m[0de93be6][0m[38;5;86m[HTTP][0m <-- GET /wd/hub/session/0de93be6-6229-471a-9fe2-ce42132b4169/window/rect 200 10 ms - 50 
[38;5;62m[0de93be6][0m[38;5;86m[HTTP][0m [37m-->[39m [37mPOST[39m [37m/wd/hub/session/0de93be6-6229-471a-9fe2-ce42132b4169/elements[39m {"using":"xpath","value":"//*[@class = 'android.widget.TextView' and (@text = 'You’re Moments Away From\nCustomized Vacation Experiences.' or . = 'You’re Moments Away From\nCustomized Vacation Experiences.')]"}
[38;5;62m[0de93be6][0m[38;5;86m[HTTP][0m <-- POST /wd/hub/session/0de93be6-6229-471a-9fe2-ce42132b4169/elements 200 225 ms - 12 
[38;5;62m[0de93be6][0m[38;5;86m[HTTP][0m [37m-->[39m [37mPOST[39m [37m/wd/hub/session/0de93be6-6229-471a-9fe2-ce42132b4169/elements[39m {"using":"xpath","value":"//*[@class = 'android.widget.TextView' and (@text = 'You’re Moments Away From\nCustomized Vacation Experiences.' or . = 'You’re Moments Away From\nCustomized Vacation Experiences.')]"}
[38;5;62m[0de93be6][0m[38;5;86m[HTTP][0m <-- POST /wd/hub/session/0de93be6-6229-471a-9fe2-ce42132b4169/elements 200 88 ms - 12 
[38;5;62m[0de93be6][0m[38;5;86m[HTTP][0m [37m-->[39m [37mPOST[39m [37m/wd/hub/session/0de93be6-6229-471a-9fe2-ce42132b4169/elements[39m {"using":"xpath","value":"//*[@class = 'android.widget.TextView' and (@text = 'You’re Moments Away From\nCustomized Vacation Experiences.' or . = 'You’re Moments Away From\nCustomized Vacation Experiences.')]"}
[38;5;62m[0de93be6][0m[38;5;86m[HTTP][0m <-- POST /wd/hub/session/0de93be6-6229-471a-9fe2-ce42132b4169/elements 200 68 ms - 12 
[38;5;62m[0de93be6][0m[38;5;86m[HTTP][0m [37m-->[39m [37mPOST[39m [37m/wd/hub/session/0de93be6-6229-471a-9fe2-ce42132b4169/elements[39m {"using":"xpath","value":"//*[@class = 'android.widget.TextView' and (@text = 'You’re Moments Away From\nCustomized Vacation Experiences.' or . = 'You’re Moments Away From\nCustomized Vacation Experiences.')]"}
[38;5;62m[0de93be6][0m[38;5;86m[HTTP][0m <-- POST /wd/hub/session/0de93be6-6229-471a-9fe2-ce42132b4169/elements 200 68 ms - 12 
[38;5;62m[0de93be6][0m[38;5;86m[HTTP][0m [37m-->[39m [37mPOST[39m [37m/wd/hub/session/0de93be6-6229-471a-9fe2-ce42132b4169/elements[39m {"using":"xpath","value":"//*[@class = 'android.widget.TextView' and (@text = 'You’re Moments Away From\nCustomized Vacation Experiences.' or . = 'You’re Moments Away From\nCustomized Vacation Experiences.')]"}
[38;5;62m[0de93be6][0m[38;5;86m[HTTP][0m <-- POST /wd/hub/session/0de93be6-6229-471a-9fe2-ce42132b4169/elements 200 69 ms - 12 
[38;5;62m[0de93be6][0m[38;5;86m[HTTP][0m [37m-->[39m [37mPOST[39m [37m/wd/hub/session/0de93be6-6229-471a-9fe2-ce42132b4169/elements[39m {"using":"xpath","value":"//*[@class = 'android.widget.TextView' and (@text = 'You’re Moments Away From\nCustomized Vacation Experiences.' or . = 'You’re Moments Away From\nCustomized Vacation Experiences.')]"}
[38;5;62m[0de93be6][0m[38;5;86m[HTTP][0m <-- POST /wd/hub/session/0de93be6-6229-471a-9fe2-ce42132b4169/elements 200 65 ms - 12 
[38;5;62m[0de93be6][0m[38;5;86m[HTTP][0m [37m-->[39m [37mPOST[39m [37m/wd/hub/session/0de93be6-6229-471a-9fe2-ce42132b4169/elements[39m {"using":"xpath","value":"//*[@class = 'android.widget.TextView' and (@text = 'You’re Moments Away From\nCustomized Vacation Experiences.' or . = 'You’re Moments Away From\nCustomized Vacation Experiences.')]"}
[38;5;62m[0de93be6][0m[38;5;86m[HTTP][0m <-- POST /wd/hub/session/0de93be6-6229-471a-9fe2-ce42132b4169/elements 200 64 ms - 12 
[38;5;62m[0de93be6][0m[38;5;86m[HTTP][0m [37m-->[39m [37mPOST[39m [37m/wd/hub/session/0de93be6-6229-471a-9fe2-ce42132b4169/elements[39m {"using":"xpath","value":"//*[@class = 'android.widget.TextView' and (@text = 'You’re Moments Away From\nCustomized Vacation Experiences.' or . = 'You’re Moments Away From\nCustomized Vacation Experiences.')]"}
[38;5;62m[0de93be6][0m[38;5;86m[HTTP][0m <-- POST /wd/hub/session/0de93be6-6229-471a-9fe2-ce42132b4169/elements 200 64 ms - 12 
[38;5;62m[0de93be6][0m[38;5;86m[HTTP][0m [37m-->[39m [37mPOST[39m [37m/wd/hub/session/0de93be6-6229-471a-9fe2-ce42132b4169/elements[39m {"using":"xpath","value":"//*[@class = 'android.widget.TextView' and (@text = 'You’re Moments Away From\nCustomized Vacation Experiences.' or . = 'You’re Moments Away From\nCustomized Vacation Experiences.')]"}
[38;5;62m[0de93be6][0m[38;5;86m[HTTP][0m <-- POST /wd/hub/session/0de93be6-6229-471a-9fe2-ce42132b4169/elements 200 63 ms - 12 
[38;5;62m[0de93be6][0m[38;5;86m[HTTP][0m [37m-->[39m [37mPOST[39m [37m/wd/hub/session/0de93be6-6229-471a-9fe2-ce42132b4169/elements[39m {"using":"xpath","value":"//*[@class = 'android.widget.TextView' and (@text = 'You’re Moments Away From\nCustomized Vacation Experiences.' or . = 'You’re Moments Away From\nCustomized Vacation Experiences.')]"}
[38;5;62m[0de93be6][0m[38;5;86m[HTTP][0m <-- POST /wd/hub/session/0de93be6-6229-471a-9fe2-ce42132b4169/elements 200 73 ms - 12 
[38;5;62m[0de93be6][0m[38;5;86m[HTTP][0m [37m-->[39m [37mPOST[39m [37m/wd/hub/session/0de93be6-6229-471a-9fe2-ce42132b4169/elements[39m {"using":"xpath","value":"//*[@class = 'android.widget.TextView' and (@text = 'You’re Moments Away From\nCustomized Vacation Experiences.' or . = 'You’re Moments Away From\nCustomized Vacation Experiences.')]"}
[38;5;62m[0de93be6][0m[38;5;86m[HTTP][0m <-- POST /wd/hub/session/0de93be6-6229-471a-9fe2-ce42132b4169/elements 200 79 ms - 12 
[38;5;62m[0de93be6][0m[38;5;86m[HTTP][0m [37m-->[39m [37mPOST[39m [37m/wd/hub/session/0de93be6-6229-471a-9fe2-ce42132b4169/elements[39m {"using":"xpath","value":"//*[@class = 'android.widget.TextView' and (@text = 'You’re Moments Away From\nCustomized Vacation Experiences.' or . = 'You’re Moments Away From\nCustomized Vacation Experiences.')]"}
[38;5;62m[0de93be6][0m[38;5;86m[HTTP][0m <-- POST /wd/hub/session/0de93be6-6229-471a-9fe2-ce42132b4169/elements 200 66 ms - 12 
[38;5;62m[0de93be6][0m[38;5;86m[HTTP][0m [37m-->[39m [37mPOST[39m [37m/wd/hub/session/0de93be6-6229-471a-9fe2-ce42132b4169/elements[39m {"using":"xpath","value":"//*[@class = 'android.widget.TextView' and (@text = 'You’re Moments Away From\nCustomized Vacation Experiences.' or . = 'You’re Moments Away From\nCustomized Vacation Experiences.')]"}
[38;5;62m[0de93be6][0m[38;5;86m[HTTP][0m <-- POST /wd/hub/session/0de93be6-6229-471a-9fe2-ce42132b4169/elements 200 65 ms - 12 
[38;5;62m[0de93be6][0m[38;5;86m[HTTP][0m [37m-->[39m [37mPOST[39m [37m/wd/hub/session/0de93be6-6229-471a-9fe2-ce42132b4169/elements[39m {"using":"xpath","value":"//*[@class = 'android.widget.TextView' and (@text = 'You’re Moments Away From\nCustomized Vacation Experiences.' or . = 'You’re Moments Away From\nCustomized Vacation Experiences.')]"}
[38;5;62m[0de93be6][0m[38;5;86m[HTTP][0m <-- POST /wd/hub/session/0de93be6-6229-471a-9fe2-ce42132b4169/elements 200 65 ms - 12 
[38;5;62m[0de93be6][0m[38;5;86m[HTTP][0m [37m-->[39m [37mPOST[39m [37m/wd/hub/session/0de93be6-6229-471a-9fe2-ce42132b4169/elements[39m {"using":"xpath","value":"//*[@class = 'android.widget.TextView' and (@text = 'You’re Moments Away From\nCustomized Vacation Experiences.' or . = 'You’re Moments Away From\nCustomized Vacation Experiences.')]"}
[38;5;62m[0de93be6][0m[38;5;86m[HTTP][0m <-- POST /wd/hub/session/0de93be6-6229-471a-9fe2-ce42132b4169/elements 200 67 ms - 12 
[38;5;62m[0de93be6][0m[38;5;86m[HTTP][0m [37m-->[39m [37mPOST[39m [37m/wd/hub/session/0de93be6-6229-471a-9fe2-ce42132b4169/elements[39m {"using":"xpath","value":"//*[@class = 'android.widget.TextView' and (@text = 'You’re Moments Away From\nCustomized Vacation Experiences.' or . = 'You’re Moments Away From\nCustomized Vacation Experiences.')]"}
[38;5;62m[0de93be6][0m[38;5;86m[HTTP][0m <-- POST /wd/hub/session/0de93be6-6229-471a-9fe2-ce42132b4169/elements 200 70 ms - 12 
[38;5;62m[0de93be6][0m[38;5;86m[HTTP][0m [37m-->[39m [37mPOST[39m [37m/wd/hub/session/0de93be6-6229-471a-9fe2-ce42132b4169/elements[39m {"using":"xpath","value":"//*[@class = 'android.widget.TextView' and (@text = 'You’re Moments Away From\nCustomized Vacation Experiences.' or . = 'You’re Moments Away From\nCustomized Vacation Experiences.')]"}
[38;5;62m[0de93be6][0m[38;5;86m[HTTP][0m <-- POST /wd/hub/session/0de93be6-6229-471a-9fe2-ce42132b4169/elements 200 64 ms - 12 
[38;5;62m[0de93be6][0m[38;5;86m[HTTP][0m [37m-->[39m [37mPOST[39m [37m/wd/hub/session/0de93be6-6229-471a-9fe2-ce42132b4169/elements[39m {"using":"xpath","value":"//*[@class = 'android.widget.TextView' and (@text = 'You’re Moments Away From\nCustomized Vacation Experiences.' or . = 'You’re Moments Away From\nCustomized Vacation Experiences.')]"}
[38;5;62m[0de93be6][0m[38;5;86m[HTTP][0m <-- POST /wd/hub/session/0de93be6-6229-471a-9fe2-ce42132b4169/elements 200 67 ms - 12 
[38;5;62m[0de93be6][0m[38;5;86m[HTTP][0m [37m-->[39m [37mPOST[39m [37m/wd/hub/session/0de93be6-6229-471a-9fe2-ce42132b4169/elements[39m {"using":"xpath","value":"//*[@class = 'android.widget.TextView' and (@text = 'You’re Moments Away From\nCustomized Vacation Experiences.' or . = 'You’re Moments Away From\nCustomized Vacation Experiences.')]"}
[38;5;62m[0de93be6][0m[38;5;86m[HTTP][0m <-- POST /wd/hub/session/0de93be6-6229-471a-9fe2-ce42132b4169/elements 200 62 ms - 12 
[38;5;62m[0de93be6][0m[38;5;86m[HTTP][0m [37m-->[39m [37mPOST[39m [37m/wd/hub/session/0de93be6-6229-471a-9fe2-ce42132b4169/elements[39m {"using":"xpath","value":"//*[@class = 'android.widget.TextView' and (@text = 'You’re Moments Away From\nCustomized Vacation Experiences.' or . = 'You’re Moments Away From\nCustomized Vacation Experiences.')]"}
[38;5;62m[0de93be6][0m[38;5;86m[HTTP][0m <-- POST /wd/hub/session/0de93be6-6229-471a-9fe2-ce42132b4169/elements 200 64 ms - 12 
[38;5;62m[0de93be6][0m[38;5;86m[HTTP][0m [37m-->[39m [37mPOST[39m [37m/wd/hub/session/0de93be6-6229-471a-9fe2-ce42132b4169/elements[39m {"using":"xpath","value":"//*[@class = 'android.widget.TextView' and (@text = 'You’re Moments Away From\nCustomized Vacation Experiences.' or . = 'You’re Moments Away From\nCustomized Vacation Experiences.')]"}
[38;5;62m[0de93be6][0m[38;5;86m[HTTP][0m <-- POST /wd/hub/session/0de93be6-6229-471a-9fe2-ce42132b4169/elements 200 67 ms - 12 
[38;5;62m[0de93be6][0m[38;5;86m[HTTP][0m [37m-->[39m [37mPOST[39m [37m/wd/hub/session/0de93be6-6229-471a-9fe2-ce42132b4169/elements[39m {"using":"xpath","value":"//*[@class = 'android.widget.TextView' and (@text = 'You’re Moments Away From\nCustomized Vacation Experiences.' or . = 'You’re Moments Away From\nCustomized Vacation Experiences.')]"}
[38;5;62m[0de93be6][0m[38;5;86m[HTTP][0m <-- POST /wd/hub/session/0de93be6-6229-471a-9fe2-ce42132b4169/elements 200 57 ms - 12 
[38;5;62m[0de93be6][0m[38;5;86m[HTTP][0m [37m-->[39m [37mPOST[39m [37m/wd/hub/session/0de93be6-6229-471a-9fe2-ce42132b4169/elements[39m {"using":"xpath","value":"//*[@class = 'android.widget.TextView' and (@text = 'You’re Moments Away From\nCustomized Vacation Experiences.' or . = 'You’re Moments Away From\nCustomized Vacation Experiences.')]"}
[38;5;62m[0de93be6][0m[38;5;86m[HTTP][0m <-- POST /wd/hub/session/0de93be6-6229-471a-9fe2-ce42132b4169/elements 200 64 ms - 12 
[38;5;62m[0de93be6][0m[38;5;86m[HTTP][0m [37m-->[39m [37mPOST[39m [37m/wd/hub/session/0de93be6-6229-471a-9fe2-ce42132b4169/elements[39m {"using":"xpath","value":"//*[@class = 'android.widget.TextView' and (@text = 'You’re Moments Away From\nCustomized Vacation Experiences.' or . = 'You’re Moments Away From\nCustomized Vacation Experiences.')]"}
[38;5;62m[0de93be6][0m[38;5;86m[HTTP][0m <-- POST /wd/hub/session/0de93be6-6229-471a-9fe2-ce42132b4169/elements 200 65 ms - 12 
[38;5;62m[0de93be6][0m[38;5;86m[HTTP][0m [37m-->[39m [37mPOST[39m [37m/wd/hub/session/0de93be6-6229-471a-9fe2-ce42132b4169/elements[39m {"using":"xpath","value":"//*[@class = 'android.widget.TextView' and (@text = 'You’re Moments Away From\nCustomized Vacation Experiences.' or . = 'You’re Moments Away From\nCustomized Vacation Experiences.')]"}
[38;5;62m[0de93be6][0m[38;5;86m[HTTP][0m <-- POST /wd/hub/session/0de93be6-6229-471a-9fe2-ce42132b4169/elements 200 67 ms - 12 
[38;5;62m[0de93be6][0m[38;5;86m[HTTP][0m [37m-->[39m [37mPOST[39m [37m/wd/hub/session/0de93be6-6229-471a-9fe2-ce42132b4169/elements[39m {"using":"xpath","value":"//*[@class = 'android.widget.TextView' and (@text = 'You’re Moments Away From\nCustomized Vacation Experiences.' or . = 'You’re Moments Away From\nCustomized Vacation Experiences.')]"}
[38;5;62m[0de93be6][0m[38;5;86m[HTTP][0m <-- POST /wd/hub/session/0de93be6-6229-471a-9fe2-ce42132b4169/elements 200 67 ms - 12 
[38;5;62m[0de93be6][0m[38;5;86m[HTTP][0m [37m-->[39m [37mPOST[39m [37m/wd/hub/session/0de93be6-6229-471a-9fe2-ce42132b4169/elements[39m {"using":"xpath","value":"//*[@class = 'android.widget.TextView' and (@text = 'You’re Moments Away From\nCustomized Vacation Experiences.' or . = 'You’re Moments Away From\nCustomized Vacation Experiences.')]"}
[38;5;62m[0de93be6][0m[38;5;86m[HTTP][0m <-- POST /wd/hub/session/0de93be6-6229-471a-9fe2-ce42132b4169/elements 200 65 ms - 12 
[38;5;62m[0de93be6][0m[38;5;86m[HTTP][0m [37m-->[39m [37mPOST[39m [37m/wd/hub/session/0de93be6-6229-471a-9fe2-ce42132b4169/elements[39m {"using":"xpath","value":"//*[@class = 'android.widget.TextView' and (@text = 'You’re Moments Away From\nCustomized Vacation Experiences.' or . = 'You’re Moments Away From\nCustomized Vacation Experiences.')]"}
[38;5;62m[0de93be6][0m[38;5;86m[HTTP][0m <-- POST /wd/hub/session/0de93be6-6229-471a-9fe2-ce42132b4169/elements 200 75 ms - 12 
[38;5;62m[0de93be6][0m[38;5;86m[HTTP][0m [37m-->[39m [37mPOST[39m [37m/wd/hub/session/0de93be6-6229-471a-9fe2-ce42132b4169/elements[39m {"using":"xpath","value":"//*[@class = 'android.widget.TextView' and (@text = 'You’re Moments Away From\nCustomized Vacation Experiences.' or . = 'You’re Moments Away From\nCustomized Vacation Experiences.')]"}
[38;5;62m[0de93be6][0m[38;5;86m[HTTP][0m <-- POST /wd/hub/session/0de93be6-6229-471a-9fe2-ce42132b4169/elements 200 65 ms - 12 
[38;5;62m[0de93be6][0m[38;5;86m[HTTP][0m [37m-->[39m [37mPOST[39m [37m/wd/hub/session/0de93be6-6229-471a-9fe2-ce42132b4169/elements[39m {"using":"xpath","value":"//*[@class = 'android.widget.TextView' and (@text = 'You’re Moments Away From\nCustomized Vacation Experiences.' or . = 'You’re Moments Away From\nCustomized Vacation Experiences.')]"}
[38;5;62m[0de93be6][0m[38;5;86m[HTTP][0m <-- POST /wd/hub/session/0de93be6-6229-471a-9fe2-ce42132b4169/elements 200 66 ms - 12 
[38;5;62m[0de93be6][0m[38;5;86m[HTTP][0m [37m-->[39m [37mPOST[39m [37m/wd/hub/session/0de93be6-6229-471a-9fe2-ce42132b4169/elements[39m {"using":"xpath","value":"//*[@class = 'android.widget.TextView' and (@text = 'You’re Moments Away From\nCustomized Vacation Experiences.' or . = 'You’re Moments Away From\nCustomized Vacation Experiences.')]"}
[38;5;62m[0de93be6][0m[38;5;86m[HTTP][0m <-- POST /wd/hub/session/0de93be6-6229-471a-9fe2-ce42132b4169/elements 200 75 ms - 12 
[38;5;62m[0de93be6][0m[38;5;86m[HTTP][0m [37m-->[39m [37mPOST[39m [37m/wd/hub/session/0de93be6-6229-471a-9fe2-ce42132b4169/elements[39m {"using":"xpath","value":"//*[@class = 'android.widget.TextView' and (@text = 'You’re Moments Away From\nCustomized Vacation Experiences.' or . = 'You’re Moments Away From\nCustomized Vacation Experiences.')]"}
[38;5;62m[0de93be6][0m[38;5;86m[HTTP][0m <-- POST /wd/hub/session/0de93be6-6229-471a-9fe2-ce42132b4169/elements 200 80 ms - 12 
[38;5;62m[0de93be6][0m[38;5;86m[HTTP][0m [37m-->[39m [37mPOST[39m [37m/wd/hub/session/0de93be6-6229-471a-9fe2-ce42132b4169/elements[39m {"using":"xpath","value":"//*[@class = 'android.widget.TextView' and (@text = 'You’re Moments Away From\nCustomized Vacation Experiences.' or . = 'You’re Moments Away From\nCustomized Vacation Experiences.')]"}
[38;5;62m[0de93be6][0m[38;5;86m[HTTP][0m <-- POST /wd/hub/session/0de93be6-6229-471a-9fe2-ce42132b4169/elements 200 67 ms - 12 
[38;5;62m[0de93be6][0m[38;5;86m[HTTP][0m [37m-->[39m [37mPOST[39m [37m/wd/hub/session/0de93be6-6229-471a-9fe2-ce42132b4169/elements[39m {"using":"xpath","value":"//*[@class = 'android.widget.TextView' and (@text = 'You’re Moments Away From\nCustomized Vacation Experiences.' or . = 'You’re Moments Away From\nCustomized Vacation Experiences.')]"}
[38;5;62m[0de93be6][0m[38;5;86m[HTTP][0m <-- POST /wd/hub/session/0de93be6-6229-471a-9fe2-ce42132b4169/elements 200 60 ms - 12 
[38;5;62m[0de93be6][0m[38;5;86m[HTTP][0m [37m-->[39m [37mPOST[39m [37m/wd/hub/session/0de93be6-6229-471a-9fe2-ce42132b4169/elements[39m {"using":"xpath","value":"//*[@class = 'android.widget.TextView' and (@text = 'You’re Moments Away From\nCustomized Vacation Experiences.' or . = 'You’re Moments Away From\nCustomized Vacation Experiences.')]"}
[38;5;62m[0de93be6][0m[38;5;86m[HTTP][0m <-- POST /wd/hub/session/0de93be6-6229-471a-9fe2-ce42132b4169/elements 200 63 ms - 12 
[38;5;62m[0de93be6][0m[38;5;86m[HTTP][0m [37m-->[39m [37mPOST[39m [37m/wd/hub/session/0de93be6-6229-471a-9fe2-ce42132b4169/elements[39m {"using":"xpath","value":"//*[@class = 'android.widget.TextView' and (@text = 'You’re Moments Away From\nCustomized Vacation Experiences.' or . = 'You’re Moments Away From\nCustomized Vacation Experiences.')]"}
[38;5;62m[0de93be6][0m[38;5;86m[HTTP][0m <-- POST /wd/hub/session/0de93be6-6229-471a-9fe2-ce42132b4169/elements 200 84 ms - 12 
[38;5;62m[0de93be6][0m[38;5;86m[HTTP][0m [37m-->[39m [37mPOST[39m [37m/wd/hub/session/0de93be6-6229-471a-9fe2-ce42132b4169/elements[39m {"using":"xpath","value":"//*[@class = 'android.widget.TextView' and (@text = 'You’re Moments Away From\nCustomized Vacation Experiences.' or . = 'You’re Moments Away From\nCustomized Vacation Experiences.')]"}
[38;5;62m[0de93be6][0m[38;5;86m[HTTP][0m <-- POST /wd/hub/session/0de93be6-6229-471a-9fe2-ce42132b4169/elements 200 81 ms - 12 
[38;5;62m[0de93be6][0m[38;5;86m[HTTP][0m [37m-->[39m [37mPOST[39m [37m/wd/hub/session/0de93be6-6229-471a-9fe2-ce42132b4169/elements[39m {"using":"xpath","value":"//*[@class = 'android.widget.TextView' and (@text = 'You’re Moments Away From\nCustomized Vacation Experiences.' or . = 'You’re Moments Away From\nCustomized Vacation Experiences.')]"}
[38;5;62m[0de93be6][0m[38;5;86m[HTTP][0m <-- POST /wd/hub/session/0de93be6-6229-471a-9fe2-ce42132b4169/elements 200 93 ms - 139 
[38;5;62m[0de93be6][0m[38;5;86m[HTTP][0m [37m-->[39m [37mGET[39m [37m/wd/hub/session/0de93be6-6229-471a-9fe2-ce42132b4169/element/00000000-0000-0029-0000-008900000007/rect[39m {}
[38;5;62m[0de93be6][0m[38;5;-136m[AndroidUiautomator2Driver@425f][0m Driver proxy active, passing request on via HTTP proxy
[38;5;62m[0de93be6][0m[38;5;-136m[AndroidUiautomator2Driver@425f][0m Replacing sessionId 79314e65-2634-4d98-a9bf-4b91d591c732 with 0de93be6-6229-471a-9fe2-ce42132b4169
[38;5;62m[0de93be6][0m[38;5;86m[HTTP][0m <-- GET /wd/hub/session/0de93be6-6229-471a-9fe2-ce42132b4169/element/00000000-0000-0029-0000-008900000007/rect 200 79 ms - 103 
[38;5;62m[0de93be6][0m[38;5;86m[HTTP][0m [37m-->[39m [37mPOST[39m [37m/wd/hub/session/0de93be6-6229-471a-9fe2-ce42132b4169/timeouts[39m {"implicit":30000}
[38;5;62m[0de93be6][0m[38;5;86m[HTTP][0m <-- POST /wd/hub/session/0de93be6-6229-471a-9fe2-ce42132b4169/timeouts 200 1 ms - 14 
[38;5;62m[0de93be6][0m[38;5;86m[HTTP][0m [37m-->[39m [37mPOST[39m [37m/wd/hub/session/0de93be6-6229-471a-9fe2-ce42132b4169/timeouts[39m {"implicit":50}
[38;5;62m[0de93be6][0m[38;5;86m[HTTP][0m <-- POST /wd/hub/session/0de93be6-6229-471a-9fe2-ce42132b4169/timeouts 200 1 ms - 14 
[38;5;62m[0de93be6][0m[38;5;86m[HTTP][0m [37m-->[39m [37mGET[39m [37m/wd/hub/session/0de93be6-6229-471a-9fe2-ce42132b4169/window/rect[39m {}
[38;5;62m[0de93be6][0m[38;5;86m[HTTP][0m <-- GET /wd/hub/session/0de93be6-6229-471a-9fe2-ce42132b4169/window/rect 200 9 ms - 50 
[38;5;62m[0de93be6][0m[38;5;86m[HTTP][0m [37m-->[39m [37mPOST[39m [37m/wd/hub/session/0de93be6-6229-471a-9fe2-ce42132b4169/elements[39m {"using":"xpath","value":"//*[@class = 'android.widget.TextView' and (@text = 'You’re Moments Away From\nCustomized Vacation Experiences.' or . = 'You’re Moments Away From\nCustomized Vacation Experiences.')]"}
[38;5;62m[0de93be6][0m[38;5;86m[HTTP][0m <-- POST /wd/hub/session/0de93be6-6229-471a-9fe2-ce42132b4169/elements 200 61 ms - 139 
[38;5;62m[0de93be6][0m[38;5;86m[HTTP][0m [37m-->[39m [37mGET[39m [37m/wd/hub/session/0de93be6-6229-471a-9fe2-ce42132b4169/element/00000000-0000-0029-0000-008900000007/rect[39m {}
[38;5;62m[0de93be6][0m[38;5;-136m[AndroidUiautomator2Driver@425f][0m Driver proxy active, passing request on via HTTP proxy
[38;5;62m[0de93be6][0m[38;5;-136m[AndroidUiautomator2Driver@425f][0m Replacing sessionId 79314e65-2634-4d98-a9bf-4b91d591c732 with 0de93be6-6229-471a-9fe2-ce42132b4169
[38;5;62m[0de93be6][0m[38;5;86m[HTTP][0m <-- GET /wd/hub/session/0de93be6-6229-471a-9fe2-ce42132b4169/element/00000000-0000-0029-0000-008900000007/rect 200 16 ms - 103 
[38;5;62m[0de93be6][0m[38;5;86m[HTTP][0m [37m-->[39m [37mPOST[39m [37m/wd/hub/session/0de93be6-6229-471a-9fe2-ce42132b4169/timeouts[39m {"implicit":30000}
[38;5;62m[0de93be6][0m[38;5;86m[HTTP][0m <-- POST /wd/hub/session/0de93be6-6229-471a-9fe2-ce42132b4169/timeouts 200 1 ms - 14 
[38;5;62m[0de93be6][0m[38;5;86m[HTTP][0m [37m-->[39m [37mGET[39m [37m/wd/hub/session/0de93be6-6229-471a-9fe2-ce42132b4169/element/00000000-0000-0029-0000-008900000007/text[39m {}
[38;5;62m[0de93be6][0m[38;5;-136m[AndroidUiautomator2Driver@425f][0m Driver proxy active, passing request on via HTTP proxy
[38;5;62m[0de93be6][0m[38;5;-136m[AndroidUiautomator2Driver@425f][0m Replacing sessionId 79314e65-2634-4d98-a9bf-4b91d591c732 with 0de93be6-6229-471a-9fe2-ce42132b4169
[38;5;62m[0de93be6][0m[38;5;86m[HTTP][0m <-- GET /wd/hub/session/0de93be6-6229-471a-9fe2-ce42132b4169/element/00000000-0000-0029-0000-008900000007/text 200 8 ms - 123 
[38;5;62m[0de93be6][0m[38;5;86m[HTTP][0m [37m-->[39m [37mPOST[39m [37m/wd/hub/session/0de93be6-6229-471a-9fe2-ce42132b4169/timeouts[39m {"implicit":50}
[38;5;62m[0de93be6][0m[38;5;86m[HTTP][0m <-- POST /wd/hub/session/0de93be6-6229-471a-9fe2-ce42132b4169/timeouts 200 1 ms - 14 
[38;5;62m[0de93be6][0m[38;5;86m[HTTP][0m [37m-->[39m [37mGET[39m [37m/wd/hub/session/0de93be6-6229-471a-9fe2-ce42132b4169/window/rect[39m {}
[38;5;62m[0de93be6][0m[38;5;86m[HTTP][0m <-- GET /wd/hub/session/0de93be6-6229-471a-9fe2-ce42132b4169/window/rect 200 7 ms - 50 
[38;5;62m[0de93be6][0m[38;5;86m[HTTP][0m [37m-->[39m [37mPOST[39m [37m/wd/hub/session/0de93be6-6229-471a-9fe2-ce42132b4169/elements[39m {"using":"xpath","value":"//*[@class = 'android.widget.Button' and (@text = 'Login or Sign Up' or . = 'Login or Sign Up')]"}
[38;5;62m[0de93be6][0m[38;5;86m[HTTP][0m <-- POST /wd/hub/session/0de93be6-6229-471a-9fe2-ce42132b4169/elements 200 35 ms - 139 
[38;5;62m[0de93be6][0m[38;5;86m[HTTP][0m [37m-->[39m [37mGET[39m [37m/wd/hub/session/0de93be6-6229-471a-9fe2-ce42132b4169/element/00000000-0000-0029-0000-00a300000007/rect[39m {}
[38;5;62m[0de93be6][0m[38;5;-136m[AndroidUiautomator2Driver@425f][0m Driver proxy active, passing request on via HTTP proxy
[38;5;62m[0de93be6][0m[38;5;-136m[AndroidUiautomator2Driver@425f][0m Replacing sessionId 79314e65-2634-4d98-a9bf-4b91d591c732 with 0de93be6-6229-471a-9fe2-ce42132b4169
[38;5;62m[0de93be6][0m[38;5;86m[HTTP][0m <-- GET /wd/hub/session/0de93be6-6229-471a-9fe2-ce42132b4169/element/00000000-0000-0029-0000-00a300000007/rect 200 7 ms - 103 
[38;5;62m[0de93be6][0m[38;5;86m[HTTP][0m [37m-->[39m [37mPOST[39m [37m/wd/hub/session/0de93be6-6229-471a-9fe2-ce42132b4169/timeouts[39m {"implicit":30000}
[38;5;62m[0de93be6][0m[38;5;86m[HTTP][0m <-- POST /wd/hub/session/0de93be6-6229-471a-9fe2-ce42132b4169/timeouts 200 1 ms - 14 
[38;5;62m[0de93be6][0m[38;5;86m[HTTP][0m [37m-->[39m [37mPOST[39m [37m/wd/hub/session/0de93be6-6229-471a-9fe2-ce42132b4169/timeouts[39m {"implicit":50}
[38;5;62m[0de93be6][0m[38;5;86m[HTTP][0m <-- POST /wd/hub/session/0de93be6-6229-471a-9fe2-ce42132b4169/timeouts 200 1 ms - 14 
[38;5;62m[0de93be6][0m[38;5;86m[HTTP][0m [37m-->[39m [37mGET[39m [37m/wd/hub/session/0de93be6-6229-471a-9fe2-ce42132b4169/window/rect[39m {}
[38;5;62m[0de93be6][0m[38;5;86m[HTTP][0m <-- GET /wd/hub/session/0de93be6-6229-471a-9fe2-ce42132b4169/window/rect 200 6 ms - 50 
[38;5;62m[0de93be6][0m[38;5;86m[HTTP][0m [37m-->[39m [37mPOST[39m [37m/wd/hub/session/0de93be6-6229-471a-9fe2-ce42132b4169/elements[39m {"using":"xpath","value":"//*[@class = 'android.view.View' and (@text = 'Home' or . = 'Home')]"}
[38;5;62m[0de93be6][0m[38;5;86m[HTTP][0m <-- POST /wd/hub/session/0de93be6-6229-471a-9fe2-ce42132b4169/elements 200 34 ms - 139 
[38;5;62m[0de93be6][0m[38;5;86m[HTTP][0m [37m-->[39m [37mGET[39m [37m/wd/hub/session/0de93be6-6229-471a-9fe2-ce42132b4169/element/00000000-0000-0029-0000-00ab00000007/rect[39m {}
[38;5;62m[0de93be6][0m[38;5;-136m[AndroidUiautomator2Driver@425f][0m Driver proxy active, passing request on via HTTP proxy
[38;5;62m[0de93be6][0m[38;5;-136m[AndroidUiautomator2Driver@425f][0m Replacing sessionId 79314e65-2634-4d98-a9bf-4b91d591c732 with 0de93be6-6229-471a-9fe2-ce42132b4169
[38;5;62m[0de93be6][0m[38;5;86m[HTTP][0m <-- GET /wd/hub/session/0de93be6-6229-471a-9fe2-ce42132b4169/element/00000000-0000-0029-0000-00ab00000007/rect 200 7 ms - 104 
[38;5;62m[0de93be6][0m[38;5;86m[HTTP][0m [37m-->[39m [37mPOST[39m [37m/wd/hub/session/0de93be6-6229-471a-9fe2-ce42132b4169/timeouts[39m {"implicit":30000}
[38;5;62m[0de93be6][0m[38;5;86m[HTTP][0m <-- POST /wd/hub/session/0de93be6-6229-471a-9fe2-ce42132b4169/timeouts 200 1 ms - 14 
[38;5;62m[0de93be6][0m[38;5;86m[HTTP][0m [37m-->[39m [37mPOST[39m [37m/wd/hub/session/0de93be6-6229-471a-9fe2-ce42132b4169/timeouts[39m {"implicit":50}
[38;5;62m[0de93be6][0m[38;5;86m[HTTP][0m <-- POST /wd/hub/session/0de93be6-6229-471a-9fe2-ce42132b4169/timeouts 200 1 ms - 14 
[38;5;62m[0de93be6][0m[38;5;86m[HTTP][0m [37m-->[39m [37mGET[39m [37m/wd/hub/session/0de93be6-6229-471a-9fe2-ce42132b4169/window/rect[39m {}
[38;5;62m[0de93be6][0m[38;5;86m[HTTP][0m <-- GET /wd/hub/session/0de93be6-6229-471a-9fe2-ce42132b4169/window/rect 200 6 ms - 50 
[38;5;62m[0de93be6][0m[38;5;86m[HTTP][0m [37m-->[39m [37mPOST[39m [37m/wd/hub/session/0de93be6-6229-471a-9fe2-ce42132b4169/elements[39m {"using":"xpath","value":"//*[@class = 'android.view.View' and (@text = 'My Account' or . = 'My Account')]"}
[38;5;62m[0de93be6][0m[38;5;86m[HTTP][0m <-- POST /wd/hub/session/0de93be6-6229-471a-9fe2-ce42132b4169/elements 200 30 ms - 139 
[38;5;62m[0de93be6][0m[38;5;86m[HTTP][0m [37m-->[39m [37mGET[39m [37m/wd/hub/session/0de93be6-6229-471a-9fe2-ce42132b4169/element/00000000-0000-0029-0000-00af00000007/rect[39m {}
[38;5;62m[0de93be6][0m[38;5;-136m[AndroidUiautomator2Driver@425f][0m Driver proxy active, passing request on via HTTP proxy
[38;5;62m[0de93be6][0m[38;5;-136m[AndroidUiautomator2Driver@425f][0m Replacing sessionId 79314e65-2634-4d98-a9bf-4b91d591c732 with 0de93be6-6229-471a-9fe2-ce42132b4169
[38;5;62m[0de93be6][0m[38;5;86m[HTTP][0m <-- GET /wd/hub/session/0de93be6-6229-471a-9fe2-ce42132b4169/element/00000000-0000-0029-0000-00af00000007/rect 200 6 ms - 104 
[38;5;62m[0de93be6][0m[38;5;86m[HTTP][0m [37m-->[39m [37mPOST[39m [37m/wd/hub/session/0de93be6-6229-471a-9fe2-ce42132b4169/timeouts[39m {"implicit":30000}
[38;5;62m[0de93be6][0m[38;5;86m[HTTP][0m <-- POST /wd/hub/session/0de93be6-6229-471a-9fe2-ce42132b4169/timeouts 200 1 ms - 14 
[38;5;62m[0de93be6][0m[38;5;86m[HTTP][0m [37m-->[39m [37mPOST[39m [37m/wd/hub/session/0de93be6-6229-471a-9fe2-ce42132b4169/timeouts[39m {"implicit":50}
[38;5;62m[0de93be6][0m[38;5;86m[HTTP][0m <-- POST /wd/hub/session/0de93be6-6229-471a-9fe2-ce42132b4169/timeouts 200 1 ms - 14 
[38;5;62m[0de93be6][0m[38;5;86m[HTTP][0m [37m-->[39m [37mGET[39m [37m/wd/hub/session/0de93be6-6229-471a-9fe2-ce42132b4169/window/rect[39m {}
[38;5;62m[0de93be6][0m[38;5;86m[HTTP][0m <-- GET /wd/hub/session/0de93be6-6229-471a-9fe2-ce42132b4169/window/rect 200 6 ms - 50 
[38;5;62m[0de93be6][0m[38;5;86m[HTTP][0m [37m-->[39m [37mPOST[39m [37m/wd/hub/session/0de93be6-6229-471a-9fe2-ce42132b4169/elements[39m {"using":"xpath","value":"//*[@class = 'android.widget.TextView' and (@text = 'Vacation More. Get More.' or . = 'Vacation More. Get More.')]"}
[38;5;62m[0de93be6][0m[38;5;86m[HTTP][0m <-- POST /wd/hub/session/0de93be6-6229-471a-9fe2-ce42132b4169/elements 200 34 ms - 139 
[38;5;62m[0de93be6][0m[38;5;86m[HTTP][0m [37m-->[39m [37mGET[39m [37m/wd/hub/session/0de93be6-6229-471a-9fe2-ce42132b4169/element/00000000-0000-0029-0000-009300000007/rect[39m {}
[38;5;62m[0de93be6][0m[38;5;-136m[AndroidUiautomator2Driver@425f][0m Driver proxy active, passing request on via HTTP proxy
[38;5;62m[0de93be6][0m[38;5;-136m[AndroidUiautomator2Driver@425f][0m Replacing sessionId 79314e65-2634-4d98-a9bf-4b91d591c732 with 0de93be6-6229-471a-9fe2-ce42132b4169
[38;5;62m[0de93be6][0m[38;5;86m[HTTP][0m <-- GET /wd/hub/session/0de93be6-6229-471a-9fe2-ce42132b4169/element/00000000-0000-0029-0000-009300000007/rect 200 10 ms - 103 
[38;5;62m[0de93be6][0m[38;5;86m[HTTP][0m [37m-->[39m [37mPOST[39m [37m/wd/hub/session/0de93be6-6229-471a-9fe2-ce42132b4169/timeouts[39m {"implicit":30000}
[38;5;62m[0de93be6][0m[38;5;86m[HTTP][0m <-- POST /wd/hub/session/0de93be6-6229-471a-9fe2-ce42132b4169/timeouts 200 0 ms - 14 
[38;5;62m[0de93be6][0m[38;5;86m[HTTP][0m [37m-->[39m [37mPOST[39m [37m/wd/hub/session/0de93be6-6229-471a-9fe2-ce42132b4169/element/00000000-0000-0029-0000-009300000007/click[39m {"id":"00000000-0000-0029-0000-009300000007"}
[38;5;62m[0de93be6][0m[38;5;86m[HTTP][0m <-- POST /wd/hub/session/0de93be6-6229-471a-9fe2-ce42132b4169/element/00000000-0000-0029-0000-009300000007/click 200 60 ms - 14 
[38;5;62m[0de93be6][0m[38;5;86m[HTTP][0m [37m-->[39m [37mPOST[39m [37m/wd/hub/session/0de93be6-6229-471a-9fe2-ce42132b4169/timeouts[39m {"implicit":50}
[38;5;62m[0de93be6][0m[38;5;86m[HTTP][0m <-- POST /wd/hub/session/0de93be6-6229-471a-9fe2-ce42132b4169/timeouts 200 1 ms - 14 
[38;5;62m[0de93be6][0m[38;5;86m[HTTP][0m [37m-->[39m [37mGET[39m [37m/wd/hub/session/0de93be6-6229-471a-9fe2-ce42132b4169/window/rect[39m {}
[38;5;62m[0de93be6][0m[38;5;86m[HTTP][0m <-- GET /wd/hub/session/0de93be6-6229-471a-9fe2-ce42132b4169/window/rect 200 5 ms - 50 
[38;5;62m[0de93be6][0m[38;5;86m[HTTP][0m [37m-->[39m [37mPOST[39m [37m/wd/hub/session/0de93be6-6229-471a-9fe2-ce42132b4169/elements[39m {"using":"xpath","value":"//*[@class = 'android.widget.TextView' and (@text = 'Vacation More. Get More.' or . = 'Vacation More. Get More.')]"}
[38;5;62m[0de93be6][0m[38;5;86m[HTTP][0m <-- POST /wd/hub/session/0de93be6-6229-471a-9fe2-ce42132b4169/elements 200 32 ms - 139 
[38;5;62m[0de93be6][0m[38;5;86m[HTTP][0m [37m-->[39m [37mGET[39m [37m/wd/hub/session/0de93be6-6229-471a-9fe2-ce42132b4169/element/00000000-0000-0029-0000-009300000007/rect[39m {}
[38;5;62m[0de93be6][0m[38;5;-136m[AndroidUiautomator2Driver@425f][0m Driver proxy active, passing request on via HTTP proxy
[38;5;62m[0de93be6][0m[38;5;-136m[AndroidUiautomator2Driver@425f][0m Replacing sessionId 79314e65-2634-4d98-a9bf-4b91d591c732 with 0de93be6-6229-471a-9fe2-ce42132b4169
[38;5;62m[0de93be6][0m[38;5;86m[HTTP][0m <-- GET /wd/hub/session/0de93be6-6229-471a-9fe2-ce42132b4169/element/00000000-0000-0029-0000-009300000007/rect 200 12 ms - 103 
[38;5;62m[0de93be6][0m[38;5;86m[HTTP][0m [37m-->[39m [37mPOST[39m [37m/wd/hub/session/0de93be6-6229-471a-9fe2-ce42132b4169/timeouts[39m {"implicit":30000}
[38;5;62m[0de93be6][0m[38;5;86m[HTTP][0m <-- POST /wd/hub/session/0de93be6-6229-471a-9fe2-ce42132b4169/timeouts 200 1 ms - 14 
[38;5;62m[0de93be6][0m[38;5;86m[HTTP][0m [37m-->[39m [37mGET[39m [37m/wd/hub/session/0de93be6-6229-471a-9fe2-ce42132b4169/element/00000000-0000-0029-0000-009300000007/displayed[39m {}
[38;5;62m[0de93be6][0m[38;5;86m[HTTP][0m <-- GET /wd/hub/session/0de93be6-6229-471a-9fe2-ce42132b4169/element/00000000-0000-0029-0000-009300000007/displayed 200 8 ms - 14 
[38;5;62m[0de93be6][0m[38;5;86m[HTTP][0m [37m-->[39m [37mPOST[39m [37m/wd/hub/session/0de93be6-6229-471a-9fe2-ce42132b4169/timeouts[39m {"implicit":50}
[38;5;62m[0de93be6][0m[38;5;86m[HTTP][0m <-- POST /wd/hub/session/0de93be6-6229-471a-9fe2-ce42132b4169/timeouts 200 1 ms - 14 
[38;5;62m[0de93be6][0m[38;5;86m[HTTP][0m [37m-->[39m [37mGET[39m [37m/wd/hub/session/0de93be6-6229-471a-9fe2-ce42132b4169/window/rect[39m {}
[38;5;62m[0de93be6][0m[38;5;86m[HTTP][0m <-- GET /wd/hub/session/0de93be6-6229-471a-9fe2-ce42132b4169/window/rect 200 4 ms - 50 
[38;5;62m[0de93be6][0m[38;5;86m[HTTP][0m [37m-->[39m [37mPOST[39m [37m/wd/hub/session/0de93be6-6229-471a-9fe2-ce42132b4169/elements[39m {"using":"xpath","value":"//*[@class = 'android.widget.TextView' and (@text = 'Explore Westgate Loyalty' or . = 'Explore Westgate Loyalty')]"}
[38;5;62m[0de93be6][0m[38;5;86m[HTTP][0m <-- POST /wd/hub/session/0de93be6-6229-471a-9fe2-ce42132b4169/elements 200 30 ms - 139 
[38;5;62m[0de93be6][0m[38;5;86m[HTTP][0m [37m-->[39m [37mGET[39m [37m/wd/hub/session/0de93be6-6229-471a-9fe2-ce42132b4169/element/00000000-0000-0029-0000-009400000007/rect[39m {}
[38;5;62m[0de93be6][0m[38;5;-136m[AndroidUiautomator2Driver@425f][0m Driver proxy active, passing request on via HTTP proxy
[38;5;62m[0de93be6][0m[38;5;-136m[AndroidUiautomator2Driver@425f][0m Replacing sessionId 79314e65-2634-4d98-a9bf-4b91d591c732 with 0de93be6-6229-471a-9fe2-ce42132b4169
[38;5;62m[0de93be6][0m[38;5;86m[HTTP][0m <-- GET /wd/hub/session/0de93be6-6229-471a-9fe2-ce42132b4169/element/00000000-0000-0029-0000-009400000007/rect 200 5 ms - 102 
[38;5;62m[0de93be6][0m[38;5;86m[HTTP][0m [37m-->[39m [37mPOST[39m [37m/wd/hub/session/0de93be6-6229-471a-9fe2-ce42132b4169/timeouts[39m {"implicit":30000}
[38;5;62m[0de93be6][0m[38;5;86m[HTTP][0m <-- POST /wd/hub/session/0de93be6-6229-471a-9fe2-ce42132b4169/timeouts 200 0 ms - 14 
[38;5;62m[0de93be6][0m[38;5;86m[HTTP][0m [37m-->[39m [37mGET[39m [37m/wd/hub/session/0de93be6-6229-471a-9fe2-ce42132b4169/element/00000000-0000-0029-0000-009400000007/displayed[39m {}
[38;5;62m[0de93be6][0m[38;5;86m[HTTP][0m <-- GET /wd/hub/session/0de93be6-6229-471a-9fe2-ce42132b4169/element/00000000-0000-0029-0000-009400000007/displayed 200 6 ms - 14 
[38;5;62m[0de93be6][0m[38;5;86m[HTTP][0m [37m-->[39m [37mPOST[39m [37m/wd/hub/session/0de93be6-6229-471a-9fe2-ce42132b4169/timeouts[39m {"implicit":50}
[38;5;62m[0de93be6][0m[38;5;86m[HTTP][0m <-- POST /wd/hub/session/0de93be6-6229-471a-9fe2-ce42132b4169/timeouts 200 1 ms - 14 
[38;5;62m[0de93be6][0m[38;5;86m[HTTP][0m [37m-->[39m [37mGET[39m [37m/wd/hub/session/0de93be6-6229-471a-9fe2-ce42132b4169/window/rect[39m {}
[38;5;62m[0de93be6][0m[38;5;86m[HTTP][0m <-- GET /wd/hub/session/0de93be6-6229-471a-9fe2-ce42132b4169/window/rect 200 8 ms - 50 
[38;5;62m[0de93be6][0m[38;5;86m[HTTP][0m [37m-->[39m [37mPOST[39m [37m/wd/hub/session/0de93be6-6229-471a-9fe2-ce42132b4169/elements[39m {"using":"xpath","value":"//*[@class = 'android.widget.TextView' and (@text = 'Continue as a Guest' or . = 'Continue as a Guest')]"}
[38;5;62m[0de93be6][0m[38;5;86m[HTTP][0m <-- POST /wd/hub/session/0de93be6-6229-471a-9fe2-ce42132b4169/elements 200 36 ms - 139 
[38;5;62m[0de93be6][0m[38;5;86m[HTTP][0m [37m-->[39m [37mGET[39m [37m/wd/hub/session/0de93be6-6229-471a-9fe2-ce42132b4169/element/00000000-0000-0029-0000-009000000007/rect[39m {}
[38;5;62m[0de93be6][0m[38;5;-136m[AndroidUiautomator2Driver@425f][0m Driver proxy active, passing request on via HTTP proxy
[38;5;62m[0de93be6][0m[38;5;-136m[AndroidUiautomator2Driver@425f][0m Replacing sessionId 79314e65-2634-4d98-a9bf-4b91d591c732 with 0de93be6-6229-471a-9fe2-ce42132b4169
[38;5;62m[0de93be6][0m[38;5;86m[HTTP][0m <-- GET /wd/hub/session/0de93be6-6229-471a-9fe2-ce42132b4169/element/00000000-0000-0029-0000-009000000007/rect 200 5 ms - 102 
[38;5;62m[0de93be6][0m[38;5;86m[HTTP][0m [37m-->[39m [37mPOST[39m [37m/wd/hub/session/0de93be6-6229-471a-9fe2-ce42132b4169/timeouts[39m {"implicit":30000}
[38;5;62m[0de93be6][0m[38;5;86m[HTTP][0m <-- POST /wd/hub/session/0de93be6-6229-471a-9fe2-ce42132b4169/timeouts 200 0 ms - 14 
[38;5;62m[0de93be6][0m[38;5;86m[HTTP][0m [37m-->[39m [37mPOST[39m [37m/wd/hub/session/0de93be6-6229-471a-9fe2-ce42132b4169/element/00000000-0000-0029-0000-009000000007/click[39m {"id":"00000000-0000-0029-0000-009000000007"}
[38;5;62m[0de93be6][0m[38;5;86m[HTTP][0m <-- POST /wd/hub/session/0de93be6-6229-471a-9fe2-ce42132b4169/element/00000000-0000-0029-0000-009000000007/click 200 53 ms - 14 
[38;5;62m[0de93be6][0m[38;5;86m[HTTP][0m [37m-->[39m [37mPOST[39m [37m/wd/hub/session/0de93be6-6229-471a-9fe2-ce42132b4169/timeouts[39m {"implicit":50}
[38;5;62m[0de93be6][0m[38;5;86m[HTTP][0m <-- POST /wd/hub/session/0de93be6-6229-471a-9fe2-ce42132b4169/timeouts 200 1 ms - 14 
[38;5;62m[0de93be6][0m[38;5;86m[HTTP][0m [37m-->[39m [37mGET[39m [37m/wd/hub/session/0de93be6-6229-471a-9fe2-ce42132b4169/window/rect[39m {}
[38;5;62m[0de93be6][0m[38;5;86m[HTTP][0m <-- GET /wd/hub/session/0de93be6-6229-471a-9fe2-ce42132b4169/window/rect 200 5 ms - 50 
[38;5;62m[0de93be6][0m[38;5;86m[HTTP][0m [37m-->[39m [37mPOST[39m [37m/wd/hub/session/0de93be6-6229-471a-9fe2-ce42132b4169/elements[39m {"using":"xpath","value":"//*[@class = 'android.widget.TextView' and (@text = 'Continue as a Guest' or . = 'Continue as a Guest')]"}
[38;5;62m[0de93be6][0m[38;5;86m[HTTP][0m <-- POST /wd/hub/session/0de93be6-6229-471a-9fe2-ce42132b4169/elements 200 31 ms - 139 
[38;5;62m[0de93be6][0m[38;5;86m[HTTP][0m [37m-->[39m [37mGET[39m [37m/wd/hub/session/0de93be6-6229-471a-9fe2-ce42132b4169/element/00000000-0000-0029-0000-009000000007/rect[39m {}
[38;5;62m[0de93be6][0m[38;5;-136m[AndroidUiautomator2Driver@425f][0m Driver proxy active, passing request on via HTTP proxy
[38;5;62m[0de93be6][0m[38;5;-136m[AndroidUiautomator2Driver@425f][0m Replacing sessionId 79314e65-2634-4d98-a9bf-4b91d591c732 with 0de93be6-6229-471a-9fe2-ce42132b4169
[38;5;62m[0de93be6][0m[38;5;86m[HTTP][0m <-- GET /wd/hub/session/0de93be6-6229-471a-9fe2-ce42132b4169/element/00000000-0000-0029-0000-009000000007/rect 200 14 ms - 102 
[38;5;62m[0de93be6][0m[38;5;86m[HTTP][0m [37m-->[39m [37mPOST[39m [37m/wd/hub/session/0de93be6-6229-471a-9fe2-ce42132b4169/timeouts[39m {"implicit":30000}
[38;5;62m[0de93be6][0m[38;5;86m[HTTP][0m <-- POST /wd/hub/session/0de93be6-6229-471a-9fe2-ce42132b4169/timeouts 200 0 ms - 14 
[38;5;62m[0de93be6][0m[38;5;86m[HTTP][0m [37m-->[39m [37mPOST[39m [37m/wd/hub/session/0de93be6-6229-471a-9fe2-ce42132b4169/timeouts[39m {"implicit":50}
[38;5;62m[0de93be6][0m[38;5;86m[HTTP][0m <-- POST /wd/hub/session/0de93be6-6229-471a-9fe2-ce42132b4169/timeouts 200 1 ms - 14 
[38;5;62m[0de93be6][0m[38;5;86m[HTTP][0m [37m-->[39m [37mGET[39m [37m/wd/hub/session/0de93be6-6229-471a-9fe2-ce42132b4169/window/rect[39m {}
[38;5;62m[0de93be6][0m[38;5;86m[HTTP][0m <-- GET /wd/hub/session/0de93be6-6229-471a-9fe2-ce42132b4169/window/rect 200 6 ms - 50 
[38;5;62m[0de93be6][0m[38;5;86m[HTTP][0m [37m-->[39m [37mPOST[39m [37m/wd/hub/session/0de93be6-6229-471a-9fe2-ce42132b4169/elements[39m {"using":"xpath","value":"//*[@class = 'android.widget.Button' and (@text = 'menu' or . = 'menu')]"}
[38;5;62m[0de93be6][0m[38;5;86m[HTTP][0m <-- POST /wd/hub/session/0de93be6-6229-471a-9fe2-ce42132b4169/elements 200 42 ms - 139 
[38;5;62m[0de93be6][0m[38;5;86m[HTTP][0m [37m-->[39m [37mGET[39m [37m/wd/hub/session/0de93be6-6229-471a-9fe2-ce42132b4169/element/00000000-0000-0029-0000-00e100000007/rect[39m {}
[38;5;62m[0de93be6][0m[38;5;-136m[AndroidUiautomator2Driver@425f][0m Driver proxy active, passing request on via HTTP proxy
[38;5;62m[0de93be6][0m[38;5;-136m[AndroidUiautomator2Driver@425f][0m Replacing sessionId 79314e65-2634-4d98-a9bf-4b91d591c732 with 0de93be6-6229-471a-9fe2-ce42132b4169
[38;5;62m[0de93be6][0m[38;5;86m[HTTP][0m <-- GET /wd/hub/session/0de93be6-6229-471a-9fe2-ce42132b4169/element/00000000-0000-0029-0000-00e100000007/rect 200 4 ms - 99 
[38;5;62m[0de93be6][0m[38;5;86m[HTTP][0m [37m-->[39m [37mPOST[39m [37m/wd/hub/session/0de93be6-6229-471a-9fe2-ce42132b4169/timeouts[39m {"implicit":30000}
[38;5;62m[0de93be6][0m[38;5;86m[HTTP][0m <-- POST /wd/hub/session/0de93be6-6229-471a-9fe2-ce42132b4169/timeouts 200 0 ms - 14 
[38;5;62m[0de93be6][0m[38;5;86m[HTTP][0m [37m-->[39m [37mPOST[39m [37m/wd/hub/session/0de93be6-6229-471a-9fe2-ce42132b4169/element/00000000-0000-0029-0000-00e100000007/click[39m {"id":"00000000-0000-0029-0000-00e100000007"}
[38;5;62m[0de93be6][0m[38;5;86m[HTTP][0m <-- POST /wd/hub/session/0de93be6-6229-471a-9fe2-ce42132b4169/element/00000000-0000-0029-0000-00e100000007/click 200 63 ms - 14 
[38;5;62m[0de93be6][0m[38;5;86m[HTTP][0m [37m-->[39m [37mPOST[39m [37m/wd/hub/session/0de93be6-6229-471a-9fe2-ce42132b4169/timeouts[39m {"implicit":50}
[38;5;62m[0de93be6][0m[38;5;86m[HTTP][0m <-- POST /wd/hub/session/0de93be6-6229-471a-9fe2-ce42132b4169/timeouts 200 2 ms - 14 
[38;5;62m[0de93be6][0m[38;5;86m[HTTP][0m [37m-->[39m [37mGET[39m [37m/wd/hub/session/0de93be6-6229-471a-9fe2-ce42132b4169/window/rect[39m {}
[38;5;62m[0de93be6][0m[38;5;86m[HTTP][0m <-- GET /wd/hub/session/0de93be6-6229-471a-9fe2-ce42132b4169/window/rect 200 10 ms - 50 
[38;5;62m[0de93be6][0m[38;5;86m[HTTP][0m [37m-->[39m [37mPOST[39m [37m/wd/hub/session/0de93be6-6229-471a-9fe2-ce42132b4169/elements[39m {"using":"xpath","value":"//android.widget.TextView[@text='Terms & Conditions']"}
[38;5;62m[0de93be6][0m[38;5;86m[HTTP][0m <-- POST /wd/hub/session/0de93be6-6229-471a-9fe2-ce42132b4169/elements 200 62 ms - 139 
[38;5;62m[0de93be6][0m[38;5;86m[HTTP][0m [37m-->[39m [37mGET[39m [37m/wd/hub/session/0de93be6-6229-471a-9fe2-ce42132b4169/element/00000000-0000-0029-0000-000700000007/rect[39m {}
[38;5;62m[0de93be6][0m[38;5;-136m[AndroidUiautomator2Driver@425f][0m Driver proxy active, passing request on via HTTP proxy
[38;5;62m[0de93be6][0m[38;5;-136m[AndroidUiautomator2Driver@425f][0m Replacing sessionId 79314e65-2634-4d98-a9bf-4b91d591c732 with 0de93be6-6229-471a-9fe2-ce42132b4169
[38;5;62m[0de93be6][0m[38;5;86m[HTTP][0m <-- GET /wd/hub/session/0de93be6-6229-471a-9fe2-ce42132b4169/element/00000000-0000-0029-0000-000700000007/rect 200 5 ms - 100 
[38;5;62m[0de93be6][0m[38;5;86m[HTTP][0m [37m-->[39m [37mPOST[39m [37m/wd/hub/session/0de93be6-6229-471a-9fe2-ce42132b4169/timeouts[39m {"implicit":30000}
[38;5;62m[0de93be6][0m[38;5;86m[HTTP][0m <-- POST /wd/hub/session/0de93be6-6229-471a-9fe2-ce42132b4169/timeouts 200 0 ms - 14 
[38;5;62m[0de93be6][0m[38;5;86m[HTTP][0m [37m-->[39m [37mPOST[39m [37m/wd/hub/session/0de93be6-6229-471a-9fe2-ce42132b4169/element/00000000-0000-0029-0000-000700000007/click[39m {"id":"00000000-0000-0029-0000-000700000007"}
[38;5;62m[0de93be6][0m[38;5;86m[HTTP][0m <-- POST /wd/hub/session/0de93be6-6229-471a-9fe2-ce42132b4169/element/00000000-0000-0029-0000-000700000007/click 200 55 ms - 14 
[38;5;62m[0de93be6][0m[38;5;86m[HTTP][0m [37m-->[39m [37mPOST[39m [37m/wd/hub/session/0de93be6-6229-471a-9fe2-ce42132b4169/timeouts[39m {"implicit":50}
[38;5;62m[0de93be6][0m[38;5;86m[HTTP][0m <-- POST /wd/hub/session/0de93be6-6229-471a-9fe2-ce42132b4169/timeouts 200 1 ms - 14 
[38;5;62m[0de93be6][0m[38;5;86m[HTTP][0m [37m-->[39m [37mGET[39m [37m/wd/hub/session/0de93be6-6229-471a-9fe2-ce42132b4169/window/rect[39m {}
[38;5;62m[0de93be6][0m[38;5;86m[HTTP][0m <-- GET /wd/hub/session/0de93be6-6229-471a-9fe2-ce42132b4169/window/rect 200 12 ms - 50 
[38;5;62m[0de93be6][0m[38;5;86m[HTTP][0m [37m-->[39m [37mPOST[39m [37m/wd/hub/session/0de93be6-6229-471a-9fe2-ce42132b4169/elements[39m {"using":"xpath","value":"//*[@class = 'android.widget.ImageButton' and @resource-id = 'com.android.chrome:id/close_button' and (@text = '' or . = '')]"}
[38;5;62m[0de93be6][0m[38;5;86m[HTTP][0m <-- POST /wd/hub/session/0de93be6-6229-471a-9fe2-ce42132b4169/elements 200 53 ms - 139 
[38;5;62m[0de93be6][0m[38;5;86m[HTTP][0m [37m-->[39m [37mGET[39m [37m/wd/hub/session/0de93be6-6229-471a-9fe2-ce42132b4169/element/00000000-0000-002b-ffff-ffff00000019/rect[39m {}
[38;5;62m[0de93be6][0m[38;5;-136m[AndroidUiautomator2Driver@425f][0m Driver proxy active, passing request on via HTTP proxy
[38;5;62m[0de93be6][0m[38;5;-136m[AndroidUiautomator2Driver@425f][0m Replacing sessionId 79314e65-2634-4d98-a9bf-4b91d591c732 with 0de93be6-6229-471a-9fe2-ce42132b4169
[38;5;62m[0de93be6][0m[38;5;86m[HTTP][0m <-- GET /wd/hub/session/0de93be6-6229-471a-9fe2-ce42132b4169/element/00000000-0000-002b-ffff-ffff00000019/rect 200 5 ms - 100 
[38;5;62m[0de93be6][0m[38;5;86m[HTTP][0m [37m-->[39m [37mPOST[39m [37m/wd/hub/session/0de93be6-6229-471a-9fe2-ce42132b4169/timeouts[39m {"implicit":30000}
[38;5;62m[0de93be6][0m[38;5;86m[HTTP][0m <-- POST /wd/hub/session/0de93be6-6229-471a-9fe2-ce42132b4169/timeouts 200 1 ms - 14 
[38;5;62m[0de93be6][0m[38;5;86m[HTTP][0m [37m-->[39m [37mPOST[39m [37m/wd/hub/session/0de93be6-6229-471a-9fe2-ce42132b4169/element/00000000-0000-002b-ffff-ffff00000019/click[39m {"id":"00000000-0000-002b-ffff-ffff00000019"}
[38;5;62m[0de93be6][0m[38;5;86m[HTTP][0m <-- POST /wd/hub/session/0de93be6-6229-471a-9fe2-ce42132b4169/element/00000000-0000-002b-ffff-ffff00000019/click 200 57 ms - 14 
[38;5;62m[0de93be6][0m[38;5;86m[HTTP][0m [37m-->[39m [37mPOST[39m [37m/wd/hub/session/0de93be6-6229-471a-9fe2-ce42132b4169/timeouts[39m {"implicit":50}
[38;5;62m[0de93be6][0m[38;5;86m[HTTP][0m <-- POST /wd/hub/session/0de93be6-6229-471a-9fe2-ce42132b4169/timeouts 200 2 ms - 14 
[38;5;62m[0de93be6][0m[38;5;86m[HTTP][0m [37m-->[39m [37mGET[39m [37m/wd/hub/session/0de93be6-6229-471a-9fe2-ce42132b4169/window/rect[39m {}
[38;5;62m[0de93be6][0m[38;5;86m[HTTP][0m <-- GET /wd/hub/session/0de93be6-6229-471a-9fe2-ce42132b4169/window/rect 200 13 ms - 50 
[38;5;62m[0de93be6][0m[38;5;86m[HTTP][0m [37m-->[39m [37mPOST[39m [37m/wd/hub/session/0de93be6-6229-471a-9fe2-ce42132b4169/elements[39m {"using":"xpath","value":"//*[@class = 'android.widget.Button' and (@text = 'menu' or . = 'menu')]"}
[38;5;62m[0de93be6][0m[38;5;86m[HTTP][0m <-- POST /wd/hub/session/0de93be6-6229-471a-9fe2-ce42132b4169/elements 200 51 ms - 139 
[38;5;62m[0de93be6][0m[38;5;86m[HTTP][0m [37m-->[39m [37mGET[39m [37m/wd/hub/session/0de93be6-6229-471a-9fe2-ce42132b4169/element/00000000-0000-0029-0000-00e100000007/rect[39m {}
[38;5;62m[0de93be6][0m[38;5;-136m[AndroidUiautomator2Driver@425f][0m Driver proxy active, passing request on via HTTP proxy
[38;5;62m[0de93be6][0m[38;5;-136m[AndroidUiautomator2Driver@425f][0m Replacing sessionId 79314e65-2634-4d98-a9bf-4b91d591c732 with 0de93be6-6229-471a-9fe2-ce42132b4169
[38;5;62m[0de93be6][0m[38;5;86m[HTTP][0m <-- GET /wd/hub/session/0de93be6-6229-471a-9fe2-ce42132b4169/element/00000000-0000-0029-0000-00e100000007/rect 200 4 ms - 99 
[38;5;62m[0de93be6][0m[38;5;86m[HTTP][0m [37m-->[39m [37mPOST[39m [37m/wd/hub/session/0de93be6-6229-471a-9fe2-ce42132b4169/timeouts[39m {"implicit":30000}
[38;5;62m[0de93be6][0m[38;5;86m[HTTP][0m <-- POST /wd/hub/session/0de93be6-6229-471a-9fe2-ce42132b4169/timeouts 200 0 ms - 14 
[38;5;62m[0de93be6][0m[38;5;86m[HTTP][0m [37m-->[39m [37mPOST[39m [37m/wd/hub/session/0de93be6-6229-471a-9fe2-ce42132b4169/element/00000000-0000-0029-0000-00e100000007/click[39m {"id":"00000000-0000-0029-0000-00e100000007"}
[38;5;62m[0de93be6][0m[38;5;86m[HTTP][0m <-- POST /wd/hub/session/0de93be6-6229-471a-9fe2-ce42132b4169/element/00000000-0000-0029-0000-00e100000007/click 200 42 ms - 14 
[38;5;62m[0de93be6][0m[38;5;86m[HTTP][0m [37m-->[39m [37mPOST[39m [37m/wd/hub/session/0de93be6-6229-471a-9fe2-ce42132b4169/timeouts[39m {"implicit":50}
[38;5;62m[0de93be6][0m[38;5;86m[HTTP][0m <-- POST /wd/hub/session/0de93be6-6229-471a-9fe2-ce42132b4169/timeouts 200 2 ms - 14 
[38;5;62m[0de93be6][0m[38;5;86m[HTTP][0m [37m-->[39m [37mGET[39m [37m/wd/hub/session/0de93be6-6229-471a-9fe2-ce42132b4169/window/rect[39m {}
[38;5;62m[0de93be6][0m[38;5;86m[HTTP][0m <-- GET /wd/hub/session/0de93be6-6229-471a-9fe2-ce42132b4169/window/rect 200 9 ms - 50 
[38;5;62m[0de93be6][0m[38;5;86m[HTTP][0m [37m-->[39m [37mPOST[39m [37m/wd/hub/session/0de93be6-6229-471a-9fe2-ce42132b4169/elements[39m {"using":"xpath","value":"//android.widget.TextView[@text='Privacy Policy']"}
[38;5;62m[0de93be6][0m[38;5;86m[HTTP][0m <-- POST /wd/hub/session/0de93be6-6229-471a-9fe2-ce42132b4169/elements 200 25 ms - 139 
[38;5;62m[0de93be6][0m[38;5;86m[HTTP][0m [37m-->[39m [37mGET[39m [37m/wd/hub/session/0de93be6-6229-471a-9fe2-ce42132b4169/element/00000000-0000-0029-0000-000500000007/rect[39m {}
[38;5;62m[0de93be6][0m[38;5;-136m[AndroidUiautomator2Driver@425f][0m Driver proxy active, passing request on via HTTP proxy
[38;5;62m[0de93be6][0m[38;5;-136m[AndroidUiautomator2Driver@425f][0m Replacing sessionId 79314e65-2634-4d98-a9bf-4b91d591c732 with 0de93be6-6229-471a-9fe2-ce42132b4169
[38;5;62m[0de93be6][0m[38;5;86m[HTTP][0m <-- GET /wd/hub/session/0de93be6-6229-471a-9fe2-ce42132b4169/element/00000000-0000-0029-0000-000500000007/rect 200 4 ms - 100 
[38;5;62m[0de93be6][0m[38;5;86m[HTTP][0m [37m-->[39m [37mPOST[39m [37m/wd/hub/session/0de93be6-6229-471a-9fe2-ce42132b4169/timeouts[39m {"implicit":30000}
[38;5;62m[0de93be6][0m[38;5;86m[HTTP][0m <-- POST /wd/hub/session/0de93be6-6229-471a-9fe2-ce42132b4169/timeouts 200 0 ms - 14 
[38;5;62m[0de93be6][0m[38;5;86m[HTTP][0m [37m-->[39m [37mPOST[39m [37m/wd/hub/session/0de93be6-6229-471a-9fe2-ce42132b4169/element/00000000-0000-0029-0000-000500000007/click[39m {"id":"00000000-0000-0029-0000-000500000007"}
[38;5;62m[0de93be6][0m[38;5;86m[HTTP][0m <-- POST /wd/hub/session/0de93be6-6229-471a-9fe2-ce42132b4169/element/00000000-0000-0029-0000-000500000007/click 200 67 ms - 14 
[38;5;62m[0de93be6][0m[38;5;86m[HTTP][0m [37m-->[39m [37mGET[39m [37m/wd/hub/session/0de93be6-6229-471a-9fe2-ce42132b4169/context[39m {}
[38;5;62m[0de93be6][0m[38;5;86m[HTTP][0m <-- GET /wd/hub/session/0de93be6-6229-471a-9fe2-ce42132b4169/context 200 4 ms - 22 
[38;5;62m[0de93be6][0m[38;5;86m[HTTP][0m [37m-->[39m [37mGET[39m [37m/wd/hub/session/0de93be6-6229-471a-9fe2-ce42132b4169/contexts[39m {}
[38;5;62m[0de93be6][0m[38;5;86m[HTTP][0m <-- GET /wd/hub/session/0de93be6-6229-471a-9fe2-ce42132b4169/contexts 200 334 ms - 41 
[38;5;62m[0de93be6][0m[38;5;86m[HTTP][0m [37m-->[39m [37mPOST[39m [37m/wd/hub/session/0de93be6-6229-471a-9fe2-ce42132b4169/context[39m {"name":"NATIVE_APP"}
[38;5;62m[0de93be6][0m[38;5;86m[HTTP][0m <-- POST /wd/hub/session/0de93be6-6229-471a-9fe2-ce42132b4169/context 200 0 ms - 14 
[38;5;62m[0de93be6][0m[38;5;86m[HTTP][0m [37m-->[39m [37mPOST[39m [37m/wd/hub/session/0de93be6-6229-471a-9fe2-ce42132b4169/execute/sync[39m {"script":"mobile: getCurrentPackage","args":[]}
[38;5;62m[0de93be6][0m[38;5;86m[HTTP][0m <-- POST /wd/hub/session/0de93be6-6229-471a-9fe2-ce42132b4169/execute/sync 200 65 ms - 30 
[38;5;62m[0de93be6][0m[38;5;86m[HTTP][0m [37m-->[39m [37mPOST[39m [37m/wd/hub/session/0de93be6-6229-471a-9fe2-ce42132b4169/execute/sync[39m {"script":"mobile: terminateApp","args":[{"appId":"com.android.chrome","bundleId":"com.android.chrome"}]}
[38;5;62m[0de93be6][0m[38;5;123m[BaseDriver][0m The following script arguments are not known and will be ignored: bundleId
[38;5;62m[0de93be6][0m[38;5;-136m[AndroidUiautomator2Driver@425f][0m Terminating 'com.android.chrome'
[38;5;62m[0de93be6][0m[38;5;-136m[AndroidUiautomator2Driver@425f][0m Querying the state of 'com.android.chrome'
[38;5;62m[0de93be6][0m[38;5;-136m[AndroidUiautomator2Driver@425f][0m The application 'com.android.chrome' was reported running, although all process ids belonging to it have been changed: ([5517,5593] -> [6550]). Assuming the termination was successful.
[38;5;62m[0de93be6][0m[38;5;-136m[AndroidUiautomator2Driver@425f][0m 'com.android.chrome' has been successfully terminated
[38;5;62m[0de93be6][0m[38;5;86m[HTTP][0m <-- POST /wd/hub/session/0de93be6-6229-471a-9fe2-ce42132b4169/execute/sync 200 491 ms - 14 
[38;5;62m[0de93be6][0m[38;5;86m[HTTP][0m [37m-->[39m [37mPOST[39m [37m/wd/hub/session/0de93be6-6229-471a-9fe2-ce42132b4169/context[39m {"name":"NATIVE_APP"}
[38;5;62m[0de93be6][0m[38;5;86m[HTTP][0m <-- POST /wd/hub/session/0de93be6-6229-471a-9fe2-ce42132b4169/context 200 0 ms - 14 
[38;5;62m[0de93be6][0m[38;5;86m[HTTP][0m [37m-->[39m [37mDELETE[39m [37m/wd/hub/session/0de93be6-6229-471a-9fe2-ce42132b4169[39m {}
[38;5;62m[0de93be6][0m[38;5;67m[AppiumDriver@7374][0m Removing session 0de93be6-6229-471a-9fe2-ce42132b4169 from our master session list
[38;5;62m[0de93be6][0m[38;5;229m[ADB][0m com.westgate.rewrite2 was successfully uninstalled
[38;5;62m[0de93be6][0m[38;5;-136m[AndroidUiautomator2Driver@425f][0m Restoring hidden api policy to the device default configuration
[38;5;62m[0de93be6][0m[38;5;86m[HTTP][0m <-- DELETE /wd/hub/session/0de93be6-6229-471a-9fe2-ce42132b4169 200 1216 ms - 14 
[38;5;112m[Appium][0m Received SIGTERM - shutting down
[38;5;86m[HTTP][0m Closing Appium HTTP server
[38;5;86m[HTTP][0m Appium HTTP server has been succesfully closed after 0ms
