[38;5;95m[cd6abe39][0m[38;5;-23m[AndroidUiautomator2Driver@9c1e][0m Hidden API policy (https://developer.android.com/guide/app-compatibility/restrictions-non-sdk-interfaces) cannot be enabled. This might be happening because the device under test is not configured properly. Please check https://github.com/appium/appium/issues/13802 for more details. You could also set the "appium:ignoreHiddenApiPolicyError" capability to true in order to ignore this error, which might later lead to unexpected crashes or behavior of the automation server. Original error: Error executing adbExec. Original error: 'Command '/Users/gv.vignesh/.katalon/tools/android_sdk/platform-tools/adb -P 5037 -s a6e538dc5180 shell 'settings put global hidden_api_policy_pre_p_apps 1;settings put global hidden_api_policy_p_apps 1;settings put global hidden_api_policy 1'' exited with code 255'; Command output: 
Exception occurred while executing 'put':
java.lang.SecurityException: Permission denial, must have one of: [android.permission.WRITE_SECURE_SETTINGS]
	at com.android.providers.settings.SettingsProvider.enforceHasAtLeastOnePermission(SettingsProvider.java:2479)
	at com.android.providers.settings.SettingsProvider.mutateGlobalSetting(SettingsProvider.java:1555)
	at com.android.providers.settings.SettingsProvider.insertGlobalSetting(SettingsProvider.java:1509)
	at com.android.providers.settings.SettingsProvider.call(SettingsProvider.java:480)
	at android.content.ContentProvider.call(ContentProvider.java:2736)
	at android.content.ContentProvider$Transport.call(ContentProvider.java:639)
	at com.android.providers.settings.SettingsService$MyShellCommand.putForUser(SettingsService.java:382)
	at com.android.providers.settings.SettingsService$MyShellCommand.onCommand(SettingsService.java:278)
	at com.android.modules.utils.BasicShellCommandHandler.exec(BasicShellCommandHandler.java:97)
	at android.os.ShellCommand.exec(ShellCommand.java:38)
	at com.android.providers.settings.SettingsService.onShellCommand(SettingsService.java:50)
	at android.os.Binder.shellCommand(Binder.java:1237)
	at android.os.Binder.onTransact(Binder.java:1050)
	at android.os.Binder.execTransactInternal(Binder.java:1512)
	at android.os.Binder.execTransact(Binder.java:1451)

Exception occurred while executing 'put':
java.lang.SecurityException: Permission denial, must have one of: [android.permission.WRITE_SECURE_SETTINGS]
	at com.android.providers.settings.SettingsProvider.enforceHasAtLeastOnePermission(SettingsProvider.java:2479)
	at com.android.providers.settings.SettingsProvider.mutateGlobalSetting(SettingsProvider.java:1555)
	at com.android.providers.settings.SettingsProvider.insertGlobalSetting(SettingsProvider.java:1509)
	at com.android.providers.settings.SettingsProvider.call(SettingsProvider.java:480)
	at android.content.ContentProvider.call(ContentProvider.java:2736)
	at android.content.ContentProvider$Transport.call(ContentProvider.java:639)
	at com.android.providers.settings.SettingsService$MyShellCommand.putForUser(SettingsService.java:382)
	at com.android.providers.settings.SettingsService$MyShellCommand.onCommand(SettingsService.java:278)
	at com.android.modules.utils.BasicShellCommandHandler.exec(BasicShellCommandHandler.java:97)
	at android.os.ShellCommand.exec(ShellCommand.java:38)
	at com.android.providers.settings.SettingsService.onShellCommand(SettingsService.java:50)
	at android.os.Binder.shellCommand(Binder.java:1237)
	at android.os.Binder.onTransact(Binder.java:1050)
	at android.os.Binder.execTransactInternal(Binder.java:1512)
	at android.os.Binder.execTransact(Binder.java:1451)

Exception occurred while executing 'put':
java.lang.SecurityException: Permission denial, must have one of: [android.permission.WRITE_SECURE_SETTINGS]
	at com.android.providers.settings.SettingsProvider.enforceHasAtLeastOnePermission(SettingsProvider.java:2479)
	at com.android.providers.settings.SettingsProvider.mutateGlobalSetting(SettingsProvider.java:1555)
	at com.android.providers.settings.SettingsProvider.insertGlobalSetting(SettingsProvider.java:1509)
	at com.android.providers.settings.SettingsProvider.call(SettingsProvider.java:480)
	at android.content.ContentProvider.call(ContentProvider.java:2736)
	at android.content.ContentProvider$Transport.call(ContentProvider.java:639)
	at com.android.providers.settings.SettingsService$MyShellCommand.putForUser(SettingsService.java:382)
	at com.android.providers.settings.SettingsService$MyShellCommand.onCommand(SettingsService.java:278)
	at com.android.modules.utils.BasicShellCommandHandler.exec(BasicShellCommandHandler.java:97)
	at android.os.ShellCommand.exec(ShellCommand.java:38)
	at com.android.providers.settings.SettingsService.onShellCommand(SettingsService.java:50)
	at android.os.Binder.shellCommand(Binder.java:1237)
	at android.os.Binder.onTransact(Binder.java:1050)
	at android.os.Binder.execTransactInternal(Binder.java:1512)
	at android.os.Binder.execTransact(Binder.java:1451)

[38;5;92m[8b7e7779][0m[38;5;3m[AndroidUiautomator2Driver@2dce][0m Hidden API policy (https://developer.android.com/guide/app-compatibility/restrictions-non-sdk-interfaces) cannot be enabled. This might be happening because the device under test is not configured properly. Please check https://github.com/appium/appium/issues/13802 for more details. You could also set the "appium:ignoreHiddenApiPolicyError" capability to true in order to ignore this error, which might later lead to unexpected crashes or behavior of the automation server. Original error: Error executing adbExec. Original error: 'Command '/Users/gv.vignesh/.katalon/tools/android_sdk/platform-tools/adb -P 5037 -s a6e538dc5180 shell 'settings put global hidden_api_policy_pre_p_apps 1;settings put global hidden_api_policy_p_apps 1;settings put global hidden_api_policy 1'' exited with code 255'; Command output: 
Exception occurred while executing 'put':
java.lang.SecurityException: Permission denial, must have one of: [android.permission.WRITE_SECURE_SETTINGS]
	at com.android.providers.settings.SettingsProvider.enforceHasAtLeastOnePermission(SettingsProvider.java:2479)
	at com.android.providers.settings.SettingsProvider.mutateGlobalSetting(SettingsProvider.java:1555)
	at com.android.providers.settings.SettingsProvider.insertGlobalSetting(SettingsProvider.java:1509)
	at com.android.providers.settings.SettingsProvider.call(SettingsProvider.java:480)
	at android.content.ContentProvider.call(ContentProvider.java:2736)
	at android.content.ContentProvider$Transport.call(ContentProvider.java:639)
	at com.android.providers.settings.SettingsService$MyShellCommand.putForUser(SettingsService.java:382)
	at com.android.providers.settings.SettingsService$MyShellCommand.onCommand(SettingsService.java:278)
	at com.android.modules.utils.BasicShellCommandHandler.exec(BasicShellCommandHandler.java:97)
	at android.os.ShellCommand.exec(ShellCommand.java:38)
	at com.android.providers.settings.SettingsService.onShellCommand(SettingsService.java:50)
	at android.os.Binder.shellCommand(Binder.java:1237)
	at android.os.Binder.onTransact(Binder.java:1050)
	at android.os.Binder.execTransactInternal(Binder.java:1512)
	at android.os.Binder.execTransact(Binder.java:1451)

Exception occurred while executing 'put':
java.lang.SecurityException: Permission denial, must have one of: [android.permission.WRITE_SECURE_SETTINGS]
	at com.android.providers.settings.SettingsProvider.enforceHasAtLeastOnePermission(SettingsProvider.java:2479)
	at com.android.providers.settings.SettingsProvider.mutateGlobalSetting(SettingsProvider.java:1555)
	at com.android.providers.settings.SettingsProvider.insertGlobalSetting(SettingsProvider.java:1509)
	at com.android.providers.settings.SettingsProvider.call(SettingsProvider.java:480)
	at android.content.ContentProvider.call(ContentProvider.java:2736)
	at android.content.ContentProvider$Transport.call(ContentProvider.java:639)
	at com.android.providers.settings.SettingsService$MyShellCommand.putForUser(SettingsService.java:382)
	at com.android.providers.settings.SettingsService$MyShellCommand.onCommand(SettingsService.java:278)
	at com.android.modules.utils.BasicShellCommandHandler.exec(BasicShellCommandHandler.java:97)
	at android.os.ShellCommand.exec(ShellCommand.java:38)
	at com.android.providers.settings.SettingsService.onShellCommand(SettingsService.java:50)
	at android.os.Binder.shellCommand(Binder.java:1237)
	at android.os.Binder.onTransact(Binder.java:1050)
	at android.os.Binder.execTransactInternal(Binder.java:1512)
	at android.os.Binder.execTransact(Binder.java:1451)

Exception occurred while executing 'put':
java.lang.SecurityException: Permission denial, must have one of: [android.permission.WRITE_SECURE_SETTINGS]
	at com.android.providers.settings.SettingsProvider.enforceHasAtLeastOnePermission(SettingsProvider.java:2479)
	at com.android.providers.settings.SettingsProvider.mutateGlobalSetting(SettingsProvider.java:1555)
	at com.android.providers.settings.SettingsProvider.insertGlobalSetting(SettingsProvider.java:1509)
	at com.android.providers.settings.SettingsProvider.call(SettingsProvider.java:480)
	at android.content.ContentProvider.call(ContentProvider.java:2736)
	at android.content.ContentProvider$Transport.call(ContentProvider.java:639)
	at com.android.providers.settings.SettingsService$MyShellCommand.putForUser(SettingsService.java:382)
	at com.android.providers.settings.SettingsService$MyShellCommand.onCommand(SettingsService.java:278)
	at com.android.modules.utils.BasicShellCommandHandler.exec(BasicShellCommandHandler.java:97)
	at android.os.ShellCommand.exec(ShellCommand.java:38)
	at com.android.providers.settings.SettingsService.onShellCommand(SettingsService.java:50)
	at android.os.Binder.shellCommand(Binder.java:1237)
	at android.os.Binder.onTransact(Binder.java:1050)
	at android.os.Binder.execTransactInternal(Binder.java:1512)
	at android.os.Binder.execTransact(Binder.java:1451)

[38;5;217m[4e77733a][0m[38;5;-172m[AndroidUiautomator2Driver@2126][0m Hidden API policy (https://developer.android.com/guide/app-compatibility/restrictions-non-sdk-interfaces) cannot be enabled. This might be happening because the device under test is not configured properly. Please check https://github.com/appium/appium/issues/13802 for more details. You could also set the "appium:ignoreHiddenApiPolicyError" capability to true in order to ignore this error, which might later lead to unexpected crashes or behavior of the automation server. Original error: Error executing adbExec. Original error: 'Command '/Users/gv.vignesh/.katalon/tools/android_sdk/platform-tools/adb -P 5037 -s a6e538dc5180 shell 'settings put global hidden_api_policy_pre_p_apps 1;settings put global hidden_api_policy_p_apps 1;settings put global hidden_api_policy 1'' exited with code 255'; Command output: 
Exception occurred while executing 'put':
java.lang.SecurityException: Permission denial, must have one of: [android.permission.WRITE_SECURE_SETTINGS]
	at com.android.providers.settings.SettingsProvider.enforceHasAtLeastOnePermission(SettingsProvider.java:2479)
	at com.android.providers.settings.SettingsProvider.mutateGlobalSetting(SettingsProvider.java:1555)
	at com.android.providers.settings.SettingsProvider.insertGlobalSetting(SettingsProvider.java:1509)
	at com.android.providers.settings.SettingsProvider.call(SettingsProvider.java:480)
	at android.content.ContentProvider.call(ContentProvider.java:2736)
	at android.content.ContentProvider$Transport.call(ContentProvider.java:639)
	at com.android.providers.settings.SettingsService$MyShellCommand.putForUser(SettingsService.java:382)
	at com.android.providers.settings.SettingsService$MyShellCommand.onCommand(SettingsService.java:278)
	at com.android.modules.utils.BasicShellCommandHandler.exec(BasicShellCommandHandler.java:97)
	at android.os.ShellCommand.exec(ShellCommand.java:38)
	at com.android.providers.settings.SettingsService.onShellCommand(SettingsService.java:50)
	at android.os.Binder.shellCommand(Binder.java:1237)
	at android.os.Binder.onTransact(Binder.java:1050)
	at android.os.Binder.execTransactInternal(Binder.java:1512)
	at android.os.Binder.execTransact(Binder.java:1451)

Exception occurred while executing 'put':
java.lang.SecurityException: Permission denial, must have one of: [android.permission.WRITE_SECURE_SETTINGS]
	at com.android.providers.settings.SettingsProvider.enforceHasAtLeastOnePermission(SettingsProvider.java:2479)
	at com.android.providers.settings.SettingsProvider.mutateGlobalSetting(SettingsProvider.java:1555)
	at com.android.providers.settings.SettingsProvider.insertGlobalSetting(SettingsProvider.java:1509)
	at com.android.providers.settings.SettingsProvider.call(SettingsProvider.java:480)
	at android.content.ContentProvider.call(ContentProvider.java:2736)
	at android.content.ContentProvider$Transport.call(ContentProvider.java:639)
	at com.android.providers.settings.SettingsService$MyShellCommand.putForUser(SettingsService.java:382)
	at com.android.providers.settings.SettingsService$MyShellCommand.onCommand(SettingsService.java:278)
	at com.android.modules.utils.BasicShellCommandHandler.exec(BasicShellCommandHandler.java:97)
	at android.os.ShellCommand.exec(ShellCommand.java:38)
	at com.android.providers.settings.SettingsService.onShellCommand(SettingsService.java:50)
	at android.os.Binder.shellCommand(Binder.java:1237)
	at android.os.Binder.onTransact(Binder.java:1050)
	at android.os.Binder.execTransactInternal(Binder.java:1512)
	at android.os.Binder.execTransact(Binder.java:1451)

Exception occurred while executing 'put':
java.lang.SecurityException: Permission denial, must have one of: [android.permission.WRITE_SECURE_SETTINGS]
	at com.android.providers.settings.SettingsProvider.enforceHasAtLeastOnePermission(SettingsProvider.java:2479)
	at com.android.providers.settings.SettingsProvider.mutateGlobalSetting(SettingsProvider.java:1555)
	at com.android.providers.settings.SettingsProvider.insertGlobalSetting(SettingsProvider.java:1509)
	at com.android.providers.settings.SettingsProvider.call(SettingsProvider.java:480)
	at android.content.ContentProvider.call(ContentProvider.java:2736)
	at android.content.ContentProvider$Transport.call(ContentProvider.java:639)
	at com.android.providers.settings.SettingsService$MyShellCommand.putForUser(SettingsService.java:382)
	at com.android.providers.settings.SettingsService$MyShellCommand.onCommand(SettingsService.java:278)
	at com.android.modules.utils.BasicShellCommandHandler.exec(BasicShellCommandHandler.java:97)
	at android.os.ShellCommand.exec(ShellCommand.java:38)
	at com.android.providers.settings.SettingsService.onShellCommand(SettingsService.java:50)
	at android.os.Binder.shellCommand(Binder.java:1237)
	at android.os.Binder.onTransact(Binder.java:1050)
	at android.os.Binder.execTransactInternal(Binder.java:1512)
	at android.os.Binder.execTransact(Binder.java:1451)

[38;5;159m[b5cd96ca][0m[38;5;-9m[AndroidUiautomator2Driver@6ba1][0m Hidden API policy (https://developer.android.com/guide/app-compatibility/restrictions-non-sdk-interfaces) cannot be enabled. This might be happening because the device under test is not configured properly. Please check https://github.com/appium/appium/issues/13802 for more details. You could also set the "appium:ignoreHiddenApiPolicyError" capability to true in order to ignore this error, which might later lead to unexpected crashes or behavior of the automation server. Original error: Error executing adbExec. Original error: 'Command '/Users/gv.vignesh/.katalon/tools/android_sdk/platform-tools/adb -P 5037 -s a6e538dc5180 shell 'settings put global hidden_api_policy_pre_p_apps 1;settings put global hidden_api_policy_p_apps 1;settings put global hidden_api_policy 1'' exited with code 255'; Command output: 
Exception occurred while executing 'put':
java.lang.SecurityException: Permission denial, must have one of: [android.permission.WRITE_SECURE_SETTINGS]
	at com.android.providers.settings.SettingsProvider.enforceHasAtLeastOnePermission(SettingsProvider.java:2479)
	at com.android.providers.settings.SettingsProvider.mutateGlobalSetting(SettingsProvider.java:1555)
	at com.android.providers.settings.SettingsProvider.insertGlobalSetting(SettingsProvider.java:1509)
	at com.android.providers.settings.SettingsProvider.call(SettingsProvider.java:480)
	at android.content.ContentProvider.call(ContentProvider.java:2736)
	at android.content.ContentProvider$Transport.call(ContentProvider.java:639)
	at com.android.providers.settings.SettingsService$MyShellCommand.putForUser(SettingsService.java:382)
	at com.android.providers.settings.SettingsService$MyShellCommand.onCommand(SettingsService.java:278)
	at com.android.modules.utils.BasicShellCommandHandler.exec(BasicShellCommandHandler.java:97)
	at android.os.ShellCommand.exec(ShellCommand.java:38)
	at com.android.providers.settings.SettingsService.onShellCommand(SettingsService.java:50)
	at android.os.Binder.shellCommand(Binder.java:1237)
	at android.os.Binder.onTransact(Binder.java:1050)
	at android.os.Binder.execTransactInternal(Binder.java:1512)
	at android.os.Binder.execTransact(Binder.java:1451)

Exception occurred while executing 'put':
java.lang.SecurityException: Permission denial, must have one of: [android.permission.WRITE_SECURE_SETTINGS]
	at com.android.providers.settings.SettingsProvider.enforceHasAtLeastOnePermission(SettingsProvider.java:2479)
	at com.android.providers.settings.SettingsProvider.mutateGlobalSetting(SettingsProvider.java:1555)
	at com.android.providers.settings.SettingsProvider.insertGlobalSetting(SettingsProvider.java:1509)
	at com.android.providers.settings.SettingsProvider.call(SettingsProvider.java:480)
	at android.content.ContentProvider.call(ContentProvider.java:2736)
	at android.content.ContentProvider$Transport.call(ContentProvider.java:639)
	at com.android.providers.settings.SettingsService$MyShellCommand.putForUser(SettingsService.java:382)
	at com.android.providers.settings.SettingsService$MyShellCommand.onCommand(SettingsService.java:278)
	at com.android.modules.utils.BasicShellCommandHandler.exec(BasicShellCommandHandler.java:97)
	at android.os.ShellCommand.exec(ShellCommand.java:38)
	at com.android.providers.settings.SettingsService.onShellCommand(SettingsService.java:50)
	at android.os.Binder.shellCommand(Binder.java:1237)
	at android.os.Binder.onTransact(Binder.java:1050)
	at android.os.Binder.execTransactInternal(Binder.java:1512)
	at android.os.Binder.execTransact(Binder.java:1451)

Exception occurred while executing 'put':
java.lang.SecurityException: Permission denial, must have one of: [android.permission.WRITE_SECURE_SETTINGS]
	at com.android.providers.settings.SettingsProvider.enforceHasAtLeastOnePermission(SettingsProvider.java:2479)
	at com.android.providers.settings.SettingsProvider.mutateGlobalSetting(SettingsProvider.java:1555)
	at com.android.providers.settings.SettingsProvider.insertGlobalSetting(SettingsProvider.java:1509)
	at com.android.providers.settings.SettingsProvider.call(SettingsProvider.java:480)
	at android.content.ContentProvider.call(ContentProvider.java:2736)
	at android.content.ContentProvider$Transport.call(ContentProvider.java:639)
	at com.android.providers.settings.SettingsService$MyShellCommand.putForUser(SettingsService.java:382)
	at com.android.providers.settings.SettingsService$MyShellCommand.onCommand(SettingsService.java:278)
	at com.android.modules.utils.BasicShellCommandHandler.exec(BasicShellCommandHandler.java:97)
	at android.os.ShellCommand.exec(ShellCommand.java:38)
	at com.android.providers.settings.SettingsService.onShellCommand(SettingsService.java:50)
	at android.os.Binder.shellCommand(Binder.java:1237)
	at android.os.Binder.onTransact(Binder.java:1050)
	at android.os.Binder.execTransactInternal(Binder.java:1512)
	at android.os.Binder.execTransact(Binder.java:1451)

[38;5;81m[d1660992][0m[38;5;-100m[AndroidUiautomator2Driver@2e04][0m Hidden API policy (https://developer.android.com/guide/app-compatibility/restrictions-non-sdk-interfaces) cannot be enabled. This might be happening because the device under test is not configured properly. Please check https://github.com/appium/appium/issues/13802 for more details. You could also set the "appium:ignoreHiddenApiPolicyError" capability to true in order to ignore this error, which might later lead to unexpected crashes or behavior of the automation server. Original error: Error executing adbExec. Original error: 'Command '/Users/gv.vignesh/.katalon/tools/android_sdk/platform-tools/adb -P 5037 -s a6e538dc5180 shell 'settings put global hidden_api_policy_pre_p_apps 1;settings put global hidden_api_policy_p_apps 1;settings put global hidden_api_policy 1'' exited with code 255'; Command output: 
Exception occurred while executing 'put':
java.lang.SecurityException: Permission denial, must have one of: [android.permission.WRITE_SECURE_SETTINGS]
	at com.android.providers.settings.SettingsProvider.enforceHasAtLeastOnePermission(SettingsProvider.java:2479)
	at com.android.providers.settings.SettingsProvider.mutateGlobalSetting(SettingsProvider.java:1555)
	at com.android.providers.settings.SettingsProvider.insertGlobalSetting(SettingsProvider.java:1509)
	at com.android.providers.settings.SettingsProvider.call(SettingsProvider.java:480)
	at android.content.ContentProvider.call(ContentProvider.java:2736)
	at android.content.ContentProvider$Transport.call(ContentProvider.java:639)
	at com.android.providers.settings.SettingsService$MyShellCommand.putForUser(SettingsService.java:382)
	at com.android.providers.settings.SettingsService$MyShellCommand.onCommand(SettingsService.java:278)
	at com.android.modules.utils.BasicShellCommandHandler.exec(BasicShellCommandHandler.java:97)
	at android.os.ShellCommand.exec(ShellCommand.java:38)
	at com.android.providers.settings.SettingsService.onShellCommand(SettingsService.java:50)
	at android.os.Binder.shellCommand(Binder.java:1237)
	at android.os.Binder.onTransact(Binder.java:1050)
	at android.os.Binder.execTransactInternal(Binder.java:1512)
	at android.os.Binder.execTransact(Binder.java:1451)

Exception occurred while executing 'put':
java.lang.SecurityException: Permission denial, must have one of: [android.permission.WRITE_SECURE_SETTINGS]
	at com.android.providers.settings.SettingsProvider.enforceHasAtLeastOnePermission(SettingsProvider.java:2479)
	at com.android.providers.settings.SettingsProvider.mutateGlobalSetting(SettingsProvider.java:1555)
	at com.android.providers.settings.SettingsProvider.insertGlobalSetting(SettingsProvider.java:1509)
	at com.android.providers.settings.SettingsProvider.call(SettingsProvider.java:480)
	at android.content.ContentProvider.call(ContentProvider.java:2736)
	at android.content.ContentProvider$Transport.call(ContentProvider.java:639)
	at com.android.providers.settings.SettingsService$MyShellCommand.putForUser(SettingsService.java:382)
	at com.android.providers.settings.SettingsService$MyShellCommand.onCommand(SettingsService.java:278)
	at com.android.modules.utils.BasicShellCommandHandler.exec(BasicShellCommandHandler.java:97)
	at android.os.ShellCommand.exec(ShellCommand.java:38)
	at com.android.providers.settings.SettingsService.onShellCommand(SettingsService.java:50)
	at android.os.Binder.shellCommand(Binder.java:1237)
	at android.os.Binder.onTransact(Binder.java:1050)
	at android.os.Binder.execTransactInternal(Binder.java:1512)
	at android.os.Binder.execTransact(Binder.java:1451)

Exception occurred while executing 'put':
java.lang.SecurityException: Permission denial, must have one of: [android.permission.WRITE_SECURE_SETTINGS]
	at com.android.providers.settings.SettingsProvider.enforceHasAtLeastOnePermission(SettingsProvider.java:2479)
	at com.android.providers.settings.SettingsProvider.mutateGlobalSetting(SettingsProvider.java:1555)
	at com.android.providers.settings.SettingsProvider.insertGlobalSetting(SettingsProvider.java:1509)
	at com.android.providers.settings.SettingsProvider.call(SettingsProvider.java:480)
	at android.content.ContentProvider.call(ContentProvider.java:2736)
	at android.content.ContentProvider$Transport.call(ContentProvider.java:639)
	at com.android.providers.settings.SettingsService$MyShellCommand.putForUser(SettingsService.java:382)
	at com.android.providers.settings.SettingsService$MyShellCommand.onCommand(SettingsService.java:278)
	at com.android.modules.utils.BasicShellCommandHandler.exec(BasicShellCommandHandler.java:97)
	at android.os.ShellCommand.exec(ShellCommand.java:38)
	at com.android.providers.settings.SettingsService.onShellCommand(SettingsService.java:50)
	at android.os.Binder.shellCommand(Binder.java:1237)
	at android.os.Binder.onTransact(Binder.java:1050)
	at android.os.Binder.execTransactInternal(Binder.java:1512)
	at android.os.Binder.execTransact(Binder.java:1451)

[38;5;119m[868e945b][0m[38;5;-98m[AndroidUiautomator2Driver@899c][0m Hidden API policy (https://developer.android.com/guide/app-compatibility/restrictions-non-sdk-interfaces) cannot be enabled. This might be happening because the device under test is not configured properly. Please check https://github.com/appium/appium/issues/13802 for more details. You could also set the "appium:ignoreHiddenApiPolicyError" capability to true in order to ignore this error, which might later lead to unexpected crashes or behavior of the automation server. Original error: Error executing adbExec. Original error: 'Command '/Users/gv.vignesh/.katalon/tools/android_sdk/platform-tools/adb -P 5037 -s a6e538dc5180 shell 'settings put global hidden_api_policy_pre_p_apps 1;settings put global hidden_api_policy_p_apps 1;settings put global hidden_api_policy 1'' exited with code 255'; Command output: 
Exception occurred while executing 'put':
java.lang.SecurityException: Permission denial, must have one of: [android.permission.WRITE_SECURE_SETTINGS]
	at com.android.providers.settings.SettingsProvider.enforceHasAtLeastOnePermission(SettingsProvider.java:2479)
	at com.android.providers.settings.SettingsProvider.mutateGlobalSetting(SettingsProvider.java:1555)
	at com.android.providers.settings.SettingsProvider.insertGlobalSetting(SettingsProvider.java:1509)
	at com.android.providers.settings.SettingsProvider.call(SettingsProvider.java:480)
	at android.content.ContentProvider.call(ContentProvider.java:2736)
	at android.content.ContentProvider$Transport.call(ContentProvider.java:639)
	at com.android.providers.settings.SettingsService$MyShellCommand.putForUser(SettingsService.java:382)
	at com.android.providers.settings.SettingsService$MyShellCommand.onCommand(SettingsService.java:278)
	at com.android.modules.utils.BasicShellCommandHandler.exec(BasicShellCommandHandler.java:97)
	at android.os.ShellCommand.exec(ShellCommand.java:38)
	at com.android.providers.settings.SettingsService.onShellCommand(SettingsService.java:50)
	at android.os.Binder.shellCommand(Binder.java:1237)
	at android.os.Binder.onTransact(Binder.java:1050)
	at android.os.Binder.execTransactInternal(Binder.java:1512)
	at android.os.Binder.execTransact(Binder.java:1451)

Exception occurred while executing 'put':
java.lang.SecurityException: Permission denial, must have one of: [android.permission.WRITE_SECURE_SETTINGS]
	at com.android.providers.settings.SettingsProvider.enforceHasAtLeastOnePermission(SettingsProvider.java:2479)
	at com.android.providers.settings.SettingsProvider.mutateGlobalSetting(SettingsProvider.java:1555)
	at com.android.providers.settings.SettingsProvider.insertGlobalSetting(SettingsProvider.java:1509)
	at com.android.providers.settings.SettingsProvider.call(SettingsProvider.java:480)
	at android.content.ContentProvider.call(ContentProvider.java:2736)
	at android.content.ContentProvider$Transport.call(ContentProvider.java:639)
	at com.android.providers.settings.SettingsService$MyShellCommand.putForUser(SettingsService.java:382)
	at com.android.providers.settings.SettingsService$MyShellCommand.onCommand(SettingsService.java:278)
	at com.android.modules.utils.BasicShellCommandHandler.exec(BasicShellCommandHandler.java:97)
	at android.os.ShellCommand.exec(ShellCommand.java:38)
	at com.android.providers.settings.SettingsService.onShellCommand(SettingsService.java:50)
	at android.os.Binder.shellCommand(Binder.java:1237)
	at android.os.Binder.onTransact(Binder.java:1050)
	at android.os.Binder.execTransactInternal(Binder.java:1512)
	at android.os.Binder.execTransact(Binder.java:1451)

Exception occurred while executing 'put':
java.lang.SecurityException: Permission denial, must have one of: [android.permission.WRITE_SECURE_SETTINGS]
	at com.android.providers.settings.SettingsProvider.enforceHasAtLeastOnePermission(SettingsProvider.java:2479)
	at com.android.providers.settings.SettingsProvider.mutateGlobalSetting(SettingsProvider.java:1555)
	at com.android.providers.settings.SettingsProvider.insertGlobalSetting(SettingsProvider.java:1509)
	at com.android.providers.settings.SettingsProvider.call(SettingsProvider.java:480)
	at android.content.ContentProvider.call(ContentProvider.java:2736)
	at android.content.ContentProvider$Transport.call(ContentProvider.java:639)
	at com.android.providers.settings.SettingsService$MyShellCommand.putForUser(SettingsService.java:382)
	at com.android.providers.settings.SettingsService$MyShellCommand.onCommand(SettingsService.java:278)
	at com.android.modules.utils.BasicShellCommandHandler.exec(BasicShellCommandHandler.java:97)
	at android.os.ShellCommand.exec(ShellCommand.java:38)
	at com.android.providers.settings.SettingsService.onShellCommand(SettingsService.java:50)
	at android.os.Binder.shellCommand(Binder.java:1237)
	at android.os.Binder.onTransact(Binder.java:1050)
	at android.os.Binder.execTransactInternal(Binder.java:1512)
	at android.os.Binder.execTransact(Binder.java:1451)

[38;5;53m[3b783048][0m[38;5;-118m[AndroidUiautomator2Driver@76db][0m Hidden API policy (https://developer.android.com/guide/app-compatibility/restrictions-non-sdk-interfaces) cannot be enabled. This might be happening because the device under test is not configured properly. Please check https://github.com/appium/appium/issues/13802 for more details. You could also set the "appium:ignoreHiddenApiPolicyError" capability to true in order to ignore this error, which might later lead to unexpected crashes or behavior of the automation server. Original error: Error executing adbExec. Original error: 'Command '/Users/gv.vignesh/.katalon/tools/android_sdk/platform-tools/adb -P 5037 -s a6e538dc5180 shell 'settings put global hidden_api_policy_pre_p_apps 1;settings put global hidden_api_policy_p_apps 1;settings put global hidden_api_policy 1'' exited with code 255'; Command output: 
Exception occurred while executing 'put':
java.lang.SecurityException: Permission denial, must have one of: [android.permission.WRITE_SECURE_SETTINGS]
	at com.android.providers.settings.SettingsProvider.enforceHasAtLeastOnePermission(SettingsProvider.java:2479)
	at com.android.providers.settings.SettingsProvider.mutateGlobalSetting(SettingsProvider.java:1555)
	at com.android.providers.settings.SettingsProvider.insertGlobalSetting(SettingsProvider.java:1509)
	at com.android.providers.settings.SettingsProvider.call(SettingsProvider.java:480)
	at android.content.ContentProvider.call(ContentProvider.java:2736)
	at android.content.ContentProvider$Transport.call(ContentProvider.java:639)
	at com.android.providers.settings.SettingsService$MyShellCommand.putForUser(SettingsService.java:382)
	at com.android.providers.settings.SettingsService$MyShellCommand.onCommand(SettingsService.java:278)
	at com.android.modules.utils.BasicShellCommandHandler.exec(BasicShellCommandHandler.java:97)
	at android.os.ShellCommand.exec(ShellCommand.java:38)
	at com.android.providers.settings.SettingsService.onShellCommand(SettingsService.java:50)
	at android.os.Binder.shellCommand(Binder.java:1237)
	at android.os.Binder.onTransact(Binder.java:1050)
	at android.os.Binder.execTransactInternal(Binder.java:1512)
	at android.os.Binder.execTransact(Binder.java:1451)

Exception occurred while executing 'put':
java.lang.SecurityException: Permission denial, must have one of: [android.permission.WRITE_SECURE_SETTINGS]
	at com.android.providers.settings.SettingsProvider.enforceHasAtLeastOnePermission(SettingsProvider.java:2479)
	at com.android.providers.settings.SettingsProvider.mutateGlobalSetting(SettingsProvider.java:1555)
	at com.android.providers.settings.SettingsProvider.insertGlobalSetting(SettingsProvider.java:1509)
	at com.android.providers.settings.SettingsProvider.call(SettingsProvider.java:480)
	at android.content.ContentProvider.call(ContentProvider.java:2736)
	at android.content.ContentProvider$Transport.call(ContentProvider.java:639)
	at com.android.providers.settings.SettingsService$MyShellCommand.putForUser(SettingsService.java:382)
	at com.android.providers.settings.SettingsService$MyShellCommand.onCommand(SettingsService.java:278)
	at com.android.modules.utils.BasicShellCommandHandler.exec(BasicShellCommandHandler.java:97)
	at android.os.ShellCommand.exec(ShellCommand.java:38)
	at com.android.providers.settings.SettingsService.onShellCommand(SettingsService.java:50)
	at android.os.Binder.shellCommand(Binder.java:1237)
	at android.os.Binder.onTransact(Binder.java:1050)
	at android.os.Binder.execTransactInternal(Binder.java:1512)
	at android.os.Binder.execTransact(Binder.java:1451)

Exception occurred while executing 'put':
java.lang.SecurityException: Permission denial, must have one of: [android.permission.WRITE_SECURE_SETTINGS]
	at com.android.providers.settings.SettingsProvider.enforceHasAtLeastOnePermission(SettingsProvider.java:2479)
	at com.android.providers.settings.SettingsProvider.mutateGlobalSetting(SettingsProvider.java:1555)
	at com.android.providers.settings.SettingsProvider.insertGlobalSetting(SettingsProvider.java:1509)
	at com.android.providers.settings.SettingsProvider.call(SettingsProvider.java:480)
	at android.content.ContentProvider.call(ContentProvider.java:2736)
	at android.content.ContentProvider$Transport.call(ContentProvider.java:639)
	at com.android.providers.settings.SettingsService$MyShellCommand.putForUser(SettingsService.java:382)
	at com.android.providers.settings.SettingsService$MyShellCommand.onCommand(SettingsService.java:278)
	at com.android.modules.utils.BasicShellCommandHandler.exec(BasicShellCommandHandler.java:97)
	at android.os.ShellCommand.exec(ShellCommand.java:38)
	at com.android.providers.settings.SettingsService.onShellCommand(SettingsService.java:50)
	at android.os.Binder.shellCommand(Binder.java:1237)
	at android.os.Binder.onTransact(Binder.java:1050)
	at android.os.Binder.execTransactInternal(Binder.java:1512)
	at android.os.Binder.execTransact(Binder.java:1451)

[38;5;91m[df8cbb57][0m[38;5;-187m[AndroidUiautomator2Driver@42ea][0m Hidden API policy (https://developer.android.com/guide/app-compatibility/restrictions-non-sdk-interfaces) cannot be enabled. This might be happening because the device under test is not configured properly. Please check https://github.com/appium/appium/issues/13802 for more details. You could also set the "appium:ignoreHiddenApiPolicyError" capability to true in order to ignore this error, which might later lead to unexpected crashes or behavior of the automation server. Original error: Error executing adbExec. Original error: 'Command '/Users/gv.vignesh/.katalon/tools/android_sdk/platform-tools/adb -P 5037 -s a6e538dc5180 shell 'settings put global hidden_api_policy_pre_p_apps 1;settings put global hidden_api_policy_p_apps 1;settings put global hidden_api_policy 1'' exited with code 255'; Command output: 
Exception occurred while executing 'put':
java.lang.SecurityException: Permission denial, must have one of: [android.permission.WRITE_SECURE_SETTINGS]
	at com.android.providers.settings.SettingsProvider.enforceHasAtLeastOnePermission(SettingsProvider.java:2479)
	at com.android.providers.settings.SettingsProvider.mutateGlobalSetting(SettingsProvider.java:1555)
	at com.android.providers.settings.SettingsProvider.insertGlobalSetting(SettingsProvider.java:1509)
	at com.android.providers.settings.SettingsProvider.call(SettingsProvider.java:480)
	at android.content.ContentProvider.call(ContentProvider.java:2736)
	at android.content.ContentProvider$Transport.call(ContentProvider.java:639)
	at com.android.providers.settings.SettingsService$MyShellCommand.putForUser(SettingsService.java:382)
	at com.android.providers.settings.SettingsService$MyShellCommand.onCommand(SettingsService.java:278)
	at com.android.modules.utils.BasicShellCommandHandler.exec(BasicShellCommandHandler.java:97)
	at android.os.ShellCommand.exec(ShellCommand.java:38)
	at com.android.providers.settings.SettingsService.onShellCommand(SettingsService.java:50)
	at android.os.Binder.shellCommand(Binder.java:1237)
	at android.os.Binder.onTransact(Binder.java:1050)
	at android.os.Binder.execTransactInternal(Binder.java:1512)
	at android.os.Binder.execTransact(Binder.java:1451)

Exception occurred while executing 'put':
java.lang.SecurityException: Permission denial, must have one of: [android.permission.WRITE_SECURE_SETTINGS]
	at com.android.providers.settings.SettingsProvider.enforceHasAtLeastOnePermission(SettingsProvider.java:2479)
	at com.android.providers.settings.SettingsProvider.mutateGlobalSetting(SettingsProvider.java:1555)
	at com.android.providers.settings.SettingsProvider.insertGlobalSetting(SettingsProvider.java:1509)
	at com.android.providers.settings.SettingsProvider.call(SettingsProvider.java:480)
	at android.content.ContentProvider.call(ContentProvider.java:2736)
	at android.content.ContentProvider$Transport.call(ContentProvider.java:639)
	at com.android.providers.settings.SettingsService$MyShellCommand.putForUser(SettingsService.java:382)
	at com.android.providers.settings.SettingsService$MyShellCommand.onCommand(SettingsService.java:278)
	at com.android.modules.utils.BasicShellCommandHandler.exec(BasicShellCommandHandler.java:97)
	at android.os.ShellCommand.exec(ShellCommand.java:38)
	at com.android.providers.settings.SettingsService.onShellCommand(SettingsService.java:50)
	at android.os.Binder.shellCommand(Binder.java:1237)
	at android.os.Binder.onTransact(Binder.java:1050)
	at android.os.Binder.execTransactInternal(Binder.java:1512)
	at android.os.Binder.execTransact(Binder.java:1451)

Exception occurred while executing 'put':
java.lang.SecurityException: Permission denial, must have one of: [android.permission.WRITE_SECURE_SETTINGS]
	at com.android.providers.settings.SettingsProvider.enforceHasAtLeastOnePermission(SettingsProvider.java:2479)
	at com.android.providers.settings.SettingsProvider.mutateGlobalSetting(SettingsProvider.java:1555)
	at com.android.providers.settings.SettingsProvider.insertGlobalSetting(SettingsProvider.java:1509)
	at com.android.providers.settings.SettingsProvider.call(SettingsProvider.java:480)
	at android.content.ContentProvider.call(ContentProvider.java:2736)
	at android.content.ContentProvider$Transport.call(ContentProvider.java:639)
	at com.android.providers.settings.SettingsService$MyShellCommand.putForUser(SettingsService.java:382)
	at com.android.providers.settings.SettingsService$MyShellCommand.onCommand(SettingsService.java:278)
	at com.android.modules.utils.BasicShellCommandHandler.exec(BasicShellCommandHandler.java:97)
	at android.os.ShellCommand.exec(ShellCommand.java:38)
	at com.android.providers.settings.SettingsService.onShellCommand(SettingsService.java:50)
	at android.os.Binder.shellCommand(Binder.java:1237)
	at android.os.Binder.onTransact(Binder.java:1050)
	at android.os.Binder.execTransactInternal(Binder.java:1512)
	at android.os.Binder.execTransact(Binder.java:1451)

[38;5;119m[868e945b][0m[38;5;160m[Logcat][0m Logcat terminated with code 0, signal null
[38;5;91m[df8cbb57][0m[38;5;160m[Logcat][0m Logcat terminated with code 0, signal null
[38;5;217m[4e77733a][0m[38;5;160m[Logcat][0m Logcat terminated with code 0, signal null
[38;5;159m[b5cd96ca][0m[38;5;160m[Logcat][0m Logcat terminated with code 0, signal null
[38;5;81m[d1660992][0m[38;5;160m[Logcat][0m Logcat terminated with code 0, signal null
[38;5;53m[3b783048][0m[38;5;160m[Logcat][0m Logcat terminated with code 0, signal null
[38;5;92m[8b7e7779][0m[38;5;160m[Logcat][0m Logcat terminated with code 0, signal null
[38;5;95m[cd6abe39][0m[38;5;160m[Logcat][0m Logcat terminated with code 0, signal null
