[38;5;112m[Appium][0m Welcome to Appium v2.16.0 (REV f1041842141f20bc701b522d4371d7843d905580)
[38;5;112m[Appium][0m Non-default server args:
[38;5;112m[Appium][0m { basePath: [32m'/wd/hub'[39m, loglevel: [32m'info'[39m, port: [33m63022[39m }
[38;5;112m[Appium][0m Attempting to load driver uiautomator2...
[38;5;112m[Appium][0m Appium REST http interface listener started on http://0.0.0.0:63022/wd/hub
[38;5;112m[Appium][0m You can provide the following URLs in your client code to connect to this server:
	http://127.0.0.1:63022/wd/hub (only accessible from the same host)
	http://192.168.0.108:63022/wd/hub
[38;5;112m[Appium][0m Available drivers:
[38;5;112m[Appium][0m   - uiautomator2@4.1.5 (automationName 'UiAutomator2')
[38;5;112m[Appium][0m No plugins have been installed. Use the "appium plugin" command to install the one(s) you want to use.
[38;5;86m[HTTP][0m [37m-->[39m [37mGET[39m [37m/wd/hub/status[39m {}
[38;5;86m[HTTP][0m <-- GET /wd/hub/status 200 3 ms - 200 
[38;5;86m[HTTP][0m [37m-->[39m [37mPOST[39m [37m/wd/hub/session[39m {"capabilities":{"firstMatch":[{"appium:app":"/Users/gv.vignesh/Downloads/WGR-Android-Automation/App Folder/universal.apk","appium:autoGrantPermissions":true,"appium:automationName":"uiautomator2","appium:deviceId":"","appium:deviceName":"emulator-5554 (sdk_gphone64_arm64 - Android 16)","appium:fullReset":false,"appium:newCommandTimeout":1800,"appium:noReset":true,"appium:platformName":"ANDROID","appium:platformVersion":"16","appium:systemPort":63021,"appium:udid":"emulator-5554","platformName":"ANDROID"}]},"desiredCapabilities":{"appium:app":"/Users/gv.vignesh/Downloads/WGR-Android-Automation/App Folder/universal.apk","appium:autoGrantPermissions":true,"appium:automationName":"uiautomator2","appium:deviceId":"","appium:deviceName":"emulator-5554 (sdk_gphone64_arm64 - Android 16)","appium:fullReset":false,"appium:newCommandTimeout":1800,"appium:noReset":true,"appium:platformName":"ANDROID","appium:platformVersion":"16","appium:systemPort":63021,"appium:udid":"emulator-5554"}}
[38;5;123m[BaseDriver][0m Ignoring capability 'appium:platformName=ANDROID' and using capability 'platformName=ANDROID'
[38;5;123m[BaseDriver][0m The capabilities ["platformName"] are standard capabilities and do not require "appium:" prefix
[38;5;112m[Appium][0m Attempting to find matching driver for automationName 'uiautomator2' and platformName 'ANDROID'
[38;5;112m[Appium][0m The 'uiautomator2' driver was installed and matched caps.
[38;5;112m[Appium][0m Will require it at /Users/gv.vignesh/.appium/node_modules/appium-uiautomator2-driver
[38;5;55m[AppiumDriver@d0f3][0m Appium v2.16.0 creating new AndroidUiautomator2Driver (v4.1.5) session
[38;5;55m[AppiumDriver@d0f3][0m Checking BaseDriver versions for Appium and AndroidUiautomator2Driver
[38;5;55m[AppiumDriver@d0f3][0m Appium's BaseDriver version is 9.16.4
[38;5;55m[AppiumDriver@d0f3][0m AndroidUiautomator2Driver's BaseDriver version is 9.16.4
[38;5;-47m[AndroidUiautomator2Driver@26ff][0m The following provided capabilities were not recognized by this driver:
[38;5;-47m[AndroidUiautomator2Driver@26ff][0m   deviceId
[38;5;205m[8446e703][0m[38;5;-47m[AndroidUiautomator2Driver@26ff][0m Session created with session id: 8446e703-1ba1-4c48-aed7-c2980e5bfacc
[38;5;205m[8446e703][0m[38;5;229m[ADB][0m Found 1 'build-tools' folders under '/Users/gv.vignesh/.katalon/tools/android_sdk' (newest first):
[38;5;205m[8446e703][0m[38;5;229m[ADB][0m     /Users/gv.vignesh/.katalon/tools/android_sdk/build-tools/29.0.3
[38;5;205m[8446e703][0m[38;5;229m[ADB][0m Using 'adb' from '/Users/gv.vignesh/.katalon/tools/android_sdk/platform-tools/adb'
[38;5;205m[8446e703][0m[38;5;-47m[AndroidUiautomator2Driver@26ff][0m Retrieving device list
[38;5;205m[8446e703][0m[38;5;-47m[AndroidUiautomator2Driver@26ff][0m Using device: emulator-5554
[38;5;205m[8446e703][0m[38;5;229m[ADB][0m Using 'adb' from '/Users/gv.vignesh/.katalon/tools/android_sdk/platform-tools/adb'
[38;5;205m[8446e703][0m[38;5;123m[BaseDriver][0m Using local app '/Users/gv.vignesh/Downloads/WGR-Android-Automation/App Folder/universal.apk'
[38;5;205m[8446e703][0m[38;5;229m[ADB][0m Getting device platform version
[38;5;205m[8446e703][0m[38;5;-47m[AndroidUiautomator2Driver@26ff][0m Relaxing hidden api policy
[38;5;205m[8446e703][0m[38;5;229m[ADB][0m Using 'aapt2' from '/Users/gv.vignesh/.katalon/tools/android_sdk/build-tools/29.0.3/aapt2'
[38;5;205m[8446e703][0m[38;5;229m[ADB][0m Package name: 'com.westgate.rewrite2'
[38;5;205m[8446e703][0m[38;5;229m[ADB][0m Main activity name: 'com.westgate.rewrite2.MainActivity'
[38;5;205m[8446e703][0m[38;5;-47m[AndroidUiautomator2Driver@26ff][0m Server packages are not going to be (re)installed
[38;5;205m[8446e703][0m[38;5;229m[ADB][0m Using 'apksigner.jar' from '/Users/gv.vignesh/.katalon/tools/android_sdk/build-tools/29.0.3/lib/apksigner.jar'
[38;5;205m[8446e703][0m[38;5;229m[ADB][0m Adding packages ["io.appium.settings","io.appium.uiautomator2.server","io.appium.uiautomator2.server.test"] to Doze whitelist
[38;5;205m[8446e703][0m[38;5;229m[ADB][0m '/Users/gv.vignesh/Downloads/WGR-Android-Automation/App Folder/universal.apk' is signed with a non-default certificate
[38;5;205m[8446e703][0m[38;5;229m[ADB][0m The application at '/Users/gv.vignesh/Downloads/WGR-Android-Automation/App Folder/universal.apk' will not be cached, because the device under test has confirmed the support of streamed installs
[38;5;205m[8446e703][0m[38;5;229m[ADB][0m The installation of 'universal.apk' took 621ms
[38;5;205m[8446e703][0m[38;5;-47m[AndroidUiautomator2Driver@26ff][0m Starting UIAutomator2 server 7.3.0
[38;5;205m[8446e703][0m[38;5;-47m[AndroidUiautomator2Driver@26ff][0m Using UIAutomator2 server from '/Users/gv.vignesh/.appium/node_modules/appium-uiautomator2-driver/node_modules/appium-uiautomator2-server/apks/appium-uiautomator2-server-v7.3.0.apk' and test from '/Users/gv.vignesh/.appium/node_modules/appium-uiautomator2-driver/node_modules/appium-uiautomator2-server/apks/appium-uiautomator2-server-debug-androidTest.apk'
[38;5;205m[8446e703][0m[38;5;-47m[AndroidUiautomator2Driver@26ff][0m Waiting up to 30000ms for UiAutomator2 to be online...
[38;5;205m[8446e703][0m[38;5;-47m[AndroidUiautomator2Driver@26ff][0m socket hang up
[38;5;205m[8446e703][0m[38;5;-47m[AndroidUiautomator2Driver@26ff][0m Determined the downstream protocol as 'W3C'
[38;5;205m[8446e703][0m[38;5;-47m[AndroidUiautomator2Driver@26ff][0m Screen already unlocked, doing nothing
[38;5;205m[8446e703][0m[38;5;-47m[AndroidUiautomator2Driver@26ff][0m Starting 'com.westgate.rewrite2/com.westgate.rewrite2.MainActivity' and waiting for 'com.westgate.rewrite2/com.westgate.rewrite2.MainActivity'
[38;5;205m[8446e703][0m[38;5;55m[AppiumDriver@d0f3][0m New AndroidUiautomator2Driver session created successfully, session 8446e703-1ba1-4c48-aed7-c2980e5bfacc added to master session list
[38;5;205m[8446e703][0m[38;5;86m[HTTP][0m <-- POST /wd/hub/session 200 6655 ms - 1350 
[38;5;86m[HTTP][0m [37m-->[39m [37mGET[39m [37m/wd/hub/status[39m {}
[38;5;86m[HTTP][0m <-- GET /wd/hub/status 200 1 ms - 200 
[38;5;205m[8446e703][0m[38;5;86m[HTTP][0m [37m-->[39m [37mPOST[39m [37m/wd/hub/session/8446e703-1ba1-4c48-aed7-c2980e5bfacc/timeouts[39m {"implicit":30000}
[38;5;205m[8446e703][0m[38;5;86m[HTTP][0m <-- POST /wd/hub/session/8446e703-1ba1-4c48-aed7-c2980e5bfacc/timeouts 200 1 ms - 14 
[38;5;205m[8446e703][0m[38;5;86m[HTTP][0m [37m-->[39m [37mPOST[39m [37m/wd/hub/session/8446e703-1ba1-4c48-aed7-c2980e5bfacc/execute/sync[39m {"args":[],"script":"mobile: getSystemBars"}
[38;5;205m[8446e703][0m[38;5;-47m[AndroidUiautomator2Driver@26ff][0m No windows have been found whose title matches to 'NavigationBar'. Assuming it is invisible. Only the following windows are available: ScreenDecorOverlayBottom,ScreenDecorOverlay,EdgeBackGestureHandler0,Taskbar,NotificationShade,StatusBar,ShellDropTarget,InputMethod
[38;5;205m[8446e703][0m[38;5;86m[HTTP][0m <-- POST /wd/hub/session/8446e703-1ba1-4c48-aed7-c2980e5bfacc/execute/sync 200 94 ms - 144 
[38;5;205m[8446e703][0m[38;5;86m[HTTP][0m [37m-->[39m [37mPOST[39m [37m/wd/hub/session/8446e703-1ba1-4c48-aed7-c2980e5bfacc/timeouts[39m {"implicit":50}
[38;5;205m[8446e703][0m[38;5;86m[HTTP][0m <-- POST /wd/hub/session/8446e703-1ba1-4c48-aed7-c2980e5bfacc/timeouts 200 1 ms - 14 
[38;5;205m[8446e703][0m[38;5;86m[HTTP][0m [37m-->[39m [37mGET[39m [37m/wd/hub/session/8446e703-1ba1-4c48-aed7-c2980e5bfacc/window/rect[39m {}
[38;5;205m[8446e703][0m[38;5;86m[HTTP][0m <-- GET /wd/hub/session/8446e703-1ba1-4c48-aed7-c2980e5bfacc/window/rect 200 15 ms - 50 
[38;5;205m[8446e703][0m[38;5;86m[HTTP][0m [37m-->[39m [37mPOST[39m [37m/wd/hub/session/8446e703-1ba1-4c48-aed7-c2980e5bfacc/elements[39m {"value":"//*[@class = 'android.widget.Button' and (@text = 'Login or Sign Up' or . = 'Login or Sign Up')]","using":"xpath"}
[38;5;205m[8446e703][0m[38;5;86m[HTTP][0m <-- POST /wd/hub/session/8446e703-1ba1-4c48-aed7-c2980e5bfacc/elements 200 153 ms - 139 
[38;5;205m[8446e703][0m[38;5;86m[HTTP][0m [37m-->[39m [37mGET[39m [37m/wd/hub/session/8446e703-1ba1-4c48-aed7-c2980e5bfacc/element/00000000-0000-000a-0000-00a300000007/rect[39m {}
[38;5;205m[8446e703][0m[38;5;-47m[AndroidUiautomator2Driver@26ff][0m Driver proxy active, passing request on via HTTP proxy
[38;5;205m[8446e703][0m[38;5;-47m[AndroidUiautomator2Driver@26ff][0m Replacing sessionId 4525d157-74a8-492a-a63f-89a86a113779 with 8446e703-1ba1-4c48-aed7-c2980e5bfacc
[38;5;205m[8446e703][0m[38;5;86m[HTTP][0m <-- GET /wd/hub/session/8446e703-1ba1-4c48-aed7-c2980e5bfacc/element/00000000-0000-000a-0000-00a300000007/rect 200 6 ms - 103 
[38;5;205m[8446e703][0m[38;5;86m[HTTP][0m [37m-->[39m [37mPOST[39m [37m/wd/hub/session/8446e703-1ba1-4c48-aed7-c2980e5bfacc/timeouts[39m {"implicit":30000}
[38;5;205m[8446e703][0m[38;5;86m[HTTP][0m <-- POST /wd/hub/session/8446e703-1ba1-4c48-aed7-c2980e5bfacc/timeouts 200 0 ms - 14 
[38;5;205m[8446e703][0m[38;5;86m[HTTP][0m [37m-->[39m [37mPOST[39m [37m/wd/hub/session/8446e703-1ba1-4c48-aed7-c2980e5bfacc/element/00000000-0000-000a-0000-00a300000007/click[39m {"id":"00000000-0000-000a-0000-00a300000007"}
[38;5;205m[8446e703][0m[38;5;86m[HTTP][0m <-- POST /wd/hub/session/8446e703-1ba1-4c48-aed7-c2980e5bfacc/element/00000000-0000-000a-0000-00a300000007/click 200 60 ms - 14 
[38;5;205m[8446e703][0m[38;5;86m[HTTP][0m [37m-->[39m [37mPOST[39m [37m/wd/hub/session/8446e703-1ba1-4c48-aed7-c2980e5bfacc/timeouts[39m {"implicit":50}
[38;5;205m[8446e703][0m[38;5;86m[HTTP][0m <-- POST /wd/hub/session/8446e703-1ba1-4c48-aed7-c2980e5bfacc/timeouts 200 1 ms - 14 
[38;5;205m[8446e703][0m[38;5;86m[HTTP][0m [37m-->[39m [37mGET[39m [37m/wd/hub/session/8446e703-1ba1-4c48-aed7-c2980e5bfacc/window/rect[39m {}
[38;5;205m[8446e703][0m[38;5;86m[HTTP][0m <-- GET /wd/hub/session/8446e703-1ba1-4c48-aed7-c2980e5bfacc/window/rect 500 2 ms - 1149 
[38;5;205m[8446e703][0m[38;5;86m[HTTP][0m [37m-->[39m [37mPOST[39m [37m/wd/hub/session/8446e703-1ba1-4c48-aed7-c2980e5bfacc/timeouts[39m {"implicit":30000}
[38;5;205m[8446e703][0m[38;5;86m[HTTP][0m <-- POST /wd/hub/session/8446e703-1ba1-4c48-aed7-c2980e5bfacc/timeouts 200 0 ms - 14 
[38;5;205m[8446e703][0m[38;5;86m[HTTP][0m [37m-->[39m [37mGET[39m [37m/wd/hub/session/8446e703-1ba1-4c48-aed7-c2980e5bfacc/context[39m {}
[38;5;205m[8446e703][0m[38;5;86m[HTTP][0m <-- GET /wd/hub/session/8446e703-1ba1-4c48-aed7-c2980e5bfacc/context 200 1 ms - 22 
[38;5;205m[8446e703][0m[38;5;86m[HTTP][0m [37m-->[39m [37mGET[39m [37m/wd/hub/session/8446e703-1ba1-4c48-aed7-c2980e5bfacc/contexts[39m {}
[38;5;205m[8446e703][0m[38;5;86m[HTTP][0m <-- GET /wd/hub/session/8446e703-1ba1-4c48-aed7-c2980e5bfacc/contexts 200 259 ms - 24 
[38;5;205m[8446e703][0m[38;5;86m[HTTP][0m [37m-->[39m [37mPOST[39m [37m/wd/hub/session/8446e703-1ba1-4c48-aed7-c2980e5bfacc/context[39m {"name":"NATIVE_APP"}
[38;5;205m[8446e703][0m[38;5;86m[HTTP][0m <-- POST /wd/hub/session/8446e703-1ba1-4c48-aed7-c2980e5bfacc/context 200 1 ms - 14 
[38;5;205m[8446e703][0m[38;5;86m[HTTP][0m [37m-->[39m [37mGET[39m [37m/wd/hub/session/8446e703-1ba1-4c48-aed7-c2980e5bfacc/screenshot[39m {}
[38;5;205m[8446e703][0m[38;5;86m[HTTP][0m <-- GET /wd/hub/session/8446e703-1ba1-4c48-aed7-c2980e5bfacc/screenshot 500 3 ms - 986 
[38;5;205m[8446e703][0m[38;5;86m[HTTP][0m [37m-->[39m [37mPOST[39m [37m/wd/hub/session/8446e703-1ba1-4c48-aed7-c2980e5bfacc/context[39m {"name":"NATIVE_APP"}
[38;5;205m[8446e703][0m[38;5;86m[HTTP][0m <-- POST /wd/hub/session/8446e703-1ba1-4c48-aed7-c2980e5bfacc/context 200 1 ms - 14 
[38;5;86m[HTTP][0m [37m-->[39m [37mGET[39m [37m/wd/hub/status[39m {}
[38;5;86m[HTTP][0m <-- GET /wd/hub/status 200 0 ms - 200 
[38;5;86m[HTTP][0m [37m-->[39m [37mPOST[39m [37m/wd/hub/session[39m {"capabilities":{"firstMatch":[{"appium:app":"/Users/gv.vignesh/Downloads/WGR-Android-Automation/App Folder/universal.apk","appium:autoGrantPermissions":true,"appium:automationName":"uiautomator2","appium:deviceId":"","appium:deviceName":"emulator-5554 (sdk_gphone64_arm64 - Android 16)","appium:fullReset":false,"appium:newCommandTimeout":1800,"appium:noReset":true,"appium:platformName":"ANDROID","appium:platformVersion":"16","appium:systemPort":63238,"appium:udid":"emulator-5554","platformName":"ANDROID"}]},"desiredCapabilities":{"appium:app":"/Users/gv.vignesh/Downloads/WGR-Android-Automation/App Folder/universal.apk","appium:autoGrantPermissions":true,"appium:automationName":"uiautomator2","appium:deviceId":"","appium:deviceName":"emulator-5554 (sdk_gphone64_arm64 - Android 16)","appium:fullReset":false,"appium:newCommandTimeout":1800,"appium:noReset":true,"appium:platformName":"ANDROID","appium:platformVersion":"16","appium:systemPort":63238,"appium:udid":"emulator-5554"}}
[38;5;123m[BaseDriver][0m Ignoring capability 'appium:platformName=ANDROID' and using capability 'platformName=ANDROID'
[38;5;123m[BaseDriver][0m The capabilities ["platformName"] are standard capabilities and do not require "appium:" prefix
[38;5;112m[Appium][0m Attempting to find matching driver for automationName 'uiautomator2' and platformName 'ANDROID'
[38;5;112m[Appium][0m The 'uiautomator2' driver was installed and matched caps.
[38;5;112m[Appium][0m Will require it at /Users/gv.vignesh/.appium/node_modules/appium-uiautomator2-driver
[38;5;55m[AppiumDriver@d0f3][0m Appium v2.16.0 creating new AndroidUiautomator2Driver (v4.1.5) session
[38;5;55m[AppiumDriver@d0f3][0m Checking BaseDriver versions for Appium and AndroidUiautomator2Driver
[38;5;55m[AppiumDriver@d0f3][0m Appium's BaseDriver version is 9.16.4
[38;5;55m[AppiumDriver@d0f3][0m AndroidUiautomator2Driver's BaseDriver version is 9.16.4
[38;5;-175m[AndroidUiautomator2Driver@f200][0m The following provided capabilities were not recognized by this driver:
[38;5;-175m[AndroidUiautomator2Driver@f200][0m   deviceId
[38;5;155m[8b108d24][0m[38;5;-175m[AndroidUiautomator2Driver@f200][0m Session created with session id: 8b108d24-a09c-46e3-bc7e-42194bfcea92
[38;5;155m[8b108d24][0m[38;5;229m[ADB][0m Using 'adb' from '/Users/gv.vignesh/.katalon/tools/android_sdk/platform-tools/adb'
[38;5;155m[8b108d24][0m[38;5;-175m[AndroidUiautomator2Driver@f200][0m Retrieving device list
[38;5;155m[8b108d24][0m[38;5;-175m[AndroidUiautomator2Driver@f200][0m Using device: emulator-5554
[38;5;155m[8b108d24][0m[38;5;229m[ADB][0m Using 'adb' from '/Users/gv.vignesh/.katalon/tools/android_sdk/platform-tools/adb'
[38;5;155m[8b108d24][0m[38;5;123m[BaseDriver][0m Using local app '/Users/gv.vignesh/Downloads/WGR-Android-Automation/App Folder/universal.apk'
[38;5;155m[8b108d24][0m[38;5;229m[ADB][0m Getting device platform version
[38;5;155m[8b108d24][0m[38;5;-175m[AndroidUiautomator2Driver@f200][0m Relaxing hidden api policy
[38;5;155m[8b108d24][0m[38;5;229m[ADB][0m Using 'aapt2' from '/Users/gv.vignesh/.katalon/tools/android_sdk/build-tools/29.0.3/aapt2'
[38;5;155m[8b108d24][0m[38;5;229m[ADB][0m Package name: 'com.westgate.rewrite2'
[38;5;155m[8b108d24][0m[38;5;229m[ADB][0m Main activity name: 'com.westgate.rewrite2.MainActivity'
[38;5;155m[8b108d24][0m[38;5;-175m[AndroidUiautomator2Driver@f200][0m Server packages are not going to be (re)installed
[38;5;155m[8b108d24][0m[38;5;229m[ADB][0m Adding packages ["io.appium.settings","io.appium.uiautomator2.server","io.appium.uiautomator2.server.test"] to Doze whitelist
[38;5;155m[8b108d24][0m[38;5;-175m[AndroidUiautomator2Driver@f200][0m Starting UIAutomator2 server 7.3.0
[38;5;155m[8b108d24][0m[38;5;-175m[AndroidUiautomator2Driver@f200][0m Using UIAutomator2 server from '/Users/gv.vignesh/.appium/node_modules/appium-uiautomator2-driver/node_modules/appium-uiautomator2-server/apks/appium-uiautomator2-server-v7.3.0.apk' and test from '/Users/gv.vignesh/.appium/node_modules/appium-uiautomator2-driver/node_modules/appium-uiautomator2-server/apks/appium-uiautomator2-server-debug-androidTest.apk'
[38;5;155m[8b108d24][0m[38;5;-175m[AndroidUiautomator2Driver@f200][0m Waiting up to 30000ms for UiAutomator2 to be online...
[38;5;155m[8b108d24][0m[38;5;-175m[AndroidUiautomator2Driver@f200][0m socket hang up
[38;5;155m[8b108d24][0m[38;5;-175m[AndroidUiautomator2Driver@f200][0m Determined the downstream protocol as 'W3C'
[38;5;155m[8b108d24][0m[38;5;-175m[AndroidUiautomator2Driver@f200][0m Screen already unlocked, doing nothing
[38;5;155m[8b108d24][0m[38;5;-175m[AndroidUiautomator2Driver@f200][0m Starting 'com.westgate.rewrite2/com.westgate.rewrite2.MainActivity' and waiting for 'com.westgate.rewrite2/com.westgate.rewrite2.MainActivity'
[38;5;155m[8b108d24][0m[38;5;-175m[AndroidUiautomator2Driver@f200][0m 'com.westgate.rewrite2' is already running and noReset is enabled. Set forceAppLaunch capability to true if the app must be forcefully restarted on session startup.
[38;5;155m[8b108d24][0m[38;5;55m[AppiumDriver@d0f3][0m New AndroidUiautomator2Driver session created successfully, session 8b108d24-a09c-46e3-bc7e-42194bfcea92 added to master session list
[38;5;155m[8b108d24][0m[38;5;86m[HTTP][0m <-- POST /wd/hub/session 200 2168 ms - 1350 
[38;5;86m[HTTP][0m [37m-->[39m [37mGET[39m [37m/wd/hub/status[39m {}
[38;5;86m[HTTP][0m <-- GET /wd/hub/status 200 0 ms - 200 
[38;5;155m[8b108d24][0m[38;5;86m[HTTP][0m [37m-->[39m [37mPOST[39m [37m/wd/hub/session/8b108d24-a09c-46e3-bc7e-42194bfcea92/timeouts[39m {"implicit":30000}
[38;5;155m[8b108d24][0m[38;5;86m[HTTP][0m <-- POST /wd/hub/session/8b108d24-a09c-46e3-bc7e-42194bfcea92/timeouts 200 0 ms - 14 
[38;5;155m[8b108d24][0m[38;5;86m[HTTP][0m [37m-->[39m [37mPOST[39m [37m/wd/hub/session/8b108d24-a09c-46e3-bc7e-42194bfcea92/execute/sync[39m {"args":[],"script":"mobile: getSystemBars"}
[38;5;155m[8b108d24][0m[38;5;-175m[AndroidUiautomator2Driver@f200][0m No windows have been found whose title matches to 'NavigationBar'. Assuming it is invisible. Only the following windows are available: ScreenDecorOverlayBottom,ScreenDecorOverlay,EdgeBackGestureHandler0,Taskbar,NotificationShade,StatusBar,ShellDropTarget,InputMethod
[38;5;155m[8b108d24][0m[38;5;86m[HTTP][0m <-- POST /wd/hub/session/8b108d24-a09c-46e3-bc7e-42194bfcea92/execute/sync 200 47 ms - 144 
[38;5;155m[8b108d24][0m[38;5;86m[HTTP][0m [37m-->[39m [37mPOST[39m [37m/wd/hub/session/8b108d24-a09c-46e3-bc7e-42194bfcea92/timeouts[39m {"implicit":50}
[38;5;155m[8b108d24][0m[38;5;86m[HTTP][0m <-- POST /wd/hub/session/8b108d24-a09c-46e3-bc7e-42194bfcea92/timeouts 200 1 ms - 14 
[38;5;155m[8b108d24][0m[38;5;86m[HTTP][0m [37m-->[39m [37mGET[39m [37m/wd/hub/session/8b108d24-a09c-46e3-bc7e-42194bfcea92/window/rect[39m {}
[38;5;155m[8b108d24][0m[38;5;86m[HTTP][0m <-- GET /wd/hub/session/8b108d24-a09c-46e3-bc7e-42194bfcea92/window/rect 200 12 ms - 50 
[38;5;155m[8b108d24][0m[38;5;86m[HTTP][0m [37m-->[39m [37mPOST[39m [37m/wd/hub/session/8b108d24-a09c-46e3-bc7e-42194bfcea92/elements[39m {"value":"//*[@class = 'android.widget.Button' and (@text = 'Login or Sign Up' or . = 'Login or Sign Up')]","using":"xpath"}
[38;5;155m[8b108d24][0m[38;5;86m[HTTP][0m <-- POST /wd/hub/session/8b108d24-a09c-46e3-bc7e-42194bfcea92/elements 200 169 ms - 12 
[38;5;155m[8b108d24][0m[38;5;86m[HTTP][0m [37m-->[39m [37mPOST[39m [37m/wd/hub/session/8b108d24-a09c-46e3-bc7e-42194bfcea92/elements[39m {"value":"//*[@class = 'android.widget.Button' and (@text = 'Login or Sign Up' or . = 'Login or Sign Up')]","using":"xpath"}
[38;5;155m[8b108d24][0m[38;5;86m[HTTP][0m <-- POST /wd/hub/session/8b108d24-a09c-46e3-bc7e-42194bfcea92/elements 200 81 ms - 12 
[38;5;155m[8b108d24][0m[38;5;86m[HTTP][0m [37m-->[39m [37mPOST[39m [37m/wd/hub/session/8b108d24-a09c-46e3-bc7e-42194bfcea92/elements[39m {"value":"//*[@class = 'android.widget.Button' and (@text = 'Login or Sign Up' or . = 'Login or Sign Up')]","using":"xpath"}
[38;5;155m[8b108d24][0m[38;5;86m[HTTP][0m <-- POST /wd/hub/session/8b108d24-a09c-46e3-bc7e-42194bfcea92/elements 200 79 ms - 12 
[38;5;155m[8b108d24][0m[38;5;86m[HTTP][0m [37m-->[39m [37mPOST[39m [37m/wd/hub/session/8b108d24-a09c-46e3-bc7e-42194bfcea92/elements[39m {"value":"//*[@class = 'android.widget.Button' and (@text = 'Login or Sign Up' or . = 'Login or Sign Up')]","using":"xpath"}
[38;5;155m[8b108d24][0m[38;5;86m[HTTP][0m <-- POST /wd/hub/session/8b108d24-a09c-46e3-bc7e-42194bfcea92/elements 200 77 ms - 12 
[38;5;155m[8b108d24][0m[38;5;86m[HTTP][0m [37m-->[39m [37mPOST[39m [37m/wd/hub/session/8b108d24-a09c-46e3-bc7e-42194bfcea92/elements[39m {"value":"//*[@class = 'android.widget.Button' and (@text = 'Login or Sign Up' or . = 'Login or Sign Up')]","using":"xpath"}
[38;5;155m[8b108d24][0m[38;5;86m[HTTP][0m <-- POST /wd/hub/session/8b108d24-a09c-46e3-bc7e-42194bfcea92/elements 200 78 ms - 12 
[38;5;155m[8b108d24][0m[38;5;86m[HTTP][0m [37m-->[39m [37mPOST[39m [37m/wd/hub/session/8b108d24-a09c-46e3-bc7e-42194bfcea92/elements[39m {"value":"//*[@class = 'android.widget.Button' and (@text = 'Login or Sign Up' or . = 'Login or Sign Up')]","using":"xpath"}
[38;5;155m[8b108d24][0m[38;5;86m[HTTP][0m <-- POST /wd/hub/session/8b108d24-a09c-46e3-bc7e-42194bfcea92/elements 200 76 ms - 12 
[38;5;155m[8b108d24][0m[38;5;86m[HTTP][0m [37m-->[39m [37mPOST[39m [37m/wd/hub/session/8b108d24-a09c-46e3-bc7e-42194bfcea92/elements[39m {"value":"//*[@class = 'android.widget.Button' and (@text = 'Login or Sign Up' or . = 'Login or Sign Up')]","using":"xpath"}
[38;5;155m[8b108d24][0m[38;5;86m[HTTP][0m <-- POST /wd/hub/session/8b108d24-a09c-46e3-bc7e-42194bfcea92/elements 200 73 ms - 12 
[38;5;155m[8b108d24][0m[38;5;86m[HTTP][0m [37m-->[39m [37mPOST[39m [37m/wd/hub/session/8b108d24-a09c-46e3-bc7e-42194bfcea92/elements[39m {"value":"//*[@class = 'android.widget.Button' and (@text = 'Login or Sign Up' or . = 'Login or Sign Up')]","using":"xpath"}
[38;5;155m[8b108d24][0m[38;5;86m[HTTP][0m <-- POST /wd/hub/session/8b108d24-a09c-46e3-bc7e-42194bfcea92/elements 200 74 ms - 12 
[38;5;155m[8b108d24][0m[38;5;86m[HTTP][0m [37m-->[39m [37mPOST[39m [37m/wd/hub/session/8b108d24-a09c-46e3-bc7e-42194bfcea92/elements[39m {"value":"//*[@class = 'android.widget.Button' and (@text = 'Login or Sign Up' or . = 'Login or Sign Up')]","using":"xpath"}
[38;5;155m[8b108d24][0m[38;5;86m[HTTP][0m <-- POST /wd/hub/session/8b108d24-a09c-46e3-bc7e-42194bfcea92/elements 200 74 ms - 12 
[38;5;155m[8b108d24][0m[38;5;86m[HTTP][0m [37m-->[39m [37mPOST[39m [37m/wd/hub/session/8b108d24-a09c-46e3-bc7e-42194bfcea92/elements[39m {"value":"//*[@class = 'android.widget.Button' and (@text = 'Login or Sign Up' or . = 'Login or Sign Up')]","using":"xpath"}
[38;5;155m[8b108d24][0m[38;5;86m[HTTP][0m <-- POST /wd/hub/session/8b108d24-a09c-46e3-bc7e-42194bfcea92/elements 200 68 ms - 12 
[38;5;155m[8b108d24][0m[38;5;86m[HTTP][0m [37m-->[39m [37mPOST[39m [37m/wd/hub/session/8b108d24-a09c-46e3-bc7e-42194bfcea92/elements[39m {"value":"//*[@class = 'android.widget.Button' and (@text = 'Login or Sign Up' or . = 'Login or Sign Up')]","using":"xpath"}
[38;5;155m[8b108d24][0m[38;5;86m[HTTP][0m <-- POST /wd/hub/session/8b108d24-a09c-46e3-bc7e-42194bfcea92/elements 200 75 ms - 12 
[38;5;155m[8b108d24][0m[38;5;86m[HTTP][0m [37m-->[39m [37mPOST[39m [37m/wd/hub/session/8b108d24-a09c-46e3-bc7e-42194bfcea92/elements[39m {"value":"//*[@class = 'android.widget.Button' and (@text = 'Login or Sign Up' or . = 'Login or Sign Up')]","using":"xpath"}
[38;5;155m[8b108d24][0m[38;5;86m[HTTP][0m <-- POST /wd/hub/session/8b108d24-a09c-46e3-bc7e-42194bfcea92/elements 200 72 ms - 12 
[38;5;155m[8b108d24][0m[38;5;86m[HTTP][0m [37m-->[39m [37mPOST[39m [37m/wd/hub/session/8b108d24-a09c-46e3-bc7e-42194bfcea92/elements[39m {"value":"//*[@class = 'android.widget.Button' and (@text = 'Login or Sign Up' or . = 'Login or Sign Up')]","using":"xpath"}
[38;5;155m[8b108d24][0m[38;5;86m[HTTP][0m <-- POST /wd/hub/session/8b108d24-a09c-46e3-bc7e-42194bfcea92/elements 200 72 ms - 12 
[38;5;155m[8b108d24][0m[38;5;86m[HTTP][0m [37m-->[39m [37mPOST[39m [37m/wd/hub/session/8b108d24-a09c-46e3-bc7e-42194bfcea92/elements[39m {"value":"//*[@class = 'android.widget.Button' and (@text = 'Login or Sign Up' or . = 'Login or Sign Up')]","using":"xpath"}
[38;5;155m[8b108d24][0m[38;5;86m[HTTP][0m <-- POST /wd/hub/session/8b108d24-a09c-46e3-bc7e-42194bfcea92/elements 200 72 ms - 12 
[38;5;205m[8446e703][0m[38;5;-47m[AndroidUiautomator2Driver@26ff][0m Shutting down because we waited 1800 seconds for a command
[38;5;205m[8446e703][0m[38;5;55m[AppiumDriver@d0f3][0m Ending session, cause was 'New Command Timeout of 1800 seconds expired. Try customizing the timeout using the 'newCommandTimeout' desired capability'
[38;5;205m[8446e703][0m[38;5;55m[AppiumDriver@d0f3][0m Removing session '8446e703-1ba1-4c48-aed7-c2980e5bfacc' from our master session list
[38;5;205m[8446e703][0m[38;5;-47m[AndroidUiautomator2Driver@26ff][0m Did not get the confirmation of UiAutomator2 server session deletion. Original error: An unknown server-side error occurred while processing the command. Original error: 'DELETE /' cannot be proxied to UiAutomator2 server because the instrumentation process is not running (probably crashed). Check the server log and/or the logcat output for more details
[38;5;205m[8446e703][0m[38;5;229m[ADB][0m Error sending command, reconnecting device and retrying: shell,pgrep,-f,\(\[\[:blank:\]\]\|\^\)io\.appium\.uiautomator2\.server\(:\[a-zA-Z0-9_-\]\+\)\?\(\[\[:blank:\]\]\|\$\)
[38;5;205m[8446e703][0m[38;5;229m[ADB][0m Error sending command, reconnecting device and retrying: shell,am,force-stop,io.appium.uiautomator2.server
[38;5;205m[8446e703][0m[38;5;229m[ADB][0m Error sending command, reconnecting device and retrying: shell,am,force-stop,io.appium.uiautomator2.server.test
[38;5;155m[8b108d24][0m[38;5;-175m[AndroidUiautomator2Driver@f200][0m Shutting down because we waited 1800 seconds for a command
[38;5;155m[8b108d24][0m[38;5;55m[AppiumDriver@d0f3][0m Ending session, cause was 'New Command Timeout of 1800 seconds expired. Try customizing the timeout using the 'newCommandTimeout' desired capability'
[38;5;155m[8b108d24][0m[38;5;55m[AppiumDriver@d0f3][0m Removing session '8b108d24-a09c-46e3-bc7e-42194bfcea92' from our master session list
[38;5;155m[8b108d24][0m[38;5;-175m[AndroidUiautomator2Driver@f200][0m Did not get the confirmation of UiAutomator2 server session deletion. Original error: An unknown server-side error occurred while processing the command. Original error: 'DELETE /' cannot be proxied to UiAutomator2 server because the instrumentation process is not running (probably crashed). Check the server log and/or the logcat output for more details
[38;5;155m[8b108d24][0m[38;5;229m[ADB][0m Error sending command, reconnecting device and retrying: shell,pgrep,-f,\(\[\[:blank:\]\]\|\^\)io\.appium\.uiautomator2\.server\(:\[a-zA-Z0-9_-\]\+\)\?\(\[\[:blank:\]\]\|\$\)
[38;5;205m[8446e703][0m[38;5;229m[ADB][0m Error sending command, reconnecting device and retrying: shell,dumpsys,activity,services,io.appium.settings/.recorder.RecorderService
[38;5;205m[8446e703][0m[38;5;229m[ADB][0m Error sending command, reconnecting device and retrying: forward,--remove,tcp:63021
[38;5;155m[8b108d24][0m[38;5;229m[ADB][0m Error sending command, reconnecting device and retrying: shell,am,force-stop,io.appium.uiautomator2.server.test
[38;5;155m[8b108d24][0m[38;5;229m[ADB][0m Error sending command, reconnecting device and retrying: shell,am,force-stop,io.appium.uiautomator2.server
[38;5;205m[8446e703][0m[38;5;-47m[AndroidUiautomator2Driver@26ff][0m Unable to remove system port forward: Could not find a connected Android device in 20000ms
[38;5;205m[8446e703][0m[38;5;-47m[AndroidUiautomator2Driver@26ff][0m Restoring hidden api policy to the device default configuration
[38;5;205m[8446e703][0m[38;5;229m[ADB][0m Error sending command, reconnecting device and retrying: shell,settings delete global hidden_api_policy_pre_p_apps;settings delete global hidden_api_policy_p_apps;settings delete global hidden_api_policy
[38;5;155m[8b108d24][0m[38;5;229m[ADB][0m Error sending command, reconnecting device and retrying: forward,--remove,tcp:63238
[38;5;155m[8b108d24][0m[38;5;229m[ADB][0m Error sending command, reconnecting device and retrying: shell,dumpsys,activity,services,io.appium.settings/.recorder.RecorderService
[38;5;155m[8b108d24][0m[38;5;-175m[AndroidUiautomator2Driver@f200][0m Unable to remove system port forward: Could not find a connected Android device in 20000ms
[38;5;155m[8b108d24][0m[38;5;-175m[AndroidUiautomator2Driver@f200][0m Restoring hidden api policy to the device default configuration
[38;5;155m[8b108d24][0m[38;5;229m[ADB][0m Error sending command, reconnecting device and retrying: shell,settings delete global hidden_api_policy_pre_p_apps;settings delete global hidden_api_policy_p_apps;settings delete global hidden_api_policy
