[38;5;112m[Appium][0m Welcome to Appium v2.17.1 (REV 12a3d4a6f1eedf483855716b989d828443438f79)
[38;5;112m[Appium][0m Non-default server args:
[38;5;112m[Appium][0m { basePath: [32m'/wd/hub'[39m, loglevel: [32m'info'[39m, port: [33m61581[39m }
[38;5;112m[Appium][0m Attempting to load driver uiautomator2...
[38;5;112m[Appium][0m Attempting to load driver mac2...
[38;5;112m[Appium][0m Attempting to load driver chromium...
[38;5;112m[Appium][0m Attempting to load driver espresso...
[38;5;112m[Appium][0m Appium REST http interface listener started on http://0.0.0.0:61581/wd/hub
[38;5;112m[Appium][0m You can provide the following URLs in your client code to connect to this server:
	http://127.0.0.1:61581/wd/hub (only accessible from the same host)
	http://192.168.0.106:61581/wd/hub
[38;5;112m[Appium][0m Available drivers:
[38;5;112m[Appium][0m   - uiautomator2@4.2.2 (automationName 'UiAutomator2')
[38;5;112m[Appium][0m   - mac2@2.2.2 (automationName 'Mac2')
[38;5;112m[Appium][0m   - chromium@1.5.1 (automationName 'Chromium')
[38;5;112m[Appium][0m   - espresso@4.1.4 (automationName 'Espresso')
[38;5;112m[Appium][0m No plugins have been installed. Use the "appium plugin" command to install the one(s) you want to use.
[38;5;86m[HTTP][0m [37m-->[39m [37mGET[39m [37m/wd/hub/status[39m {}
[38;5;86m[HTTP][0m <-- GET /wd/hub/status 200 2 ms - 200 
[38;5;86m[HTTP][0m [37m-->[39m [37mPOST[39m [37m/wd/hub/session[39m {"capabilities":{"firstMatch":[{"appium:app":"/Users/gv.vignesh/Downloads/app-debug (2.99.69).apk","appium:autoGrantPermissions":true,"appium:automationName":"uiautomator2","appium:deviceId":"","appium:deviceName":"Xiaomi 23076PC4BI (Android 15)","appium:fullReset":true,"appium:newCommandTimeout":1800,"appium:noReset":false,"appium:platformName":"ANDROID","appium:platformVersion":"15","appium:systemPort":61580,"appium:udid":"a6e538dc5180","appium:uiautomator2ServerInstallTimeout":0,"platformName":"ANDROID"}]},"desiredCapabilities":{"appium:app":"/Users/gv.vignesh/Downloads/app-debug (2.99.69).apk","appium:autoGrantPermissions":true,"appium:automationName":"uiautomator2","appium:deviceId":"","appium:deviceName":"Xiaomi 23076PC4BI (Android 15)","appium:fullReset":true,"appium:newCommandTimeout":1800,"appium:noReset":false,"appium:platformName":"ANDROID","appium:platformVersion":"15","appium:systemPort":61580,"appium:udid":"a6e538dc5180","appium:uiautomator2ServerInstallTimeout":0}}
[38;5;123m[BaseDriver][0m Ignoring capability 'appium:platformName=ANDROID' and using capability 'platformName=ANDROID'
[38;5;123m[BaseDriver][0m The capabilities ["platformName"] are standard capabilities and do not require "appium:" prefix
[38;5;112m[Appium][0m Attempting to find matching driver for automationName 'uiautomator2' and platformName 'ANDROID'
[38;5;112m[Appium][0m The 'uiautomator2' driver was installed and matched caps.
[38;5;112m[Appium][0m Will require it at /Users/gv.vignesh/.appium/node_modules/appium-uiautomator2-driver
[38;5;217m[AppiumDriver@001b][0m Appium v2.17.1 creating new AndroidUiautomator2Driver (v4.2.2) session
[38;5;217m[AppiumDriver@001b][0m Checking BaseDriver versions for Appium and AndroidUiautomator2Driver
[38;5;217m[AppiumDriver@001b][0m Appium's BaseDriver version is 9.16.4
[38;5;217m[AppiumDriver@001b][0m AndroidUiautomator2Driver's BaseDriver version is 9.16.4
[38;5;-49m[AndroidUiautomator2Driver@ef0c][0m The following provided capabilities were not recognized by this driver:
[38;5;-49m[AndroidUiautomator2Driver@ef0c][0m   deviceId
[38;5;178m[206828bf][0m[38;5;-49m[AndroidUiautomator2Driver@ef0c][0m Session created with session id: 206828bf-4c28-4bee-b315-17c824bcf692
[38;5;178m[206828bf][0m[38;5;229m[ADB][0m Found 1 'build-tools' folders under '/Users/gv.vignesh/.katalon/tools/android_sdk' (newest first):
[38;5;178m[206828bf][0m[38;5;229m[ADB][0m     /Users/gv.vignesh/.katalon/tools/android_sdk/build-tools/29.0.3
[38;5;178m[206828bf][0m[38;5;229m[ADB][0m Using 'adb' from '/Users/gv.vignesh/.katalon/tools/android_sdk/platform-tools/adb'
[38;5;178m[206828bf][0m[38;5;-49m[AndroidUiautomator2Driver@ef0c][0m Retrieving device list
[38;5;178m[206828bf][0m[38;5;-49m[AndroidUiautomator2Driver@ef0c][0m Using device: a6e538dc5180
[38;5;178m[206828bf][0m[38;5;229m[ADB][0m Using 'adb' from '/Users/gv.vignesh/.katalon/tools/android_sdk/platform-tools/adb'
[38;5;178m[206828bf][0m[38;5;123m[BaseDriver][0m Using local app '/Users/gv.vignesh/Downloads/app-debug (2.99.69).apk'
[38;5;178m[206828bf][0m[38;5;229m[ADB][0m Getting device platform version
[38;5;178m[206828bf][0m[38;5;-49m[AndroidUiautomator2Driver@ef0c][0m Relaxing hidden api policy
[38;5;178m[206828bf][0m[38;5;229m[ADB][0m Using 'aapt2' from '/Users/gv.vignesh/.katalon/tools/android_sdk/build-tools/29.0.3/aapt2'
[38;5;178m[206828bf][0m[38;5;229m[ADB][0m Package name: 'westgate_xamarin.android.debug'
[38;5;178m[206828bf][0m[38;5;229m[ADB][0m Main activity name: 'westgate_xamarin.android.MainActivity'
[38;5;178m[206828bf][0m[38;5;229m[ADB][0m Using 'apksigner.jar' from '/Users/gv.vignesh/.katalon/tools/android_sdk/build-tools/29.0.3/lib/apksigner.jar'
[38;5;178m[206828bf][0m[38;5;-49m[AndroidUiautomator2Driver@ef0c][0m Server packages are not going to be (re)installed
[38;5;178m[206828bf][0m[38;5;229m[ADB][0m Adding packages ["io.appium.settings","io.appium.uiautomator2.server","io.appium.uiautomator2.server.test"] to Doze whitelist
[38;5;178m[206828bf][0m[38;5;229m[ADB][0m '/Users/gv.vignesh/Downloads/app-debug (2.99.69).apk' is signed with a non-default certificate
[38;5;178m[206828bf][0m[38;5;229m[ADB][0m westgate_xamarin.android.debug was successfully uninstalled
[38;5;86m[HTTP][0m <-- POST /wd/hub/session - - ms - - 
[38;5;178m[206828bf][0m[38;5;229m[ADB][0m The application at '/Users/gv.vignesh/Downloads/app-debug (2.99.69).apk' will not be cached, because the device under test has confirmed the support of streamed installs
[38;5;178m[206828bf][0m[38;5;-49m[AndroidUiautomator2Driver@ef0c][0m Did not get the confirmation of UiAutomator2 server session deletion. Original error: An unknown server-side error occurred while processing the command. Original error: Session ID is not set, but saw a URL that requires it (/)
[38;5;178m[206828bf][0m[38;5;-49m[AndroidUiautomator2Driver@ef0c][0m The UIA2 server did has not been terminated within 5000ms timeout. Continuing anyway
[38;5;178m[206828bf][0m[38;5;229m[ADB][0m westgate_xamarin.android.debug was not uninstalled, because it was not present on the device
[38;5;178m[206828bf][0m[38;5;-49m[AndroidUiautomator2Driver@ef0c][0m Restoring hidden api policy to the device default configuration
[38;5;112m[Appium][0m Received SIGTERM - shutting down
[38;5;86m[HTTP][0m Closing Appium HTTP server
[38;5;86m[HTTP][0m Appium HTTP server has been succesfully closed after 3ms
