<?xml version="1.0" encoding="UTF-8" standalone="no"?>
<!DOCTYPE log SYSTEM "logger.dtd">
<log>
<record>
  <date>2025-04-28T06:12:26.594301Z</date>
  <millis>1745820746594</millis>
  <nanos>301000</nanos>
  <sequence>1</sequence>
  <level>START</level>
  <class>com.kms.katalon.core.logging.XmlKeywordLogger</class>
  <method>startSuite</method>
  <thread>1</thread>
  <message>Start Test Suite : Test Suites/Sprint-4</message>
  <nestedLevel>0</nestedLevel>
  <escapedJava>false</escapedJava>
  <property name="rerunTestFailImmediately">true</property>
  <property name="retryCount">3</property>
  <property name="name">Sprint-4</property>
  <property name="description"></property>
  <property name="id">Test Suites/Sprint-4</property>
</record>
<record>
  <date>2025-04-28T06:12:26.599922Z</date>
  <millis>1745820746599</millis>
  <nanos>922000</nanos>
  <sequence>3</sequence>
  <level>RUN_DATA</level>
  <class>com.kms.katalon.core.logging.XmlKeywordLogger</class>
  <method>logMessage</method>
  <thread>1</thread>
  <message>hostName = **********</message>
  <nestedLevel>0</nestedLevel>
  <escapedJava>false</escapedJava>
  <property name="hostName">**********</property>
</record>
<record>
  <date>2025-04-28T06:12:26.600218Z</date>
  <millis>1745820746600</millis>
  <nanos>218000</nanos>
  <sequence>5</sequence>
  <level>RUN_DATA</level>
  <class>com.kms.katalon.core.logging.XmlKeywordLogger</class>
  <method>logMessage</method>
  <thread>1</thread>
  <message>os = Mac OS X 64bit</message>
  <nestedLevel>0</nestedLevel>
  <escapedJava>false</escapedJava>
  <property name="os">Mac OS X 64bit</property>
</record>
<record>
  <date>2025-04-28T06:12:26.600765Z</date>
  <millis>1745820746600</millis>
  <nanos>765000</nanos>
  <sequence>7</sequence>
  <level>RUN_DATA</level>
  <class>com.kms.katalon.core.logging.XmlKeywordLogger</class>
  <method>logMessage</method>
  <thread>1</thread>
  <message>hostAddress = **********</message>
  <nestedLevel>0</nestedLevel>
  <escapedJava>false</escapedJava>
  <property name="hostAddress">**********</property>
</record>
<record>
  <date>2025-04-28T06:12:26.601098Z</date>
  <millis>1745820746601</millis>
  <nanos>98000</nanos>
  <sequence>9</sequence>
  <level>RUN_DATA</level>
  <class>com.kms.katalon.core.logging.XmlKeywordLogger</class>
  <method>logMessage</method>
  <thread>1</thread>
  <message>katalonVersion = 10.1.1.0</message>
  <nestedLevel>0</nestedLevel>
  <escapedJava>false</escapedJava>
  <property name="katalonVersion">10.1.1.0</property>
</record>
<record>
  <date>2025-04-28T06:12:26.655395Z</date>
  <millis>1745820746655</millis>
  <nanos>395000</nanos>
  <sequence>12</sequence>
  <level>START</level>
  <class>com.kms.katalon.core.logging.XmlKeywordLogger</class>
  <method>startTest</method>
  <thread>1</thread>
  <message>Start Test Case : Test Cases/Home Page/C753_LoggeOutState_Verification</message>
  <nestedLevel>1</nestedLevel>
  <escapedJava>false</escapedJava>
  <property name="remainingRetryCount">3</property>
  <property name="name">Test Cases/Home Page/C753_LoggeOutState_Verification</property>
  <property name="description">C753-Verify that the mandatory sections of the Home Page are displayed correctly in the logged-out state</property>
  <property name="iteration"></property>
  <property name="id">Test Cases/Home Page/C753_LoggeOutState_Verification</property>
  <property name="source">\Users\gv.vignesh\Downloads\WGR-Android-Automation\Test Cases\Home Page\C753_LoggeOutState_Verification.tc</property>
  <property name="tag"></property>
  <property name="isOptional">false</property>
  <property name="currentRetryCount">0</property>
</record>
<record>
  <date>2025-04-28T06:12:26.725336Z</date>
  <millis>1745820746725</millis>
  <nanos>336000</nanos>
  <sequence>14</sequence>
  <level>START</level>
  <class>com.kms.katalon.core.logging.XmlKeywordLogger</class>
  <method>startKeyword</method>
  <thread>1</thread>
  <message>Start action : startApplication(&amp;quot;/Users/gv.vignesh/Downloads/app-debug (2.99.69).apk&amp;quot;, true)</message>
  <nestedLevel>1</nestedLevel>
  <escapedJava>false</escapedJava>
  <property name="startLine">7</property>
  <property name="stepIndex">1</property>
  <property name="description">Launch the mobile application from the specified APK file path and clear any previous data</property>
</record>
<record>
  <date>2025-04-28T06:12:26.777525Z</date>
  <millis>1745820746777</millis>
  <nanos>525000</nanos>
  <sequence>16</sequence>
  <level>INFO</level>
  <class>com.kms.katalon.core.logging.XmlKeywordLogger</class>
  <method>logMessage</method>
  <thread>1</thread>
  <message>Starting application: &amp;apos;/Users/gv.vignesh/Downloads/app-debug (2.99.69).apk&amp;apos;</message>
  <nestedLevel>1</nestedLevel>
  <escapedJava>false</escapedJava>
</record>
<record>
  <date>2025-04-28T06:12:26.792384Z</date>
  <millis>1745820746792</millis>
  <nanos>384000</nanos>
  <sequence>18</sequence>
  <level>INFO</level>
  <class>com.kms.katalon.core.logging.XmlKeywordLogger</class>
  <method>logMessage</method>
  <thread>1</thread>
  <message>User set preference: [&amp;apos;uiautomator2ServerInstallTimeout&amp;apos;, &amp;apos;0&amp;apos;]</message>
  <nestedLevel>1</nestedLevel>
  <escapedJava>false</escapedJava>
</record>
<record>
  <date>2025-04-28T06:12:26.792703Z</date>
  <millis>1745820746792</millis>
  <nanos>703000</nanos>
  <sequence>20</sequence>
  <level>INFO</level>
  <class>com.kms.katalon.core.logging.XmlKeywordLogger</class>
  <method>logMessage</method>
  <thread>1</thread>
  <message>User set preference: [&amp;apos;deviceId&amp;apos;, &amp;apos;&amp;apos;]</message>
  <nestedLevel>1</nestedLevel>
  <escapedJava>false</escapedJava>
</record>
<record>
  <date>2025-04-28T06:12:26.834592Z</date>
  <millis>1745820746834</millis>
  <nanos>592000</nanos>
  <sequence>22</sequence>
  <level>INFO</level>
  <class>com.kms.katalon.core.logging.XmlKeywordLogger</class>
  <method>logMessage</method>
  <thread>1</thread>
  <message>Detected NodeJS location: &amp;quot;/opt/homebrew/Cellar/node/23.10.0_1/bin/node&amp;quot;</message>
  <nestedLevel>1</nestedLevel>
  <escapedJava>false</escapedJava>
</record>
<record>
  <date>2025-04-28T06:12:26.839409Z</date>
  <millis>1745820746839</millis>
  <nanos>409000</nanos>
  <sequence>24</sequence>
  <level>INFO</level>
  <class>com.kms.katalon.core.logging.XmlKeywordLogger</class>
  <method>logMessage</method>
  <thread>1</thread>
  <message>PATH: /opt/homebrew/Cellar/node/23.10.0_1/bin:/opt/homebrew/bin:/usr/bin:/bin:/usr/sbin:/sbin:/Applications/Katalon Studio Enterprise.app/Contents/Eclipse/jre/Contents/Home/bin:/usr/local/bin/</message>
  <nestedLevel>1</nestedLevel>
  <escapedJava>false</escapedJava>
</record>
<record>
  <date>2025-04-28T06:12:26.839783Z</date>
  <millis>1745820746839</millis>
  <nanos>783000</nanos>
  <sequence>26</sequence>
  <level>INFO</level>
  <class>com.kms.katalon.core.logging.XmlKeywordLogger</class>
  <method>logMessage</method>
  <thread>1</thread>
  <message>APPIUM_HOME: /Users/gv.vignesh/.appium</message>
  <nestedLevel>1</nestedLevel>
  <escapedJava>false</escapedJava>
</record>
<record>
  <date>2025-04-28T06:12:26.840371Z</date>
  <millis>1745820746840</millis>
  <nanos>371000</nanos>
  <sequence>28</sequence>
  <level>INFO</level>
  <class>com.kms.katalon.core.logging.XmlKeywordLogger</class>
  <method>logMessage</method>
  <thread>1</thread>
  <message>appium outlog: /Users/gv.vignesh/Downloads/WGR-Android-Automation/Reports/20250428_114222/Sprint-4/20250428_114222/appium.log</message>
  <nestedLevel>1</nestedLevel>
  <escapedJava>false</escapedJava>
</record>
<record>
  <date>2025-04-28T06:12:26.840910Z</date>
  <millis>1745820746840</millis>
  <nanos>910000</nanos>
  <sequence>30</sequence>
  <level>INFO</level>
  <class>com.kms.katalon.core.logging.XmlKeywordLogger</class>
  <method>logMessage</method>
  <thread>1</thread>
  <message>appium errlog: /Users/gv.vignesh/Downloads/WGR-Android-Automation/Reports/20250428_114222/Sprint-4/20250428_114222/appium_error.log</message>
  <nestedLevel>1</nestedLevel>
  <escapedJava>false</escapedJava>
</record>
<record>
  <date>2025-04-28T06:12:28.491870Z</date>
  <millis>1745820748491</millis>
  <nanos>870000</nanos>
  <sequence>32</sequence>
  <level>INFO</level>
  <class>com.kms.katalon.core.logging.XmlKeywordLogger</class>
  <method>logMessage</method>
  <thread>1</thread>
  <message>Appium server started on port 61,581</message>
  <nestedLevel>1</nestedLevel>
  <escapedJava>false</escapedJava>
</record>
</log>
