[38;5;112m[Appium][0m Welcome to Appium v2.16.0 (REV f1041842141f20bc701b522d4371d7843d905580)
[38;5;112m[Appium][0m Non-default server args:
[38;5;112m[Appium][0m { basePath: [32m'/wd/hub'[39m, loglevel: [32m'info'[39m, port: [33m60525[39m }
[38;5;112m[Appium][0m Attempting to load driver uiautomator2...
[38;5;112m[Appium][0m Appium REST http interface listener started on http://0.0.0.0:60525/wd/hub
[38;5;112m[Appium][0m You can provide the following URLs in your client code to connect to this server:
	http://127.0.0.1:60525/wd/hub (only accessible from the same host)
	http://192.168.0.105:60525/wd/hub
[38;5;112m[Appium][0m Available drivers:
[38;5;112m[Appium][0m   - uiautomator2@4.1.5 (automationName 'UiAutomator2')
[38;5;112m[Appium][0m No plugins have been installed. Use the "appium plugin" command to install the one(s) you want to use.
[38;5;86m[HTTP][0m [37m-->[39m [37mGET[39m [37m/wd/hub/status[39m {}
[38;5;86m[HTTP][0m <-- GET /wd/hub/status 200 6 ms - 200 
[38;5;86m[HTTP][0m [37m-->[39m [37mPOST[39m [37m/wd/hub/session[39m {"capabilities":{"firstMatch":[{"appium:app":"/Users/gv.vignesh/Downloads/WGR-Android-Automation/App Folder/universal.apk","appium:autoGrantPermissions":true,"appium:automationName":"uiautomator2","appium:deviceId":"","appium:deviceName":"samsung SM-A146B (Android 14)","appium:fullReset":true,"appium:newCommandTimeout":1800,"appium:noReset":false,"appium:platformName":"ANDROID","appium:platformVersion":"14","appium:systemPort":60524,"appium:udid":"adb-RZCW811B2MK-cCoIXY._adb-tls-connect._tcp","platformName":"ANDROID"}]},"desiredCapabilities":{"appium:app":"/Users/gv.vignesh/Downloads/WGR-Android-Automation/App Folder/universal.apk","appium:autoGrantPermissions":true,"appium:automationName":"uiautomator2","appium:deviceId":"","appium:deviceName":"samsung SM-A146B (Android 14)","appium:fullReset":true,"appium:newCommandTimeout":1800,"appium:noReset":false,"appium:platformName":"ANDROID","appium:platformVersion":"14","appium:systemPort":60524,"appium:udid":"adb-RZCW811B2MK-cCoIXY._adb-tls-connect._tcp"}}
[38;5;123m[BaseDriver][0m Ignoring capability 'appium:platformName=ANDROID' and using capability 'platformName=ANDROID'
[38;5;123m[BaseDriver][0m The capabilities ["platformName"] are standard capabilities and do not require "appium:" prefix
[38;5;112m[Appium][0m Attempting to find matching driver for automationName 'uiautomator2' and platformName 'ANDROID'
[38;5;112m[Appium][0m The 'uiautomator2' driver was installed and matched caps.
[38;5;112m[Appium][0m Will require it at /Users/gv.vignesh/.appium/node_modules/appium-uiautomator2-driver
[38;5;87m[AppiumDriver@25e5][0m Appium v2.16.0 creating new AndroidUiautomator2Driver (v4.1.5) session
[38;5;87m[AppiumDriver@25e5][0m Checking BaseDriver versions for Appium and AndroidUiautomator2Driver
[38;5;87m[AppiumDriver@25e5][0m Appium's BaseDriver version is 9.16.4
[38;5;87m[AppiumDriver@25e5][0m AndroidUiautomator2Driver's BaseDriver version is 9.16.4
[38;5;-190m[AndroidUiautomator2Driver@2c0f][0m The following provided capabilities were not recognized by this driver:
[38;5;-190m[AndroidUiautomator2Driver@2c0f][0m   deviceId
[38;5;27m[ad5c901f][0m[38;5;-190m[AndroidUiautomator2Driver@2c0f][0m Session created with session id: ad5c901f-1733-46f3-80d0-af42e9734106
[38;5;27m[ad5c901f][0m[38;5;229m[ADB][0m Found 1 'build-tools' folders under '/Users/gv.vignesh/.katalon/tools/android_sdk' (newest first):
[38;5;27m[ad5c901f][0m[38;5;229m[ADB][0m     /Users/gv.vignesh/.katalon/tools/android_sdk/build-tools/29.0.3
[38;5;27m[ad5c901f][0m[38;5;229m[ADB][0m Using 'adb' from '/Users/gv.vignesh/.katalon/tools/android_sdk/platform-tools/adb'
[38;5;27m[ad5c901f][0m[38;5;-190m[AndroidUiautomator2Driver@2c0f][0m Retrieving device list
[38;5;27m[ad5c901f][0m[38;5;-190m[AndroidUiautomator2Driver@2c0f][0m Using device: adb-RZCW811B2MK-cCoIXY._adb-tls-connect._tcp
[38;5;27m[ad5c901f][0m[38;5;229m[ADB][0m Using 'adb' from '/Users/gv.vignesh/.katalon/tools/android_sdk/platform-tools/adb'
[38;5;27m[ad5c901f][0m[38;5;123m[BaseDriver][0m Using local app '/Users/gv.vignesh/Downloads/WGR-Android-Automation/App Folder/universal.apk'
[38;5;27m[ad5c901f][0m[38;5;229m[ADB][0m Getting device platform version
[38;5;27m[ad5c901f][0m[38;5;-190m[AndroidUiautomator2Driver@2c0f][0m Relaxing hidden api policy
[38;5;27m[ad5c901f][0m[38;5;229m[ADB][0m Using 'aapt2' from '/Users/gv.vignesh/.katalon/tools/android_sdk/build-tools/29.0.3/aapt2'
[38;5;27m[ad5c901f][0m[38;5;229m[ADB][0m Package name: 'com.westgate.rewrite2'
[38;5;27m[ad5c901f][0m[38;5;229m[ADB][0m Main activity name: 'com.westgate.rewrite2.MainActivity'
[38;5;27m[ad5c901f][0m[38;5;229m[ADB][0m Using 'apksigner.jar' from '/Users/gv.vignesh/.katalon/tools/android_sdk/build-tools/29.0.3/lib/apksigner.jar'
[38;5;27m[ad5c901f][0m[38;5;-190m[AndroidUiautomator2Driver@2c0f][0m Server packages are not going to be (re)installed
[38;5;27m[ad5c901f][0m[38;5;229m[ADB][0m Adding packages ["io.appium.settings","io.appium.uiautomator2.server","io.appium.uiautomator2.server.test"] to Doze whitelist
[38;5;27m[ad5c901f][0m[38;5;229m[ADB][0m '/Users/gv.vignesh/Downloads/WGR-Android-Automation/App Folder/universal.apk' is signed with a non-default certificate
[38;5;27m[ad5c901f][0m[38;5;229m[ADB][0m com.westgate.rewrite2 was not uninstalled, because it was not present on the device
[38;5;27m[ad5c901f][0m[38;5;229m[ADB][0m The application at '/Users/gv.vignesh/Downloads/WGR-Android-Automation/App Folder/universal.apk' will not be cached, because the device under test has confirmed the support of streamed installs
[38;5;27m[ad5c901f][0m[38;5;229m[ADB][0m The installation of 'universal.apk' took 20559ms
[38;5;27m[ad5c901f][0m[38;5;-190m[AndroidUiautomator2Driver@2c0f][0m Starting UIAutomator2 server 7.3.0
[38;5;27m[ad5c901f][0m[38;5;-190m[AndroidUiautomator2Driver@2c0f][0m Using UIAutomator2 server from '/Users/gv.vignesh/.appium/node_modules/appium-uiautomator2-driver/node_modules/appium-uiautomator2-server/apks/appium-uiautomator2-server-v7.3.0.apk' and test from '/Users/gv.vignesh/.appium/node_modules/appium-uiautomator2-driver/node_modules/appium-uiautomator2-server/apks/appium-uiautomator2-server-debug-androidTest.apk'
[38;5;27m[ad5c901f][0m[38;5;-190m[AndroidUiautomator2Driver@2c0f][0m Waiting up to 30000ms for UiAutomator2 to be online...
[38;5;27m[ad5c901f][0m[38;5;-190m[AndroidUiautomator2Driver@2c0f][0m socket hang up
[38;5;27m[ad5c901f][0m[38;5;-190m[AndroidUiautomator2Driver@2c0f][0m socket hang up
[38;5;27m[ad5c901f][0m[38;5;-190m[AndroidUiautomator2Driver@2c0f][0m socket hang up
[38;5;27m[ad5c901f][0m[38;5;-190m[AndroidUiautomator2Driver@2c0f][0m Determined the downstream protocol as 'W3C'
[38;5;27m[ad5c901f][0m[38;5;-190m[AndroidUiautomator2Driver@2c0f][0m Screen already unlocked, doing nothing
[38;5;27m[ad5c901f][0m[38;5;-190m[AndroidUiautomator2Driver@2c0f][0m Starting 'com.westgate.rewrite2/com.westgate.rewrite2.MainActivity' and waiting for 'com.westgate.rewrite2/com.westgate.rewrite2.MainActivity'
[38;5;27m[ad5c901f][0m[38;5;87m[AppiumDriver@25e5][0m New AndroidUiautomator2Driver session created successfully, session ad5c901f-1733-46f3-80d0-af42e9734106 added to master session list
[38;5;27m[ad5c901f][0m[38;5;86m[HTTP][0m <-- POST /wd/hub/session 200 29524 ms - 1448 
[38;5;86m[HTTP][0m [37m-->[39m [37mGET[39m [37m/wd/hub/status[39m {}
[38;5;86m[HTTP][0m <-- GET /wd/hub/status 200 1 ms - 200 
[38;5;27m[ad5c901f][0m[38;5;86m[HTTP][0m [37m-->[39m [37mPOST[39m [37m/wd/hub/session/ad5c901f-1733-46f3-80d0-af42e9734106/timeouts[39m {"implicit":30000}
[38;5;27m[ad5c901f][0m[38;5;86m[HTTP][0m <-- POST /wd/hub/session/ad5c901f-1733-46f3-80d0-af42e9734106/timeouts 200 2 ms - 14 
[38;5;27m[ad5c901f][0m[38;5;86m[HTTP][0m [37m-->[39m [37mPOST[39m [37m/wd/hub/session/ad5c901f-1733-46f3-80d0-af42e9734106/execute/sync[39m {"script":"mobile: getSystemBars","args":[]}
[38;5;27m[ad5c901f][0m[38;5;86m[HTTP][0m <-- POST /wd/hub/session/ad5c901f-1733-46f3-80d0-af42e9734106/execute/sync 200 151 ms - 151 
[38;5;27m[ad5c901f][0m[38;5;86m[HTTP][0m [37m-->[39m [37mPOST[39m [37m/wd/hub/session/ad5c901f-1733-46f3-80d0-af42e9734106/timeouts[39m {"implicit":50}
[38;5;27m[ad5c901f][0m[38;5;86m[HTTP][0m <-- POST /wd/hub/session/ad5c901f-1733-46f3-80d0-af42e9734106/timeouts 200 2 ms - 14 
[38;5;27m[ad5c901f][0m[38;5;86m[HTTP][0m [37m-->[39m [37mGET[39m [37m/wd/hub/session/ad5c901f-1733-46f3-80d0-af42e9734106/window/rect[39m {}
[38;5;27m[ad5c901f][0m[38;5;86m[HTTP][0m <-- GET /wd/hub/session/ad5c901f-1733-46f3-80d0-af42e9734106/window/rect 200 20 ms - 50 
[38;5;27m[ad5c901f][0m[38;5;86m[HTTP][0m [37m-->[39m [37mPOST[39m [37m/wd/hub/session/ad5c901f-1733-46f3-80d0-af42e9734106/elements[39m {"using":"xpath","value":"//*[@class = 'android.widget.Button' and (@text = 'Login or Sign Up' or . = 'Login or Sign Up')]"}
[38;5;27m[ad5c901f][0m[38;5;86m[HTTP][0m <-- POST /wd/hub/session/ad5c901f-1733-46f3-80d0-af42e9734106/elements 200 493 ms - 139 
[38;5;27m[ad5c901f][0m[38;5;86m[HTTP][0m [37m-->[39m [37mGET[39m [37m/wd/hub/session/ad5c901f-1733-46f3-80d0-af42e9734106/element/00000000-0000-0099-0000-00b300000007/rect[39m {}
[38;5;27m[ad5c901f][0m[38;5;-190m[AndroidUiautomator2Driver@2c0f][0m Driver proxy active, passing request on via HTTP proxy
[38;5;27m[ad5c901f][0m[38;5;-190m[AndroidUiautomator2Driver@2c0f][0m Replacing sessionId 05cb04ce-7af9-451f-a172-82a6e2526358 with ad5c901f-1733-46f3-80d0-af42e9734106
[38;5;27m[ad5c901f][0m[38;5;86m[HTTP][0m <-- GET /wd/hub/session/ad5c901f-1733-46f3-80d0-af42e9734106/element/00000000-0000-0099-0000-00b300000007/rect 200 22 ms - 103 
[38;5;27m[ad5c901f][0m[38;5;86m[HTTP][0m [37m-->[39m [37mPOST[39m [37m/wd/hub/session/ad5c901f-1733-46f3-80d0-af42e9734106/timeouts[39m {"implicit":30000}
[38;5;27m[ad5c901f][0m[38;5;86m[HTTP][0m <-- POST /wd/hub/session/ad5c901f-1733-46f3-80d0-af42e9734106/timeouts 200 1 ms - 14 
[38;5;27m[ad5c901f][0m[38;5;86m[HTTP][0m [37m-->[39m [37mPOST[39m [37m/wd/hub/session/ad5c901f-1733-46f3-80d0-af42e9734106/element/00000000-0000-0099-0000-00b300000007/click[39m {"id":"00000000-0000-0099-0000-00b300000007"}
[38;5;27m[ad5c901f][0m[38;5;86m[HTTP][0m <-- POST /wd/hub/session/ad5c901f-1733-46f3-80d0-af42e9734106/element/00000000-0000-0099-0000-00b300000007/click 200 69 ms - 14 
[38;5;27m[ad5c901f][0m[38;5;86m[HTTP][0m [37m-->[39m [37mPOST[39m [37m/wd/hub/session/ad5c901f-1733-46f3-80d0-af42e9734106/timeouts[39m {"implicit":50}
[38;5;27m[ad5c901f][0m[38;5;86m[HTTP][0m <-- POST /wd/hub/session/ad5c901f-1733-46f3-80d0-af42e9734106/timeouts 200 2 ms - 14 
[38;5;27m[ad5c901f][0m[38;5;86m[HTTP][0m [37m-->[39m [37mGET[39m [37m/wd/hub/session/ad5c901f-1733-46f3-80d0-af42e9734106/window/rect[39m {}
[38;5;27m[ad5c901f][0m[38;5;86m[HTTP][0m <-- GET /wd/hub/session/ad5c901f-1733-46f3-80d0-af42e9734106/window/rect 200 16 ms - 50 
[38;5;27m[ad5c901f][0m[38;5;86m[HTTP][0m [37m-->[39m [37mPOST[39m [37m/wd/hub/session/ad5c901f-1733-46f3-80d0-af42e9734106/elements[39m {"using":"xpath","value":"//*[@class = 'android.widget.EditText' and (@text = '' or . = '')]"}
[38;5;27m[ad5c901f][0m[38;5;86m[HTTP][0m <-- POST /wd/hub/session/ad5c901f-1733-46f3-80d0-af42e9734106/elements 200 187 ms - 139 
[38;5;27m[ad5c901f][0m[38;5;86m[HTTP][0m [37m-->[39m [37mGET[39m [37m/wd/hub/session/ad5c901f-1733-46f3-80d0-af42e9734106/element/00000000-0000-0099-0000-00e900000007/rect[39m {}
[38;5;27m[ad5c901f][0m[38;5;-190m[AndroidUiautomator2Driver@2c0f][0m Driver proxy active, passing request on via HTTP proxy
[38;5;27m[ad5c901f][0m[38;5;-190m[AndroidUiautomator2Driver@2c0f][0m Replacing sessionId 05cb04ce-7af9-451f-a172-82a6e2526358 with ad5c901f-1733-46f3-80d0-af42e9734106
[38;5;27m[ad5c901f][0m[38;5;86m[HTTP][0m <-- GET /wd/hub/session/ad5c901f-1733-46f3-80d0-af42e9734106/element/00000000-0000-0099-0000-00e900000007/rect 200 24 ms - 103 
[38;5;27m[ad5c901f][0m[38;5;86m[HTTP][0m [37m-->[39m [37mPOST[39m [37m/wd/hub/session/ad5c901f-1733-46f3-80d0-af42e9734106/timeouts[39m {"implicit":30000}
[38;5;27m[ad5c901f][0m[38;5;86m[HTTP][0m <-- POST /wd/hub/session/ad5c901f-1733-46f3-80d0-af42e9734106/timeouts 200 1 ms - 14 
[38;5;27m[ad5c901f][0m[38;5;86m[HTTP][0m [37m-->[39m [37mPOST[39m [37m/wd/hub/session/ad5c901f-1733-46f3-80d0-af42e9734106/element/00000000-0000-0099-0000-00e900000007/clear[39m {"id":"00000000-0000-0099-0000-00e900000007"}
[38;5;27m[ad5c901f][0m[38;5;86m[HTTP][0m <-- POST /wd/hub/session/ad5c901f-1733-46f3-80d0-af42e9734106/element/00000000-0000-0099-0000-00e900000007/clear 200 20 ms - 14 
[38;5;27m[ad5c901f][0m[38;5;86m[HTTP][0m [37m-->[39m [37mPOST[39m [37m/wd/hub/session/ad5c901f-1733-46f3-80d0-af42e9734106/element/00000000-0000-0099-0000-00e900000007/click[39m {"id":"00000000-0000-0099-0000-00e900000007"}
[38;5;27m[ad5c901f][0m[38;5;86m[HTTP][0m <-- POST /wd/hub/session/ad5c901f-1733-46f3-80d0-af42e9734106/element/00000000-0000-0099-0000-00e900000007/click 200 57 ms - 14 
[38;5;27m[ad5c901f][0m[38;5;86m[HTTP][0m [37m-->[39m [37mPOST[39m [37m/wd/hub/session/ad5c901f-1733-46f3-80d0-af42e9734106/element/00000000-0000-0099-0000-00e900000007/value[39m {"value":["D","a","v","i","s","@","y","o","p","m","a","i","l",".","c","o","m"],"text":"Davis@yopmail.com","id":"00000000-0000-0099-0000-00e900000007"}
[38;5;27m[ad5c901f][0m[38;5;86m[HTTP][0m <-- POST /wd/hub/session/ad5c901f-1733-46f3-80d0-af42e9734106/element/00000000-0000-0099-0000-00e900000007/value 200 68 ms - 14 
[38;5;27m[ad5c901f][0m[38;5;86m[HTTP][0m [37m-->[39m [37mGET[39m [37m/wd/hub/session/ad5c901f-1733-46f3-80d0-af42e9734106/context[39m {}
[38;5;27m[ad5c901f][0m[38;5;86m[HTTP][0m <-- GET /wd/hub/session/ad5c901f-1733-46f3-80d0-af42e9734106/context 200 1 ms - 22 
[38;5;27m[ad5c901f][0m[38;5;86m[HTTP][0m [37m-->[39m [37mGET[39m [37m/wd/hub/session/ad5c901f-1733-46f3-80d0-af42e9734106/contexts[39m {}
[38;5;27m[ad5c901f][0m[38;5;-190m[AndroidUiautomator2Driver@2c0f][0m CDP data for 'WEBVIEW_stetho_com.google.android.apps.messaging' cannot be collected. Original error: socket hang up
[38;5;27m[ad5c901f][0m[38;5;-190m[AndroidUiautomator2Driver@2c0f][0m Skipping the webview 'WEBVIEW_stetho_com.google.android.apps.messaging' at '@stetho_com.google.android.apps.messaging_devtools_remote' since it has reported having zero pages
[38;5;27m[ad5c901f][0m[38;5;86m[HTTP][0m <-- GET /wd/hub/session/ad5c901f-1733-46f3-80d0-af42e9734106/contexts 200 240 ms - 24 
[38;5;27m[ad5c901f][0m[38;5;86m[HTTP][0m [37m-->[39m [37mPOST[39m [37m/wd/hub/session/ad5c901f-1733-46f3-80d0-af42e9734106/context[39m {"name":"NATIVE_APP"}
[38;5;27m[ad5c901f][0m[38;5;86m[HTTP][0m <-- POST /wd/hub/session/ad5c901f-1733-46f3-80d0-af42e9734106/context 200 0 ms - 14 
[38;5;27m[ad5c901f][0m[38;5;86m[HTTP][0m [37m-->[39m [37mPOST[39m [37m/wd/hub/session/ad5c901f-1733-46f3-80d0-af42e9734106/execute/sync[39m {"script":"mobile: hideKeyboard","args":[]}
[38;5;27m[ad5c901f][0m[38;5;86m[HTTP][0m <-- POST /wd/hub/session/ad5c901f-1733-46f3-80d0-af42e9734106/execute/sync 200 638 ms - 14 
[38;5;27m[ad5c901f][0m[38;5;86m[HTTP][0m [37m-->[39m [37mPOST[39m [37m/wd/hub/session/ad5c901f-1733-46f3-80d0-af42e9734106/context[39m {"name":"NATIVE_APP"}
[38;5;27m[ad5c901f][0m[38;5;86m[HTTP][0m <-- POST /wd/hub/session/ad5c901f-1733-46f3-80d0-af42e9734106/context 200 0 ms - 14 
[38;5;27m[ad5c901f][0m[38;5;86m[HTTP][0m [37m-->[39m [37mPOST[39m [37m/wd/hub/session/ad5c901f-1733-46f3-80d0-af42e9734106/timeouts[39m {"implicit":50}
[38;5;27m[ad5c901f][0m[38;5;86m[HTTP][0m <-- POST /wd/hub/session/ad5c901f-1733-46f3-80d0-af42e9734106/timeouts 200 1 ms - 14 
[38;5;27m[ad5c901f][0m[38;5;86m[HTTP][0m [37m-->[39m [37mGET[39m [37m/wd/hub/session/ad5c901f-1733-46f3-80d0-af42e9734106/window/rect[39m {}
[38;5;27m[ad5c901f][0m[38;5;86m[HTTP][0m <-- GET /wd/hub/session/ad5c901f-1733-46f3-80d0-af42e9734106/window/rect 200 21 ms - 50 
[38;5;27m[ad5c901f][0m[38;5;86m[HTTP][0m [37m-->[39m [37mPOST[39m [37m/wd/hub/session/ad5c901f-1733-46f3-80d0-af42e9734106/elements[39m {"using":"xpath","value":"//*[@class = 'android.widget.Button' and (@text = 'Next' or . = 'Next')]"}
[38;5;27m[ad5c901f][0m[38;5;86m[HTTP][0m <-- POST /wd/hub/session/ad5c901f-1733-46f3-80d0-af42e9734106/elements 200 304 ms - 139 
[38;5;27m[ad5c901f][0m[38;5;86m[HTTP][0m [37m-->[39m [37mGET[39m [37m/wd/hub/session/ad5c901f-1733-46f3-80d0-af42e9734106/element/00000000-0000-0099-0000-00e100000007/rect[39m {}
[38;5;27m[ad5c901f][0m[38;5;-190m[AndroidUiautomator2Driver@2c0f][0m Driver proxy active, passing request on via HTTP proxy
[38;5;27m[ad5c901f][0m[38;5;-190m[AndroidUiautomator2Driver@2c0f][0m Replacing sessionId 05cb04ce-7af9-451f-a172-82a6e2526358 with ad5c901f-1733-46f3-80d0-af42e9734106
[38;5;27m[ad5c901f][0m[38;5;86m[HTTP][0m <-- GET /wd/hub/session/ad5c901f-1733-46f3-80d0-af42e9734106/element/00000000-0000-0099-0000-00e100000007/rect 200 18 ms - 103 
[38;5;27m[ad5c901f][0m[38;5;86m[HTTP][0m [37m-->[39m [37mPOST[39m [37m/wd/hub/session/ad5c901f-1733-46f3-80d0-af42e9734106/timeouts[39m {"implicit":30000}
[38;5;27m[ad5c901f][0m[38;5;86m[HTTP][0m <-- POST /wd/hub/session/ad5c901f-1733-46f3-80d0-af42e9734106/timeouts 200 1 ms - 14 
[38;5;27m[ad5c901f][0m[38;5;86m[HTTP][0m [37m-->[39m [37mPOST[39m [37m/wd/hub/session/ad5c901f-1733-46f3-80d0-af42e9734106/element/00000000-0000-0099-0000-00e100000007/click[39m {"id":"00000000-0000-0099-0000-00e100000007"}
[38;5;27m[ad5c901f][0m[38;5;86m[HTTP][0m <-- POST /wd/hub/session/ad5c901f-1733-46f3-80d0-af42e9734106/element/00000000-0000-0099-0000-00e100000007/click 200 64 ms - 14 
[38;5;27m[ad5c901f][0m[38;5;86m[HTTP][0m [37m-->[39m [37mPOST[39m [37m/wd/hub/session/ad5c901f-1733-46f3-80d0-af42e9734106/timeouts[39m {"implicit":50}
[38;5;27m[ad5c901f][0m[38;5;86m[HTTP][0m <-- POST /wd/hub/session/ad5c901f-1733-46f3-80d0-af42e9734106/timeouts 200 2 ms - 14 
[38;5;27m[ad5c901f][0m[38;5;86m[HTTP][0m [37m-->[39m [37mGET[39m [37m/wd/hub/session/ad5c901f-1733-46f3-80d0-af42e9734106/window/rect[39m {}
[38;5;27m[ad5c901f][0m[38;5;86m[HTTP][0m <-- GET /wd/hub/session/ad5c901f-1733-46f3-80d0-af42e9734106/window/rect 200 19 ms - 50 
[38;5;27m[ad5c901f][0m[38;5;86m[HTTP][0m [37m-->[39m [37mPOST[39m [37m/wd/hub/session/ad5c901f-1733-46f3-80d0-af42e9734106/elements[39m {"using":"xpath","value":"//android.widget.EditText[@resource-id='user' and (@text='' or .='')]"}
[38;5;27m[ad5c901f][0m[38;5;86m[HTTP][0m <-- POST /wd/hub/session/ad5c901f-1733-46f3-80d0-af42e9734106/elements 200 263 ms - 139 
[38;5;27m[ad5c901f][0m[38;5;86m[HTTP][0m [37m-->[39m [37mGET[39m [37m/wd/hub/session/ad5c901f-1733-46f3-80d0-af42e9734106/element/00000000-0000-009b-0000-002900000050/rect[39m {}
[38;5;27m[ad5c901f][0m[38;5;-190m[AndroidUiautomator2Driver@2c0f][0m Driver proxy active, passing request on via HTTP proxy
[38;5;27m[ad5c901f][0m[38;5;-190m[AndroidUiautomator2Driver@2c0f][0m Replacing sessionId 05cb04ce-7af9-451f-a172-82a6e2526358 with ad5c901f-1733-46f3-80d0-af42e9734106
[38;5;27m[ad5c901f][0m[38;5;86m[HTTP][0m <-- GET /wd/hub/session/ad5c901f-1733-46f3-80d0-af42e9734106/element/00000000-0000-009b-0000-002900000050/rect 200 27 ms - 103 
[38;5;27m[ad5c901f][0m[38;5;86m[HTTP][0m [37m-->[39m [37mPOST[39m [37m/wd/hub/session/ad5c901f-1733-46f3-80d0-af42e9734106/timeouts[39m {"implicit":30000}
[38;5;27m[ad5c901f][0m[38;5;86m[HTTP][0m <-- POST /wd/hub/session/ad5c901f-1733-46f3-80d0-af42e9734106/timeouts 200 1 ms - 14 
[38;5;27m[ad5c901f][0m[38;5;86m[HTTP][0m [37m-->[39m [37mPOST[39m [37m/wd/hub/session/ad5c901f-1733-46f3-80d0-af42e9734106/element/00000000-0000-009b-0000-002900000050/clear[39m {"id":"00000000-0000-009b-0000-002900000050"}
[38;5;27m[ad5c901f][0m[38;5;86m[HTTP][0m <-- POST /wd/hub/session/ad5c901f-1733-46f3-80d0-af42e9734106/element/00000000-0000-009b-0000-002900000050/clear 200 35 ms - 14 
[38;5;27m[ad5c901f][0m[38;5;86m[HTTP][0m [37m-->[39m [37mPOST[39m [37m/wd/hub/session/ad5c901f-1733-46f3-80d0-af42e9734106/element/00000000-0000-009b-0000-002900000050/click[39m {"id":"00000000-0000-009b-0000-002900000050"}
[38;5;27m[ad5c901f][0m[38;5;86m[HTTP][0m <-- POST /wd/hub/session/ad5c901f-1733-46f3-80d0-af42e9734106/element/00000000-0000-009b-0000-002900000050/click 200 97 ms - 14 
[38;5;27m[ad5c901f][0m[38;5;86m[HTTP][0m [37m-->[39m [37mPOST[39m [37m/wd/hub/session/ad5c901f-1733-46f3-80d0-af42e9734106/element/00000000-0000-009b-0000-002900000050/value[39m {"value":["D","a","v","i","s","@","y","o","p","m","a","i","l",".","c","o","m"],"text":"Davis@yopmail.com","id":"00000000-0000-009b-0000-002900000050"}
[38;5;27m[ad5c901f][0m[38;5;86m[HTTP][0m <-- POST /wd/hub/session/ad5c901f-1733-46f3-80d0-af42e9734106/element/00000000-0000-009b-0000-002900000050/value 200 1083 ms - 14 
[38;5;27m[ad5c901f][0m[38;5;86m[HTTP][0m [37m-->[39m [37mGET[39m [37m/wd/hub/session/ad5c901f-1733-46f3-80d0-af42e9734106/context[39m {}
[38;5;27m[ad5c901f][0m[38;5;86m[HTTP][0m <-- GET /wd/hub/session/ad5c901f-1733-46f3-80d0-af42e9734106/context 200 1 ms - 22 
[38;5;27m[ad5c901f][0m[38;5;86m[HTTP][0m [37m-->[39m [37mGET[39m [37m/wd/hub/session/ad5c901f-1733-46f3-80d0-af42e9734106/contexts[39m {}
[38;5;27m[ad5c901f][0m[38;5;-190m[AndroidUiautomator2Driver@2c0f][0m CDP data for 'WEBVIEW_stetho_com.google.android.apps.messaging' cannot be collected. Original error: socket hang up
[38;5;27m[ad5c901f][0m[38;5;-190m[AndroidUiautomator2Driver@2c0f][0m Skipping the webview 'WEBVIEW_stetho_com.google.android.apps.messaging' at '@stetho_com.google.android.apps.messaging_devtools_remote' since it has reported having zero pages
[38;5;27m[ad5c901f][0m[38;5;86m[HTTP][0m <-- GET /wd/hub/session/ad5c901f-1733-46f3-80d0-af42e9734106/contexts 200 328 ms - 41 
[38;5;27m[ad5c901f][0m[38;5;86m[HTTP][0m [37m-->[39m [37mPOST[39m [37m/wd/hub/session/ad5c901f-1733-46f3-80d0-af42e9734106/context[39m {"name":"NATIVE_APP"}
[38;5;27m[ad5c901f][0m[38;5;86m[HTTP][0m <-- POST /wd/hub/session/ad5c901f-1733-46f3-80d0-af42e9734106/context 200 0 ms - 14 
[38;5;27m[ad5c901f][0m[38;5;86m[HTTP][0m [37m-->[39m [37mPOST[39m [37m/wd/hub/session/ad5c901f-1733-46f3-80d0-af42e9734106/execute/sync[39m {"script":"mobile: hideKeyboard","args":[]}
[38;5;27m[ad5c901f][0m[38;5;86m[HTTP][0m <-- POST /wd/hub/session/ad5c901f-1733-46f3-80d0-af42e9734106/execute/sync 200 1868 ms - 14 
[38;5;27m[ad5c901f][0m[38;5;86m[HTTP][0m [37m-->[39m [37mPOST[39m [37m/wd/hub/session/ad5c901f-1733-46f3-80d0-af42e9734106/context[39m {"name":"NATIVE_APP"}
[38;5;27m[ad5c901f][0m[38;5;86m[HTTP][0m <-- POST /wd/hub/session/ad5c901f-1733-46f3-80d0-af42e9734106/context 200 1 ms - 14 
[38;5;27m[ad5c901f][0m[38;5;86m[HTTP][0m [37m-->[39m [37mPOST[39m [37m/wd/hub/session/ad5c901f-1733-46f3-80d0-af42e9734106/timeouts[39m {"implicit":50}
[38;5;27m[ad5c901f][0m[38;5;86m[HTTP][0m <-- POST /wd/hub/session/ad5c901f-1733-46f3-80d0-af42e9734106/timeouts 200 2 ms - 14 
[38;5;27m[ad5c901f][0m[38;5;86m[HTTP][0m [37m-->[39m [37mGET[39m [37m/wd/hub/session/ad5c901f-1733-46f3-80d0-af42e9734106/window/rect[39m {}
[38;5;27m[ad5c901f][0m[38;5;86m[HTTP][0m <-- GET /wd/hub/session/ad5c901f-1733-46f3-80d0-af42e9734106/window/rect 200 154 ms - 50 
[38;5;27m[ad5c901f][0m[38;5;86m[HTTP][0m [37m-->[39m [37mPOST[39m [37m/wd/hub/session/ad5c901f-1733-46f3-80d0-af42e9734106/elements[39m {"using":"xpath","value":"//android.widget.EditText[@resource-id='password' and (@text='' or .='')]"}
[38;5;27m[ad5c901f][0m[38;5;86m[HTTP][0m <-- POST /wd/hub/session/ad5c901f-1733-46f3-80d0-af42e9734106/elements 200 269 ms - 139 
[38;5;27m[ad5c901f][0m[38;5;86m[HTTP][0m [37m-->[39m [37mGET[39m [37m/wd/hub/session/ad5c901f-1733-46f3-80d0-af42e9734106/element/00000000-0000-009b-0000-002d00000050/rect[39m {}
[38;5;27m[ad5c901f][0m[38;5;-190m[AndroidUiautomator2Driver@2c0f][0m Driver proxy active, passing request on via HTTP proxy
[38;5;27m[ad5c901f][0m[38;5;-190m[AndroidUiautomator2Driver@2c0f][0m Replacing sessionId 05cb04ce-7af9-451f-a172-82a6e2526358 with ad5c901f-1733-46f3-80d0-af42e9734106
[38;5;27m[ad5c901f][0m[38;5;86m[HTTP][0m <-- GET /wd/hub/session/ad5c901f-1733-46f3-80d0-af42e9734106/element/00000000-0000-009b-0000-002d00000050/rect 200 31 ms - 103 
[38;5;27m[ad5c901f][0m[38;5;86m[HTTP][0m [37m-->[39m [37mPOST[39m [37m/wd/hub/session/ad5c901f-1733-46f3-80d0-af42e9734106/timeouts[39m {"implicit":30000}
[38;5;27m[ad5c901f][0m[38;5;86m[HTTP][0m <-- POST /wd/hub/session/ad5c901f-1733-46f3-80d0-af42e9734106/timeouts 200 1 ms - 14 
[38;5;27m[ad5c901f][0m[38;5;86m[HTTP][0m [37m-->[39m [37mPOST[39m [37m/wd/hub/session/ad5c901f-1733-46f3-80d0-af42e9734106/element/00000000-0000-009b-0000-002d00000050/clear[39m {"id":"00000000-0000-009b-0000-002d00000050"}
[38;5;27m[ad5c901f][0m[38;5;86m[HTTP][0m <-- POST /wd/hub/session/ad5c901f-1733-46f3-80d0-af42e9734106/element/00000000-0000-009b-0000-002d00000050/clear 200 37 ms - 14 
[38;5;27m[ad5c901f][0m[38;5;86m[HTTP][0m [37m-->[39m [37mPOST[39m [37m/wd/hub/session/ad5c901f-1733-46f3-80d0-af42e9734106/element/00000000-0000-009b-0000-002d00000050/click[39m {"id":"00000000-0000-009b-0000-002d00000050"}
[38;5;27m[ad5c901f][0m[38;5;86m[HTTP][0m <-- POST /wd/hub/session/ad5c901f-1733-46f3-80d0-af42e9734106/element/00000000-0000-009b-0000-002d00000050/click 200 156 ms - 14 
[38;5;27m[ad5c901f][0m[38;5;86m[HTTP][0m [37m-->[39m [37mPOST[39m [37m/wd/hub/session/ad5c901f-1733-46f3-80d0-af42e9734106/element/00000000-0000-009b-0000-002d00000050/value[39m {"value":["p","a","s","s","w","o","r","d"],"text":"password","id":"00000000-0000-009b-0000-002d00000050"}
[38;5;27m[ad5c901f][0m[38;5;86m[HTTP][0m <-- POST /wd/hub/session/ad5c901f-1733-46f3-80d0-af42e9734106/element/00000000-0000-009b-0000-002d00000050/value 200 1200 ms - 14 
[38;5;27m[ad5c901f][0m[38;5;86m[HTTP][0m [37m-->[39m [37mGET[39m [37m/wd/hub/session/ad5c901f-1733-46f3-80d0-af42e9734106/context[39m {}
[38;5;27m[ad5c901f][0m[38;5;86m[HTTP][0m <-- GET /wd/hub/session/ad5c901f-1733-46f3-80d0-af42e9734106/context 200 1 ms - 22 
[38;5;27m[ad5c901f][0m[38;5;86m[HTTP][0m [37m-->[39m [37mGET[39m [37m/wd/hub/session/ad5c901f-1733-46f3-80d0-af42e9734106/contexts[39m {}
[38;5;27m[ad5c901f][0m[38;5;-190m[AndroidUiautomator2Driver@2c0f][0m CDP data for 'WEBVIEW_stetho_com.google.android.apps.messaging' cannot be collected. Original error: socket hang up
[38;5;27m[ad5c901f][0m[38;5;-190m[AndroidUiautomator2Driver@2c0f][0m Skipping the webview 'WEBVIEW_stetho_com.google.android.apps.messaging' at '@stetho_com.google.android.apps.messaging_devtools_remote' since it has reported having zero pages
[38;5;27m[ad5c901f][0m[38;5;86m[HTTP][0m <-- GET /wd/hub/session/ad5c901f-1733-46f3-80d0-af42e9734106/contexts 200 318 ms - 41 
[38;5;27m[ad5c901f][0m[38;5;86m[HTTP][0m [37m-->[39m [37mPOST[39m [37m/wd/hub/session/ad5c901f-1733-46f3-80d0-af42e9734106/context[39m {"name":"NATIVE_APP"}
[38;5;27m[ad5c901f][0m[38;5;86m[HTTP][0m <-- POST /wd/hub/session/ad5c901f-1733-46f3-80d0-af42e9734106/context 200 0 ms - 14 
[38;5;27m[ad5c901f][0m[38;5;86m[HTTP][0m [37m-->[39m [37mPOST[39m [37m/wd/hub/session/ad5c901f-1733-46f3-80d0-af42e9734106/execute/sync[39m {"script":"mobile: hideKeyboard","args":[]}
[38;5;27m[ad5c901f][0m[38;5;86m[HTTP][0m <-- POST /wd/hub/session/ad5c901f-1733-46f3-80d0-af42e9734106/execute/sync 200 1801 ms - 14 
[38;5;27m[ad5c901f][0m[38;5;86m[HTTP][0m [37m-->[39m [37mPOST[39m [37m/wd/hub/session/ad5c901f-1733-46f3-80d0-af42e9734106/context[39m {"name":"NATIVE_APP"}
[38;5;27m[ad5c901f][0m[38;5;86m[HTTP][0m <-- POST /wd/hub/session/ad5c901f-1733-46f3-80d0-af42e9734106/context 200 0 ms - 14 
[38;5;27m[ad5c901f][0m[38;5;86m[HTTP][0m [37m-->[39m [37mPOST[39m [37m/wd/hub/session/ad5c901f-1733-46f3-80d0-af42e9734106/timeouts[39m {"implicit":50}
[38;5;27m[ad5c901f][0m[38;5;86m[HTTP][0m <-- POST /wd/hub/session/ad5c901f-1733-46f3-80d0-af42e9734106/timeouts 200 1 ms - 14 
[38;5;27m[ad5c901f][0m[38;5;86m[HTTP][0m [37m-->[39m [37mGET[39m [37m/wd/hub/session/ad5c901f-1733-46f3-80d0-af42e9734106/window/rect[39m {}
[38;5;27m[ad5c901f][0m[38;5;86m[HTTP][0m <-- GET /wd/hub/session/ad5c901f-1733-46f3-80d0-af42e9734106/window/rect 200 121 ms - 50 
[38;5;27m[ad5c901f][0m[38;5;86m[HTTP][0m [37m-->[39m [37mPOST[39m [37m/wd/hub/session/ad5c901f-1733-46f3-80d0-af42e9734106/elements[39m {"using":"xpath","value":"//android.widget.Button[@text='LOGIN' or .='LOGIN']"}
[38;5;27m[ad5c901f][0m[38;5;86m[HTTP][0m <-- POST /wd/hub/session/ad5c901f-1733-46f3-80d0-af42e9734106/elements 200 215 ms - 139 
[38;5;27m[ad5c901f][0m[38;5;86m[HTTP][0m [37m-->[39m [37mGET[39m [37m/wd/hub/session/ad5c901f-1733-46f3-80d0-af42e9734106/element/00000000-0000-009b-0000-003000000050/rect[39m {}
[38;5;27m[ad5c901f][0m[38;5;-190m[AndroidUiautomator2Driver@2c0f][0m Driver proxy active, passing request on via HTTP proxy
[38;5;27m[ad5c901f][0m[38;5;-190m[AndroidUiautomator2Driver@2c0f][0m Replacing sessionId 05cb04ce-7af9-451f-a172-82a6e2526358 with ad5c901f-1733-46f3-80d0-af42e9734106
[38;5;27m[ad5c901f][0m[38;5;86m[HTTP][0m <-- GET /wd/hub/session/ad5c901f-1733-46f3-80d0-af42e9734106/element/00000000-0000-009b-0000-003000000050/rect 200 22 ms - 104 
[38;5;27m[ad5c901f][0m[38;5;86m[HTTP][0m [37m-->[39m [37mPOST[39m [37m/wd/hub/session/ad5c901f-1733-46f3-80d0-af42e9734106/timeouts[39m {"implicit":30000}
[38;5;27m[ad5c901f][0m[38;5;86m[HTTP][0m <-- POST /wd/hub/session/ad5c901f-1733-46f3-80d0-af42e9734106/timeouts 200 1 ms - 14 
[38;5;27m[ad5c901f][0m[38;5;86m[HTTP][0m [37m-->[39m [37mPOST[39m [37m/wd/hub/session/ad5c901f-1733-46f3-80d0-af42e9734106/element/00000000-0000-009b-0000-003000000050/click[39m {"id":"00000000-0000-009b-0000-003000000050"}
[38;5;27m[ad5c901f][0m[38;5;86m[HTTP][0m <-- POST /wd/hub/session/ad5c901f-1733-46f3-80d0-af42e9734106/element/00000000-0000-009b-0000-003000000050/click 200 88 ms - 14 
[38;5;27m[ad5c901f][0m[38;5;86m[HTTP][0m [37m-->[39m [37mPOST[39m [37m/wd/hub/session/ad5c901f-1733-46f3-80d0-af42e9734106/timeouts[39m {"implicit":50}
[38;5;27m[ad5c901f][0m[38;5;86m[HTTP][0m <-- POST /wd/hub/session/ad5c901f-1733-46f3-80d0-af42e9734106/timeouts 200 1 ms - 14 
[38;5;27m[ad5c901f][0m[38;5;86m[HTTP][0m [37m-->[39m [37mGET[39m [37m/wd/hub/session/ad5c901f-1733-46f3-80d0-af42e9734106/window/rect[39m {}
[38;5;27m[ad5c901f][0m[38;5;86m[HTTP][0m <-- GET /wd/hub/session/ad5c901f-1733-46f3-80d0-af42e9734106/window/rect 200 83 ms - 50 
[38;5;27m[ad5c901f][0m[38;5;86m[HTTP][0m [37m-->[39m [37mPOST[39m [37m/wd/hub/session/ad5c901f-1733-46f3-80d0-af42e9734106/elements[39m {"using":"xpath","value":"//*[@class = 'android.view.View' and (@text = 'My Stay' or . = 'My Stay')]"}
[38;5;27m[ad5c901f][0m[38;5;86m[HTTP][0m <-- POST /wd/hub/session/ad5c901f-1733-46f3-80d0-af42e9734106/elements 200 226 ms - 139 
[38;5;27m[ad5c901f][0m[38;5;86m[HTTP][0m [37m-->[39m [37mGET[39m [37m/wd/hub/session/ad5c901f-1733-46f3-80d0-af42e9734106/element/00000000-0000-0099-0000-011c00000007/rect[39m {}
[38;5;27m[ad5c901f][0m[38;5;-190m[AndroidUiautomator2Driver@2c0f][0m Driver proxy active, passing request on via HTTP proxy
[38;5;27m[ad5c901f][0m[38;5;-190m[AndroidUiautomator2Driver@2c0f][0m Replacing sessionId 05cb04ce-7af9-451f-a172-82a6e2526358 with ad5c901f-1733-46f3-80d0-af42e9734106
[38;5;27m[ad5c901f][0m[38;5;86m[HTTP][0m <-- GET /wd/hub/session/ad5c901f-1733-46f3-80d0-af42e9734106/element/00000000-0000-0099-0000-011c00000007/rect 200 19 ms - 104 
[38;5;27m[ad5c901f][0m[38;5;86m[HTTP][0m [37m-->[39m [37mPOST[39m [37m/wd/hub/session/ad5c901f-1733-46f3-80d0-af42e9734106/timeouts[39m {"implicit":30000}
[38;5;27m[ad5c901f][0m[38;5;86m[HTTP][0m <-- POST /wd/hub/session/ad5c901f-1733-46f3-80d0-af42e9734106/timeouts 200 1 ms - 14 
[38;5;27m[ad5c901f][0m[38;5;86m[HTTP][0m [37m-->[39m [37mPOST[39m [37m/wd/hub/session/ad5c901f-1733-46f3-80d0-af42e9734106/timeouts[39m {"implicit":50}
[38;5;27m[ad5c901f][0m[38;5;86m[HTTP][0m <-- POST /wd/hub/session/ad5c901f-1733-46f3-80d0-af42e9734106/timeouts 200 1 ms - 14 
[38;5;27m[ad5c901f][0m[38;5;86m[HTTP][0m [37m-->[39m [37mGET[39m [37m/wd/hub/session/ad5c901f-1733-46f3-80d0-af42e9734106/window/rect[39m {}
[38;5;27m[ad5c901f][0m[38;5;86m[HTTP][0m <-- GET /wd/hub/session/ad5c901f-1733-46f3-80d0-af42e9734106/window/rect 200 79 ms - 50 
[38;5;27m[ad5c901f][0m[38;5;86m[HTTP][0m [37m-->[39m [37mPOST[39m [37m/wd/hub/session/ad5c901f-1733-46f3-80d0-af42e9734106/elements[39m {"using":"xpath","value":"//*[@class = 'android.view.View' and (@text = 'My Account' or . = 'My Account')]"}
[38;5;27m[ad5c901f][0m[38;5;86m[HTTP][0m <-- POST /wd/hub/session/ad5c901f-1733-46f3-80d0-af42e9734106/elements 200 223 ms - 139 
[38;5;27m[ad5c901f][0m[38;5;86m[HTTP][0m [37m-->[39m [37mGET[39m [37m/wd/hub/session/ad5c901f-1733-46f3-80d0-af42e9734106/element/00000000-0000-0099-0000-012000000007/rect[39m {}
[38;5;27m[ad5c901f][0m[38;5;-190m[AndroidUiautomator2Driver@2c0f][0m Driver proxy active, passing request on via HTTP proxy
[38;5;27m[ad5c901f][0m[38;5;-190m[AndroidUiautomator2Driver@2c0f][0m Replacing sessionId 05cb04ce-7af9-451f-a172-82a6e2526358 with ad5c901f-1733-46f3-80d0-af42e9734106
[38;5;27m[ad5c901f][0m[38;5;86m[HTTP][0m <-- GET /wd/hub/session/ad5c901f-1733-46f3-80d0-af42e9734106/element/00000000-0000-0099-0000-012000000007/rect 200 24 ms - 104 
[38;5;27m[ad5c901f][0m[38;5;86m[HTTP][0m [37m-->[39m [37mPOST[39m [37m/wd/hub/session/ad5c901f-1733-46f3-80d0-af42e9734106/timeouts[39m {"implicit":30000}
[38;5;27m[ad5c901f][0m[38;5;86m[HTTP][0m <-- POST /wd/hub/session/ad5c901f-1733-46f3-80d0-af42e9734106/timeouts 200 1 ms - 14 
[38;5;27m[ad5c901f][0m[38;5;86m[HTTP][0m [37m-->[39m [37mPOST[39m [37m/wd/hub/session/ad5c901f-1733-46f3-80d0-af42e9734106/timeouts[39m {"implicit":50}
[38;5;27m[ad5c901f][0m[38;5;86m[HTTP][0m <-- POST /wd/hub/session/ad5c901f-1733-46f3-80d0-af42e9734106/timeouts 200 1 ms - 14 
[38;5;27m[ad5c901f][0m[38;5;86m[HTTP][0m [37m-->[39m [37mGET[39m [37m/wd/hub/session/ad5c901f-1733-46f3-80d0-af42e9734106/window/rect[39m {}
[38;5;27m[ad5c901f][0m[38;5;86m[HTTP][0m <-- GET /wd/hub/session/ad5c901f-1733-46f3-80d0-af42e9734106/window/rect 200 145 ms - 50 
[38;5;27m[ad5c901f][0m[38;5;86m[HTTP][0m [37m-->[39m [37mPOST[39m [37m/wd/hub/session/ad5c901f-1733-46f3-80d0-af42e9734106/elements[39m {"using":"xpath","value":"//*[@class = 'android.view.View' and (@text = 'Home' or . = 'Home')]"}
[38;5;27m[ad5c901f][0m[38;5;86m[HTTP][0m <-- POST /wd/hub/session/ad5c901f-1733-46f3-80d0-af42e9734106/elements 200 256 ms - 139 
[38;5;27m[ad5c901f][0m[38;5;86m[HTTP][0m [37m-->[39m [37mGET[39m [37m/wd/hub/session/ad5c901f-1733-46f3-80d0-af42e9734106/element/00000000-0000-0099-0000-00a200000007/rect[39m {}
[38;5;27m[ad5c901f][0m[38;5;-190m[AndroidUiautomator2Driver@2c0f][0m Driver proxy active, passing request on via HTTP proxy
[38;5;27m[ad5c901f][0m[38;5;-190m[AndroidUiautomator2Driver@2c0f][0m Replacing sessionId 05cb04ce-7af9-451f-a172-82a6e2526358 with ad5c901f-1733-46f3-80d0-af42e9734106
[38;5;27m[ad5c901f][0m[38;5;86m[HTTP][0m <-- GET /wd/hub/session/ad5c901f-1733-46f3-80d0-af42e9734106/element/00000000-0000-0099-0000-00a200000007/rect 200 23 ms - 104 
[38;5;27m[ad5c901f][0m[38;5;86m[HTTP][0m [37m-->[39m [37mPOST[39m [37m/wd/hub/session/ad5c901f-1733-46f3-80d0-af42e9734106/timeouts[39m {"implicit":30000}
[38;5;27m[ad5c901f][0m[38;5;86m[HTTP][0m <-- POST /wd/hub/session/ad5c901f-1733-46f3-80d0-af42e9734106/timeouts 200 1 ms - 14 
[38;5;27m[ad5c901f][0m[38;5;86m[HTTP][0m [37m-->[39m [37mPOST[39m [37m/wd/hub/session/ad5c901f-1733-46f3-80d0-af42e9734106/timeouts[39m {"implicit":50}
[38;5;27m[ad5c901f][0m[38;5;86m[HTTP][0m <-- POST /wd/hub/session/ad5c901f-1733-46f3-80d0-af42e9734106/timeouts 200 1 ms - 14 
[38;5;27m[ad5c901f][0m[38;5;86m[HTTP][0m [37m-->[39m [37mGET[39m [37m/wd/hub/session/ad5c901f-1733-46f3-80d0-af42e9734106/window/rect[39m {}
[38;5;27m[ad5c901f][0m[38;5;86m[HTTP][0m <-- GET /wd/hub/session/ad5c901f-1733-46f3-80d0-af42e9734106/window/rect 200 46 ms - 50 
[38;5;27m[ad5c901f][0m[38;5;86m[HTTP][0m [37m-->[39m [37mPOST[39m [37m/wd/hub/session/ad5c901f-1733-46f3-80d0-af42e9734106/elements[39m {"using":"xpath","value":"//*[@class = 'android.view.View' and (@text = 'My Stay' or . = 'My Stay')]"}
[38;5;27m[ad5c901f][0m[38;5;86m[HTTP][0m <-- POST /wd/hub/session/ad5c901f-1733-46f3-80d0-af42e9734106/elements 200 154 ms - 139 
[38;5;27m[ad5c901f][0m[38;5;86m[HTTP][0m [37m-->[39m [37mGET[39m [37m/wd/hub/session/ad5c901f-1733-46f3-80d0-af42e9734106/element/00000000-0000-0099-0000-011c00000007/rect[39m {}
[38;5;27m[ad5c901f][0m[38;5;-190m[AndroidUiautomator2Driver@2c0f][0m Driver proxy active, passing request on via HTTP proxy
[38;5;27m[ad5c901f][0m[38;5;-190m[AndroidUiautomator2Driver@2c0f][0m Replacing sessionId 05cb04ce-7af9-451f-a172-82a6e2526358 with ad5c901f-1733-46f3-80d0-af42e9734106
[38;5;27m[ad5c901f][0m[38;5;86m[HTTP][0m <-- GET /wd/hub/session/ad5c901f-1733-46f3-80d0-af42e9734106/element/00000000-0000-0099-0000-011c00000007/rect 200 20 ms - 104 
[38;5;27m[ad5c901f][0m[38;5;86m[HTTP][0m [37m-->[39m [37mPOST[39m [37m/wd/hub/session/ad5c901f-1733-46f3-80d0-af42e9734106/timeouts[39m {"implicit":30000}
[38;5;27m[ad5c901f][0m[38;5;86m[HTTP][0m <-- POST /wd/hub/session/ad5c901f-1733-46f3-80d0-af42e9734106/timeouts 200 0 ms - 14 
[38;5;27m[ad5c901f][0m[38;5;86m[HTTP][0m [37m-->[39m [37mGET[39m [37m/wd/hub/session/ad5c901f-1733-46f3-80d0-af42e9734106/element/00000000-0000-0099-0000-011c00000007/text[39m {}
[38;5;27m[ad5c901f][0m[38;5;-190m[AndroidUiautomator2Driver@2c0f][0m Driver proxy active, passing request on via HTTP proxy
[38;5;27m[ad5c901f][0m[38;5;-190m[AndroidUiautomator2Driver@2c0f][0m Replacing sessionId 05cb04ce-7af9-451f-a172-82a6e2526358 with ad5c901f-1733-46f3-80d0-af42e9734106
[38;5;27m[ad5c901f][0m[38;5;86m[HTTP][0m <-- GET /wd/hub/session/ad5c901f-1733-46f3-80d0-af42e9734106/element/00000000-0000-0099-0000-011c00000007/text 200 20 ms - 70 
[38;5;27m[ad5c901f][0m[38;5;86m[HTTP][0m [37m-->[39m [37mPOST[39m [37m/wd/hub/session/ad5c901f-1733-46f3-80d0-af42e9734106/timeouts[39m {"implicit":50}
[38;5;27m[ad5c901f][0m[38;5;86m[HTTP][0m <-- POST /wd/hub/session/ad5c901f-1733-46f3-80d0-af42e9734106/timeouts 200 0 ms - 14 
[38;5;27m[ad5c901f][0m[38;5;86m[HTTP][0m [37m-->[39m [37mGET[39m [37m/wd/hub/session/ad5c901f-1733-46f3-80d0-af42e9734106/window/rect[39m {}
[38;5;27m[ad5c901f][0m[38;5;86m[HTTP][0m <-- GET /wd/hub/session/ad5c901f-1733-46f3-80d0-af42e9734106/window/rect 200 12 ms - 50 
[38;5;27m[ad5c901f][0m[38;5;86m[HTTP][0m [37m-->[39m [37mPOST[39m [37m/wd/hub/session/ad5c901f-1733-46f3-80d0-af42e9734106/elements[39m {"using":"xpath","value":"//*[@class = 'android.view.View' and (@text = 'My Account' or . = 'My Account')]"}
[38;5;27m[ad5c901f][0m[38;5;86m[HTTP][0m <-- POST /wd/hub/session/ad5c901f-1733-46f3-80d0-af42e9734106/elements 200 206 ms - 139 
[38;5;27m[ad5c901f][0m[38;5;86m[HTTP][0m [37m-->[39m [37mGET[39m [37m/wd/hub/session/ad5c901f-1733-46f3-80d0-af42e9734106/element/00000000-0000-0099-0000-012000000007/rect[39m {}
[38;5;27m[ad5c901f][0m[38;5;-190m[AndroidUiautomator2Driver@2c0f][0m Driver proxy active, passing request on via HTTP proxy
[38;5;27m[ad5c901f][0m[38;5;-190m[AndroidUiautomator2Driver@2c0f][0m Replacing sessionId 05cb04ce-7af9-451f-a172-82a6e2526358 with ad5c901f-1733-46f3-80d0-af42e9734106
[38;5;27m[ad5c901f][0m[38;5;86m[HTTP][0m <-- GET /wd/hub/session/ad5c901f-1733-46f3-80d0-af42e9734106/element/00000000-0000-0099-0000-012000000007/rect 200 19 ms - 104 
[38;5;27m[ad5c901f][0m[38;5;86m[HTTP][0m [37m-->[39m [37mPOST[39m [37m/wd/hub/session/ad5c901f-1733-46f3-80d0-af42e9734106/timeouts[39m {"implicit":30000}
[38;5;27m[ad5c901f][0m[38;5;86m[HTTP][0m <-- POST /wd/hub/session/ad5c901f-1733-46f3-80d0-af42e9734106/timeouts 200 1 ms - 14 
[38;5;27m[ad5c901f][0m[38;5;86m[HTTP][0m [37m-->[39m [37mGET[39m [37m/wd/hub/session/ad5c901f-1733-46f3-80d0-af42e9734106/element/00000000-0000-0099-0000-012000000007/text[39m {}
[38;5;27m[ad5c901f][0m[38;5;-190m[AndroidUiautomator2Driver@2c0f][0m Driver proxy active, passing request on via HTTP proxy
[38;5;27m[ad5c901f][0m[38;5;-190m[AndroidUiautomator2Driver@2c0f][0m Replacing sessionId 05cb04ce-7af9-451f-a172-82a6e2526358 with ad5c901f-1733-46f3-80d0-af42e9734106
[38;5;27m[ad5c901f][0m[38;5;86m[HTTP][0m <-- GET /wd/hub/session/ad5c901f-1733-46f3-80d0-af42e9734106/element/00000000-0000-0099-0000-012000000007/text 200 22 ms - 73 
[38;5;27m[ad5c901f][0m[38;5;86m[HTTP][0m [37m-->[39m [37mPOST[39m [37m/wd/hub/session/ad5c901f-1733-46f3-80d0-af42e9734106/timeouts[39m {"implicit":50}
[38;5;27m[ad5c901f][0m[38;5;86m[HTTP][0m <-- POST /wd/hub/session/ad5c901f-1733-46f3-80d0-af42e9734106/timeouts 200 1 ms - 14 
[38;5;27m[ad5c901f][0m[38;5;86m[HTTP][0m [37m-->[39m [37mGET[39m [37m/wd/hub/session/ad5c901f-1733-46f3-80d0-af42e9734106/window/rect[39m {}
[38;5;27m[ad5c901f][0m[38;5;86m[HTTP][0m <-- GET /wd/hub/session/ad5c901f-1733-46f3-80d0-af42e9734106/window/rect 200 21 ms - 50 
[38;5;27m[ad5c901f][0m[38;5;86m[HTTP][0m [37m-->[39m [37mPOST[39m [37m/wd/hub/session/ad5c901f-1733-46f3-80d0-af42e9734106/elements[39m {"using":"xpath","value":"//*[@class = 'android.view.View' and (@text = 'Home' or . = 'Home')]"}
[38;5;27m[ad5c901f][0m[38;5;86m[HTTP][0m <-- POST /wd/hub/session/ad5c901f-1733-46f3-80d0-af42e9734106/elements 200 217 ms - 139 
[38;5;27m[ad5c901f][0m[38;5;86m[HTTP][0m [37m-->[39m [37mGET[39m [37m/wd/hub/session/ad5c901f-1733-46f3-80d0-af42e9734106/element/00000000-0000-0099-0000-00a200000007/rect[39m {}
[38;5;27m[ad5c901f][0m[38;5;-190m[AndroidUiautomator2Driver@2c0f][0m Driver proxy active, passing request on via HTTP proxy
[38;5;27m[ad5c901f][0m[38;5;-190m[AndroidUiautomator2Driver@2c0f][0m Replacing sessionId 05cb04ce-7af9-451f-a172-82a6e2526358 with ad5c901f-1733-46f3-80d0-af42e9734106
[38;5;27m[ad5c901f][0m[38;5;86m[HTTP][0m <-- GET /wd/hub/session/ad5c901f-1733-46f3-80d0-af42e9734106/element/00000000-0000-0099-0000-00a200000007/rect 200 17 ms - 104 
[38;5;27m[ad5c901f][0m[38;5;86m[HTTP][0m [37m-->[39m [37mPOST[39m [37m/wd/hub/session/ad5c901f-1733-46f3-80d0-af42e9734106/timeouts[39m {"implicit":30000}
[38;5;27m[ad5c901f][0m[38;5;86m[HTTP][0m <-- POST /wd/hub/session/ad5c901f-1733-46f3-80d0-af42e9734106/timeouts 200 1 ms - 14 
[38;5;27m[ad5c901f][0m[38;5;86m[HTTP][0m [37m-->[39m [37mGET[39m [37m/wd/hub/session/ad5c901f-1733-46f3-80d0-af42e9734106/element/00000000-0000-0099-0000-00a200000007/text[39m {}
[38;5;27m[ad5c901f][0m[38;5;-190m[AndroidUiautomator2Driver@2c0f][0m Driver proxy active, passing request on via HTTP proxy
[38;5;27m[ad5c901f][0m[38;5;-190m[AndroidUiautomator2Driver@2c0f][0m Replacing sessionId 05cb04ce-7af9-451f-a172-82a6e2526358 with ad5c901f-1733-46f3-80d0-af42e9734106
[38;5;27m[ad5c901f][0m[38;5;86m[HTTP][0m <-- GET /wd/hub/session/ad5c901f-1733-46f3-80d0-af42e9734106/element/00000000-0000-0099-0000-00a200000007/text 200 20 ms - 67 
[38;5;27m[ad5c901f][0m[38;5;86m[HTTP][0m [37m-->[39m [37mPOST[39m [37m/wd/hub/session/ad5c901f-1733-46f3-80d0-af42e9734106/timeouts[39m {"implicit":50}
[38;5;27m[ad5c901f][0m[38;5;86m[HTTP][0m <-- POST /wd/hub/session/ad5c901f-1733-46f3-80d0-af42e9734106/timeouts 200 1 ms - 14 
[38;5;27m[ad5c901f][0m[38;5;86m[HTTP][0m [37m-->[39m [37mGET[39m [37m/wd/hub/session/ad5c901f-1733-46f3-80d0-af42e9734106/window/rect[39m {}
[38;5;27m[ad5c901f][0m[38;5;86m[HTTP][0m <-- GET /wd/hub/session/ad5c901f-1733-46f3-80d0-af42e9734106/window/rect 200 12 ms - 50 
[38;5;27m[ad5c901f][0m[38;5;86m[HTTP][0m [37m-->[39m [37mPOST[39m [37m/wd/hub/session/ad5c901f-1733-46f3-80d0-af42e9734106/elements[39m {"using":"xpath","value":"//*[@class = 'android.view.View' and (@text = 'Home' or . = 'Home')]"}
[38;5;27m[ad5c901f][0m[38;5;86m[HTTP][0m <-- POST /wd/hub/session/ad5c901f-1733-46f3-80d0-af42e9734106/elements 200 163 ms - 139 
[38;5;27m[ad5c901f][0m[38;5;86m[HTTP][0m [37m-->[39m [37mGET[39m [37m/wd/hub/session/ad5c901f-1733-46f3-80d0-af42e9734106/element/00000000-0000-0099-0000-00a200000007/rect[39m {}
[38;5;27m[ad5c901f][0m[38;5;-190m[AndroidUiautomator2Driver@2c0f][0m Driver proxy active, passing request on via HTTP proxy
[38;5;27m[ad5c901f][0m[38;5;-190m[AndroidUiautomator2Driver@2c0f][0m Replacing sessionId 05cb04ce-7af9-451f-a172-82a6e2526358 with ad5c901f-1733-46f3-80d0-af42e9734106
[38;5;27m[ad5c901f][0m[38;5;86m[HTTP][0m <-- GET /wd/hub/session/ad5c901f-1733-46f3-80d0-af42e9734106/element/00000000-0000-0099-0000-00a200000007/rect 200 21 ms - 104 
[38;5;27m[ad5c901f][0m[38;5;86m[HTTP][0m [37m-->[39m [37mPOST[39m [37m/wd/hub/session/ad5c901f-1733-46f3-80d0-af42e9734106/timeouts[39m {"implicit":30000}
[38;5;27m[ad5c901f][0m[38;5;86m[HTTP][0m <-- POST /wd/hub/session/ad5c901f-1733-46f3-80d0-af42e9734106/timeouts 200 1 ms - 14 
[38;5;27m[ad5c901f][0m[38;5;86m[HTTP][0m [37m-->[39m [37mPOST[39m [37m/wd/hub/session/ad5c901f-1733-46f3-80d0-af42e9734106/element/00000000-0000-0099-0000-00a200000007/click[39m {"id":"00000000-0000-0099-0000-00a200000007"}
[38;5;27m[ad5c901f][0m[38;5;86m[HTTP][0m <-- POST /wd/hub/session/ad5c901f-1733-46f3-80d0-af42e9734106/element/00000000-0000-0099-0000-00a200000007/click 200 87 ms - 14 
[38;5;27m[ad5c901f][0m[38;5;86m[HTTP][0m [37m-->[39m [37mPOST[39m [37m/wd/hub/session/ad5c901f-1733-46f3-80d0-af42e9734106/timeouts[39m {"implicit":50}
[38;5;27m[ad5c901f][0m[38;5;86m[HTTP][0m <-- POST /wd/hub/session/ad5c901f-1733-46f3-80d0-af42e9734106/timeouts 200 1 ms - 14 
[38;5;27m[ad5c901f][0m[38;5;86m[HTTP][0m [37m-->[39m [37mGET[39m [37m/wd/hub/session/ad5c901f-1733-46f3-80d0-af42e9734106/window/rect[39m {}
[38;5;27m[ad5c901f][0m[38;5;86m[HTTP][0m <-- GET /wd/hub/session/ad5c901f-1733-46f3-80d0-af42e9734106/window/rect 200 24 ms - 50 
[38;5;27m[ad5c901f][0m[38;5;86m[HTTP][0m [37m-->[39m [37mPOST[39m [37m/wd/hub/session/ad5c901f-1733-46f3-80d0-af42e9734106/elements[39m {"using":"xpath","value":"//*[@class = 'android.widget.Button' and (@text = 'menu' or . = 'menu')]"}
[38;5;27m[ad5c901f][0m[38;5;86m[HTTP][0m <-- POST /wd/hub/session/ad5c901f-1733-46f3-80d0-af42e9734106/elements 200 323 ms - 139 
[38;5;27m[ad5c901f][0m[38;5;86m[HTTP][0m [37m-->[39m [37mGET[39m [37m/wd/hub/session/ad5c901f-1733-46f3-80d0-af42e9734106/element/00000000-0000-0099-0000-013400000007/rect[39m {}
[38;5;27m[ad5c901f][0m[38;5;-190m[AndroidUiautomator2Driver@2c0f][0m Driver proxy active, passing request on via HTTP proxy
[38;5;27m[ad5c901f][0m[38;5;-190m[AndroidUiautomator2Driver@2c0f][0m Replacing sessionId 05cb04ce-7af9-451f-a172-82a6e2526358 with ad5c901f-1733-46f3-80d0-af42e9734106
[38;5;27m[ad5c901f][0m[38;5;86m[HTTP][0m <-- GET /wd/hub/session/ad5c901f-1733-46f3-80d0-af42e9734106/element/00000000-0000-0099-0000-013400000007/rect 200 25 ms - 99 
[38;5;27m[ad5c901f][0m[38;5;86m[HTTP][0m [37m-->[39m [37mPOST[39m [37m/wd/hub/session/ad5c901f-1733-46f3-80d0-af42e9734106/timeouts[39m {"implicit":30000}
[38;5;27m[ad5c901f][0m[38;5;86m[HTTP][0m <-- POST /wd/hub/session/ad5c901f-1733-46f3-80d0-af42e9734106/timeouts 200 1 ms - 14 
[38;5;27m[ad5c901f][0m[38;5;86m[HTTP][0m [37m-->[39m [37mPOST[39m [37m/wd/hub/session/ad5c901f-1733-46f3-80d0-af42e9734106/element/00000000-0000-0099-0000-013400000007/click[39m {"id":"00000000-0000-0099-0000-013400000007"}
[38;5;27m[ad5c901f][0m[38;5;86m[HTTP][0m <-- POST /wd/hub/session/ad5c901f-1733-46f3-80d0-af42e9734106/element/00000000-0000-0099-0000-013400000007/click 200 91 ms - 14 
[38;5;27m[ad5c901f][0m[38;5;86m[HTTP][0m [37m-->[39m [37mPOST[39m [37m/wd/hub/session/ad5c901f-1733-46f3-80d0-af42e9734106/timeouts[39m {"implicit":50}
[38;5;27m[ad5c901f][0m[38;5;86m[HTTP][0m <-- POST /wd/hub/session/ad5c901f-1733-46f3-80d0-af42e9734106/timeouts 200 1 ms - 14 
[38;5;27m[ad5c901f][0m[38;5;86m[HTTP][0m [37m-->[39m [37mGET[39m [37m/wd/hub/session/ad5c901f-1733-46f3-80d0-af42e9734106/window/rect[39m {}
[38;5;27m[ad5c901f][0m[38;5;86m[HTTP][0m <-- GET /wd/hub/session/ad5c901f-1733-46f3-80d0-af42e9734106/window/rect 200 26 ms - 50 
[38;5;27m[ad5c901f][0m[38;5;86m[HTTP][0m [37m-->[39m [37mPOST[39m [37m/wd/hub/session/ad5c901f-1733-46f3-80d0-af42e9734106/elements[39m {"using":"xpath","value":"//android.widget.TabWidget[@index='1' and @package='com.westgate.rewrite2']"}
[38;5;27m[ad5c901f][0m[38;5;86m[HTTP][0m <-- POST /wd/hub/session/ad5c901f-1733-46f3-80d0-af42e9734106/elements 200 711 ms - 139 
[38;5;27m[ad5c901f][0m[38;5;86m[HTTP][0m [37m-->[39m [37mGET[39m [37m/wd/hub/session/ad5c901f-1733-46f3-80d0-af42e9734106/element/00000000-0000-0099-0000-010300000007/rect[39m {}
[38;5;27m[ad5c901f][0m[38;5;-190m[AndroidUiautomator2Driver@2c0f][0m Driver proxy active, passing request on via HTTP proxy
[38;5;27m[ad5c901f][0m[38;5;-190m[AndroidUiautomator2Driver@2c0f][0m Replacing sessionId 05cb04ce-7af9-451f-a172-82a6e2526358 with ad5c901f-1733-46f3-80d0-af42e9734106
[38;5;27m[ad5c901f][0m[38;5;86m[HTTP][0m <-- GET /wd/hub/session/ad5c901f-1733-46f3-80d0-af42e9734106/element/00000000-0000-0099-0000-010300000007/rect 200 19 ms - 103 
[38;5;27m[ad5c901f][0m[38;5;86m[HTTP][0m [37m-->[39m [37mPOST[39m [37m/wd/hub/session/ad5c901f-1733-46f3-80d0-af42e9734106/timeouts[39m {"implicit":30000}
[38;5;27m[ad5c901f][0m[38;5;86m[HTTP][0m <-- POST /wd/hub/session/ad5c901f-1733-46f3-80d0-af42e9734106/timeouts 200 1 ms - 14 
[38;5;27m[ad5c901f][0m[38;5;86m[HTTP][0m [37m-->[39m [37mPOST[39m [37m/wd/hub/session/ad5c901f-1733-46f3-80d0-af42e9734106/element/00000000-0000-0099-0000-010300000007/click[39m {"id":"00000000-0000-0099-0000-010300000007"}
[38;5;27m[ad5c901f][0m[38;5;86m[HTTP][0m <-- POST /wd/hub/session/ad5c901f-1733-46f3-80d0-af42e9734106/element/00000000-0000-0099-0000-010300000007/click 200 63 ms - 14 
[38;5;27m[ad5c901f][0m[38;5;86m[HTTP][0m [37m-->[39m [37mPOST[39m [37m/wd/hub/session/ad5c901f-1733-46f3-80d0-af42e9734106/timeouts[39m {"implicit":50}
[38;5;27m[ad5c901f][0m[38;5;86m[HTTP][0m <-- POST /wd/hub/session/ad5c901f-1733-46f3-80d0-af42e9734106/timeouts 200 1 ms - 14 
[38;5;27m[ad5c901f][0m[38;5;86m[HTTP][0m [37m-->[39m [37mGET[39m [37m/wd/hub/session/ad5c901f-1733-46f3-80d0-af42e9734106/window/rect[39m {}
[38;5;27m[ad5c901f][0m[38;5;86m[HTTP][0m <-- GET /wd/hub/session/ad5c901f-1733-46f3-80d0-af42e9734106/window/rect 200 24 ms - 50 
[38;5;27m[ad5c901f][0m[38;5;86m[HTTP][0m [37m-->[39m [37mPOST[39m [37m/wd/hub/session/ad5c901f-1733-46f3-80d0-af42e9734106/elements[39m {"using":"xpath","value":"//*[@class = 'android.widget.Button' and (@text = 'Version 2.81.111' or . = 'Version 2.81.111')]"}
[38;5;27m[ad5c901f][0m[38;5;86m[HTTP][0m <-- POST /wd/hub/session/ad5c901f-1733-46f3-80d0-af42e9734106/elements 200 187 ms - 139 
[38;5;27m[ad5c901f][0m[38;5;86m[HTTP][0m [37m-->[39m [37mGET[39m [37m/wd/hub/session/ad5c901f-1733-46f3-80d0-af42e9734106/element/00000000-0000-0099-0000-027600000007/rect[39m {}
[38;5;27m[ad5c901f][0m[38;5;-190m[AndroidUiautomator2Driver@2c0f][0m Driver proxy active, passing request on via HTTP proxy
[38;5;27m[ad5c901f][0m[38;5;-190m[AndroidUiautomator2Driver@2c0f][0m Replacing sessionId 05cb04ce-7af9-451f-a172-82a6e2526358 with ad5c901f-1733-46f3-80d0-af42e9734106
[38;5;27m[ad5c901f][0m[38;5;86m[HTTP][0m <-- GET /wd/hub/session/ad5c901f-1733-46f3-80d0-af42e9734106/element/00000000-0000-0099-0000-027600000007/rect 200 31 ms - 102 
[38;5;27m[ad5c901f][0m[38;5;86m[HTTP][0m [37m-->[39m [37mPOST[39m [37m/wd/hub/session/ad5c901f-1733-46f3-80d0-af42e9734106/timeouts[39m {"implicit":30000}
[38;5;27m[ad5c901f][0m[38;5;86m[HTTP][0m <-- POST /wd/hub/session/ad5c901f-1733-46f3-80d0-af42e9734106/timeouts 200 1 ms - 14 
[38;5;27m[ad5c901f][0m[38;5;86m[HTTP][0m [37m-->[39m [37mGET[39m [37m/wd/hub/session/ad5c901f-1733-46f3-80d0-af42e9734106/element/00000000-0000-0099-0000-027600000007/text[39m {}
[38;5;27m[ad5c901f][0m[38;5;-190m[AndroidUiautomator2Driver@2c0f][0m Driver proxy active, passing request on via HTTP proxy
[38;5;27m[ad5c901f][0m[38;5;-190m[AndroidUiautomator2Driver@2c0f][0m Replacing sessionId 05cb04ce-7af9-451f-a172-82a6e2526358 with ad5c901f-1733-46f3-80d0-af42e9734106
[38;5;27m[ad5c901f][0m[38;5;86m[HTTP][0m <-- GET /wd/hub/session/ad5c901f-1733-46f3-80d0-af42e9734106/element/00000000-0000-0099-0000-027600000007/text 200 27 ms - 79 
[38;5;27m[ad5c901f][0m[38;5;86m[HTTP][0m [37m-->[39m [37mPOST[39m [37m/wd/hub/session/ad5c901f-1733-46f3-80d0-af42e9734106/timeouts[39m {"implicit":50}
[38;5;27m[ad5c901f][0m[38;5;86m[HTTP][0m <-- POST /wd/hub/session/ad5c901f-1733-46f3-80d0-af42e9734106/timeouts 200 0 ms - 14 
[38;5;27m[ad5c901f][0m[38;5;86m[HTTP][0m [37m-->[39m [37mGET[39m [37m/wd/hub/session/ad5c901f-1733-46f3-80d0-af42e9734106/window/rect[39m {}
[38;5;27m[ad5c901f][0m[38;5;86m[HTTP][0m <-- GET /wd/hub/session/ad5c901f-1733-46f3-80d0-af42e9734106/window/rect 200 17 ms - 50 
[38;5;27m[ad5c901f][0m[38;5;86m[HTTP][0m [37m-->[39m [37mPOST[39m [37m/wd/hub/session/ad5c901f-1733-46f3-80d0-af42e9734106/elements[39m {"using":"xpath","value":"//*[@class = 'android.widget.Button' and (@text = 'Version 2.81.111' or . = 'Version 2.81.111')]"}
[38;5;27m[ad5c901f][0m[38;5;86m[HTTP][0m <-- POST /wd/hub/session/ad5c901f-1733-46f3-80d0-af42e9734106/elements 200 103 ms - 139 
[38;5;27m[ad5c901f][0m[38;5;86m[HTTP][0m [37m-->[39m [37mGET[39m [37m/wd/hub/session/ad5c901f-1733-46f3-80d0-af42e9734106/element/00000000-0000-0099-0000-027600000007/rect[39m {}
[38;5;27m[ad5c901f][0m[38;5;-190m[AndroidUiautomator2Driver@2c0f][0m Driver proxy active, passing request on via HTTP proxy
[38;5;27m[ad5c901f][0m[38;5;-190m[AndroidUiautomator2Driver@2c0f][0m Replacing sessionId 05cb04ce-7af9-451f-a172-82a6e2526358 with ad5c901f-1733-46f3-80d0-af42e9734106
[38;5;27m[ad5c901f][0m[38;5;86m[HTTP][0m <-- GET /wd/hub/session/ad5c901f-1733-46f3-80d0-af42e9734106/element/00000000-0000-0099-0000-027600000007/rect 200 23 ms - 102 
[38;5;27m[ad5c901f][0m[38;5;86m[HTTP][0m [37m-->[39m [37mPOST[39m [37m/wd/hub/session/ad5c901f-1733-46f3-80d0-af42e9734106/timeouts[39m {"implicit":30000}
[38;5;27m[ad5c901f][0m[38;5;86m[HTTP][0m <-- POST /wd/hub/session/ad5c901f-1733-46f3-80d0-af42e9734106/timeouts 200 0 ms - 14 
[38;5;27m[ad5c901f][0m[38;5;86m[HTTP][0m [37m-->[39m [37mGET[39m [37m/wd/hub/session/ad5c901f-1733-46f3-80d0-af42e9734106/context[39m {}
[38;5;27m[ad5c901f][0m[38;5;86m[HTTP][0m <-- GET /wd/hub/session/ad5c901f-1733-46f3-80d0-af42e9734106/context 200 0 ms - 22 
[38;5;27m[ad5c901f][0m[38;5;86m[HTTP][0m [37m-->[39m [37mGET[39m [37m/wd/hub/session/ad5c901f-1733-46f3-80d0-af42e9734106/contexts[39m {}
[38;5;27m[ad5c901f][0m[38;5;-190m[AndroidUiautomator2Driver@2c0f][0m CDP data for 'WEBVIEW_stetho_com.google.android.apps.messaging' cannot be collected. Original error: socket hang up
[38;5;27m[ad5c901f][0m[38;5;-190m[AndroidUiautomator2Driver@2c0f][0m Skipping the webview 'WEBVIEW_stetho_com.google.android.apps.messaging' at '@stetho_com.google.android.apps.messaging_devtools_remote' since it has reported having zero pages
[38;5;27m[ad5c901f][0m[38;5;86m[HTTP][0m <-- GET /wd/hub/session/ad5c901f-1733-46f3-80d0-af42e9734106/contexts 200 338 ms - 41 
[38;5;27m[ad5c901f][0m[38;5;86m[HTTP][0m [37m-->[39m [37mPOST[39m [37m/wd/hub/session/ad5c901f-1733-46f3-80d0-af42e9734106/context[39m {"name":"NATIVE_APP"}
[38;5;27m[ad5c901f][0m[38;5;86m[HTTP][0m <-- POST /wd/hub/session/ad5c901f-1733-46f3-80d0-af42e9734106/context 200 0 ms - 14 
[38;5;27m[ad5c901f][0m[38;5;86m[HTTP][0m [37m-->[39m [37mPOST[39m [37m/wd/hub/session/ad5c901f-1733-46f3-80d0-af42e9734106/execute/sync[39m {"script":"mobile: getCurrentPackage","args":[]}
[38;5;27m[ad5c901f][0m[38;5;86m[HTTP][0m <-- POST /wd/hub/session/ad5c901f-1733-46f3-80d0-af42e9734106/execute/sync 200 117 ms - 33 
[38;5;27m[ad5c901f][0m[38;5;86m[HTTP][0m [37m-->[39m [37mPOST[39m [37m/wd/hub/session/ad5c901f-1733-46f3-80d0-af42e9734106/execute/sync[39m {"script":"mobile: terminateApp","args":[{"appId":"com.westgate.rewrite2","bundleId":"com.westgate.rewrite2"}]}
[38;5;27m[ad5c901f][0m[38;5;123m[BaseDriver][0m The following script arguments are not known and will be ignored: bundleId
[38;5;27m[ad5c901f][0m[38;5;-190m[AndroidUiautomator2Driver@2c0f][0m Terminating 'com.westgate.rewrite2'
[38;5;27m[ad5c901f][0m[38;5;-190m[AndroidUiautomator2Driver@2c0f][0m Querying the state of 'com.westgate.rewrite2'
[38;5;27m[ad5c901f][0m[38;5;-190m[AndroidUiautomator2Driver@2c0f][0m 'com.westgate.rewrite2' has been successfully terminated
[38;5;27m[ad5c901f][0m[38;5;86m[HTTP][0m <-- POST /wd/hub/session/ad5c901f-1733-46f3-80d0-af42e9734106/execute/sync 200 810 ms - 14 
[38;5;27m[ad5c901f][0m[38;5;86m[HTTP][0m [37m-->[39m [37mPOST[39m [37m/wd/hub/session/ad5c901f-1733-46f3-80d0-af42e9734106/context[39m {"name":"NATIVE_APP"}
[38;5;27m[ad5c901f][0m[38;5;86m[HTTP][0m <-- POST /wd/hub/session/ad5c901f-1733-46f3-80d0-af42e9734106/context 200 0 ms - 14 
[38;5;27m[ad5c901f][0m[38;5;86m[HTTP][0m [37m-->[39m [37mDELETE[39m [37m/wd/hub/session/ad5c901f-1733-46f3-80d0-af42e9734106[39m {}
[38;5;27m[ad5c901f][0m[38;5;87m[AppiumDriver@25e5][0m Removing session ad5c901f-1733-46f3-80d0-af42e9734106 from our master session list
[38;5;27m[ad5c901f][0m[38;5;229m[ADB][0m com.westgate.rewrite2 was successfully uninstalled
[38;5;27m[ad5c901f][0m[38;5;-190m[AndroidUiautomator2Driver@2c0f][0m Restoring hidden api policy to the device default configuration
[38;5;27m[ad5c901f][0m[38;5;86m[HTTP][0m <-- DELETE /wd/hub/session/ad5c901f-1733-46f3-80d0-af42e9734106 200 1858 ms - 14 
[38;5;112m[Appium][0m Received SIGTERM - shutting down
[38;5;86m[HTTP][0m Closing Appium HTTP server
[38;5;86m[HTTP][0m Appium HTTP server has been succesfully closed after 0ms
