[38;5;112m[Appium][0m Welcome to Appium v2.16.0 (REV f1041842141f20bc701b522d4371d7843d905580)
[38;5;112m[Appium][0m Non-default server args:
[38;5;112m[Appium][0m { basePath: [32m'/wd/hub'[39m, loglevel: [32m'info'[39m, port: [33m58194[39m }
[38;5;112m[Appium][0m Attempting to load driver uiautomator2...
[38;5;112m[Appium][0m Appium REST http interface listener started on http://0.0.0.0:58194/wd/hub
[38;5;112m[Appium][0m You can provide the following URLs in your client code to connect to this server:
	http://127.0.0.1:58194/wd/hub (only accessible from the same host)
	http://192.168.0.102:58194/wd/hub
[38;5;112m[Appium][0m Available drivers:
[38;5;112m[Appium][0m   - uiautomator2@4.1.5 (automationName 'UiAutomator2')
[38;5;112m[Appium][0m No plugins have been installed. Use the "appium plugin" command to install the one(s) you want to use.
[38;5;86m[HTTP][0m [37m-->[39m [37mGET[39m [37m/wd/hub/status[39m {}
[38;5;86m[HTTP][0m <-- GET /wd/hub/status 200 3 ms - 200 
[38;5;86m[HTTP][0m [37m-->[39m [37mPOST[39m [37m/wd/hub/session[39m {"capabilities":{"firstMatch":[{"appium:app":"/Users/gv.vignesh/Downloads/WGR-Android-Automation/App Folder/universal.apk","appium:autoGrantPermissions":true,"appium:automationName":"uiautomator2","appium:deviceId":"","appium:deviceName":"Xiaomi 23076PC4BI (Android 15)","appium:fullReset":true,"appium:newCommandTimeout":1800,"appium:noReset":false,"appium:platformName":"ANDROID","appium:platformVersion":"15","appium:systemPort":58193,"appium:udid":"adb-a6e538dc5180-rpwVK8._adb-tls-connect._tcp","platformName":"ANDROID"}]},"desiredCapabilities":{"appium:app":"/Users/gv.vignesh/Downloads/WGR-Android-Automation/App Folder/universal.apk","appium:autoGrantPermissions":true,"appium:automationName":"uiautomator2","appium:deviceId":"","appium:deviceName":"Xiaomi 23076PC4BI (Android 15)","appium:fullReset":true,"appium:newCommandTimeout":1800,"appium:noReset":false,"appium:platformName":"ANDROID","appium:platformVersion":"15","appium:systemPort":58193,"appium:udid":"adb-a6e538dc5180-rpwVK8._adb-tls-connect._tcp"}}
[38;5;123m[BaseDriver][0m Ignoring capability 'appium:platformName=ANDROID' and using capability 'platformName=ANDROID'
[38;5;123m[BaseDriver][0m The capabilities ["platformName"] are standard capabilities and do not require "appium:" prefix
[38;5;112m[Appium][0m Attempting to find matching driver for automationName 'uiautomator2' and platformName 'ANDROID'
[38;5;112m[Appium][0m The 'uiautomator2' driver was installed and matched caps.
[38;5;112m[Appium][0m Will require it at /Users/gv.vignesh/.appium/node_modules/appium-uiautomator2-driver
[38;5;211m[AppiumDriver@bb41][0m Appium v2.16.0 creating new AndroidUiautomator2Driver (v4.1.5) session
[38;5;211m[AppiumDriver@bb41][0m Checking BaseDriver versions for Appium and AndroidUiautomator2Driver
[38;5;211m[AppiumDriver@bb41][0m Appium's BaseDriver version is 9.16.4
[38;5;211m[AppiumDriver@bb41][0m AndroidUiautomator2Driver's BaseDriver version is 9.16.4
[38;5;-55m[AndroidUiautomator2Driver@9973][0m The following provided capabilities were not recognized by this driver:
[38;5;-55m[AndroidUiautomator2Driver@9973][0m   deviceId
[38;5;63m[3cc46a1d][0m[38;5;-55m[AndroidUiautomator2Driver@9973][0m Session created with session id: 3cc46a1d-83d1-4482-a1a5-0bfc2681122e
[38;5;63m[3cc46a1d][0m[38;5;229m[ADB][0m Found 1 'build-tools' folders under '/Users/gv.vignesh/.katalon/tools/android_sdk' (newest first):
[38;5;63m[3cc46a1d][0m[38;5;229m[ADB][0m     /Users/gv.vignesh/.katalon/tools/android_sdk/build-tools/29.0.3
[38;5;63m[3cc46a1d][0m[38;5;229m[ADB][0m Using 'adb' from '/Users/gv.vignesh/.katalon/tools/android_sdk/platform-tools/adb'
[38;5;63m[3cc46a1d][0m[38;5;-55m[AndroidUiautomator2Driver@9973][0m Retrieving device list
[38;5;63m[3cc46a1d][0m[38;5;-55m[AndroidUiautomator2Driver@9973][0m Using device: adb-a6e538dc5180-rpwVK8._adb-tls-connect._tcp
[38;5;63m[3cc46a1d][0m[38;5;229m[ADB][0m Using 'adb' from '/Users/gv.vignesh/.katalon/tools/android_sdk/platform-tools/adb'
[38;5;63m[3cc46a1d][0m[38;5;123m[BaseDriver][0m Using local app '/Users/gv.vignesh/Downloads/WGR-Android-Automation/App Folder/universal.apk'
[38;5;63m[3cc46a1d][0m[38;5;229m[ADB][0m Getting device platform version
[38;5;63m[3cc46a1d][0m[38;5;-55m[AndroidUiautomator2Driver@9973][0m Relaxing hidden api policy
[38;5;63m[3cc46a1d][0m[38;5;229m[ADB][0m Using 'aapt2' from '/Users/gv.vignesh/.katalon/tools/android_sdk/build-tools/29.0.3/aapt2'
[38;5;63m[3cc46a1d][0m[38;5;229m[ADB][0m Package name: 'com.westgate.rewrite2'
[38;5;63m[3cc46a1d][0m[38;5;229m[ADB][0m Main activity name: 'com.westgate.rewrite2.MainActivity'
[38;5;63m[3cc46a1d][0m[38;5;-55m[AndroidUiautomator2Driver@9973][0m Restoring hidden api policy to the device default configuration
[38;5;63m[3cc46a1d][0m[38;5;86m[HTTP][0m <-- POST /wd/hub/session 500 1161 ms - 10204 
[38;5;86m[HTTP][0m [37m-->[39m [37mGET[39m [37m/wd/hub/status[39m {}
[38;5;86m[HTTP][0m <-- GET /wd/hub/status 200 0 ms - 200 
[38;5;86m[HTTP][0m [37m-->[39m [37mPOST[39m [37m/wd/hub/session[39m {"capabilities":{"firstMatch":[{"appium:app":"/Users/gv.vignesh/Downloads/WGR-Android-Automation/App Folder/universal.apk","appium:autoGrantPermissions":true,"appium:automationName":"uiautomator2","appium:deviceId":"","appium:deviceName":"Xiaomi 23076PC4BI (Android 15)","appium:fullReset":true,"appium:newCommandTimeout":1800,"appium:noReset":false,"appium:platformName":"ANDROID","appium:platformVersion":"15","appium:systemPort":58238,"appium:udid":"adb-a6e538dc5180-rpwVK8._adb-tls-connect._tcp","platformName":"ANDROID"}]},"desiredCapabilities":{"appium:app":"/Users/gv.vignesh/Downloads/WGR-Android-Automation/App Folder/universal.apk","appium:autoGrantPermissions":true,"appium:automationName":"uiautomator2","appium:deviceId":"","appium:deviceName":"Xiaomi 23076PC4BI (Android 15)","appium:fullReset":true,"appium:newCommandTimeout":1800,"appium:noReset":false,"appium:platformName":"ANDROID","appium:platformVersion":"15","appium:systemPort":58238,"appium:udid":"adb-a6e538dc5180-rpwVK8._adb-tls-connect._tcp"}}
[38;5;123m[BaseDriver][0m Ignoring capability 'appium:platformName=ANDROID' and using capability 'platformName=ANDROID'
[38;5;123m[BaseDriver][0m The capabilities ["platformName"] are standard capabilities and do not require "appium:" prefix
[38;5;112m[Appium][0m Attempting to find matching driver for automationName 'uiautomator2' and platformName 'ANDROID'
[38;5;112m[Appium][0m The 'uiautomator2' driver was installed and matched caps.
[38;5;112m[Appium][0m Will require it at /Users/gv.vignesh/.appium/node_modules/appium-uiautomator2-driver
[38;5;211m[AppiumDriver@bb41][0m Appium v2.16.0 creating new AndroidUiautomator2Driver (v4.1.5) session
[38;5;211m[AppiumDriver@bb41][0m Checking BaseDriver versions for Appium and AndroidUiautomator2Driver
[38;5;211m[AppiumDriver@bb41][0m Appium's BaseDriver version is 9.16.4
[38;5;211m[AppiumDriver@bb41][0m AndroidUiautomator2Driver's BaseDriver version is 9.16.4
[38;5;-95m[AndroidUiautomator2Driver@c2f9][0m The following provided capabilities were not recognized by this driver:
[38;5;-95m[AndroidUiautomator2Driver@c2f9][0m   deviceId
[38;5;149m[ad4c176c][0m[38;5;-95m[AndroidUiautomator2Driver@c2f9][0m Session created with session id: ad4c176c-9137-4230-ab2e-8b4e46bcefc6
[38;5;149m[ad4c176c][0m[38;5;229m[ADB][0m Using 'adb' from '/Users/gv.vignesh/.katalon/tools/android_sdk/platform-tools/adb'
[38;5;149m[ad4c176c][0m[38;5;-95m[AndroidUiautomator2Driver@c2f9][0m Retrieving device list
[38;5;149m[ad4c176c][0m[38;5;-95m[AndroidUiautomator2Driver@c2f9][0m Using device: adb-a6e538dc5180-rpwVK8._adb-tls-connect._tcp
[38;5;149m[ad4c176c][0m[38;5;229m[ADB][0m Using 'adb' from '/Users/gv.vignesh/.katalon/tools/android_sdk/platform-tools/adb'
[38;5;149m[ad4c176c][0m[38;5;123m[BaseDriver][0m Using local app '/Users/gv.vignesh/Downloads/WGR-Android-Automation/App Folder/universal.apk'
[38;5;149m[ad4c176c][0m[38;5;229m[ADB][0m Getting device platform version
[38;5;149m[ad4c176c][0m[38;5;-95m[AndroidUiautomator2Driver@c2f9][0m Relaxing hidden api policy
[38;5;149m[ad4c176c][0m[38;5;229m[ADB][0m Using 'aapt2' from '/Users/gv.vignesh/.katalon/tools/android_sdk/build-tools/29.0.3/aapt2'
[38;5;149m[ad4c176c][0m[38;5;229m[ADB][0m Package name: 'com.westgate.rewrite2'
[38;5;149m[ad4c176c][0m[38;5;229m[ADB][0m Main activity name: 'com.westgate.rewrite2.MainActivity'
[38;5;149m[ad4c176c][0m[38;5;-95m[AndroidUiautomator2Driver@c2f9][0m Restoring hidden api policy to the device default configuration
[38;5;149m[ad4c176c][0m[38;5;86m[HTTP][0m <-- POST /wd/hub/session 500 1156 ms - 10204 
[38;5;86m[HTTP][0m [37m-->[39m [37mGET[39m [37m/wd/hub/status[39m {}
[38;5;86m[HTTP][0m <-- GET /wd/hub/status 200 0 ms - 200 
[38;5;86m[HTTP][0m [37m-->[39m [37mPOST[39m [37m/wd/hub/session[39m {"capabilities":{"firstMatch":[{"appium:app":"/Users/gv.vignesh/Downloads/WGR-Android-Automation/App Folder/universal.apk","appium:autoGrantPermissions":true,"appium:automationName":"uiautomator2","appium:deviceId":"","appium:deviceName":"Xiaomi 23076PC4BI (Android 15)","appium:fullReset":true,"appium:newCommandTimeout":1800,"appium:noReset":false,"appium:platformName":"ANDROID","appium:platformVersion":"15","appium:systemPort":58280,"appium:udid":"adb-a6e538dc5180-rpwVK8._adb-tls-connect._tcp","platformName":"ANDROID"}]},"desiredCapabilities":{"appium:app":"/Users/gv.vignesh/Downloads/WGR-Android-Automation/App Folder/universal.apk","appium:autoGrantPermissions":true,"appium:automationName":"uiautomator2","appium:deviceId":"","appium:deviceName":"Xiaomi 23076PC4BI (Android 15)","appium:fullReset":true,"appium:newCommandTimeout":1800,"appium:noReset":false,"appium:platformName":"ANDROID","appium:platformVersion":"15","appium:systemPort":58280,"appium:udid":"adb-a6e538dc5180-rpwVK8._adb-tls-connect._tcp"}}
[38;5;123m[BaseDriver][0m Ignoring capability 'appium:platformName=ANDROID' and using capability 'platformName=ANDROID'
[38;5;123m[BaseDriver][0m The capabilities ["platformName"] are standard capabilities and do not require "appium:" prefix
[38;5;112m[Appium][0m Attempting to find matching driver for automationName 'uiautomator2' and platformName 'ANDROID'
[38;5;112m[Appium][0m The 'uiautomator2' driver was installed and matched caps.
[38;5;112m[Appium][0m Will require it at /Users/gv.vignesh/.appium/node_modules/appium-uiautomator2-driver
[38;5;211m[AppiumDriver@bb41][0m Appium v2.16.0 creating new AndroidUiautomator2Driver (v4.1.5) session
[38;5;211m[AppiumDriver@bb41][0m Checking BaseDriver versions for Appium and AndroidUiautomator2Driver
[38;5;211m[AppiumDriver@bb41][0m Appium's BaseDriver version is 9.16.4
[38;5;211m[AppiumDriver@bb41][0m AndroidUiautomator2Driver's BaseDriver version is 9.16.4
[38;5;-157m[AndroidUiautomator2Driver@dad3][0m The following provided capabilities were not recognized by this driver:
[38;5;-157m[AndroidUiautomator2Driver@dad3][0m   deviceId
[38;5;158m[ad8e244f][0m[38;5;-157m[AndroidUiautomator2Driver@dad3][0m Session created with session id: ad8e244f-33da-4af8-a442-c29643f4cebd
[38;5;158m[ad8e244f][0m[38;5;229m[ADB][0m Using 'adb' from '/Users/gv.vignesh/.katalon/tools/android_sdk/platform-tools/adb'
[38;5;158m[ad8e244f][0m[38;5;-157m[AndroidUiautomator2Driver@dad3][0m Retrieving device list
[38;5;158m[ad8e244f][0m[38;5;-157m[AndroidUiautomator2Driver@dad3][0m Using device: adb-a6e538dc5180-rpwVK8._adb-tls-connect._tcp
[38;5;158m[ad8e244f][0m[38;5;229m[ADB][0m Using 'adb' from '/Users/gv.vignesh/.katalon/tools/android_sdk/platform-tools/adb'
[38;5;158m[ad8e244f][0m[38;5;123m[BaseDriver][0m Using local app '/Users/gv.vignesh/Downloads/WGR-Android-Automation/App Folder/universal.apk'
[38;5;158m[ad8e244f][0m[38;5;229m[ADB][0m Getting device platform version
[38;5;158m[ad8e244f][0m[38;5;-157m[AndroidUiautomator2Driver@dad3][0m Relaxing hidden api policy
[38;5;158m[ad8e244f][0m[38;5;229m[ADB][0m Using 'aapt2' from '/Users/gv.vignesh/.katalon/tools/android_sdk/build-tools/29.0.3/aapt2'
[38;5;158m[ad8e244f][0m[38;5;229m[ADB][0m Package name: 'com.westgate.rewrite2'
[38;5;158m[ad8e244f][0m[38;5;229m[ADB][0m Main activity name: 'com.westgate.rewrite2.MainActivity'
[38;5;158m[ad8e244f][0m[38;5;-157m[AndroidUiautomator2Driver@dad3][0m Restoring hidden api policy to the device default configuration
[38;5;158m[ad8e244f][0m[38;5;86m[HTTP][0m <-- POST /wd/hub/session 500 1098 ms - 10204 
[38;5;86m[HTTP][0m [37m-->[39m [37mGET[39m [37m/wd/hub/status[39m {}
[38;5;86m[HTTP][0m <-- GET /wd/hub/status 200 1 ms - 200 
[38;5;86m[HTTP][0m [37m-->[39m [37mPOST[39m [37m/wd/hub/session[39m {"capabilities":{"firstMatch":[{"appium:app":"/Users/gv.vignesh/Downloads/WGR-Android-Automation/App Folder/universal.apk","appium:autoGrantPermissions":true,"appium:automationName":"uiautomator2","appium:deviceId":"","appium:deviceName":"Xiaomi 23076PC4BI (Android 15)","appium:fullReset":true,"appium:newCommandTimeout":1800,"appium:noReset":false,"appium:platformName":"ANDROID","appium:platformVersion":"15","appium:systemPort":58321,"appium:udid":"adb-a6e538dc5180-rpwVK8._adb-tls-connect._tcp","platformName":"ANDROID"}]},"desiredCapabilities":{"appium:app":"/Users/gv.vignesh/Downloads/WGR-Android-Automation/App Folder/universal.apk","appium:autoGrantPermissions":true,"appium:automationName":"uiautomator2","appium:deviceId":"","appium:deviceName":"Xiaomi 23076PC4BI (Android 15)","appium:fullReset":true,"appium:newCommandTimeout":1800,"appium:noReset":false,"appium:platformName":"ANDROID","appium:platformVersion":"15","appium:systemPort":58321,"appium:udid":"adb-a6e538dc5180-rpwVK8._adb-tls-connect._tcp"}}
[38;5;123m[BaseDriver][0m Ignoring capability 'appium:platformName=ANDROID' and using capability 'platformName=ANDROID'
[38;5;123m[BaseDriver][0m The capabilities ["platformName"] are standard capabilities and do not require "appium:" prefix
[38;5;112m[Appium][0m Attempting to find matching driver for automationName 'uiautomator2' and platformName 'ANDROID'
[38;5;112m[Appium][0m The 'uiautomator2' driver was installed and matched caps.
[38;5;112m[Appium][0m Will require it at /Users/gv.vignesh/.appium/node_modules/appium-uiautomator2-driver
[38;5;211m[AppiumDriver@bb41][0m Appium v2.16.0 creating new AndroidUiautomator2Driver (v4.1.5) session
[38;5;211m[AppiumDriver@bb41][0m Checking BaseDriver versions for Appium and AndroidUiautomator2Driver
[38;5;211m[AppiumDriver@bb41][0m Appium's BaseDriver version is 9.16.4
[38;5;211m[AppiumDriver@bb41][0m AndroidUiautomator2Driver's BaseDriver version is 9.16.4
[38;5;-101m[AndroidUiautomator2Driver@f347][0m The following provided capabilities were not recognized by this driver:
[38;5;-101m[AndroidUiautomator2Driver@f347][0m   deviceId
[38;5;73m[3338f6e9][0m[38;5;-101m[AndroidUiautomator2Driver@f347][0m Session created with session id: 3338f6e9-9712-4ccf-b1f0-cec459f161b9
[38;5;73m[3338f6e9][0m[38;5;229m[ADB][0m Using 'adb' from '/Users/gv.vignesh/.katalon/tools/android_sdk/platform-tools/adb'
[38;5;73m[3338f6e9][0m[38;5;-101m[AndroidUiautomator2Driver@f347][0m Retrieving device list
[38;5;73m[3338f6e9][0m[38;5;-101m[AndroidUiautomator2Driver@f347][0m Using device: adb-a6e538dc5180-rpwVK8._adb-tls-connect._tcp
[38;5;73m[3338f6e9][0m[38;5;229m[ADB][0m Using 'adb' from '/Users/gv.vignesh/.katalon/tools/android_sdk/platform-tools/adb'
[38;5;73m[3338f6e9][0m[38;5;123m[BaseDriver][0m Using local app '/Users/gv.vignesh/Downloads/WGR-Android-Automation/App Folder/universal.apk'
[38;5;73m[3338f6e9][0m[38;5;229m[ADB][0m Getting device platform version
[38;5;73m[3338f6e9][0m[38;5;-101m[AndroidUiautomator2Driver@f347][0m Relaxing hidden api policy
[38;5;73m[3338f6e9][0m[38;5;229m[ADB][0m Using 'aapt2' from '/Users/gv.vignesh/.katalon/tools/android_sdk/build-tools/29.0.3/aapt2'
[38;5;73m[3338f6e9][0m[38;5;229m[ADB][0m Package name: 'com.westgate.rewrite2'
[38;5;73m[3338f6e9][0m[38;5;229m[ADB][0m Main activity name: 'com.westgate.rewrite2.MainActivity'
[38;5;73m[3338f6e9][0m[38;5;-101m[AndroidUiautomator2Driver@f347][0m Restoring hidden api policy to the device default configuration
[38;5;73m[3338f6e9][0m[38;5;86m[HTTP][0m <-- POST /wd/hub/session 500 1078 ms - 10204 
[38;5;86m[HTTP][0m [37m-->[39m [37mGET[39m [37m/wd/hub/status[39m {}
[38;5;86m[HTTP][0m <-- GET /wd/hub/status 200 1 ms - 200 
[38;5;86m[HTTP][0m [37m-->[39m [37mPOST[39m [37m/wd/hub/session[39m {"capabilities":{"firstMatch":[{"appium:app":"/Users/gv.vignesh/Downloads/WGR-Android-Automation/App Folder/universal.apk","appium:autoGrantPermissions":true,"appium:automationName":"uiautomator2","appium:deviceId":"","appium:deviceName":"Xiaomi 23076PC4BI (Android 15)","appium:fullReset":true,"appium:newCommandTimeout":1800,"appium:noReset":false,"appium:platformName":"ANDROID","appium:platformVersion":"15","appium:systemPort":58362,"appium:udid":"adb-a6e538dc5180-rpwVK8._adb-tls-connect._tcp","platformName":"ANDROID"}]},"desiredCapabilities":{"appium:app":"/Users/gv.vignesh/Downloads/WGR-Android-Automation/App Folder/universal.apk","appium:autoGrantPermissions":true,"appium:automationName":"uiautomator2","appium:deviceId":"","appium:deviceName":"Xiaomi 23076PC4BI (Android 15)","appium:fullReset":true,"appium:newCommandTimeout":1800,"appium:noReset":false,"appium:platformName":"ANDROID","appium:platformVersion":"15","appium:systemPort":58362,"appium:udid":"adb-a6e538dc5180-rpwVK8._adb-tls-connect._tcp"}}
[38;5;123m[BaseDriver][0m Ignoring capability 'appium:platformName=ANDROID' and using capability 'platformName=ANDROID'
[38;5;123m[BaseDriver][0m The capabilities ["platformName"] are standard capabilities and do not require "appium:" prefix
[38;5;112m[Appium][0m Attempting to find matching driver for automationName 'uiautomator2' and platformName 'ANDROID'
[38;5;112m[Appium][0m The 'uiautomator2' driver was installed and matched caps.
[38;5;112m[Appium][0m Will require it at /Users/gv.vignesh/.appium/node_modules/appium-uiautomator2-driver
[38;5;211m[AppiumDriver@bb41][0m Appium v2.16.0 creating new AndroidUiautomator2Driver (v4.1.5) session
[38;5;211m[AppiumDriver@bb41][0m Checking BaseDriver versions for Appium and AndroidUiautomator2Driver
[38;5;211m[AppiumDriver@bb41][0m Appium's BaseDriver version is 9.16.4
[38;5;211m[AppiumDriver@bb41][0m AndroidUiautomator2Driver's BaseDriver version is 9.16.4
[38;5;-188m[AndroidUiautomator2Driver@8c15][0m The following provided capabilities were not recognized by this driver:
[38;5;-188m[AndroidUiautomator2Driver@8c15][0m   deviceId
[38;5;89m[81ce04a1][0m[38;5;-188m[AndroidUiautomator2Driver@8c15][0m Session created with session id: 81ce04a1-e0a4-4364-a9a3-a2612728a555
[38;5;89m[81ce04a1][0m[38;5;229m[ADB][0m Using 'adb' from '/Users/gv.vignesh/.katalon/tools/android_sdk/platform-tools/adb'
[38;5;89m[81ce04a1][0m[38;5;-188m[AndroidUiautomator2Driver@8c15][0m Retrieving device list
[38;5;89m[81ce04a1][0m[38;5;-188m[AndroidUiautomator2Driver@8c15][0m Using device: adb-a6e538dc5180-rpwVK8._adb-tls-connect._tcp
[38;5;89m[81ce04a1][0m[38;5;229m[ADB][0m Using 'adb' from '/Users/gv.vignesh/.katalon/tools/android_sdk/platform-tools/adb'
[38;5;89m[81ce04a1][0m[38;5;123m[BaseDriver][0m Using local app '/Users/gv.vignesh/Downloads/WGR-Android-Automation/App Folder/universal.apk'
[38;5;89m[81ce04a1][0m[38;5;229m[ADB][0m Getting device platform version
[38;5;89m[81ce04a1][0m[38;5;-188m[AndroidUiautomator2Driver@8c15][0m Relaxing hidden api policy
[38;5;89m[81ce04a1][0m[38;5;229m[ADB][0m Using 'aapt2' from '/Users/gv.vignesh/.katalon/tools/android_sdk/build-tools/29.0.3/aapt2'
[38;5;89m[81ce04a1][0m[38;5;229m[ADB][0m Package name: 'com.westgate.rewrite2'
[38;5;89m[81ce04a1][0m[38;5;229m[ADB][0m Main activity name: 'com.westgate.rewrite2.MainActivity'
[38;5;86m[HTTP][0m <-- POST /wd/hub/session - - ms - - 
[38;5;89m[81ce04a1][0m[38;5;-188m[AndroidUiautomator2Driver@8c15][0m Restoring hidden api policy to the device default configuration
[38;5;112m[Appium][0m Received SIGTERM - shutting down
[38;5;86m[HTTP][0m Closing Appium HTTP server
[38;5;86m[HTTP][0m Appium HTTP server has been succesfully closed after 11ms
