[38;5;112m[Appium][0m Welcome to Appium v2.16.0 (REV f1041842141f20bc701b522d4371d7843d905580)
[38;5;112m[Appium][0m Non-default server args:
[38;5;112m[Appium][0m { basePath: [32m'/wd/hub'[39m, loglevel: [32m'info'[39m, port: [33m54273[39m }
[38;5;112m[Appium][0m Attempting to load driver uiautomator2...
[38;5;112m[Appium][0m Appium REST http interface listener started on http://0.0.0.0:54273/wd/hub
[38;5;112m[Appium][0m You can provide the following URLs in your client code to connect to this server:
	http://127.0.0.1:54273/wd/hub (only accessible from the same host)
	http://192.168.0.105:54273/wd/hub
[38;5;112m[Appium][0m Available drivers:
[38;5;112m[Appium][0m   - uiautomator2@4.1.5 (automationName 'UiAutomator2')
[38;5;112m[Appium][0m No plugins have been installed. Use the "appium plugin" command to install the one(s) you want to use.
[38;5;86m[HTTP][0m [37m-->[39m [37mGET[39m [37m/wd/hub/status[39m {}
[38;5;86m[HTTP][0m <-- GET /wd/hub/status 200 2 ms - 200 
[38;5;86m[HTTP][0m [37m-->[39m [37mPOST[39m [37m/wd/hub/session[39m {"capabilities":{"firstMatch":[{"appium:app":"/Users/gv.vignesh/Downloads/WGR-Android-Automation/App Folder/universal.apk","appium:autoGrantPermissions":true,"appium:automationName":"uiautomator2","appium:deviceId":"","appium:deviceName":"emulator-5554 (sdk_gphone64_arm64 - Android 16)","appium:fullReset":true,"appium:newCommandTimeout":1800,"appium:noReset":false,"appium:platformName":"ANDROID","appium:platformVersion":"16","appium:systemPort":54272,"appium:udid":"emulator-5554","platformName":"ANDROID"}]},"desiredCapabilities":{"appium:app":"/Users/gv.vignesh/Downloads/WGR-Android-Automation/App Folder/universal.apk","appium:autoGrantPermissions":true,"appium:automationName":"uiautomator2","appium:deviceId":"","appium:deviceName":"emulator-5554 (sdk_gphone64_arm64 - Android 16)","appium:fullReset":true,"appium:newCommandTimeout":1800,"appium:noReset":false,"appium:platformName":"ANDROID","appium:platformVersion":"16","appium:systemPort":54272,"appium:udid":"emulator-5554"}}
[38;5;123m[BaseDriver][0m Ignoring capability 'appium:platformName=ANDROID' and using capability 'platformName=ANDROID'
[38;5;123m[BaseDriver][0m The capabilities ["platformName"] are standard capabilities and do not require "appium:" prefix
[38;5;112m[Appium][0m Attempting to find matching driver for automationName 'uiautomator2' and platformName 'ANDROID'
[38;5;112m[Appium][0m The 'uiautomator2' driver was installed and matched caps.
[38;5;112m[Appium][0m Will require it at /Users/gv.vignesh/.appium/node_modules/appium-uiautomator2-driver
[38;5;166m[AppiumDriver@d5ba][0m Appium v2.16.0 creating new AndroidUiautomator2Driver (v4.1.5) session
[38;5;166m[AppiumDriver@d5ba][0m Checking BaseDriver versions for Appium and AndroidUiautomator2Driver
[38;5;166m[AppiumDriver@d5ba][0m Appium's BaseDriver version is 9.16.4
[38;5;166m[AppiumDriver@d5ba][0m AndroidUiautomator2Driver's BaseDriver version is 9.16.4
[38;5;-112m[AndroidUiautomator2Driver@134c][0m The following provided capabilities were not recognized by this driver:
[38;5;-112m[AndroidUiautomator2Driver@134c][0m   deviceId
[38;5;201m[9f946045][0m[38;5;-112m[AndroidUiautomator2Driver@134c][0m Session created with session id: 9f946045-8c1d-4e5d-b05b-5f87dc1eba25
[38;5;201m[9f946045][0m[38;5;229m[ADB][0m Found 1 'build-tools' folders under '/Users/gv.vignesh/.katalon/tools/android_sdk' (newest first):
[38;5;201m[9f946045][0m[38;5;229m[ADB][0m     /Users/gv.vignesh/.katalon/tools/android_sdk/build-tools/29.0.3
[38;5;201m[9f946045][0m[38;5;229m[ADB][0m Using 'adb' from '/Users/gv.vignesh/.katalon/tools/android_sdk/platform-tools/adb'
[38;5;201m[9f946045][0m[38;5;-112m[AndroidUiautomator2Driver@134c][0m Retrieving device list
[38;5;201m[9f946045][0m[38;5;-112m[AndroidUiautomator2Driver@134c][0m Using device: emulator-5554
[38;5;201m[9f946045][0m[38;5;229m[ADB][0m Using 'adb' from '/Users/gv.vignesh/.katalon/tools/android_sdk/platform-tools/adb'
[38;5;201m[9f946045][0m[38;5;123m[BaseDriver][0m Using local app '/Users/gv.vignesh/Downloads/WGR-Android-Automation/App Folder/universal.apk'
[38;5;201m[9f946045][0m[38;5;229m[ADB][0m Getting device platform version
[38;5;201m[9f946045][0m[38;5;-112m[AndroidUiautomator2Driver@134c][0m Relaxing hidden api policy
[38;5;201m[9f946045][0m[38;5;229m[ADB][0m Using 'aapt2' from '/Users/gv.vignesh/.katalon/tools/android_sdk/build-tools/29.0.3/aapt2'
[38;5;201m[9f946045][0m[38;5;229m[ADB][0m Package name: 'com.westgate.rewrite2'
[38;5;201m[9f946045][0m[38;5;229m[ADB][0m Main activity name: 'com.westgate.rewrite2.MainActivity'
[38;5;201m[9f946045][0m[38;5;-112m[AndroidUiautomator2Driver@134c][0m Server packages are not going to be (re)installed
[38;5;201m[9f946045][0m[38;5;229m[ADB][0m Using 'apksigner.jar' from '/Users/gv.vignesh/.katalon/tools/android_sdk/build-tools/29.0.3/lib/apksigner.jar'
[38;5;201m[9f946045][0m[38;5;229m[ADB][0m Adding packages ["io.appium.settings","io.appium.uiautomator2.server","io.appium.uiautomator2.server.test"] to Doze whitelist
[38;5;201m[9f946045][0m[38;5;229m[ADB][0m '/Users/gv.vignesh/Downloads/WGR-Android-Automation/App Folder/universal.apk' is signed with a non-default certificate
[38;5;201m[9f946045][0m[38;5;229m[ADB][0m com.westgate.rewrite2 was not uninstalled, because it was not present on the device
[38;5;201m[9f946045][0m[38;5;229m[ADB][0m The application at '/Users/gv.vignesh/Downloads/WGR-Android-Automation/App Folder/universal.apk' will not be cached, because the device under test has confirmed the support of streamed installs
[38;5;201m[9f946045][0m[38;5;229m[ADB][0m The installation of 'universal.apk' took 596ms
[38;5;201m[9f946045][0m[38;5;-112m[AndroidUiautomator2Driver@134c][0m Starting UIAutomator2 server 7.3.0
[38;5;201m[9f946045][0m[38;5;-112m[AndroidUiautomator2Driver@134c][0m Using UIAutomator2 server from '/Users/gv.vignesh/.appium/node_modules/appium-uiautomator2-driver/node_modules/appium-uiautomator2-server/apks/appium-uiautomator2-server-v7.3.0.apk' and test from '/Users/gv.vignesh/.appium/node_modules/appium-uiautomator2-driver/node_modules/appium-uiautomator2-server/apks/appium-uiautomator2-server-debug-androidTest.apk'
[38;5;201m[9f946045][0m[38;5;-112m[AndroidUiautomator2Driver@134c][0m Waiting up to 30000ms for UiAutomator2 to be online...
[38;5;201m[9f946045][0m[38;5;-112m[AndroidUiautomator2Driver@134c][0m socket hang up
[38;5;201m[9f946045][0m[38;5;-112m[AndroidUiautomator2Driver@134c][0m Determined the downstream protocol as 'W3C'
[38;5;201m[9f946045][0m[38;5;-112m[AndroidUiautomator2Driver@134c][0m Screen already unlocked, doing nothing
[38;5;201m[9f946045][0m[38;5;-112m[AndroidUiautomator2Driver@134c][0m Starting 'com.westgate.rewrite2/com.westgate.rewrite2.MainActivity' and waiting for 'com.westgate.rewrite2/com.westgate.rewrite2.MainActivity'
[38;5;201m[9f946045][0m[38;5;166m[AppiumDriver@d5ba][0m New AndroidUiautomator2Driver session created successfully, session 9f946045-8c1d-4e5d-b05b-5f87dc1eba25 added to master session list
[38;5;201m[9f946045][0m[38;5;86m[HTTP][0m <-- POST /wd/hub/session 200 5827 ms - 1350 
[38;5;86m[HTTP][0m [37m-->[39m [37mGET[39m [37m/wd/hub/status[39m {}
[38;5;86m[HTTP][0m <-- GET /wd/hub/status 200 0 ms - 200 
[38;5;201m[9f946045][0m[38;5;86m[HTTP][0m [37m-->[39m [37mPOST[39m [37m/wd/hub/session/9f946045-8c1d-4e5d-b05b-5f87dc1eba25/timeouts[39m {"implicit":30000}
[38;5;201m[9f946045][0m[38;5;86m[HTTP][0m <-- POST /wd/hub/session/9f946045-8c1d-4e5d-b05b-5f87dc1eba25/timeouts 200 2 ms - 14 
[38;5;201m[9f946045][0m[38;5;86m[HTTP][0m [37m-->[39m [37mPOST[39m [37m/wd/hub/session/9f946045-8c1d-4e5d-b05b-5f87dc1eba25/execute/sync[39m {"script":"mobile: getSystemBars","args":[]}
[38;5;201m[9f946045][0m[38;5;-112m[AndroidUiautomator2Driver@134c][0m No windows have been found whose title matches to 'NavigationBar'. Assuming it is invisible. Only the following windows are available: ScreenDecorOverlayBottom,ScreenDecorOverlay,EdgeBackGestureHandler0,Taskbar,NotificationShade,StatusBar,ShellDropTarget,InputMethod
[38;5;201m[9f946045][0m[38;5;86m[HTTP][0m <-- POST /wd/hub/session/9f946045-8c1d-4e5d-b05b-5f87dc1eba25/execute/sync 200 60 ms - 144 
[38;5;201m[9f946045][0m[38;5;86m[HTTP][0m [37m-->[39m [37mPOST[39m [37m/wd/hub/session/9f946045-8c1d-4e5d-b05b-5f87dc1eba25/timeouts[39m {"implicit":50}
[38;5;201m[9f946045][0m[38;5;86m[HTTP][0m <-- POST /wd/hub/session/9f946045-8c1d-4e5d-b05b-5f87dc1eba25/timeouts 200 2 ms - 14 
[38;5;201m[9f946045][0m[38;5;86m[HTTP][0m [37m-->[39m [37mGET[39m [37m/wd/hub/session/9f946045-8c1d-4e5d-b05b-5f87dc1eba25/window/rect[39m {}
[38;5;201m[9f946045][0m[38;5;86m[HTTP][0m <-- GET /wd/hub/session/9f946045-8c1d-4e5d-b05b-5f87dc1eba25/window/rect 200 8 ms - 50 
[38;5;201m[9f946045][0m[38;5;86m[HTTP][0m [37m-->[39m [37mPOST[39m [37m/wd/hub/session/9f946045-8c1d-4e5d-b05b-5f87dc1eba25/elements[39m {"using":"xpath","value":"//*[@class = 'android.widget.Button' and (@text = 'Login or Sign Up' or . = 'Login or Sign Up')]"}
[38;5;201m[9f946045][0m[38;5;86m[HTTP][0m <-- POST /wd/hub/session/9f946045-8c1d-4e5d-b05b-5f87dc1eba25/elements 200 126 ms - 139 
[38;5;201m[9f946045][0m[38;5;86m[HTTP][0m [37m-->[39m [37mGET[39m [37m/wd/hub/session/9f946045-8c1d-4e5d-b05b-5f87dc1eba25/element/00000000-0000-0089-0000-00b300000007/rect[39m {}
[38;5;201m[9f946045][0m[38;5;-112m[AndroidUiautomator2Driver@134c][0m Driver proxy active, passing request on via HTTP proxy
[38;5;201m[9f946045][0m[38;5;-112m[AndroidUiautomator2Driver@134c][0m Replacing sessionId 1ec72384-05b4-4476-9051-b1352d7e6ac0 with 9f946045-8c1d-4e5d-b05b-5f87dc1eba25
[38;5;201m[9f946045][0m[38;5;86m[HTTP][0m <-- GET /wd/hub/session/9f946045-8c1d-4e5d-b05b-5f87dc1eba25/element/00000000-0000-0089-0000-00b300000007/rect 200 11 ms - 103 
[38;5;201m[9f946045][0m[38;5;86m[HTTP][0m [37m-->[39m [37mPOST[39m [37m/wd/hub/session/9f946045-8c1d-4e5d-b05b-5f87dc1eba25/timeouts[39m {"implicit":30000}
[38;5;201m[9f946045][0m[38;5;86m[HTTP][0m <-- POST /wd/hub/session/9f946045-8c1d-4e5d-b05b-5f87dc1eba25/timeouts 200 1 ms - 14 
[38;5;201m[9f946045][0m[38;5;86m[HTTP][0m [37m-->[39m [37mPOST[39m [37m/wd/hub/session/9f946045-8c1d-4e5d-b05b-5f87dc1eba25/element/00000000-0000-0089-0000-00b300000007/click[39m {"id":"00000000-0000-0089-0000-00b300000007"}
[38;5;201m[9f946045][0m[38;5;86m[HTTP][0m <-- POST /wd/hub/session/9f946045-8c1d-4e5d-b05b-5f87dc1eba25/element/00000000-0000-0089-0000-00b300000007/click 200 48 ms - 14 
[38;5;201m[9f946045][0m[38;5;86m[HTTP][0m [37m-->[39m [37mPOST[39m [37m/wd/hub/session/9f946045-8c1d-4e5d-b05b-5f87dc1eba25/timeouts[39m {"implicit":50}
[38;5;201m[9f946045][0m[38;5;86m[HTTP][0m <-- POST /wd/hub/session/9f946045-8c1d-4e5d-b05b-5f87dc1eba25/timeouts 200 2 ms - 14 
[38;5;201m[9f946045][0m[38;5;86m[HTTP][0m [37m-->[39m [37mGET[39m [37m/wd/hub/session/9f946045-8c1d-4e5d-b05b-5f87dc1eba25/window/rect[39m {}
[38;5;201m[9f946045][0m[38;5;86m[HTTP][0m <-- GET /wd/hub/session/9f946045-8c1d-4e5d-b05b-5f87dc1eba25/window/rect 200 10 ms - 50 
[38;5;201m[9f946045][0m[38;5;86m[HTTP][0m [37m-->[39m [37mPOST[39m [37m/wd/hub/session/9f946045-8c1d-4e5d-b05b-5f87dc1eba25/elements[39m {"using":"xpath","value":"//*[@class = 'android.widget.EditText' and (@text = '' or . = '')]"}
[38;5;201m[9f946045][0m[38;5;86m[HTTP][0m <-- POST /wd/hub/session/9f946045-8c1d-4e5d-b05b-5f87dc1eba25/elements 200 57 ms - 139 
[38;5;201m[9f946045][0m[38;5;86m[HTTP][0m [37m-->[39m [37mGET[39m [37m/wd/hub/session/9f946045-8c1d-4e5d-b05b-5f87dc1eba25/element/00000000-0000-0089-0000-00e900000007/rect[39m {}
[38;5;201m[9f946045][0m[38;5;-112m[AndroidUiautomator2Driver@134c][0m Driver proxy active, passing request on via HTTP proxy
[38;5;201m[9f946045][0m[38;5;-112m[AndroidUiautomator2Driver@134c][0m Replacing sessionId 1ec72384-05b4-4476-9051-b1352d7e6ac0 with 9f946045-8c1d-4e5d-b05b-5f87dc1eba25
[38;5;201m[9f946045][0m[38;5;86m[HTTP][0m <-- GET /wd/hub/session/9f946045-8c1d-4e5d-b05b-5f87dc1eba25/element/00000000-0000-0089-0000-00e900000007/rect 200 5 ms - 103 
[38;5;201m[9f946045][0m[38;5;86m[HTTP][0m [37m-->[39m [37mPOST[39m [37m/wd/hub/session/9f946045-8c1d-4e5d-b05b-5f87dc1eba25/timeouts[39m {"implicit":30000}
[38;5;201m[9f946045][0m[38;5;86m[HTTP][0m <-- POST /wd/hub/session/9f946045-8c1d-4e5d-b05b-5f87dc1eba25/timeouts 200 0 ms - 14 
[38;5;201m[9f946045][0m[38;5;86m[HTTP][0m [37m-->[39m [37mPOST[39m [37m/wd/hub/session/9f946045-8c1d-4e5d-b05b-5f87dc1eba25/element/00000000-0000-0089-0000-00e900000007/clear[39m {"id":"00000000-0000-0089-0000-00e900000007"}
[38;5;201m[9f946045][0m[38;5;86m[HTTP][0m <-- POST /wd/hub/session/9f946045-8c1d-4e5d-b05b-5f87dc1eba25/element/00000000-0000-0089-0000-00e900000007/clear 200 6 ms - 14 
[38;5;201m[9f946045][0m[38;5;86m[HTTP][0m [37m-->[39m [37mPOST[39m [37m/wd/hub/session/9f946045-8c1d-4e5d-b05b-5f87dc1eba25/element/00000000-0000-0089-0000-00e900000007/click[39m {"id":"00000000-0000-0089-0000-00e900000007"}
[38;5;201m[9f946045][0m[38;5;86m[HTTP][0m <-- POST /wd/hub/session/9f946045-8c1d-4e5d-b05b-5f87dc1eba25/element/00000000-0000-0089-0000-00e900000007/click 200 39 ms - 14 
[38;5;201m[9f946045][0m[38;5;86m[HTTP][0m [37m-->[39m [37mPOST[39m [37m/wd/hub/session/9f946045-8c1d-4e5d-b05b-5f87dc1eba25/element/00000000-0000-0089-0000-00e900000007/value[39m {"text":"johny@yopmail.com","id":"00000000-0000-0089-0000-00e900000007","value":["j","o","h","n","y","@","y","o","p","m","a","i","l",".","c","o","m"]}
[38;5;201m[9f946045][0m[38;5;86m[HTTP][0m <-- POST /wd/hub/session/9f946045-8c1d-4e5d-b05b-5f87dc1eba25/element/00000000-0000-0089-0000-00e900000007/value 200 15 ms - 14 
[38;5;201m[9f946045][0m[38;5;86m[HTTP][0m [37m-->[39m [37mGET[39m [37m/wd/hub/session/9f946045-8c1d-4e5d-b05b-5f87dc1eba25/context[39m {}
[38;5;201m[9f946045][0m[38;5;86m[HTTP][0m <-- GET /wd/hub/session/9f946045-8c1d-4e5d-b05b-5f87dc1eba25/context 200 1 ms - 22 
[38;5;201m[9f946045][0m[38;5;86m[HTTP][0m [37m-->[39m [37mGET[39m [37m/wd/hub/session/9f946045-8c1d-4e5d-b05b-5f87dc1eba25/contexts[39m {}
[38;5;201m[9f946045][0m[38;5;86m[HTTP][0m <-- GET /wd/hub/session/9f946045-8c1d-4e5d-b05b-5f87dc1eba25/contexts 200 266 ms - 24 
[38;5;201m[9f946045][0m[38;5;86m[HTTP][0m [37m-->[39m [37mPOST[39m [37m/wd/hub/session/9f946045-8c1d-4e5d-b05b-5f87dc1eba25/context[39m {"name":"NATIVE_APP"}
[38;5;201m[9f946045][0m[38;5;86m[HTTP][0m <-- POST /wd/hub/session/9f946045-8c1d-4e5d-b05b-5f87dc1eba25/context 200 1 ms - 14 
[38;5;201m[9f946045][0m[38;5;86m[HTTP][0m [37m-->[39m [37mPOST[39m [37m/wd/hub/session/9f946045-8c1d-4e5d-b05b-5f87dc1eba25/execute/sync[39m {"script":"mobile: hideKeyboard","args":[]}
[38;5;201m[9f946045][0m[38;5;86m[HTTP][0m <-- POST /wd/hub/session/9f946045-8c1d-4e5d-b05b-5f87dc1eba25/execute/sync 200 2206 ms - 14 
[38;5;201m[9f946045][0m[38;5;86m[HTTP][0m [37m-->[39m [37mPOST[39m [37m/wd/hub/session/9f946045-8c1d-4e5d-b05b-5f87dc1eba25/context[39m {"name":"NATIVE_APP"}
[38;5;201m[9f946045][0m[38;5;86m[HTTP][0m <-- POST /wd/hub/session/9f946045-8c1d-4e5d-b05b-5f87dc1eba25/context 200 0 ms - 14 
[38;5;201m[9f946045][0m[38;5;86m[HTTP][0m [37m-->[39m [37mPOST[39m [37m/wd/hub/session/9f946045-8c1d-4e5d-b05b-5f87dc1eba25/timeouts[39m {"implicit":50}
[38;5;201m[9f946045][0m[38;5;86m[HTTP][0m <-- POST /wd/hub/session/9f946045-8c1d-4e5d-b05b-5f87dc1eba25/timeouts 200 1 ms - 14 
[38;5;201m[9f946045][0m[38;5;86m[HTTP][0m [37m-->[39m [37mGET[39m [37m/wd/hub/session/9f946045-8c1d-4e5d-b05b-5f87dc1eba25/window/rect[39m {}
[38;5;201m[9f946045][0m[38;5;86m[HTTP][0m <-- GET /wd/hub/session/9f946045-8c1d-4e5d-b05b-5f87dc1eba25/window/rect 200 11 ms - 50 
[38;5;201m[9f946045][0m[38;5;86m[HTTP][0m [37m-->[39m [37mPOST[39m [37m/wd/hub/session/9f946045-8c1d-4e5d-b05b-5f87dc1eba25/elements[39m {"using":"xpath","value":"//*[@class = 'android.widget.Button' and (@text = 'Next' or . = 'Next')]"}
[38;5;201m[9f946045][0m[38;5;86m[HTTP][0m <-- POST /wd/hub/session/9f946045-8c1d-4e5d-b05b-5f87dc1eba25/elements 200 74 ms - 139 
[38;5;201m[9f946045][0m[38;5;86m[HTTP][0m [37m-->[39m [37mGET[39m [37m/wd/hub/session/9f946045-8c1d-4e5d-b05b-5f87dc1eba25/element/00000000-0000-0089-0000-00e100000007/rect[39m {}
[38;5;201m[9f946045][0m[38;5;-112m[AndroidUiautomator2Driver@134c][0m Driver proxy active, passing request on via HTTP proxy
[38;5;201m[9f946045][0m[38;5;-112m[AndroidUiautomator2Driver@134c][0m Replacing sessionId 1ec72384-05b4-4476-9051-b1352d7e6ac0 with 9f946045-8c1d-4e5d-b05b-5f87dc1eba25
[38;5;201m[9f946045][0m[38;5;86m[HTTP][0m <-- GET /wd/hub/session/9f946045-8c1d-4e5d-b05b-5f87dc1eba25/element/00000000-0000-0089-0000-00e100000007/rect 200 8 ms - 103 
[38;5;201m[9f946045][0m[38;5;86m[HTTP][0m [37m-->[39m [37mPOST[39m [37m/wd/hub/session/9f946045-8c1d-4e5d-b05b-5f87dc1eba25/timeouts[39m {"implicit":30000}
[38;5;201m[9f946045][0m[38;5;86m[HTTP][0m <-- POST /wd/hub/session/9f946045-8c1d-4e5d-b05b-5f87dc1eba25/timeouts 200 1 ms - 14 
[38;5;201m[9f946045][0m[38;5;86m[HTTP][0m [37m-->[39m [37mPOST[39m [37m/wd/hub/session/9f946045-8c1d-4e5d-b05b-5f87dc1eba25/element/00000000-0000-0089-0000-00e100000007/click[39m {"id":"00000000-0000-0089-0000-00e100000007"}
[38;5;201m[9f946045][0m[38;5;86m[HTTP][0m <-- POST /wd/hub/session/9f946045-8c1d-4e5d-b05b-5f87dc1eba25/element/00000000-0000-0089-0000-00e100000007/click 200 42 ms - 14 
[38;5;201m[9f946045][0m[38;5;86m[HTTP][0m [37m-->[39m [37mPOST[39m [37m/wd/hub/session/9f946045-8c1d-4e5d-b05b-5f87dc1eba25/timeouts[39m {"implicit":50}
[38;5;201m[9f946045][0m[38;5;86m[HTTP][0m <-- POST /wd/hub/session/9f946045-8c1d-4e5d-b05b-5f87dc1eba25/timeouts 200 2 ms - 14 
[38;5;201m[9f946045][0m[38;5;86m[HTTP][0m [37m-->[39m [37mGET[39m [37m/wd/hub/session/9f946045-8c1d-4e5d-b05b-5f87dc1eba25/window/rect[39m {}
[38;5;201m[9f946045][0m[38;5;86m[HTTP][0m <-- GET /wd/hub/session/9f946045-8c1d-4e5d-b05b-5f87dc1eba25/window/rect 200 10 ms - 50 
[38;5;201m[9f946045][0m[38;5;86m[HTTP][0m [37m-->[39m [37mPOST[39m [37m/wd/hub/session/9f946045-8c1d-4e5d-b05b-5f87dc1eba25/elements[39m {"using":"xpath","value":"//android.widget.EditText[@resource-id='user' and (@text='' or .='')]"}
[38;5;201m[9f946045][0m[38;5;86m[HTTP][0m <-- POST /wd/hub/session/9f946045-8c1d-4e5d-b05b-5f87dc1eba25/elements 200 67 ms - 139 
[38;5;201m[9f946045][0m[38;5;86m[HTTP][0m [37m-->[39m [37mGET[39m [37m/wd/hub/session/9f946045-8c1d-4e5d-b05b-5f87dc1eba25/element/00000000-0000-008b-0000-00290000004b/rect[39m {}
[38;5;201m[9f946045][0m[38;5;-112m[AndroidUiautomator2Driver@134c][0m Driver proxy active, passing request on via HTTP proxy
[38;5;201m[9f946045][0m[38;5;-112m[AndroidUiautomator2Driver@134c][0m Replacing sessionId 1ec72384-05b4-4476-9051-b1352d7e6ac0 with 9f946045-8c1d-4e5d-b05b-5f87dc1eba25
[38;5;201m[9f946045][0m[38;5;86m[HTTP][0m <-- GET /wd/hub/session/9f946045-8c1d-4e5d-b05b-5f87dc1eba25/element/00000000-0000-008b-0000-00290000004b/rect 200 7 ms - 104 
[38;5;201m[9f946045][0m[38;5;86m[HTTP][0m [37m-->[39m [37mPOST[39m [37m/wd/hub/session/9f946045-8c1d-4e5d-b05b-5f87dc1eba25/timeouts[39m {"implicit":30000}
[38;5;201m[9f946045][0m[38;5;86m[HTTP][0m <-- POST /wd/hub/session/9f946045-8c1d-4e5d-b05b-5f87dc1eba25/timeouts 200 1 ms - 14 
[38;5;201m[9f946045][0m[38;5;86m[HTTP][0m [37m-->[39m [37mPOST[39m [37m/wd/hub/session/9f946045-8c1d-4e5d-b05b-5f87dc1eba25/element/00000000-0000-008b-0000-00290000004b/clear[39m {"id":"00000000-0000-008b-0000-00290000004b"}
[38;5;201m[9f946045][0m[38;5;86m[HTTP][0m <-- POST /wd/hub/session/9f946045-8c1d-4e5d-b05b-5f87dc1eba25/element/00000000-0000-008b-0000-00290000004b/clear 200 8 ms - 14 
[38;5;201m[9f946045][0m[38;5;86m[HTTP][0m [37m-->[39m [37mPOST[39m [37m/wd/hub/session/9f946045-8c1d-4e5d-b05b-5f87dc1eba25/element/00000000-0000-008b-0000-00290000004b/click[39m {"id":"00000000-0000-008b-0000-00290000004b"}
[38;5;201m[9f946045][0m[38;5;86m[HTTP][0m <-- POST /wd/hub/session/9f946045-8c1d-4e5d-b05b-5f87dc1eba25/element/00000000-0000-008b-0000-00290000004b/click 200 1224 ms - 14 
[38;5;201m[9f946045][0m[38;5;86m[HTTP][0m [37m-->[39m [37mPOST[39m [37m/wd/hub/session/9f946045-8c1d-4e5d-b05b-5f87dc1eba25/element/00000000-0000-008b-0000-00290000004b/value[39m {"text":"johny@yopmail.com","id":"00000000-0000-008b-0000-00290000004b","value":["j","o","h","n","y","@","y","o","p","m","a","i","l",".","c","o","m"]}
[38;5;201m[9f946045][0m[38;5;86m[HTTP][0m <-- POST /wd/hub/session/9f946045-8c1d-4e5d-b05b-5f87dc1eba25/element/00000000-0000-008b-0000-00290000004b/value 200 25 ms - 14 
[38;5;201m[9f946045][0m[38;5;86m[HTTP][0m [37m-->[39m [37mGET[39m [37m/wd/hub/session/9f946045-8c1d-4e5d-b05b-5f87dc1eba25/context[39m {}
[38;5;201m[9f946045][0m[38;5;86m[HTTP][0m <-- GET /wd/hub/session/9f946045-8c1d-4e5d-b05b-5f87dc1eba25/context 200 2 ms - 22 
[38;5;201m[9f946045][0m[38;5;86m[HTTP][0m [37m-->[39m [37mGET[39m [37m/wd/hub/session/9f946045-8c1d-4e5d-b05b-5f87dc1eba25/contexts[39m {}
[38;5;201m[9f946045][0m[38;5;86m[HTTP][0m <-- GET /wd/hub/session/9f946045-8c1d-4e5d-b05b-5f87dc1eba25/contexts 200 172 ms - 41 
[38;5;201m[9f946045][0m[38;5;86m[HTTP][0m [37m-->[39m [37mPOST[39m [37m/wd/hub/session/9f946045-8c1d-4e5d-b05b-5f87dc1eba25/context[39m {"name":"NATIVE_APP"}
[38;5;201m[9f946045][0m[38;5;86m[HTTP][0m <-- POST /wd/hub/session/9f946045-8c1d-4e5d-b05b-5f87dc1eba25/context 200 0 ms - 14 
[38;5;201m[9f946045][0m[38;5;86m[HTTP][0m [37m-->[39m [37mPOST[39m [37m/wd/hub/session/9f946045-8c1d-4e5d-b05b-5f87dc1eba25/execute/sync[39m {"script":"mobile: hideKeyboard","args":[]}
[38;5;201m[9f946045][0m[38;5;86m[HTTP][0m <-- POST /wd/hub/session/9f946045-8c1d-4e5d-b05b-5f87dc1eba25/execute/sync 200 2195 ms - 14 
[38;5;201m[9f946045][0m[38;5;86m[HTTP][0m [37m-->[39m [37mPOST[39m [37m/wd/hub/session/9f946045-8c1d-4e5d-b05b-5f87dc1eba25/context[39m {"name":"NATIVE_APP"}
[38;5;201m[9f946045][0m[38;5;86m[HTTP][0m <-- POST /wd/hub/session/9f946045-8c1d-4e5d-b05b-5f87dc1eba25/context 200 0 ms - 14 
[38;5;201m[9f946045][0m[38;5;86m[HTTP][0m [37m-->[39m [37mPOST[39m [37m/wd/hub/session/9f946045-8c1d-4e5d-b05b-5f87dc1eba25/timeouts[39m {"implicit":50}
[38;5;201m[9f946045][0m[38;5;86m[HTTP][0m <-- POST /wd/hub/session/9f946045-8c1d-4e5d-b05b-5f87dc1eba25/timeouts 200 1 ms - 14 
[38;5;201m[9f946045][0m[38;5;86m[HTTP][0m [37m-->[39m [37mGET[39m [37m/wd/hub/session/9f946045-8c1d-4e5d-b05b-5f87dc1eba25/window/rect[39m {}
[38;5;201m[9f946045][0m[38;5;86m[HTTP][0m <-- GET /wd/hub/session/9f946045-8c1d-4e5d-b05b-5f87dc1eba25/window/rect 200 13 ms - 50 
[38;5;201m[9f946045][0m[38;5;86m[HTTP][0m [37m-->[39m [37mPOST[39m [37m/wd/hub/session/9f946045-8c1d-4e5d-b05b-5f87dc1eba25/elements[39m {"using":"xpath","value":"//android.widget.EditText[@resource-id='password' and (@text='' or .='')]"}
[38;5;201m[9f946045][0m[38;5;86m[HTTP][0m <-- POST /wd/hub/session/9f946045-8c1d-4e5d-b05b-5f87dc1eba25/elements 200 53 ms - 139 
[38;5;201m[9f946045][0m[38;5;86m[HTTP][0m [37m-->[39m [37mGET[39m [37m/wd/hub/session/9f946045-8c1d-4e5d-b05b-5f87dc1eba25/element/00000000-0000-008b-0000-002d0000004b/rect[39m {}
[38;5;201m[9f946045][0m[38;5;-112m[AndroidUiautomator2Driver@134c][0m Driver proxy active, passing request on via HTTP proxy
[38;5;201m[9f946045][0m[38;5;-112m[AndroidUiautomator2Driver@134c][0m Replacing sessionId 1ec72384-05b4-4476-9051-b1352d7e6ac0 with 9f946045-8c1d-4e5d-b05b-5f87dc1eba25
[38;5;201m[9f946045][0m[38;5;86m[HTTP][0m <-- GET /wd/hub/session/9f946045-8c1d-4e5d-b05b-5f87dc1eba25/element/00000000-0000-008b-0000-002d0000004b/rect 200 8 ms - 104 
[38;5;201m[9f946045][0m[38;5;86m[HTTP][0m [37m-->[39m [37mPOST[39m [37m/wd/hub/session/9f946045-8c1d-4e5d-b05b-5f87dc1eba25/timeouts[39m {"implicit":30000}
[38;5;201m[9f946045][0m[38;5;86m[HTTP][0m <-- POST /wd/hub/session/9f946045-8c1d-4e5d-b05b-5f87dc1eba25/timeouts 200 0 ms - 14 
[38;5;201m[9f946045][0m[38;5;86m[HTTP][0m [37m-->[39m [37mPOST[39m [37m/wd/hub/session/9f946045-8c1d-4e5d-b05b-5f87dc1eba25/element/00000000-0000-008b-0000-002d0000004b/clear[39m {"id":"00000000-0000-008b-0000-002d0000004b"}
[38;5;201m[9f946045][0m[38;5;86m[HTTP][0m <-- POST /wd/hub/session/9f946045-8c1d-4e5d-b05b-5f87dc1eba25/element/00000000-0000-008b-0000-002d0000004b/clear 200 6 ms - 14 
[38;5;201m[9f946045][0m[38;5;86m[HTTP][0m [37m-->[39m [37mPOST[39m [37m/wd/hub/session/9f946045-8c1d-4e5d-b05b-5f87dc1eba25/element/00000000-0000-008b-0000-002d0000004b/click[39m {"id":"00000000-0000-008b-0000-002d0000004b"}
[38;5;201m[9f946045][0m[38;5;86m[HTTP][0m <-- POST /wd/hub/session/9f946045-8c1d-4e5d-b05b-5f87dc1eba25/element/00000000-0000-008b-0000-002d0000004b/click 200 997 ms - 14 
[38;5;201m[9f946045][0m[38;5;86m[HTTP][0m [37m-->[39m [37mPOST[39m [37m/wd/hub/session/9f946045-8c1d-4e5d-b05b-5f87dc1eba25/element/00000000-0000-008b-0000-002d0000004b/value[39m {"text":"password","id":"00000000-0000-008b-0000-002d0000004b","value":["p","a","s","s","w","o","r","d"]}
[38;5;201m[9f946045][0m[38;5;86m[HTTP][0m <-- POST /wd/hub/session/9f946045-8c1d-4e5d-b05b-5f87dc1eba25/element/00000000-0000-008b-0000-002d0000004b/value 200 7 ms - 14 
[38;5;201m[9f946045][0m[38;5;86m[HTTP][0m [37m-->[39m [37mGET[39m [37m/wd/hub/session/9f946045-8c1d-4e5d-b05b-5f87dc1eba25/context[39m {}
[38;5;201m[9f946045][0m[38;5;86m[HTTP][0m <-- GET /wd/hub/session/9f946045-8c1d-4e5d-b05b-5f87dc1eba25/context 200 1 ms - 22 
[38;5;201m[9f946045][0m[38;5;86m[HTTP][0m [37m-->[39m [37mGET[39m [37m/wd/hub/session/9f946045-8c1d-4e5d-b05b-5f87dc1eba25/contexts[39m {}
[38;5;201m[9f946045][0m[38;5;86m[HTTP][0m <-- GET /wd/hub/session/9f946045-8c1d-4e5d-b05b-5f87dc1eba25/contexts 200 134 ms - 41 
[38;5;201m[9f946045][0m[38;5;86m[HTTP][0m [37m-->[39m [37mPOST[39m [37m/wd/hub/session/9f946045-8c1d-4e5d-b05b-5f87dc1eba25/context[39m {"name":"NATIVE_APP"}
[38;5;201m[9f946045][0m[38;5;86m[HTTP][0m <-- POST /wd/hub/session/9f946045-8c1d-4e5d-b05b-5f87dc1eba25/context 200 0 ms - 14 
[38;5;201m[9f946045][0m[38;5;86m[HTTP][0m [37m-->[39m [37mPOST[39m [37m/wd/hub/session/9f946045-8c1d-4e5d-b05b-5f87dc1eba25/execute/sync[39m {"script":"mobile: hideKeyboard","args":[]}
[38;5;201m[9f946045][0m[38;5;86m[HTTP][0m <-- POST /wd/hub/session/9f946045-8c1d-4e5d-b05b-5f87dc1eba25/execute/sync 200 2154 ms - 14 
[38;5;201m[9f946045][0m[38;5;86m[HTTP][0m [37m-->[39m [37mPOST[39m [37m/wd/hub/session/9f946045-8c1d-4e5d-b05b-5f87dc1eba25/context[39m {"name":"NATIVE_APP"}
[38;5;201m[9f946045][0m[38;5;86m[HTTP][0m <-- POST /wd/hub/session/9f946045-8c1d-4e5d-b05b-5f87dc1eba25/context 200 0 ms - 14 
[38;5;201m[9f946045][0m[38;5;86m[HTTP][0m [37m-->[39m [37mPOST[39m [37m/wd/hub/session/9f946045-8c1d-4e5d-b05b-5f87dc1eba25/timeouts[39m {"implicit":50}
[38;5;201m[9f946045][0m[38;5;86m[HTTP][0m <-- POST /wd/hub/session/9f946045-8c1d-4e5d-b05b-5f87dc1eba25/timeouts 200 1 ms - 14 
[38;5;201m[9f946045][0m[38;5;86m[HTTP][0m [37m-->[39m [37mGET[39m [37m/wd/hub/session/9f946045-8c1d-4e5d-b05b-5f87dc1eba25/window/rect[39m {}
[38;5;201m[9f946045][0m[38;5;86m[HTTP][0m <-- GET /wd/hub/session/9f946045-8c1d-4e5d-b05b-5f87dc1eba25/window/rect 200 8 ms - 50 
[38;5;201m[9f946045][0m[38;5;86m[HTTP][0m [37m-->[39m [37mPOST[39m [37m/wd/hub/session/9f946045-8c1d-4e5d-b05b-5f87dc1eba25/elements[39m {"using":"xpath","value":"//android.widget.Button[@text='LOGIN' or .='LOGIN']"}
[38;5;201m[9f946045][0m[38;5;86m[HTTP][0m <-- POST /wd/hub/session/9f946045-8c1d-4e5d-b05b-5f87dc1eba25/elements 200 57 ms - 139 
[38;5;201m[9f946045][0m[38;5;86m[HTTP][0m [37m-->[39m [37mGET[39m [37m/wd/hub/session/9f946045-8c1d-4e5d-b05b-5f87dc1eba25/element/00000000-0000-008b-0000-00300000004b/rect[39m {}
[38;5;201m[9f946045][0m[38;5;-112m[AndroidUiautomator2Driver@134c][0m Driver proxy active, passing request on via HTTP proxy
[38;5;201m[9f946045][0m[38;5;-112m[AndroidUiautomator2Driver@134c][0m Replacing sessionId 1ec72384-05b4-4476-9051-b1352d7e6ac0 with 9f946045-8c1d-4e5d-b05b-5f87dc1eba25
[38;5;201m[9f946045][0m[38;5;86m[HTTP][0m <-- GET /wd/hub/session/9f946045-8c1d-4e5d-b05b-5f87dc1eba25/element/00000000-0000-008b-0000-00300000004b/rect 200 6 ms - 104 
[38;5;201m[9f946045][0m[38;5;86m[HTTP][0m [37m-->[39m [37mPOST[39m [37m/wd/hub/session/9f946045-8c1d-4e5d-b05b-5f87dc1eba25/timeouts[39m {"implicit":30000}
[38;5;201m[9f946045][0m[38;5;86m[HTTP][0m <-- POST /wd/hub/session/9f946045-8c1d-4e5d-b05b-5f87dc1eba25/timeouts 200 0 ms - 14 
[38;5;201m[9f946045][0m[38;5;86m[HTTP][0m [37m-->[39m [37mPOST[39m [37m/wd/hub/session/9f946045-8c1d-4e5d-b05b-5f87dc1eba25/element/00000000-0000-008b-0000-00300000004b/click[39m {"id":"00000000-0000-008b-0000-00300000004b"}
[38;5;201m[9f946045][0m[38;5;86m[HTTP][0m <-- POST /wd/hub/session/9f946045-8c1d-4e5d-b05b-5f87dc1eba25/element/00000000-0000-008b-0000-00300000004b/click 200 37 ms - 14 
[38;5;201m[9f946045][0m[38;5;86m[HTTP][0m [37m-->[39m [37mPOST[39m [37m/wd/hub/session/9f946045-8c1d-4e5d-b05b-5f87dc1eba25/timeouts[39m {"implicit":50}
[38;5;201m[9f946045][0m[38;5;86m[HTTP][0m <-- POST /wd/hub/session/9f946045-8c1d-4e5d-b05b-5f87dc1eba25/timeouts 200 1 ms - 14 
[38;5;201m[9f946045][0m[38;5;86m[HTTP][0m [37m-->[39m [37mGET[39m [37m/wd/hub/session/9f946045-8c1d-4e5d-b05b-5f87dc1eba25/window/rect[39m {}
[38;5;201m[9f946045][0m[38;5;86m[HTTP][0m <-- GET /wd/hub/session/9f946045-8c1d-4e5d-b05b-5f87dc1eba25/window/rect 200 9 ms - 50 
[38;5;201m[9f946045][0m[38;5;86m[HTTP][0m [37m-->[39m [37mPOST[39m [37m/wd/hub/session/9f946045-8c1d-4e5d-b05b-5f87dc1eba25/elements[39m {"using":"xpath","value":"//*[@class = 'android.view.View' and (@text = 'My Stay' or . = 'My Stay')]"}
[38;5;201m[9f946045][0m[38;5;86m[HTTP][0m <-- POST /wd/hub/session/9f946045-8c1d-4e5d-b05b-5f87dc1eba25/elements 200 78 ms - 139 
[38;5;201m[9f946045][0m[38;5;86m[HTTP][0m [37m-->[39m [37mGET[39m [37m/wd/hub/session/9f946045-8c1d-4e5d-b05b-5f87dc1eba25/element/00000000-0000-0089-0000-011c00000007/rect[39m {}
[38;5;201m[9f946045][0m[38;5;-112m[AndroidUiautomator2Driver@134c][0m Driver proxy active, passing request on via HTTP proxy
[38;5;201m[9f946045][0m[38;5;-112m[AndroidUiautomator2Driver@134c][0m Replacing sessionId 1ec72384-05b4-4476-9051-b1352d7e6ac0 with 9f946045-8c1d-4e5d-b05b-5f87dc1eba25
[38;5;201m[9f946045][0m[38;5;86m[HTTP][0m <-- GET /wd/hub/session/9f946045-8c1d-4e5d-b05b-5f87dc1eba25/element/00000000-0000-0089-0000-011c00000007/rect 200 4 ms - 104 
[38;5;201m[9f946045][0m[38;5;86m[HTTP][0m [37m-->[39m [37mPOST[39m [37m/wd/hub/session/9f946045-8c1d-4e5d-b05b-5f87dc1eba25/timeouts[39m {"implicit":30000}
[38;5;201m[9f946045][0m[38;5;86m[HTTP][0m <-- POST /wd/hub/session/9f946045-8c1d-4e5d-b05b-5f87dc1eba25/timeouts 200 0 ms - 14 
[38;5;201m[9f946045][0m[38;5;86m[HTTP][0m [37m-->[39m [37mPOST[39m [37m/wd/hub/session/9f946045-8c1d-4e5d-b05b-5f87dc1eba25/timeouts[39m {"implicit":50}
[38;5;201m[9f946045][0m[38;5;86m[HTTP][0m <-- POST /wd/hub/session/9f946045-8c1d-4e5d-b05b-5f87dc1eba25/timeouts 200 1 ms - 14 
[38;5;201m[9f946045][0m[38;5;86m[HTTP][0m [37m-->[39m [37mGET[39m [37m/wd/hub/session/9f946045-8c1d-4e5d-b05b-5f87dc1eba25/window/rect[39m {}
[38;5;201m[9f946045][0m[38;5;86m[HTTP][0m <-- GET /wd/hub/session/9f946045-8c1d-4e5d-b05b-5f87dc1eba25/window/rect 200 8 ms - 50 
[38;5;201m[9f946045][0m[38;5;86m[HTTP][0m [37m-->[39m [37mPOST[39m [37m/wd/hub/session/9f946045-8c1d-4e5d-b05b-5f87dc1eba25/elements[39m {"using":"xpath","value":"//*[@class = 'android.view.View' and (@text = 'My Account' or . = 'My Account')]"}
[38;5;201m[9f946045][0m[38;5;86m[HTTP][0m <-- POST /wd/hub/session/9f946045-8c1d-4e5d-b05b-5f87dc1eba25/elements 200 68 ms - 139 
[38;5;201m[9f946045][0m[38;5;86m[HTTP][0m [37m-->[39m [37mGET[39m [37m/wd/hub/session/9f946045-8c1d-4e5d-b05b-5f87dc1eba25/element/00000000-0000-0089-0000-012000000007/rect[39m {}
[38;5;201m[9f946045][0m[38;5;-112m[AndroidUiautomator2Driver@134c][0m Driver proxy active, passing request on via HTTP proxy
[38;5;201m[9f946045][0m[38;5;-112m[AndroidUiautomator2Driver@134c][0m Replacing sessionId 1ec72384-05b4-4476-9051-b1352d7e6ac0 with 9f946045-8c1d-4e5d-b05b-5f87dc1eba25
[38;5;201m[9f946045][0m[38;5;86m[HTTP][0m <-- GET /wd/hub/session/9f946045-8c1d-4e5d-b05b-5f87dc1eba25/element/00000000-0000-0089-0000-012000000007/rect 200 5 ms - 104 
[38;5;201m[9f946045][0m[38;5;86m[HTTP][0m [37m-->[39m [37mPOST[39m [37m/wd/hub/session/9f946045-8c1d-4e5d-b05b-5f87dc1eba25/timeouts[39m {"implicit":30000}
[38;5;201m[9f946045][0m[38;5;86m[HTTP][0m <-- POST /wd/hub/session/9f946045-8c1d-4e5d-b05b-5f87dc1eba25/timeouts 200 0 ms - 14 
[38;5;201m[9f946045][0m[38;5;86m[HTTP][0m [37m-->[39m [37mPOST[39m [37m/wd/hub/session/9f946045-8c1d-4e5d-b05b-5f87dc1eba25/timeouts[39m {"implicit":50}
[38;5;201m[9f946045][0m[38;5;86m[HTTP][0m <-- POST /wd/hub/session/9f946045-8c1d-4e5d-b05b-5f87dc1eba25/timeouts 200 1 ms - 14 
[38;5;201m[9f946045][0m[38;5;86m[HTTP][0m [37m-->[39m [37mGET[39m [37m/wd/hub/session/9f946045-8c1d-4e5d-b05b-5f87dc1eba25/window/rect[39m {}
[38;5;201m[9f946045][0m[38;5;86m[HTTP][0m <-- GET /wd/hub/session/9f946045-8c1d-4e5d-b05b-5f87dc1eba25/window/rect 200 8 ms - 50 
[38;5;201m[9f946045][0m[38;5;86m[HTTP][0m [37m-->[39m [37mPOST[39m [37m/wd/hub/session/9f946045-8c1d-4e5d-b05b-5f87dc1eba25/elements[39m {"using":"xpath","value":"//*[@class = 'android.view.View' and (@text = 'Home' or . = 'Home')]"}
[38;5;201m[9f946045][0m[38;5;86m[HTTP][0m <-- POST /wd/hub/session/9f946045-8c1d-4e5d-b05b-5f87dc1eba25/elements 200 62 ms - 139 
[38;5;201m[9f946045][0m[38;5;86m[HTTP][0m [37m-->[39m [37mGET[39m [37m/wd/hub/session/9f946045-8c1d-4e5d-b05b-5f87dc1eba25/element/00000000-0000-0089-0000-00a200000007/rect[39m {}
[38;5;201m[9f946045][0m[38;5;-112m[AndroidUiautomator2Driver@134c][0m Driver proxy active, passing request on via HTTP proxy
[38;5;201m[9f946045][0m[38;5;-112m[AndroidUiautomator2Driver@134c][0m Replacing sessionId 1ec72384-05b4-4476-9051-b1352d7e6ac0 with 9f946045-8c1d-4e5d-b05b-5f87dc1eba25
[38;5;201m[9f946045][0m[38;5;86m[HTTP][0m <-- GET /wd/hub/session/9f946045-8c1d-4e5d-b05b-5f87dc1eba25/element/00000000-0000-0089-0000-00a200000007/rect 200 6 ms - 104 
[38;5;201m[9f946045][0m[38;5;86m[HTTP][0m [37m-->[39m [37mPOST[39m [37m/wd/hub/session/9f946045-8c1d-4e5d-b05b-5f87dc1eba25/timeouts[39m {"implicit":30000}
[38;5;201m[9f946045][0m[38;5;86m[HTTP][0m <-- POST /wd/hub/session/9f946045-8c1d-4e5d-b05b-5f87dc1eba25/timeouts 200 0 ms - 14 
[38;5;201m[9f946045][0m[38;5;86m[HTTP][0m [37m-->[39m [37mPOST[39m [37m/wd/hub/session/9f946045-8c1d-4e5d-b05b-5f87dc1eba25/timeouts[39m {"implicit":50}
[38;5;201m[9f946045][0m[38;5;86m[HTTP][0m <-- POST /wd/hub/session/9f946045-8c1d-4e5d-b05b-5f87dc1eba25/timeouts 200 1 ms - 14 
[38;5;201m[9f946045][0m[38;5;86m[HTTP][0m [37m-->[39m [37mGET[39m [37m/wd/hub/session/9f946045-8c1d-4e5d-b05b-5f87dc1eba25/window/rect[39m {}
[38;5;201m[9f946045][0m[38;5;86m[HTTP][0m <-- GET /wd/hub/session/9f946045-8c1d-4e5d-b05b-5f87dc1eba25/window/rect 200 8 ms - 50 
[38;5;201m[9f946045][0m[38;5;86m[HTTP][0m [37m-->[39m [37mPOST[39m [37m/wd/hub/session/9f946045-8c1d-4e5d-b05b-5f87dc1eba25/elements[39m {"using":"xpath","value":"//*[@class = 'android.view.View' and (@text = 'My Stay' or . = 'My Stay')]"}
[38;5;201m[9f946045][0m[38;5;86m[HTTP][0m <-- POST /wd/hub/session/9f946045-8c1d-4e5d-b05b-5f87dc1eba25/elements 200 62 ms - 139 
[38;5;201m[9f946045][0m[38;5;86m[HTTP][0m [37m-->[39m [37mGET[39m [37m/wd/hub/session/9f946045-8c1d-4e5d-b05b-5f87dc1eba25/element/00000000-0000-0089-0000-011c00000007/rect[39m {}
[38;5;201m[9f946045][0m[38;5;-112m[AndroidUiautomator2Driver@134c][0m Driver proxy active, passing request on via HTTP proxy
[38;5;201m[9f946045][0m[38;5;-112m[AndroidUiautomator2Driver@134c][0m Replacing sessionId 1ec72384-05b4-4476-9051-b1352d7e6ac0 with 9f946045-8c1d-4e5d-b05b-5f87dc1eba25
[38;5;201m[9f946045][0m[38;5;86m[HTTP][0m <-- GET /wd/hub/session/9f946045-8c1d-4e5d-b05b-5f87dc1eba25/element/00000000-0000-0089-0000-011c00000007/rect 200 4 ms - 104 
[38;5;201m[9f946045][0m[38;5;86m[HTTP][0m [37m-->[39m [37mPOST[39m [37m/wd/hub/session/9f946045-8c1d-4e5d-b05b-5f87dc1eba25/timeouts[39m {"implicit":30000}
[38;5;201m[9f946045][0m[38;5;86m[HTTP][0m <-- POST /wd/hub/session/9f946045-8c1d-4e5d-b05b-5f87dc1eba25/timeouts 200 0 ms - 14 
[38;5;201m[9f946045][0m[38;5;86m[HTTP][0m [37m-->[39m [37mGET[39m [37m/wd/hub/session/9f946045-8c1d-4e5d-b05b-5f87dc1eba25/element/00000000-0000-0089-0000-011c00000007/text[39m {}
[38;5;201m[9f946045][0m[38;5;-112m[AndroidUiautomator2Driver@134c][0m Driver proxy active, passing request on via HTTP proxy
[38;5;201m[9f946045][0m[38;5;-112m[AndroidUiautomator2Driver@134c][0m Replacing sessionId 1ec72384-05b4-4476-9051-b1352d7e6ac0 with 9f946045-8c1d-4e5d-b05b-5f87dc1eba25
[38;5;201m[9f946045][0m[38;5;86m[HTTP][0m <-- GET /wd/hub/session/9f946045-8c1d-4e5d-b05b-5f87dc1eba25/element/00000000-0000-0089-0000-011c00000007/text 200 5 ms - 70 
[38;5;201m[9f946045][0m[38;5;86m[HTTP][0m [37m-->[39m [37mPOST[39m [37m/wd/hub/session/9f946045-8c1d-4e5d-b05b-5f87dc1eba25/timeouts[39m {"implicit":50}
[38;5;201m[9f946045][0m[38;5;86m[HTTP][0m <-- POST /wd/hub/session/9f946045-8c1d-4e5d-b05b-5f87dc1eba25/timeouts 200 0 ms - 14 
[38;5;201m[9f946045][0m[38;5;86m[HTTP][0m [37m-->[39m [37mGET[39m [37m/wd/hub/session/9f946045-8c1d-4e5d-b05b-5f87dc1eba25/window/rect[39m {}
[38;5;201m[9f946045][0m[38;5;86m[HTTP][0m <-- GET /wd/hub/session/9f946045-8c1d-4e5d-b05b-5f87dc1eba25/window/rect 200 3 ms - 50 
[38;5;201m[9f946045][0m[38;5;86m[HTTP][0m [37m-->[39m [37mPOST[39m [37m/wd/hub/session/9f946045-8c1d-4e5d-b05b-5f87dc1eba25/elements[39m {"using":"xpath","value":"//*[@class = 'android.view.View' and (@text = 'My Account' or . = 'My Account')]"}
[38;5;201m[9f946045][0m[38;5;86m[HTTP][0m <-- POST /wd/hub/session/9f946045-8c1d-4e5d-b05b-5f87dc1eba25/elements 200 35 ms - 139 
[38;5;201m[9f946045][0m[38;5;86m[HTTP][0m [37m-->[39m [37mGET[39m [37m/wd/hub/session/9f946045-8c1d-4e5d-b05b-5f87dc1eba25/element/00000000-0000-0089-0000-012000000007/rect[39m {}
[38;5;201m[9f946045][0m[38;5;-112m[AndroidUiautomator2Driver@134c][0m Driver proxy active, passing request on via HTTP proxy
[38;5;201m[9f946045][0m[38;5;-112m[AndroidUiautomator2Driver@134c][0m Replacing sessionId 1ec72384-05b4-4476-9051-b1352d7e6ac0 with 9f946045-8c1d-4e5d-b05b-5f87dc1eba25
[38;5;201m[9f946045][0m[38;5;86m[HTTP][0m <-- GET /wd/hub/session/9f946045-8c1d-4e5d-b05b-5f87dc1eba25/element/00000000-0000-0089-0000-012000000007/rect 200 3 ms - 104 
[38;5;201m[9f946045][0m[38;5;86m[HTTP][0m [37m-->[39m [37mPOST[39m [37m/wd/hub/session/9f946045-8c1d-4e5d-b05b-5f87dc1eba25/timeouts[39m {"implicit":30000}
[38;5;201m[9f946045][0m[38;5;86m[HTTP][0m <-- POST /wd/hub/session/9f946045-8c1d-4e5d-b05b-5f87dc1eba25/timeouts 200 0 ms - 14 
[38;5;201m[9f946045][0m[38;5;86m[HTTP][0m [37m-->[39m [37mGET[39m [37m/wd/hub/session/9f946045-8c1d-4e5d-b05b-5f87dc1eba25/element/00000000-0000-0089-0000-012000000007/text[39m {}
[38;5;201m[9f946045][0m[38;5;-112m[AndroidUiautomator2Driver@134c][0m Driver proxy active, passing request on via HTTP proxy
[38;5;201m[9f946045][0m[38;5;-112m[AndroidUiautomator2Driver@134c][0m Replacing sessionId 1ec72384-05b4-4476-9051-b1352d7e6ac0 with 9f946045-8c1d-4e5d-b05b-5f87dc1eba25
[38;5;201m[9f946045][0m[38;5;86m[HTTP][0m <-- GET /wd/hub/session/9f946045-8c1d-4e5d-b05b-5f87dc1eba25/element/00000000-0000-0089-0000-012000000007/text 200 3 ms - 73 
[38;5;201m[9f946045][0m[38;5;86m[HTTP][0m [37m-->[39m [37mPOST[39m [37m/wd/hub/session/9f946045-8c1d-4e5d-b05b-5f87dc1eba25/timeouts[39m {"implicit":50}
[38;5;201m[9f946045][0m[38;5;86m[HTTP][0m <-- POST /wd/hub/session/9f946045-8c1d-4e5d-b05b-5f87dc1eba25/timeouts 200 0 ms - 14 
[38;5;201m[9f946045][0m[38;5;86m[HTTP][0m [37m-->[39m [37mGET[39m [37m/wd/hub/session/9f946045-8c1d-4e5d-b05b-5f87dc1eba25/window/rect[39m {}
[38;5;201m[9f946045][0m[38;5;86m[HTTP][0m <-- GET /wd/hub/session/9f946045-8c1d-4e5d-b05b-5f87dc1eba25/window/rect 200 2 ms - 50 
[38;5;201m[9f946045][0m[38;5;86m[HTTP][0m [37m-->[39m [37mPOST[39m [37m/wd/hub/session/9f946045-8c1d-4e5d-b05b-5f87dc1eba25/elements[39m {"using":"xpath","value":"//*[@class = 'android.view.View' and (@text = 'Home' or . = 'Home')]"}
[38;5;201m[9f946045][0m[38;5;86m[HTTP][0m <-- POST /wd/hub/session/9f946045-8c1d-4e5d-b05b-5f87dc1eba25/elements 200 26 ms - 139 
[38;5;201m[9f946045][0m[38;5;86m[HTTP][0m [37m-->[39m [37mGET[39m [37m/wd/hub/session/9f946045-8c1d-4e5d-b05b-5f87dc1eba25/element/00000000-0000-0089-0000-00a200000007/rect[39m {}
[38;5;201m[9f946045][0m[38;5;-112m[AndroidUiautomator2Driver@134c][0m Driver proxy active, passing request on via HTTP proxy
[38;5;201m[9f946045][0m[38;5;-112m[AndroidUiautomator2Driver@134c][0m Replacing sessionId 1ec72384-05b4-4476-9051-b1352d7e6ac0 with 9f946045-8c1d-4e5d-b05b-5f87dc1eba25
[38;5;201m[9f946045][0m[38;5;86m[HTTP][0m <-- GET /wd/hub/session/9f946045-8c1d-4e5d-b05b-5f87dc1eba25/element/00000000-0000-0089-0000-00a200000007/rect 200 4 ms - 104 
[38;5;201m[9f946045][0m[38;5;86m[HTTP][0m [37m-->[39m [37mPOST[39m [37m/wd/hub/session/9f946045-8c1d-4e5d-b05b-5f87dc1eba25/timeouts[39m {"implicit":30000}
[38;5;201m[9f946045][0m[38;5;86m[HTTP][0m <-- POST /wd/hub/session/9f946045-8c1d-4e5d-b05b-5f87dc1eba25/timeouts 200 0 ms - 14 
[38;5;201m[9f946045][0m[38;5;86m[HTTP][0m [37m-->[39m [37mGET[39m [37m/wd/hub/session/9f946045-8c1d-4e5d-b05b-5f87dc1eba25/element/00000000-0000-0089-0000-00a200000007/text[39m {}
[38;5;201m[9f946045][0m[38;5;-112m[AndroidUiautomator2Driver@134c][0m Driver proxy active, passing request on via HTTP proxy
[38;5;201m[9f946045][0m[38;5;-112m[AndroidUiautomator2Driver@134c][0m Replacing sessionId 1ec72384-05b4-4476-9051-b1352d7e6ac0 with 9f946045-8c1d-4e5d-b05b-5f87dc1eba25
[38;5;201m[9f946045][0m[38;5;86m[HTTP][0m <-- GET /wd/hub/session/9f946045-8c1d-4e5d-b05b-5f87dc1eba25/element/00000000-0000-0089-0000-00a200000007/text 200 4 ms - 67 
[38;5;201m[9f946045][0m[38;5;86m[HTTP][0m [37m-->[39m [37mPOST[39m [37m/wd/hub/session/9f946045-8c1d-4e5d-b05b-5f87dc1eba25/timeouts[39m {"implicit":50}
[38;5;201m[9f946045][0m[38;5;86m[HTTP][0m <-- POST /wd/hub/session/9f946045-8c1d-4e5d-b05b-5f87dc1eba25/timeouts 200 0 ms - 14 
[38;5;201m[9f946045][0m[38;5;86m[HTTP][0m [37m-->[39m [37mGET[39m [37m/wd/hub/session/9f946045-8c1d-4e5d-b05b-5f87dc1eba25/window/rect[39m {}
[38;5;201m[9f946045][0m[38;5;86m[HTTP][0m <-- GET /wd/hub/session/9f946045-8c1d-4e5d-b05b-5f87dc1eba25/window/rect 200 2 ms - 50 
[38;5;201m[9f946045][0m[38;5;86m[HTTP][0m [37m-->[39m [37mPOST[39m [37m/wd/hub/session/9f946045-8c1d-4e5d-b05b-5f87dc1eba25/elements[39m {"using":"xpath","value":"//*[@class = 'android.view.View' and (@text = 'Home' or . = 'Home')]"}
[38;5;201m[9f946045][0m[38;5;86m[HTTP][0m <-- POST /wd/hub/session/9f946045-8c1d-4e5d-b05b-5f87dc1eba25/elements 200 25 ms - 139 
[38;5;201m[9f946045][0m[38;5;86m[HTTP][0m [37m-->[39m [37mGET[39m [37m/wd/hub/session/9f946045-8c1d-4e5d-b05b-5f87dc1eba25/element/00000000-0000-0089-0000-00a200000007/rect[39m {}
[38;5;201m[9f946045][0m[38;5;-112m[AndroidUiautomator2Driver@134c][0m Driver proxy active, passing request on via HTTP proxy
[38;5;201m[9f946045][0m[38;5;-112m[AndroidUiautomator2Driver@134c][0m Replacing sessionId 1ec72384-05b4-4476-9051-b1352d7e6ac0 with 9f946045-8c1d-4e5d-b05b-5f87dc1eba25
[38;5;201m[9f946045][0m[38;5;86m[HTTP][0m <-- GET /wd/hub/session/9f946045-8c1d-4e5d-b05b-5f87dc1eba25/element/00000000-0000-0089-0000-00a200000007/rect 200 3 ms - 104 
[38;5;201m[9f946045][0m[38;5;86m[HTTP][0m [37m-->[39m [37mPOST[39m [37m/wd/hub/session/9f946045-8c1d-4e5d-b05b-5f87dc1eba25/timeouts[39m {"implicit":30000}
[38;5;201m[9f946045][0m[38;5;86m[HTTP][0m <-- POST /wd/hub/session/9f946045-8c1d-4e5d-b05b-5f87dc1eba25/timeouts 200 0 ms - 14 
[38;5;201m[9f946045][0m[38;5;86m[HTTP][0m [37m-->[39m [37mPOST[39m [37m/wd/hub/session/9f946045-8c1d-4e5d-b05b-5f87dc1eba25/element/00000000-0000-0089-0000-00a200000007/click[39m {"id":"00000000-0000-0089-0000-00a200000007"}
[38;5;201m[9f946045][0m[38;5;86m[HTTP][0m <-- POST /wd/hub/session/9f946045-8c1d-4e5d-b05b-5f87dc1eba25/element/00000000-0000-0089-0000-00a200000007/click 200 37 ms - 14 
[38;5;201m[9f946045][0m[38;5;86m[HTTP][0m [37m-->[39m [37mPOST[39m [37m/wd/hub/session/9f946045-8c1d-4e5d-b05b-5f87dc1eba25/timeouts[39m {"implicit":50}
[38;5;201m[9f946045][0m[38;5;86m[HTTP][0m <-- POST /wd/hub/session/9f946045-8c1d-4e5d-b05b-5f87dc1eba25/timeouts 200 2 ms - 14 
[38;5;201m[9f946045][0m[38;5;86m[HTTP][0m [37m-->[39m [37mGET[39m [37m/wd/hub/session/9f946045-8c1d-4e5d-b05b-5f87dc1eba25/window/rect[39m {}
[38;5;201m[9f946045][0m[38;5;86m[HTTP][0m <-- GET /wd/hub/session/9f946045-8c1d-4e5d-b05b-5f87dc1eba25/window/rect 200 12 ms - 50 
[38;5;201m[9f946045][0m[38;5;86m[HTTP][0m [37m-->[39m [37mPOST[39m [37m/wd/hub/session/9f946045-8c1d-4e5d-b05b-5f87dc1eba25/elements[39m {"using":"xpath","value":"//*[@class = 'android.widget.Button' and (@text = 'menu' or . = 'menu')]"}
[38;5;201m[9f946045][0m[38;5;86m[HTTP][0m <-- POST /wd/hub/session/9f946045-8c1d-4e5d-b05b-5f87dc1eba25/elements 200 73 ms - 139 
[38;5;201m[9f946045][0m[38;5;86m[HTTP][0m [37m-->[39m [37mGET[39m [37m/wd/hub/session/9f946045-8c1d-4e5d-b05b-5f87dc1eba25/element/00000000-0000-0089-0000-013400000007/rect[39m {}
[38;5;201m[9f946045][0m[38;5;-112m[AndroidUiautomator2Driver@134c][0m Driver proxy active, passing request on via HTTP proxy
[38;5;201m[9f946045][0m[38;5;-112m[AndroidUiautomator2Driver@134c][0m Replacing sessionId 1ec72384-05b4-4476-9051-b1352d7e6ac0 with 9f946045-8c1d-4e5d-b05b-5f87dc1eba25
[38;5;201m[9f946045][0m[38;5;86m[HTTP][0m <-- GET /wd/hub/session/9f946045-8c1d-4e5d-b05b-5f87dc1eba25/element/00000000-0000-0089-0000-013400000007/rect 200 4 ms - 99 
[38;5;201m[9f946045][0m[38;5;86m[HTTP][0m [37m-->[39m [37mPOST[39m [37m/wd/hub/session/9f946045-8c1d-4e5d-b05b-5f87dc1eba25/timeouts[39m {"implicit":30000}
[38;5;201m[9f946045][0m[38;5;86m[HTTP][0m <-- POST /wd/hub/session/9f946045-8c1d-4e5d-b05b-5f87dc1eba25/timeouts 200 0 ms - 14 
[38;5;201m[9f946045][0m[38;5;86m[HTTP][0m [37m-->[39m [37mPOST[39m [37m/wd/hub/session/9f946045-8c1d-4e5d-b05b-5f87dc1eba25/element/00000000-0000-0089-0000-013400000007/click[39m {"id":"00000000-0000-0089-0000-013400000007"}
[38;5;201m[9f946045][0m[38;5;86m[HTTP][0m <-- POST /wd/hub/session/9f946045-8c1d-4e5d-b05b-5f87dc1eba25/element/00000000-0000-0089-0000-013400000007/click 200 34 ms - 14 
[38;5;201m[9f946045][0m[38;5;86m[HTTP][0m [37m-->[39m [37mPOST[39m [37m/wd/hub/session/9f946045-8c1d-4e5d-b05b-5f87dc1eba25/timeouts[39m {"implicit":50}
[38;5;201m[9f946045][0m[38;5;86m[HTTP][0m <-- POST /wd/hub/session/9f946045-8c1d-4e5d-b05b-5f87dc1eba25/timeouts 200 2 ms - 14 
[38;5;201m[9f946045][0m[38;5;86m[HTTP][0m [37m-->[39m [37mGET[39m [37m/wd/hub/session/9f946045-8c1d-4e5d-b05b-5f87dc1eba25/window/rect[39m {}
[38;5;201m[9f946045][0m[38;5;86m[HTTP][0m <-- GET /wd/hub/session/9f946045-8c1d-4e5d-b05b-5f87dc1eba25/window/rect 200 4 ms - 50 
[38;5;201m[9f946045][0m[38;5;86m[HTTP][0m [37m-->[39m [37mPOST[39m [37m/wd/hub/session/9f946045-8c1d-4e5d-b05b-5f87dc1eba25/elements[39m {"using":"xpath","value":"//android.widget.TabWidget[@index='1' and @package='com.westgate.rewrite2']"}
[38;5;201m[9f946045][0m[38;5;86m[HTTP][0m <-- POST /wd/hub/session/9f946045-8c1d-4e5d-b05b-5f87dc1eba25/elements 200 33 ms - 139 
[38;5;201m[9f946045][0m[38;5;86m[HTTP][0m [37m-->[39m [37mGET[39m [37m/wd/hub/session/9f946045-8c1d-4e5d-b05b-5f87dc1eba25/element/00000000-0000-0089-0000-010300000007/rect[39m {}
[38;5;201m[9f946045][0m[38;5;-112m[AndroidUiautomator2Driver@134c][0m Driver proxy active, passing request on via HTTP proxy
[38;5;201m[9f946045][0m[38;5;-112m[AndroidUiautomator2Driver@134c][0m Replacing sessionId 1ec72384-05b4-4476-9051-b1352d7e6ac0 with 9f946045-8c1d-4e5d-b05b-5f87dc1eba25
[38;5;201m[9f946045][0m[38;5;86m[HTTP][0m <-- GET /wd/hub/session/9f946045-8c1d-4e5d-b05b-5f87dc1eba25/element/00000000-0000-0089-0000-010300000007/rect 200 4 ms - 103 
[38;5;201m[9f946045][0m[38;5;86m[HTTP][0m [37m-->[39m [37mPOST[39m [37m/wd/hub/session/9f946045-8c1d-4e5d-b05b-5f87dc1eba25/timeouts[39m {"implicit":30000}
[38;5;201m[9f946045][0m[38;5;86m[HTTP][0m <-- POST /wd/hub/session/9f946045-8c1d-4e5d-b05b-5f87dc1eba25/timeouts 200 0 ms - 14 
[38;5;201m[9f946045][0m[38;5;86m[HTTP][0m [37m-->[39m [37mPOST[39m [37m/wd/hub/session/9f946045-8c1d-4e5d-b05b-5f87dc1eba25/element/00000000-0000-0089-0000-010300000007/click[39m {"id":"00000000-0000-0089-0000-010300000007"}
[38;5;201m[9f946045][0m[38;5;86m[HTTP][0m <-- POST /wd/hub/session/9f946045-8c1d-4e5d-b05b-5f87dc1eba25/element/00000000-0000-0089-0000-010300000007/click 200 34 ms - 14 
[38;5;201m[9f946045][0m[38;5;86m[HTTP][0m [37m-->[39m [37mPOST[39m [37m/wd/hub/session/9f946045-8c1d-4e5d-b05b-5f87dc1eba25/timeouts[39m {"implicit":50}
[38;5;201m[9f946045][0m[38;5;86m[HTTP][0m <-- POST /wd/hub/session/9f946045-8c1d-4e5d-b05b-5f87dc1eba25/timeouts 200 1 ms - 14 
[38;5;201m[9f946045][0m[38;5;86m[HTTP][0m [37m-->[39m [37mGET[39m [37m/wd/hub/session/9f946045-8c1d-4e5d-b05b-5f87dc1eba25/window/rect[39m {}
[38;5;201m[9f946045][0m[38;5;86m[HTTP][0m <-- GET /wd/hub/session/9f946045-8c1d-4e5d-b05b-5f87dc1eba25/window/rect 200 10 ms - 50 
[38;5;201m[9f946045][0m[38;5;86m[HTTP][0m [37m-->[39m [37mPOST[39m [37m/wd/hub/session/9f946045-8c1d-4e5d-b05b-5f87dc1eba25/elements[39m {"using":"xpath","value":"//*[@class = 'android.widget.Button' and (@text = 'Version 2.81.111' or . = 'Version 2.81.111')]"}
[38;5;201m[9f946045][0m[38;5;86m[HTTP][0m <-- POST /wd/hub/session/9f946045-8c1d-4e5d-b05b-5f87dc1eba25/elements 200 49 ms - 139 
[38;5;201m[9f946045][0m[38;5;86m[HTTP][0m [37m-->[39m [37mGET[39m [37m/wd/hub/session/9f946045-8c1d-4e5d-b05b-5f87dc1eba25/element/00000000-0000-0089-0000-027700000007/rect[39m {}
[38;5;201m[9f946045][0m[38;5;-112m[AndroidUiautomator2Driver@134c][0m Driver proxy active, passing request on via HTTP proxy
[38;5;201m[9f946045][0m[38;5;-112m[AndroidUiautomator2Driver@134c][0m Replacing sessionId 1ec72384-05b4-4476-9051-b1352d7e6ac0 with 9f946045-8c1d-4e5d-b05b-5f87dc1eba25
[38;5;201m[9f946045][0m[38;5;86m[HTTP][0m <-- GET /wd/hub/session/9f946045-8c1d-4e5d-b05b-5f87dc1eba25/element/00000000-0000-0089-0000-027700000007/rect 200 5 ms - 102 
[38;5;201m[9f946045][0m[38;5;86m[HTTP][0m [37m-->[39m [37mPOST[39m [37m/wd/hub/session/9f946045-8c1d-4e5d-b05b-5f87dc1eba25/timeouts[39m {"implicit":30000}
[38;5;201m[9f946045][0m[38;5;86m[HTTP][0m <-- POST /wd/hub/session/9f946045-8c1d-4e5d-b05b-5f87dc1eba25/timeouts 200 0 ms - 14 
[38;5;201m[9f946045][0m[38;5;86m[HTTP][0m [37m-->[39m [37mGET[39m [37m/wd/hub/session/9f946045-8c1d-4e5d-b05b-5f87dc1eba25/element/00000000-0000-0089-0000-027700000007/text[39m {}
[38;5;201m[9f946045][0m[38;5;-112m[AndroidUiautomator2Driver@134c][0m Driver proxy active, passing request on via HTTP proxy
[38;5;201m[9f946045][0m[38;5;-112m[AndroidUiautomator2Driver@134c][0m Replacing sessionId 1ec72384-05b4-4476-9051-b1352d7e6ac0 with 9f946045-8c1d-4e5d-b05b-5f87dc1eba25
[38;5;201m[9f946045][0m[38;5;86m[HTTP][0m <-- GET /wd/hub/session/9f946045-8c1d-4e5d-b05b-5f87dc1eba25/element/00000000-0000-0089-0000-027700000007/text 200 4 ms - 79 
[38;5;201m[9f946045][0m[38;5;86m[HTTP][0m [37m-->[39m [37mPOST[39m [37m/wd/hub/session/9f946045-8c1d-4e5d-b05b-5f87dc1eba25/timeouts[39m {"implicit":50}
[38;5;201m[9f946045][0m[38;5;86m[HTTP][0m <-- POST /wd/hub/session/9f946045-8c1d-4e5d-b05b-5f87dc1eba25/timeouts 200 0 ms - 14 
[38;5;201m[9f946045][0m[38;5;86m[HTTP][0m [37m-->[39m [37mGET[39m [37m/wd/hub/session/9f946045-8c1d-4e5d-b05b-5f87dc1eba25/window/rect[39m {}
[38;5;201m[9f946045][0m[38;5;86m[HTTP][0m <-- GET /wd/hub/session/9f946045-8c1d-4e5d-b05b-5f87dc1eba25/window/rect 200 4 ms - 50 
[38;5;201m[9f946045][0m[38;5;86m[HTTP][0m [37m-->[39m [37mPOST[39m [37m/wd/hub/session/9f946045-8c1d-4e5d-b05b-5f87dc1eba25/elements[39m {"using":"xpath","value":"//*[@class = 'android.widget.Button' and (@text = 'Version 2.81.111' or . = 'Version 2.81.111')]"}
[38;5;201m[9f946045][0m[38;5;86m[HTTP][0m <-- POST /wd/hub/session/9f946045-8c1d-4e5d-b05b-5f87dc1eba25/elements 200 27 ms - 139 
[38;5;201m[9f946045][0m[38;5;86m[HTTP][0m [37m-->[39m [37mGET[39m [37m/wd/hub/session/9f946045-8c1d-4e5d-b05b-5f87dc1eba25/element/00000000-0000-0089-0000-027700000007/rect[39m {}
[38;5;201m[9f946045][0m[38;5;-112m[AndroidUiautomator2Driver@134c][0m Driver proxy active, passing request on via HTTP proxy
[38;5;201m[9f946045][0m[38;5;-112m[AndroidUiautomator2Driver@134c][0m Replacing sessionId 1ec72384-05b4-4476-9051-b1352d7e6ac0 with 9f946045-8c1d-4e5d-b05b-5f87dc1eba25
[38;5;201m[9f946045][0m[38;5;86m[HTTP][0m <-- GET /wd/hub/session/9f946045-8c1d-4e5d-b05b-5f87dc1eba25/element/00000000-0000-0089-0000-027700000007/rect 200 4 ms - 102 
[38;5;201m[9f946045][0m[38;5;86m[HTTP][0m [37m-->[39m [37mPOST[39m [37m/wd/hub/session/9f946045-8c1d-4e5d-b05b-5f87dc1eba25/timeouts[39m {"implicit":30000}
[38;5;201m[9f946045][0m[38;5;86m[HTTP][0m <-- POST /wd/hub/session/9f946045-8c1d-4e5d-b05b-5f87dc1eba25/timeouts 200 0 ms - 14 
[38;5;201m[9f946045][0m[38;5;86m[HTTP][0m [37m-->[39m [37mGET[39m [37m/wd/hub/session/9f946045-8c1d-4e5d-b05b-5f87dc1eba25/context[39m {}
[38;5;201m[9f946045][0m[38;5;86m[HTTP][0m <-- GET /wd/hub/session/9f946045-8c1d-4e5d-b05b-5f87dc1eba25/context 200 0 ms - 22 
[38;5;201m[9f946045][0m[38;5;86m[HTTP][0m [37m-->[39m [37mGET[39m [37m/wd/hub/session/9f946045-8c1d-4e5d-b05b-5f87dc1eba25/contexts[39m {}
[38;5;201m[9f946045][0m[38;5;86m[HTTP][0m <-- GET /wd/hub/session/9f946045-8c1d-4e5d-b05b-5f87dc1eba25/contexts 200 135 ms - 41 
[38;5;201m[9f946045][0m[38;5;86m[HTTP][0m [37m-->[39m [37mPOST[39m [37m/wd/hub/session/9f946045-8c1d-4e5d-b05b-5f87dc1eba25/context[39m {"name":"NATIVE_APP"}
[38;5;201m[9f946045][0m[38;5;86m[HTTP][0m <-- POST /wd/hub/session/9f946045-8c1d-4e5d-b05b-5f87dc1eba25/context 200 0 ms - 14 
[38;5;201m[9f946045][0m[38;5;86m[HTTP][0m [37m-->[39m [37mPOST[39m [37m/wd/hub/session/9f946045-8c1d-4e5d-b05b-5f87dc1eba25/execute/sync[39m {"script":"mobile: getCurrentPackage","args":[]}
[38;5;201m[9f946045][0m[38;5;86m[HTTP][0m <-- POST /wd/hub/session/9f946045-8c1d-4e5d-b05b-5f87dc1eba25/execute/sync 200 45 ms - 33 
[38;5;201m[9f946045][0m[38;5;86m[HTTP][0m [37m-->[39m [37mPOST[39m [37m/wd/hub/session/9f946045-8c1d-4e5d-b05b-5f87dc1eba25/execute/sync[39m {"script":"mobile: terminateApp","args":[{"appId":"com.westgate.rewrite2","bundleId":"com.westgate.rewrite2"}]}
[38;5;201m[9f946045][0m[38;5;123m[BaseDriver][0m The following script arguments are not known and will be ignored: bundleId
[38;5;201m[9f946045][0m[38;5;-112m[AndroidUiautomator2Driver@134c][0m Terminating 'com.westgate.rewrite2'
[38;5;201m[9f946045][0m[38;5;-112m[AndroidUiautomator2Driver@134c][0m Querying the state of 'com.westgate.rewrite2'
[38;5;201m[9f946045][0m[38;5;-112m[AndroidUiautomator2Driver@134c][0m 'com.westgate.rewrite2' has been successfully terminated
[38;5;201m[9f946045][0m[38;5;86m[HTTP][0m <-- POST /wd/hub/session/9f946045-8c1d-4e5d-b05b-5f87dc1eba25/execute/sync 200 297 ms - 14 
[38;5;201m[9f946045][0m[38;5;86m[HTTP][0m [37m-->[39m [37mPOST[39m [37m/wd/hub/session/9f946045-8c1d-4e5d-b05b-5f87dc1eba25/context[39m {"name":"NATIVE_APP"}
[38;5;201m[9f946045][0m[38;5;86m[HTTP][0m <-- POST /wd/hub/session/9f946045-8c1d-4e5d-b05b-5f87dc1eba25/context 200 0 ms - 14 
[38;5;201m[9f946045][0m[38;5;86m[HTTP][0m [37m-->[39m [37mDELETE[39m [37m/wd/hub/session/9f946045-8c1d-4e5d-b05b-5f87dc1eba25[39m {}
[38;5;201m[9f946045][0m[38;5;166m[AppiumDriver@d5ba][0m Removing session 9f946045-8c1d-4e5d-b05b-5f87dc1eba25 from our master session list
[38;5;201m[9f946045][0m[38;5;229m[ADB][0m com.westgate.rewrite2 was successfully uninstalled
[38;5;201m[9f946045][0m[38;5;-112m[AndroidUiautomator2Driver@134c][0m Restoring hidden api policy to the device default configuration
[38;5;201m[9f946045][0m[38;5;86m[HTTP][0m <-- DELETE /wd/hub/session/9f946045-8c1d-4e5d-b05b-5f87dc1eba25 200 913 ms - 14 
[38;5;112m[Appium][0m Received SIGTERM - shutting down
[38;5;86m[HTTP][0m Closing Appium HTTP server
[38;5;86m[HTTP][0m Appium HTTP server has been succesfully closed after 0ms
