[38;5;112m[Appium][0m Welcome to Appium v2.17.1 (REV f1041842141f20bc701b522d4371d7843d905580)
[38;5;112m[Appium][0m Non-default server args:
[38;5;112m[Appium][0m { basePath: [32m'/wd/hub'[39m, loglevel: [32m'info'[39m, port: [33m63049[39m }
[38;5;112m[Appium][0m Attempting to load driver uiautomator2...
[38;5;112m[Appium][0m Appium REST http interface listener started on http://0.0.0.0:63049/wd/hub
[38;5;112m[Appium][0m You can provide the following URLs in your client code to connect to this server:
	http://127.0.0.1:63049/wd/hub (only accessible from the same host)
	http://192.168.0.101:63049/wd/hub
[38;5;112m[Appium][0m Available drivers:
[38;5;112m[Appium][0m   - uiautomator2@4.1.5 (automationName 'UiAutomator2')
[38;5;112m[Appium][0m No plugins have been installed. Use the "appium plugin" command to install the one(s) you want to use.
[38;5;86m[HTTP][0m [37m-->[39m [37mGET[39m [37m/wd/hub/status[39m {}
[38;5;86m[HTTP][0m <-- GET /wd/hub/status 200 5 ms - 200 
[38;5;86m[HTTP][0m [37m-->[39m [37mPOST[39m [37m/wd/hub/session[39m {"capabilities":{"firstMatch":[{"appium:app":"/Users/gv.vignesh/Downloads/WGR-Android-Automation/App Folder/universal.apk","appium:autoGrantPermissions":true,"appium:automationName":"uiautomator2","appium:deviceId":"","appium:deviceName":"Xiaomi 23028RNCAI (Android 13)","appium:fullReset":true,"appium:newCommandTimeout":1800,"appium:noReset":false,"appium:platformName":"ANDROID","appium:platformVersion":"13","appium:systemPort":63047,"appium:udid":"adb-SSONG6OZCQQ8R49T-aGsPn3._adb-tls-connect._tcp","platformName":"ANDROID"}]},"desiredCapabilities":{"appium:app":"/Users/gv.vignesh/Downloads/WGR-Android-Automation/App Folder/universal.apk","appium:autoGrantPermissions":true,"appium:automationName":"uiautomator2","appium:deviceId":"","appium:deviceName":"Xiaomi 23028RNCAI (Android 13)","appium:fullReset":true,"appium:newCommandTimeout":1800,"appium:noReset":false,"appium:platformName":"ANDROID","appium:platformVersion":"13","appium:systemPort":63047,"appium:udid":"adb-SSONG6OZCQQ8R49T-aGsPn3._adb-tls-connect....
[38;5;123m[BaseDriver][0m Ignoring capability 'appium:platformName=ANDROID' and using capability 'platformName=ANDROID'
[38;5;123m[BaseDriver][0m The capabilities ["platformName"] are standard capabilities and do not require "appium:" prefix
[38;5;112m[Appium][0m Attempting to find matching driver for automationName 'uiautomator2' and platformName 'ANDROID'
[38;5;112m[Appium][0m The 'uiautomator2' driver was installed and matched caps.
[38;5;112m[Appium][0m Will require it at /Users/gv.vignesh/.appium/node_modules/appium-uiautomator2-driver
[38;5;127m[AppiumDriver@f8dc][0m Appium v2.17.1 creating new AndroidUiautomator2Driver (v4.1.5) session
[38;5;127m[AppiumDriver@f8dc][0m Checking BaseDriver versions for Appium and AndroidUiautomator2Driver
[38;5;127m[AppiumDriver@f8dc][0m Appium's BaseDriver version is 9.16.4
[38;5;127m[AppiumDriver@f8dc][0m AndroidUiautomator2Driver's BaseDriver version is 9.16.4
[38;5;-51m[AndroidUiautomator2Driver@83bc][0m The following provided capabilities were not recognized by this driver:
[38;5;-51m[AndroidUiautomator2Driver@83bc][0m   deviceId
[38;5;78m[460ed1c1][0m[38;5;-51m[AndroidUiautomator2Driver@83bc][0m Session created with session id: 460ed1c1-0cb2-4a60-a41a-6ae0b9117af1
[38;5;78m[460ed1c1][0m[38;5;229m[ADB][0m Found 1 'build-tools' folders under '/Users/gv.vignesh/.katalon/tools/android_sdk' (newest first):
[38;5;78m[460ed1c1][0m[38;5;229m[ADB][0m     /Users/gv.vignesh/.katalon/tools/android_sdk/build-tools/29.0.3
[38;5;78m[460ed1c1][0m[38;5;229m[ADB][0m Using 'adb' from '/Users/gv.vignesh/.katalon/tools/android_sdk/platform-tools/adb'
[38;5;78m[460ed1c1][0m[38;5;-51m[AndroidUiautomator2Driver@83bc][0m Retrieving device list
[38;5;78m[460ed1c1][0m[38;5;-51m[AndroidUiautomator2Driver@83bc][0m Using device: adb-SSONG6OZCQQ8R49T-aGsPn3._adb-tls-connect._tcp
[38;5;78m[460ed1c1][0m[38;5;229m[ADB][0m Using 'adb' from '/Users/gv.vignesh/.katalon/tools/android_sdk/platform-tools/adb'
[38;5;78m[460ed1c1][0m[38;5;123m[BaseDriver][0m Using local app '/Users/gv.vignesh/Downloads/WGR-Android-Automation/App Folder/universal.apk'
[38;5;78m[460ed1c1][0m[38;5;229m[ADB][0m Getting device platform version
[38;5;78m[460ed1c1][0m[38;5;-51m[AndroidUiautomator2Driver@83bc][0m Relaxing hidden api policy
[38;5;78m[460ed1c1][0m[38;5;229m[ADB][0m Using 'aapt2' from '/Users/gv.vignesh/.katalon/tools/android_sdk/build-tools/29.0.3/aapt2'
[38;5;78m[460ed1c1][0m[38;5;229m[ADB][0m Package name: 'com.westgate.rewrite2'
[38;5;78m[460ed1c1][0m[38;5;229m[ADB][0m Main activity name: 'com.westgate.rewrite2.MainActivity'
[38;5;78m[460ed1c1][0m[38;5;229m[ADB][0m Using 'apksigner.jar' from '/Users/gv.vignesh/.katalon/tools/android_sdk/build-tools/29.0.3/lib/apksigner.jar'
[38;5;78m[460ed1c1][0m[38;5;-51m[AndroidUiautomator2Driver@83bc][0m Server packages are not going to be (re)installed
[38;5;78m[460ed1c1][0m[38;5;229m[ADB][0m Adding packages ["io.appium.settings","io.appium.uiautomator2.server","io.appium.uiautomator2.server.test"] to Doze whitelist
[38;5;78m[460ed1c1][0m[38;5;229m[ADB][0m '/Users/gv.vignesh/Downloads/WGR-Android-Automation/App Folder/universal.apk' is signed with a non-default certificate
[38;5;78m[460ed1c1][0m[38;5;229m[ADB][0m com.westgate.rewrite2 was not uninstalled, because it was not present on the device
[38;5;78m[460ed1c1][0m[38;5;229m[ADB][0m The application at '/Users/gv.vignesh/Downloads/WGR-Android-Automation/App Folder/universal.apk' will not be cached, because the device under test has confirmed the support of streamed installs
[38;5;78m[460ed1c1][0m[38;5;-51m[AndroidUiautomator2Driver@83bc][0m Did not get the confirmation of UiAutomator2 server session deletion. Original error: An unknown server-side error occurred while processing the command. Original error: Session ID is not set, but saw a URL that requires it (/)
[38;5;78m[460ed1c1][0m[38;5;229m[ADB][0m com.westgate.rewrite2 was not uninstalled, because it was not present on the device
[38;5;78m[460ed1c1][0m[38;5;-51m[AndroidUiautomator2Driver@83bc][0m Restoring hidden api policy to the device default configuration
[38;5;78m[460ed1c1][0m[38;5;86m[HTTP][0m <-- POST /wd/hub/session 500 95705 ms - 1294 
[38;5;86m[HTTP][0m [37m-->[39m [37mGET[39m [37m/wd/hub/status[39m {}
[38;5;86m[HTTP][0m <-- GET /wd/hub/status 200 1 ms - 200 
[38;5;86m[HTTP][0m [37m-->[39m [37mPOST[39m [37m/wd/hub/session[39m {"capabilities":{"firstMatch":[{"appium:app":"/Users/gv.vignesh/Downloads/WGR-Android-Automation/App Folder/universal.apk","appium:autoGrantPermissions":true,"appium:automationName":"uiautomator2","appium:deviceId":"","appium:deviceName":"Xiaomi 23028RNCAI (Android 13)","appium:fullReset":true,"appium:newCommandTimeout":1800,"appium:noReset":false,"appium:platformName":"ANDROID","appium:platformVersion":"13","appium:systemPort":63155,"appium:udid":"adb-SSONG6OZCQQ8R49T-aGsPn3._adb-tls-connect._tcp","platformName":"ANDROID"}]},"desiredCapabilities":{"appium:app":"/Users/gv.vignesh/Downloads/WGR-Android-Automation/App Folder/universal.apk","appium:autoGrantPermissions":true,"appium:automationName":"uiautomator2","appium:deviceId":"","appium:deviceName":"Xiaomi 23028RNCAI (Android 13)","appium:fullReset":true,"appium:newCommandTimeout":1800,"appium:noReset":false,"appium:platformName":"ANDROID","appium:platformVersion":"13","appium:systemPort":63155,"appium:udid":"adb-SSONG6OZCQQ8R49T-aGsPn3._adb-tls-connect....
[38;5;123m[BaseDriver][0m Ignoring capability 'appium:platformName=ANDROID' and using capability 'platformName=ANDROID'
[38;5;123m[BaseDriver][0m The capabilities ["platformName"] are standard capabilities and do not require "appium:" prefix
[38;5;112m[Appium][0m Attempting to find matching driver for automationName 'uiautomator2' and platformName 'ANDROID'
[38;5;112m[Appium][0m The 'uiautomator2' driver was installed and matched caps.
[38;5;112m[Appium][0m Will require it at /Users/gv.vignesh/.appium/node_modules/appium-uiautomator2-driver
[38;5;127m[AppiumDriver@f8dc][0m Appium v2.17.1 creating new AndroidUiautomator2Driver (v4.1.5) session
[38;5;127m[AppiumDriver@f8dc][0m Checking BaseDriver versions for Appium and AndroidUiautomator2Driver
[38;5;127m[AppiumDriver@f8dc][0m Appium's BaseDriver version is 9.16.4
[38;5;127m[AppiumDriver@f8dc][0m AndroidUiautomator2Driver's BaseDriver version is 9.16.4
[38;5;5m[AndroidUiautomator2Driver@cbfe][0m The following provided capabilities were not recognized by this driver:
[38;5;5m[AndroidUiautomator2Driver@cbfe][0m   deviceId
[38;5;191m[7aadb0e1][0m[38;5;5m[AndroidUiautomator2Driver@cbfe][0m Session created with session id: 7aadb0e1-9cf7-470e-bc52-a0ac5fc9a396
[38;5;191m[7aadb0e1][0m[38;5;229m[ADB][0m Using 'adb' from '/Users/gv.vignesh/.katalon/tools/android_sdk/platform-tools/adb'
[38;5;191m[7aadb0e1][0m[38;5;5m[AndroidUiautomator2Driver@cbfe][0m Retrieving device list
[38;5;191m[7aadb0e1][0m[38;5;5m[AndroidUiautomator2Driver@cbfe][0m Using device: adb-SSONG6OZCQQ8R49T-aGsPn3._adb-tls-connect._tcp
[38;5;191m[7aadb0e1][0m[38;5;229m[ADB][0m Using 'adb' from '/Users/gv.vignesh/.katalon/tools/android_sdk/platform-tools/adb'
[38;5;191m[7aadb0e1][0m[38;5;123m[BaseDriver][0m Using local app '/Users/gv.vignesh/Downloads/WGR-Android-Automation/App Folder/universal.apk'
[38;5;191m[7aadb0e1][0m[38;5;229m[ADB][0m Getting device platform version
[38;5;191m[7aadb0e1][0m[38;5;5m[AndroidUiautomator2Driver@cbfe][0m Relaxing hidden api policy
[38;5;191m[7aadb0e1][0m[38;5;229m[ADB][0m Using 'aapt2' from '/Users/gv.vignesh/.katalon/tools/android_sdk/build-tools/29.0.3/aapt2'
[38;5;191m[7aadb0e1][0m[38;5;229m[ADB][0m Package name: 'com.westgate.rewrite2'
[38;5;191m[7aadb0e1][0m[38;5;229m[ADB][0m Main activity name: 'com.westgate.rewrite2.MainActivity'
[38;5;191m[7aadb0e1][0m[38;5;5m[AndroidUiautomator2Driver@cbfe][0m Server packages are not going to be (re)installed
[38;5;191m[7aadb0e1][0m[38;5;229m[ADB][0m com.westgate.rewrite2 was not uninstalled, because it was not present on the device
[38;5;191m[7aadb0e1][0m[38;5;229m[ADB][0m Adding packages ["io.appium.settings","io.appium.uiautomator2.server","io.appium.uiautomator2.server.test"] to Doze whitelist
[38;5;191m[7aadb0e1][0m[38;5;229m[ADB][0m The application at '/Users/gv.vignesh/Downloads/WGR-Android-Automation/App Folder/universal.apk' will not be cached, because the device under test has confirmed the support of streamed installs
[38;5;191m[7aadb0e1][0m[38;5;5m[AndroidUiautomator2Driver@cbfe][0m Did not get the confirmation of UiAutomator2 server session deletion. Original error: An unknown server-side error occurred while processing the command. Original error: Session ID is not set, but saw a URL that requires it (/)
[38;5;191m[7aadb0e1][0m[38;5;229m[ADB][0m com.westgate.rewrite2 was not uninstalled, because it was not present on the device
[38;5;191m[7aadb0e1][0m[38;5;5m[AndroidUiautomator2Driver@cbfe][0m Restoring hidden api policy to the device default configuration
[38;5;191m[7aadb0e1][0m[38;5;86m[HTTP][0m <-- POST /wd/hub/session 500 92357 ms - 1294 
[38;5;86m[HTTP][0m [37m-->[39m [37mGET[39m [37m/wd/hub/status[39m {}
[38;5;86m[HTTP][0m <-- GET /wd/hub/status 200 1 ms - 200 
[38;5;86m[HTTP][0m [37m-->[39m [37mPOST[39m [37m/wd/hub/session[39m {"capabilities":{"firstMatch":[{"appium:app":"/Users/gv.vignesh/Downloads/WGR-Android-Automation/App Folder/universal.apk","appium:autoGrantPermissions":true,"appium:automationName":"uiautomator2","appium:deviceId":"","appium:deviceName":"Xiaomi 23028RNCAI (Android 13)","appium:fullReset":true,"appium:newCommandTimeout":1800,"appium:noReset":false,"appium:platformName":"ANDROID","appium:platformVersion":"13","appium:systemPort":63272,"appium:udid":"adb-SSONG6OZCQQ8R49T-aGsPn3._adb-tls-connect._tcp","platformName":"ANDROID"}]},"desiredCapabilities":{"appium:app":"/Users/gv.vignesh/Downloads/WGR-Android-Automation/App Folder/universal.apk","appium:autoGrantPermissions":true,"appium:automationName":"uiautomator2","appium:deviceId":"","appium:deviceName":"Xiaomi 23028RNCAI (Android 13)","appium:fullReset":true,"appium:newCommandTimeout":1800,"appium:noReset":false,"appium:platformName":"ANDROID","appium:platformVersion":"13","appium:systemPort":63272,"appium:udid":"adb-SSONG6OZCQQ8R49T-aGsPn3._adb-tls-connect....
[38;5;123m[BaseDriver][0m Ignoring capability 'appium:platformName=ANDROID' and using capability 'platformName=ANDROID'
[38;5;123m[BaseDriver][0m The capabilities ["platformName"] are standard capabilities and do not require "appium:" prefix
[38;5;112m[Appium][0m Attempting to find matching driver for automationName 'uiautomator2' and platformName 'ANDROID'
[38;5;112m[Appium][0m The 'uiautomator2' driver was installed and matched caps.
[38;5;112m[Appium][0m Will require it at /Users/gv.vignesh/.appium/node_modules/appium-uiautomator2-driver
[38;5;127m[AppiumDriver@f8dc][0m Appium v2.17.1 creating new AndroidUiautomator2Driver (v4.1.5) session
[38;5;127m[AppiumDriver@f8dc][0m Checking BaseDriver versions for Appium and AndroidUiautomator2Driver
[38;5;127m[AppiumDriver@f8dc][0m Appium's BaseDriver version is 9.16.4
[38;5;127m[AppiumDriver@f8dc][0m AndroidUiautomator2Driver's BaseDriver version is 9.16.4
[38;5;-81m[AndroidUiautomator2Driver@17bd][0m The following provided capabilities were not recognized by this driver:
[38;5;-81m[AndroidUiautomator2Driver@17bd][0m   deviceId
[38;5;149m[35b8774e][0m[38;5;-81m[AndroidUiautomator2Driver@17bd][0m Session created with session id: 35b8774e-562a-498b-ad47-6ae90ec664da
[38;5;149m[35b8774e][0m[38;5;229m[ADB][0m Using 'adb' from '/Users/gv.vignesh/.katalon/tools/android_sdk/platform-tools/adb'
[38;5;149m[35b8774e][0m[38;5;-81m[AndroidUiautomator2Driver@17bd][0m Retrieving device list
[38;5;149m[35b8774e][0m[38;5;-81m[AndroidUiautomator2Driver@17bd][0m Using device: adb-SSONG6OZCQQ8R49T-aGsPn3._adb-tls-connect._tcp
[38;5;149m[35b8774e][0m[38;5;229m[ADB][0m Using 'adb' from '/Users/gv.vignesh/.katalon/tools/android_sdk/platform-tools/adb'
[38;5;149m[35b8774e][0m[38;5;123m[BaseDriver][0m Using local app '/Users/gv.vignesh/Downloads/WGR-Android-Automation/App Folder/universal.apk'
[38;5;149m[35b8774e][0m[38;5;229m[ADB][0m Getting device platform version
[38;5;149m[35b8774e][0m[38;5;-81m[AndroidUiautomator2Driver@17bd][0m Relaxing hidden api policy
[38;5;149m[35b8774e][0m[38;5;229m[ADB][0m Using 'aapt2' from '/Users/gv.vignesh/.katalon/tools/android_sdk/build-tools/29.0.3/aapt2'
[38;5;149m[35b8774e][0m[38;5;229m[ADB][0m Package name: 'com.westgate.rewrite2'
[38;5;149m[35b8774e][0m[38;5;229m[ADB][0m Main activity name: 'com.westgate.rewrite2.MainActivity'
[38;5;149m[35b8774e][0m[38;5;-81m[AndroidUiautomator2Driver@17bd][0m Server packages are not going to be (re)installed
[38;5;149m[35b8774e][0m[38;5;229m[ADB][0m Adding packages ["io.appium.settings","io.appium.uiautomator2.server","io.appium.uiautomator2.server.test"] to Doze whitelist
[38;5;149m[35b8774e][0m[38;5;229m[ADB][0m com.westgate.rewrite2 was successfully uninstalled
[38;5;149m[35b8774e][0m[38;5;229m[ADB][0m The application at '/Users/gv.vignesh/Downloads/WGR-Android-Automation/App Folder/universal.apk' will not be cached, because the device under test has confirmed the support of streamed installs
[38;5;149m[35b8774e][0m[38;5;-81m[AndroidUiautomator2Driver@17bd][0m Did not get the confirmation of UiAutomator2 server session deletion. Original error: An unknown server-side error occurred while processing the command. Original error: Session ID is not set, but saw a URL that requires it (/)
[38;5;149m[35b8774e][0m[38;5;229m[ADB][0m com.westgate.rewrite2 was not uninstalled, because it was not present on the device
[38;5;149m[35b8774e][0m[38;5;-81m[AndroidUiautomator2Driver@17bd][0m Restoring hidden api policy to the device default configuration
[38;5;149m[35b8774e][0m[38;5;86m[HTTP][0m <-- POST /wd/hub/session 500 94596 ms - 1294 
[38;5;86m[HTTP][0m [37m-->[39m [37mGET[39m [37m/wd/hub/status[39m {}
[38;5;86m[HTTP][0m <-- GET /wd/hub/status 200 1 ms - 200 
[38;5;86m[HTTP][0m [37m-->[39m [37mPOST[39m [37m/wd/hub/session[39m {"capabilities":{"firstMatch":[{"appium:app":"/Users/gv.vignesh/Downloads/WGR-Android-Automation/App Folder/universal.apk","appium:autoGrantPermissions":true,"appium:automationName":"uiautomator2","appium:deviceId":"","appium:deviceName":"Xiaomi 23028RNCAI (Android 13)","appium:fullReset":true,"appium:newCommandTimeout":1800,"appium:noReset":false,"appium:platformName":"ANDROID","appium:platformVersion":"13","appium:systemPort":63373,"appium:udid":"adb-SSONG6OZCQQ8R49T-aGsPn3._adb-tls-connect._tcp","platformName":"ANDROID"}]},"desiredCapabilities":{"appium:app":"/Users/gv.vignesh/Downloads/WGR-Android-Automation/App Folder/universal.apk","appium:autoGrantPermissions":true,"appium:automationName":"uiautomator2","appium:deviceId":"","appium:deviceName":"Xiaomi 23028RNCAI (Android 13)","appium:fullReset":true,"appium:newCommandTimeout":1800,"appium:noReset":false,"appium:platformName":"ANDROID","appium:platformVersion":"13","appium:systemPort":63373,"appium:udid":"adb-SSONG6OZCQQ8R49T-aGsPn3._adb-tls-connect....
[38;5;123m[BaseDriver][0m Ignoring capability 'appium:platformName=ANDROID' and using capability 'platformName=ANDROID'
[38;5;123m[BaseDriver][0m The capabilities ["platformName"] are standard capabilities and do not require "appium:" prefix
[38;5;112m[Appium][0m Attempting to find matching driver for automationName 'uiautomator2' and platformName 'ANDROID'
[38;5;112m[Appium][0m The 'uiautomator2' driver was installed and matched caps.
[38;5;112m[Appium][0m Will require it at /Users/gv.vignesh/.appium/node_modules/appium-uiautomator2-driver
[38;5;127m[AppiumDriver@f8dc][0m Appium v2.17.1 creating new AndroidUiautomator2Driver (v4.1.5) session
[38;5;127m[AppiumDriver@f8dc][0m Checking BaseDriver versions for Appium and AndroidUiautomator2Driver
[38;5;127m[AppiumDriver@f8dc][0m Appium's BaseDriver version is 9.16.4
[38;5;127m[AppiumDriver@f8dc][0m AndroidUiautomator2Driver's BaseDriver version is 9.16.4
[38;5;-101m[AndroidUiautomator2Driver@2ae2][0m The following provided capabilities were not recognized by this driver:
[38;5;-101m[AndroidUiautomator2Driver@2ae2][0m   deviceId
[38;5;181m[fb61e052][0m[38;5;-101m[AndroidUiautomator2Driver@2ae2][0m Session created with session id: fb61e052-822b-4a75-9a0a-d9438debc0c2
[38;5;181m[fb61e052][0m[38;5;229m[ADB][0m Using 'adb' from '/Users/gv.vignesh/.katalon/tools/android_sdk/platform-tools/adb'
[38;5;181m[fb61e052][0m[38;5;-101m[AndroidUiautomator2Driver@2ae2][0m Retrieving device list
[38;5;181m[fb61e052][0m[38;5;-101m[AndroidUiautomator2Driver@2ae2][0m Using device: adb-SSONG6OZCQQ8R49T-aGsPn3._adb-tls-connect._tcp
[38;5;181m[fb61e052][0m[38;5;229m[ADB][0m Using 'adb' from '/Users/gv.vignesh/.katalon/tools/android_sdk/platform-tools/adb'
[38;5;181m[fb61e052][0m[38;5;123m[BaseDriver][0m Using local app '/Users/gv.vignesh/Downloads/WGR-Android-Automation/App Folder/universal.apk'
[38;5;181m[fb61e052][0m[38;5;229m[ADB][0m Getting device platform version
[38;5;181m[fb61e052][0m[38;5;-101m[AndroidUiautomator2Driver@2ae2][0m Relaxing hidden api policy
[38;5;181m[fb61e052][0m[38;5;229m[ADB][0m Using 'aapt2' from '/Users/gv.vignesh/.katalon/tools/android_sdk/build-tools/29.0.3/aapt2'
[38;5;181m[fb61e052][0m[38;5;229m[ADB][0m Package name: 'com.westgate.rewrite2'
[38;5;181m[fb61e052][0m[38;5;229m[ADB][0m Main activity name: 'com.westgate.rewrite2.MainActivity'
[38;5;181m[fb61e052][0m[38;5;229m[ADB][0m com.westgate.rewrite2 was not uninstalled, because it was not present on the device
[38;5;181m[fb61e052][0m[38;5;-101m[AndroidUiautomator2Driver@2ae2][0m Server packages are not going to be (re)installed
[38;5;181m[fb61e052][0m[38;5;229m[ADB][0m Adding packages ["io.appium.settings","io.appium.uiautomator2.server","io.appium.uiautomator2.server.test"] to Doze whitelist
[38;5;181m[fb61e052][0m[38;5;229m[ADB][0m The application at '/Users/gv.vignesh/Downloads/WGR-Android-Automation/App Folder/universal.apk' will not be cached, because the device under test has confirmed the support of streamed installs
[38;5;181m[fb61e052][0m[38;5;229m[ADB][0m The installation of 'universal.apk' took 86578ms
[38;5;181m[fb61e052][0m[38;5;-101m[AndroidUiautomator2Driver@2ae2][0m Starting UIAutomator2 server 7.3.0
[38;5;181m[fb61e052][0m[38;5;-101m[AndroidUiautomator2Driver@2ae2][0m Using UIAutomator2 server from '/Users/gv.vignesh/.appium/node_modules/appium-uiautomator2-driver/node_modules/appium-uiautomator2-server/apks/appium-uiautomator2-server-v7.3.0.apk' and test from '/Users/gv.vignesh/.appium/node_modules/appium-uiautomator2-driver/node_modules/appium-uiautomator2-server/apks/appium-uiautomator2-server-debug-androidTest.apk'
[38;5;181m[fb61e052][0m[38;5;-101m[AndroidUiautomator2Driver@2ae2][0m Waiting up to 30000ms for UiAutomator2 to be online...
[38;5;181m[fb61e052][0m[38;5;-101m[AndroidUiautomator2Driver@2ae2][0m socket hang up
[38;5;181m[fb61e052][0m[38;5;-101m[AndroidUiautomator2Driver@2ae2][0m socket hang up
[38;5;181m[fb61e052][0m[38;5;-101m[AndroidUiautomator2Driver@2ae2][0m socket hang up
[38;5;181m[fb61e052][0m[38;5;-101m[AndroidUiautomator2Driver@2ae2][0m Determined the downstream protocol as 'W3C'
[38;5;181m[fb61e052][0m[38;5;-101m[AndroidUiautomator2Driver@2ae2][0m Screen already unlocked, doing nothing
[38;5;181m[fb61e052][0m[38;5;-101m[AndroidUiautomator2Driver@2ae2][0m Starting 'com.westgate.rewrite2/com.westgate.rewrite2.MainActivity' and waiting for 'com.westgate.rewrite2/com.westgate.rewrite2.MainActivity'
[38;5;181m[fb61e052][0m[38;5;127m[AppiumDriver@f8dc][0m New AndroidUiautomator2Driver session created successfully, session fb61e052-822b-4a75-9a0a-d9438debc0c2 added to master session list
[38;5;181m[fb61e052][0m[38;5;86m[HTTP][0m <-- POST /wd/hub/session 200 94604 ms - 1463 
[38;5;86m[HTTP][0m [37m-->[39m [37mGET[39m [37m/wd/hub/status[39m {}
[38;5;86m[HTTP][0m <-- GET /wd/hub/status 200 2 ms - 200 
[38;5;181m[fb61e052][0m[38;5;86m[HTTP][0m [37m-->[39m [37mPOST[39m [37m/wd/hub/session/fb61e052-822b-4a75-9a0a-d9438debc0c2/timeouts[39m {"implicit":30000}
[38;5;181m[fb61e052][0m[38;5;86m[HTTP][0m <-- POST /wd/hub/session/fb61e052-822b-4a75-9a0a-d9438debc0c2/timeouts 200 2 ms - 14 
[38;5;181m[fb61e052][0m[38;5;86m[HTTP][0m [37m-->[39m [37mPOST[39m [37m/wd/hub/session/fb61e052-822b-4a75-9a0a-d9438debc0c2/execute/sync[39m {"args":[],"script":"mobile: getSystemBars"}
[38;5;181m[fb61e052][0m[38;5;86m[HTTP][0m <-- POST /wd/hub/session/fb61e052-822b-4a75-9a0a-d9438debc0c2/execute/sync 200 238 ms - 148 
[38;5;181m[fb61e052][0m[38;5;86m[HTTP][0m [37m-->[39m [37mPOST[39m [37m/wd/hub/session/fb61e052-822b-4a75-9a0a-d9438debc0c2/timeouts[39m {"implicit":50}
[38;5;181m[fb61e052][0m[38;5;86m[HTTP][0m <-- POST /wd/hub/session/fb61e052-822b-4a75-9a0a-d9438debc0c2/timeouts 200 2 ms - 14 
[38;5;181m[fb61e052][0m[38;5;86m[HTTP][0m [37m-->[39m [37mGET[39m [37m/wd/hub/session/fb61e052-822b-4a75-9a0a-d9438debc0c2/window/rect[39m {}
[38;5;181m[fb61e052][0m[38;5;86m[HTTP][0m <-- GET /wd/hub/session/fb61e052-822b-4a75-9a0a-d9438debc0c2/window/rect 200 47 ms - 49 
[38;5;181m[fb61e052][0m[38;5;86m[HTTP][0m [37m-->[39m [37mPOST[39m [37m/wd/hub/session/fb61e052-822b-4a75-9a0a-d9438debc0c2/elements[39m {"using":"xpath","value":"//*[@class = 'android.widget.Button' and (@text = 'Login or Sign Up' or . = 'Login or Sign Up')]"}
[38;5;181m[fb61e052][0m[38;5;86m[HTTP][0m <-- POST /wd/hub/session/fb61e052-822b-4a75-9a0a-d9438debc0c2/elements 200 1744 ms - 139 
[38;5;181m[fb61e052][0m[38;5;86m[HTTP][0m [37m-->[39m [37mGET[39m [37m/wd/hub/session/fb61e052-822b-4a75-9a0a-d9438debc0c2/element/00000000-0000-00d1-0000-00b300000007/rect[39m {}
[38;5;181m[fb61e052][0m[38;5;-101m[AndroidUiautomator2Driver@2ae2][0m Driver proxy active, passing request on via HTTP proxy
[38;5;181m[fb61e052][0m[38;5;-101m[AndroidUiautomator2Driver@2ae2][0m Replacing sessionId 18f50c1f-a076-4074-9bb3-17f17bbe8da8 with fb61e052-822b-4a75-9a0a-d9438debc0c2
[38;5;181m[fb61e052][0m[38;5;86m[HTTP][0m <-- GET /wd/hub/session/fb61e052-822b-4a75-9a0a-d9438debc0c2/element/00000000-0000-00d1-0000-00b300000007/rect 200 63 ms - 102 
[38;5;181m[fb61e052][0m[38;5;86m[HTTP][0m [37m-->[39m [37mPOST[39m [37m/wd/hub/session/fb61e052-822b-4a75-9a0a-d9438debc0c2/timeouts[39m {"implicit":30000}
[38;5;181m[fb61e052][0m[38;5;86m[HTTP][0m <-- POST /wd/hub/session/fb61e052-822b-4a75-9a0a-d9438debc0c2/timeouts 200 1 ms - 14 
[38;5;181m[fb61e052][0m[38;5;86m[HTTP][0m [37m-->[39m [37mPOST[39m [37m/wd/hub/session/fb61e052-822b-4a75-9a0a-d9438debc0c2/element/00000000-0000-00d1-0000-00b300000007/click[39m {"id":"00000000-0000-00d1-0000-00b300000007"}
[38;5;181m[fb61e052][0m[38;5;86m[HTTP][0m <-- POST /wd/hub/session/fb61e052-822b-4a75-9a0a-d9438debc0c2/element/00000000-0000-00d1-0000-00b300000007/click 200 115 ms - 14 
[38;5;181m[fb61e052][0m[38;5;86m[HTTP][0m [37m-->[39m [37mPOST[39m [37m/wd/hub/session/fb61e052-822b-4a75-9a0a-d9438debc0c2/timeouts[39m {"implicit":50}
[38;5;181m[fb61e052][0m[38;5;86m[HTTP][0m <-- POST /wd/hub/session/fb61e052-822b-4a75-9a0a-d9438debc0c2/timeouts 200 2 ms - 14 
[38;5;181m[fb61e052][0m[38;5;86m[HTTP][0m [37m-->[39m [37mGET[39m [37m/wd/hub/session/fb61e052-822b-4a75-9a0a-d9438debc0c2/window/rect[39m {}
[38;5;181m[fb61e052][0m[38;5;86m[HTTP][0m <-- GET /wd/hub/session/fb61e052-822b-4a75-9a0a-d9438debc0c2/window/rect 200 49 ms - 49 
[38;5;181m[fb61e052][0m[38;5;86m[HTTP][0m [37m-->[39m [37mPOST[39m [37m/wd/hub/session/fb61e052-822b-4a75-9a0a-d9438debc0c2/elements[39m {"using":"xpath","value":"//*[@class = 'android.widget.EditText' and (@text = '' or . = '')]"}
[38;5;181m[fb61e052][0m[38;5;86m[HTTP][0m <-- POST /wd/hub/session/fb61e052-822b-4a75-9a0a-d9438debc0c2/elements 200 917 ms - 139 
[38;5;181m[fb61e052][0m[38;5;86m[HTTP][0m [37m-->[39m [37mGET[39m [37m/wd/hub/session/fb61e052-822b-4a75-9a0a-d9438debc0c2/element/00000000-0000-00d1-0000-00e900000007/rect[39m {}
[38;5;181m[fb61e052][0m[38;5;-101m[AndroidUiautomator2Driver@2ae2][0m Driver proxy active, passing request on via HTTP proxy
[38;5;181m[fb61e052][0m[38;5;-101m[AndroidUiautomator2Driver@2ae2][0m Replacing sessionId 18f50c1f-a076-4074-9bb3-17f17bbe8da8 with fb61e052-822b-4a75-9a0a-d9438debc0c2
[38;5;181m[fb61e052][0m[38;5;86m[HTTP][0m <-- GET /wd/hub/session/fb61e052-822b-4a75-9a0a-d9438debc0c2/element/00000000-0000-00d1-0000-00e900000007/rect 200 370 ms - 101 
[38;5;181m[fb61e052][0m[38;5;86m[HTTP][0m [37m-->[39m [37mPOST[39m [37m/wd/hub/session/fb61e052-822b-4a75-9a0a-d9438debc0c2/timeouts[39m {"implicit":30000}
[38;5;181m[fb61e052][0m[38;5;86m[HTTP][0m <-- POST /wd/hub/session/fb61e052-822b-4a75-9a0a-d9438debc0c2/timeouts 200 1 ms - 14 
[38;5;181m[fb61e052][0m[38;5;86m[HTTP][0m [37m-->[39m [37mPOST[39m [37m/wd/hub/session/fb61e052-822b-4a75-9a0a-d9438debc0c2/element/00000000-0000-00d1-0000-00e900000007/clear[39m {"id":"00000000-0000-00d1-0000-00e900000007"}
[38;5;181m[fb61e052][0m[38;5;86m[HTTP][0m <-- POST /wd/hub/session/fb61e052-822b-4a75-9a0a-d9438debc0c2/element/00000000-0000-00d1-0000-00e900000007/clear 200 157 ms - 14 
[38;5;181m[fb61e052][0m[38;5;86m[HTTP][0m [37m-->[39m [37mPOST[39m [37m/wd/hub/session/fb61e052-822b-4a75-9a0a-d9438debc0c2/element/00000000-0000-00d1-0000-00e900000007/click[39m {"id":"00000000-0000-00d1-0000-00e900000007"}
[38;5;181m[fb61e052][0m[38;5;86m[HTTP][0m <-- POST /wd/hub/session/fb61e052-822b-4a75-9a0a-d9438debc0c2/element/00000000-0000-00d1-0000-00e900000007/click 200 93 ms - 14 
[38;5;181m[fb61e052][0m[38;5;86m[HTTP][0m [37m-->[39m [37mPOST[39m [37m/wd/hub/session/fb61e052-822b-4a75-9a0a-d9438debc0c2/element/00000000-0000-00d1-0000-00e900000007/value[39m {"id":"00000000-0000-00d1-0000-00e900000007","value":["W","i","l","l","i","a","m","s","@","y","o","p","m","a","i","l",".","c","o","m"],"text":"Williams@yopmail.com"}
[38;5;181m[fb61e052][0m[38;5;86m[HTTP][0m <-- POST /wd/hub/session/fb61e052-822b-4a75-9a0a-d9438debc0c2/element/00000000-0000-00d1-0000-00e900000007/value 200 96 ms - 14 
[38;5;181m[fb61e052][0m[38;5;86m[HTTP][0m [37m-->[39m [37mGET[39m [37m/wd/hub/session/fb61e052-822b-4a75-9a0a-d9438debc0c2/context[39m {}
[38;5;181m[fb61e052][0m[38;5;86m[HTTP][0m <-- GET /wd/hub/session/fb61e052-822b-4a75-9a0a-d9438debc0c2/context 200 2 ms - 22 
[38;5;181m[fb61e052][0m[38;5;86m[HTTP][0m [37m-->[39m [37mGET[39m [37m/wd/hub/session/fb61e052-822b-4a75-9a0a-d9438debc0c2/contexts[39m {}
[38;5;181m[fb61e052][0m[38;5;86m[HTTP][0m <-- GET /wd/hub/session/fb61e052-822b-4a75-9a0a-d9438debc0c2/contexts 200 409 ms - 24 
[38;5;181m[fb61e052][0m[38;5;86m[HTTP][0m [37m-->[39m [37mPOST[39m [37m/wd/hub/session/fb61e052-822b-4a75-9a0a-d9438debc0c2/context[39m {"name":"NATIVE_APP"}
[38;5;181m[fb61e052][0m[38;5;86m[HTTP][0m <-- POST /wd/hub/session/fb61e052-822b-4a75-9a0a-d9438debc0c2/context 200 1 ms - 14 
[38;5;181m[fb61e052][0m[38;5;86m[HTTP][0m [37m-->[39m [37mPOST[39m [37m/wd/hub/session/fb61e052-822b-4a75-9a0a-d9438debc0c2/execute/sync[39m {"args":[],"script":"mobile: hideKeyboard"}
[38;5;181m[fb61e052][0m[38;5;86m[HTTP][0m <-- POST /wd/hub/session/fb61e052-822b-4a75-9a0a-d9438debc0c2/execute/sync 200 3683 ms - 14 
[38;5;181m[fb61e052][0m[38;5;86m[HTTP][0m [37m-->[39m [37mPOST[39m [37m/wd/hub/session/fb61e052-822b-4a75-9a0a-d9438debc0c2/context[39m {"name":"NATIVE_APP"}
[38;5;181m[fb61e052][0m[38;5;86m[HTTP][0m <-- POST /wd/hub/session/fb61e052-822b-4a75-9a0a-d9438debc0c2/context 200 1 ms - 14 
[38;5;181m[fb61e052][0m[38;5;86m[HTTP][0m [37m-->[39m [37mPOST[39m [37m/wd/hub/session/fb61e052-822b-4a75-9a0a-d9438debc0c2/timeouts[39m {"implicit":50}
[38;5;181m[fb61e052][0m[38;5;86m[HTTP][0m <-- POST /wd/hub/session/fb61e052-822b-4a75-9a0a-d9438debc0c2/timeouts 200 2 ms - 14 
[38;5;181m[fb61e052][0m[38;5;86m[HTTP][0m [37m-->[39m [37mGET[39m [37m/wd/hub/session/fb61e052-822b-4a75-9a0a-d9438debc0c2/window/rect[39m {}
[38;5;181m[fb61e052][0m[38;5;86m[HTTP][0m <-- GET /wd/hub/session/fb61e052-822b-4a75-9a0a-d9438debc0c2/window/rect 200 113 ms - 49 
[38;5;181m[fb61e052][0m[38;5;86m[HTTP][0m [37m-->[39m [37mPOST[39m [37m/wd/hub/session/fb61e052-822b-4a75-9a0a-d9438debc0c2/elements[39m {"using":"xpath","value":"//*[@class = 'android.widget.Button' and (@text = 'Next' or . = 'Next')]"}
[38;5;181m[fb61e052][0m[38;5;86m[HTTP][0m <-- POST /wd/hub/session/fb61e052-822b-4a75-9a0a-d9438debc0c2/elements 200 984 ms - 139 
[38;5;181m[fb61e052][0m[38;5;86m[HTTP][0m [37m-->[39m [37mGET[39m [37m/wd/hub/session/fb61e052-822b-4a75-9a0a-d9438debc0c2/element/00000000-0000-00d1-0000-00e100000007/rect[39m {}
[38;5;181m[fb61e052][0m[38;5;-101m[AndroidUiautomator2Driver@2ae2][0m Driver proxy active, passing request on via HTTP proxy
[38;5;181m[fb61e052][0m[38;5;-101m[AndroidUiautomator2Driver@2ae2][0m Replacing sessionId 18f50c1f-a076-4074-9bb3-17f17bbe8da8 with fb61e052-822b-4a75-9a0a-d9438debc0c2
[38;5;181m[fb61e052][0m[38;5;86m[HTTP][0m <-- GET /wd/hub/session/fb61e052-822b-4a75-9a0a-d9438debc0c2/element/00000000-0000-00d1-0000-00e100000007/rect 200 151 ms - 102 
[38;5;181m[fb61e052][0m[38;5;86m[HTTP][0m [37m-->[39m [37mPOST[39m [37m/wd/hub/session/fb61e052-822b-4a75-9a0a-d9438debc0c2/timeouts[39m {"implicit":30000}
[38;5;181m[fb61e052][0m[38;5;86m[HTTP][0m <-- POST /wd/hub/session/fb61e052-822b-4a75-9a0a-d9438debc0c2/timeouts 200 1 ms - 14 
[38;5;181m[fb61e052][0m[38;5;86m[HTTP][0m [37m-->[39m [37mPOST[39m [37m/wd/hub/session/fb61e052-822b-4a75-9a0a-d9438debc0c2/element/00000000-0000-00d1-0000-00e100000007/click[39m {"id":"00000000-0000-00d1-0000-00e100000007"}
[38;5;181m[fb61e052][0m[38;5;86m[HTTP][0m <-- POST /wd/hub/session/fb61e052-822b-4a75-9a0a-d9438debc0c2/element/00000000-0000-00d1-0000-00e100000007/click 200 94 ms - 14 
[38;5;181m[fb61e052][0m[38;5;86m[HTTP][0m [37m-->[39m [37mPOST[39m [37m/wd/hub/session/fb61e052-822b-4a75-9a0a-d9438debc0c2/timeouts[39m {"implicit":50}
[38;5;181m[fb61e052][0m[38;5;86m[HTTP][0m <-- POST /wd/hub/session/fb61e052-822b-4a75-9a0a-d9438debc0c2/timeouts 200 1 ms - 14 
[38;5;181m[fb61e052][0m[38;5;86m[HTTP][0m [37m-->[39m [37mGET[39m [37m/wd/hub/session/fb61e052-822b-4a75-9a0a-d9438debc0c2/window/rect[39m {}
[38;5;181m[fb61e052][0m[38;5;86m[HTTP][0m <-- GET /wd/hub/session/fb61e052-822b-4a75-9a0a-d9438debc0c2/window/rect 200 109 ms - 49 
[38;5;181m[fb61e052][0m[38;5;86m[HTTP][0m [37m-->[39m [37mPOST[39m [37m/wd/hub/session/fb61e052-822b-4a75-9a0a-d9438debc0c2/elements[39m {"using":"xpath","value":"//android.widget.EditText[@resource-id='user' and (@text='' or .='')]"}
[38;5;181m[fb61e052][0m[38;5;86m[HTTP][0m <-- POST /wd/hub/session/fb61e052-822b-4a75-9a0a-d9438debc0c2/elements 200 758 ms - 139 
[38;5;181m[fb61e052][0m[38;5;86m[HTTP][0m [37m-->[39m [37mGET[39m [37m/wd/hub/session/fb61e052-822b-4a75-9a0a-d9438debc0c2/element/00000000-0000-00d3-0000-002800000050/rect[39m {}
[38;5;181m[fb61e052][0m[38;5;-101m[AndroidUiautomator2Driver@2ae2][0m Driver proxy active, passing request on via HTTP proxy
[38;5;181m[fb61e052][0m[38;5;-101m[AndroidUiautomator2Driver@2ae2][0m Replacing sessionId 18f50c1f-a076-4074-9bb3-17f17bbe8da8 with fb61e052-822b-4a75-9a0a-d9438debc0c2
[38;5;181m[fb61e052][0m[38;5;86m[HTTP][0m <-- GET /wd/hub/session/fb61e052-822b-4a75-9a0a-d9438debc0c2/element/00000000-0000-00d3-0000-002800000050/rect 200 56 ms - 102 
[38;5;181m[fb61e052][0m[38;5;86m[HTTP][0m [37m-->[39m [37mPOST[39m [37m/wd/hub/session/fb61e052-822b-4a75-9a0a-d9438debc0c2/timeouts[39m {"implicit":30000}
[38;5;181m[fb61e052][0m[38;5;86m[HTTP][0m <-- POST /wd/hub/session/fb61e052-822b-4a75-9a0a-d9438debc0c2/timeouts 200 1 ms - 14 
[38;5;181m[fb61e052][0m[38;5;86m[HTTP][0m [37m-->[39m [37mPOST[39m [37m/wd/hub/session/fb61e052-822b-4a75-9a0a-d9438debc0c2/element/00000000-0000-00d3-0000-002800000050/clear[39m {"id":"00000000-0000-00d3-0000-002800000050"}
[38;5;181m[fb61e052][0m[38;5;86m[HTTP][0m <-- POST /wd/hub/session/fb61e052-822b-4a75-9a0a-d9438debc0c2/element/00000000-0000-00d3-0000-002800000050/clear 200 67 ms - 14 
[38;5;181m[fb61e052][0m[38;5;86m[HTTP][0m [37m-->[39m [37mPOST[39m [37m/wd/hub/session/fb61e052-822b-4a75-9a0a-d9438debc0c2/element/00000000-0000-00d3-0000-002800000050/click[39m {"id":"00000000-0000-00d3-0000-002800000050"}
[38;5;181m[fb61e052][0m[38;5;86m[HTTP][0m <-- POST /wd/hub/session/fb61e052-822b-4a75-9a0a-d9438debc0c2/element/00000000-0000-00d3-0000-002800000050/click 200 126 ms - 14 
[38;5;181m[fb61e052][0m[38;5;86m[HTTP][0m [37m-->[39m [37mPOST[39m [37m/wd/hub/session/fb61e052-822b-4a75-9a0a-d9438debc0c2/element/00000000-0000-00d3-0000-002800000050/value[39m {"id":"00000000-0000-00d3-0000-002800000050","value":["W","i","l","l","i","a","m","s","@","y","o","p","m","a","i","l",".","c","o","m"],"text":"Williams@yopmail.com"}
[38;5;181m[fb61e052][0m[38;5;86m[HTTP][0m <-- POST /wd/hub/session/fb61e052-822b-4a75-9a0a-d9438debc0c2/element/00000000-0000-00d3-0000-002800000050/value 200 1363 ms - 14 
[38;5;181m[fb61e052][0m[38;5;86m[HTTP][0m [37m-->[39m [37mGET[39m [37m/wd/hub/session/fb61e052-822b-4a75-9a0a-d9438debc0c2/context[39m {}
[38;5;181m[fb61e052][0m[38;5;86m[HTTP][0m <-- GET /wd/hub/session/fb61e052-822b-4a75-9a0a-d9438debc0c2/context 200 0 ms - 22 
[38;5;181m[fb61e052][0m[38;5;86m[HTTP][0m [37m-->[39m [37mGET[39m [37m/wd/hub/session/fb61e052-822b-4a75-9a0a-d9438debc0c2/contexts[39m {}
[38;5;181m[fb61e052][0m[38;5;86m[HTTP][0m <-- GET /wd/hub/session/fb61e052-822b-4a75-9a0a-d9438debc0c2/contexts 200 361 ms - 41 
[38;5;181m[fb61e052][0m[38;5;86m[HTTP][0m [37m-->[39m [37mPOST[39m [37m/wd/hub/session/fb61e052-822b-4a75-9a0a-d9438debc0c2/context[39m {"name":"NATIVE_APP"}
[38;5;181m[fb61e052][0m[38;5;86m[HTTP][0m <-- POST /wd/hub/session/fb61e052-822b-4a75-9a0a-d9438debc0c2/context 200 0 ms - 14 
[38;5;181m[fb61e052][0m[38;5;86m[HTTP][0m [37m-->[39m [37mPOST[39m [37m/wd/hub/session/fb61e052-822b-4a75-9a0a-d9438debc0c2/execute/sync[39m {"args":[],"script":"mobile: hideKeyboard"}
[38;5;181m[fb61e052][0m[38;5;86m[HTTP][0m <-- POST /wd/hub/session/fb61e052-822b-4a75-9a0a-d9438debc0c2/execute/sync 200 4595 ms - 14 
[38;5;181m[fb61e052][0m[38;5;86m[HTTP][0m [37m-->[39m [37mPOST[39m [37m/wd/hub/session/fb61e052-822b-4a75-9a0a-d9438debc0c2/context[39m {"name":"NATIVE_APP"}
[38;5;181m[fb61e052][0m[38;5;86m[HTTP][0m <-- POST /wd/hub/session/fb61e052-822b-4a75-9a0a-d9438debc0c2/context 200 1 ms - 14 
[38;5;181m[fb61e052][0m[38;5;86m[HTTP][0m [37m-->[39m [37mPOST[39m [37m/wd/hub/session/fb61e052-822b-4a75-9a0a-d9438debc0c2/timeouts[39m {"implicit":50}
[38;5;181m[fb61e052][0m[38;5;86m[HTTP][0m <-- POST /wd/hub/session/fb61e052-822b-4a75-9a0a-d9438debc0c2/timeouts 200 1 ms - 14 
[38;5;181m[fb61e052][0m[38;5;86m[HTTP][0m [37m-->[39m [37mGET[39m [37m/wd/hub/session/fb61e052-822b-4a75-9a0a-d9438debc0c2/window/rect[39m {}
[38;5;181m[fb61e052][0m[38;5;86m[HTTP][0m <-- GET /wd/hub/session/fb61e052-822b-4a75-9a0a-d9438debc0c2/window/rect 200 144 ms - 49 
[38;5;181m[fb61e052][0m[38;5;86m[HTTP][0m [37m-->[39m [37mPOST[39m [37m/wd/hub/session/fb61e052-822b-4a75-9a0a-d9438debc0c2/elements[39m {"using":"xpath","value":"//android.widget.EditText[@resource-id='password' and (@text='' or .='')]"}
[38;5;181m[fb61e052][0m[38;5;86m[HTTP][0m <-- POST /wd/hub/session/fb61e052-822b-4a75-9a0a-d9438debc0c2/elements 200 716 ms - 139 
[38;5;181m[fb61e052][0m[38;5;86m[HTTP][0m [37m-->[39m [37mGET[39m [37m/wd/hub/session/fb61e052-822b-4a75-9a0a-d9438debc0c2/element/00000000-0000-00d3-0000-002c00000050/rect[39m {}
[38;5;181m[fb61e052][0m[38;5;-101m[AndroidUiautomator2Driver@2ae2][0m Driver proxy active, passing request on via HTTP proxy
[38;5;181m[fb61e052][0m[38;5;-101m[AndroidUiautomator2Driver@2ae2][0m Replacing sessionId 18f50c1f-a076-4074-9bb3-17f17bbe8da8 with fb61e052-822b-4a75-9a0a-d9438debc0c2
[38;5;181m[fb61e052][0m[38;5;86m[HTTP][0m <-- GET /wd/hub/session/fb61e052-822b-4a75-9a0a-d9438debc0c2/element/00000000-0000-00d3-0000-002c00000050/rect 200 140 ms - 102 
[38;5;181m[fb61e052][0m[38;5;86m[HTTP][0m [37m-->[39m [37mPOST[39m [37m/wd/hub/session/fb61e052-822b-4a75-9a0a-d9438debc0c2/timeouts[39m {"implicit":30000}
[38;5;181m[fb61e052][0m[38;5;86m[HTTP][0m <-- POST /wd/hub/session/fb61e052-822b-4a75-9a0a-d9438debc0c2/timeouts 200 1 ms - 14 
[38;5;181m[fb61e052][0m[38;5;86m[HTTP][0m [37m-->[39m [37mPOST[39m [37m/wd/hub/session/fb61e052-822b-4a75-9a0a-d9438debc0c2/element/00000000-0000-00d3-0000-002c00000050/clear[39m {"id":"00000000-0000-00d3-0000-002c00000050"}
[38;5;181m[fb61e052][0m[38;5;86m[HTTP][0m <-- POST /wd/hub/session/fb61e052-822b-4a75-9a0a-d9438debc0c2/element/00000000-0000-00d3-0000-002c00000050/clear 200 61 ms - 14 
[38;5;181m[fb61e052][0m[38;5;86m[HTTP][0m [37m-->[39m [37mPOST[39m [37m/wd/hub/session/fb61e052-822b-4a75-9a0a-d9438debc0c2/element/00000000-0000-00d3-0000-002c00000050/click[39m {"id":"00000000-0000-00d3-0000-002c00000050"}
[38;5;181m[fb61e052][0m[38;5;86m[HTTP][0m <-- POST /wd/hub/session/fb61e052-822b-4a75-9a0a-d9438debc0c2/element/00000000-0000-00d3-0000-002c00000050/click 200 112 ms - 14 
[38;5;181m[fb61e052][0m[38;5;86m[HTTP][0m [37m-->[39m [37mPOST[39m [37m/wd/hub/session/fb61e052-822b-4a75-9a0a-d9438debc0c2/element/00000000-0000-00d3-0000-002c00000050/value[39m {"id":"00000000-0000-00d3-0000-002c00000050","value":["p","a","s","s","w","o","r","d"],"text":"password"}
[38;5;181m[fb61e052][0m[38;5;86m[HTTP][0m <-- POST /wd/hub/session/fb61e052-822b-4a75-9a0a-d9438debc0c2/element/00000000-0000-00d3-0000-002c00000050/value 200 71 ms - 14 
[38;5;181m[fb61e052][0m[38;5;86m[HTTP][0m [37m-->[39m [37mGET[39m [37m/wd/hub/session/fb61e052-822b-4a75-9a0a-d9438debc0c2/context[39m {}
[38;5;181m[fb61e052][0m[38;5;86m[HTTP][0m <-- GET /wd/hub/session/fb61e052-822b-4a75-9a0a-d9438debc0c2/context 200 1 ms - 22 
[38;5;181m[fb61e052][0m[38;5;86m[HTTP][0m [37m-->[39m [37mGET[39m [37m/wd/hub/session/fb61e052-822b-4a75-9a0a-d9438debc0c2/contexts[39m {}
[38;5;181m[fb61e052][0m[38;5;86m[HTTP][0m <-- GET /wd/hub/session/fb61e052-822b-4a75-9a0a-d9438debc0c2/contexts 200 641 ms - 41 
[38;5;181m[fb61e052][0m[38;5;86m[HTTP][0m [37m-->[39m [37mPOST[39m [37m/wd/hub/session/fb61e052-822b-4a75-9a0a-d9438debc0c2/context[39m {"name":"NATIVE_APP"}
[38;5;181m[fb61e052][0m[38;5;86m[HTTP][0m <-- POST /wd/hub/session/fb61e052-822b-4a75-9a0a-d9438debc0c2/context 200 0 ms - 14 
[38;5;181m[fb61e052][0m[38;5;86m[HTTP][0m [37m-->[39m [37mPOST[39m [37m/wd/hub/session/fb61e052-822b-4a75-9a0a-d9438debc0c2/execute/sync[39m {"args":[],"script":"mobile: hideKeyboard"}
[38;5;181m[fb61e052][0m[38;5;86m[HTTP][0m <-- POST /wd/hub/session/fb61e052-822b-4a75-9a0a-d9438debc0c2/execute/sync 200 4125 ms - 14 
[38;5;181m[fb61e052][0m[38;5;86m[HTTP][0m [37m-->[39m [37mPOST[39m [37m/wd/hub/session/fb61e052-822b-4a75-9a0a-d9438debc0c2/context[39m {"name":"NATIVE_APP"}
[38;5;181m[fb61e052][0m[38;5;86m[HTTP][0m <-- POST /wd/hub/session/fb61e052-822b-4a75-9a0a-d9438debc0c2/context 200 1 ms - 14 
[38;5;181m[fb61e052][0m[38;5;86m[HTTP][0m [37m-->[39m [37mPOST[39m [37m/wd/hub/session/fb61e052-822b-4a75-9a0a-d9438debc0c2/timeouts[39m {"implicit":50}
[38;5;181m[fb61e052][0m[38;5;86m[HTTP][0m <-- POST /wd/hub/session/fb61e052-822b-4a75-9a0a-d9438debc0c2/timeouts 200 1 ms - 14 
[38;5;181m[fb61e052][0m[38;5;86m[HTTP][0m [37m-->[39m [37mGET[39m [37m/wd/hub/session/fb61e052-822b-4a75-9a0a-d9438debc0c2/window/rect[39m {}
[38;5;181m[fb61e052][0m[38;5;86m[HTTP][0m <-- GET /wd/hub/session/fb61e052-822b-4a75-9a0a-d9438debc0c2/window/rect 200 52 ms - 49 
[38;5;181m[fb61e052][0m[38;5;86m[HTTP][0m [37m-->[39m [37mPOST[39m [37m/wd/hub/session/fb61e052-822b-4a75-9a0a-d9438debc0c2/elements[39m {"using":"xpath","value":"//android.widget.Button[@text='LOGIN' or .='LOGIN']"}
[38;5;181m[fb61e052][0m[38;5;86m[HTTP][0m <-- POST /wd/hub/session/fb61e052-822b-4a75-9a0a-d9438debc0c2/elements 200 506 ms - 139 
[38;5;181m[fb61e052][0m[38;5;86m[HTTP][0m [37m-->[39m [37mGET[39m [37m/wd/hub/session/fb61e052-822b-4a75-9a0a-d9438debc0c2/element/00000000-0000-00d3-0000-002f00000050/rect[39m {}
[38;5;181m[fb61e052][0m[38;5;-101m[AndroidUiautomator2Driver@2ae2][0m Driver proxy active, passing request on via HTTP proxy
[38;5;181m[fb61e052][0m[38;5;-101m[AndroidUiautomator2Driver@2ae2][0m Replacing sessionId 18f50c1f-a076-4074-9bb3-17f17bbe8da8 with fb61e052-822b-4a75-9a0a-d9438debc0c2
[38;5;181m[fb61e052][0m[38;5;86m[HTTP][0m <-- GET /wd/hub/session/fb61e052-822b-4a75-9a0a-d9438debc0c2/element/00000000-0000-00d3-0000-002f00000050/rect 200 119 ms - 103 
[38;5;181m[fb61e052][0m[38;5;86m[HTTP][0m [37m-->[39m [37mPOST[39m [37m/wd/hub/session/fb61e052-822b-4a75-9a0a-d9438debc0c2/timeouts[39m {"implicit":30000}
[38;5;181m[fb61e052][0m[38;5;86m[HTTP][0m <-- POST /wd/hub/session/fb61e052-822b-4a75-9a0a-d9438debc0c2/timeouts 200 1 ms - 14 
[38;5;181m[fb61e052][0m[38;5;86m[HTTP][0m [37m-->[39m [37mPOST[39m [37m/wd/hub/session/fb61e052-822b-4a75-9a0a-d9438debc0c2/element/00000000-0000-00d3-0000-002f00000050/click[39m {"id":"00000000-0000-00d3-0000-002f00000050"}
[38;5;181m[fb61e052][0m[38;5;86m[HTTP][0m <-- POST /wd/hub/session/fb61e052-822b-4a75-9a0a-d9438debc0c2/element/00000000-0000-00d3-0000-002f00000050/click 200 127 ms - 14 
[38;5;181m[fb61e052][0m[38;5;86m[HTTP][0m [37m-->[39m [37mPOST[39m [37m/wd/hub/session/fb61e052-822b-4a75-9a0a-d9438debc0c2/timeouts[39m {"implicit":50}
[38;5;181m[fb61e052][0m[38;5;86m[HTTP][0m <-- POST /wd/hub/session/fb61e052-822b-4a75-9a0a-d9438debc0c2/timeouts 200 1 ms - 14 
[38;5;181m[fb61e052][0m[38;5;86m[HTTP][0m [37m-->[39m [37mGET[39m [37m/wd/hub/session/fb61e052-822b-4a75-9a0a-d9438debc0c2/window/rect[39m {}
[38;5;181m[fb61e052][0m[38;5;86m[HTTP][0m <-- GET /wd/hub/session/fb61e052-822b-4a75-9a0a-d9438debc0c2/window/rect 200 48 ms - 49 
[38;5;181m[fb61e052][0m[38;5;86m[HTTP][0m [37m-->[39m [37mPOST[39m [37m/wd/hub/session/fb61e052-822b-4a75-9a0a-d9438debc0c2/elements[39m {"using":"xpath","value":"//*[@class = 'android.view.View' and (@text = 'Home' or . = 'Home')]"}
[38;5;181m[fb61e052][0m[38;5;86m[HTTP][0m <-- POST /wd/hub/session/fb61e052-822b-4a75-9a0a-d9438debc0c2/elements 200 820 ms - 139 
[38;5;181m[fb61e052][0m[38;5;86m[HTTP][0m [37m-->[39m [37mGET[39m [37m/wd/hub/session/fb61e052-822b-4a75-9a0a-d9438debc0c2/element/00000000-0000-00d1-0000-00a200000007/rect[39m {}
[38;5;181m[fb61e052][0m[38;5;-101m[AndroidUiautomator2Driver@2ae2][0m Driver proxy active, passing request on via HTTP proxy
[38;5;181m[fb61e052][0m[38;5;-101m[AndroidUiautomator2Driver@2ae2][0m Replacing sessionId 18f50c1f-a076-4074-9bb3-17f17bbe8da8 with fb61e052-822b-4a75-9a0a-d9438debc0c2
[38;5;181m[fb61e052][0m[38;5;86m[HTTP][0m <-- GET /wd/hub/session/fb61e052-822b-4a75-9a0a-d9438debc0c2/element/00000000-0000-00d1-0000-00a200000007/rect 200 75 ms - 103 
[38;5;181m[fb61e052][0m[38;5;86m[HTTP][0m [37m-->[39m [37mPOST[39m [37m/wd/hub/session/fb61e052-822b-4a75-9a0a-d9438debc0c2/timeouts[39m {"implicit":30000}
[38;5;181m[fb61e052][0m[38;5;86m[HTTP][0m <-- POST /wd/hub/session/fb61e052-822b-4a75-9a0a-d9438debc0c2/timeouts 200 1 ms - 14 
[38;5;181m[fb61e052][0m[38;5;86m[HTTP][0m [37m-->[39m [37mPOST[39m [37m/wd/hub/session/fb61e052-822b-4a75-9a0a-d9438debc0c2/element/00000000-0000-00d1-0000-00a200000007/click[39m {"id":"00000000-0000-00d1-0000-00a200000007"}
[38;5;181m[fb61e052][0m[38;5;86m[HTTP][0m <-- POST /wd/hub/session/fb61e052-822b-4a75-9a0a-d9438debc0c2/element/00000000-0000-00d1-0000-00a200000007/click 200 177 ms - 14 
[38;5;181m[fb61e052][0m[38;5;86m[HTTP][0m [37m-->[39m [37mPOST[39m [37m/wd/hub/session/fb61e052-822b-4a75-9a0a-d9438debc0c2/timeouts[39m {"implicit":50}
[38;5;181m[fb61e052][0m[38;5;86m[HTTP][0m <-- POST /wd/hub/session/fb61e052-822b-4a75-9a0a-d9438debc0c2/timeouts 200 1 ms - 14 
[38;5;181m[fb61e052][0m[38;5;86m[HTTP][0m [37m-->[39m [37mGET[39m [37m/wd/hub/session/fb61e052-822b-4a75-9a0a-d9438debc0c2/window/rect[39m {}
[38;5;181m[fb61e052][0m[38;5;86m[HTTP][0m <-- GET /wd/hub/session/fb61e052-822b-4a75-9a0a-d9438debc0c2/window/rect 200 55 ms - 49 
[38;5;181m[fb61e052][0m[38;5;86m[HTTP][0m [37m-->[39m [37mPOST[39m [37m/wd/hub/session/fb61e052-822b-4a75-9a0a-d9438debc0c2/elements[39m {"using":"xpath","value":"//*[@class = 'android.widget.Button' and (@text = 'menu' or . = 'menu')]"}
[38;5;181m[fb61e052][0m[38;5;86m[HTTP][0m <-- POST /wd/hub/session/fb61e052-822b-4a75-9a0a-d9438debc0c2/elements 200 580 ms - 139 
[38;5;181m[fb61e052][0m[38;5;86m[HTTP][0m [37m-->[39m [37mGET[39m [37m/wd/hub/session/fb61e052-822b-4a75-9a0a-d9438debc0c2/element/00000000-0000-00d1-0000-013100000007/rect[39m {}
[38;5;181m[fb61e052][0m[38;5;-101m[AndroidUiautomator2Driver@2ae2][0m Driver proxy active, passing request on via HTTP proxy
[38;5;181m[fb61e052][0m[38;5;-101m[AndroidUiautomator2Driver@2ae2][0m Replacing sessionId 18f50c1f-a076-4074-9bb3-17f17bbe8da8 with fb61e052-822b-4a75-9a0a-d9438debc0c2
[38;5;181m[fb61e052][0m[38;5;86m[HTTP][0m <-- GET /wd/hub/session/fb61e052-822b-4a75-9a0a-d9438debc0c2/element/00000000-0000-00d1-0000-013100000007/rect 200 48 ms - 99 
[38;5;181m[fb61e052][0m[38;5;86m[HTTP][0m [37m-->[39m [37mPOST[39m [37m/wd/hub/session/fb61e052-822b-4a75-9a0a-d9438debc0c2/timeouts[39m {"implicit":30000}
[38;5;181m[fb61e052][0m[38;5;86m[HTTP][0m <-- POST /wd/hub/session/fb61e052-822b-4a75-9a0a-d9438debc0c2/timeouts 200 1 ms - 14 
[38;5;181m[fb61e052][0m[38;5;86m[HTTP][0m [37m-->[39m [37mPOST[39m [37m/wd/hub/session/fb61e052-822b-4a75-9a0a-d9438debc0c2/element/00000000-0000-00d1-0000-013100000007/click[39m {"id":"00000000-0000-00d1-0000-013100000007"}
[38;5;181m[fb61e052][0m[38;5;86m[HTTP][0m <-- POST /wd/hub/session/fb61e052-822b-4a75-9a0a-d9438debc0c2/element/00000000-0000-00d1-0000-013100000007/click 200 121 ms - 14 
[38;5;181m[fb61e052][0m[38;5;86m[HTTP][0m [37m-->[39m [37mPOST[39m [37m/wd/hub/session/fb61e052-822b-4a75-9a0a-d9438debc0c2/timeouts[39m {"implicit":50}
[38;5;181m[fb61e052][0m[38;5;86m[HTTP][0m <-- POST /wd/hub/session/fb61e052-822b-4a75-9a0a-d9438debc0c2/timeouts 200 2 ms - 14 
[38;5;181m[fb61e052][0m[38;5;86m[HTTP][0m [37m-->[39m [37mGET[39m [37m/wd/hub/session/fb61e052-822b-4a75-9a0a-d9438debc0c2/window/rect[39m {}
[38;5;181m[fb61e052][0m[38;5;86m[HTTP][0m <-- GET /wd/hub/session/fb61e052-822b-4a75-9a0a-d9438debc0c2/window/rect 200 118 ms - 49 
[38;5;181m[fb61e052][0m[38;5;86m[HTTP][0m [37m-->[39m [37mPOST[39m [37m/wd/hub/session/fb61e052-822b-4a75-9a0a-d9438debc0c2/elements[39m {"using":"xpath","value":"//android.widget.TabWidget[@index='1' and @package='com.westgate.rewrite2']"}
[38;5;181m[fb61e052][0m[38;5;86m[HTTP][0m <-- POST /wd/hub/session/fb61e052-822b-4a75-9a0a-d9438debc0c2/elements 200 562 ms - 139 
[38;5;181m[fb61e052][0m[38;5;86m[HTTP][0m [37m-->[39m [37mGET[39m [37m/wd/hub/session/fb61e052-822b-4a75-9a0a-d9438debc0c2/element/00000000-0000-00d1-0000-010300000007/rect[39m {}
[38;5;181m[fb61e052][0m[38;5;-101m[AndroidUiautomator2Driver@2ae2][0m Driver proxy active, passing request on via HTTP proxy
[38;5;181m[fb61e052][0m[38;5;-101m[AndroidUiautomator2Driver@2ae2][0m Replacing sessionId 18f50c1f-a076-4074-9bb3-17f17bbe8da8 with fb61e052-822b-4a75-9a0a-d9438debc0c2
[38;5;181m[fb61e052][0m[38;5;86m[HTTP][0m <-- GET /wd/hub/session/fb61e052-822b-4a75-9a0a-d9438debc0c2/element/00000000-0000-00d1-0000-010300000007/rect 200 118 ms - 102 
[38;5;181m[fb61e052][0m[38;5;86m[HTTP][0m [37m-->[39m [37mPOST[39m [37m/wd/hub/session/fb61e052-822b-4a75-9a0a-d9438debc0c2/timeouts[39m {"implicit":30000}
[38;5;181m[fb61e052][0m[38;5;86m[HTTP][0m <-- POST /wd/hub/session/fb61e052-822b-4a75-9a0a-d9438debc0c2/timeouts 200 1 ms - 14 
[38;5;181m[fb61e052][0m[38;5;86m[HTTP][0m [37m-->[39m [37mPOST[39m [37m/wd/hub/session/fb61e052-822b-4a75-9a0a-d9438debc0c2/element/00000000-0000-00d1-0000-010300000007/click[39m {"id":"00000000-0000-00d1-0000-010300000007"}
[38;5;181m[fb61e052][0m[38;5;86m[HTTP][0m <-- POST /wd/hub/session/fb61e052-822b-4a75-9a0a-d9438debc0c2/element/00000000-0000-00d1-0000-010300000007/click 200 117 ms - 14 
[38;5;181m[fb61e052][0m[38;5;86m[HTTP][0m [37m-->[39m [37mPOST[39m [37m/wd/hub/session/fb61e052-822b-4a75-9a0a-d9438debc0c2/timeouts[39m {"implicit":50}
[38;5;181m[fb61e052][0m[38;5;86m[HTTP][0m <-- POST /wd/hub/session/fb61e052-822b-4a75-9a0a-d9438debc0c2/timeouts 200 1 ms - 14 
[38;5;181m[fb61e052][0m[38;5;86m[HTTP][0m [37m-->[39m [37mGET[39m [37m/wd/hub/session/fb61e052-822b-4a75-9a0a-d9438debc0c2/window/rect[39m {}
[38;5;181m[fb61e052][0m[38;5;86m[HTTP][0m <-- GET /wd/hub/session/fb61e052-822b-4a75-9a0a-d9438debc0c2/window/rect 200 115 ms - 49 
[38;5;181m[fb61e052][0m[38;5;86m[HTTP][0m [37m-->[39m [37mPOST[39m [37m/wd/hub/session/fb61e052-822b-4a75-9a0a-d9438debc0c2/elements[39m {"using":"xpath","value":"//*[@class = 'android.widget.Button' and (@text = 'Version 2.81.111' or . = 'Version 2.81.111')]"}
[38;5;181m[fb61e052][0m[38;5;86m[HTTP][0m <-- POST /wd/hub/session/fb61e052-822b-4a75-9a0a-d9438debc0c2/elements 200 589 ms - 139 
[38;5;181m[fb61e052][0m[38;5;86m[HTTP][0m [37m-->[39m [37mGET[39m [37m/wd/hub/session/fb61e052-822b-4a75-9a0a-d9438debc0c2/element/00000000-0000-00d1-0000-027e00000007/rect[39m {}
[38;5;181m[fb61e052][0m[38;5;-101m[AndroidUiautomator2Driver@2ae2][0m Driver proxy active, passing request on via HTTP proxy
[38;5;181m[fb61e052][0m[38;5;-101m[AndroidUiautomator2Driver@2ae2][0m Replacing sessionId 18f50c1f-a076-4074-9bb3-17f17bbe8da8 with fb61e052-822b-4a75-9a0a-d9438debc0c2
[38;5;181m[fb61e052][0m[38;5;86m[HTTP][0m <-- GET /wd/hub/session/fb61e052-822b-4a75-9a0a-d9438debc0c2/element/00000000-0000-00d1-0000-027e00000007/rect 200 47 ms - 101 
[38;5;181m[fb61e052][0m[38;5;86m[HTTP][0m [37m-->[39m [37mPOST[39m [37m/wd/hub/session/fb61e052-822b-4a75-9a0a-d9438debc0c2/timeouts[39m {"implicit":30000}
[38;5;181m[fb61e052][0m[38;5;86m[HTTP][0m <-- POST /wd/hub/session/fb61e052-822b-4a75-9a0a-d9438debc0c2/timeouts 200 1 ms - 14 
[38;5;181m[fb61e052][0m[38;5;86m[HTTP][0m [37m-->[39m [37mGET[39m [37m/wd/hub/session/fb61e052-822b-4a75-9a0a-d9438debc0c2/element/00000000-0000-00d1-0000-027e00000007/text[39m {}
[38;5;181m[fb61e052][0m[38;5;-101m[AndroidUiautomator2Driver@2ae2][0m Driver proxy active, passing request on via HTTP proxy
[38;5;181m[fb61e052][0m[38;5;-101m[AndroidUiautomator2Driver@2ae2][0m Replacing sessionId 18f50c1f-a076-4074-9bb3-17f17bbe8da8 with fb61e052-822b-4a75-9a0a-d9438debc0c2
[38;5;181m[fb61e052][0m[38;5;86m[HTTP][0m <-- GET /wd/hub/session/fb61e052-822b-4a75-9a0a-d9438debc0c2/element/00000000-0000-00d1-0000-027e00000007/text 200 121 ms - 79 
[38;5;181m[fb61e052][0m[38;5;86m[HTTP][0m [37m-->[39m [37mPOST[39m [37m/wd/hub/session/fb61e052-822b-4a75-9a0a-d9438debc0c2/timeouts[39m {"implicit":50}
[38;5;181m[fb61e052][0m[38;5;86m[HTTP][0m <-- POST /wd/hub/session/fb61e052-822b-4a75-9a0a-d9438debc0c2/timeouts 200 1 ms - 14 
[38;5;181m[fb61e052][0m[38;5;86m[HTTP][0m [37m-->[39m [37mGET[39m [37m/wd/hub/session/fb61e052-822b-4a75-9a0a-d9438debc0c2/window/rect[39m {}
[38;5;181m[fb61e052][0m[38;5;86m[HTTP][0m <-- GET /wd/hub/session/fb61e052-822b-4a75-9a0a-d9438debc0c2/window/rect 200 38 ms - 49 
[38;5;181m[fb61e052][0m[38;5;86m[HTTP][0m [37m-->[39m [37mPOST[39m [37m/wd/hub/session/fb61e052-822b-4a75-9a0a-d9438debc0c2/elements[39m {"using":"xpath","value":"//*[@class = 'android.widget.Button' and (@text = 'Version 2.81.111' or . = 'Version 2.81.111')]"}
[38;5;181m[fb61e052][0m[38;5;86m[HTTP][0m <-- POST /wd/hub/session/fb61e052-822b-4a75-9a0a-d9438debc0c2/elements 200 489 ms - 139 
[38;5;181m[fb61e052][0m[38;5;86m[HTTP][0m [37m-->[39m [37mGET[39m [37m/wd/hub/session/fb61e052-822b-4a75-9a0a-d9438debc0c2/element/00000000-0000-00d1-0000-027e00000007/rect[39m {}
[38;5;181m[fb61e052][0m[38;5;-101m[AndroidUiautomator2Driver@2ae2][0m Driver proxy active, passing request on via HTTP proxy
[38;5;181m[fb61e052][0m[38;5;-101m[AndroidUiautomator2Driver@2ae2][0m Replacing sessionId 18f50c1f-a076-4074-9bb3-17f17bbe8da8 with fb61e052-822b-4a75-9a0a-d9438debc0c2
[38;5;181m[fb61e052][0m[38;5;86m[HTTP][0m <-- GET /wd/hub/session/fb61e052-822b-4a75-9a0a-d9438debc0c2/element/00000000-0000-00d1-0000-027e00000007/rect 200 67 ms - 101 
[38;5;181m[fb61e052][0m[38;5;86m[HTTP][0m [37m-->[39m [37mPOST[39m [37m/wd/hub/session/fb61e052-822b-4a75-9a0a-d9438debc0c2/timeouts[39m {"implicit":30000}
[38;5;181m[fb61e052][0m[38;5;86m[HTTP][0m <-- POST /wd/hub/session/fb61e052-822b-4a75-9a0a-d9438debc0c2/timeouts 200 1 ms - 14 
[38;5;181m[fb61e052][0m[38;5;86m[HTTP][0m [37m-->[39m [37mGET[39m [37m/wd/hub/session/fb61e052-822b-4a75-9a0a-d9438debc0c2/context[39m {}
[38;5;181m[fb61e052][0m[38;5;86m[HTTP][0m <-- GET /wd/hub/session/fb61e052-822b-4a75-9a0a-d9438debc0c2/context 200 1 ms - 22 
[38;5;181m[fb61e052][0m[38;5;86m[HTTP][0m [37m-->[39m [37mGET[39m [37m/wd/hub/session/fb61e052-822b-4a75-9a0a-d9438debc0c2/contexts[39m {}
[38;5;181m[fb61e052][0m[38;5;86m[HTTP][0m <-- GET /wd/hub/session/fb61e052-822b-4a75-9a0a-d9438debc0c2/contexts 200 356 ms - 41 
[38;5;181m[fb61e052][0m[38;5;86m[HTTP][0m [37m-->[39m [37mPOST[39m [37m/wd/hub/session/fb61e052-822b-4a75-9a0a-d9438debc0c2/context[39m {"name":"NATIVE_APP"}
[38;5;181m[fb61e052][0m[38;5;86m[HTTP][0m <-- POST /wd/hub/session/fb61e052-822b-4a75-9a0a-d9438debc0c2/context 200 0 ms - 14 
[38;5;181m[fb61e052][0m[38;5;86m[HTTP][0m [37m-->[39m [37mPOST[39m [37m/wd/hub/session/fb61e052-822b-4a75-9a0a-d9438debc0c2/execute/sync[39m {"args":[],"script":"mobile: getCurrentPackage"}
[38;5;181m[fb61e052][0m[38;5;86m[HTTP][0m <-- POST /wd/hub/session/fb61e052-822b-4a75-9a0a-d9438debc0c2/execute/sync 200 191 ms - 33 
[38;5;181m[fb61e052][0m[38;5;86m[HTTP][0m [37m-->[39m [37mPOST[39m [37m/wd/hub/session/fb61e052-822b-4a75-9a0a-d9438debc0c2/execute/sync[39m {"args":[{"appId":"com.westgate.rewrite2","bundleId":"com.westgate.rewrite2"}],"script":"mobile: terminateApp"}
[38;5;181m[fb61e052][0m[38;5;123m[BaseDriver][0m The following script arguments are not known and will be ignored: bundleId
[38;5;181m[fb61e052][0m[38;5;-101m[AndroidUiautomator2Driver@2ae2][0m Terminating 'com.westgate.rewrite2'
[38;5;181m[fb61e052][0m[38;5;-101m[AndroidUiautomator2Driver@2ae2][0m Querying the state of 'com.westgate.rewrite2'
[38;5;181m[fb61e052][0m[38;5;-101m[AndroidUiautomator2Driver@2ae2][0m 'com.westgate.rewrite2' has been successfully terminated
[38;5;181m[fb61e052][0m[38;5;86m[HTTP][0m <-- POST /wd/hub/session/fb61e052-822b-4a75-9a0a-d9438debc0c2/execute/sync 200 970 ms - 14 
[38;5;181m[fb61e052][0m[38;5;86m[HTTP][0m [37m-->[39m [37mPOST[39m [37m/wd/hub/session/fb61e052-822b-4a75-9a0a-d9438debc0c2/context[39m {"name":"NATIVE_APP"}
[38;5;181m[fb61e052][0m[38;5;86m[HTTP][0m <-- POST /wd/hub/session/fb61e052-822b-4a75-9a0a-d9438debc0c2/context 200 1 ms - 14 
[38;5;181m[fb61e052][0m[38;5;86m[HTTP][0m [37m-->[39m [37mDELETE[39m [37m/wd/hub/session/fb61e052-822b-4a75-9a0a-d9438debc0c2[39m {}
[38;5;181m[fb61e052][0m[38;5;127m[AppiumDriver@f8dc][0m Removing session fb61e052-822b-4a75-9a0a-d9438debc0c2 from our master session list
[38;5;181m[fb61e052][0m[38;5;229m[ADB][0m com.westgate.rewrite2 was successfully uninstalled
[38;5;181m[fb61e052][0m[38;5;-101m[AndroidUiautomator2Driver@2ae2][0m Restoring hidden api policy to the device default configuration
[38;5;181m[fb61e052][0m[38;5;86m[HTTP][0m <-- DELETE /wd/hub/session/fb61e052-822b-4a75-9a0a-d9438debc0c2 200 2493 ms - 14 
[38;5;112m[Appium][0m Received SIGTERM - shutting down
[38;5;86m[HTTP][0m Closing Appium HTTP server
[38;5;86m[HTTP][0m Appium HTTP server has been succesfully closed after 0ms
