<?xml version="1.0" encoding="UTF-8" standalone="no"?>
<!DOCTYPE log SYSTEM "logger.dtd">
<log>
<record>
  <date>2025-04-01T11:55:53.992126Z</date>
  <millis>1743508553992</millis>
  <nanos>126000</nanos>
  <sequence>1</sequence>
  <level>START</level>
  <class>com.kms.katalon.core.logging.XmlKeywordLogger</class>
  <method>startSuite</method>
  <thread>1</thread>
  <message>Start Test Suite : Test Suites/WRMA Android Regression</message>
  <nestedLevel>0</nestedLevel>
  <escapedJava>false</escapedJava>
  <property name="rerunTestFailImmediately">true</property>
  <property name="retryCount">3</property>
  <property name="name">WRMA Android Regression</property>
  <property name="description"></property>
  <property name="id">Test Suites/WRMA Android Regression</property>
</record>
<record>
  <date>2025-04-01T11:55:53.996689Z</date>
  <millis>1743508553996</millis>
  <nanos>689000</nanos>
  <sequence>3</sequence>
  <level>RUN_DATA</level>
  <class>com.kms.katalon.core.logging.XmlKeywordLogger</class>
  <method>logMessage</method>
  <thread>1</thread>
  <message>hostName = **********</message>
  <nestedLevel>0</nestedLevel>
  <escapedJava>false</escapedJava>
  <property name="hostName">**********</property>
</record>
<record>
  <date>2025-04-01T11:55:53.996970Z</date>
  <millis>1743508553996</millis>
  <nanos>970000</nanos>
  <sequence>5</sequence>
  <level>RUN_DATA</level>
  <class>com.kms.katalon.core.logging.XmlKeywordLogger</class>
  <method>logMessage</method>
  <thread>1</thread>
  <message>os = Mac OS X 64bit</message>
  <nestedLevel>0</nestedLevel>
  <escapedJava>false</escapedJava>
  <property name="os">Mac OS X 64bit</property>
</record>
<record>
  <date>2025-04-01T11:55:53.997206Z</date>
  <millis>1743508553997</millis>
  <nanos>206000</nanos>
  <sequence>7</sequence>
  <level>RUN_DATA</level>
  <class>com.kms.katalon.core.logging.XmlKeywordLogger</class>
  <method>logMessage</method>
  <thread>1</thread>
  <message>hostAddress = **********</message>
  <nestedLevel>0</nestedLevel>
  <escapedJava>false</escapedJava>
  <property name="hostAddress">**********</property>
</record>
<record>
  <date>2025-04-01T11:55:53.997440Z</date>
  <millis>1743508553997</millis>
  <nanos>440000</nanos>
  <sequence>9</sequence>
  <level>RUN_DATA</level>
  <class>com.kms.katalon.core.logging.XmlKeywordLogger</class>
  <method>logMessage</method>
  <thread>1</thread>
  <message>katalonVersion = 10.1.1.0</message>
  <nestedLevel>0</nestedLevel>
  <escapedJava>false</escapedJava>
  <property name="katalonVersion">10.1.1.0</property>
</record>
<record>
  <date>2025-04-01T11:55:54.038564Z</date>
  <millis>1743508554038</millis>
  <nanos>564000</nanos>
  <sequence>12</sequence>
  <level>START</level>
  <class>com.kms.katalon.core.logging.XmlKeywordLogger</class>
  <method>startTest</method>
  <thread>1</thread>
  <message>Start Test Case : Test Cases/App Installation And Launching/C658-C667-C668_AppInstallationAndLaunching</message>
  <nestedLevel>1</nestedLevel>
  <escapedJava>false</escapedJava>
  <property name="remainingRetryCount">3</property>
  <property name="name">Test Cases/App Installation And Launching/C658-C667-C668_AppInstallationAndLaunching</property>
  <property name="description">Verify that the Intro Page opens correctly
Verify that the Term and Conditions in Guest Mode is displayed correctly
Verify that the Privacy Policy in Guest Mode is displayed correctly</property>
  <property name="iteration"></property>
  <property name="id">Test Cases/App Installation And Launching/C658-C667-C668_AppInstallationAndLaunching</property>
  <property name="source">\Users\gv.vignesh\Downloads\WGR-Android-Automation\Test Cases\App Installation And Launching\C658-C667-C668_AppInstallationAndLaunching.tc</property>
  <property name="tag"></property>
  <property name="isOptional">false</property>
  <property name="currentRetryCount">0</property>
</record>
<record>
  <date>2025-04-01T11:55:54.150985Z</date>
  <millis>1743508554150</millis>
  <nanos>985000</nanos>
  <sequence>14</sequence>
  <level>START</level>
  <class>com.kms.katalon.core.logging.XmlKeywordLogger</class>
  <method>startKeyword</method>
  <thread>1</thread>
  <message>Start action : startApplication(appUrl, true)</message>
  <nestedLevel>1</nestedLevel>
  <escapedJava>false</escapedJava>
  <property name="startLine">29</property>
  <property name="stepIndex">1</property>
  <property name="description">Launch the application on the physical device</property>
</record>
<record>
  <date>2025-04-01T11:55:54.210936Z</date>
  <millis>1743508554210</millis>
  <nanos>936000</nanos>
  <sequence>16</sequence>
  <level>INFO</level>
  <class>com.kms.katalon.core.logging.XmlKeywordLogger</class>
  <method>logMessage</method>
  <thread>1</thread>
  <message>Starting application: &amp;apos;/Users/gv.vignesh/Downloads/WGR-Android-Automation/App Folder/universal.apk&amp;apos;</message>
  <nestedLevel>1</nestedLevel>
  <escapedJava>false</escapedJava>
</record>
<record>
  <date>2025-04-01T11:55:54.223612Z</date>
  <millis>1743508554223</millis>
  <nanos>612000</nanos>
  <sequence>18</sequence>
  <level>INFO</level>
  <class>com.kms.katalon.core.logging.XmlKeywordLogger</class>
  <method>logMessage</method>
  <thread>1</thread>
  <message>User set preference: [&amp;apos;deviceId&amp;apos;, &amp;apos;&amp;apos;]</message>
  <nestedLevel>1</nestedLevel>
  <escapedJava>false</escapedJava>
</record>
<record>
  <date>2025-04-01T11:55:54.262327Z</date>
  <millis>1743508554262</millis>
  <nanos>327000</nanos>
  <sequence>20</sequence>
  <level>INFO</level>
  <class>com.kms.katalon.core.logging.XmlKeywordLogger</class>
  <method>logMessage</method>
  <thread>1</thread>
  <message>Detected NodeJS location: &amp;quot;/opt/homebrew/Cellar/node/23.10.0_1/bin/node&amp;quot;</message>
  <nestedLevel>1</nestedLevel>
  <escapedJava>false</escapedJava>
</record>
<record>
  <date>2025-04-01T11:55:54.265902Z</date>
  <millis>1743508554265</millis>
  <nanos>902000</nanos>
  <sequence>22</sequence>
  <level>INFO</level>
  <class>com.kms.katalon.core.logging.XmlKeywordLogger</class>
  <method>logMessage</method>
  <thread>1</thread>
  <message>PATH: /opt/homebrew/Cellar/node/23.10.0_1/bin:/opt/homebrew/bin:/usr/bin:/bin:/usr/sbin:/sbin:/Applications/Katalon Studio Enterprise.app/Contents/Eclipse/jre/Contents/Home/bin:/usr/local/bin/</message>
  <nestedLevel>1</nestedLevel>
  <escapedJava>false</escapedJava>
</record>
<record>
  <date>2025-04-01T11:55:54.266203Z</date>
  <millis>1743508554266</millis>
  <nanos>203000</nanos>
  <sequence>24</sequence>
  <level>INFO</level>
  <class>com.kms.katalon.core.logging.XmlKeywordLogger</class>
  <method>logMessage</method>
  <thread>1</thread>
  <message>APPIUM_HOME: /Users/gv.vignesh/.appium</message>
  <nestedLevel>1</nestedLevel>
  <escapedJava>false</escapedJava>
</record>
<record>
  <date>2025-04-01T11:55:54.266479Z</date>
  <millis>1743508554266</millis>
  <nanos>479000</nanos>
  <sequence>26</sequence>
  <level>INFO</level>
  <class>com.kms.katalon.core.logging.XmlKeywordLogger</class>
  <method>logMessage</method>
  <thread>1</thread>
  <message>appium outlog: /Users/gv.vignesh/Downloads/WGR-Android-Automation/Reports/20250401_172548/WRMA Android Regression/20250401_172548/appium.log</message>
  <nestedLevel>1</nestedLevel>
  <escapedJava>false</escapedJava>
</record>
<record>
  <date>2025-04-01T11:55:54.266698Z</date>
  <millis>1743508554266</millis>
  <nanos>698000</nanos>
  <sequence>28</sequence>
  <level>INFO</level>
  <class>com.kms.katalon.core.logging.XmlKeywordLogger</class>
  <method>logMessage</method>
  <thread>1</thread>
  <message>appium errlog: /Users/gv.vignesh/Downloads/WGR-Android-Automation/Reports/20250401_172548/WRMA Android Regression/20250401_172548/appium_error.log</message>
  <nestedLevel>1</nestedLevel>
  <escapedJava>false</escapedJava>
</record>
<record>
  <date>2025-04-01T11:55:55.262708Z</date>
  <millis>1743508555262</millis>
  <nanos>708000</nanos>
  <sequence>30</sequence>
  <level>INFO</level>
  <class>com.kms.katalon.core.logging.XmlKeywordLogger</class>
  <method>logMessage</method>
  <thread>1</thread>
  <message>Appium server started on port 57,057</message>
  <nestedLevel>1</nestedLevel>
  <escapedJava>false</escapedJava>
</record>
<record>
  <date>2025-04-01T11:56:31.509230Z</date>
  <millis>1743508591509</millis>
  <nanos>230000</nanos>
  <sequence>32</sequence>
  <level>RUN_DATA</level>
  <class>com.kms.katalon.core.logging.XmlKeywordLogger</class>
  <method>logMessage</method>
  <thread>1</thread>
  <message>deviceId = adb-a6e538dc5180-rpwVK8._adb-tls-connect._tcp</message>
  <nestedLevel>1</nestedLevel>
  <escapedJava>false</escapedJava>
  <property name="deviceId">adb-a6e538dc5180-rpwVK8._adb-tls-connect._tcp</property>
</record>
<record>
  <date>2025-04-01T11:56:31.509588Z</date>
  <millis>1743508591509</millis>
  <nanos>588000</nanos>
  <sequence>34</sequence>
  <level>RUN_DATA</level>
  <class>com.kms.katalon.core.logging.XmlKeywordLogger</class>
  <method>logMessage</method>
  <thread>1</thread>
  <message>deviceName = Xiaomi 23076PC4BI (Android 15)</message>
  <nestedLevel>1</nestedLevel>
  <escapedJava>false</escapedJava>
  <property name="deviceName">Xiaomi 23076PC4BI (Android 15)</property>
</record>
<record>
  <date>2025-04-01T11:56:31.509869Z</date>
  <millis>1743508591509</millis>
  <nanos>869000</nanos>
  <sequence>36</sequence>
  <level>RUN_DATA</level>
  <class>com.kms.katalon.core.logging.XmlKeywordLogger</class>
  <method>logMessage</method>
  <thread>1</thread>
  <message>deviceModel = 23076PC4BI</message>
  <nestedLevel>1</nestedLevel>
  <escapedJava>false</escapedJava>
  <property name="deviceModel">23076PC4BI</property>
</record>
<record>
  <date>2025-04-01T11:56:31.510097Z</date>
  <millis>1743508591510</millis>
  <nanos>97000</nanos>
  <sequence>38</sequence>
  <level>RUN_DATA</level>
  <class>com.kms.katalon.core.logging.XmlKeywordLogger</class>
  <method>logMessage</method>
  <thread>1</thread>
  <message>deviceManufacturer = Xiaomi</message>
  <nestedLevel>1</nestedLevel>
  <escapedJava>false</escapedJava>
  <property name="deviceManufacturer">Xiaomi</property>
</record>
<record>
  <date>2025-04-01T11:56:31.510311Z</date>
  <millis>1743508591510</millis>
  <nanos>311000</nanos>
  <sequence>40</sequence>
  <level>RUN_DATA</level>
  <class>com.kms.katalon.core.logging.XmlKeywordLogger</class>
  <method>logMessage</method>
  <thread>1</thread>
  <message>deviceOS = Android</message>
  <nestedLevel>1</nestedLevel>
  <escapedJava>false</escapedJava>
  <property name="deviceOS">Android</property>
</record>
<record>
  <date>2025-04-01T11:56:31.510525Z</date>
  <millis>1743508591510</millis>
  <nanos>525000</nanos>
  <sequence>42</sequence>
  <level>RUN_DATA</level>
  <class>com.kms.katalon.core.logging.XmlKeywordLogger</class>
  <method>logMessage</method>
  <thread>1</thread>
  <message>deviceOSVersion = 15</message>
  <nestedLevel>1</nestedLevel>
  <escapedJava>false</escapedJava>
  <property name="deviceOSVersion">15</property>
</record>
<record>
  <date>2025-04-01T11:56:31.525560Z</date>
  <millis>1743508591525</millis>
  <nanos>560000</nanos>
  <sequence>47</sequence>
  <level>FAILED</level>
  <class>com.kms.katalon.core.logging.XmlKeywordLogger</class>
  <method>logMessage</method>
  <thread>1</thread>
  <message>Unable to start application: &amp;apos;/Users/gv.vignesh/Downloads/WGR-Android-Automation/App Folder/universal.apk&amp;apos; (Root cause: com.kms.katalon.core.exception.StepFailedException: Unable to start application: &amp;apos;/Users/gv.vignesh/Downloads/WGR-Android-Automation/App Folder/universal.apk&amp;apos;
	at com.kms.katalon.core.mobile.keyword.internal.MobileKeywordMain.stepFailed(MobileKeywordMain.groovy:64)
	at com.kms.katalon.core.mobile.keyword.internal.MobileKeywordMain.runKeyword(MobileKeywordMain.groovy:34)
	at com.kms.katalon.core.mobile.keyword.builtin.StartApplicationKeyword.startApplication(StartApplicationKeyword.groovy:91)
	at com.kms.katalon.core.mobile.keyword.builtin.StartApplicationKeyword.execute(StartApplicationKeyword.groovy:48)
	at com.kms.katalon.core.keyword.internal.KeywordExecutor.executeKeywordForPlatform(KeywordExecutor.groovy:74)
	at com.kms.katalon.core.mobile.keyword.MobileBuiltInKeywords.startApplication(MobileBuiltInKeywords.groovy:49)
	at C658-C667-C668_AppInstallationAndLaunching.run(C658-C667-C668_AppInstallationAndLaunching:29)
	at com.kms.katalon.core.main.ScriptEngine.run(ScriptEngine.java:194)
	at com.kms.katalon.core.main.ScriptEngine.runScriptAsRawText(ScriptEngine.java:119)
	at com.kms.katalon.core.main.TestCaseExecutor.runScript(TestCaseExecutor.java:448)
	at com.kms.katalon.core.main.TestCaseExecutor.doExecute(TestCaseExecutor.java:439)
	at com.kms.katalon.core.main.TestCaseExecutor.processExecutionPhase(TestCaseExecutor.java:418)
	at com.kms.katalon.core.main.TestCaseExecutor.accessMainPhase(TestCaseExecutor.java:410)
	at com.kms.katalon.core.main.TestCaseExecutor.execute(TestCaseExecutor.java:285)
	at com.kms.katalon.core.common.CommonExecutor.accessTestCaseMainPhase(CommonExecutor.java:71)
	at com.kms.katalon.core.main.TestSuiteExecutor.accessTestSuiteMainPhase(TestSuiteExecutor.java:160)
	at com.kms.katalon.core.main.TestSuiteExecutor.execute(TestSuiteExecutor.java:107)
	at com.kms.katalon.core.main.TestCaseMain.startTestSuite(TestCaseMain.java:180)
	at TempTestSuite1743508548954.run(TempTestSuite1743508548954.groovy:35)
	at java.base/jdk.internal.reflect.NativeMethodAccessorImpl.invoke0(Native Method)
	at java.base/jdk.internal.reflect.NativeMethodAccessorImpl.invoke(NativeMethodAccessorImpl.java:77)
	at java.base/jdk.internal.reflect.DelegatingMethodAccessorImpl.invoke(DelegatingMethodAccessorImpl.java:43)
Caused by: org.openqa.selenium.SessionNotCreatedException: Could not start a new session. Response code 500. Message: An unknown server-side error occurred while processing the command. Original error: Error executing adbExec. Original error: &amp;apos;Command &amp;apos;/Users/gv.vignesh/.katalon/tools/android_sdk/platform-tools/adb -P 5037 -s adb-a6e538dc5180-rpwVK8._adb-tls-connect._tcp install -r -g &amp;apos;/Users/gv.vignesh/Downloads/WGR-Android-Automation/App Folder/universal.apk&amp;apos;&amp;apos; exited with code 1&amp;apos;; Command output: adb: failed to install /Users/gv.vignesh/Downloads/WGR-Android-Automation/App Folder/universal.apk: Failure [INSTALL_FAILED_USER_RESTRICTED: Install canceled by user]
 
Host info: host: &amp;apos;**********&amp;apos;, ip: &amp;apos;**********&amp;apos;
Build info: version: &amp;apos;4.22.0&amp;apos;, revision: &amp;apos;c5f3146703&amp;apos;
System info: os.name: &amp;apos;Mac OS X&amp;apos;, os.arch: &amp;apos;aarch64&amp;apos;, os.version: &amp;apos;15.3.2&amp;apos;, java.version: &amp;apos;17.0.14&amp;apos;
Driver info: io.appium.java_client.android.AndroidDriver
Command: [null, newSession {capabilities=[Capabilities {appium:app: /Users/gv.vignesh/Downloads..., appium:autoGrantPermissions: true, appium:automationName: uiautomator2, appium:deviceId: , appium:deviceName: Xiaomi 23076PC4BI (Android 15), appium:fullReset: true, appium:newCommandTimeout: 1800, appium:noReset: false, appium:platformName: ANDROID, appium:platformVersion: 15, appium:systemPort: 57056, appium:udid: adb-a6e538dc5180-rpwVK8._ad..., platformName: ANDROID}]}]
Capabilities {appium:app: /Users/gv.vignesh/Downloads..., appium:autoGrantPermissions: true, appium:automationName: uiautomator2, appium:deviceId: , appium:deviceName: Xiaomi 23076PC4BI (Android 15), appium:fullReset: true, appium:newCommandTimeout: 1800, appium:noReset: false, appium:platformName: ANDROID, appium:platformVersion: 15, appium:systemPort: 57056, appium:udid: adb-a6e538dc5180-rpwVK8._ad..., platformName: ANDROID}
	at org.openqa.selenium.remote.ProtocolHandshake.createSession(ProtocolHandshake.java:114)
	at org.openqa.selenium.remote.ProtocolHandshake.createSession(ProtocolHandshake.java:75)
	at org.openqa.selenium.remote.ProtocolHandshake.createSession(ProtocolHandshake.java:61)
	at io.appium.java_client.remote.AppiumCommandExecutor.createSession(AppiumCommandExecutor.java:176)
	at io.appium.java_client.remote.AppiumCommandExecutor.execute(AppiumCommandExecutor.java:237)
	at org.openqa.selenium.remote.RemoteWebDriver.execute(RemoteWebDriver.java:518)
	at io.appium.java_client.AppiumDriver.startSession(AppiumDriver.java:270)
	at org.openqa.selenium.remote.RemoteWebDriver.&amp;lt;init&amp;gt;(RemoteWebDriver.java:161)
	at io.appium.java_client.AppiumDriver.&amp;lt;init&amp;gt;(AppiumDriver.java:91)
	at io.appium.java_client.android.AndroidDriver.&amp;lt;init&amp;gt;(AndroidDriver.java:99)
	at com.kms.katalon.core.appium.driver.AppiumDriverManager.createMobileDriver(AppiumDriverManager.java:574)
	at com.kms.katalon.core.appium.driver.AppiumDriverManager.createMobileDriver(AppiumDriverManager.java:551)
	at com.kms.katalon.core.mobile.keyword.internal.MobileDriverFactory.startLocalMobileDriver(MobileDriverFactory.java:597)
	at com.kms.katalon.core.mobile.keyword.internal.MobileDriverFactory.startMobileDriver(MobileDriverFactory.java:510)
	at com.kms.katalon.core.mobile.keyword.builtin.StartApplicationKeyword$_startApplication_closure1.doCall(StartApplicationKeyword.groovy:89)
	at com.kms.katalon.core.mobile.keyword.builtin.StartApplicationKeyword$_startApplication_closure1.call(StartApplicationKeyword.groovy)
	at com.kms.katalon.core.mobile.keyword.internal.MobileKeywordMain.runKeyword(MobileKeywordMain.groovy:30)
	at com.kms.katalon.core.mobile.keyword.builtin.StartApplicationKeyword.startApplication(StartApplicationKeyword.groovy:91)
	at com.kms.katalon.core.mobile.keyword.builtin.StartApplicationKeyword.execute(StartApplicationKeyword.groovy:48)
	at com.kms.katalon.core.keyword.internal.KeywordExecutor.executeKeywordForPlatform(KeywordExecutor.groovy:74)
	at com.kms.katalon.core.mobile.keyword.MobileBuiltInKeywords.startApplication(MobileBuiltInKeywords.groovy:49)
	at Script1743080432155.run(Script1743080432155.groovy:29)
	... 15 more
)</message>
  <nestedLevel>1</nestedLevel>
  <escapedJava>false</escapedJava>
  <property name="failed.exception.class">org.openqa.selenium.SessionNotCreatedException</property>
  <property name="failed.exception.stacktrace">org.openqa.selenium.SessionNotCreatedException: Could not start a new session. Response code 500. Message: An unknown server-side error occurred while processing the command. Original error: Error executing adbExec. Original error: &apos;Command &apos;/Users/gv.vignesh/.katalon/tools/android_sdk/platform-tools/adb -P 5037 -s adb-a6e538dc5180-rpwVK8._adb-tls-connect._tcp install -r -g &apos;/Users/gv.vignesh/Downloads/WGR-Android-Automation/App Folder/universal.apk&apos;&apos; exited with code 1&apos;; Command output: adb: failed to install /Users/gv.vignesh/Downloads/WGR-Android-Automation/App Folder/universal.apk: Failure [INSTALL_FAILED_USER_RESTRICTED: Install canceled by user]
 
Host info: host: &apos;**********&apos;, ip: &apos;**********&apos;
Build info: version: &apos;4.22.0&apos;, revision: &apos;c5f3146703&apos;
System info: os.name: &apos;Mac OS X&apos;, os.arch: &apos;aarch64&apos;, os.version: &apos;15.3.2&apos;, java.version: &apos;17.0.14&apos;
Driver info: io.appium.java_client.android.AndroidDriver
Command: [null, newSession {capabilities=[Capabilities {appium:app: /Users/gv.vignesh/Downloads..., appium:autoGrantPermissions: true, appium:automationName: uiautomator2, appium:deviceId: , appium:deviceName: Xiaomi 23076PC4BI (Android 15), appium:fullReset: true, appium:newCommandTimeout: 1800, appium:noReset: false, appium:platformName: ANDROID, appium:platformVersion: 15, appium:systemPort: 57056, appium:udid: adb-a6e538dc5180-rpwVK8._ad..., platformName: ANDROID}]}]
Capabilities {appium:app: /Users/gv.vignesh/Downloads..., appium:autoGrantPermissions: true, appium:automationName: uiautomator2, appium:deviceId: , appium:deviceName: Xiaomi 23076PC4BI (Android 15), appium:fullReset: true, appium:newCommandTimeout: 1800, appium:noReset: false, appium:platformName: ANDROID, appium:platformVersion: 15, appium:systemPort: 57056, appium:udid: adb-a6e538dc5180-rpwVK8._ad..., platformName: ANDROID}
	at org.openqa.selenium.remote.ProtocolHandshake.createSession(ProtocolHandshake.java:114)
	at org.openqa.selenium.remote.ProtocolHandshake.createSession(ProtocolHandshake.java:75)
	at org.openqa.selenium.remote.ProtocolHandshake.createSession(ProtocolHandshake.java:61)
	at io.appium.java_client.remote.AppiumCommandExecutor.createSession(AppiumCommandExecutor.java:176)
	at io.appium.java_client.remote.AppiumCommandExecutor.execute(AppiumCommandExecutor.java:237)
	at org.openqa.selenium.remote.RemoteWebDriver.execute(RemoteWebDriver.java:518)
	at io.appium.java_client.AppiumDriver.startSession(AppiumDriver.java:270)
	at org.openqa.selenium.remote.RemoteWebDriver.&lt;init&gt;(RemoteWebDriver.java:161)
	at io.appium.java_client.AppiumDriver.&lt;init&gt;(AppiumDriver.java:91)
	at io.appium.java_client.android.AndroidDriver.&lt;init&gt;(AndroidDriver.java:99)
	at com.kms.katalon.core.appium.driver.AppiumDriverManager.createMobileDriver(AppiumDriverManager.java:574)
	at com.kms.katalon.core.appium.driver.AppiumDriverManager.createMobileDriver(AppiumDriverManager.java:551)
	at com.kms.katalon.core.mobile.keyword.internal.MobileDriverFactory.startLocalMobileDriver(MobileDriverFactory.java:597)
	at com.kms.katalon.core.mobile.keyword.internal.MobileDriverFactory.startMobileDriver(MobileDriverFactory.java:510)
	at com.kms.katalon.core.mobile.keyword.builtin.StartApplicationKeyword$_startApplication_closure1.doCall(StartApplicationKeyword.groovy:89)
	at com.kms.katalon.core.mobile.keyword.builtin.StartApplicationKeyword$_startApplication_closure1.call(StartApplicationKeyword.groovy)
	at com.kms.katalon.core.mobile.keyword.internal.MobileKeywordMain.runKeyword(MobileKeywordMain.groovy:30)
	at com.kms.katalon.core.mobile.keyword.builtin.StartApplicationKeyword.startApplication(StartApplicationKeyword.groovy:91)
	at com.kms.katalon.core.mobile.keyword.builtin.StartApplicationKeyword.execute(StartApplicationKeyword.groovy:48)
	at com.kms.katalon.core.keyword.internal.KeywordExecutor.executeKeywordForPlatform(KeywordExecutor.groovy:74)
	at com.kms.katalon.core.mobile.keyword.MobileBuiltInKeywords.startApplication(MobileBuiltInKeywords.groovy:49)
	at C658-C667-C668_AppInstallationAndLaunching.run(C658-C667-C668_AppInstallationAndLaunching:29)
	at com.kms.katalon.core.main.ScriptEngine.run(ScriptEngine.java:194)
	at com.kms.katalon.core.main.ScriptEngine.runScriptAsRawText(ScriptEngine.java:119)
	at com.kms.katalon.core.main.TestCaseExecutor.runScript(TestCaseExecutor.java:448)
	at com.kms.katalon.core.main.TestCaseExecutor.doExecute(TestCaseExecutor.java:439)
	at com.kms.katalon.core.main.TestCaseExecutor.processExecutionPhase(TestCaseExecutor.java:418)
	at com.kms.katalon.core.main.TestCaseExecutor.accessMainPhase(TestCaseExecutor.java:410)
	at com.kms.katalon.core.main.TestCaseExecutor.execute(TestCaseExecutor.java:285)
	at com.kms.katalon.core.common.CommonExecutor.accessTestCaseMainPhase(CommonExecutor.java:71)
	at com.kms.katalon.core.main.TestSuiteExecutor.accessTestSuiteMainPhase(TestSuiteExecutor.java:160)
	at com.kms.katalon.core.main.TestSuiteExecutor.execute(TestSuiteExecutor.java:107)
	at com.kms.katalon.core.main.TestCaseMain.startTestSuite(TestCaseMain.java:180)
	at TempTestSuite1743508548954.run(TempTestSuite1743508548954.groovy:35)
	at java.base/jdk.internal.reflect.NativeMethodAccessorImpl.invoke0(Native Method)
	at java.base/jdk.internal.reflect.NativeMethodAccessorImpl.invoke(NativeMethodAccessorImpl.java:77)
	at java.base/jdk.internal.reflect.DelegatingMethodAccessorImpl.invoke(DelegatingMethodAccessorImpl.java:43)
</property>
  <property name="failed.exception.message">Could not start a new session. Response code 500. Message: An unknown server-side error occurred while processing the command. Original error: Error executing adbExec. Original error: &apos;Command &apos;/Users/gv.vignesh/.katalon/tools/android_sdk/platform-tools/adb -P 5037 -s adb-a6e538dc5180-rpwVK8._adb-tls-connect._tcp install -r -g &apos;/Users/gv.vignesh/Downloads/WGR-Android-Automation/App Folder/universal.apk&apos;&apos; exited with code 1&apos;; Command output: adb: failed to install /Users/gv.vignesh/Downloads/WGR-Android-Automation/App Folder/universal.apk: Failure [INSTALL_FAILED_USER_RESTRICTED: Install canceled by user]
 
Host info: host: &apos;GVVigneshs-MacBook-Air.local&apos;, ip: &apos;fe80:0:0:0:40d:e90:b64f:3aaf%en0&apos;
Build info: version: &apos;4.22.0&apos;, revision: &apos;c5f3146703&apos;
System info: os.name: &apos;Mac OS X&apos;, os.arch: &apos;aarch64&apos;, os.version: &apos;15.3.2&apos;, java.version: &apos;17.0.14&apos;
Driver info: io.appium.java_client.android.AndroidDriver
Command: [null, newSession {capabilities=[Capabilities {appium:app: /Users/gv.vignesh/Downloads..., appium:autoGrantPermissions: true, appium:automationName: uiautomator2, appium:deviceId: , appium:deviceName: Xiaomi 23076PC4BI (Android 15), appium:fullReset: true, appium:newCommandTimeout: 1800, appium:noReset: false, appium:platformName: ANDROID, appium:platformVersion: 15, appium:systemPort: 57056, appium:udid: adb-a6e538dc5180-rpwVK8._ad..., platformName: ANDROID}]}]
Capabilities {appium:app: /Users/gv.vignesh/Downloads..., appium:autoGrantPermissions: true, appium:automationName: uiautomator2, appium:deviceId: , appium:deviceName: Xiaomi 23076PC4BI (Android 15), appium:fullReset: true, appium:newCommandTimeout: 1800, appium:noReset: false, appium:platformName: ANDROID, appium:platformVersion: 15, appium:systemPort: 57056, appium:udid: adb-a6e538dc5180-rpwVK8._ad..., platformName: ANDROID}</property>
</record>
<record>
  <date>2025-04-01T11:56:31.527952Z</date>
  <millis>1743508591527</millis>
  <nanos>952000</nanos>
  <sequence>50</sequence>
  <level>END</level>
  <class>com.kms.katalon.core.logging.XmlKeywordLogger</class>
  <method>endKeyword</method>
  <thread>1</thread>
  <message>End action : startApplication(appUrl, true)</message>
  <nestedLevel>1</nestedLevel>
  <escapedJava>false</escapedJava>
</record>
<record>
  <date>2025-04-01T11:56:31.528670Z</date>
  <millis>1743508591528</millis>
  <nanos>670000</nanos>
  <sequence>54</sequence>
  <level>FAILED</level>
  <class>com.kms.katalon.core.logging.XmlKeywordLogger</class>
  <method>logMessage</method>
  <thread>1</thread>
  <message>Test Cases/App Installation And Launching/C658-C667-C668_AppInstallationAndLaunching FAILED.
Reason:
com.kms.katalon.core.exception.StepFailedException: Unable to start application: &amp;apos;/Users/gv.vignesh/Downloads/WGR-Android-Automation/App Folder/universal.apk&amp;apos;
	at com.kms.katalon.core.mobile.keyword.internal.MobileKeywordMain.stepFailed(MobileKeywordMain.groovy:64)
	at com.kms.katalon.core.mobile.keyword.internal.MobileKeywordMain.runKeyword(MobileKeywordMain.groovy:34)
	at com.kms.katalon.core.mobile.keyword.builtin.StartApplicationKeyword.startApplication(StartApplicationKeyword.groovy:91)
	at com.kms.katalon.core.mobile.keyword.builtin.StartApplicationKeyword.execute(StartApplicationKeyword.groovy:48)
	at com.kms.katalon.core.keyword.internal.KeywordExecutor.executeKeywordForPlatform(KeywordExecutor.groovy:74)
	at com.kms.katalon.core.mobile.keyword.MobileBuiltInKeywords.startApplication(MobileBuiltInKeywords.groovy:49)
	at C658-C667-C668_AppInstallationAndLaunching.run(C658-C667-C668_AppInstallationAndLaunching:29)
	at com.kms.katalon.core.main.ScriptEngine.run(ScriptEngine.java:194)
	at com.kms.katalon.core.main.ScriptEngine.runScriptAsRawText(ScriptEngine.java:119)
	at com.kms.katalon.core.main.TestCaseExecutor.runScript(TestCaseExecutor.java:448)
	at com.kms.katalon.core.main.TestCaseExecutor.doExecute(TestCaseExecutor.java:439)
	at com.kms.katalon.core.main.TestCaseExecutor.processExecutionPhase(TestCaseExecutor.java:418)
	at com.kms.katalon.core.main.TestCaseExecutor.accessMainPhase(TestCaseExecutor.java:410)
	at com.kms.katalon.core.main.TestCaseExecutor.execute(TestCaseExecutor.java:285)
	at com.kms.katalon.core.common.CommonExecutor.accessTestCaseMainPhase(CommonExecutor.java:71)
	at com.kms.katalon.core.main.TestSuiteExecutor.accessTestSuiteMainPhase(TestSuiteExecutor.java:160)
	at com.kms.katalon.core.main.TestSuiteExecutor.execute(TestSuiteExecutor.java:107)
	at com.kms.katalon.core.main.TestCaseMain.startTestSuite(TestCaseMain.java:180)
	at TempTestSuite1743508548954.run(TempTestSuite1743508548954.groovy:35)
	at java.base/jdk.internal.reflect.NativeMethodAccessorImpl.invoke0(Native Method)
	at java.base/jdk.internal.reflect.NativeMethodAccessorImpl.invoke(NativeMethodAccessorImpl.java:77)
	at java.base/jdk.internal.reflect.DelegatingMethodAccessorImpl.invoke(DelegatingMethodAccessorImpl.java:43)
Caused by: org.openqa.selenium.SessionNotCreatedException: Could not start a new session. Response code 500. Message: An unknown server-side error occurred while processing the command. Original error: Error executing adbExec. Original error: &amp;apos;Command &amp;apos;/Users/gv.vignesh/.katalon/tools/android_sdk/platform-tools/adb -P 5037 -s adb-a6e538dc5180-rpwVK8._adb-tls-connect._tcp install -r -g &amp;apos;/Users/gv.vignesh/Downloads/WGR-Android-Automation/App Folder/universal.apk&amp;apos;&amp;apos; exited with code 1&amp;apos;; Command output: adb: failed to install /Users/gv.vignesh/Downloads/WGR-Android-Automation/App Folder/universal.apk: Failure [INSTALL_FAILED_USER_RESTRICTED: Install canceled by user]
 
Host info: host: &amp;apos;**********&amp;apos;, ip: &amp;apos;**********&amp;apos;
Build info: version: &amp;apos;4.22.0&amp;apos;, revision: &amp;apos;c5f3146703&amp;apos;
System info: os.name: &amp;apos;Mac OS X&amp;apos;, os.arch: &amp;apos;aarch64&amp;apos;, os.version: &amp;apos;15.3.2&amp;apos;, java.version: &amp;apos;17.0.14&amp;apos;
Driver info: io.appium.java_client.android.AndroidDriver
Command: [null, newSession {capabilities=[Capabilities {appium:app: /Users/gv.vignesh/Downloads..., appium:autoGrantPermissions: true, appium:automationName: uiautomator2, appium:deviceId: , appium:deviceName: Xiaomi 23076PC4BI (Android 15), appium:fullReset: true, appium:newCommandTimeout: 1800, appium:noReset: false, appium:platformName: ANDROID, appium:platformVersion: 15, appium:systemPort: 57056, appium:udid: adb-a6e538dc5180-rpwVK8._ad..., platformName: ANDROID}]}]
Capabilities {appium:app: /Users/gv.vignesh/Downloads..., appium:autoGrantPermissions: true, appium:automationName: uiautomator2, appium:deviceId: , appium:deviceName: Xiaomi 23076PC4BI (Android 15), appium:fullReset: true, appium:newCommandTimeout: 1800, appium:noReset: false, appium:platformName: ANDROID, appium:platformVersion: 15, appium:systemPort: 57056, appium:udid: adb-a6e538dc5180-rpwVK8._ad..., platformName: ANDROID}
	at org.openqa.selenium.remote.ProtocolHandshake.createSession(ProtocolHandshake.java:114)
	at org.openqa.selenium.remote.ProtocolHandshake.createSession(ProtocolHandshake.java:75)
	at org.openqa.selenium.remote.ProtocolHandshake.createSession(ProtocolHandshake.java:61)
	at io.appium.java_client.remote.AppiumCommandExecutor.createSession(AppiumCommandExecutor.java:176)
	at io.appium.java_client.remote.AppiumCommandExecutor.execute(AppiumCommandExecutor.java:237)
	at org.openqa.selenium.remote.RemoteWebDriver.execute(RemoteWebDriver.java:518)
	at io.appium.java_client.AppiumDriver.startSession(AppiumDriver.java:270)
	at org.openqa.selenium.remote.RemoteWebDriver.&amp;lt;init&amp;gt;(RemoteWebDriver.java:161)
	at io.appium.java_client.AppiumDriver.&amp;lt;init&amp;gt;(AppiumDriver.java:91)
	at io.appium.java_client.android.AndroidDriver.&amp;lt;init&amp;gt;(AndroidDriver.java:99)
	at com.kms.katalon.core.appium.driver.AppiumDriverManager.createMobileDriver(AppiumDriverManager.java:574)
	at com.kms.katalon.core.appium.driver.AppiumDriverManager.createMobileDriver(AppiumDriverManager.java:551)
	at com.kms.katalon.core.mobile.keyword.internal.MobileDriverFactory.startLocalMobileDriver(MobileDriverFactory.java:597)
	at com.kms.katalon.core.mobile.keyword.internal.MobileDriverFactory.startMobileDriver(MobileDriverFactory.java:510)
	at com.kms.katalon.core.mobile.keyword.builtin.StartApplicationKeyword$_startApplication_closure1.doCall(StartApplicationKeyword.groovy:89)
	at com.kms.katalon.core.mobile.keyword.builtin.StartApplicationKeyword$_startApplication_closure1.call(StartApplicationKeyword.groovy)
	at com.kms.katalon.core.mobile.keyword.internal.MobileKeywordMain.runKeyword(MobileKeywordMain.groovy:30)
	... 20 more
</message>
  <exception>
    <message>com.kms.katalon.core.exception.StepFailedException: Unable to start application: '/Users/gv.vignesh/Downloads/WGR-Android-Automation/App Folder/universal.apk'</message>
    <frame>
      <class>com.kms.katalon.core.mobile.keyword.internal.MobileKeywordMain</class>
      <method>stepFailed</method>
      <line>64</line>
    </frame>
    <frame>
      <class>com.kms.katalon.core.mobile.keyword.internal.MobileKeywordMain</class>
      <method>runKeyword</method>
      <line>34</line>
    </frame>
    <frame>
      <class>com.kms.katalon.core.mobile.keyword.builtin.StartApplicationKeyword</class>
      <method>startApplication</method>
      <line>91</line>
    </frame>
    <frame>
      <class>com.kms.katalon.core.mobile.keyword.builtin.StartApplicationKeyword</class>
      <method>execute</method>
      <line>48</line>
    </frame>
    <frame>
      <class>com.kms.katalon.core.keyword.internal.KeywordExecutor</class>
      <method>executeKeywordForPlatform</method>
      <line>74</line>
    </frame>
    <frame>
      <class>com.kms.katalon.core.mobile.keyword.MobileBuiltInKeywords</class>
      <method>startApplication</method>
      <line>49</line>
    </frame>
    <frame>
      <class>C658-C667-C668_AppInstallationAndLaunching</class>
      <method>run</method>
      <line>29</line>
    </frame>
    <frame>
      <class>com.kms.katalon.core.main.ScriptEngine</class>
      <method>run</method>
      <line>194</line>
    </frame>
    <frame>
      <class>com.kms.katalon.core.main.ScriptEngine</class>
      <method>runScriptAsRawText</method>
      <line>119</line>
    </frame>
    <frame>
      <class>com.kms.katalon.core.main.TestCaseExecutor</class>
      <method>runScript</method>
      <line>448</line>
    </frame>
    <frame>
      <class>com.kms.katalon.core.main.TestCaseExecutor</class>
      <method>doExecute</method>
      <line>439</line>
    </frame>
    <frame>
      <class>com.kms.katalon.core.main.TestCaseExecutor</class>
      <method>processExecutionPhase</method>
      <line>418</line>
    </frame>
    <frame>
      <class>com.kms.katalon.core.main.TestCaseExecutor</class>
      <method>accessMainPhase</method>
      <line>410</line>
    </frame>
    <frame>
      <class>com.kms.katalon.core.main.TestCaseExecutor</class>
      <method>execute</method>
      <line>285</line>
    </frame>
    <frame>
      <class>com.kms.katalon.core.common.CommonExecutor</class>
      <method>accessTestCaseMainPhase</method>
      <line>71</line>
    </frame>
    <frame>
      <class>com.kms.katalon.core.main.TestSuiteExecutor</class>
      <method>accessTestSuiteMainPhase</method>
      <line>160</line>
    </frame>
    <frame>
      <class>com.kms.katalon.core.main.TestSuiteExecutor</class>
      <method>execute</method>
      <line>107</line>
    </frame>
    <frame>
      <class>com.kms.katalon.core.main.TestCaseMain</class>
      <method>startTestSuite</method>
      <line>180</line>
    </frame>
    <frame>
      <class>TempTestSuite1743508548954</class>
      <method>run</method>
      <line>35</line>
    </frame>
    <frame>
      <class>jdk.internal.reflect.NativeMethodAccessorImpl</class>
      <method>invoke0</method>
    </frame>
    <frame>
      <class>jdk.internal.reflect.NativeMethodAccessorImpl</class>
      <method>invoke</method>
      <line>77</line>
    </frame>
    <frame>
      <class>jdk.internal.reflect.DelegatingMethodAccessorImpl</class>
      <method>invoke</method>
      <line>43</line>
    </frame>
  </exception>
  <nestedLevel>0</nestedLevel>
  <escapedJava>false</escapedJava>
  <property name="failed.exception.stacktrace">org.openqa.selenium.SessionNotCreatedException: Could not start a new session. Response code 500. Message: An unknown server-side error occurred while processing the command. Original error: Error executing adbExec. Original error: &apos;Command &apos;/Users/gv.vignesh/.katalon/tools/android_sdk/platform-tools/adb -P 5037 -s adb-a6e538dc5180-rpwVK8._adb-tls-connect._tcp install -r -g &apos;/Users/gv.vignesh/Downloads/WGR-Android-Automation/App Folder/universal.apk&apos;&apos; exited with code 1&apos;; Command output: adb: failed to install /Users/gv.vignesh/Downloads/WGR-Android-Automation/App Folder/universal.apk: Failure [INSTALL_FAILED_USER_RESTRICTED: Install canceled by user]
 
Host info: host: &apos;**********&apos;, ip: &apos;**********&apos;
Build info: version: &apos;4.22.0&apos;, revision: &apos;c5f3146703&apos;
System info: os.name: &apos;Mac OS X&apos;, os.arch: &apos;aarch64&apos;, os.version: &apos;15.3.2&apos;, java.version: &apos;17.0.14&apos;
Driver info: io.appium.java_client.android.AndroidDriver
Command: [null, newSession {capabilities=[Capabilities {appium:app: /Users/gv.vignesh/Downloads..., appium:autoGrantPermissions: true, appium:automationName: uiautomator2, appium:deviceId: , appium:deviceName: Xiaomi 23076PC4BI (Android 15), appium:fullReset: true, appium:newCommandTimeout: 1800, appium:noReset: false, appium:platformName: ANDROID, appium:platformVersion: 15, appium:systemPort: 57056, appium:udid: adb-a6e538dc5180-rpwVK8._ad..., platformName: ANDROID}]}]
Capabilities {appium:app: /Users/gv.vignesh/Downloads..., appium:autoGrantPermissions: true, appium:automationName: uiautomator2, appium:deviceId: , appium:deviceName: Xiaomi 23076PC4BI (Android 15), appium:fullReset: true, appium:newCommandTimeout: 1800, appium:noReset: false, appium:platformName: ANDROID, appium:platformVersion: 15, appium:systemPort: 57056, appium:udid: adb-a6e538dc5180-rpwVK8._ad..., platformName: ANDROID}
	at org.openqa.selenium.remote.ProtocolHandshake.createSession(ProtocolHandshake.java:114)
	at org.openqa.selenium.remote.ProtocolHandshake.createSession(ProtocolHandshake.java:75)
	at org.openqa.selenium.remote.ProtocolHandshake.createSession(ProtocolHandshake.java:61)
	at io.appium.java_client.remote.AppiumCommandExecutor.createSession(AppiumCommandExecutor.java:176)
	at io.appium.java_client.remote.AppiumCommandExecutor.execute(AppiumCommandExecutor.java:237)
	at org.openqa.selenium.remote.RemoteWebDriver.execute(RemoteWebDriver.java:518)
	at io.appium.java_client.AppiumDriver.startSession(AppiumDriver.java:270)
	at org.openqa.selenium.remote.RemoteWebDriver.&lt;init&gt;(RemoteWebDriver.java:161)
	at io.appium.java_client.AppiumDriver.&lt;init&gt;(AppiumDriver.java:91)
	at io.appium.java_client.android.AndroidDriver.&lt;init&gt;(AndroidDriver.java:99)
	at com.kms.katalon.core.appium.driver.AppiumDriverManager.createMobileDriver(AppiumDriverManager.java:574)
	at com.kms.katalon.core.appium.driver.AppiumDriverManager.createMobileDriver(AppiumDriverManager.java:551)
	at com.kms.katalon.core.mobile.keyword.internal.MobileDriverFactory.startLocalMobileDriver(MobileDriverFactory.java:597)
	at com.kms.katalon.core.mobile.keyword.internal.MobileDriverFactory.startMobileDriver(MobileDriverFactory.java:510)
	at com.kms.katalon.core.mobile.keyword.builtin.StartApplicationKeyword$_startApplication_closure1.doCall(StartApplicationKeyword.groovy:89)
	at com.kms.katalon.core.mobile.keyword.builtin.StartApplicationKeyword$_startApplication_closure1.call(StartApplicationKeyword.groovy)
	at com.kms.katalon.core.mobile.keyword.internal.MobileKeywordMain.runKeyword(MobileKeywordMain.groovy:30)
	at com.kms.katalon.core.mobile.keyword.builtin.StartApplicationKeyword.startApplication(StartApplicationKeyword.groovy:91)
	at com.kms.katalon.core.mobile.keyword.builtin.StartApplicationKeyword.execute(StartApplicationKeyword.groovy:48)
	at com.kms.katalon.core.keyword.internal.KeywordExecutor.executeKeywordForPlatform(KeywordExecutor.groovy:74)
	at com.kms.katalon.core.mobile.keyword.MobileBuiltInKeywords.startApplication(MobileBuiltInKeywords.groovy:49)
	at C658-C667-C668_AppInstallationAndLaunching.run(C658-C667-C668_AppInstallationAndLaunching:29)
	at com.kms.katalon.core.main.ScriptEngine.run(ScriptEngine.java:194)
	at com.kms.katalon.core.main.ScriptEngine.runScriptAsRawText(ScriptEngine.java:119)
	at com.kms.katalon.core.main.TestCaseExecutor.runScript(TestCaseExecutor.java:448)
	at com.kms.katalon.core.main.TestCaseExecutor.doExecute(TestCaseExecutor.java:439)
	at com.kms.katalon.core.main.TestCaseExecutor.processExecutionPhase(TestCaseExecutor.java:418)
	at com.kms.katalon.core.main.TestCaseExecutor.accessMainPhase(TestCaseExecutor.java:410)
	at com.kms.katalon.core.main.TestCaseExecutor.execute(TestCaseExecutor.java:285)
	at com.kms.katalon.core.common.CommonExecutor.accessTestCaseMainPhase(CommonExecutor.java:71)
	at com.kms.katalon.core.main.TestSuiteExecutor.accessTestSuiteMainPhase(TestSuiteExecutor.java:160)
	at com.kms.katalon.core.main.TestSuiteExecutor.execute(TestSuiteExecutor.java:107)
	at com.kms.katalon.core.main.TestCaseMain.startTestSuite(TestCaseMain.java:180)
	at TempTestSuite1743508548954.run(TempTestSuite1743508548954.groovy:35)
	at java.base/jdk.internal.reflect.NativeMethodAccessorImpl.invoke0(Native Method)
	at java.base/jdk.internal.reflect.NativeMethodAccessorImpl.invoke(NativeMethodAccessorImpl.java:77)
	at java.base/jdk.internal.reflect.DelegatingMethodAccessorImpl.invoke(DelegatingMethodAccessorImpl.java:43)
</property>
  <property name="failed.exception.class">org.openqa.selenium.SessionNotCreatedException</property>
  <property name="failed.exception.message">Could not start a new session. Response code 500. Message: An unknown server-side error occurred while processing the command. Original error: Error executing adbExec. Original error: &apos;Command &apos;/Users/gv.vignesh/.katalon/tools/android_sdk/platform-tools/adb -P 5037 -s adb-a6e538dc5180-rpwVK8._adb-tls-connect._tcp install -r -g &apos;/Users/gv.vignesh/Downloads/WGR-Android-Automation/App Folder/universal.apk&apos;&apos; exited with code 1&apos;; Command output: adb: failed to install /Users/gv.vignesh/Downloads/WGR-Android-Automation/App Folder/universal.apk: Failure [INSTALL_FAILED_USER_RESTRICTED: Install canceled by user]
 
Host info: host: &apos;GVVigneshs-MacBook-Air.local&apos;, ip: &apos;fe80:0:0:0:40d:e90:b64f:3aaf%en0&apos;
Build info: version: &apos;4.22.0&apos;, revision: &apos;c5f3146703&apos;
System info: os.name: &apos;Mac OS X&apos;, os.arch: &apos;aarch64&apos;, os.version: &apos;15.3.2&apos;, java.version: &apos;17.0.14&apos;
Driver info: io.appium.java_client.android.AndroidDriver
Command: [null, newSession {capabilities=[Capabilities {appium:app: /Users/gv.vignesh/Downloads..., appium:autoGrantPermissions: true, appium:automationName: uiautomator2, appium:deviceId: , appium:deviceName: Xiaomi 23076PC4BI (Android 15), appium:fullReset: true, appium:newCommandTimeout: 1800, appium:noReset: false, appium:platformName: ANDROID, appium:platformVersion: 15, appium:systemPort: 57056, appium:udid: adb-a6e538dc5180-rpwVK8._ad..., platformName: ANDROID}]}]
Capabilities {appium:app: /Users/gv.vignesh/Downloads..., appium:autoGrantPermissions: true, appium:automationName: uiautomator2, appium:deviceId: , appium:deviceName: Xiaomi 23076PC4BI (Android 15), appium:fullReset: true, appium:newCommandTimeout: 1800, appium:noReset: false, appium:platformName: ANDROID, appium:platformVersion: 15, appium:systemPort: 57056, appium:udid: adb-a6e538dc5180-rpwVK8._ad..., platformName: ANDROID}</property>
</record>
<record>
  <date>2025-04-01T11:56:31.531245Z</date>
  <millis>1743508591531</millis>
  <nanos>245000</nanos>
  <sequence>57</sequence>
  <level>END</level>
  <class>com.kms.katalon.core.logging.XmlKeywordLogger</class>
  <method>endTest</method>
  <thread>1</thread>
  <message>End Test Case : Test Cases/App Installation And Launching/C658-C667-C668_AppInstallationAndLaunching</message>
  <nestedLevel>0</nestedLevel>
  <escapedJava>false</escapedJava>
  <property name="executionBindingVariables">[]</property>
  <property name="applitools">false</property>
  <property name="remainingRetryCount">3</property>
  <property name="currentRetryCount">0</property>
  <property name="keywordsUsage">{
  &quot;web_ui&quot;: false,
  &quot;web_service&quot;: false,
  &quot;cucumber&quot;: false,
  &quot;builtin&quot;: false,
  &quot;mobile&quot;: true,
  &quot;windows&quot;: false,
  &quot;testng&quot;: false
}</property>
</record>
<record>
  <date>2025-04-01T11:56:31.533079Z</date>
  <millis>1743508591533</millis>
  <nanos>79000</nanos>
  <sequence>60</sequence>
  <level>START</level>
  <class>com.kms.katalon.core.logging.XmlKeywordLogger</class>
  <method>startTest</method>
  <thread>1</thread>
  <message>Start Test Case : Test Cases/App Installation And Launching/C658-C667-C668_AppInstallationAndLaunching</message>
  <nestedLevel>1</nestedLevel>
  <escapedJava>false</escapedJava>
  <property name="remainingRetryCount">2</property>
  <property name="name">Test Cases/App Installation And Launching/C658-C667-C668_AppInstallationAndLaunching</property>
  <property name="description">Verify that the Intro Page opens correctly
Verify that the Term and Conditions in Guest Mode is displayed correctly
Verify that the Privacy Policy in Guest Mode is displayed correctly</property>
  <property name="iteration"></property>
  <property name="id">Test Cases/App Installation And Launching/C658-C667-C668_AppInstallationAndLaunching</property>
  <property name="source">\Users\gv.vignesh\Downloads\WGR-Android-Automation\Test Cases\App Installation And Launching\C658-C667-C668_AppInstallationAndLaunching.tc</property>
  <property name="tag"></property>
  <property name="isOptional">false</property>
  <property name="currentRetryCount">1</property>
</record>
<record>
  <date>2025-04-01T11:56:31.544222Z</date>
  <millis>1743508591544</millis>
  <nanos>222000</nanos>
  <sequence>62</sequence>
  <level>START</level>
  <class>com.kms.katalon.core.logging.XmlKeywordLogger</class>
  <method>startKeyword</method>
  <thread>1</thread>
  <message>Start action : startApplication(appUrl, true)</message>
  <nestedLevel>1</nestedLevel>
  <escapedJava>false</escapedJava>
  <property name="startLine">29</property>
  <property name="stepIndex">1</property>
  <property name="description">Launch the application on the physical device</property>
</record>
<record>
  <date>2025-04-01T11:56:31.545547Z</date>
  <millis>1743508591545</millis>
  <nanos>547000</nanos>
  <sequence>64</sequence>
  <level>INFO</level>
  <class>com.kms.katalon.core.logging.XmlKeywordLogger</class>
  <method>logMessage</method>
  <thread>1</thread>
  <message>Starting application: &amp;apos;/Users/gv.vignesh/Downloads/WGR-Android-Automation/App Folder/universal.apk&amp;apos;</message>
  <nestedLevel>1</nestedLevel>
  <escapedJava>false</escapedJava>
</record>
<record>
  <date>2025-04-01T11:56:31.545856Z</date>
  <millis>1743508591545</millis>
  <nanos>856000</nanos>
  <sequence>66</sequence>
  <level>INFO</level>
  <class>com.kms.katalon.core.logging.XmlKeywordLogger</class>
  <method>logMessage</method>
  <thread>1</thread>
  <message>User set preference: [&amp;apos;deviceId&amp;apos;, &amp;apos;&amp;apos;]</message>
  <nestedLevel>1</nestedLevel>
  <escapedJava>false</escapedJava>
</record>
</log>
