[38;5;112m[Appium][0m Welcome to Appium v2.16.0 (REV f1041842141f20bc701b522d4371d7843d905580)
[38;5;112m[Appium][0m Non-default server args:
[38;5;112m[Appium][0m { basePath: [32m'/wd/hub'[39m, loglevel: [32m'info'[39m, port: [33m58511[39m }
[38;5;112m[Appium][0m Attempting to load driver uiautomator2...
[38;5;112m[Appium][0m Appium REST http interface listener started on http://0.0.0.0:58511/wd/hub
[38;5;112m[Appium][0m You can provide the following URLs in your client code to connect to this server:
	http://127.0.0.1:58511/wd/hub (only accessible from the same host)
	http://192.168.0.102:58511/wd/hub
[38;5;112m[Appium][0m Available drivers:
[38;5;112m[Appium][0m   - uiautomator2@4.1.5 (automationName 'UiAutomator2')
[38;5;112m[Appium][0m No plugins have been installed. Use the "appium plugin" command to install the one(s) you want to use.
[38;5;86m[HTTP][0m [37m-->[39m [37mGET[39m [37m/wd/hub/status[39m {}
[38;5;86m[HTTP][0m <-- GET /wd/hub/status 200 3 ms - 200 
[38;5;86m[HTTP][0m [37m-->[39m [37mPOST[39m [37m/wd/hub/session[39m {"capabilities":{"firstMatch":[{"appium:app":"/Users/gv.vignesh/Downloads/WGR-Android-Automation/App Folder/universal.apk","appium:autoGrantPermissions":true,"appium:automationName":"uiautomator2","appium:deviceId":"","appium:deviceName":"Xiaomi 23076PC4BI (Android 15)","appium:fullReset":true,"appium:newCommandTimeout":1800,"appium:noReset":false,"appium:platformName":"ANDROID","appium:platformVersion":"15","appium:systemPort":58510,"appium:udid":"adb-a6e538dc5180-rpwVK8._adb-tls-connect._tcp","platformName":"ANDROID"}]},"desiredCapabilities":{"appium:app":"/Users/gv.vignesh/Downloads/WGR-Android-Automation/App Folder/universal.apk","appium:autoGrantPermissions":true,"appium:automationName":"uiautomator2","appium:deviceId":"","appium:deviceName":"Xiaomi 23076PC4BI (Android 15)","appium:fullReset":true,"appium:newCommandTimeout":1800,"appium:noReset":false,"appium:platformName":"ANDROID","appium:platformVersion":"15","appium:systemPort":58510,"appium:udid":"adb-a6e538dc5180-rpwVK8._adb-tls-connect._tcp"}}
[38;5;123m[BaseDriver][0m Ignoring capability 'appium:platformName=ANDROID' and using capability 'platformName=ANDROID'
[38;5;123m[BaseDriver][0m The capabilities ["platformName"] are standard capabilities and do not require "appium:" prefix
[38;5;112m[Appium][0m Attempting to find matching driver for automationName 'uiautomator2' and platformName 'ANDROID'
[38;5;112m[Appium][0m The 'uiautomator2' driver was installed and matched caps.
[38;5;112m[Appium][0m Will require it at /Users/gv.vignesh/.appium/node_modules/appium-uiautomator2-driver
[38;5;167m[AppiumDriver@2ec9][0m Appium v2.16.0 creating new AndroidUiautomator2Driver (v4.1.5) session
[38;5;167m[AppiumDriver@2ec9][0m Checking BaseDriver versions for Appium and AndroidUiautomator2Driver
[38;5;167m[AppiumDriver@2ec9][0m Appium's BaseDriver version is 9.16.4
[38;5;167m[AppiumDriver@2ec9][0m AndroidUiautomator2Driver's BaseDriver version is 9.16.4
[38;5;-128m[AndroidUiautomator2Driver@4964][0m The following provided capabilities were not recognized by this driver:
[38;5;-128m[AndroidUiautomator2Driver@4964][0m   deviceId
[38;5;110m[f5441bf0][0m[38;5;-128m[AndroidUiautomator2Driver@4964][0m Session created with session id: f5441bf0-5706-4824-aca6-f3c15ed5a387
[38;5;110m[f5441bf0][0m[38;5;229m[ADB][0m Found 1 'build-tools' folders under '/Users/gv.vignesh/.katalon/tools/android_sdk' (newest first):
[38;5;110m[f5441bf0][0m[38;5;229m[ADB][0m     /Users/gv.vignesh/.katalon/tools/android_sdk/build-tools/29.0.3
[38;5;110m[f5441bf0][0m[38;5;229m[ADB][0m Using 'adb' from '/Users/gv.vignesh/.katalon/tools/android_sdk/platform-tools/adb'
[38;5;110m[f5441bf0][0m[38;5;-128m[AndroidUiautomator2Driver@4964][0m Retrieving device list
[38;5;110m[f5441bf0][0m[38;5;-128m[AndroidUiautomator2Driver@4964][0m Using device: adb-a6e538dc5180-rpwVK8._adb-tls-connect._tcp
[38;5;110m[f5441bf0][0m[38;5;229m[ADB][0m Using 'adb' from '/Users/gv.vignesh/.katalon/tools/android_sdk/platform-tools/adb'
[38;5;110m[f5441bf0][0m[38;5;123m[BaseDriver][0m Using local app '/Users/gv.vignesh/Downloads/WGR-Android-Automation/App Folder/universal.apk'
[38;5;110m[f5441bf0][0m[38;5;229m[ADB][0m Getting device platform version
[38;5;110m[f5441bf0][0m[38;5;-128m[AndroidUiautomator2Driver@4964][0m Relaxing hidden api policy
[38;5;110m[f5441bf0][0m[38;5;229m[ADB][0m Using 'aapt2' from '/Users/gv.vignesh/.katalon/tools/android_sdk/build-tools/29.0.3/aapt2'
[38;5;110m[f5441bf0][0m[38;5;229m[ADB][0m Package name: 'com.westgate.rewrite2'
[38;5;110m[f5441bf0][0m[38;5;229m[ADB][0m Main activity name: 'com.westgate.rewrite2.MainActivity'
[38;5;110m[f5441bf0][0m[38;5;-128m[AndroidUiautomator2Driver@4964][0m Restoring hidden api policy to the device default configuration
[38;5;110m[f5441bf0][0m[38;5;86m[HTTP][0m <-- POST /wd/hub/session 500 1098 ms - 10204 
[38;5;86m[HTTP][0m [37m-->[39m [37mGET[39m [37m/wd/hub/status[39m {}
[38;5;86m[HTTP][0m <-- GET /wd/hub/status 200 0 ms - 200 
[38;5;86m[HTTP][0m [37m-->[39m [37mPOST[39m [37m/wd/hub/session[39m {"capabilities":{"firstMatch":[{"appium:app":"/Users/gv.vignesh/Downloads/WGR-Android-Automation/App Folder/universal.apk","appium:autoGrantPermissions":true,"appium:automationName":"uiautomator2","appium:deviceId":"","appium:deviceName":"Xiaomi 23076PC4BI (Android 15)","appium:fullReset":true,"appium:newCommandTimeout":1800,"appium:noReset":false,"appium:platformName":"ANDROID","appium:platformVersion":"15","appium:systemPort":58543,"appium:udid":"adb-a6e538dc5180-rpwVK8._adb-tls-connect._tcp","platformName":"ANDROID"}]},"desiredCapabilities":{"appium:app":"/Users/gv.vignesh/Downloads/WGR-Android-Automation/App Folder/universal.apk","appium:autoGrantPermissions":true,"appium:automationName":"uiautomator2","appium:deviceId":"","appium:deviceName":"Xiaomi 23076PC4BI (Android 15)","appium:fullReset":true,"appium:newCommandTimeout":1800,"appium:noReset":false,"appium:platformName":"ANDROID","appium:platformVersion":"15","appium:systemPort":58543,"appium:udid":"adb-a6e538dc5180-rpwVK8._adb-tls-connect._tcp"}}
[38;5;123m[BaseDriver][0m Ignoring capability 'appium:platformName=ANDROID' and using capability 'platformName=ANDROID'
[38;5;123m[BaseDriver][0m The capabilities ["platformName"] are standard capabilities and do not require "appium:" prefix
[38;5;112m[Appium][0m Attempting to find matching driver for automationName 'uiautomator2' and platformName 'ANDROID'
[38;5;112m[Appium][0m The 'uiautomator2' driver was installed and matched caps.
[38;5;112m[Appium][0m Will require it at /Users/gv.vignesh/.appium/node_modules/appium-uiautomator2-driver
[38;5;167m[AppiumDriver@2ec9][0m Appium v2.16.0 creating new AndroidUiautomator2Driver (v4.1.5) session
[38;5;167m[AppiumDriver@2ec9][0m Checking BaseDriver versions for Appium and AndroidUiautomator2Driver
[38;5;167m[AppiumDriver@2ec9][0m Appium's BaseDriver version is 9.16.4
[38;5;167m[AppiumDriver@2ec9][0m AndroidUiautomator2Driver's BaseDriver version is 9.16.4
[38;5;-128m[AndroidUiautomator2Driver@5693][0m The following provided capabilities were not recognized by this driver:
[38;5;-128m[AndroidUiautomator2Driver@5693][0m   deviceId
[38;5;228m[fca89ad0][0m[38;5;-128m[AndroidUiautomator2Driver@5693][0m Session created with session id: fca89ad0-badf-4c7c-a941-cf5a34292708
[38;5;228m[fca89ad0][0m[38;5;229m[ADB][0m Using 'adb' from '/Users/gv.vignesh/.katalon/tools/android_sdk/platform-tools/adb'
[38;5;228m[fca89ad0][0m[38;5;-128m[AndroidUiautomator2Driver@5693][0m Retrieving device list
[38;5;228m[fca89ad0][0m[38;5;-128m[AndroidUiautomator2Driver@5693][0m Using device: adb-a6e538dc5180-rpwVK8._adb-tls-connect._tcp
[38;5;228m[fca89ad0][0m[38;5;229m[ADB][0m Using 'adb' from '/Users/gv.vignesh/.katalon/tools/android_sdk/platform-tools/adb'
[38;5;228m[fca89ad0][0m[38;5;123m[BaseDriver][0m Using local app '/Users/gv.vignesh/Downloads/WGR-Android-Automation/App Folder/universal.apk'
[38;5;228m[fca89ad0][0m[38;5;229m[ADB][0m Getting device platform version
[38;5;228m[fca89ad0][0m[38;5;-128m[AndroidUiautomator2Driver@5693][0m Relaxing hidden api policy
[38;5;228m[fca89ad0][0m[38;5;229m[ADB][0m Using 'aapt2' from '/Users/gv.vignesh/.katalon/tools/android_sdk/build-tools/29.0.3/aapt2'
[38;5;228m[fca89ad0][0m[38;5;229m[ADB][0m Package name: 'com.westgate.rewrite2'
[38;5;228m[fca89ad0][0m[38;5;229m[ADB][0m Main activity name: 'com.westgate.rewrite2.MainActivity'
[38;5;228m[fca89ad0][0m[38;5;-128m[AndroidUiautomator2Driver@5693][0m Restoring hidden api policy to the device default configuration
[38;5;228m[fca89ad0][0m[38;5;86m[HTTP][0m <-- POST /wd/hub/session 500 1429 ms - 10204 
[38;5;86m[HTTP][0m [37m-->[39m [37mGET[39m [37m/wd/hub/status[39m {}
[38;5;86m[HTTP][0m <-- GET /wd/hub/status 200 0 ms - 200 
[38;5;86m[HTTP][0m [37m-->[39m [37mPOST[39m [37m/wd/hub/session[39m {"capabilities":{"firstMatch":[{"appium:app":"/Users/gv.vignesh/Downloads/WGR-Android-Automation/App Folder/universal.apk","appium:autoGrantPermissions":true,"appium:automationName":"uiautomator2","appium:deviceId":"","appium:deviceName":"Xiaomi 23076PC4BI (Android 15)","appium:fullReset":true,"appium:newCommandTimeout":1800,"appium:noReset":false,"appium:platformName":"ANDROID","appium:platformVersion":"15","appium:systemPort":58597,"appium:udid":"adb-a6e538dc5180-rpwVK8._adb-tls-connect._tcp","platformName":"ANDROID"}]},"desiredCapabilities":{"appium:app":"/Users/gv.vignesh/Downloads/WGR-Android-Automation/App Folder/universal.apk","appium:autoGrantPermissions":true,"appium:automationName":"uiautomator2","appium:deviceId":"","appium:deviceName":"Xiaomi 23076PC4BI (Android 15)","appium:fullReset":true,"appium:newCommandTimeout":1800,"appium:noReset":false,"appium:platformName":"ANDROID","appium:platformVersion":"15","appium:systemPort":58597,"appium:udid":"adb-a6e538dc5180-rpwVK8._adb-tls-connect._tcp"}}
[38;5;123m[BaseDriver][0m Ignoring capability 'appium:platformName=ANDROID' and using capability 'platformName=ANDROID'
[38;5;123m[BaseDriver][0m The capabilities ["platformName"] are standard capabilities and do not require "appium:" prefix
[38;5;112m[Appium][0m Attempting to find matching driver for automationName 'uiautomator2' and platformName 'ANDROID'
[38;5;112m[Appium][0m The 'uiautomator2' driver was installed and matched caps.
[38;5;112m[Appium][0m Will require it at /Users/gv.vignesh/.appium/node_modules/appium-uiautomator2-driver
[38;5;167m[AppiumDriver@2ec9][0m Appium v2.16.0 creating new AndroidUiautomator2Driver (v4.1.5) session
[38;5;167m[AppiumDriver@2ec9][0m Checking BaseDriver versions for Appium and AndroidUiautomator2Driver
[38;5;167m[AppiumDriver@2ec9][0m Appium's BaseDriver version is 9.16.4
[38;5;167m[AppiumDriver@2ec9][0m AndroidUiautomator2Driver's BaseDriver version is 9.16.4
[38;5;-68m[AndroidUiautomator2Driver@d957][0m The following provided capabilities were not recognized by this driver:
[38;5;-68m[AndroidUiautomator2Driver@d957][0m   deviceId
[38;5;88m[fb2fbfcc][0m[38;5;-68m[AndroidUiautomator2Driver@d957][0m Session created with session id: fb2fbfcc-5362-40f4-b7e3-55c71c6e120a
[38;5;88m[fb2fbfcc][0m[38;5;229m[ADB][0m Using 'adb' from '/Users/gv.vignesh/.katalon/tools/android_sdk/platform-tools/adb'
[38;5;88m[fb2fbfcc][0m[38;5;-68m[AndroidUiautomator2Driver@d957][0m Retrieving device list
[38;5;88m[fb2fbfcc][0m[38;5;-68m[AndroidUiautomator2Driver@d957][0m Using device: adb-a6e538dc5180-rpwVK8._adb-tls-connect._tcp
[38;5;88m[fb2fbfcc][0m[38;5;229m[ADB][0m Using 'adb' from '/Users/gv.vignesh/.katalon/tools/android_sdk/platform-tools/adb'
[38;5;88m[fb2fbfcc][0m[38;5;123m[BaseDriver][0m Using local app '/Users/gv.vignesh/Downloads/WGR-Android-Automation/App Folder/universal.apk'
[38;5;88m[fb2fbfcc][0m[38;5;229m[ADB][0m Getting device platform version
[38;5;88m[fb2fbfcc][0m[38;5;-68m[AndroidUiautomator2Driver@d957][0m Relaxing hidden api policy
[38;5;88m[fb2fbfcc][0m[38;5;229m[ADB][0m Using 'aapt2' from '/Users/gv.vignesh/.katalon/tools/android_sdk/build-tools/29.0.3/aapt2'
[38;5;88m[fb2fbfcc][0m[38;5;229m[ADB][0m Package name: 'com.westgate.rewrite2'
[38;5;88m[fb2fbfcc][0m[38;5;229m[ADB][0m Main activity name: 'com.westgate.rewrite2.MainActivity'
[38;5;88m[fb2fbfcc][0m[38;5;-68m[AndroidUiautomator2Driver@d957][0m Restoring hidden api policy to the device default configuration
[38;5;88m[fb2fbfcc][0m[38;5;86m[HTTP][0m <-- POST /wd/hub/session 500 1231 ms - 10204 
[38;5;86m[HTTP][0m [37m-->[39m [37mGET[39m [37m/wd/hub/status[39m {}
[38;5;86m[HTTP][0m <-- GET /wd/hub/status 200 0 ms - 200 
[38;5;86m[HTTP][0m [37m-->[39m [37mPOST[39m [37m/wd/hub/session[39m {"capabilities":{"firstMatch":[{"appium:app":"/Users/gv.vignesh/Downloads/WGR-Android-Automation/App Folder/universal.apk","appium:autoGrantPermissions":true,"appium:automationName":"uiautomator2","appium:deviceId":"","appium:deviceName":"Xiaomi 23076PC4BI (Android 15)","appium:fullReset":true,"appium:newCommandTimeout":1800,"appium:noReset":false,"appium:platformName":"ANDROID","appium:platformVersion":"15","appium:systemPort":58639,"appium:udid":"adb-a6e538dc5180-rpwVK8._adb-tls-connect._tcp","platformName":"ANDROID"}]},"desiredCapabilities":{"appium:app":"/Users/gv.vignesh/Downloads/WGR-Android-Automation/App Folder/universal.apk","appium:autoGrantPermissions":true,"appium:automationName":"uiautomator2","appium:deviceId":"","appium:deviceName":"Xiaomi 23076PC4BI (Android 15)","appium:fullReset":true,"appium:newCommandTimeout":1800,"appium:noReset":false,"appium:platformName":"ANDROID","appium:platformVersion":"15","appium:systemPort":58639,"appium:udid":"adb-a6e538dc5180-rpwVK8._adb-tls-connect._tcp"}}
[38;5;123m[BaseDriver][0m Ignoring capability 'appium:platformName=ANDROID' and using capability 'platformName=ANDROID'
[38;5;123m[BaseDriver][0m The capabilities ["platformName"] are standard capabilities and do not require "appium:" prefix
[38;5;112m[Appium][0m Attempting to find matching driver for automationName 'uiautomator2' and platformName 'ANDROID'
[38;5;112m[Appium][0m The 'uiautomator2' driver was installed and matched caps.
[38;5;112m[Appium][0m Will require it at /Users/gv.vignesh/.appium/node_modules/appium-uiautomator2-driver
[38;5;167m[AppiumDriver@2ec9][0m Appium v2.16.0 creating new AndroidUiautomator2Driver (v4.1.5) session
[38;5;167m[AppiumDriver@2ec9][0m Checking BaseDriver versions for Appium and AndroidUiautomator2Driver
[38;5;167m[AppiumDriver@2ec9][0m Appium's BaseDriver version is 9.16.4
[38;5;167m[AppiumDriver@2ec9][0m AndroidUiautomator2Driver's BaseDriver version is 9.16.4
[38;5;10m[AndroidUiautomator2Driver@9d6d][0m The following provided capabilities were not recognized by this driver:
[38;5;10m[AndroidUiautomator2Driver@9d6d][0m   deviceId
[38;5;189m[97c052c2][0m[38;5;10m[AndroidUiautomator2Driver@9d6d][0m Session created with session id: 97c052c2-8ae0-4009-a988-2b48bee31ef3
[38;5;189m[97c052c2][0m[38;5;229m[ADB][0m Using 'adb' from '/Users/gv.vignesh/.katalon/tools/android_sdk/platform-tools/adb'
[38;5;189m[97c052c2][0m[38;5;10m[AndroidUiautomator2Driver@9d6d][0m Retrieving device list
[38;5;189m[97c052c2][0m[38;5;10m[AndroidUiautomator2Driver@9d6d][0m Using device: adb-a6e538dc5180-rpwVK8._adb-tls-connect._tcp
[38;5;189m[97c052c2][0m[38;5;229m[ADB][0m Using 'adb' from '/Users/gv.vignesh/.katalon/tools/android_sdk/platform-tools/adb'
[38;5;189m[97c052c2][0m[38;5;123m[BaseDriver][0m Using local app '/Users/gv.vignesh/Downloads/WGR-Android-Automation/App Folder/universal.apk'
[38;5;189m[97c052c2][0m[38;5;229m[ADB][0m Getting device platform version
[38;5;189m[97c052c2][0m[38;5;10m[AndroidUiautomator2Driver@9d6d][0m Relaxing hidden api policy
[38;5;189m[97c052c2][0m[38;5;229m[ADB][0m Using 'aapt2' from '/Users/gv.vignesh/.katalon/tools/android_sdk/build-tools/29.0.3/aapt2'
[38;5;189m[97c052c2][0m[38;5;229m[ADB][0m Package name: 'com.westgate.rewrite2'
[38;5;189m[97c052c2][0m[38;5;229m[ADB][0m Main activity name: 'com.westgate.rewrite2.MainActivity'
[38;5;189m[97c052c2][0m[38;5;10m[AndroidUiautomator2Driver@9d6d][0m Restoring hidden api policy to the device default configuration
[38;5;86m[HTTP][0m <-- POST /wd/hub/session - - ms - - 
[38;5;112m[Appium][0m Received SIGTERM - shutting down
[38;5;86m[HTTP][0m Closing Appium HTTP server
[38;5;86m[HTTP][0m Appium HTTP server has been succesfully closed after 3ms
