[38;5;112m[Appium][0m Welcome to Appium v2.17.1 (REV f1041842141f20bc701b522d4371d7843d905580)
[38;5;112m[Appium][0m Non-default server args:
[38;5;112m[Appium][0m { basePath: [32m'/wd/hub'[39m, loglevel: [32m'info'[39m, port: [33m54765[39m }
[38;5;112m[Appium][0m Attempting to load driver uiautomator2...
[38;5;112m[Appium][0m Appium REST http interface listener started on http://0.0.0.0:54765/wd/hub
[38;5;112m[Appium][0m You can provide the following URLs in your client code to connect to this server:
	http://127.0.0.1:54765/wd/hub (only accessible from the same host)
	http://192.168.0.108:54765/wd/hub
[38;5;112m[Appium][0m Available drivers:
[38;5;112m[Appium][0m   - uiautomator2@4.1.5 (automationName 'UiAutomator2')
[38;5;112m[Appium][0m No plugins have been installed. Use the "appium plugin" command to install the one(s) you want to use.
[38;5;86m[HTTP][0m [37m-->[39m [37mGET[39m [37m/wd/hub/status[39m {}
[38;5;86m[HTTP][0m <-- GET /wd/hub/status 200 3 ms - 200 
[38;5;86m[HTTP][0m [37m-->[39m [37mPOST[39m [37m/wd/hub/session[39m {"capabilities":{"firstMatch":[{"appium:app":"/Users/gv.vignesh/Downloads/WGR-Android-Automation/App Folder/universal.apk","appium:autoGrantPermissions":true,"appium:automationName":"uiautomator2","appium:deviceId":"","appium:deviceName":"emulator-5554 (sdk_gphone64_arm64 - Android 16)","appium:fullReset":false,"appium:newCommandTimeout":1800,"appium:noReset":true,"appium:platformName":"ANDROID","appium:platformVersion":"16","appium:systemPort":54764,"appium:udid":"emulator-5554","platformName":"ANDROID"}]},"desiredCapabilities":{"appium:app":"/Users/gv.vignesh/Downloads/WGR-Android-Automation/App Folder/universal.apk","appium:autoGrantPermissions":true,"appium:automationName":"uiautomator2","appium:deviceId":"","appium:deviceName":"emulator-5554 (sdk_gphone64_arm64 - Android 16)","appium:fullReset":false,"appium:newCommandTimeout":1800,"appium:noReset":true,"appium:platformName":"ANDROID","appium:platformVersion":"16","appium:systemPort":54764,"appium:udid":"emulator-5554"}}
[38;5;123m[BaseDriver][0m Ignoring capability 'appium:platformName=ANDROID' and using capability 'platformName=ANDROID'
[38;5;123m[BaseDriver][0m The capabilities ["platformName"] are standard capabilities and do not require "appium:" prefix
[38;5;112m[Appium][0m Attempting to find matching driver for automationName 'uiautomator2' and platformName 'ANDROID'
[38;5;112m[Appium][0m The 'uiautomator2' driver was installed and matched caps.
[38;5;112m[Appium][0m Will require it at /Users/gv.vignesh/.appium/node_modules/appium-uiautomator2-driver
[38;5;73m[AppiumDriver@0139][0m Appium v2.17.1 creating new AndroidUiautomator2Driver (v4.1.5) session
[38;5;73m[AppiumDriver@0139][0m Checking BaseDriver versions for Appium and AndroidUiautomator2Driver
[38;5;73m[AppiumDriver@0139][0m Appium's BaseDriver version is 9.16.4
[38;5;73m[AppiumDriver@0139][0m AndroidUiautomator2Driver's BaseDriver version is 9.16.4
[38;5;-195m[AndroidUiautomator2Driver@be4a][0m The following provided capabilities were not recognized by this driver:
[38;5;-195m[AndroidUiautomator2Driver@be4a][0m   deviceId
[38;5;143m[51de6e45][0m[38;5;-195m[AndroidUiautomator2Driver@be4a][0m Session created with session id: 51de6e45-bfb4-42a3-b99c-580dce28c89f
[38;5;143m[51de6e45][0m[38;5;229m[ADB][0m Found 1 'build-tools' folders under '/Users/gv.vignesh/.katalon/tools/android_sdk' (newest first):
[38;5;143m[51de6e45][0m[38;5;229m[ADB][0m     /Users/gv.vignesh/.katalon/tools/android_sdk/build-tools/29.0.3
[38;5;143m[51de6e45][0m[38;5;229m[ADB][0m Using 'adb' from '/Users/gv.vignesh/.katalon/tools/android_sdk/platform-tools/adb'
[38;5;143m[51de6e45][0m[38;5;-195m[AndroidUiautomator2Driver@be4a][0m Retrieving device list
[38;5;143m[51de6e45][0m[38;5;-195m[AndroidUiautomator2Driver@be4a][0m Using device: emulator-5554
[38;5;143m[51de6e45][0m[38;5;229m[ADB][0m Using 'adb' from '/Users/gv.vignesh/.katalon/tools/android_sdk/platform-tools/adb'
[38;5;143m[51de6e45][0m[38;5;123m[BaseDriver][0m Using local app '/Users/gv.vignesh/Downloads/WGR-Android-Automation/App Folder/universal.apk'
[38;5;143m[51de6e45][0m[38;5;229m[ADB][0m Getting device platform version
[38;5;143m[51de6e45][0m[38;5;-195m[AndroidUiautomator2Driver@be4a][0m Relaxing hidden api policy
[38;5;143m[51de6e45][0m[38;5;229m[ADB][0m Using 'aapt2' from '/Users/gv.vignesh/.katalon/tools/android_sdk/build-tools/29.0.3/aapt2'
[38;5;143m[51de6e45][0m[38;5;229m[ADB][0m Package name: 'com.westgate.rewrite2'
[38;5;143m[51de6e45][0m[38;5;229m[ADB][0m Main activity name: 'com.westgate.rewrite2.MainActivity'
[38;5;143m[51de6e45][0m[38;5;-195m[AndroidUiautomator2Driver@be4a][0m Server packages are not going to be (re)installed
[38;5;143m[51de6e45][0m[38;5;229m[ADB][0m Adding packages ["io.appium.settings","io.appium.uiautomator2.server","io.appium.uiautomator2.server.test"] to Doze whitelist
[38;5;143m[51de6e45][0m[38;5;-195m[AndroidUiautomator2Driver@be4a][0m Starting UIAutomator2 server 7.3.0
[38;5;143m[51de6e45][0m[38;5;-195m[AndroidUiautomator2Driver@be4a][0m Using UIAutomator2 server from '/Users/gv.vignesh/.appium/node_modules/appium-uiautomator2-driver/node_modules/appium-uiautomator2-server/apks/appium-uiautomator2-server-v7.3.0.apk' and test from '/Users/gv.vignesh/.appium/node_modules/appium-uiautomator2-driver/node_modules/appium-uiautomator2-server/apks/appium-uiautomator2-server-debug-androidTest.apk'
[38;5;143m[51de6e45][0m[38;5;-195m[AndroidUiautomator2Driver@be4a][0m Waiting up to 30000ms for UiAutomator2 to be online...
[38;5;143m[51de6e45][0m[38;5;-195m[AndroidUiautomator2Driver@be4a][0m socket hang up
[38;5;143m[51de6e45][0m[38;5;-195m[AndroidUiautomator2Driver@be4a][0m Determined the downstream protocol as 'W3C'
[38;5;143m[51de6e45][0m[38;5;-195m[AndroidUiautomator2Driver@be4a][0m Screen already unlocked, doing nothing
[38;5;143m[51de6e45][0m[38;5;-195m[AndroidUiautomator2Driver@be4a][0m Starting 'com.westgate.rewrite2/com.westgate.rewrite2.MainActivity' and waiting for 'com.westgate.rewrite2/com.westgate.rewrite2.MainActivity'
[38;5;143m[51de6e45][0m[38;5;73m[AppiumDriver@0139][0m New AndroidUiautomator2Driver session created successfully, session 51de6e45-bfb4-42a3-b99c-580dce28c89f added to master session list
[38;5;143m[51de6e45][0m[38;5;86m[HTTP][0m <-- POST /wd/hub/session 200 4212 ms - 1350 
[38;5;86m[HTTP][0m [37m-->[39m [37mGET[39m [37m/wd/hub/status[39m {}
[38;5;86m[HTTP][0m <-- GET /wd/hub/status 200 0 ms - 200 
[38;5;143m[51de6e45][0m[38;5;86m[HTTP][0m [37m-->[39m [37mPOST[39m [37m/wd/hub/session/51de6e45-bfb4-42a3-b99c-580dce28c89f/timeouts[39m {"implicit":30000}
[38;5;143m[51de6e45][0m[38;5;86m[HTTP][0m <-- POST /wd/hub/session/51de6e45-bfb4-42a3-b99c-580dce28c89f/timeouts 200 1 ms - 14 
[38;5;143m[51de6e45][0m[38;5;86m[HTTP][0m [37m-->[39m [37mPOST[39m [37m/wd/hub/session/51de6e45-bfb4-42a3-b99c-580dce28c89f/execute/sync[39m {"args":[],"script":"mobile: getSystemBars"}
[38;5;143m[51de6e45][0m[38;5;-195m[AndroidUiautomator2Driver@be4a][0m No windows have been found whose title matches to 'NavigationBar'. Assuming it is invisible. Only the following windows are available: ScreenDecorOverlayBottom,ScreenDecorOverlay,EdgeBackGestureHandler0,Taskbar,NotificationShade,StatusBar,ShellDropTarget,InputMethod
[38;5;143m[51de6e45][0m[38;5;86m[HTTP][0m <-- POST /wd/hub/session/51de6e45-bfb4-42a3-b99c-580dce28c89f/execute/sync 200 120 ms - 144 
[38;5;143m[51de6e45][0m[38;5;86m[HTTP][0m [37m-->[39m [37mPOST[39m [37m/wd/hub/session/51de6e45-bfb4-42a3-b99c-580dce28c89f/timeouts[39m {"implicit":50}
[38;5;143m[51de6e45][0m[38;5;86m[HTTP][0m <-- POST /wd/hub/session/51de6e45-bfb4-42a3-b99c-580dce28c89f/timeouts 200 1 ms - 14 
[38;5;143m[51de6e45][0m[38;5;86m[HTTP][0m [37m-->[39m [37mGET[39m [37m/wd/hub/session/51de6e45-bfb4-42a3-b99c-580dce28c89f/window/rect[39m {}
[38;5;143m[51de6e45][0m[38;5;86m[HTTP][0m <-- GET /wd/hub/session/51de6e45-bfb4-42a3-b99c-580dce28c89f/window/rect 200 13 ms - 50 
[38;5;143m[51de6e45][0m[38;5;86m[HTTP][0m [37m-->[39m [37mPOST[39m [37m/wd/hub/session/51de6e45-bfb4-42a3-b99c-580dce28c89f/elements[39m {"value":"//*[@class = 'android.widget.Button' and (@text = 'Login or Sign Up' or . = 'Login or Sign Up')]","using":"xpath"}
[38;5;143m[51de6e45][0m[38;5;86m[HTTP][0m <-- POST /wd/hub/session/51de6e45-bfb4-42a3-b99c-580dce28c89f/elements 200 247 ms - 139 
[38;5;143m[51de6e45][0m[38;5;86m[HTTP][0m [37m-->[39m [37mGET[39m [37m/wd/hub/session/51de6e45-bfb4-42a3-b99c-580dce28c89f/element/00000000-0000-000b-0000-00a300000007/rect[39m {}
[38;5;143m[51de6e45][0m[38;5;-195m[AndroidUiautomator2Driver@be4a][0m Driver proxy active, passing request on via HTTP proxy
[38;5;143m[51de6e45][0m[38;5;-195m[AndroidUiautomator2Driver@be4a][0m Replacing sessionId afe23491-a416-4c2f-b390-652a450e7783 with 51de6e45-bfb4-42a3-b99c-580dce28c89f
[38;5;143m[51de6e45][0m[38;5;86m[HTTP][0m <-- GET /wd/hub/session/51de6e45-bfb4-42a3-b99c-580dce28c89f/element/00000000-0000-000b-0000-00a300000007/rect 200 9 ms - 103 
[38;5;143m[51de6e45][0m[38;5;86m[HTTP][0m [37m-->[39m [37mPOST[39m [37m/wd/hub/session/51de6e45-bfb4-42a3-b99c-580dce28c89f/timeouts[39m {"implicit":30000}
[38;5;143m[51de6e45][0m[38;5;86m[HTTP][0m <-- POST /wd/hub/session/51de6e45-bfb4-42a3-b99c-580dce28c89f/timeouts 200 0 ms - 14 
[38;5;143m[51de6e45][0m[38;5;86m[HTTP][0m [37m-->[39m [37mPOST[39m [37m/wd/hub/session/51de6e45-bfb4-42a3-b99c-580dce28c89f/element/00000000-0000-000b-0000-00a300000007/click[39m {"id":"00000000-0000-000b-0000-00a300000007"}
[38;5;143m[51de6e45][0m[38;5;86m[HTTP][0m <-- POST /wd/hub/session/51de6e45-bfb4-42a3-b99c-580dce28c89f/element/00000000-0000-000b-0000-00a300000007/click 200 70 ms - 14 
[38;5;143m[51de6e45][0m[38;5;86m[HTTP][0m [37m-->[39m [37mPOST[39m [37m/wd/hub/session/51de6e45-bfb4-42a3-b99c-580dce28c89f/timeouts[39m {"implicit":50}
[38;5;143m[51de6e45][0m[38;5;86m[HTTP][0m <-- POST /wd/hub/session/51de6e45-bfb4-42a3-b99c-580dce28c89f/timeouts 200 1 ms - 14 
[38;5;143m[51de6e45][0m[38;5;86m[HTTP][0m [37m-->[39m [37mGET[39m [37m/wd/hub/session/51de6e45-bfb4-42a3-b99c-580dce28c89f/window/rect[39m {}
[38;5;143m[51de6e45][0m[38;5;86m[HTTP][0m <-- GET /wd/hub/session/51de6e45-bfb4-42a3-b99c-580dce28c89f/window/rect 200 10 ms - 50 
[38;5;143m[51de6e45][0m[38;5;86m[HTTP][0m [37m-->[39m [37mPOST[39m [37m/wd/hub/session/51de6e45-bfb4-42a3-b99c-580dce28c89f/elements[39m {"value":"//*[@class = 'android.widget.EditText' and (@text = '' or . = '')]","using":"xpath"}
[38;5;143m[51de6e45][0m[38;5;86m[HTTP][0m <-- POST /wd/hub/session/51de6e45-bfb4-42a3-b99c-580dce28c89f/elements 200 53 ms - 139 
[38;5;143m[51de6e45][0m[38;5;86m[HTTP][0m [37m-->[39m [37mGET[39m [37m/wd/hub/session/51de6e45-bfb4-42a3-b99c-580dce28c89f/element/00000000-0000-000b-0000-00dc00000007/rect[39m {}
[38;5;143m[51de6e45][0m[38;5;-195m[AndroidUiautomator2Driver@be4a][0m Driver proxy active, passing request on via HTTP proxy
[38;5;143m[51de6e45][0m[38;5;-195m[AndroidUiautomator2Driver@be4a][0m Replacing sessionId afe23491-a416-4c2f-b390-652a450e7783 with 51de6e45-bfb4-42a3-b99c-580dce28c89f
[38;5;143m[51de6e45][0m[38;5;86m[HTTP][0m <-- GET /wd/hub/session/51de6e45-bfb4-42a3-b99c-580dce28c89f/element/00000000-0000-000b-0000-00dc00000007/rect 200 4 ms - 103 
[38;5;143m[51de6e45][0m[38;5;86m[HTTP][0m [37m-->[39m [37mPOST[39m [37m/wd/hub/session/51de6e45-bfb4-42a3-b99c-580dce28c89f/timeouts[39m {"implicit":30000}
[38;5;143m[51de6e45][0m[38;5;86m[HTTP][0m <-- POST /wd/hub/session/51de6e45-bfb4-42a3-b99c-580dce28c89f/timeouts 200 0 ms - 14 
[38;5;143m[51de6e45][0m[38;5;86m[HTTP][0m [37m-->[39m [37mPOST[39m [37m/wd/hub/session/51de6e45-bfb4-42a3-b99c-580dce28c89f/element/00000000-0000-000b-0000-00dc00000007/clear[39m {"id":"00000000-0000-000b-0000-00dc00000007"}
[38;5;143m[51de6e45][0m[38;5;86m[HTTP][0m <-- POST /wd/hub/session/51de6e45-bfb4-42a3-b99c-580dce28c89f/element/00000000-0000-000b-0000-00dc00000007/clear 200 7 ms - 14 
[38;5;143m[51de6e45][0m[38;5;86m[HTTP][0m [37m-->[39m [37mPOST[39m [37m/wd/hub/session/51de6e45-bfb4-42a3-b99c-580dce28c89f/element/00000000-0000-000b-0000-00dc00000007/click[39m {"id":"00000000-0000-000b-0000-00dc00000007"}
[38;5;143m[51de6e45][0m[38;5;86m[HTTP][0m <-- POST /wd/hub/session/51de6e45-bfb4-42a3-b99c-580dce28c89f/element/00000000-0000-000b-0000-00dc00000007/click 200 59 ms - 14 
[38;5;143m[51de6e45][0m[38;5;86m[HTTP][0m [37m-->[39m [37mPOST[39m [37m/wd/hub/session/51de6e45-bfb4-42a3-b99c-580dce28c89f/element/00000000-0000-000b-0000-00dc00000007/value[39m {"id":"00000000-0000-000b-0000-00dc00000007","value":["v","g","g","v","@","t","e","k","n","i","k","o","s",".","c","o","m"],"text":"vggv@teknikos.com"}
[38;5;143m[51de6e45][0m[38;5;86m[HTTP][0m <-- POST /wd/hub/session/51de6e45-bfb4-42a3-b99c-580dce28c89f/element/00000000-0000-000b-0000-00dc00000007/value 200 58 ms - 14 
[38;5;143m[51de6e45][0m[38;5;86m[HTTP][0m [37m-->[39m [37mGET[39m [37m/wd/hub/session/51de6e45-bfb4-42a3-b99c-580dce28c89f/context[39m {}
[38;5;143m[51de6e45][0m[38;5;86m[HTTP][0m <-- GET /wd/hub/session/51de6e45-bfb4-42a3-b99c-580dce28c89f/context 200 1 ms - 22 
[38;5;143m[51de6e45][0m[38;5;86m[HTTP][0m [37m-->[39m [37mGET[39m [37m/wd/hub/session/51de6e45-bfb4-42a3-b99c-580dce28c89f/contexts[39m {}
[38;5;143m[51de6e45][0m[38;5;86m[HTTP][0m <-- GET /wd/hub/session/51de6e45-bfb4-42a3-b99c-580dce28c89f/contexts 200 280 ms - 24 
[38;5;143m[51de6e45][0m[38;5;86m[HTTP][0m [37m-->[39m [37mPOST[39m [37m/wd/hub/session/51de6e45-bfb4-42a3-b99c-580dce28c89f/context[39m {"name":"NATIVE_APP"}
[38;5;143m[51de6e45][0m[38;5;86m[HTTP][0m <-- POST /wd/hub/session/51de6e45-bfb4-42a3-b99c-580dce28c89f/context 200 1 ms - 14 
[38;5;143m[51de6e45][0m[38;5;86m[HTTP][0m [37m-->[39m [37mPOST[39m [37m/wd/hub/session/51de6e45-bfb4-42a3-b99c-580dce28c89f/execute/sync[39m {"args":[],"script":"mobile: hideKeyboard"}
[38;5;143m[51de6e45][0m[38;5;86m[HTTP][0m <-- POST /wd/hub/session/51de6e45-bfb4-42a3-b99c-580dce28c89f/execute/sync 200 3922 ms - 14 
[38;5;143m[51de6e45][0m[38;5;86m[HTTP][0m [37m-->[39m [37mPOST[39m [37m/wd/hub/session/51de6e45-bfb4-42a3-b99c-580dce28c89f/context[39m {"name":"NATIVE_APP"}
[38;5;143m[51de6e45][0m[38;5;86m[HTTP][0m <-- POST /wd/hub/session/51de6e45-bfb4-42a3-b99c-580dce28c89f/context 200 1 ms - 14 
[38;5;143m[51de6e45][0m[38;5;-195m[AndroidUiautomator2Driver@be4a][0m Shutting down because we waited 1800 seconds for a command
[38;5;143m[51de6e45][0m[38;5;73m[AppiumDriver@0139][0m Ending session, cause was 'New Command Timeout of 1800 seconds expired. Try customizing the timeout using the 'newCommandTimeout' desired capability'
[38;5;143m[51de6e45][0m[38;5;73m[AppiumDriver@0139][0m Removing session '51de6e45-bfb4-42a3-b99c-580dce28c89f' from our master session list
[38;5;143m[51de6e45][0m[38;5;-195m[AndroidUiautomator2Driver@be4a][0m Did not get the confirmation of UiAutomator2 server session deletion. Original error: An unknown server-side error occurred while processing the command. Original error: 'DELETE /' cannot be proxied to UiAutomator2 server because the instrumentation process is not running (probably crashed). Check the server log and/or the logcat output for more details
[38;5;143m[51de6e45][0m[38;5;-195m[AndroidUiautomator2Driver@be4a][0m The UIA2 server did has not been terminated within 5000ms timeout. Continuing anyway
[38;5;143m[51de6e45][0m[38;5;-195m[AndroidUiautomator2Driver@be4a][0m Unable to remove system port forward: Error executing adbExec. Original error: 'Command '/Users/gv.vignesh/.katalon/tools/android_sdk/platform-tools/adb -P 5037 -s emulator-5554 forward --remove tcp\:54764' exited with code 1'; Command output: adb: error: listener 'tcp:54764' not found

[38;5;143m[51de6e45][0m[38;5;-195m[AndroidUiautomator2Driver@be4a][0m Restoring hidden api policy to the device default configuration
[38;5;112m[Appium][0m Received SIGTERM - shutting down
[38;5;86m[HTTP][0m Closing Appium HTTP server
[38;5;86m[HTTP][0m Appium HTTP server has been succesfully closed after 3ms
