[38;5;112m[Appium][0m Welcome to Appium v2.17.1 (REV 12a3d4a6f1eedf483855716b989d828443438f79)
[38;5;112m[Appium][0m Non-default server args:
[38;5;112m[Appium][0m { basePath: [32m'/wd/hub'[39m, loglevel: [32m'info'[39m, port: [33m65265[39m }
[38;5;112m[Appium][0m Attempting to load driver uiautomator2...
[38;5;112m[Appium][0m Attempting to load driver mac2...
[38;5;112m[Appium][0m Attempting to load driver chromium...
[38;5;112m[Appium][0m Attempting to load driver espresso...
[38;5;112m[Appium][0m Appium REST http interface listener started on http://0.0.0.0:65265/wd/hub
[38;5;112m[Appium][0m You can provide the following URLs in your client code to connect to this server:
	http://127.0.0.1:65265/wd/hub (only accessible from the same host)
	http://192.168.0.105:65265/wd/hub
[38;5;112m[Appium][0m Available drivers:
[38;5;112m[Appium][0m   - uiautomator2@4.2.2 (automationName 'UiAutomator2')
[38;5;112m[Appium][0m   - mac2@2.2.2 (automationName 'Mac2')
[38;5;112m[Appium][0m   - chromium@1.5.1 (automationName 'Chromium')
[38;5;112m[Appium][0m   - espresso@4.1.4 (automationName 'Espresso')
[38;5;112m[Appium][0m No plugins have been installed. Use the "appium plugin" command to install the one(s) you want to use.
[38;5;86m[HTTP][0m [37m-->[39m [37mGET[39m [37m/wd/hub/status[39m {}
[38;5;86m[HTTP][0m <-- GET /wd/hub/status 200 4 ms - 200 
[38;5;86m[HTTP][0m [37m-->[39m [37mPOST[39m [37m/wd/hub/session[39m {"capabilities":{"firstMatch":[{"appium:app":"/Users/gv.vignesh/Downloads/app-debug-2.99.75.apk","appium:autoGrantPermissions":true,"appium:automationName":"uiautomator2","appium:deviceId":"","appium:deviceName":"emulator-5554 (sdk_gphone16k_arm64 - Android 15)","appium:fullReset":true,"appium:newCommandTimeout":1800,"appium:noReset":false,"appium:platformName":"ANDROID","appium:platformVersion":"15","appium:systemPort":65264,"appium:udid":"emulator-5554","appium:uiautomator2ServerInstallTimeout":0,"platformName":"ANDROID"}]},"desiredCapabilities":{"appium:app":"/Users/gv.vignesh/Downloads/app-debug-2.99.75.apk","appium:autoGrantPermissions":true,"appium:automationName":"uiautomator2","appium:deviceId":"","appium:deviceName":"emulator-5554 (sdk_gphone16k_arm64 - Android 15)","appium:fullReset":true,"appium:newCommandTimeout":1800,"appium:noReset":false,"appium:platformName":"ANDROID","appium:platformVersion":"15","appium:systemPort":65264,"appium:udid":"emulator-5554","appium:uiautomator2ServerInstallTimeo...
[38;5;123m[BaseDriver][0m Ignoring capability 'appium:platformName=ANDROID' and using capability 'platformName=ANDROID'
[38;5;123m[BaseDriver][0m The capabilities ["platformName"] are standard capabilities and do not require "appium:" prefix
[38;5;112m[Appium][0m Attempting to find matching driver for automationName 'uiautomator2' and platformName 'ANDROID'
[38;5;112m[Appium][0m The 'uiautomator2' driver was installed and matched caps.
[38;5;112m[Appium][0m Will require it at /Users/gv.vignesh/.appium/node_modules/appium-uiautomator2-driver
[38;5;130m[AppiumDriver@0a0e][0m Appium v2.17.1 creating new AndroidUiautomator2Driver (v4.2.2) session
[38;5;130m[AppiumDriver@0a0e][0m Checking BaseDriver versions for Appium and AndroidUiautomator2Driver
[38;5;130m[AppiumDriver@0a0e][0m Appium's BaseDriver version is 9.16.4
[38;5;130m[AppiumDriver@0a0e][0m AndroidUiautomator2Driver's BaseDriver version is 9.16.4
[38;5;-80m[AndroidUiautomator2Driver@442e][0m The following provided capabilities were not recognized by this driver:
[38;5;-80m[AndroidUiautomator2Driver@442e][0m   deviceId
[38;5;162m[77ac8367][0m[38;5;-80m[AndroidUiautomator2Driver@442e][0m Session created with session id: 77ac8367-f52f-4b51-a3f3-931283609587
[38;5;162m[77ac8367][0m[38;5;229m[ADB][0m Found 1 'build-tools' folders under '/Users/gv.vignesh/.katalon/tools/android_sdk' (newest first):
[38;5;162m[77ac8367][0m[38;5;229m[ADB][0m     /Users/gv.vignesh/.katalon/tools/android_sdk/build-tools/29.0.3
[38;5;162m[77ac8367][0m[38;5;229m[ADB][0m Using 'adb' from '/Users/gv.vignesh/.katalon/tools/android_sdk/platform-tools/adb'
[38;5;162m[77ac8367][0m[38;5;-80m[AndroidUiautomator2Driver@442e][0m Retrieving device list
[38;5;162m[77ac8367][0m[38;5;-80m[AndroidUiautomator2Driver@442e][0m Using device: emulator-5554
[38;5;162m[77ac8367][0m[38;5;229m[ADB][0m Using 'adb' from '/Users/gv.vignesh/.katalon/tools/android_sdk/platform-tools/adb'
[38;5;162m[77ac8367][0m[38;5;229m[ADB][0m Getting device platform version
[38;5;162m[77ac8367][0m[38;5;229m[ADB][0m Getting device platform version
[38;5;162m[77ac8367][0m[38;5;-80m[AndroidUiautomator2Driver@442e][0m Restoring hidden api policy to the device default configuration
[38;5;162m[77ac8367][0m[38;5;86m[HTTP][0m <-- POST /wd/hub/session 500 313 ms - 718 
