[38;5;112m[Appium][0m Welcome to Appium v2.17.1 (REV 12a3d4a6f1eedf483855716b989d828443438f79)
[38;5;112m[Appium][0m Non-default server args:
[38;5;112m[Appium][0m { basePath: [32m'/wd/hub'[39m, loglevel: [32m'info'[39m, port: [33m56981[39m }
[38;5;112m[Appium][0m Attempting to load driver uiautomator2...
[38;5;112m[Appium][0m Attempting to load driver mac2...
[38;5;112m[Appium][0m Attempting to load driver chromium...
[38;5;112m[Appium][0m Attempting to load driver espresso...
[38;5;112m[Appium][0m Appium REST http interface listener started on http://0.0.0.0:56981/wd/hub
[38;5;112m[Appium][0m You can provide the following URLs in your client code to connect to this server:
	http://127.0.0.1:56981/wd/hub (only accessible from the same host)
	http://192.168.0.106:56981/wd/hub
[38;5;112m[Appium][0m Available drivers:
[38;5;112m[Appium][0m   - uiautomator2@4.2.2 (automationName 'UiAutomator2')
[38;5;112m[Appium][0m   - mac2@2.2.2 (automationName 'Mac2')
[38;5;112m[Appium][0m   - chromium@1.5.1 (automationName 'Chromium')
[38;5;112m[Appium][0m   - espresso@4.1.4 (automationName 'Espresso')
[38;5;112m[Appium][0m No plugins have been installed. Use the "appium plugin" command to install the one(s) you want to use.
[38;5;86m[HTTP][0m [37m-->[39m [37mGET[39m [37m/wd/hub/status[39m {}
[38;5;86m[HTTP][0m <-- GET /wd/hub/status 200 5 ms - 200 
[38;5;86m[HTTP][0m [37m-->[39m [37mPOST[39m [37m/wd/hub/session[39m {"capabilities":{"firstMatch":[{"appium:app":"/Users/gv.vignesh/Downloads/app-debug-Version-2.99.70.apk","appium:autoGrantPermissions":true,"appium:automationName":"uiautomator2","appium:deviceId":"","appium:deviceName":"samsung SM-A146B (Android 14)","appium:fullReset":true,"appium:newCommandTimeout":1800,"appium:noReset":false,"appium:platformName":"ANDROID","appium:platformVersion":"14","appium:systemPort":56977,"appium:udid":"adb-RZCW811B2MK-cCoIXY._adb-tls-connect._tcp","appium:uiautomator2ServerInstallTimeout":0,"platformName":"ANDROID"}]},"desiredCapabilities":{"appium:app":"/Users/gv.vignesh/Downloads/app-debug-Version-2.99.70.apk","appium:autoGrantPermissions":true,"appium:automationName":"uiautomator2","appium:deviceId":"","appium:deviceName":"samsung SM-A146B (Android 14)","appium:fullReset":true,"appium:newCommandTimeout":1800,"appium:noReset":false,"appium:platformName":"ANDROID","appium:platformVersion":"14","appium:systemPort":56977,"appium:udid":"adb-RZCW811B2MK-cCoIXY._adb-tls-connect._tcp...
[38;5;123m[BaseDriver][0m Ignoring capability 'appium:platformName=ANDROID' and using capability 'platformName=ANDROID'
[38;5;123m[BaseDriver][0m The capabilities ["platformName"] are standard capabilities and do not require "appium:" prefix
[38;5;112m[Appium][0m Attempting to find matching driver for automationName 'uiautomator2' and platformName 'ANDROID'
[38;5;112m[Appium][0m The 'uiautomator2' driver was installed and matched caps.
[38;5;112m[Appium][0m Will require it at /Users/gv.vignesh/.appium/node_modules/appium-uiautomator2-driver
[38;5;113m[AppiumDriver@1273][0m Appium v2.17.1 creating new AndroidUiautomator2Driver (v4.2.2) session
[38;5;113m[AppiumDriver@1273][0m Checking BaseDriver versions for Appium and AndroidUiautomator2Driver
[38;5;113m[AppiumDriver@1273][0m Appium's BaseDriver version is 9.16.4
[38;5;113m[AppiumDriver@1273][0m AndroidUiautomator2Driver's BaseDriver version is 9.16.4
[38;5;-194m[AndroidUiautomator2Driver@355d][0m The following provided capabilities were not recognized by this driver:
[38;5;-194m[AndroidUiautomator2Driver@355d][0m   deviceId
[38;5;103m[78d31e43][0m[38;5;-194m[AndroidUiautomator2Driver@355d][0m Session created with session id: 78d31e43-20f4-4d5c-885e-a1ac3686842a
[38;5;103m[78d31e43][0m[38;5;229m[ADB][0m Found 1 'build-tools' folders under '/Users/gv.vignesh/.katalon/tools/android_sdk' (newest first):
[38;5;103m[78d31e43][0m[38;5;229m[ADB][0m     /Users/gv.vignesh/.katalon/tools/android_sdk/build-tools/29.0.3
[38;5;103m[78d31e43][0m[38;5;229m[ADB][0m Using 'adb' from '/Users/gv.vignesh/.katalon/tools/android_sdk/platform-tools/adb'
[38;5;103m[78d31e43][0m[38;5;-194m[AndroidUiautomator2Driver@355d][0m Retrieving device list
[38;5;103m[78d31e43][0m[38;5;-194m[AndroidUiautomator2Driver@355d][0m Using device: adb-RZCW811B2MK-cCoIXY._adb-tls-connect._tcp
[38;5;103m[78d31e43][0m[38;5;229m[ADB][0m Using 'adb' from '/Users/gv.vignesh/.katalon/tools/android_sdk/platform-tools/adb'
[38;5;103m[78d31e43][0m[38;5;123m[BaseDriver][0m Using local app '/Users/gv.vignesh/Downloads/app-debug-Version-2.99.70.apk'
[38;5;103m[78d31e43][0m[38;5;229m[ADB][0m Getting device platform version
[38;5;103m[78d31e43][0m[38;5;-194m[AndroidUiautomator2Driver@355d][0m Relaxing hidden api policy
[38;5;103m[78d31e43][0m[38;5;229m[ADB][0m Using 'aapt2' from '/Users/gv.vignesh/.katalon/tools/android_sdk/build-tools/29.0.3/aapt2'
[38;5;103m[78d31e43][0m[38;5;229m[ADB][0m Package name: 'westgate_xamarin.android.debug'
[38;5;103m[78d31e43][0m[38;5;229m[ADB][0m Main activity name: 'westgate_xamarin.android.MainActivity'
[38;5;103m[78d31e43][0m[38;5;229m[ADB][0m Using 'apksigner.jar' from '/Users/gv.vignesh/.katalon/tools/android_sdk/build-tools/29.0.3/lib/apksigner.jar'
[38;5;103m[78d31e43][0m[38;5;229m[ADB][0m '/Users/gv.vignesh/Downloads/app-debug-Version-2.99.70.apk' is signed with a non-default certificate
[38;5;103m[78d31e43][0m[38;5;229m[ADB][0m westgate_xamarin.android.debug was not uninstalled, because it was not present on the device
[38;5;103m[78d31e43][0m[38;5;229m[ADB][0m The application at '/Users/gv.vignesh/Downloads/app-debug-Version-2.99.70.apk' will not be cached, because the device under test has confirmed the support of streamed installs
[38;5;103m[78d31e43][0m[38;5;-194m[AndroidUiautomator2Driver@355d][0m Server packages are not going to be (re)installed
[38;5;103m[78d31e43][0m[38;5;229m[ADB][0m Adding packages ["io.appium.settings","io.appium.uiautomator2.server","io.appium.uiautomator2.server.test"] to Doze whitelist
[38;5;103m[78d31e43][0m[38;5;229m[ADB][0m The installation of 'app-debug-Version-2.99.70.apk' took 14284ms
[38;5;103m[78d31e43][0m[38;5;-194m[AndroidUiautomator2Driver@355d][0m Starting UIAutomator2 server 7.4.1
[38;5;103m[78d31e43][0m[38;5;-194m[AndroidUiautomator2Driver@355d][0m Using UIAutomator2 server from '/Users/gv.vignesh/.appium/node_modules/appium-uiautomator2-driver/node_modules/appium-uiautomator2-server/apks/appium-uiautomator2-server-v7.4.1.apk' and test from '/Users/gv.vignesh/.appium/node_modules/appium-uiautomator2-driver/node_modules/appium-uiautomator2-server/apks/appium-uiautomator2-server-debug-androidTest.apk'
[38;5;103m[78d31e43][0m[38;5;-194m[AndroidUiautomator2Driver@355d][0m Waiting up to 30000ms for UiAutomator2 to be online...
[38;5;103m[78d31e43][0m[38;5;-194m[AndroidUiautomator2Driver@355d][0m socket hang up
[38;5;103m[78d31e43][0m[38;5;-194m[AndroidUiautomator2Driver@355d][0m socket hang up
[38;5;103m[78d31e43][0m[38;5;-194m[AndroidUiautomator2Driver@355d][0m socket hang up
[38;5;103m[78d31e43][0m[38;5;-194m[AndroidUiautomator2Driver@355d][0m Determined the downstream protocol as 'W3C'
[38;5;103m[78d31e43][0m[38;5;-194m[AndroidUiautomator2Driver@355d][0m Screen already unlocked, doing nothing
[38;5;103m[78d31e43][0m[38;5;-194m[AndroidUiautomator2Driver@355d][0m Starting 'westgate_xamarin.android.debug/westgate_xamarin.android.MainActivity' and waiting for 'westgate_xamarin.android.debug/westgate_xamarin.android.MainActivity'
[38;5;103m[78d31e43][0m[38;5;113m[AppiumDriver@1273][0m New AndroidUiautomator2Driver session created successfully, session 78d31e43-20f4-4d5c-885e-a1ac3686842a added to master session list
[38;5;103m[78d31e43][0m[38;5;86m[HTTP][0m <-- POST /wd/hub/session 200 23303 ms - 1498 
[38;5;86m[HTTP][0m [37m-->[39m [37mGET[39m [37m/wd/hub/status[39m {}
[38;5;86m[HTTP][0m <-- GET /wd/hub/status 200 1 ms - 200 
[38;5;103m[78d31e43][0m[38;5;86m[HTTP][0m [37m-->[39m [37mPOST[39m [37m/wd/hub/session/78d31e43-20f4-4d5c-885e-a1ac3686842a/timeouts[39m {"implicit":30000}
[38;5;103m[78d31e43][0m[38;5;86m[HTTP][0m <-- POST /wd/hub/session/78d31e43-20f4-4d5c-885e-a1ac3686842a/timeouts 200 1 ms - 14 
[38;5;103m[78d31e43][0m[38;5;86m[HTTP][0m [37m-->[39m [37mPOST[39m [37m/wd/hub/session/78d31e43-20f4-4d5c-885e-a1ac3686842a/execute/sync[39m {"args":[],"script":"mobile: getSystemBars"}
[38;5;103m[78d31e43][0m[38;5;86m[HTTP][0m <-- POST /wd/hub/session/78d31e43-20f4-4d5c-885e-a1ac3686842a/execute/sync 200 186 ms - 151 
[38;5;103m[78d31e43][0m[38;5;86m[HTTP][0m [37m-->[39m [37mPOST[39m [37m/wd/hub/session/78d31e43-20f4-4d5c-885e-a1ac3686842a/timeouts[39m {"implicit":50}
[38;5;103m[78d31e43][0m[38;5;86m[HTTP][0m <-- POST /wd/hub/session/78d31e43-20f4-4d5c-885e-a1ac3686842a/timeouts 200 2 ms - 14 
[38;5;103m[78d31e43][0m[38;5;86m[HTTP][0m [37m-->[39m [37mGET[39m [37m/wd/hub/session/78d31e43-20f4-4d5c-885e-a1ac3686842a/window/rect[39m {}
[38;5;103m[78d31e43][0m[38;5;86m[HTTP][0m <-- GET /wd/hub/session/78d31e43-20f4-4d5c-885e-a1ac3686842a/window/rect 200 22 ms - 50 
[38;5;103m[78d31e43][0m[38;5;86m[HTTP][0m [37m-->[39m [37mPOST[39m [37m/wd/hub/session/78d31e43-20f4-4d5c-885e-a1ac3686842a/elements[39m {"value":"//*[@class = 'android.widget.Button' and (@text = 'Login or Sign Up' or . = 'Login or Sign Up')]","using":"xpath"}
[38;5;103m[78d31e43][0m[38;5;86m[HTTP][0m <-- POST /wd/hub/session/78d31e43-20f4-4d5c-885e-a1ac3686842a/elements 200 773 ms - 139 
[38;5;103m[78d31e43][0m[38;5;86m[HTTP][0m [37m-->[39m [37mGET[39m [37m/wd/hub/session/78d31e43-20f4-4d5c-885e-a1ac3686842a/element/00000000-0000-012f-0000-00b900000007/rect[39m {}
[38;5;103m[78d31e43][0m[38;5;-194m[AndroidUiautomator2Driver@355d][0m Driver proxy active, passing request on via HTTP proxy
[38;5;103m[78d31e43][0m[38;5;-194m[AndroidUiautomator2Driver@355d][0m Replacing sessionId cb820e4c-85c4-4699-a72b-09270fe3e06c with 78d31e43-20f4-4d5c-885e-a1ac3686842a
[38;5;103m[78d31e43][0m[38;5;86m[HTTP][0m <-- GET /wd/hub/session/78d31e43-20f4-4d5c-885e-a1ac3686842a/element/00000000-0000-012f-0000-00b900000007/rect 200 35 ms - 103 
[38;5;103m[78d31e43][0m[38;5;86m[HTTP][0m [37m-->[39m [37mPOST[39m [37m/wd/hub/session/78d31e43-20f4-4d5c-885e-a1ac3686842a/timeouts[39m {"implicit":30000}
[38;5;103m[78d31e43][0m[38;5;86m[HTTP][0m <-- POST /wd/hub/session/78d31e43-20f4-4d5c-885e-a1ac3686842a/timeouts 200 1 ms - 14 
[38;5;103m[78d31e43][0m[38;5;86m[HTTP][0m [37m-->[39m [37mPOST[39m [37m/wd/hub/session/78d31e43-20f4-4d5c-885e-a1ac3686842a/element/00000000-0000-012f-0000-00b900000007/click[39m {"id":"00000000-0000-012f-0000-00b900000007"}
[38;5;103m[78d31e43][0m[38;5;86m[HTTP][0m <-- POST /wd/hub/session/78d31e43-20f4-4d5c-885e-a1ac3686842a/element/00000000-0000-012f-0000-00b900000007/click 200 101 ms - 14 
[38;5;103m[78d31e43][0m[38;5;86m[HTTP][0m [37m-->[39m [37mPOST[39m [37m/wd/hub/session/78d31e43-20f4-4d5c-885e-a1ac3686842a/timeouts[39m {"implicit":50}
[38;5;103m[78d31e43][0m[38;5;86m[HTTP][0m <-- POST /wd/hub/session/78d31e43-20f4-4d5c-885e-a1ac3686842a/timeouts 200 2 ms - 14 
[38;5;103m[78d31e43][0m[38;5;86m[HTTP][0m [37m-->[39m [37mGET[39m [37m/wd/hub/session/78d31e43-20f4-4d5c-885e-a1ac3686842a/window/rect[39m {}
[38;5;103m[78d31e43][0m[38;5;86m[HTTP][0m <-- GET /wd/hub/session/78d31e43-20f4-4d5c-885e-a1ac3686842a/window/rect 200 110 ms - 50 
[38;5;103m[78d31e43][0m[38;5;86m[HTTP][0m [37m-->[39m [37mPOST[39m [37m/wd/hub/session/78d31e43-20f4-4d5c-885e-a1ac3686842a/elements[39m {"value":"//*[@class = 'android.widget.EditText' and @resource-id = 'ion-input-0' and (@text = '' or . = '')]","using":"xpath"}
[38;5;103m[78d31e43][0m[38;5;86m[HTTP][0m <-- POST /wd/hub/session/78d31e43-20f4-4d5c-885e-a1ac3686842a/elements 200 300 ms - 139 
[38;5;103m[78d31e43][0m[38;5;86m[HTTP][0m [37m-->[39m [37mGET[39m [37m/wd/hub/session/78d31e43-20f4-4d5c-885e-a1ac3686842a/element/00000000-0000-012f-0000-00e000000007/rect[39m {}
[38;5;103m[78d31e43][0m[38;5;-194m[AndroidUiautomator2Driver@355d][0m Driver proxy active, passing request on via HTTP proxy
[38;5;103m[78d31e43][0m[38;5;-194m[AndroidUiautomator2Driver@355d][0m Replacing sessionId cb820e4c-85c4-4699-a72b-09270fe3e06c with 78d31e43-20f4-4d5c-885e-a1ac3686842a
[38;5;103m[78d31e43][0m[38;5;86m[HTTP][0m <-- GET /wd/hub/session/78d31e43-20f4-4d5c-885e-a1ac3686842a/element/00000000-0000-012f-0000-00e000000007/rect 200 24 ms - 103 
[38;5;103m[78d31e43][0m[38;5;86m[HTTP][0m [37m-->[39m [37mPOST[39m [37m/wd/hub/session/78d31e43-20f4-4d5c-885e-a1ac3686842a/timeouts[39m {"implicit":30000}
[38;5;103m[78d31e43][0m[38;5;86m[HTTP][0m <-- POST /wd/hub/session/78d31e43-20f4-4d5c-885e-a1ac3686842a/timeouts 200 1 ms - 14 
[38;5;103m[78d31e43][0m[38;5;86m[HTTP][0m [37m-->[39m [37mPOST[39m [37m/wd/hub/session/78d31e43-20f4-4d5c-885e-a1ac3686842a/element/00000000-0000-012f-0000-00e000000007/clear[39m {"id":"00000000-0000-012f-0000-00e000000007"}
[38;5;103m[78d31e43][0m[38;5;86m[HTTP][0m <-- POST /wd/hub/session/78d31e43-20f4-4d5c-885e-a1ac3686842a/element/00000000-0000-012f-0000-00e000000007/clear 200 32 ms - 14 
[38;5;103m[78d31e43][0m[38;5;86m[HTTP][0m [37m-->[39m [37mPOST[39m [37m/wd/hub/session/78d31e43-20f4-4d5c-885e-a1ac3686842a/element/00000000-0000-012f-0000-00e000000007/click[39m {"id":"00000000-0000-012f-0000-00e000000007"}
[38;5;103m[78d31e43][0m[38;5;86m[HTTP][0m <-- POST /wd/hub/session/78d31e43-20f4-4d5c-885e-a1ac3686842a/element/00000000-0000-012f-0000-00e000000007/click 200 96 ms - 14 
[38;5;103m[78d31e43][0m[38;5;86m[HTTP][0m [37m-->[39m [37mPOST[39m [37m/wd/hub/session/78d31e43-20f4-4d5c-885e-a1ac3686842a/element/00000000-0000-012f-0000-00e000000007/value[39m {"value":["P","E","P","O","K","L","E","@","H","O","T","M","A","I","L",".","C","O","M"],"id":"00000000-0000-012f-0000-00e000000007","text":"PEPOKLE@HOTMAIL.COM"}
[38;5;103m[78d31e43][0m[38;5;86m[HTTP][0m <-- POST /wd/hub/session/78d31e43-20f4-4d5c-885e-a1ac3686842a/element/00000000-0000-012f-0000-00e000000007/value 200 98 ms - 14 
[38;5;103m[78d31e43][0m[38;5;86m[HTTP][0m [37m-->[39m [37mGET[39m [37m/wd/hub/session/78d31e43-20f4-4d5c-885e-a1ac3686842a/context[39m {}
[38;5;103m[78d31e43][0m[38;5;86m[HTTP][0m <-- GET /wd/hub/session/78d31e43-20f4-4d5c-885e-a1ac3686842a/context 200 2 ms - 22 
[38;5;103m[78d31e43][0m[38;5;86m[HTTP][0m [37m-->[39m [37mGET[39m [37m/wd/hub/session/78d31e43-20f4-4d5c-885e-a1ac3686842a/contexts[39m {}
[38;5;103m[78d31e43][0m[38;5;-194m[AndroidUiautomator2Driver@355d][0m CDP data for 'WEBVIEW_stetho_com.google.android.apps.messaging' cannot be collected. Original error: socket hang up
[38;5;103m[78d31e43][0m[38;5;-194m[AndroidUiautomator2Driver@355d][0m Skipping the webview 'WEBVIEW_stetho_com.google.android.apps.messaging' at '@stetho_com.google.android.apps.messaging_devtools_remote' since it has reported having zero pages
[38;5;103m[78d31e43][0m[38;5;86m[HTTP][0m <-- GET /wd/hub/session/78d31e43-20f4-4d5c-885e-a1ac3686842a/contexts 200 843 ms - 65 
[38;5;103m[78d31e43][0m[38;5;86m[HTTP][0m [37m-->[39m [37mPOST[39m [37m/wd/hub/session/78d31e43-20f4-4d5c-885e-a1ac3686842a/context[39m {"name":"NATIVE_APP"}
[38;5;103m[78d31e43][0m[38;5;86m[HTTP][0m <-- POST /wd/hub/session/78d31e43-20f4-4d5c-885e-a1ac3686842a/context 200 1 ms - 14 
[38;5;103m[78d31e43][0m[38;5;86m[HTTP][0m [37m-->[39m [37mPOST[39m [37m/wd/hub/session/78d31e43-20f4-4d5c-885e-a1ac3686842a/execute/sync[39m {"args":[],"script":"mobile: hideKeyboard"}
[38;5;103m[78d31e43][0m[38;5;86m[HTTP][0m <-- POST /wd/hub/session/78d31e43-20f4-4d5c-885e-a1ac3686842a/execute/sync 200 598 ms - 14 
[38;5;103m[78d31e43][0m[38;5;86m[HTTP][0m [37m-->[39m [37mPOST[39m [37m/wd/hub/session/78d31e43-20f4-4d5c-885e-a1ac3686842a/context[39m {"name":"NATIVE_APP"}
[38;5;103m[78d31e43][0m[38;5;86m[HTTP][0m <-- POST /wd/hub/session/78d31e43-20f4-4d5c-885e-a1ac3686842a/context 200 1 ms - 14 
[38;5;103m[78d31e43][0m[38;5;86m[HTTP][0m [37m-->[39m [37mPOST[39m [37m/wd/hub/session/78d31e43-20f4-4d5c-885e-a1ac3686842a/timeouts[39m {"implicit":50}
[38;5;103m[78d31e43][0m[38;5;86m[HTTP][0m <-- POST /wd/hub/session/78d31e43-20f4-4d5c-885e-a1ac3686842a/timeouts 200 2 ms - 14 
[38;5;103m[78d31e43][0m[38;5;86m[HTTP][0m [37m-->[39m [37mGET[39m [37m/wd/hub/session/78d31e43-20f4-4d5c-885e-a1ac3686842a/window/rect[39m {}
[38;5;103m[78d31e43][0m[38;5;86m[HTTP][0m <-- GET /wd/hub/session/78d31e43-20f4-4d5c-885e-a1ac3686842a/window/rect 200 26 ms - 50 
[38;5;103m[78d31e43][0m[38;5;86m[HTTP][0m [37m-->[39m [37mPOST[39m [37m/wd/hub/session/78d31e43-20f4-4d5c-885e-a1ac3686842a/elements[39m {"value":"//*[@class = 'android.widget.Button' and (@text = 'Next' or . = 'Next')]","using":"xpath"}
[38;5;103m[78d31e43][0m[38;5;86m[HTTP][0m <-- POST /wd/hub/session/78d31e43-20f4-4d5c-885e-a1ac3686842a/elements 200 255 ms - 139 
[38;5;103m[78d31e43][0m[38;5;86m[HTTP][0m [37m-->[39m [37mGET[39m [37m/wd/hub/session/78d31e43-20f4-4d5c-885e-a1ac3686842a/element/00000000-0000-012f-0000-00dc00000007/rect[39m {}
[38;5;103m[78d31e43][0m[38;5;-194m[AndroidUiautomator2Driver@355d][0m Driver proxy active, passing request on via HTTP proxy
[38;5;103m[78d31e43][0m[38;5;-194m[AndroidUiautomator2Driver@355d][0m Replacing sessionId cb820e4c-85c4-4699-a72b-09270fe3e06c with 78d31e43-20f4-4d5c-885e-a1ac3686842a
[38;5;103m[78d31e43][0m[38;5;86m[HTTP][0m <-- GET /wd/hub/session/78d31e43-20f4-4d5c-885e-a1ac3686842a/element/00000000-0000-012f-0000-00dc00000007/rect 200 20 ms - 103 
[38;5;103m[78d31e43][0m[38;5;86m[HTTP][0m [37m-->[39m [37mPOST[39m [37m/wd/hub/session/78d31e43-20f4-4d5c-885e-a1ac3686842a/timeouts[39m {"implicit":30000}
[38;5;103m[78d31e43][0m[38;5;86m[HTTP][0m <-- POST /wd/hub/session/78d31e43-20f4-4d5c-885e-a1ac3686842a/timeouts 200 1 ms - 14 
[38;5;103m[78d31e43][0m[38;5;86m[HTTP][0m [37m-->[39m [37mPOST[39m [37m/wd/hub/session/78d31e43-20f4-4d5c-885e-a1ac3686842a/element/00000000-0000-012f-0000-00dc00000007/click[39m {"id":"00000000-0000-012f-0000-00dc00000007"}
[38;5;103m[78d31e43][0m[38;5;86m[HTTP][0m <-- POST /wd/hub/session/78d31e43-20f4-4d5c-885e-a1ac3686842a/element/00000000-0000-012f-0000-00dc00000007/click 200 68 ms - 14 
[38;5;103m[78d31e43][0m[38;5;86m[HTTP][0m [37m-->[39m [37mPOST[39m [37m/wd/hub/session/78d31e43-20f4-4d5c-885e-a1ac3686842a/timeouts[39m {"implicit":50}
[38;5;103m[78d31e43][0m[38;5;86m[HTTP][0m <-- POST /wd/hub/session/78d31e43-20f4-4d5c-885e-a1ac3686842a/timeouts 200 2 ms - 14 
[38;5;103m[78d31e43][0m[38;5;86m[HTTP][0m [37m-->[39m [37mGET[39m [37m/wd/hub/session/78d31e43-20f4-4d5c-885e-a1ac3686842a/window/rect[39m {}
[38;5;103m[78d31e43][0m[38;5;86m[HTTP][0m <-- GET /wd/hub/session/78d31e43-20f4-4d5c-885e-a1ac3686842a/window/rect 200 10 ms - 50 
[38;5;103m[78d31e43][0m[38;5;86m[HTTP][0m [37m-->[39m [37mPOST[39m [37m/wd/hub/session/78d31e43-20f4-4d5c-885e-a1ac3686842a/elements[39m {"value":"//*[@class = 'android.widget.EditText' and @resource-id = 'user' and (@text = '' or . = '')]","using":"xpath"}
[38;5;103m[78d31e43][0m[38;5;86m[HTTP][0m <-- POST /wd/hub/session/78d31e43-20f4-4d5c-885e-a1ac3686842a/elements 200 220 ms - 139 
[38;5;103m[78d31e43][0m[38;5;86m[HTTP][0m [37m-->[39m [37mGET[39m [37m/wd/hub/session/78d31e43-20f4-4d5c-885e-a1ac3686842a/element/00000000-0000-0130-0000-012c0000000e/rect[39m {}
[38;5;103m[78d31e43][0m[38;5;-194m[AndroidUiautomator2Driver@355d][0m Driver proxy active, passing request on via HTTP proxy
[38;5;103m[78d31e43][0m[38;5;-194m[AndroidUiautomator2Driver@355d][0m Replacing sessionId cb820e4c-85c4-4699-a72b-09270fe3e06c with 78d31e43-20f4-4d5c-885e-a1ac3686842a
[38;5;103m[78d31e43][0m[38;5;86m[HTTP][0m <-- GET /wd/hub/session/78d31e43-20f4-4d5c-885e-a1ac3686842a/element/00000000-0000-0130-0000-012c0000000e/rect 200 19 ms - 103 
[38;5;103m[78d31e43][0m[38;5;86m[HTTP][0m [37m-->[39m [37mPOST[39m [37m/wd/hub/session/78d31e43-20f4-4d5c-885e-a1ac3686842a/timeouts[39m {"implicit":30000}
[38;5;103m[78d31e43][0m[38;5;86m[HTTP][0m <-- POST /wd/hub/session/78d31e43-20f4-4d5c-885e-a1ac3686842a/timeouts 200 1 ms - 14 
[38;5;103m[78d31e43][0m[38;5;86m[HTTP][0m [37m-->[39m [37mPOST[39m [37m/wd/hub/session/78d31e43-20f4-4d5c-885e-a1ac3686842a/element/00000000-0000-0130-0000-012c0000000e/clear[39m {"id":"00000000-0000-0130-0000-012c0000000e"}
[38;5;103m[78d31e43][0m[38;5;86m[HTTP][0m <-- POST /wd/hub/session/78d31e43-20f4-4d5c-885e-a1ac3686842a/element/00000000-0000-0130-0000-012c0000000e/clear 200 27 ms - 14 
[38;5;103m[78d31e43][0m[38;5;86m[HTTP][0m [37m-->[39m [37mPOST[39m [37m/wd/hub/session/78d31e43-20f4-4d5c-885e-a1ac3686842a/element/00000000-0000-0130-0000-012c0000000e/click[39m {"id":"00000000-0000-0130-0000-012c0000000e"}
[38;5;103m[78d31e43][0m[38;5;86m[HTTP][0m <-- POST /wd/hub/session/78d31e43-20f4-4d5c-885e-a1ac3686842a/element/00000000-0000-0130-0000-012c0000000e/click 200 90 ms - 14 
[38;5;103m[78d31e43][0m[38;5;86m[HTTP][0m [37m-->[39m [37mPOST[39m [37m/wd/hub/session/78d31e43-20f4-4d5c-885e-a1ac3686842a/element/00000000-0000-0130-0000-012c0000000e/value[39m {"value":["P","E","P","O","K","L","E","@","H","O","T","M","A","I","L",".","C","O","M"],"id":"00000000-0000-0130-0000-012c0000000e","text":"PEPOKLE@HOTMAIL.COM"}
[38;5;103m[78d31e43][0m[38;5;86m[HTTP][0m <-- POST /wd/hub/session/78d31e43-20f4-4d5c-885e-a1ac3686842a/element/00000000-0000-0130-0000-012c0000000e/value 200 98 ms - 14 
[38;5;103m[78d31e43][0m[38;5;86m[HTTP][0m [37m-->[39m [37mGET[39m [37m/wd/hub/session/78d31e43-20f4-4d5c-885e-a1ac3686842a/context[39m {}
[38;5;103m[78d31e43][0m[38;5;86m[HTTP][0m <-- GET /wd/hub/session/78d31e43-20f4-4d5c-885e-a1ac3686842a/context 200 1 ms - 22 
[38;5;103m[78d31e43][0m[38;5;86m[HTTP][0m [37m-->[39m [37mGET[39m [37m/wd/hub/session/78d31e43-20f4-4d5c-885e-a1ac3686842a/contexts[39m {}
[38;5;103m[78d31e43][0m[38;5;-194m[AndroidUiautomator2Driver@355d][0m CDP data for 'WEBVIEW_stetho_com.google.android.apps.messaging' cannot be collected. Original error: socket hang up
[38;5;103m[78d31e43][0m[38;5;-194m[AndroidUiautomator2Driver@355d][0m Skipping the webview 'WEBVIEW_stetho_com.google.android.apps.messaging' at '@stetho_com.google.android.apps.messaging_devtools_remote' since it has reported having zero pages
[38;5;103m[78d31e43][0m[38;5;86m[HTTP][0m <-- GET /wd/hub/session/78d31e43-20f4-4d5c-885e-a1ac3686842a/contexts 200 507 ms - 65 
[38;5;103m[78d31e43][0m[38;5;86m[HTTP][0m [37m-->[39m [37mPOST[39m [37m/wd/hub/session/78d31e43-20f4-4d5c-885e-a1ac3686842a/context[39m {"name":"NATIVE_APP"}
[38;5;103m[78d31e43][0m[38;5;86m[HTTP][0m <-- POST /wd/hub/session/78d31e43-20f4-4d5c-885e-a1ac3686842a/context 200 0 ms - 14 
[38;5;103m[78d31e43][0m[38;5;86m[HTTP][0m [37m-->[39m [37mPOST[39m [37m/wd/hub/session/78d31e43-20f4-4d5c-885e-a1ac3686842a/execute/sync[39m {"args":[],"script":"mobile: hideKeyboard"}
[38;5;103m[78d31e43][0m[38;5;86m[HTTP][0m <-- POST /wd/hub/session/78d31e43-20f4-4d5c-885e-a1ac3686842a/execute/sync 200 588 ms - 14 
[38;5;103m[78d31e43][0m[38;5;86m[HTTP][0m [37m-->[39m [37mPOST[39m [37m/wd/hub/session/78d31e43-20f4-4d5c-885e-a1ac3686842a/context[39m {"name":"NATIVE_APP"}
[38;5;103m[78d31e43][0m[38;5;86m[HTTP][0m <-- POST /wd/hub/session/78d31e43-20f4-4d5c-885e-a1ac3686842a/context 200 1 ms - 14 
[38;5;103m[78d31e43][0m[38;5;86m[HTTP][0m [37m-->[39m [37mPOST[39m [37m/wd/hub/session/78d31e43-20f4-4d5c-885e-a1ac3686842a/timeouts[39m {"implicit":50}
[38;5;103m[78d31e43][0m[38;5;86m[HTTP][0m <-- POST /wd/hub/session/78d31e43-20f4-4d5c-885e-a1ac3686842a/timeouts 200 2 ms - 14 
[38;5;103m[78d31e43][0m[38;5;86m[HTTP][0m [37m-->[39m [37mGET[39m [37m/wd/hub/session/78d31e43-20f4-4d5c-885e-a1ac3686842a/window/rect[39m {}
[38;5;103m[78d31e43][0m[38;5;86m[HTTP][0m <-- GET /wd/hub/session/78d31e43-20f4-4d5c-885e-a1ac3686842a/window/rect 200 20 ms - 50 
[38;5;103m[78d31e43][0m[38;5;86m[HTTP][0m [37m-->[39m [37mPOST[39m [37m/wd/hub/session/78d31e43-20f4-4d5c-885e-a1ac3686842a/elements[39m {"value":"//*[@class = 'android.widget.EditText' and @resource-id = 'password' and (@text = '' or . = '')]","using":"xpath"}
[38;5;103m[78d31e43][0m[38;5;86m[HTTP][0m <-- POST /wd/hub/session/78d31e43-20f4-4d5c-885e-a1ac3686842a/elements 200 144 ms - 139 
[38;5;103m[78d31e43][0m[38;5;86m[HTTP][0m [37m-->[39m [37mGET[39m [37m/wd/hub/session/78d31e43-20f4-4d5c-885e-a1ac3686842a/element/00000000-0000-0130-0000-01300000000e/rect[39m {}
[38;5;103m[78d31e43][0m[38;5;-194m[AndroidUiautomator2Driver@355d][0m Driver proxy active, passing request on via HTTP proxy
[38;5;103m[78d31e43][0m[38;5;-194m[AndroidUiautomator2Driver@355d][0m Replacing sessionId cb820e4c-85c4-4699-a72b-09270fe3e06c with 78d31e43-20f4-4d5c-885e-a1ac3686842a
[38;5;103m[78d31e43][0m[38;5;86m[HTTP][0m <-- GET /wd/hub/session/78d31e43-20f4-4d5c-885e-a1ac3686842a/element/00000000-0000-0130-0000-01300000000e/rect 200 21 ms - 103 
[38;5;103m[78d31e43][0m[38;5;86m[HTTP][0m [37m-->[39m [37mPOST[39m [37m/wd/hub/session/78d31e43-20f4-4d5c-885e-a1ac3686842a/timeouts[39m {"implicit":30000}
[38;5;103m[78d31e43][0m[38;5;86m[HTTP][0m <-- POST /wd/hub/session/78d31e43-20f4-4d5c-885e-a1ac3686842a/timeouts 200 1 ms - 14 
[38;5;103m[78d31e43][0m[38;5;86m[HTTP][0m [37m-->[39m [37mPOST[39m [37m/wd/hub/session/78d31e43-20f4-4d5c-885e-a1ac3686842a/element/00000000-0000-0130-0000-01300000000e/clear[39m {"id":"00000000-0000-0130-0000-01300000000e"}
[38;5;103m[78d31e43][0m[38;5;86m[HTTP][0m <-- POST /wd/hub/session/78d31e43-20f4-4d5c-885e-a1ac3686842a/element/00000000-0000-0130-0000-01300000000e/clear 200 26 ms - 14 
[38;5;103m[78d31e43][0m[38;5;86m[HTTP][0m [37m-->[39m [37mPOST[39m [37m/wd/hub/session/78d31e43-20f4-4d5c-885e-a1ac3686842a/element/00000000-0000-0130-0000-01300000000e/click[39m {"id":"00000000-0000-0130-0000-01300000000e"}
[38;5;103m[78d31e43][0m[38;5;86m[HTTP][0m <-- POST /wd/hub/session/78d31e43-20f4-4d5c-885e-a1ac3686842a/element/00000000-0000-0130-0000-01300000000e/click 200 59 ms - 14 
[38;5;103m[78d31e43][0m[38;5;86m[HTTP][0m [37m-->[39m [37mPOST[39m [37m/wd/hub/session/78d31e43-20f4-4d5c-885e-a1ac3686842a/element/00000000-0000-0130-0000-01300000000e/value[39m {"value":["p","a","s","s","w","o","r","d"],"id":"00000000-0000-0130-0000-01300000000e","text":"password"}
[38;5;103m[78d31e43][0m[38;5;86m[HTTP][0m <-- POST /wd/hub/session/78d31e43-20f4-4d5c-885e-a1ac3686842a/element/00000000-0000-0130-0000-01300000000e/value 200 198 ms - 14 
[38;5;103m[78d31e43][0m[38;5;86m[HTTP][0m [37m-->[39m [37mGET[39m [37m/wd/hub/session/78d31e43-20f4-4d5c-885e-a1ac3686842a/context[39m {}
[38;5;103m[78d31e43][0m[38;5;86m[HTTP][0m <-- GET /wd/hub/session/78d31e43-20f4-4d5c-885e-a1ac3686842a/context 200 2 ms - 22 
[38;5;103m[78d31e43][0m[38;5;86m[HTTP][0m [37m-->[39m [37mGET[39m [37m/wd/hub/session/78d31e43-20f4-4d5c-885e-a1ac3686842a/contexts[39m {}
[38;5;103m[78d31e43][0m[38;5;-194m[AndroidUiautomator2Driver@355d][0m CDP data for 'WEBVIEW_stetho_com.google.android.apps.messaging' cannot be collected. Original error: socket hang up
[38;5;103m[78d31e43][0m[38;5;-194m[AndroidUiautomator2Driver@355d][0m Skipping the webview 'WEBVIEW_stetho_com.google.android.apps.messaging' at '@stetho_com.google.android.apps.messaging_devtools_remote' since it has reported having zero pages
[38;5;103m[78d31e43][0m[38;5;86m[HTTP][0m <-- GET /wd/hub/session/78d31e43-20f4-4d5c-885e-a1ac3686842a/contexts 200 515 ms - 65 
[38;5;103m[78d31e43][0m[38;5;86m[HTTP][0m [37m-->[39m [37mPOST[39m [37m/wd/hub/session/78d31e43-20f4-4d5c-885e-a1ac3686842a/context[39m {"name":"NATIVE_APP"}
[38;5;103m[78d31e43][0m[38;5;86m[HTTP][0m <-- POST /wd/hub/session/78d31e43-20f4-4d5c-885e-a1ac3686842a/context 200 0 ms - 14 
[38;5;103m[78d31e43][0m[38;5;86m[HTTP][0m [37m-->[39m [37mPOST[39m [37m/wd/hub/session/78d31e43-20f4-4d5c-885e-a1ac3686842a/execute/sync[39m {"args":[],"script":"mobile: hideKeyboard"}
[38;5;103m[78d31e43][0m[38;5;86m[HTTP][0m <-- POST /wd/hub/session/78d31e43-20f4-4d5c-885e-a1ac3686842a/execute/sync 200 551 ms - 14 
[38;5;103m[78d31e43][0m[38;5;86m[HTTP][0m [37m-->[39m [37mPOST[39m [37m/wd/hub/session/78d31e43-20f4-4d5c-885e-a1ac3686842a/context[39m {"name":"NATIVE_APP"}
[38;5;103m[78d31e43][0m[38;5;86m[HTTP][0m <-- POST /wd/hub/session/78d31e43-20f4-4d5c-885e-a1ac3686842a/context 200 1 ms - 14 
[38;5;103m[78d31e43][0m[38;5;86m[HTTP][0m [37m-->[39m [37mPOST[39m [37m/wd/hub/session/78d31e43-20f4-4d5c-885e-a1ac3686842a/timeouts[39m {"implicit":50}
[38;5;103m[78d31e43][0m[38;5;86m[HTTP][0m <-- POST /wd/hub/session/78d31e43-20f4-4d5c-885e-a1ac3686842a/timeouts 200 1 ms - 14 
[38;5;103m[78d31e43][0m[38;5;86m[HTTP][0m [37m-->[39m [37mGET[39m [37m/wd/hub/session/78d31e43-20f4-4d5c-885e-a1ac3686842a/window/rect[39m {}
[38;5;103m[78d31e43][0m[38;5;86m[HTTP][0m <-- GET /wd/hub/session/78d31e43-20f4-4d5c-885e-a1ac3686842a/window/rect 200 21 ms - 50 
[38;5;103m[78d31e43][0m[38;5;86m[HTTP][0m [37m-->[39m [37mPOST[39m [37m/wd/hub/session/78d31e43-20f4-4d5c-885e-a1ac3686842a/elements[39m {"value":"//*[@class = 'android.widget.Button' and (@text = 'LOGIN' or . = 'LOGIN')]","using":"xpath"}
[38;5;103m[78d31e43][0m[38;5;86m[HTTP][0m <-- POST /wd/hub/session/78d31e43-20f4-4d5c-885e-a1ac3686842a/elements 200 124 ms - 139 
[38;5;103m[78d31e43][0m[38;5;86m[HTTP][0m [37m-->[39m [37mGET[39m [37m/wd/hub/session/78d31e43-20f4-4d5c-885e-a1ac3686842a/element/00000000-0000-0130-0000-01330000000e/rect[39m {}
[38;5;103m[78d31e43][0m[38;5;-194m[AndroidUiautomator2Driver@355d][0m Driver proxy active, passing request on via HTTP proxy
[38;5;103m[78d31e43][0m[38;5;-194m[AndroidUiautomator2Driver@355d][0m Replacing sessionId cb820e4c-85c4-4699-a72b-09270fe3e06c with 78d31e43-20f4-4d5c-885e-a1ac3686842a
[38;5;103m[78d31e43][0m[38;5;86m[HTTP][0m <-- GET /wd/hub/session/78d31e43-20f4-4d5c-885e-a1ac3686842a/element/00000000-0000-0130-0000-01330000000e/rect 200 21 ms - 104 
[38;5;103m[78d31e43][0m[38;5;86m[HTTP][0m [37m-->[39m [37mPOST[39m [37m/wd/hub/session/78d31e43-20f4-4d5c-885e-a1ac3686842a/timeouts[39m {"implicit":30000}
[38;5;103m[78d31e43][0m[38;5;86m[HTTP][0m <-- POST /wd/hub/session/78d31e43-20f4-4d5c-885e-a1ac3686842a/timeouts 200 0 ms - 14 
[38;5;103m[78d31e43][0m[38;5;86m[HTTP][0m [37m-->[39m [37mPOST[39m [37m/wd/hub/session/78d31e43-20f4-4d5c-885e-a1ac3686842a/element/00000000-0000-0130-0000-01330000000e/click[39m {"id":"00000000-0000-0130-0000-01330000000e"}
[38;5;103m[78d31e43][0m[38;5;86m[HTTP][0m <-- POST /wd/hub/session/78d31e43-20f4-4d5c-885e-a1ac3686842a/element/00000000-0000-0130-0000-01330000000e/click 200 87 ms - 14 
[38;5;103m[78d31e43][0m[38;5;86m[HTTP][0m [37m-->[39m [37mPOST[39m [37m/wd/hub/session/78d31e43-20f4-4d5c-885e-a1ac3686842a/timeouts[39m {"implicit":50}
[38;5;103m[78d31e43][0m[38;5;86m[HTTP][0m <-- POST /wd/hub/session/78d31e43-20f4-4d5c-885e-a1ac3686842a/timeouts 200 2 ms - 14 
[38;5;103m[78d31e43][0m[38;5;86m[HTTP][0m [37m-->[39m [37mGET[39m [37m/wd/hub/session/78d31e43-20f4-4d5c-885e-a1ac3686842a/window/rect[39m {}
[38;5;103m[78d31e43][0m[38;5;86m[HTTP][0m <-- GET /wd/hub/session/78d31e43-20f4-4d5c-885e-a1ac3686842a/window/rect 200 58 ms - 50 
[38;5;103m[78d31e43][0m[38;5;86m[HTTP][0m [37m-->[39m [37mPOST[39m [37m/wd/hub/session/78d31e43-20f4-4d5c-885e-a1ac3686842a/elements[39m {"value":"//*[@class = 'android.view.View' and (@text = 'My Stay' or . = 'My Stay')]","using":"xpath"}
[38;5;103m[78d31e43][0m[38;5;86m[HTTP][0m <-- POST /wd/hub/session/78d31e43-20f4-4d5c-885e-a1ac3686842a/elements 200 431 ms - 139 
[38;5;103m[78d31e43][0m[38;5;86m[HTTP][0m [37m-->[39m [37mGET[39m [37m/wd/hub/session/78d31e43-20f4-4d5c-885e-a1ac3686842a/element/00000000-0000-012f-0000-01be00000007/rect[39m {}
[38;5;103m[78d31e43][0m[38;5;-194m[AndroidUiautomator2Driver@355d][0m Driver proxy active, passing request on via HTTP proxy
[38;5;103m[78d31e43][0m[38;5;-194m[AndroidUiautomator2Driver@355d][0m Replacing sessionId cb820e4c-85c4-4699-a72b-09270fe3e06c with 78d31e43-20f4-4d5c-885e-a1ac3686842a
[38;5;103m[78d31e43][0m[38;5;86m[HTTP][0m <-- GET /wd/hub/session/78d31e43-20f4-4d5c-885e-a1ac3686842a/element/00000000-0000-012f-0000-01be00000007/rect 200 26 ms - 104 
[38;5;103m[78d31e43][0m[38;5;86m[HTTP][0m [37m-->[39m [37mPOST[39m [37m/wd/hub/session/78d31e43-20f4-4d5c-885e-a1ac3686842a/timeouts[39m {"implicit":30000}
[38;5;103m[78d31e43][0m[38;5;86m[HTTP][0m <-- POST /wd/hub/session/78d31e43-20f4-4d5c-885e-a1ac3686842a/timeouts 200 1 ms - 14 
[38;5;103m[78d31e43][0m[38;5;86m[HTTP][0m [37m-->[39m [37mPOST[39m [37m/wd/hub/session/78d31e43-20f4-4d5c-885e-a1ac3686842a/element/00000000-0000-012f-0000-01be00000007/click[39m {"id":"00000000-0000-012f-0000-01be00000007"}
[38;5;103m[78d31e43][0m[38;5;86m[HTTP][0m <-- POST /wd/hub/session/78d31e43-20f4-4d5c-885e-a1ac3686842a/element/00000000-0000-012f-0000-01be00000007/click 200 72 ms - 14 
[38;5;103m[78d31e43][0m[38;5;86m[HTTP][0m [37m-->[39m [37mPOST[39m [37m/wd/hub/session/78d31e43-20f4-4d5c-885e-a1ac3686842a/timeouts[39m {"implicit":50}
[38;5;103m[78d31e43][0m[38;5;86m[HTTP][0m <-- POST /wd/hub/session/78d31e43-20f4-4d5c-885e-a1ac3686842a/timeouts 200 1 ms - 14 
[38;5;103m[78d31e43][0m[38;5;86m[HTTP][0m [37m-->[39m [37mGET[39m [37m/wd/hub/session/78d31e43-20f4-4d5c-885e-a1ac3686842a/window/rect[39m {}
[38;5;103m[78d31e43][0m[38;5;86m[HTTP][0m <-- GET /wd/hub/session/78d31e43-20f4-4d5c-885e-a1ac3686842a/window/rect 200 12 ms - 50 
[38;5;103m[78d31e43][0m[38;5;86m[HTTP][0m [37m-->[39m [37mPOST[39m [37m/wd/hub/session/78d31e43-20f4-4d5c-885e-a1ac3686842a/elements[39m {"value":"//*[@class = 'android.widget.Button' and (@text = 'ADD A RESERVATION' or . = 'ADD A RESERVATION')]","using":"xpath"}
[38;5;103m[78d31e43][0m[38;5;86m[HTTP][0m <-- POST /wd/hub/session/78d31e43-20f4-4d5c-885e-a1ac3686842a/elements 200 216 ms - 139 
[38;5;103m[78d31e43][0m[38;5;86m[HTTP][0m [37m-->[39m [37mGET[39m [37m/wd/hub/session/78d31e43-20f4-4d5c-885e-a1ac3686842a/element/00000000-0000-012f-0000-02a200000007/rect[39m {}
[38;5;103m[78d31e43][0m[38;5;-194m[AndroidUiautomator2Driver@355d][0m Driver proxy active, passing request on via HTTP proxy
[38;5;103m[78d31e43][0m[38;5;-194m[AndroidUiautomator2Driver@355d][0m Replacing sessionId cb820e4c-85c4-4699-a72b-09270fe3e06c with 78d31e43-20f4-4d5c-885e-a1ac3686842a
[38;5;103m[78d31e43][0m[38;5;86m[HTTP][0m <-- GET /wd/hub/session/78d31e43-20f4-4d5c-885e-a1ac3686842a/element/00000000-0000-012f-0000-02a200000007/rect 200 51 ms - 104 
[38;5;103m[78d31e43][0m[38;5;86m[HTTP][0m [37m-->[39m [37mPOST[39m [37m/wd/hub/session/78d31e43-20f4-4d5c-885e-a1ac3686842a/timeouts[39m {"implicit":30000}
[38;5;103m[78d31e43][0m[38;5;86m[HTTP][0m <-- POST /wd/hub/session/78d31e43-20f4-4d5c-885e-a1ac3686842a/timeouts 200 1 ms - 14 
[38;5;103m[78d31e43][0m[38;5;86m[HTTP][0m [37m-->[39m [37mPOST[39m [37m/wd/hub/session/78d31e43-20f4-4d5c-885e-a1ac3686842a/element/00000000-0000-012f-0000-02a200000007/click[39m {"id":"00000000-0000-012f-0000-02a200000007"}
[38;5;103m[78d31e43][0m[38;5;86m[HTTP][0m <-- POST /wd/hub/session/78d31e43-20f4-4d5c-885e-a1ac3686842a/element/00000000-0000-012f-0000-02a200000007/click 200 98 ms - 14 
[38;5;103m[78d31e43][0m[38;5;86m[HTTP][0m [37m-->[39m [37mPOST[39m [37m/wd/hub/session/78d31e43-20f4-4d5c-885e-a1ac3686842a/timeouts[39m {"implicit":50}
[38;5;103m[78d31e43][0m[38;5;86m[HTTP][0m <-- POST /wd/hub/session/78d31e43-20f4-4d5c-885e-a1ac3686842a/timeouts 200 1 ms - 14 
[38;5;103m[78d31e43][0m[38;5;86m[HTTP][0m [37m-->[39m [37mGET[39m [37m/wd/hub/session/78d31e43-20f4-4d5c-885e-a1ac3686842a/window/rect[39m {}
[38;5;103m[78d31e43][0m[38;5;86m[HTTP][0m <-- GET /wd/hub/session/78d31e43-20f4-4d5c-885e-a1ac3686842a/window/rect 200 13 ms - 50 
[38;5;103m[78d31e43][0m[38;5;86m[HTTP][0m [37m-->[39m [37mPOST[39m [37m/wd/hub/session/78d31e43-20f4-4d5c-885e-a1ac3686842a/elements[39m {"value":"//*[@class = 'android.widget.EditText' and @resource-id = 'ion-input-1' and (@text = '' or . = '')]","using":"xpath"}
[38;5;103m[78d31e43][0m[38;5;86m[HTTP][0m <-- POST /wd/hub/session/78d31e43-20f4-4d5c-885e-a1ac3686842a/elements 200 122 ms - 139 
[38;5;103m[78d31e43][0m[38;5;86m[HTTP][0m [37m-->[39m [37mGET[39m [37m/wd/hub/session/78d31e43-20f4-4d5c-885e-a1ac3686842a/element/00000000-0000-012f-0000-030200000007/rect[39m {}
[38;5;103m[78d31e43][0m[38;5;-194m[AndroidUiautomator2Driver@355d][0m Driver proxy active, passing request on via HTTP proxy
[38;5;103m[78d31e43][0m[38;5;-194m[AndroidUiautomator2Driver@355d][0m Replacing sessionId cb820e4c-85c4-4699-a72b-09270fe3e06c with 78d31e43-20f4-4d5c-885e-a1ac3686842a
[38;5;103m[78d31e43][0m[38;5;86m[HTTP][0m <-- GET /wd/hub/session/78d31e43-20f4-4d5c-885e-a1ac3686842a/element/00000000-0000-012f-0000-030200000007/rect 200 21 ms - 102 
[38;5;103m[78d31e43][0m[38;5;86m[HTTP][0m [37m-->[39m [37mPOST[39m [37m/wd/hub/session/78d31e43-20f4-4d5c-885e-a1ac3686842a/timeouts[39m {"implicit":30000}
[38;5;103m[78d31e43][0m[38;5;86m[HTTP][0m <-- POST /wd/hub/session/78d31e43-20f4-4d5c-885e-a1ac3686842a/timeouts 200 1 ms - 14 
[38;5;103m[78d31e43][0m[38;5;86m[HTTP][0m [37m-->[39m [37mPOST[39m [37m/wd/hub/session/78d31e43-20f4-4d5c-885e-a1ac3686842a/element/00000000-0000-012f-0000-030200000007/clear[39m {"id":"00000000-0000-012f-0000-030200000007"}
[38;5;103m[78d31e43][0m[38;5;86m[HTTP][0m <-- POST /wd/hub/session/78d31e43-20f4-4d5c-885e-a1ac3686842a/element/00000000-0000-012f-0000-030200000007/clear 200 25 ms - 14 
[38;5;103m[78d31e43][0m[38;5;86m[HTTP][0m [37m-->[39m [37mPOST[39m [37m/wd/hub/session/78d31e43-20f4-4d5c-885e-a1ac3686842a/element/00000000-0000-012f-0000-030200000007/click[39m {"id":"00000000-0000-012f-0000-030200000007"}
[38;5;103m[78d31e43][0m[38;5;86m[HTTP][0m <-- POST /wd/hub/session/78d31e43-20f4-4d5c-885e-a1ac3686842a/element/00000000-0000-012f-0000-030200000007/click 200 140 ms - 14 
[38;5;103m[78d31e43][0m[38;5;86m[HTTP][0m [37m-->[39m [37mPOST[39m [37m/wd/hub/session/78d31e43-20f4-4d5c-885e-a1ac3686842a/element/00000000-0000-012f-0000-030200000007/value[39m {"value":["1","8","7","6","4","9","5","5"],"id":"00000000-0000-012f-0000-030200000007","text":"18764955"}
[38;5;103m[78d31e43][0m[38;5;86m[HTTP][0m <-- POST /wd/hub/session/78d31e43-20f4-4d5c-885e-a1ac3686842a/element/00000000-0000-012f-0000-030200000007/value 200 73 ms - 14 
[38;5;103m[78d31e43][0m[38;5;86m[HTTP][0m [37m-->[39m [37mGET[39m [37m/wd/hub/session/78d31e43-20f4-4d5c-885e-a1ac3686842a/context[39m {}
[38;5;103m[78d31e43][0m[38;5;86m[HTTP][0m <-- GET /wd/hub/session/78d31e43-20f4-4d5c-885e-a1ac3686842a/context 200 1 ms - 22 
[38;5;103m[78d31e43][0m[38;5;86m[HTTP][0m [37m-->[39m [37mGET[39m [37m/wd/hub/session/78d31e43-20f4-4d5c-885e-a1ac3686842a/contexts[39m {}
[38;5;103m[78d31e43][0m[38;5;-194m[AndroidUiautomator2Driver@355d][0m CDP data for 'WEBVIEW_stetho_com.google.android.apps.messaging' cannot be collected. Original error: socket hang up
[38;5;103m[78d31e43][0m[38;5;-194m[AndroidUiautomator2Driver@355d][0m Skipping the webview 'WEBVIEW_stetho_com.google.android.apps.messaging' at '@stetho_com.google.android.apps.messaging_devtools_remote' since it has reported having zero pages
[38;5;103m[78d31e43][0m[38;5;86m[HTTP][0m <-- GET /wd/hub/session/78d31e43-20f4-4d5c-885e-a1ac3686842a/contexts 200 488 ms - 65 
[38;5;103m[78d31e43][0m[38;5;86m[HTTP][0m [37m-->[39m [37mPOST[39m [37m/wd/hub/session/78d31e43-20f4-4d5c-885e-a1ac3686842a/context[39m {"name":"NATIVE_APP"}
[38;5;103m[78d31e43][0m[38;5;86m[HTTP][0m <-- POST /wd/hub/session/78d31e43-20f4-4d5c-885e-a1ac3686842a/context 200 0 ms - 14 
[38;5;103m[78d31e43][0m[38;5;86m[HTTP][0m [37m-->[39m [37mPOST[39m [37m/wd/hub/session/78d31e43-20f4-4d5c-885e-a1ac3686842a/execute/sync[39m {"args":[],"script":"mobile: hideKeyboard"}
[38;5;103m[78d31e43][0m[38;5;86m[HTTP][0m <-- POST /wd/hub/session/78d31e43-20f4-4d5c-885e-a1ac3686842a/execute/sync 200 527 ms - 14 
[38;5;103m[78d31e43][0m[38;5;86m[HTTP][0m [37m-->[39m [37mPOST[39m [37m/wd/hub/session/78d31e43-20f4-4d5c-885e-a1ac3686842a/context[39m {"name":"NATIVE_APP"}
[38;5;103m[78d31e43][0m[38;5;86m[HTTP][0m <-- POST /wd/hub/session/78d31e43-20f4-4d5c-885e-a1ac3686842a/context 200 1 ms - 14 
[38;5;103m[78d31e43][0m[38;5;86m[HTTP][0m [37m-->[39m [37mPOST[39m [37m/wd/hub/session/78d31e43-20f4-4d5c-885e-a1ac3686842a/timeouts[39m {"implicit":50}
[38;5;103m[78d31e43][0m[38;5;86m[HTTP][0m <-- POST /wd/hub/session/78d31e43-20f4-4d5c-885e-a1ac3686842a/timeouts 200 1 ms - 14 
[38;5;103m[78d31e43][0m[38;5;86m[HTTP][0m [37m-->[39m [37mGET[39m [37m/wd/hub/session/78d31e43-20f4-4d5c-885e-a1ac3686842a/window/rect[39m {}
[38;5;103m[78d31e43][0m[38;5;86m[HTTP][0m <-- GET /wd/hub/session/78d31e43-20f4-4d5c-885e-a1ac3686842a/window/rect 200 13 ms - 50 
[38;5;103m[78d31e43][0m[38;5;86m[HTTP][0m [37m-->[39m [37mPOST[39m [37m/wd/hub/session/78d31e43-20f4-4d5c-885e-a1ac3686842a/elements[39m {"value":"//*[@class = 'android.widget.Button' and (@text = 'Next' or . = 'Next')]","using":"xpath"}
[38;5;103m[78d31e43][0m[38;5;86m[HTTP][0m <-- POST /wd/hub/session/78d31e43-20f4-4d5c-885e-a1ac3686842a/elements 200 90 ms - 139 
[38;5;103m[78d31e43][0m[38;5;86m[HTTP][0m [37m-->[39m [37mGET[39m [37m/wd/hub/session/78d31e43-20f4-4d5c-885e-a1ac3686842a/element/00000000-0000-012f-0000-02fe00000007/rect[39m {}
[38;5;103m[78d31e43][0m[38;5;-194m[AndroidUiautomator2Driver@355d][0m Driver proxy active, passing request on via HTTP proxy
[38;5;103m[78d31e43][0m[38;5;-194m[AndroidUiautomator2Driver@355d][0m Replacing sessionId cb820e4c-85c4-4699-a72b-09270fe3e06c with 78d31e43-20f4-4d5c-885e-a1ac3686842a
[38;5;103m[78d31e43][0m[38;5;86m[HTTP][0m <-- GET /wd/hub/session/78d31e43-20f4-4d5c-885e-a1ac3686842a/element/00000000-0000-012f-0000-02fe00000007/rect 200 20 ms - 102 
[38;5;103m[78d31e43][0m[38;5;86m[HTTP][0m [37m-->[39m [37mPOST[39m [37m/wd/hub/session/78d31e43-20f4-4d5c-885e-a1ac3686842a/timeouts[39m {"implicit":30000}
[38;5;103m[78d31e43][0m[38;5;86m[HTTP][0m <-- POST /wd/hub/session/78d31e43-20f4-4d5c-885e-a1ac3686842a/timeouts 200 1 ms - 14 
[38;5;103m[78d31e43][0m[38;5;86m[HTTP][0m [37m-->[39m [37mPOST[39m [37m/wd/hub/session/78d31e43-20f4-4d5c-885e-a1ac3686842a/element/00000000-0000-012f-0000-02fe00000007/click[39m {"id":"00000000-0000-012f-0000-02fe00000007"}
[38;5;103m[78d31e43][0m[38;5;86m[HTTP][0m <-- POST /wd/hub/session/78d31e43-20f4-4d5c-885e-a1ac3686842a/element/00000000-0000-012f-0000-02fe00000007/click 200 63 ms - 14 
[38;5;103m[78d31e43][0m[38;5;86m[HTTP][0m [37m-->[39m [37mPOST[39m [37m/wd/hub/session/78d31e43-20f4-4d5c-885e-a1ac3686842a/timeouts[39m {"implicit":50}
[38;5;103m[78d31e43][0m[38;5;86m[HTTP][0m <-- POST /wd/hub/session/78d31e43-20f4-4d5c-885e-a1ac3686842a/timeouts 200 1 ms - 14 
[38;5;103m[78d31e43][0m[38;5;86m[HTTP][0m [37m-->[39m [37mGET[39m [37m/wd/hub/session/78d31e43-20f4-4d5c-885e-a1ac3686842a/window/rect[39m {}
[38;5;103m[78d31e43][0m[38;5;86m[HTTP][0m <-- GET /wd/hub/session/78d31e43-20f4-4d5c-885e-a1ac3686842a/window/rect 200 13 ms - 50 
[38;5;103m[78d31e43][0m[38;5;86m[HTTP][0m [37m-->[39m [37mPOST[39m [37m/wd/hub/session/78d31e43-20f4-4d5c-885e-a1ac3686842a/elements[39m {"value":"//*[@class = 'android.widget.EditText' and @resource-id = 'ion-input-2' and (@text = '' or . = '')]","using":"xpath"}
[38;5;103m[78d31e43][0m[38;5;86m[HTTP][0m <-- POST /wd/hub/session/78d31e43-20f4-4d5c-885e-a1ac3686842a/elements 200 101 ms - 139 
[38;5;103m[78d31e43][0m[38;5;86m[HTTP][0m [37m-->[39m [37mGET[39m [37m/wd/hub/session/78d31e43-20f4-4d5c-885e-a1ac3686842a/element/00000000-0000-012f-0000-033200000007/rect[39m {}
[38;5;103m[78d31e43][0m[38;5;-194m[AndroidUiautomator2Driver@355d][0m Driver proxy active, passing request on via HTTP proxy
[38;5;103m[78d31e43][0m[38;5;-194m[AndroidUiautomator2Driver@355d][0m Replacing sessionId cb820e4c-85c4-4699-a72b-09270fe3e06c with 78d31e43-20f4-4d5c-885e-a1ac3686842a
[38;5;103m[78d31e43][0m[38;5;86m[HTTP][0m <-- GET /wd/hub/session/78d31e43-20f4-4d5c-885e-a1ac3686842a/element/00000000-0000-012f-0000-033200000007/rect 200 19 ms - 102 
[38;5;103m[78d31e43][0m[38;5;86m[HTTP][0m [37m-->[39m [37mPOST[39m [37m/wd/hub/session/78d31e43-20f4-4d5c-885e-a1ac3686842a/timeouts[39m {"implicit":30000}
[38;5;103m[78d31e43][0m[38;5;86m[HTTP][0m <-- POST /wd/hub/session/78d31e43-20f4-4d5c-885e-a1ac3686842a/timeouts 200 1 ms - 14 
[38;5;103m[78d31e43][0m[38;5;86m[HTTP][0m [37m-->[39m [37mPOST[39m [37m/wd/hub/session/78d31e43-20f4-4d5c-885e-a1ac3686842a/element/00000000-0000-012f-0000-033200000007/clear[39m {"id":"00000000-0000-012f-0000-033200000007"}
[38;5;103m[78d31e43][0m[38;5;86m[HTTP][0m <-- POST /wd/hub/session/78d31e43-20f4-4d5c-885e-a1ac3686842a/element/00000000-0000-012f-0000-033200000007/clear 200 23 ms - 14 
[38;5;103m[78d31e43][0m[38;5;86m[HTTP][0m [37m-->[39m [37mPOST[39m [37m/wd/hub/session/78d31e43-20f4-4d5c-885e-a1ac3686842a/element/00000000-0000-012f-0000-033200000007/click[39m {"id":"00000000-0000-012f-0000-033200000007"}
[38;5;103m[78d31e43][0m[38;5;86m[HTTP][0m <-- POST /wd/hub/session/78d31e43-20f4-4d5c-885e-a1ac3686842a/element/00000000-0000-012f-0000-033200000007/click 200 64 ms - 14 
[38;5;103m[78d31e43][0m[38;5;86m[HTTP][0m [37m-->[39m [37mPOST[39m [37m/wd/hub/session/78d31e43-20f4-4d5c-885e-a1ac3686842a/element/00000000-0000-012f-0000-033200000007/value[39m {"value":["W","O","O","D","S"],"id":"00000000-0000-012f-0000-033200000007","text":"WOODS"}
[38;5;103m[78d31e43][0m[38;5;86m[HTTP][0m <-- POST /wd/hub/session/78d31e43-20f4-4d5c-885e-a1ac3686842a/element/00000000-0000-012f-0000-033200000007/value 200 54 ms - 14 
[38;5;103m[78d31e43][0m[38;5;86m[HTTP][0m [37m-->[39m [37mGET[39m [37m/wd/hub/session/78d31e43-20f4-4d5c-885e-a1ac3686842a/context[39m {}
[38;5;103m[78d31e43][0m[38;5;86m[HTTP][0m <-- GET /wd/hub/session/78d31e43-20f4-4d5c-885e-a1ac3686842a/context 200 1 ms - 22 
[38;5;103m[78d31e43][0m[38;5;86m[HTTP][0m [37m-->[39m [37mGET[39m [37m/wd/hub/session/78d31e43-20f4-4d5c-885e-a1ac3686842a/contexts[39m {}
[38;5;103m[78d31e43][0m[38;5;-194m[AndroidUiautomator2Driver@355d][0m CDP data for 'WEBVIEW_stetho_com.google.android.apps.messaging' cannot be collected. Original error: socket hang up
[38;5;103m[78d31e43][0m[38;5;-194m[AndroidUiautomator2Driver@355d][0m Skipping the webview 'WEBVIEW_stetho_com.google.android.apps.messaging' at '@stetho_com.google.android.apps.messaging_devtools_remote' since it has reported having zero pages
[38;5;103m[78d31e43][0m[38;5;86m[HTTP][0m <-- GET /wd/hub/session/78d31e43-20f4-4d5c-885e-a1ac3686842a/contexts 200 584 ms - 65 
[38;5;103m[78d31e43][0m[38;5;86m[HTTP][0m [37m-->[39m [37mPOST[39m [37m/wd/hub/session/78d31e43-20f4-4d5c-885e-a1ac3686842a/context[39m {"name":"NATIVE_APP"}
[38;5;103m[78d31e43][0m[38;5;86m[HTTP][0m <-- POST /wd/hub/session/78d31e43-20f4-4d5c-885e-a1ac3686842a/context 200 1 ms - 14 
[38;5;103m[78d31e43][0m[38;5;86m[HTTP][0m [37m-->[39m [37mPOST[39m [37m/wd/hub/session/78d31e43-20f4-4d5c-885e-a1ac3686842a/execute/sync[39m {"args":[],"script":"mobile: hideKeyboard"}
[38;5;103m[78d31e43][0m[38;5;86m[HTTP][0m <-- POST /wd/hub/session/78d31e43-20f4-4d5c-885e-a1ac3686842a/execute/sync 200 453 ms - 14 
[38;5;103m[78d31e43][0m[38;5;86m[HTTP][0m [37m-->[39m [37mPOST[39m [37m/wd/hub/session/78d31e43-20f4-4d5c-885e-a1ac3686842a/context[39m {"name":"NATIVE_APP"}
[38;5;103m[78d31e43][0m[38;5;86m[HTTP][0m <-- POST /wd/hub/session/78d31e43-20f4-4d5c-885e-a1ac3686842a/context 200 0 ms - 14 
[38;5;103m[78d31e43][0m[38;5;86m[HTTP][0m [37m-->[39m [37mPOST[39m [37m/wd/hub/session/78d31e43-20f4-4d5c-885e-a1ac3686842a/timeouts[39m {"implicit":50}
[38;5;103m[78d31e43][0m[38;5;86m[HTTP][0m <-- POST /wd/hub/session/78d31e43-20f4-4d5c-885e-a1ac3686842a/timeouts 200 1 ms - 14 
[38;5;103m[78d31e43][0m[38;5;86m[HTTP][0m [37m-->[39m [37mGET[39m [37m/wd/hub/session/78d31e43-20f4-4d5c-885e-a1ac3686842a/window/rect[39m {}
[38;5;103m[78d31e43][0m[38;5;86m[HTTP][0m <-- GET /wd/hub/session/78d31e43-20f4-4d5c-885e-a1ac3686842a/window/rect 200 19 ms - 50 
[38;5;103m[78d31e43][0m[38;5;86m[HTTP][0m [37m-->[39m [37mPOST[39m [37m/wd/hub/session/78d31e43-20f4-4d5c-885e-a1ac3686842a/elements[39m {"value":"//*[@class = 'android.widget.Button' and (@text = 'Add Reservation' or . = 'Add Reservation')]","using":"xpath"}
[38;5;103m[78d31e43][0m[38;5;86m[HTTP][0m <-- POST /wd/hub/session/78d31e43-20f4-4d5c-885e-a1ac3686842a/elements 200 101 ms - 139 
[38;5;103m[78d31e43][0m[38;5;86m[HTTP][0m [37m-->[39m [37mGET[39m [37m/wd/hub/session/78d31e43-20f4-4d5c-885e-a1ac3686842a/element/00000000-0000-012f-0000-032e00000007/rect[39m {}
[38;5;103m[78d31e43][0m[38;5;-194m[AndroidUiautomator2Driver@355d][0m Driver proxy active, passing request on via HTTP proxy
[38;5;103m[78d31e43][0m[38;5;-194m[AndroidUiautomator2Driver@355d][0m Replacing sessionId cb820e4c-85c4-4699-a72b-09270fe3e06c with 78d31e43-20f4-4d5c-885e-a1ac3686842a
[38;5;103m[78d31e43][0m[38;5;86m[HTTP][0m <-- GET /wd/hub/session/78d31e43-20f4-4d5c-885e-a1ac3686842a/element/00000000-0000-012f-0000-032e00000007/rect 200 23 ms - 102 
[38;5;103m[78d31e43][0m[38;5;86m[HTTP][0m [37m-->[39m [37mPOST[39m [37m/wd/hub/session/78d31e43-20f4-4d5c-885e-a1ac3686842a/timeouts[39m {"implicit":30000}
[38;5;103m[78d31e43][0m[38;5;86m[HTTP][0m <-- POST /wd/hub/session/78d31e43-20f4-4d5c-885e-a1ac3686842a/timeouts 200 1 ms - 14 
[38;5;103m[78d31e43][0m[38;5;86m[HTTP][0m [37m-->[39m [37mPOST[39m [37m/wd/hub/session/78d31e43-20f4-4d5c-885e-a1ac3686842a/element/00000000-0000-012f-0000-032e00000007/click[39m {"id":"00000000-0000-012f-0000-032e00000007"}
[38;5;103m[78d31e43][0m[38;5;86m[HTTP][0m <-- POST /wd/hub/session/78d31e43-20f4-4d5c-885e-a1ac3686842a/element/00000000-0000-012f-0000-032e00000007/click 200 95 ms - 14 
[38;5;103m[78d31e43][0m[38;5;86m[HTTP][0m [37m-->[39m [37mPOST[39m [37m/wd/hub/session/78d31e43-20f4-4d5c-885e-a1ac3686842a/timeouts[39m {"implicit":50}
[38;5;103m[78d31e43][0m[38;5;86m[HTTP][0m <-- POST /wd/hub/session/78d31e43-20f4-4d5c-885e-a1ac3686842a/timeouts 200 1 ms - 14 
[38;5;103m[78d31e43][0m[38;5;86m[HTTP][0m [37m-->[39m [37mGET[39m [37m/wd/hub/session/78d31e43-20f4-4d5c-885e-a1ac3686842a/window/rect[39m {}
[38;5;103m[78d31e43][0m[38;5;86m[HTTP][0m <-- GET /wd/hub/session/78d31e43-20f4-4d5c-885e-a1ac3686842a/window/rect 200 18 ms - 50 
[38;5;103m[78d31e43][0m[38;5;86m[HTTP][0m [37m-->[39m [37mPOST[39m [37m/wd/hub/session/78d31e43-20f4-4d5c-885e-a1ac3686842a/elements[39m {"value":"//*[@class = 'android.widget.TextView' and (@text = 'Error' or . = 'Error')]","using":"xpath"}
[38;5;103m[78d31e43][0m[38;5;86m[HTTP][0m <-- POST /wd/hub/session/78d31e43-20f4-4d5c-885e-a1ac3686842a/elements 200 345 ms - 12 
[38;5;103m[78d31e43][0m[38;5;86m[HTTP][0m [37m-->[39m [37mPOST[39m [37m/wd/hub/session/78d31e43-20f4-4d5c-885e-a1ac3686842a/elements[39m {"value":"//*[@class = 'android.widget.TextView' and (@text = 'Error' or . = 'Error')]","using":"xpath"}
[38;5;103m[78d31e43][0m[38;5;86m[HTTP][0m <-- POST /wd/hub/session/78d31e43-20f4-4d5c-885e-a1ac3686842a/elements 200 294 ms - 12 
[38;5;103m[78d31e43][0m[38;5;86m[HTTP][0m [37m-->[39m [37mPOST[39m [37m/wd/hub/session/78d31e43-20f4-4d5c-885e-a1ac3686842a/elements[39m {"value":"//*[@class = 'android.widget.TextView' and (@text = 'Error' or . = 'Error')]","using":"xpath"}
[38;5;103m[78d31e43][0m[38;5;86m[HTTP][0m <-- POST /wd/hub/session/78d31e43-20f4-4d5c-885e-a1ac3686842a/elements 200 139 ms - 12 
[38;5;103m[78d31e43][0m[38;5;86m[HTTP][0m [37m-->[39m [37mPOST[39m [37m/wd/hub/session/78d31e43-20f4-4d5c-885e-a1ac3686842a/elements[39m {"value":"//*[@class = 'android.widget.TextView' and (@text = 'Error' or . = 'Error')]","using":"xpath"}
[38;5;103m[78d31e43][0m[38;5;86m[HTTP][0m <-- POST /wd/hub/session/78d31e43-20f4-4d5c-885e-a1ac3686842a/elements 200 164 ms - 12 
[38;5;103m[78d31e43][0m[38;5;86m[HTTP][0m [37m-->[39m [37mPOST[39m [37m/wd/hub/session/78d31e43-20f4-4d5c-885e-a1ac3686842a/elements[39m {"value":"//*[@class = 'android.widget.TextView' and (@text = 'Error' or . = 'Error')]","using":"xpath"}
[38;5;103m[78d31e43][0m[38;5;86m[HTTP][0m <-- POST /wd/hub/session/78d31e43-20f4-4d5c-885e-a1ac3686842a/elements 200 195 ms - 12 
[38;5;103m[78d31e43][0m[38;5;86m[HTTP][0m [37m-->[39m [37mPOST[39m [37m/wd/hub/session/78d31e43-20f4-4d5c-885e-a1ac3686842a/elements[39m {"value":"//*[@class = 'android.widget.TextView' and (@text = 'Error' or . = 'Error')]","using":"xpath"}
[38;5;103m[78d31e43][0m[38;5;86m[HTTP][0m <-- POST /wd/hub/session/78d31e43-20f4-4d5c-885e-a1ac3686842a/elements 200 183 ms - 12 
[38;5;103m[78d31e43][0m[38;5;86m[HTTP][0m [37m-->[39m [37mPOST[39m [37m/wd/hub/session/78d31e43-20f4-4d5c-885e-a1ac3686842a/elements[39m {"value":"//*[@class = 'android.widget.TextView' and (@text = 'Error' or . = 'Error')]","using":"xpath"}
[38;5;103m[78d31e43][0m[38;5;86m[HTTP][0m <-- POST /wd/hub/session/78d31e43-20f4-4d5c-885e-a1ac3686842a/elements 200 163 ms - 12 
[38;5;103m[78d31e43][0m[38;5;86m[HTTP][0m [37m-->[39m [37mPOST[39m [37m/wd/hub/session/78d31e43-20f4-4d5c-885e-a1ac3686842a/elements[39m {"value":"//*[@class = 'android.widget.TextView' and (@text = 'Error' or . = 'Error')]","using":"xpath"}
[38;5;103m[78d31e43][0m[38;5;86m[HTTP][0m <-- POST /wd/hub/session/78d31e43-20f4-4d5c-885e-a1ac3686842a/elements 200 88 ms - 12 
[38;5;103m[78d31e43][0m[38;5;86m[HTTP][0m [37m-->[39m [37mPOST[39m [37m/wd/hub/session/78d31e43-20f4-4d5c-885e-a1ac3686842a/elements[39m {"value":"//*[@class = 'android.widget.TextView' and (@text = 'Error' or . = 'Error')]","using":"xpath"}
[38;5;103m[78d31e43][0m[38;5;86m[HTTP][0m <-- POST /wd/hub/session/78d31e43-20f4-4d5c-885e-a1ac3686842a/elements 200 108 ms - 12 
[38;5;103m[78d31e43][0m[38;5;86m[HTTP][0m [37m-->[39m [37mPOST[39m [37m/wd/hub/session/78d31e43-20f4-4d5c-885e-a1ac3686842a/elements[39m {"value":"//*[@class = 'android.widget.TextView' and (@text = 'Error' or . = 'Error')]","using":"xpath"}
[38;5;103m[78d31e43][0m[38;5;86m[HTTP][0m <-- POST /wd/hub/session/78d31e43-20f4-4d5c-885e-a1ac3686842a/elements 200 178 ms - 139 
[38;5;103m[78d31e43][0m[38;5;86m[HTTP][0m [37m-->[39m [37mGET[39m [37m/wd/hub/session/78d31e43-20f4-4d5c-885e-a1ac3686842a/element/00000000-0000-012f-0000-036a00000007/rect[39m {}
[38;5;103m[78d31e43][0m[38;5;-194m[AndroidUiautomator2Driver@355d][0m Driver proxy active, passing request on via HTTP proxy
[38;5;103m[78d31e43][0m[38;5;-194m[AndroidUiautomator2Driver@355d][0m Replacing sessionId cb820e4c-85c4-4699-a72b-09270fe3e06c with 78d31e43-20f4-4d5c-885e-a1ac3686842a
[38;5;103m[78d31e43][0m[38;5;86m[HTTP][0m <-- GET /wd/hub/session/78d31e43-20f4-4d5c-885e-a1ac3686842a/element/00000000-0000-012f-0000-036a00000007/rect 200 23 ms - 101 
[38;5;103m[78d31e43][0m[38;5;86m[HTTP][0m [37m-->[39m [37mPOST[39m [37m/wd/hub/session/78d31e43-20f4-4d5c-885e-a1ac3686842a/timeouts[39m {"implicit":30000}
[38;5;103m[78d31e43][0m[38;5;86m[HTTP][0m <-- POST /wd/hub/session/78d31e43-20f4-4d5c-885e-a1ac3686842a/timeouts 200 1 ms - 14 
[38;5;103m[78d31e43][0m[38;5;86m[HTTP][0m [37m-->[39m [37mPOST[39m [37m/wd/hub/session/78d31e43-20f4-4d5c-885e-a1ac3686842a/timeouts[39m {"implicit":50}
[38;5;103m[78d31e43][0m[38;5;86m[HTTP][0m <-- POST /wd/hub/session/78d31e43-20f4-4d5c-885e-a1ac3686842a/timeouts 200 0 ms - 14 
[38;5;103m[78d31e43][0m[38;5;86m[HTTP][0m [37m-->[39m [37mGET[39m [37m/wd/hub/session/78d31e43-20f4-4d5c-885e-a1ac3686842a/window/rect[39m {}
[38;5;103m[78d31e43][0m[38;5;86m[HTTP][0m <-- GET /wd/hub/session/78d31e43-20f4-4d5c-885e-a1ac3686842a/window/rect 200 12 ms - 50 
[38;5;103m[78d31e43][0m[38;5;86m[HTTP][0m [37m-->[39m [37mPOST[39m [37m/wd/hub/session/78d31e43-20f4-4d5c-885e-a1ac3686842a/elements[39m {"value":"//*[@class = 'android.widget.TextView' and (@text = 'Sorry. Your reservation could not be added. Please try again.' or . = 'Sorry. Your reservation could not be added. Please try again.')]","using":"xpath"}
[38;5;103m[78d31e43][0m[38;5;86m[HTTP][0m <-- POST /wd/hub/session/78d31e43-20f4-4d5c-885e-a1ac3686842a/elements 200 172 ms - 139 
[38;5;103m[78d31e43][0m[38;5;86m[HTTP][0m [37m-->[39m [37mGET[39m [37m/wd/hub/session/78d31e43-20f4-4d5c-885e-a1ac3686842a/element/00000000-0000-012f-0000-037a00000007/rect[39m {}
[38;5;103m[78d31e43][0m[38;5;-194m[AndroidUiautomator2Driver@355d][0m Driver proxy active, passing request on via HTTP proxy
[38;5;103m[78d31e43][0m[38;5;-194m[AndroidUiautomator2Driver@355d][0m Replacing sessionId cb820e4c-85c4-4699-a72b-09270fe3e06c with 78d31e43-20f4-4d5c-885e-a1ac3686842a
[38;5;103m[78d31e43][0m[38;5;86m[HTTP][0m <-- GET /wd/hub/session/78d31e43-20f4-4d5c-885e-a1ac3686842a/element/00000000-0000-012f-0000-037a00000007/rect 200 30 ms - 102 
[38;5;103m[78d31e43][0m[38;5;86m[HTTP][0m [37m-->[39m [37mPOST[39m [37m/wd/hub/session/78d31e43-20f4-4d5c-885e-a1ac3686842a/timeouts[39m {"implicit":30000}
[38;5;103m[78d31e43][0m[38;5;86m[HTTP][0m <-- POST /wd/hub/session/78d31e43-20f4-4d5c-885e-a1ac3686842a/timeouts 200 1 ms - 14 
[38;5;103m[78d31e43][0m[38;5;86m[HTTP][0m [37m-->[39m [37mGET[39m [37m/wd/hub/session/78d31e43-20f4-4d5c-885e-a1ac3686842a/context[39m {}
[38;5;103m[78d31e43][0m[38;5;86m[HTTP][0m <-- GET /wd/hub/session/78d31e43-20f4-4d5c-885e-a1ac3686842a/context 200 1 ms - 22 
[38;5;103m[78d31e43][0m[38;5;86m[HTTP][0m [37m-->[39m [37mGET[39m [37m/wd/hub/session/78d31e43-20f4-4d5c-885e-a1ac3686842a/contexts[39m {}
[38;5;103m[78d31e43][0m[38;5;-194m[AndroidUiautomator2Driver@355d][0m CDP data for 'WEBVIEW_stetho_com.google.android.apps.messaging' cannot be collected. Original error: socket hang up
[38;5;103m[78d31e43][0m[38;5;-194m[AndroidUiautomator2Driver@355d][0m Skipping the webview 'WEBVIEW_stetho_com.google.android.apps.messaging' at '@stetho_com.google.android.apps.messaging_devtools_remote' since it has reported having zero pages
[38;5;103m[78d31e43][0m[38;5;86m[HTTP][0m <-- GET /wd/hub/session/78d31e43-20f4-4d5c-885e-a1ac3686842a/contexts 200 478 ms - 65 
[38;5;103m[78d31e43][0m[38;5;86m[HTTP][0m [37m-->[39m [37mPOST[39m [37m/wd/hub/session/78d31e43-20f4-4d5c-885e-a1ac3686842a/context[39m {"name":"NATIVE_APP"}
[38;5;103m[78d31e43][0m[38;5;86m[HTTP][0m <-- POST /wd/hub/session/78d31e43-20f4-4d5c-885e-a1ac3686842a/context 200 0 ms - 14 
[38;5;103m[78d31e43][0m[38;5;86m[HTTP][0m [37m-->[39m [37mGET[39m [37m/wd/hub/session/78d31e43-20f4-4d5c-885e-a1ac3686842a/screenshot[39m {}
[38;5;103m[78d31e43][0m[38;5;86m[HTTP][0m <-- GET /wd/hub/session/78d31e43-20f4-4d5c-885e-a1ac3686842a/screenshot 200 827 ms - 138364 
[38;5;103m[78d31e43][0m[38;5;86m[HTTP][0m [37m-->[39m [37mPOST[39m [37m/wd/hub/session/78d31e43-20f4-4d5c-885e-a1ac3686842a/context[39m {"name":"NATIVE_APP"}
[38;5;103m[78d31e43][0m[38;5;86m[HTTP][0m <-- POST /wd/hub/session/78d31e43-20f4-4d5c-885e-a1ac3686842a/context 200 1 ms - 14 
[38;5;103m[78d31e43][0m[38;5;86m[HTTP][0m [37m-->[39m [37mGET[39m [37m/wd/hub/session/78d31e43-20f4-4d5c-885e-a1ac3686842a/context[39m {}
[38;5;103m[78d31e43][0m[38;5;86m[HTTP][0m <-- GET /wd/hub/session/78d31e43-20f4-4d5c-885e-a1ac3686842a/context 200 1 ms - 22 
[38;5;103m[78d31e43][0m[38;5;86m[HTTP][0m [37m-->[39m [37mGET[39m [37m/wd/hub/session/78d31e43-20f4-4d5c-885e-a1ac3686842a/contexts[39m {}
[38;5;103m[78d31e43][0m[38;5;-194m[AndroidUiautomator2Driver@355d][0m CDP data for 'WEBVIEW_stetho_com.google.android.apps.messaging' cannot be collected. Original error: socket hang up
[38;5;103m[78d31e43][0m[38;5;-194m[AndroidUiautomator2Driver@355d][0m Skipping the webview 'WEBVIEW_stetho_com.google.android.apps.messaging' at '@stetho_com.google.android.apps.messaging_devtools_remote' since it has reported having zero pages
[38;5;103m[78d31e43][0m[38;5;86m[HTTP][0m <-- GET /wd/hub/session/78d31e43-20f4-4d5c-885e-a1ac3686842a/contexts 200 473 ms - 65 
[38;5;103m[78d31e43][0m[38;5;86m[HTTP][0m [37m-->[39m [37mPOST[39m [37m/wd/hub/session/78d31e43-20f4-4d5c-885e-a1ac3686842a/context[39m {"name":"NATIVE_APP"}
[38;5;103m[78d31e43][0m[38;5;86m[HTTP][0m <-- POST /wd/hub/session/78d31e43-20f4-4d5c-885e-a1ac3686842a/context 200 0 ms - 14 
[38;5;103m[78d31e43][0m[38;5;86m[HTTP][0m [37m-->[39m [37mPOST[39m [37m/wd/hub/session/78d31e43-20f4-4d5c-885e-a1ac3686842a/execute/sync[39m {"args":[],"script":"mobile: getCurrentPackage"}
[38;5;103m[78d31e43][0m[38;5;86m[HTTP][0m <-- POST /wd/hub/session/78d31e43-20f4-4d5c-885e-a1ac3686842a/execute/sync 200 100 ms - 42 
[38;5;103m[78d31e43][0m[38;5;86m[HTTP][0m [37m-->[39m [37mPOST[39m [37m/wd/hub/session/78d31e43-20f4-4d5c-885e-a1ac3686842a/execute/sync[39m {"args":[{"appId":"westgate_xamarin.android.debug","bundleId":"westgate_xamarin.android.debug"}],"script":"mobile: terminateApp"}
[38;5;103m[78d31e43][0m[38;5;123m[BaseDriver][0m The following script arguments are not known and will be ignored: bundleId
[38;5;103m[78d31e43][0m[38;5;-194m[AndroidUiautomator2Driver@355d][0m Terminating 'westgate_xamarin.android.debug'
[38;5;103m[78d31e43][0m[38;5;-194m[AndroidUiautomator2Driver@355d][0m Querying the state of 'westgate_xamarin.android.debug'
[38;5;103m[78d31e43][0m[38;5;-194m[AndroidUiautomator2Driver@355d][0m 'westgate_xamarin.android.debug' has been successfully terminated
[38;5;103m[78d31e43][0m[38;5;86m[HTTP][0m <-- POST /wd/hub/session/78d31e43-20f4-4d5c-885e-a1ac3686842a/execute/sync 200 740 ms - 14 
[38;5;103m[78d31e43][0m[38;5;86m[HTTP][0m [37m-->[39m [37mPOST[39m [37m/wd/hub/session/78d31e43-20f4-4d5c-885e-a1ac3686842a/context[39m {"name":"NATIVE_APP"}
[38;5;103m[78d31e43][0m[38;5;86m[HTTP][0m <-- POST /wd/hub/session/78d31e43-20f4-4d5c-885e-a1ac3686842a/context 200 0 ms - 14 
[38;5;103m[78d31e43][0m[38;5;86m[HTTP][0m [37m-->[39m [37mDELETE[39m [37m/wd/hub/session/78d31e43-20f4-4d5c-885e-a1ac3686842a[39m {}
[38;5;103m[78d31e43][0m[38;5;113m[AppiumDriver@1273][0m Removing session 78d31e43-20f4-4d5c-885e-a1ac3686842a from our master session list
[38;5;103m[78d31e43][0m[38;5;229m[ADB][0m westgate_xamarin.android.debug was successfully uninstalled
[38;5;103m[78d31e43][0m[38;5;-194m[AndroidUiautomator2Driver@355d][0m Restoring hidden api policy to the device default configuration
[38;5;103m[78d31e43][0m[38;5;86m[HTTP][0m <-- DELETE /wd/hub/session/78d31e43-20f4-4d5c-885e-a1ac3686842a 200 2200 ms - 14 
[38;5;112m[Appium][0m Received SIGTERM - shutting down
[38;5;86m[HTTP][0m Closing Appium HTTP server
[38;5;86m[HTTP][0m Appium HTTP server has been succesfully closed after 0ms
