[38;5;112m[Appium][0m Welcome to Appium v2.17.1 (REV 12a3d4a6f1eedf483855716b989d828443438f79)
[38;5;112m[Appium][0m Non-default server args:
[38;5;112m[Appium][0m { basePath: [32m'/wd/hub'[39m, loglevel: [32m'info'[39m, port: [33m56293[39m }
[38;5;112m[Appium][0m Attempting to load driver uiautomator2...
[38;5;112m[Appium][0m Attempting to load driver mac2...
[38;5;112m[Appium][0m Attempting to load driver chromium...
[38;5;112m[Appium][0m Attempting to load driver espresso...
[38;5;112m[Appium][0m Appium REST http interface listener started on http://0.0.0.0:56293/wd/hub
[38;5;112m[Appium][0m You can provide the following URLs in your client code to connect to this server:
	http://127.0.0.1:56293/wd/hub (only accessible from the same host)
	http://192.168.0.105:56293/wd/hub
[38;5;112m[Appium][0m Available drivers:
[38;5;112m[Appium][0m   - uiautomator2@4.2.2 (automationName 'UiAutomator2')
[38;5;112m[Appium][0m   - mac2@2.2.2 (automationName 'Mac2')
[38;5;112m[Appium][0m   - chromium@1.5.1 (automationName 'Chromium')
[38;5;112m[Appium][0m   - espresso@4.1.4 (automationName 'Espresso')
[38;5;112m[Appium][0m No plugins have been installed. Use the "appium plugin" command to install the one(s) you want to use.
[38;5;86m[HTTP][0m [37m-->[39m [37mGET[39m [37m/wd/hub/status[39m {}
[38;5;86m[HTTP][0m <-- GET /wd/hub/status 200 2 ms - 200 
[38;5;86m[HTTP][0m [37m-->[39m [37mPOST[39m [37m/wd/hub/session[39m {"capabilities":{"firstMatch":[{"appium:app":"/Users/gv.vignesh/Downloads/app-debug (2.99.69).apk","appium:autoGrantPermissions":true,"appium:automationName":"uiautomator2","appium:deviceId":"","appium:deviceName":"samsung SM-A146B (Android 14)","appium:fullReset":true,"appium:newCommandTimeout":1800,"appium:noReset":false,"appium:platformName":"ANDROID","appium:platformVersion":"14","appium:systemPort":56292,"appium:udid":"adb-RZCW811B2MK-cCoIXY._adb-tls-connect._tcp","appium:uiautomator2ServerInstallTimeout":0,"platformName":"ANDROID"}]},"desiredCapabilities":{"appium:app":"/Users/gv.vignesh/Downloads/app-debug (2.99.69).apk","appium:autoGrantPermissions":true,"appium:automationName":"uiautomator2","appium:deviceId":"","appium:deviceName":"samsung SM-A146B (Android 14)","appium:fullReset":true,"appium:newCommandTimeout":1800,"appium:noReset":false,"appium:platformName":"ANDROID","appium:platformVersion":"14","appium:systemPort":56292,"appium:udid":"adb-RZCW811B2MK-cCoIXY._adb-tls-connect._tcp","appium:ui...
[38;5;123m[BaseDriver][0m Ignoring capability 'appium:platformName=ANDROID' and using capability 'platformName=ANDROID'
[38;5;123m[BaseDriver][0m The capabilities ["platformName"] are standard capabilities and do not require "appium:" prefix
[38;5;112m[Appium][0m Attempting to find matching driver for automationName 'uiautomator2' and platformName 'ANDROID'
[38;5;112m[Appium][0m The 'uiautomator2' driver was installed and matched caps.
[38;5;112m[Appium][0m Will require it at /Users/gv.vignesh/.appium/node_modules/appium-uiautomator2-driver
[38;5;151m[AppiumDriver@3b4b][0m Appium v2.17.1 creating new AndroidUiautomator2Driver (v4.2.2) session
[38;5;151m[AppiumDriver@3b4b][0m Checking BaseDriver versions for Appium and AndroidUiautomator2Driver
[38;5;151m[AppiumDriver@3b4b][0m Appium's BaseDriver version is 9.16.4
[38;5;151m[AppiumDriver@3b4b][0m AndroidUiautomator2Driver's BaseDriver version is 9.16.4
[38;5;-117m[AndroidUiautomator2Driver@8149][0m The following provided capabilities were not recognized by this driver:
[38;5;-117m[AndroidUiautomator2Driver@8149][0m   deviceId
[38;5;221m[46002d1b][0m[38;5;-117m[AndroidUiautomator2Driver@8149][0m Session created with session id: 46002d1b-412a-4260-9712-80fbd7458277
[38;5;221m[46002d1b][0m[38;5;229m[ADB][0m Found 1 'build-tools' folders under '/Users/gv.vignesh/.katalon/tools/android_sdk' (newest first):
[38;5;221m[46002d1b][0m[38;5;229m[ADB][0m     /Users/gv.vignesh/.katalon/tools/android_sdk/build-tools/29.0.3
[38;5;221m[46002d1b][0m[38;5;229m[ADB][0m Using 'adb' from '/Users/gv.vignesh/.katalon/tools/android_sdk/platform-tools/adb'
[38;5;221m[46002d1b][0m[38;5;-117m[AndroidUiautomator2Driver@8149][0m Retrieving device list
[38;5;221m[46002d1b][0m[38;5;-117m[AndroidUiautomator2Driver@8149][0m Using device: adb-RZCW811B2MK-cCoIXY._adb-tls-connect._tcp
[38;5;221m[46002d1b][0m[38;5;229m[ADB][0m Using 'adb' from '/Users/gv.vignesh/.katalon/tools/android_sdk/platform-tools/adb'
[38;5;221m[46002d1b][0m[38;5;123m[BaseDriver][0m Using local app '/Users/gv.vignesh/Downloads/app-debug (2.99.69).apk'
[38;5;221m[46002d1b][0m[38;5;229m[ADB][0m Getting device platform version
[38;5;221m[46002d1b][0m[38;5;-117m[AndroidUiautomator2Driver@8149][0m Relaxing hidden api policy
[38;5;221m[46002d1b][0m[38;5;229m[ADB][0m Using 'aapt2' from '/Users/gv.vignesh/.katalon/tools/android_sdk/build-tools/29.0.3/aapt2'
[38;5;221m[46002d1b][0m[38;5;229m[ADB][0m Package name: 'westgate_xamarin.android.debug'
[38;5;221m[46002d1b][0m[38;5;229m[ADB][0m Main activity name: 'westgate_xamarin.android.MainActivity'
[38;5;221m[46002d1b][0m[38;5;229m[ADB][0m Using 'apksigner.jar' from '/Users/gv.vignesh/.katalon/tools/android_sdk/build-tools/29.0.3/lib/apksigner.jar'
[38;5;221m[46002d1b][0m[38;5;-117m[AndroidUiautomator2Driver@8149][0m Server packages are not going to be (re)installed
[38;5;221m[46002d1b][0m[38;5;229m[ADB][0m Adding packages ["io.appium.settings","io.appium.uiautomator2.server","io.appium.uiautomator2.server.test"] to Doze whitelist
[38;5;221m[46002d1b][0m[38;5;229m[ADB][0m '/Users/gv.vignesh/Downloads/app-debug (2.99.69).apk' is signed with a non-default certificate
[38;5;221m[46002d1b][0m[38;5;229m[ADB][0m westgate_xamarin.android.debug was not uninstalled, because it was not present on the device
[38;5;221m[46002d1b][0m[38;5;229m[ADB][0m The application at '/Users/gv.vignesh/Downloads/app-debug (2.99.69).apk' will not be cached, because the device under test has confirmed the support of streamed installs
[38;5;221m[46002d1b][0m[38;5;229m[ADB][0m The installation of 'app-debug (2.99.69).apk' took 49339ms
[38;5;221m[46002d1b][0m[38;5;-117m[AndroidUiautomator2Driver@8149][0m Starting UIAutomator2 server 7.4.1
[38;5;221m[46002d1b][0m[38;5;-117m[AndroidUiautomator2Driver@8149][0m Using UIAutomator2 server from '/Users/gv.vignesh/.appium/node_modules/appium-uiautomator2-driver/node_modules/appium-uiautomator2-server/apks/appium-uiautomator2-server-v7.4.1.apk' and test from '/Users/gv.vignesh/.appium/node_modules/appium-uiautomator2-driver/node_modules/appium-uiautomator2-server/apks/appium-uiautomator2-server-debug-androidTest.apk'
[38;5;221m[46002d1b][0m[38;5;-117m[AndroidUiautomator2Driver@8149][0m Waiting up to 30000ms for UiAutomator2 to be online...
[38;5;221m[46002d1b][0m[38;5;-117m[AndroidUiautomator2Driver@8149][0m socket hang up
[38;5;221m[46002d1b][0m[38;5;-117m[AndroidUiautomator2Driver@8149][0m socket hang up
[38;5;221m[46002d1b][0m[38;5;-117m[AndroidUiautomator2Driver@8149][0m socket hang up
[38;5;221m[46002d1b][0m[38;5;-117m[AndroidUiautomator2Driver@8149][0m Determined the downstream protocol as 'W3C'
[38;5;221m[46002d1b][0m[38;5;-117m[AndroidUiautomator2Driver@8149][0m Screen already unlocked, doing nothing
[38;5;221m[46002d1b][0m[38;5;-117m[AndroidUiautomator2Driver@8149][0m Starting 'westgate_xamarin.android.debug/westgate_xamarin.android.MainActivity' and waiting for 'westgate_xamarin.android.debug/westgate_xamarin.android.MainActivity'
[38;5;221m[46002d1b][0m[38;5;151m[AppiumDriver@3b4b][0m New AndroidUiautomator2Driver session created successfully, session 46002d1b-412a-4260-9712-80fbd7458277 added to master session list
[38;5;221m[46002d1b][0m[38;5;86m[HTTP][0m <-- POST /wd/hub/session 200 58628 ms - 1486 
[38;5;86m[HTTP][0m [37m-->[39m [37mGET[39m [37m/wd/hub/status[39m {}
[38;5;86m[HTTP][0m <-- GET /wd/hub/status 200 1 ms - 200 
[38;5;221m[46002d1b][0m[38;5;86m[HTTP][0m [37m-->[39m [37mPOST[39m [37m/wd/hub/session/46002d1b-412a-4260-9712-80fbd7458277/timeouts[39m {"implicit":30000}
[38;5;221m[46002d1b][0m[38;5;86m[HTTP][0m <-- POST /wd/hub/session/46002d1b-412a-4260-9712-80fbd7458277/timeouts 200 2 ms - 14 
[38;5;221m[46002d1b][0m[38;5;86m[HTTP][0m [37m-->[39m [37mPOST[39m [37m/wd/hub/session/46002d1b-412a-4260-9712-80fbd7458277/execute/sync[39m {"script":"mobile: getSystemBars","args":[]}
[38;5;221m[46002d1b][0m[38;5;86m[HTTP][0m <-- POST /wd/hub/session/46002d1b-412a-4260-9712-80fbd7458277/execute/sync 200 191 ms - 151 
[38;5;221m[46002d1b][0m[38;5;86m[HTTP][0m [37m-->[39m [37mPOST[39m [37m/wd/hub/session/46002d1b-412a-4260-9712-80fbd7458277/timeouts[39m {"implicit":50}
[38;5;221m[46002d1b][0m[38;5;86m[HTTP][0m <-- POST /wd/hub/session/46002d1b-412a-4260-9712-80fbd7458277/timeouts 200 2 ms - 14 
[38;5;221m[46002d1b][0m[38;5;86m[HTTP][0m [37m-->[39m [37mGET[39m [37m/wd/hub/session/46002d1b-412a-4260-9712-80fbd7458277/window/rect[39m {}
[38;5;221m[46002d1b][0m[38;5;86m[HTTP][0m <-- GET /wd/hub/session/46002d1b-412a-4260-9712-80fbd7458277/window/rect 200 21 ms - 50 
[38;5;221m[46002d1b][0m[38;5;86m[HTTP][0m [37m-->[39m [37mPOST[39m [37m/wd/hub/session/46002d1b-412a-4260-9712-80fbd7458277/elements[39m {"using":"xpath","value":"//*[@class = 'android.widget.TextView' and (@text = 'Home' or . = 'Home')]"}
[38;5;221m[46002d1b][0m[38;5;86m[HTTP][0m <-- POST /wd/hub/session/46002d1b-412a-4260-9712-80fbd7458277/elements 200 820 ms - 139 
[38;5;221m[46002d1b][0m[38;5;86m[HTTP][0m [37m-->[39m [37mGET[39m [37m/wd/hub/session/46002d1b-412a-4260-9712-80fbd7458277/element/00000000-0000-0033-0000-008300000007/rect[39m {}
[38;5;221m[46002d1b][0m[38;5;-117m[AndroidUiautomator2Driver@8149][0m Driver proxy active, passing request on via HTTP proxy
[38;5;221m[46002d1b][0m[38;5;-117m[AndroidUiautomator2Driver@8149][0m Replacing sessionId 1beac327-27de-4c1b-917c-fcf7f3cb61f9 with 46002d1b-412a-4260-9712-80fbd7458277
[38;5;221m[46002d1b][0m[38;5;86m[HTTP][0m <-- GET /wd/hub/session/46002d1b-412a-4260-9712-80fbd7458277/element/00000000-0000-0033-0000-008300000007/rect 200 30 ms - 102 
[38;5;221m[46002d1b][0m[38;5;86m[HTTP][0m [37m-->[39m [37mPOST[39m [37m/wd/hub/session/46002d1b-412a-4260-9712-80fbd7458277/timeouts[39m {"implicit":30000}
[38;5;221m[46002d1b][0m[38;5;86m[HTTP][0m <-- POST /wd/hub/session/46002d1b-412a-4260-9712-80fbd7458277/timeouts 200 1 ms - 14 
[38;5;221m[46002d1b][0m[38;5;86m[HTTP][0m [37m-->[39m [37mPOST[39m [37m/wd/hub/session/46002d1b-412a-4260-9712-80fbd7458277/element/00000000-0000-0033-0000-008300000007/click[39m {"id":"00000000-0000-0033-0000-008300000007"}
[38;5;221m[46002d1b][0m[38;5;86m[HTTP][0m <-- POST /wd/hub/session/46002d1b-412a-4260-9712-80fbd7458277/element/00000000-0000-0033-0000-008300000007/click 200 91 ms - 14 
[38;5;221m[46002d1b][0m[38;5;86m[HTTP][0m [37m-->[39m [37mPOST[39m [37m/wd/hub/session/46002d1b-412a-4260-9712-80fbd7458277/timeouts[39m {"implicit":50}
[38;5;221m[46002d1b][0m[38;5;86m[HTTP][0m <-- POST /wd/hub/session/46002d1b-412a-4260-9712-80fbd7458277/timeouts 200 2 ms - 14 
[38;5;221m[46002d1b][0m[38;5;86m[HTTP][0m [37m-->[39m [37mGET[39m [37m/wd/hub/session/46002d1b-412a-4260-9712-80fbd7458277/window/rect[39m {}
[38;5;221m[46002d1b][0m[38;5;86m[HTTP][0m <-- GET /wd/hub/session/46002d1b-412a-4260-9712-80fbd7458277/window/rect 200 21 ms - 50 
[38;5;221m[46002d1b][0m[38;5;86m[HTTP][0m [37m-->[39m [37mPOST[39m [37m/wd/hub/session/46002d1b-412a-4260-9712-80fbd7458277/elements[39m {"using":"xpath","value":"//*[@class = 'android.widget.TextView' and @resource-id = 'background-content' and (@text = '' or . = '')]"}
[38;5;221m[46002d1b][0m[38;5;86m[HTTP][0m <-- POST /wd/hub/session/46002d1b-412a-4260-9712-80fbd7458277/elements 200 376 ms - 139 
[38;5;221m[46002d1b][0m[38;5;86m[HTTP][0m [37m-->[39m [37mGET[39m [37m/wd/hub/session/46002d1b-412a-4260-9712-80fbd7458277/element/00000000-0000-0033-0000-00ca00000007/rect[39m {}
[38;5;221m[46002d1b][0m[38;5;-117m[AndroidUiautomator2Driver@8149][0m Driver proxy active, passing request on via HTTP proxy
[38;5;221m[46002d1b][0m[38;5;-117m[AndroidUiautomator2Driver@8149][0m Replacing sessionId 1beac327-27de-4c1b-917c-fcf7f3cb61f9 with 46002d1b-412a-4260-9712-80fbd7458277
[38;5;221m[46002d1b][0m[38;5;86m[HTTP][0m <-- GET /wd/hub/session/46002d1b-412a-4260-9712-80fbd7458277/element/00000000-0000-0033-0000-00ca00000007/rect 200 471 ms - 103 
[38;5;221m[46002d1b][0m[38;5;86m[HTTP][0m [37m-->[39m [37mPOST[39m [37m/wd/hub/session/46002d1b-412a-4260-9712-80fbd7458277/timeouts[39m {"implicit":30000}
[38;5;221m[46002d1b][0m[38;5;86m[HTTP][0m <-- POST /wd/hub/session/46002d1b-412a-4260-9712-80fbd7458277/timeouts 200 2 ms - 14 
[38;5;221m[46002d1b][0m[38;5;86m[HTTP][0m [37m-->[39m [37mPOST[39m [37m/wd/hub/session/46002d1b-412a-4260-9712-80fbd7458277/element/00000000-0000-0033-0000-00ca00000007/click[39m {"id":"00000000-0000-0033-0000-00ca00000007"}
[38;5;221m[46002d1b][0m[38;5;86m[HTTP][0m <-- POST /wd/hub/session/46002d1b-412a-4260-9712-80fbd7458277/element/00000000-0000-0033-0000-00ca00000007/click 200 98 ms - 14 
[38;5;221m[46002d1b][0m[38;5;86m[HTTP][0m [37m-->[39m [37mPOST[39m [37m/wd/hub/session/46002d1b-412a-4260-9712-80fbd7458277/timeouts[39m {"implicit":50}
[38;5;221m[46002d1b][0m[38;5;86m[HTTP][0m <-- POST /wd/hub/session/46002d1b-412a-4260-9712-80fbd7458277/timeouts 200 3 ms - 14 
[38;5;221m[46002d1b][0m[38;5;86m[HTTP][0m [37m-->[39m [37mGET[39m [37m/wd/hub/session/46002d1b-412a-4260-9712-80fbd7458277/window/rect[39m {}
[38;5;221m[46002d1b][0m[38;5;86m[HTTP][0m <-- GET /wd/hub/session/46002d1b-412a-4260-9712-80fbd7458277/window/rect 200 78 ms - 50 
[38;5;221m[46002d1b][0m[38;5;86m[HTTP][0m [37m-->[39m [37mPOST[39m [37m/wd/hub/session/46002d1b-412a-4260-9712-80fbd7458277/elements[39m {"using":"xpath","value":"//*[@class = 'android.widget.TextView' and (@text = 'App Test Image Article' or . = 'App Test Image Article')]"}
[38;5;221m[46002d1b][0m[38;5;86m[HTTP][0m <-- POST /wd/hub/session/46002d1b-412a-4260-9712-80fbd7458277/elements 200 171 ms - 267 
[38;5;221m[46002d1b][0m[38;5;86m[HTTP][0m [37m-->[39m [37mGET[39m [37m/wd/hub/session/46002d1b-412a-4260-9712-80fbd7458277/element/00000000-0000-0033-0000-017900000007/rect[39m {}
[38;5;221m[46002d1b][0m[38;5;-117m[AndroidUiautomator2Driver@8149][0m Driver proxy active, passing request on via HTTP proxy
[38;5;221m[46002d1b][0m[38;5;-117m[AndroidUiautomator2Driver@8149][0m Replacing sessionId 1beac327-27de-4c1b-917c-fcf7f3cb61f9 with 46002d1b-412a-4260-9712-80fbd7458277
[38;5;221m[46002d1b][0m[38;5;86m[HTTP][0m <-- GET /wd/hub/session/46002d1b-412a-4260-9712-80fbd7458277/element/00000000-0000-0033-0000-017900000007/rect 200 32 ms - 102 
[38;5;221m[46002d1b][0m[38;5;86m[HTTP][0m [37m-->[39m [37mPOST[39m [37m/wd/hub/session/46002d1b-412a-4260-9712-80fbd7458277/timeouts[39m {"implicit":30000}
[38;5;221m[46002d1b][0m[38;5;86m[HTTP][0m <-- POST /wd/hub/session/46002d1b-412a-4260-9712-80fbd7458277/timeouts 200 1 ms - 14 
[38;5;221m[46002d1b][0m[38;5;86m[HTTP][0m [37m-->[39m [37mPOST[39m [37m/wd/hub/session/46002d1b-412a-4260-9712-80fbd7458277/timeouts[39m {"implicit":50}
[38;5;221m[46002d1b][0m[38;5;86m[HTTP][0m <-- POST /wd/hub/session/46002d1b-412a-4260-9712-80fbd7458277/timeouts 200 1 ms - 14 
[38;5;221m[46002d1b][0m[38;5;86m[HTTP][0m [37m-->[39m [37mGET[39m [37m/wd/hub/session/46002d1b-412a-4260-9712-80fbd7458277/window/rect[39m {}
[38;5;221m[46002d1b][0m[38;5;86m[HTTP][0m <-- GET /wd/hub/session/46002d1b-412a-4260-9712-80fbd7458277/window/rect 200 17 ms - 50 
[38;5;221m[46002d1b][0m[38;5;86m[HTTP][0m [37m-->[39m [37mPOST[39m [37m/wd/hub/session/46002d1b-412a-4260-9712-80fbd7458277/elements[39m {"using":"xpath","value":"//*[@class = 'android.widget.TextView' and (@text = 'App Test Image Article' or . = 'App Test Image Article')]"}
[38;5;221m[46002d1b][0m[38;5;86m[HTTP][0m <-- POST /wd/hub/session/46002d1b-412a-4260-9712-80fbd7458277/elements 200 107 ms - 267 
[38;5;221m[46002d1b][0m[38;5;86m[HTTP][0m [37m-->[39m [37mGET[39m [37m/wd/hub/session/46002d1b-412a-4260-9712-80fbd7458277/element/00000000-0000-0033-0000-017900000007/rect[39m {}
[38;5;221m[46002d1b][0m[38;5;-117m[AndroidUiautomator2Driver@8149][0m Driver proxy active, passing request on via HTTP proxy
[38;5;221m[46002d1b][0m[38;5;-117m[AndroidUiautomator2Driver@8149][0m Replacing sessionId 1beac327-27de-4c1b-917c-fcf7f3cb61f9 with 46002d1b-412a-4260-9712-80fbd7458277
[38;5;221m[46002d1b][0m[38;5;86m[HTTP][0m <-- GET /wd/hub/session/46002d1b-412a-4260-9712-80fbd7458277/element/00000000-0000-0033-0000-017900000007/rect 200 22 ms - 102 
[38;5;221m[46002d1b][0m[38;5;86m[HTTP][0m [37m-->[39m [37mPOST[39m [37m/wd/hub/session/46002d1b-412a-4260-9712-80fbd7458277/timeouts[39m {"implicit":30000}
[38;5;221m[46002d1b][0m[38;5;86m[HTTP][0m <-- POST /wd/hub/session/46002d1b-412a-4260-9712-80fbd7458277/timeouts 200 0 ms - 14 
[38;5;221m[46002d1b][0m[38;5;86m[HTTP][0m [37m-->[39m [37mGET[39m [37m/wd/hub/session/46002d1b-412a-4260-9712-80fbd7458277/context[39m {}
[38;5;221m[46002d1b][0m[38;5;86m[HTTP][0m <-- GET /wd/hub/session/46002d1b-412a-4260-9712-80fbd7458277/context 200 1 ms - 22 
[38;5;221m[46002d1b][0m[38;5;86m[HTTP][0m [37m-->[39m [37mGET[39m [37m/wd/hub/session/46002d1b-412a-4260-9712-80fbd7458277/contexts[39m {}
[38;5;221m[46002d1b][0m[38;5;-117m[AndroidUiautomator2Driver@8149][0m CDP data for 'WEBVIEW_stetho_com.google.android.apps.messaging' cannot be collected. Original error: socket hang up
[38;5;221m[46002d1b][0m[38;5;-117m[AndroidUiautomator2Driver@8149][0m Skipping the webview 'WEBVIEW_stetho_com.google.android.apps.messaging' at '@stetho_com.google.android.apps.messaging_devtools_remote' since it has reported having zero pages
[38;5;221m[46002d1b][0m[38;5;86m[HTTP][0m <-- GET /wd/hub/session/46002d1b-412a-4260-9712-80fbd7458277/contexts 200 700 ms - 65 
[38;5;221m[46002d1b][0m[38;5;86m[HTTP][0m [37m-->[39m [37mPOST[39m [37m/wd/hub/session/46002d1b-412a-4260-9712-80fbd7458277/context[39m {"name":"NATIVE_APP"}
[38;5;221m[46002d1b][0m[38;5;86m[HTTP][0m <-- POST /wd/hub/session/46002d1b-412a-4260-9712-80fbd7458277/context 200 1 ms - 14 
[38;5;221m[46002d1b][0m[38;5;86m[HTTP][0m [37m-->[39m [37mPOST[39m [37m/wd/hub/session/46002d1b-412a-4260-9712-80fbd7458277/execute/sync[39m {"script":"mobile: getCurrentPackage","args":[]}
[38;5;221m[46002d1b][0m[38;5;86m[HTTP][0m <-- POST /wd/hub/session/46002d1b-412a-4260-9712-80fbd7458277/execute/sync 200 137 ms - 42 
[38;5;221m[46002d1b][0m[38;5;86m[HTTP][0m [37m-->[39m [37mPOST[39m [37m/wd/hub/session/46002d1b-412a-4260-9712-80fbd7458277/execute/sync[39m {"script":"mobile: terminateApp","args":[{"appId":"westgate_xamarin.android.debug","bundleId":"westgate_xamarin.android.debug"}]}
[38;5;221m[46002d1b][0m[38;5;123m[BaseDriver][0m The following script arguments are not known and will be ignored: bundleId
[38;5;221m[46002d1b][0m[38;5;-117m[AndroidUiautomator2Driver@8149][0m Terminating 'westgate_xamarin.android.debug'
[38;5;221m[46002d1b][0m[38;5;-117m[AndroidUiautomator2Driver@8149][0m Querying the state of 'westgate_xamarin.android.debug'
[38;5;221m[46002d1b][0m[38;5;-117m[AndroidUiautomator2Driver@8149][0m 'westgate_xamarin.android.debug' has been successfully terminated
[38;5;221m[46002d1b][0m[38;5;86m[HTTP][0m <-- POST /wd/hub/session/46002d1b-412a-4260-9712-80fbd7458277/execute/sync 200 732 ms - 14 
[38;5;221m[46002d1b][0m[38;5;86m[HTTP][0m [37m-->[39m [37mPOST[39m [37m/wd/hub/session/46002d1b-412a-4260-9712-80fbd7458277/context[39m {"name":"NATIVE_APP"}
[38;5;221m[46002d1b][0m[38;5;86m[HTTP][0m <-- POST /wd/hub/session/46002d1b-412a-4260-9712-80fbd7458277/context 200 0 ms - 14 
[38;5;221m[46002d1b][0m[38;5;86m[HTTP][0m [37m-->[39m [37mDELETE[39m [37m/wd/hub/session/46002d1b-412a-4260-9712-80fbd7458277[39m {}
[38;5;221m[46002d1b][0m[38;5;151m[AppiumDriver@3b4b][0m Removing session 46002d1b-412a-4260-9712-80fbd7458277 from our master session list
[38;5;221m[46002d1b][0m[38;5;229m[ADB][0m westgate_xamarin.android.debug was successfully uninstalled
[38;5;221m[46002d1b][0m[38;5;-117m[AndroidUiautomator2Driver@8149][0m Restoring hidden api policy to the device default configuration
[38;5;221m[46002d1b][0m[38;5;86m[HTTP][0m <-- DELETE /wd/hub/session/46002d1b-412a-4260-9712-80fbd7458277 200 2954 ms - 14 
[38;5;112m[Appium][0m Received SIGTERM - shutting down
[38;5;86m[HTTP][0m Closing Appium HTTP server
[38;5;86m[HTTP][0m Appium HTTP server has been succesfully closed after 0ms
