[38;5;112m[Appium][0m Welcome to Appium v2.17.1 (REV f1041842141f20bc701b522d4371d7843d905580)
[38;5;112m[Appium][0m Non-default server args:
[38;5;112m[Appium][0m { basePath: [32m'/wd/hub'[39m, loglevel: [32m'info'[39m, port: [33m54182[39m }
[38;5;112m[Appium][0m Attempting to load driver uiautomator2...
[38;5;112m[Appium][0m Appium REST http interface listener started on http://0.0.0.0:54182/wd/hub
[38;5;112m[Appium][0m You can provide the following URLs in your client code to connect to this server:
	http://127.0.0.1:54182/wd/hub (only accessible from the same host)
	http://192.168.0.106:54182/wd/hub
[38;5;112m[Appium][0m Available drivers:
[38;5;112m[Appium][0m   - uiautomator2@4.1.5 (automationName 'UiAutomator2')
[38;5;112m[Appium][0m No plugins have been installed. Use the "appium plugin" command to install the one(s) you want to use.
[38;5;86m[HTTP][0m [37m-->[39m [37mGET[39m [37m/wd/hub/status[39m {}
[38;5;86m[HTTP][0m <-- GET /wd/hub/status 200 3 ms - 200 
[38;5;86m[HTTP][0m [37m-->[39m [37mPOST[39m [37m/wd/hub/session[39m {"capabilities":{"firstMatch":[{"appium:app":"/Users/gv.vignesh/Downloads/WGR-Android-Automation/App Folder/universal.apk","appium:autoGrantPermissions":true,"appium:automationName":"uiautomator2","appium:deviceId":"","appium:deviceName":"emulator-5554 (sdk_gphone64_arm64 - Android 16)","appium:fullReset":true,"appium:newCommandTimeout":1800,"appium:noReset":false,"appium:platformName":"ANDROID","appium:platformVersion":"16","appium:systemPort":54181,"appium:udid":"emulator-5554","platformName":"ANDROID"}]},"desiredCapabilities":{"appium:app":"/Users/gv.vignesh/Downloads/WGR-Android-Automation/App Folder/universal.apk","appium:autoGrantPermissions":true,"appium:automationName":"uiautomator2","appium:deviceId":"","appium:deviceName":"emulator-5554 (sdk_gphone64_arm64 - Android 16)","appium:fullReset":true,"appium:newCommandTimeout":1800,"appium:noReset":false,"appium:platformName":"ANDROID","appium:platformVersion":"16","appium:systemPort":54181,"appium:udid":"emulator-5554"}}
[38;5;123m[BaseDriver][0m Ignoring capability 'appium:platformName=ANDROID' and using capability 'platformName=ANDROID'
[38;5;123m[BaseDriver][0m The capabilities ["platformName"] are standard capabilities and do not require "appium:" prefix
[38;5;112m[Appium][0m Attempting to find matching driver for automationName 'uiautomator2' and platformName 'ANDROID'
[38;5;112m[Appium][0m The 'uiautomator2' driver was installed and matched caps.
[38;5;112m[Appium][0m Will require it at /Users/gv.vignesh/.appium/node_modules/appium-uiautomator2-driver
[38;5;81m[AppiumDriver@21bb][0m Appium v2.17.1 creating new AndroidUiautomator2Driver (v4.1.5) session
[38;5;81m[AppiumDriver@21bb][0m Checking BaseDriver versions for Appium and AndroidUiautomator2Driver
[38;5;81m[AppiumDriver@21bb][0m Appium's BaseDriver version is 9.16.4
[38;5;81m[AppiumDriver@21bb][0m AndroidUiautomator2Driver's BaseDriver version is 9.16.4
[38;5;-53m[AndroidUiautomator2Driver@024f][0m The following provided capabilities were not recognized by this driver:
[38;5;-53m[AndroidUiautomator2Driver@024f][0m   deviceId
[38;5;160m[82605108][0m[38;5;-53m[AndroidUiautomator2Driver@024f][0m Session created with session id: 82605108-8f16-4f30-a7be-77de991e90ee
[38;5;160m[82605108][0m[38;5;229m[ADB][0m Found 1 'build-tools' folders under '/Users/gv.vignesh/.katalon/tools/android_sdk' (newest first):
[38;5;160m[82605108][0m[38;5;229m[ADB][0m     /Users/gv.vignesh/.katalon/tools/android_sdk/build-tools/29.0.3
[38;5;160m[82605108][0m[38;5;229m[ADB][0m Using 'adb' from '/Users/gv.vignesh/.katalon/tools/android_sdk/platform-tools/adb'
[38;5;160m[82605108][0m[38;5;-53m[AndroidUiautomator2Driver@024f][0m Retrieving device list
[38;5;160m[82605108][0m[38;5;-53m[AndroidUiautomator2Driver@024f][0m Using device: emulator-5554
[38;5;160m[82605108][0m[38;5;229m[ADB][0m Using 'adb' from '/Users/gv.vignesh/.katalon/tools/android_sdk/platform-tools/adb'
[38;5;160m[82605108][0m[38;5;123m[BaseDriver][0m Using local app '/Users/gv.vignesh/Downloads/WGR-Android-Automation/App Folder/universal.apk'
[38;5;160m[82605108][0m[38;5;229m[ADB][0m Getting device platform version
[38;5;160m[82605108][0m[38;5;-53m[AndroidUiautomator2Driver@024f][0m Relaxing hidden api policy
[38;5;160m[82605108][0m[38;5;229m[ADB][0m Using 'aapt2' from '/Users/gv.vignesh/.katalon/tools/android_sdk/build-tools/29.0.3/aapt2'
[38;5;160m[82605108][0m[38;5;229m[ADB][0m Package name: 'com.westgate.rewrite2'
[38;5;160m[82605108][0m[38;5;229m[ADB][0m Main activity name: 'com.westgate.rewrite2.MainActivity'
[38;5;160m[82605108][0m[38;5;-53m[AndroidUiautomator2Driver@024f][0m Server packages are not going to be (re)installed
[38;5;160m[82605108][0m[38;5;229m[ADB][0m Using 'apksigner.jar' from '/Users/gv.vignesh/.katalon/tools/android_sdk/build-tools/29.0.3/lib/apksigner.jar'
[38;5;160m[82605108][0m[38;5;229m[ADB][0m Adding packages ["io.appium.settings","io.appium.uiautomator2.server","io.appium.uiautomator2.server.test"] to Doze whitelist
[38;5;160m[82605108][0m[38;5;229m[ADB][0m '/Users/gv.vignesh/Downloads/WGR-Android-Automation/App Folder/universal.apk' is signed with a non-default certificate
[38;5;160m[82605108][0m[38;5;229m[ADB][0m com.westgate.rewrite2 was not uninstalled, because it was not present on the device
[38;5;160m[82605108][0m[38;5;229m[ADB][0m The application at '/Users/gv.vignesh/Downloads/WGR-Android-Automation/App Folder/universal.apk' will not be cached, because the device under test has confirmed the support of streamed installs
[38;5;160m[82605108][0m[38;5;229m[ADB][0m The installation of 'universal.apk' took 736ms
[38;5;160m[82605108][0m[38;5;-53m[AndroidUiautomator2Driver@024f][0m Starting UIAutomator2 server 7.3.0
[38;5;160m[82605108][0m[38;5;-53m[AndroidUiautomator2Driver@024f][0m Using UIAutomator2 server from '/Users/gv.vignesh/.appium/node_modules/appium-uiautomator2-driver/node_modules/appium-uiautomator2-server/apks/appium-uiautomator2-server-v7.3.0.apk' and test from '/Users/gv.vignesh/.appium/node_modules/appium-uiautomator2-driver/node_modules/appium-uiautomator2-server/apks/appium-uiautomator2-server-debug-androidTest.apk'
[38;5;160m[82605108][0m[38;5;-53m[AndroidUiautomator2Driver@024f][0m Waiting up to 30000ms for UiAutomator2 to be online...
[38;5;160m[82605108][0m[38;5;-53m[AndroidUiautomator2Driver@024f][0m socket hang up
[38;5;160m[82605108][0m[38;5;-53m[AndroidUiautomator2Driver@024f][0m Determined the downstream protocol as 'W3C'
[38;5;160m[82605108][0m[38;5;-53m[AndroidUiautomator2Driver@024f][0m Screen already unlocked, doing nothing
[38;5;160m[82605108][0m[38;5;-53m[AndroidUiautomator2Driver@024f][0m Starting 'com.westgate.rewrite2/com.westgate.rewrite2.MainActivity' and waiting for 'com.westgate.rewrite2/com.westgate.rewrite2.MainActivity'
[38;5;160m[82605108][0m[38;5;81m[AppiumDriver@21bb][0m New AndroidUiautomator2Driver session created successfully, session 82605108-8f16-4f30-a7be-77de991e90ee added to master session list
[38;5;160m[82605108][0m[38;5;86m[HTTP][0m <-- POST /wd/hub/session 200 6104 ms - 1350 
[38;5;86m[HTTP][0m [37m-->[39m [37mGET[39m [37m/wd/hub/status[39m {}
[38;5;86m[HTTP][0m <-- GET /wd/hub/status 200 0 ms - 200 
[38;5;160m[82605108][0m[38;5;86m[HTTP][0m [37m-->[39m [37mPOST[39m [37m/wd/hub/session/82605108-8f16-4f30-a7be-77de991e90ee/timeouts[39m {"implicit":30000}
[38;5;160m[82605108][0m[38;5;86m[HTTP][0m <-- POST /wd/hub/session/82605108-8f16-4f30-a7be-77de991e90ee/timeouts 200 1 ms - 14 
[38;5;160m[82605108][0m[38;5;86m[HTTP][0m [37m-->[39m [37mPOST[39m [37m/wd/hub/session/82605108-8f16-4f30-a7be-77de991e90ee/execute/sync[39m {"args":[],"script":"mobile: getSystemBars"}
[38;5;160m[82605108][0m[38;5;-53m[AndroidUiautomator2Driver@024f][0m No windows have been found whose title matches to 'NavigationBar'. Assuming it is invisible. Only the following windows are available: ScreenDecorOverlayBottom,ScreenDecorOverlay,EdgeBackGestureHandler0,Taskbar,NotificationShade,StatusBar,ShellDropTarget,InputMethod
[38;5;160m[82605108][0m[38;5;86m[HTTP][0m <-- POST /wd/hub/session/82605108-8f16-4f30-a7be-77de991e90ee/execute/sync 200 68 ms - 144 
[38;5;160m[82605108][0m[38;5;86m[HTTP][0m [37m-->[39m [37mPOST[39m [37m/wd/hub/session/82605108-8f16-4f30-a7be-77de991e90ee/timeouts[39m {"implicit":50}
[38;5;160m[82605108][0m[38;5;86m[HTTP][0m <-- POST /wd/hub/session/82605108-8f16-4f30-a7be-77de991e90ee/timeouts 200 1 ms - 14 
[38;5;160m[82605108][0m[38;5;86m[HTTP][0m [37m-->[39m [37mGET[39m [37m/wd/hub/session/82605108-8f16-4f30-a7be-77de991e90ee/window/rect[39m {}
[38;5;160m[82605108][0m[38;5;86m[HTTP][0m <-- GET /wd/hub/session/82605108-8f16-4f30-a7be-77de991e90ee/window/rect 200 9 ms - 50 
[38;5;160m[82605108][0m[38;5;86m[HTTP][0m [37m-->[39m [37mPOST[39m [37m/wd/hub/session/82605108-8f16-4f30-a7be-77de991e90ee/elements[39m {"using":"xpath","value":"//*[@class = 'android.widget.Button' and (@text = 'Login or Sign Up' or . = 'Login or Sign Up')]"}
[38;5;160m[82605108][0m[38;5;86m[HTTP][0m <-- POST /wd/hub/session/82605108-8f16-4f30-a7be-77de991e90ee/elements 200 150 ms - 139 
[38;5;160m[82605108][0m[38;5;86m[HTTP][0m [37m-->[39m [37mGET[39m [37m/wd/hub/session/82605108-8f16-4f30-a7be-77de991e90ee/element/00000000-0000-008f-0000-00ab00000007/rect[39m {}
[38;5;160m[82605108][0m[38;5;-53m[AndroidUiautomator2Driver@024f][0m Driver proxy active, passing request on via HTTP proxy
[38;5;160m[82605108][0m[38;5;-53m[AndroidUiautomator2Driver@024f][0m Replacing sessionId ad03adcf-75c3-415d-a8e2-da7003eb044c with 82605108-8f16-4f30-a7be-77de991e90ee
[38;5;160m[82605108][0m[38;5;86m[HTTP][0m <-- GET /wd/hub/session/82605108-8f16-4f30-a7be-77de991e90ee/element/00000000-0000-008f-0000-00ab00000007/rect 200 12 ms - 103 
[38;5;160m[82605108][0m[38;5;86m[HTTP][0m [37m-->[39m [37mPOST[39m [37m/wd/hub/session/82605108-8f16-4f30-a7be-77de991e90ee/timeouts[39m {"implicit":30000}
[38;5;160m[82605108][0m[38;5;86m[HTTP][0m <-- POST /wd/hub/session/82605108-8f16-4f30-a7be-77de991e90ee/timeouts 200 1 ms - 14 
[38;5;160m[82605108][0m[38;5;86m[HTTP][0m [37m-->[39m [37mPOST[39m [37m/wd/hub/session/82605108-8f16-4f30-a7be-77de991e90ee/element/00000000-0000-008f-0000-00ab00000007/click[39m {"id":"00000000-0000-008f-0000-00ab00000007"}
[38;5;160m[82605108][0m[38;5;86m[HTTP][0m <-- POST /wd/hub/session/82605108-8f16-4f30-a7be-77de991e90ee/element/00000000-0000-008f-0000-00ab00000007/click 200 61 ms - 14 
[38;5;160m[82605108][0m[38;5;86m[HTTP][0m [37m-->[39m [37mPOST[39m [37m/wd/hub/session/82605108-8f16-4f30-a7be-77de991e90ee/timeouts[39m {"implicit":50}
[38;5;160m[82605108][0m[38;5;86m[HTTP][0m <-- POST /wd/hub/session/82605108-8f16-4f30-a7be-77de991e90ee/timeouts 200 2 ms - 14 
[38;5;160m[82605108][0m[38;5;86m[HTTP][0m [37m-->[39m [37mGET[39m [37m/wd/hub/session/82605108-8f16-4f30-a7be-77de991e90ee/window/rect[39m {}
[38;5;160m[82605108][0m[38;5;86m[HTTP][0m <-- GET /wd/hub/session/82605108-8f16-4f30-a7be-77de991e90ee/window/rect 200 6 ms - 50 
[38;5;160m[82605108][0m[38;5;86m[HTTP][0m [37m-->[39m [37mPOST[39m [37m/wd/hub/session/82605108-8f16-4f30-a7be-77de991e90ee/elements[39m {"using":"xpath","value":"//*[@class = 'android.widget.EditText' and (@text = '' or . = '')]"}
[38;5;160m[82605108][0m[38;5;86m[HTTP][0m <-- POST /wd/hub/session/82605108-8f16-4f30-a7be-77de991e90ee/elements 200 42 ms - 139 
[38;5;160m[82605108][0m[38;5;86m[HTTP][0m [37m-->[39m [37mGET[39m [37m/wd/hub/session/82605108-8f16-4f30-a7be-77de991e90ee/element/00000000-0000-008f-0000-00e100000007/rect[39m {}
[38;5;160m[82605108][0m[38;5;-53m[AndroidUiautomator2Driver@024f][0m Driver proxy active, passing request on via HTTP proxy
[38;5;160m[82605108][0m[38;5;-53m[AndroidUiautomator2Driver@024f][0m Replacing sessionId ad03adcf-75c3-415d-a8e2-da7003eb044c with 82605108-8f16-4f30-a7be-77de991e90ee
[38;5;160m[82605108][0m[38;5;86m[HTTP][0m <-- GET /wd/hub/session/82605108-8f16-4f30-a7be-77de991e90ee/element/00000000-0000-008f-0000-00e100000007/rect 200 5 ms - 103 
[38;5;160m[82605108][0m[38;5;86m[HTTP][0m [37m-->[39m [37mPOST[39m [37m/wd/hub/session/82605108-8f16-4f30-a7be-77de991e90ee/timeouts[39m {"implicit":30000}
[38;5;160m[82605108][0m[38;5;86m[HTTP][0m <-- POST /wd/hub/session/82605108-8f16-4f30-a7be-77de991e90ee/timeouts 200 0 ms - 14 
[38;5;160m[82605108][0m[38;5;86m[HTTP][0m [37m-->[39m [37mPOST[39m [37m/wd/hub/session/82605108-8f16-4f30-a7be-77de991e90ee/element/00000000-0000-008f-0000-00e100000007/clear[39m {"id":"00000000-0000-008f-0000-00e100000007"}
[38;5;160m[82605108][0m[38;5;86m[HTTP][0m <-- POST /wd/hub/session/82605108-8f16-4f30-a7be-77de991e90ee/element/00000000-0000-008f-0000-00e100000007/clear 200 7 ms - 14 
[38;5;160m[82605108][0m[38;5;86m[HTTP][0m [37m-->[39m [37mPOST[39m [37m/wd/hub/session/82605108-8f16-4f30-a7be-77de991e90ee/element/00000000-0000-008f-0000-00e100000007/click[39m {"id":"00000000-0000-008f-0000-00e100000007"}
[38;5;160m[82605108][0m[38;5;86m[HTTP][0m <-- POST /wd/hub/session/82605108-8f16-4f30-a7be-77de991e90ee/element/00000000-0000-008f-0000-00e100000007/click 200 45 ms - 14 
[38;5;160m[82605108][0m[38;5;86m[HTTP][0m [37m-->[39m [37mPOST[39m [37m/wd/hub/session/82605108-8f16-4f30-a7be-77de991e90ee/element/00000000-0000-008f-0000-00e100000007/value[39m {"id":"00000000-0000-008f-0000-00e100000007","value":["M","a","x","m","i","l","l","a","n","@","y","o","p","m","a","i","l",".","c","o","m"],"text":"Maxmillan@yopmail.com"}
[38;5;160m[82605108][0m[38;5;86m[HTTP][0m <-- POST /wd/hub/session/82605108-8f16-4f30-a7be-77de991e90ee/element/00000000-0000-008f-0000-00e100000007/value 200 10 ms - 14 
[38;5;160m[82605108][0m[38;5;86m[HTTP][0m [37m-->[39m [37mGET[39m [37m/wd/hub/session/82605108-8f16-4f30-a7be-77de991e90ee/context[39m {}
[38;5;160m[82605108][0m[38;5;86m[HTTP][0m <-- GET /wd/hub/session/82605108-8f16-4f30-a7be-77de991e90ee/context 200 1 ms - 22 
[38;5;160m[82605108][0m[38;5;86m[HTTP][0m [37m-->[39m [37mGET[39m [37m/wd/hub/session/82605108-8f16-4f30-a7be-77de991e90ee/contexts[39m {}
[38;5;160m[82605108][0m[38;5;86m[HTTP][0m <-- GET /wd/hub/session/82605108-8f16-4f30-a7be-77de991e90ee/contexts 200 264 ms - 24 
[38;5;160m[82605108][0m[38;5;86m[HTTP][0m [37m-->[39m [37mPOST[39m [37m/wd/hub/session/82605108-8f16-4f30-a7be-77de991e90ee/context[39m {"name":"NATIVE_APP"}
[38;5;160m[82605108][0m[38;5;86m[HTTP][0m <-- POST /wd/hub/session/82605108-8f16-4f30-a7be-77de991e90ee/context 200 1 ms - 14 
[38;5;160m[82605108][0m[38;5;86m[HTTP][0m [37m-->[39m [37mPOST[39m [37m/wd/hub/session/82605108-8f16-4f30-a7be-77de991e90ee/execute/sync[39m {"args":[],"script":"mobile: hideKeyboard"}
[38;5;160m[82605108][0m[38;5;86m[HTTP][0m <-- POST /wd/hub/session/82605108-8f16-4f30-a7be-77de991e90ee/execute/sync 200 2169 ms - 14 
[38;5;160m[82605108][0m[38;5;86m[HTTP][0m [37m-->[39m [37mPOST[39m [37m/wd/hub/session/82605108-8f16-4f30-a7be-77de991e90ee/context[39m {"name":"NATIVE_APP"}
[38;5;160m[82605108][0m[38;5;86m[HTTP][0m <-- POST /wd/hub/session/82605108-8f16-4f30-a7be-77de991e90ee/context 200 1 ms - 14 
[38;5;160m[82605108][0m[38;5;86m[HTTP][0m [37m-->[39m [37mPOST[39m [37m/wd/hub/session/82605108-8f16-4f30-a7be-77de991e90ee/timeouts[39m {"implicit":50}
[38;5;160m[82605108][0m[38;5;86m[HTTP][0m <-- POST /wd/hub/session/82605108-8f16-4f30-a7be-77de991e90ee/timeouts 200 1 ms - 14 
[38;5;160m[82605108][0m[38;5;86m[HTTP][0m [37m-->[39m [37mGET[39m [37m/wd/hub/session/82605108-8f16-4f30-a7be-77de991e90ee/window/rect[39m {}
[38;5;160m[82605108][0m[38;5;86m[HTTP][0m <-- GET /wd/hub/session/82605108-8f16-4f30-a7be-77de991e90ee/window/rect 200 13 ms - 50 
[38;5;160m[82605108][0m[38;5;86m[HTTP][0m [37m-->[39m [37mPOST[39m [37m/wd/hub/session/82605108-8f16-4f30-a7be-77de991e90ee/elements[39m {"using":"xpath","value":"//*[@class = 'android.widget.Button' and (@text = 'Next' or . = 'Next')]"}
[38;5;160m[82605108][0m[38;5;86m[HTTP][0m <-- POST /wd/hub/session/82605108-8f16-4f30-a7be-77de991e90ee/elements 200 70 ms - 139 
[38;5;160m[82605108][0m[38;5;86m[HTTP][0m [37m-->[39m [37mGET[39m [37m/wd/hub/session/82605108-8f16-4f30-a7be-77de991e90ee/element/00000000-0000-008f-0000-00d900000007/rect[39m {}
[38;5;160m[82605108][0m[38;5;-53m[AndroidUiautomator2Driver@024f][0m Driver proxy active, passing request on via HTTP proxy
[38;5;160m[82605108][0m[38;5;-53m[AndroidUiautomator2Driver@024f][0m Replacing sessionId ad03adcf-75c3-415d-a8e2-da7003eb044c with 82605108-8f16-4f30-a7be-77de991e90ee
[38;5;160m[82605108][0m[38;5;86m[HTTP][0m <-- GET /wd/hub/session/82605108-8f16-4f30-a7be-77de991e90ee/element/00000000-0000-008f-0000-00d900000007/rect 200 8 ms - 103 
[38;5;160m[82605108][0m[38;5;86m[HTTP][0m [37m-->[39m [37mPOST[39m [37m/wd/hub/session/82605108-8f16-4f30-a7be-77de991e90ee/timeouts[39m {"implicit":30000}
[38;5;160m[82605108][0m[38;5;86m[HTTP][0m <-- POST /wd/hub/session/82605108-8f16-4f30-a7be-77de991e90ee/timeouts 200 0 ms - 14 
[38;5;160m[82605108][0m[38;5;86m[HTTP][0m [37m-->[39m [37mPOST[39m [37m/wd/hub/session/82605108-8f16-4f30-a7be-77de991e90ee/element/00000000-0000-008f-0000-00d900000007/click[39m {"id":"00000000-0000-008f-0000-00d900000007"}
[38;5;160m[82605108][0m[38;5;86m[HTTP][0m <-- POST /wd/hub/session/82605108-8f16-4f30-a7be-77de991e90ee/element/00000000-0000-008f-0000-00d900000007/click 200 39 ms - 14 
[38;5;160m[82605108][0m[38;5;86m[HTTP][0m [37m-->[39m [37mPOST[39m [37m/wd/hub/session/82605108-8f16-4f30-a7be-77de991e90ee/timeouts[39m {"implicit":50}
[38;5;160m[82605108][0m[38;5;86m[HTTP][0m <-- POST /wd/hub/session/82605108-8f16-4f30-a7be-77de991e90ee/timeouts 200 1 ms - 14 
[38;5;160m[82605108][0m[38;5;86m[HTTP][0m [37m-->[39m [37mGET[39m [37m/wd/hub/session/82605108-8f16-4f30-a7be-77de991e90ee/window/rect[39m {}
[38;5;160m[82605108][0m[38;5;86m[HTTP][0m <-- GET /wd/hub/session/82605108-8f16-4f30-a7be-77de991e90ee/window/rect 200 18 ms - 50 
[38;5;160m[82605108][0m[38;5;86m[HTTP][0m [37m-->[39m [37mPOST[39m [37m/wd/hub/session/82605108-8f16-4f30-a7be-77de991e90ee/elements[39m {"using":"xpath","value":"//android.widget.EditText[@resource-id='user' and (@text='' or .='')]"}
[38;5;160m[82605108][0m[38;5;86m[HTTP][0m <-- POST /wd/hub/session/82605108-8f16-4f30-a7be-77de991e90ee/elements 200 69 ms - 139 
[38;5;160m[82605108][0m[38;5;86m[HTTP][0m [37m-->[39m [37mGET[39m [37m/wd/hub/session/82605108-8f16-4f30-a7be-77de991e90ee/element/00000000-0000-0091-0000-00290000004b/rect[39m {}
[38;5;160m[82605108][0m[38;5;-53m[AndroidUiautomator2Driver@024f][0m Driver proxy active, passing request on via HTTP proxy
[38;5;160m[82605108][0m[38;5;-53m[AndroidUiautomator2Driver@024f][0m Replacing sessionId ad03adcf-75c3-415d-a8e2-da7003eb044c with 82605108-8f16-4f30-a7be-77de991e90ee
[38;5;160m[82605108][0m[38;5;86m[HTTP][0m <-- GET /wd/hub/session/82605108-8f16-4f30-a7be-77de991e90ee/element/00000000-0000-0091-0000-00290000004b/rect 200 5 ms - 104 
[38;5;160m[82605108][0m[38;5;86m[HTTP][0m [37m-->[39m [37mPOST[39m [37m/wd/hub/session/82605108-8f16-4f30-a7be-77de991e90ee/timeouts[39m {"implicit":30000}
[38;5;160m[82605108][0m[38;5;86m[HTTP][0m <-- POST /wd/hub/session/82605108-8f16-4f30-a7be-77de991e90ee/timeouts 200 0 ms - 14 
[38;5;160m[82605108][0m[38;5;86m[HTTP][0m [37m-->[39m [37mPOST[39m [37m/wd/hub/session/82605108-8f16-4f30-a7be-77de991e90ee/element/00000000-0000-0091-0000-00290000004b/clear[39m {"id":"00000000-0000-0091-0000-00290000004b"}
[38;5;160m[82605108][0m[38;5;86m[HTTP][0m <-- POST /wd/hub/session/82605108-8f16-4f30-a7be-77de991e90ee/element/00000000-0000-0091-0000-00290000004b/clear 200 8 ms - 14 
[38;5;160m[82605108][0m[38;5;86m[HTTP][0m [37m-->[39m [37mPOST[39m [37m/wd/hub/session/82605108-8f16-4f30-a7be-77de991e90ee/element/00000000-0000-0091-0000-00290000004b/click[39m {"id":"00000000-0000-0091-0000-00290000004b"}
[38;5;160m[82605108][0m[38;5;86m[HTTP][0m <-- POST /wd/hub/session/82605108-8f16-4f30-a7be-77de991e90ee/element/00000000-0000-0091-0000-00290000004b/click 200 1265 ms - 14 
[38;5;160m[82605108][0m[38;5;86m[HTTP][0m [37m-->[39m [37mPOST[39m [37m/wd/hub/session/82605108-8f16-4f30-a7be-77de991e90ee/element/00000000-0000-0091-0000-00290000004b/value[39m {"id":"00000000-0000-0091-0000-00290000004b","value":["M","a","x","m","i","l","l","a","n","@","y","o","p","m","a","i","l",".","c","o","m"],"text":"Maxmillan@yopmail.com"}
[38;5;160m[82605108][0m[38;5;86m[HTTP][0m <-- POST /wd/hub/session/82605108-8f16-4f30-a7be-77de991e90ee/element/00000000-0000-0091-0000-00290000004b/value 200 22 ms - 14 
[38;5;160m[82605108][0m[38;5;86m[HTTP][0m [37m-->[39m [37mGET[39m [37m/wd/hub/session/82605108-8f16-4f30-a7be-77de991e90ee/context[39m {}
[38;5;160m[82605108][0m[38;5;86m[HTTP][0m <-- GET /wd/hub/session/82605108-8f16-4f30-a7be-77de991e90ee/context 200 1 ms - 22 
[38;5;160m[82605108][0m[38;5;86m[HTTP][0m [37m-->[39m [37mGET[39m [37m/wd/hub/session/82605108-8f16-4f30-a7be-77de991e90ee/contexts[39m {}
[38;5;160m[82605108][0m[38;5;86m[HTTP][0m <-- GET /wd/hub/session/82605108-8f16-4f30-a7be-77de991e90ee/contexts 200 164 ms - 41 
[38;5;160m[82605108][0m[38;5;86m[HTTP][0m [37m-->[39m [37mPOST[39m [37m/wd/hub/session/82605108-8f16-4f30-a7be-77de991e90ee/context[39m {"name":"NATIVE_APP"}
[38;5;160m[82605108][0m[38;5;86m[HTTP][0m <-- POST /wd/hub/session/82605108-8f16-4f30-a7be-77de991e90ee/context 200 0 ms - 14 
[38;5;160m[82605108][0m[38;5;86m[HTTP][0m [37m-->[39m [37mPOST[39m [37m/wd/hub/session/82605108-8f16-4f30-a7be-77de991e90ee/execute/sync[39m {"args":[],"script":"mobile: hideKeyboard"}
[38;5;160m[82605108][0m[38;5;86m[HTTP][0m <-- POST /wd/hub/session/82605108-8f16-4f30-a7be-77de991e90ee/execute/sync 200 2223 ms - 14 
[38;5;160m[82605108][0m[38;5;86m[HTTP][0m [37m-->[39m [37mPOST[39m [37m/wd/hub/session/82605108-8f16-4f30-a7be-77de991e90ee/context[39m {"name":"NATIVE_APP"}
[38;5;160m[82605108][0m[38;5;86m[HTTP][0m <-- POST /wd/hub/session/82605108-8f16-4f30-a7be-77de991e90ee/context 200 0 ms - 14 
[38;5;160m[82605108][0m[38;5;86m[HTTP][0m [37m-->[39m [37mPOST[39m [37m/wd/hub/session/82605108-8f16-4f30-a7be-77de991e90ee/timeouts[39m {"implicit":50}
[38;5;160m[82605108][0m[38;5;86m[HTTP][0m <-- POST /wd/hub/session/82605108-8f16-4f30-a7be-77de991e90ee/timeouts 200 1 ms - 14 
[38;5;160m[82605108][0m[38;5;86m[HTTP][0m [37m-->[39m [37mGET[39m [37m/wd/hub/session/82605108-8f16-4f30-a7be-77de991e90ee/window/rect[39m {}
[38;5;160m[82605108][0m[38;5;86m[HTTP][0m <-- GET /wd/hub/session/82605108-8f16-4f30-a7be-77de991e90ee/window/rect 500 3 ms - 1149 
[38;5;160m[82605108][0m[38;5;86m[HTTP][0m [37m-->[39m [37mPOST[39m [37m/wd/hub/session/82605108-8f16-4f30-a7be-77de991e90ee/timeouts[39m {"implicit":30000}
[38;5;160m[82605108][0m[38;5;86m[HTTP][0m <-- POST /wd/hub/session/82605108-8f16-4f30-a7be-77de991e90ee/timeouts 200 0 ms - 14 
[38;5;160m[82605108][0m[38;5;86m[HTTP][0m [37m-->[39m [37mGET[39m [37m/wd/hub/session/82605108-8f16-4f30-a7be-77de991e90ee/context[39m {}
[38;5;160m[82605108][0m[38;5;86m[HTTP][0m <-- GET /wd/hub/session/82605108-8f16-4f30-a7be-77de991e90ee/context 200 0 ms - 22 
[38;5;160m[82605108][0m[38;5;86m[HTTP][0m [37m-->[39m [37mGET[39m [37m/wd/hub/session/82605108-8f16-4f30-a7be-77de991e90ee/contexts[39m {}
[38;5;160m[82605108][0m[38;5;86m[HTTP][0m <-- GET /wd/hub/session/82605108-8f16-4f30-a7be-77de991e90ee/contexts 200 152 ms - 41 
[38;5;160m[82605108][0m[38;5;86m[HTTP][0m [37m-->[39m [37mPOST[39m [37m/wd/hub/session/82605108-8f16-4f30-a7be-77de991e90ee/context[39m {"name":"NATIVE_APP"}
[38;5;160m[82605108][0m[38;5;86m[HTTP][0m <-- POST /wd/hub/session/82605108-8f16-4f30-a7be-77de991e90ee/context 200 0 ms - 14 
[38;5;160m[82605108][0m[38;5;86m[HTTP][0m [37m-->[39m [37mGET[39m [37m/wd/hub/session/82605108-8f16-4f30-a7be-77de991e90ee/screenshot[39m {}
[38;5;160m[82605108][0m[38;5;86m[HTTP][0m <-- GET /wd/hub/session/82605108-8f16-4f30-a7be-77de991e90ee/screenshot 500 2 ms - 986 
[38;5;160m[82605108][0m[38;5;86m[HTTP][0m [37m-->[39m [37mPOST[39m [37m/wd/hub/session/82605108-8f16-4f30-a7be-77de991e90ee/context[39m {"name":"NATIVE_APP"}
[38;5;160m[82605108][0m[38;5;86m[HTTP][0m <-- POST /wd/hub/session/82605108-8f16-4f30-a7be-77de991e90ee/context 200 0 ms - 14 
[38;5;86m[HTTP][0m [37m-->[39m [37mGET[39m [37m/wd/hub/status[39m {}
[38;5;86m[HTTP][0m <-- GET /wd/hub/status 200 0 ms - 200 
[38;5;86m[HTTP][0m [37m-->[39m [37mPOST[39m [37m/wd/hub/session[39m {"capabilities":{"firstMatch":[{"appium:app":"/Users/gv.vignesh/Downloads/WGR-Android-Automation/App Folder/universal.apk","appium:autoGrantPermissions":true,"appium:automationName":"uiautomator2","appium:deviceId":"","appium:deviceName":"emulator-5554 (sdk_gphone64_arm64 - Android 16)","appium:fullReset":true,"appium:newCommandTimeout":1800,"appium:noReset":false,"appium:platformName":"ANDROID","appium:platformVersion":"16","appium:systemPort":54521,"appium:udid":"emulator-5554","platformName":"ANDROID"}]},"desiredCapabilities":{"appium:app":"/Users/gv.vignesh/Downloads/WGR-Android-Automation/App Folder/universal.apk","appium:autoGrantPermissions":true,"appium:automationName":"uiautomator2","appium:deviceId":"","appium:deviceName":"emulator-5554 (sdk_gphone64_arm64 - Android 16)","appium:fullReset":true,"appium:newCommandTimeout":1800,"appium:noReset":false,"appium:platformName":"ANDROID","appium:platformVersion":"16","appium:systemPort":54521,"appium:udid":"emulator-5554"}}
[38;5;123m[BaseDriver][0m Ignoring capability 'appium:platformName=ANDROID' and using capability 'platformName=ANDROID'
[38;5;123m[BaseDriver][0m The capabilities ["platformName"] are standard capabilities and do not require "appium:" prefix
[38;5;112m[Appium][0m Attempting to find matching driver for automationName 'uiautomator2' and platformName 'ANDROID'
[38;5;112m[Appium][0m The 'uiautomator2' driver was installed and matched caps.
[38;5;112m[Appium][0m Will require it at /Users/gv.vignesh/.appium/node_modules/appium-uiautomator2-driver
[38;5;81m[AppiumDriver@21bb][0m Appium v2.17.1 creating new AndroidUiautomator2Driver (v4.1.5) session
[38;5;81m[AppiumDriver@21bb][0m Checking BaseDriver versions for Appium and AndroidUiautomator2Driver
[38;5;81m[AppiumDriver@21bb][0m Appium's BaseDriver version is 9.16.4
[38;5;81m[AppiumDriver@21bb][0m AndroidUiautomator2Driver's BaseDriver version is 9.16.4
[38;5;-166m[AndroidUiautomator2Driver@12db][0m The following provided capabilities were not recognized by this driver:
[38;5;-166m[AndroidUiautomator2Driver@12db][0m   deviceId
[38;5;161m[0355a924][0m[38;5;-166m[AndroidUiautomator2Driver@12db][0m Session created with session id: 0355a924-f971-4c08-b743-d059b788f822
[38;5;161m[0355a924][0m[38;5;229m[ADB][0m Using 'adb' from '/Users/gv.vignesh/.katalon/tools/android_sdk/platform-tools/adb'
[38;5;161m[0355a924][0m[38;5;-166m[AndroidUiautomator2Driver@12db][0m Retrieving device list
[38;5;161m[0355a924][0m[38;5;-166m[AndroidUiautomator2Driver@12db][0m Using device: emulator-5554
[38;5;161m[0355a924][0m[38;5;229m[ADB][0m Using 'adb' from '/Users/gv.vignesh/.katalon/tools/android_sdk/platform-tools/adb'
[38;5;161m[0355a924][0m[38;5;123m[BaseDriver][0m Using local app '/Users/gv.vignesh/Downloads/WGR-Android-Automation/App Folder/universal.apk'
[38;5;161m[0355a924][0m[38;5;229m[ADB][0m Getting device platform version
[38;5;161m[0355a924][0m[38;5;-166m[AndroidUiautomator2Driver@12db][0m Relaxing hidden api policy
[38;5;161m[0355a924][0m[38;5;229m[ADB][0m Using 'aapt2' from '/Users/gv.vignesh/.katalon/tools/android_sdk/build-tools/29.0.3/aapt2'
[38;5;161m[0355a924][0m[38;5;229m[ADB][0m Package name: 'com.westgate.rewrite2'
[38;5;161m[0355a924][0m[38;5;229m[ADB][0m Main activity name: 'com.westgate.rewrite2.MainActivity'
[38;5;161m[0355a924][0m[38;5;-166m[AndroidUiautomator2Driver@12db][0m Server packages are not going to be (re)installed
[38;5;161m[0355a924][0m[38;5;229m[ADB][0m Adding packages ["io.appium.settings","io.appium.uiautomator2.server","io.appium.uiautomator2.server.test"] to Doze whitelist
[38;5;161m[0355a924][0m[38;5;229m[ADB][0m com.westgate.rewrite2 was not uninstalled, because it was not present on the device
[38;5;161m[0355a924][0m[38;5;229m[ADB][0m The application at '/Users/gv.vignesh/Downloads/WGR-Android-Automation/App Folder/universal.apk' will not be cached, because the device under test has confirmed the support of streamed installs
[38;5;161m[0355a924][0m[38;5;229m[ADB][0m The installation of 'universal.apk' took 760ms
[38;5;161m[0355a924][0m[38;5;-166m[AndroidUiautomator2Driver@12db][0m Starting UIAutomator2 server 7.3.0
[38;5;161m[0355a924][0m[38;5;-166m[AndroidUiautomator2Driver@12db][0m Using UIAutomator2 server from '/Users/gv.vignesh/.appium/node_modules/appium-uiautomator2-driver/node_modules/appium-uiautomator2-server/apks/appium-uiautomator2-server-v7.3.0.apk' and test from '/Users/gv.vignesh/.appium/node_modules/appium-uiautomator2-driver/node_modules/appium-uiautomator2-server/apks/appium-uiautomator2-server-debug-androidTest.apk'
[38;5;161m[0355a924][0m[38;5;-166m[AndroidUiautomator2Driver@12db][0m Waiting up to 30000ms for UiAutomator2 to be online...
[38;5;161m[0355a924][0m[38;5;-166m[AndroidUiautomator2Driver@12db][0m socket hang up
[38;5;161m[0355a924][0m[38;5;-166m[AndroidUiautomator2Driver@12db][0m Determined the downstream protocol as 'W3C'
[38;5;161m[0355a924][0m[38;5;-166m[AndroidUiautomator2Driver@12db][0m Screen already unlocked, doing nothing
[38;5;161m[0355a924][0m[38;5;-166m[AndroidUiautomator2Driver@12db][0m Starting 'com.westgate.rewrite2/com.westgate.rewrite2.MainActivity' and waiting for 'com.westgate.rewrite2/com.westgate.rewrite2.MainActivity'
[38;5;161m[0355a924][0m[38;5;81m[AppiumDriver@21bb][0m New AndroidUiautomator2Driver session created successfully, session 0355a924-f971-4c08-b743-d059b788f822 added to master session list
[38;5;161m[0355a924][0m[38;5;86m[HTTP][0m <-- POST /wd/hub/session 200 3986 ms - 1350 
[38;5;86m[HTTP][0m [37m-->[39m [37mGET[39m [37m/wd/hub/status[39m {}
[38;5;86m[HTTP][0m <-- GET /wd/hub/status 200 0 ms - 200 
[38;5;161m[0355a924][0m[38;5;86m[HTTP][0m [37m-->[39m [37mPOST[39m [37m/wd/hub/session/0355a924-f971-4c08-b743-d059b788f822/timeouts[39m {"implicit":30000}
[38;5;161m[0355a924][0m[38;5;86m[HTTP][0m <-- POST /wd/hub/session/0355a924-f971-4c08-b743-d059b788f822/timeouts 200 0 ms - 14 
[38;5;161m[0355a924][0m[38;5;86m[HTTP][0m [37m-->[39m [37mPOST[39m [37m/wd/hub/session/0355a924-f971-4c08-b743-d059b788f822/execute/sync[39m {"args":[],"script":"mobile: getSystemBars"}
[38;5;161m[0355a924][0m[38;5;-166m[AndroidUiautomator2Driver@12db][0m No windows have been found whose title matches to 'NavigationBar'. Assuming it is invisible. Only the following windows are available: ScreenDecorOverlayBottom,ScreenDecorOverlay,EdgeBackGestureHandler0,Taskbar,NotificationShade,StatusBar,ShellDropTarget,InputMethod
[38;5;161m[0355a924][0m[38;5;86m[HTTP][0m <-- POST /wd/hub/session/0355a924-f971-4c08-b743-d059b788f822/execute/sync 200 68 ms - 144 
[38;5;161m[0355a924][0m[38;5;86m[HTTP][0m [37m-->[39m [37mPOST[39m [37m/wd/hub/session/0355a924-f971-4c08-b743-d059b788f822/timeouts[39m {"implicit":50}
[38;5;161m[0355a924][0m[38;5;86m[HTTP][0m <-- POST /wd/hub/session/0355a924-f971-4c08-b743-d059b788f822/timeouts 200 1 ms - 14 
[38;5;161m[0355a924][0m[38;5;86m[HTTP][0m [37m-->[39m [37mGET[39m [37m/wd/hub/session/0355a924-f971-4c08-b743-d059b788f822/window/rect[39m {}
[38;5;161m[0355a924][0m[38;5;86m[HTTP][0m <-- GET /wd/hub/session/0355a924-f971-4c08-b743-d059b788f822/window/rect 200 11 ms - 50 
[38;5;161m[0355a924][0m[38;5;86m[HTTP][0m [37m-->[39m [37mPOST[39m [37m/wd/hub/session/0355a924-f971-4c08-b743-d059b788f822/elements[39m {"using":"xpath","value":"//*[@class = 'android.widget.Button' and (@text = 'Login or Sign Up' or . = 'Login or Sign Up')]"}
[38;5;161m[0355a924][0m[38;5;86m[HTTP][0m <-- POST /wd/hub/session/0355a924-f971-4c08-b743-d059b788f822/elements 200 147 ms - 139 
[38;5;161m[0355a924][0m[38;5;86m[HTTP][0m [37m-->[39m [37mGET[39m [37m/wd/hub/session/0355a924-f971-4c08-b743-d059b788f822/element/00000000-0000-009d-0000-00b300000007/rect[39m {}
[38;5;161m[0355a924][0m[38;5;-166m[AndroidUiautomator2Driver@12db][0m Driver proxy active, passing request on via HTTP proxy
[38;5;161m[0355a924][0m[38;5;-166m[AndroidUiautomator2Driver@12db][0m Replacing sessionId be044dc0-ecfa-4d3f-8989-58796796a695 with 0355a924-f971-4c08-b743-d059b788f822
[38;5;161m[0355a924][0m[38;5;86m[HTTP][0m <-- GET /wd/hub/session/0355a924-f971-4c08-b743-d059b788f822/element/00000000-0000-009d-0000-00b300000007/rect 200 11 ms - 103 
[38;5;161m[0355a924][0m[38;5;86m[HTTP][0m [37m-->[39m [37mPOST[39m [37m/wd/hub/session/0355a924-f971-4c08-b743-d059b788f822/timeouts[39m {"implicit":30000}
[38;5;161m[0355a924][0m[38;5;86m[HTTP][0m <-- POST /wd/hub/session/0355a924-f971-4c08-b743-d059b788f822/timeouts 200 1 ms - 14 
[38;5;161m[0355a924][0m[38;5;86m[HTTP][0m [37m-->[39m [37mPOST[39m [37m/wd/hub/session/0355a924-f971-4c08-b743-d059b788f822/element/00000000-0000-009d-0000-00b300000007/click[39m {"id":"00000000-0000-009d-0000-00b300000007"}
[38;5;161m[0355a924][0m[38;5;86m[HTTP][0m <-- POST /wd/hub/session/0355a924-f971-4c08-b743-d059b788f822/element/00000000-0000-009d-0000-00b300000007/click 200 51 ms - 14 
[38;5;161m[0355a924][0m[38;5;86m[HTTP][0m [37m-->[39m [37mPOST[39m [37m/wd/hub/session/0355a924-f971-4c08-b743-d059b788f822/timeouts[39m {"implicit":50}
[38;5;161m[0355a924][0m[38;5;86m[HTTP][0m <-- POST /wd/hub/session/0355a924-f971-4c08-b743-d059b788f822/timeouts 200 2 ms - 14 
[38;5;161m[0355a924][0m[38;5;86m[HTTP][0m [37m-->[39m [37mGET[39m [37m/wd/hub/session/0355a924-f971-4c08-b743-d059b788f822/window/rect[39m {}
[38;5;161m[0355a924][0m[38;5;86m[HTTP][0m <-- GET /wd/hub/session/0355a924-f971-4c08-b743-d059b788f822/window/rect 200 10 ms - 50 
[38;5;161m[0355a924][0m[38;5;86m[HTTP][0m [37m-->[39m [37mPOST[39m [37m/wd/hub/session/0355a924-f971-4c08-b743-d059b788f822/elements[39m {"using":"xpath","value":"//*[@class = 'android.widget.EditText' and (@text = '' or . = '')]"}
[38;5;161m[0355a924][0m[38;5;86m[HTTP][0m <-- POST /wd/hub/session/0355a924-f971-4c08-b743-d059b788f822/elements 200 76 ms - 139 
[38;5;161m[0355a924][0m[38;5;86m[HTTP][0m [37m-->[39m [37mGET[39m [37m/wd/hub/session/0355a924-f971-4c08-b743-d059b788f822/element/00000000-0000-009d-0000-00e900000007/rect[39m {}
[38;5;161m[0355a924][0m[38;5;-166m[AndroidUiautomator2Driver@12db][0m Driver proxy active, passing request on via HTTP proxy
[38;5;161m[0355a924][0m[38;5;-166m[AndroidUiautomator2Driver@12db][0m Replacing sessionId be044dc0-ecfa-4d3f-8989-58796796a695 with 0355a924-f971-4c08-b743-d059b788f822
[38;5;161m[0355a924][0m[38;5;86m[HTTP][0m <-- GET /wd/hub/session/0355a924-f971-4c08-b743-d059b788f822/element/00000000-0000-009d-0000-00e900000007/rect 200 6 ms - 103 
[38;5;161m[0355a924][0m[38;5;86m[HTTP][0m [37m-->[39m [37mPOST[39m [37m/wd/hub/session/0355a924-f971-4c08-b743-d059b788f822/timeouts[39m {"implicit":30000}
[38;5;161m[0355a924][0m[38;5;86m[HTTP][0m <-- POST /wd/hub/session/0355a924-f971-4c08-b743-d059b788f822/timeouts 200 1 ms - 14 
[38;5;161m[0355a924][0m[38;5;86m[HTTP][0m [37m-->[39m [37mPOST[39m [37m/wd/hub/session/0355a924-f971-4c08-b743-d059b788f822/element/00000000-0000-009d-0000-00e900000007/clear[39m {"id":"00000000-0000-009d-0000-00e900000007"}
[38;5;161m[0355a924][0m[38;5;86m[HTTP][0m <-- POST /wd/hub/session/0355a924-f971-4c08-b743-d059b788f822/element/00000000-0000-009d-0000-00e900000007/clear 200 8 ms - 14 
[38;5;161m[0355a924][0m[38;5;86m[HTTP][0m [37m-->[39m [37mPOST[39m [37m/wd/hub/session/0355a924-f971-4c08-b743-d059b788f822/element/00000000-0000-009d-0000-00e900000007/click[39m {"id":"00000000-0000-009d-0000-00e900000007"}
[38;5;161m[0355a924][0m[38;5;86m[HTTP][0m <-- POST /wd/hub/session/0355a924-f971-4c08-b743-d059b788f822/element/00000000-0000-009d-0000-00e900000007/click 200 49 ms - 14 
[38;5;161m[0355a924][0m[38;5;86m[HTTP][0m [37m-->[39m [37mPOST[39m [37m/wd/hub/session/0355a924-f971-4c08-b743-d059b788f822/element/00000000-0000-009d-0000-00e900000007/value[39m {"id":"00000000-0000-009d-0000-00e900000007","value":["M","a","x","m","i","l","l","a","n","@","y","o","p","m","a","i","l",".","c","o","m"],"text":"Maxmillan@yopmail.com"}
[38;5;161m[0355a924][0m[38;5;86m[HTTP][0m <-- POST /wd/hub/session/0355a924-f971-4c08-b743-d059b788f822/element/00000000-0000-009d-0000-00e900000007/value 200 14 ms - 14 
[38;5;161m[0355a924][0m[38;5;86m[HTTP][0m [37m-->[39m [37mGET[39m [37m/wd/hub/session/0355a924-f971-4c08-b743-d059b788f822/context[39m {}
[38;5;161m[0355a924][0m[38;5;86m[HTTP][0m <-- GET /wd/hub/session/0355a924-f971-4c08-b743-d059b788f822/context 200 1 ms - 22 
[38;5;161m[0355a924][0m[38;5;86m[HTTP][0m [37m-->[39m [37mGET[39m [37m/wd/hub/session/0355a924-f971-4c08-b743-d059b788f822/contexts[39m {}
[38;5;161m[0355a924][0m[38;5;86m[HTTP][0m <-- GET /wd/hub/session/0355a924-f971-4c08-b743-d059b788f822/contexts 200 159 ms - 41 
[38;5;161m[0355a924][0m[38;5;86m[HTTP][0m [37m-->[39m [37mPOST[39m [37m/wd/hub/session/0355a924-f971-4c08-b743-d059b788f822/context[39m {"name":"NATIVE_APP"}
[38;5;161m[0355a924][0m[38;5;86m[HTTP][0m <-- POST /wd/hub/session/0355a924-f971-4c08-b743-d059b788f822/context 200 0 ms - 14 
[38;5;161m[0355a924][0m[38;5;86m[HTTP][0m [37m-->[39m [37mPOST[39m [37m/wd/hub/session/0355a924-f971-4c08-b743-d059b788f822/execute/sync[39m {"args":[],"script":"mobile: hideKeyboard"}
[38;5;161m[0355a924][0m[38;5;86m[HTTP][0m <-- POST /wd/hub/session/0355a924-f971-4c08-b743-d059b788f822/execute/sync 200 2320 ms - 14 
[38;5;161m[0355a924][0m[38;5;86m[HTTP][0m [37m-->[39m [37mPOST[39m [37m/wd/hub/session/0355a924-f971-4c08-b743-d059b788f822/context[39m {"name":"NATIVE_APP"}
[38;5;161m[0355a924][0m[38;5;86m[HTTP][0m <-- POST /wd/hub/session/0355a924-f971-4c08-b743-d059b788f822/context 200 0 ms - 14 
[38;5;161m[0355a924][0m[38;5;86m[HTTP][0m [37m-->[39m [37mPOST[39m [37m/wd/hub/session/0355a924-f971-4c08-b743-d059b788f822/timeouts[39m {"implicit":50}
[38;5;161m[0355a924][0m[38;5;86m[HTTP][0m <-- POST /wd/hub/session/0355a924-f971-4c08-b743-d059b788f822/timeouts 200 2 ms - 14 
[38;5;161m[0355a924][0m[38;5;86m[HTTP][0m [37m-->[39m [37mGET[39m [37m/wd/hub/session/0355a924-f971-4c08-b743-d059b788f822/window/rect[39m {}
[38;5;161m[0355a924][0m[38;5;86m[HTTP][0m <-- GET /wd/hub/session/0355a924-f971-4c08-b743-d059b788f822/window/rect 200 12 ms - 50 
[38;5;161m[0355a924][0m[38;5;86m[HTTP][0m [37m-->[39m [37mPOST[39m [37m/wd/hub/session/0355a924-f971-4c08-b743-d059b788f822/elements[39m {"using":"xpath","value":"//*[@class = 'android.widget.Button' and (@text = 'Next' or . = 'Next')]"}
[38;5;161m[0355a924][0m[38;5;86m[HTTP][0m <-- POST /wd/hub/session/0355a924-f971-4c08-b743-d059b788f822/elements 200 81 ms - 139 
[38;5;161m[0355a924][0m[38;5;86m[HTTP][0m [37m-->[39m [37mGET[39m [37m/wd/hub/session/0355a924-f971-4c08-b743-d059b788f822/element/00000000-0000-009d-0000-00e100000007/rect[39m {}
[38;5;161m[0355a924][0m[38;5;-166m[AndroidUiautomator2Driver@12db][0m Driver proxy active, passing request on via HTTP proxy
[38;5;161m[0355a924][0m[38;5;-166m[AndroidUiautomator2Driver@12db][0m Replacing sessionId be044dc0-ecfa-4d3f-8989-58796796a695 with 0355a924-f971-4c08-b743-d059b788f822
[38;5;161m[0355a924][0m[38;5;86m[HTTP][0m <-- GET /wd/hub/session/0355a924-f971-4c08-b743-d059b788f822/element/00000000-0000-009d-0000-00e100000007/rect 200 7 ms - 103 
[38;5;161m[0355a924][0m[38;5;86m[HTTP][0m [37m-->[39m [37mPOST[39m [37m/wd/hub/session/0355a924-f971-4c08-b743-d059b788f822/timeouts[39m {"implicit":30000}
[38;5;161m[0355a924][0m[38;5;86m[HTTP][0m <-- POST /wd/hub/session/0355a924-f971-4c08-b743-d059b788f822/timeouts 200 1 ms - 14 
[38;5;161m[0355a924][0m[38;5;86m[HTTP][0m [37m-->[39m [37mPOST[39m [37m/wd/hub/session/0355a924-f971-4c08-b743-d059b788f822/element/00000000-0000-009d-0000-00e100000007/click[39m {"id":"00000000-0000-009d-0000-00e100000007"}
[38;5;161m[0355a924][0m[38;5;86m[HTTP][0m <-- POST /wd/hub/session/0355a924-f971-4c08-b743-d059b788f822/element/00000000-0000-009d-0000-00e100000007/click 200 47 ms - 14 
[38;5;161m[0355a924][0m[38;5;86m[HTTP][0m [37m-->[39m [37mPOST[39m [37m/wd/hub/session/0355a924-f971-4c08-b743-d059b788f822/timeouts[39m {"implicit":50}
[38;5;161m[0355a924][0m[38;5;86m[HTTP][0m <-- POST /wd/hub/session/0355a924-f971-4c08-b743-d059b788f822/timeouts 200 4 ms - 14 
[38;5;161m[0355a924][0m[38;5;86m[HTTP][0m [37m-->[39m [37mGET[39m [37m/wd/hub/session/0355a924-f971-4c08-b743-d059b788f822/window/rect[39m {}
[38;5;161m[0355a924][0m[38;5;86m[HTTP][0m <-- GET /wd/hub/session/0355a924-f971-4c08-b743-d059b788f822/window/rect 200 13 ms - 50 
[38;5;161m[0355a924][0m[38;5;86m[HTTP][0m [37m-->[39m [37mPOST[39m [37m/wd/hub/session/0355a924-f971-4c08-b743-d059b788f822/elements[39m {"using":"xpath","value":"//android.widget.EditText[@resource-id='user' and (@text='' or .='')]"}
[38;5;161m[0355a924][0m[38;5;86m[HTTP][0m <-- POST /wd/hub/session/0355a924-f971-4c08-b743-d059b788f822/elements 200 66 ms - 139 
[38;5;161m[0355a924][0m[38;5;86m[HTTP][0m [37m-->[39m [37mGET[39m [37m/wd/hub/session/0355a924-f971-4c08-b743-d059b788f822/element/00000000-0000-0092-0000-009d00000067/rect[39m {}
[38;5;161m[0355a924][0m[38;5;-166m[AndroidUiautomator2Driver@12db][0m Driver proxy active, passing request on via HTTP proxy
[38;5;161m[0355a924][0m[38;5;-166m[AndroidUiautomator2Driver@12db][0m Replacing sessionId be044dc0-ecfa-4d3f-8989-58796796a695 with 0355a924-f971-4c08-b743-d059b788f822
[38;5;161m[0355a924][0m[38;5;86m[HTTP][0m <-- GET /wd/hub/session/0355a924-f971-4c08-b743-d059b788f822/element/00000000-0000-0092-0000-009d00000067/rect 200 5 ms - 104 
[38;5;161m[0355a924][0m[38;5;86m[HTTP][0m [37m-->[39m [37mPOST[39m [37m/wd/hub/session/0355a924-f971-4c08-b743-d059b788f822/timeouts[39m {"implicit":30000}
[38;5;161m[0355a924][0m[38;5;86m[HTTP][0m <-- POST /wd/hub/session/0355a924-f971-4c08-b743-d059b788f822/timeouts 200 0 ms - 14 
[38;5;161m[0355a924][0m[38;5;86m[HTTP][0m [37m-->[39m [37mPOST[39m [37m/wd/hub/session/0355a924-f971-4c08-b743-d059b788f822/element/00000000-0000-0092-0000-009d00000067/clear[39m {"id":"00000000-0000-0092-0000-009d00000067"}
[38;5;161m[0355a924][0m[38;5;86m[HTTP][0m <-- POST /wd/hub/session/0355a924-f971-4c08-b743-d059b788f822/element/00000000-0000-0092-0000-009d00000067/clear 200 6 ms - 14 
[38;5;161m[0355a924][0m[38;5;86m[HTTP][0m [37m-->[39m [37mPOST[39m [37m/wd/hub/session/0355a924-f971-4c08-b743-d059b788f822/element/00000000-0000-0092-0000-009d00000067/click[39m {"id":"00000000-0000-0092-0000-009d00000067"}
[38;5;161m[0355a924][0m[38;5;86m[HTTP][0m <-- POST /wd/hub/session/0355a924-f971-4c08-b743-d059b788f822/element/00000000-0000-0092-0000-009d00000067/click 200 47 ms - 14 
[38;5;161m[0355a924][0m[38;5;86m[HTTP][0m [37m-->[39m [37mPOST[39m [37m/wd/hub/session/0355a924-f971-4c08-b743-d059b788f822/element/00000000-0000-0092-0000-009d00000067/value[39m {"id":"00000000-0000-0092-0000-009d00000067","value":["M","a","x","m","i","l","l","a","n","@","y","o","p","m","a","i","l",".","c","o","m"],"text":"Maxmillan@yopmail.com"}
[38;5;161m[0355a924][0m[38;5;86m[HTTP][0m <-- POST /wd/hub/session/0355a924-f971-4c08-b743-d059b788f822/element/00000000-0000-0092-0000-009d00000067/value 200 1196 ms - 14 
[38;5;161m[0355a924][0m[38;5;86m[HTTP][0m [37m-->[39m [37mGET[39m [37m/wd/hub/session/0355a924-f971-4c08-b743-d059b788f822/context[39m {}
[38;5;161m[0355a924][0m[38;5;86m[HTTP][0m <-- GET /wd/hub/session/0355a924-f971-4c08-b743-d059b788f822/context 200 2 ms - 22 
[38;5;161m[0355a924][0m[38;5;86m[HTTP][0m [37m-->[39m [37mGET[39m [37m/wd/hub/session/0355a924-f971-4c08-b743-d059b788f822/contexts[39m {}
[38;5;161m[0355a924][0m[38;5;86m[HTTP][0m <-- GET /wd/hub/session/0355a924-f971-4c08-b743-d059b788f822/contexts 200 159 ms - 41 
[38;5;161m[0355a924][0m[38;5;86m[HTTP][0m [37m-->[39m [37mPOST[39m [37m/wd/hub/session/0355a924-f971-4c08-b743-d059b788f822/context[39m {"name":"NATIVE_APP"}
[38;5;161m[0355a924][0m[38;5;86m[HTTP][0m <-- POST /wd/hub/session/0355a924-f971-4c08-b743-d059b788f822/context 200 0 ms - 14 
[38;5;161m[0355a924][0m[38;5;86m[HTTP][0m [37m-->[39m [37mPOST[39m [37m/wd/hub/session/0355a924-f971-4c08-b743-d059b788f822/execute/sync[39m {"args":[],"script":"mobile: hideKeyboard"}
[38;5;161m[0355a924][0m[38;5;86m[HTTP][0m <-- POST /wd/hub/session/0355a924-f971-4c08-b743-d059b788f822/execute/sync 200 2223 ms - 14 
[38;5;161m[0355a924][0m[38;5;86m[HTTP][0m [37m-->[39m [37mPOST[39m [37m/wd/hub/session/0355a924-f971-4c08-b743-d059b788f822/context[39m {"name":"NATIVE_APP"}
[38;5;161m[0355a924][0m[38;5;86m[HTTP][0m <-- POST /wd/hub/session/0355a924-f971-4c08-b743-d059b788f822/context 200 0 ms - 14 
[38;5;161m[0355a924][0m[38;5;86m[HTTP][0m [37m-->[39m [37mPOST[39m [37m/wd/hub/session/0355a924-f971-4c08-b743-d059b788f822/timeouts[39m {"implicit":50}
[38;5;161m[0355a924][0m[38;5;86m[HTTP][0m <-- POST /wd/hub/session/0355a924-f971-4c08-b743-d059b788f822/timeouts 200 2 ms - 14 
[38;5;161m[0355a924][0m[38;5;86m[HTTP][0m [37m-->[39m [37mGET[39m [37m/wd/hub/session/0355a924-f971-4c08-b743-d059b788f822/window/rect[39m {}
[38;5;161m[0355a924][0m[38;5;86m[HTTP][0m <-- GET /wd/hub/session/0355a924-f971-4c08-b743-d059b788f822/window/rect 200 10 ms - 50 
[38;5;161m[0355a924][0m[38;5;86m[HTTP][0m [37m-->[39m [37mPOST[39m [37m/wd/hub/session/0355a924-f971-4c08-b743-d059b788f822/elements[39m {"using":"xpath","value":"//android.widget.EditText[@resource-id='password' and (@text='' or .='')]"}
[38;5;161m[0355a924][0m[38;5;86m[HTTP][0m <-- POST /wd/hub/session/0355a924-f971-4c08-b743-d059b788f822/elements 200 61 ms - 139 
[38;5;161m[0355a924][0m[38;5;86m[HTTP][0m [37m-->[39m [37mGET[39m [37m/wd/hub/session/0355a924-f971-4c08-b743-d059b788f822/element/00000000-0000-0092-0000-00a100000067/rect[39m {}
[38;5;161m[0355a924][0m[38;5;-166m[AndroidUiautomator2Driver@12db][0m Driver proxy active, passing request on via HTTP proxy
[38;5;161m[0355a924][0m[38;5;-166m[AndroidUiautomator2Driver@12db][0m Replacing sessionId be044dc0-ecfa-4d3f-8989-58796796a695 with 0355a924-f971-4c08-b743-d059b788f822
[38;5;161m[0355a924][0m[38;5;86m[HTTP][0m <-- GET /wd/hub/session/0355a924-f971-4c08-b743-d059b788f822/element/00000000-0000-0092-0000-00a100000067/rect 200 7 ms - 104 
[38;5;161m[0355a924][0m[38;5;86m[HTTP][0m [37m-->[39m [37mPOST[39m [37m/wd/hub/session/0355a924-f971-4c08-b743-d059b788f822/timeouts[39m {"implicit":30000}
[38;5;161m[0355a924][0m[38;5;86m[HTTP][0m <-- POST /wd/hub/session/0355a924-f971-4c08-b743-d059b788f822/timeouts 200 0 ms - 14 
[38;5;161m[0355a924][0m[38;5;86m[HTTP][0m [37m-->[39m [37mPOST[39m [37m/wd/hub/session/0355a924-f971-4c08-b743-d059b788f822/element/00000000-0000-0092-0000-00a100000067/clear[39m {"id":"00000000-0000-0092-0000-00a100000067"}
[38;5;161m[0355a924][0m[38;5;86m[HTTP][0m <-- POST /wd/hub/session/0355a924-f971-4c08-b743-d059b788f822/element/00000000-0000-0092-0000-00a100000067/clear 200 6 ms - 14 
[38;5;161m[0355a924][0m[38;5;86m[HTTP][0m [37m-->[39m [37mPOST[39m [37m/wd/hub/session/0355a924-f971-4c08-b743-d059b788f822/element/00000000-0000-0092-0000-00a100000067/click[39m {"id":"00000000-0000-0092-0000-00a100000067"}
[38;5;161m[0355a924][0m[38;5;86m[HTTP][0m <-- POST /wd/hub/session/0355a924-f971-4c08-b743-d059b788f822/element/00000000-0000-0092-0000-00a100000067/click 200 1008 ms - 14 
[38;5;161m[0355a924][0m[38;5;86m[HTTP][0m [37m-->[39m [37mPOST[39m [37m/wd/hub/session/0355a924-f971-4c08-b743-d059b788f822/element/00000000-0000-0092-0000-00a100000067/value[39m {"id":"00000000-0000-0092-0000-00a100000067","value":["p","a","s","s","w","o","r","d"],"text":"password"}
[38;5;161m[0355a924][0m[38;5;86m[HTTP][0m <-- POST /wd/hub/session/0355a924-f971-4c08-b743-d059b788f822/element/00000000-0000-0092-0000-00a100000067/value 200 11 ms - 14 
[38;5;161m[0355a924][0m[38;5;86m[HTTP][0m [37m-->[39m [37mGET[39m [37m/wd/hub/session/0355a924-f971-4c08-b743-d059b788f822/context[39m {}
[38;5;161m[0355a924][0m[38;5;86m[HTTP][0m <-- GET /wd/hub/session/0355a924-f971-4c08-b743-d059b788f822/context 200 1 ms - 22 
[38;5;161m[0355a924][0m[38;5;86m[HTTP][0m [37m-->[39m [37mGET[39m [37m/wd/hub/session/0355a924-f971-4c08-b743-d059b788f822/contexts[39m {}
[38;5;161m[0355a924][0m[38;5;86m[HTTP][0m <-- GET /wd/hub/session/0355a924-f971-4c08-b743-d059b788f822/contexts 200 153 ms - 41 
[38;5;161m[0355a924][0m[38;5;86m[HTTP][0m [37m-->[39m [37mPOST[39m [37m/wd/hub/session/0355a924-f971-4c08-b743-d059b788f822/context[39m {"name":"NATIVE_APP"}
[38;5;161m[0355a924][0m[38;5;86m[HTTP][0m <-- POST /wd/hub/session/0355a924-f971-4c08-b743-d059b788f822/context 200 0 ms - 14 
[38;5;161m[0355a924][0m[38;5;86m[HTTP][0m [37m-->[39m [37mPOST[39m [37m/wd/hub/session/0355a924-f971-4c08-b743-d059b788f822/execute/sync[39m {"args":[],"script":"mobile: hideKeyboard"}
[38;5;161m[0355a924][0m[38;5;86m[HTTP][0m <-- POST /wd/hub/session/0355a924-f971-4c08-b743-d059b788f822/execute/sync 200 2105 ms - 14 
[38;5;161m[0355a924][0m[38;5;86m[HTTP][0m [37m-->[39m [37mPOST[39m [37m/wd/hub/session/0355a924-f971-4c08-b743-d059b788f822/context[39m {"name":"NATIVE_APP"}
[38;5;161m[0355a924][0m[38;5;86m[HTTP][0m <-- POST /wd/hub/session/0355a924-f971-4c08-b743-d059b788f822/context 200 0 ms - 14 
[38;5;161m[0355a924][0m[38;5;86m[HTTP][0m [37m-->[39m [37mPOST[39m [37m/wd/hub/session/0355a924-f971-4c08-b743-d059b788f822/timeouts[39m {"implicit":50}
[38;5;161m[0355a924][0m[38;5;86m[HTTP][0m <-- POST /wd/hub/session/0355a924-f971-4c08-b743-d059b788f822/timeouts 200 1 ms - 14 
[38;5;161m[0355a924][0m[38;5;86m[HTTP][0m [37m-->[39m [37mGET[39m [37m/wd/hub/session/0355a924-f971-4c08-b743-d059b788f822/window/rect[39m {}
[38;5;161m[0355a924][0m[38;5;86m[HTTP][0m <-- GET /wd/hub/session/0355a924-f971-4c08-b743-d059b788f822/window/rect 200 11 ms - 50 
[38;5;161m[0355a924][0m[38;5;86m[HTTP][0m [37m-->[39m [37mPOST[39m [37m/wd/hub/session/0355a924-f971-4c08-b743-d059b788f822/elements[39m {"using":"xpath","value":"//android.widget.Button[@text='LOGIN' or .='LOGIN']"}
[38;5;161m[0355a924][0m[38;5;86m[HTTP][0m <-- POST /wd/hub/session/0355a924-f971-4c08-b743-d059b788f822/elements 200 50 ms - 139 
[38;5;161m[0355a924][0m[38;5;86m[HTTP][0m [37m-->[39m [37mGET[39m [37m/wd/hub/session/0355a924-f971-4c08-b743-d059b788f822/element/00000000-0000-0092-0000-00a400000067/rect[39m {}
[38;5;161m[0355a924][0m[38;5;-166m[AndroidUiautomator2Driver@12db][0m Driver proxy active, passing request on via HTTP proxy
[38;5;161m[0355a924][0m[38;5;-166m[AndroidUiautomator2Driver@12db][0m Replacing sessionId be044dc0-ecfa-4d3f-8989-58796796a695 with 0355a924-f971-4c08-b743-d059b788f822
[38;5;161m[0355a924][0m[38;5;86m[HTTP][0m <-- GET /wd/hub/session/0355a924-f971-4c08-b743-d059b788f822/element/00000000-0000-0092-0000-00a400000067/rect 200 6 ms - 104 
[38;5;161m[0355a924][0m[38;5;86m[HTTP][0m [37m-->[39m [37mPOST[39m [37m/wd/hub/session/0355a924-f971-4c08-b743-d059b788f822/timeouts[39m {"implicit":30000}
[38;5;161m[0355a924][0m[38;5;86m[HTTP][0m <-- POST /wd/hub/session/0355a924-f971-4c08-b743-d059b788f822/timeouts 200 0 ms - 14 
[38;5;161m[0355a924][0m[38;5;86m[HTTP][0m [37m-->[39m [37mPOST[39m [37m/wd/hub/session/0355a924-f971-4c08-b743-d059b788f822/element/00000000-0000-0092-0000-00a400000067/click[39m {"id":"00000000-0000-0092-0000-00a400000067"}
[38;5;161m[0355a924][0m[38;5;86m[HTTP][0m <-- POST /wd/hub/session/0355a924-f971-4c08-b743-d059b788f822/element/00000000-0000-0092-0000-00a400000067/click 200 37 ms - 14 
[38;5;161m[0355a924][0m[38;5;86m[HTTP][0m [37m-->[39m [37mPOST[39m [37m/wd/hub/session/0355a924-f971-4c08-b743-d059b788f822/timeouts[39m {"implicit":50}
[38;5;161m[0355a924][0m[38;5;86m[HTTP][0m <-- POST /wd/hub/session/0355a924-f971-4c08-b743-d059b788f822/timeouts 200 1 ms - 14 
[38;5;161m[0355a924][0m[38;5;86m[HTTP][0m [37m-->[39m [37mGET[39m [37m/wd/hub/session/0355a924-f971-4c08-b743-d059b788f822/window/rect[39m {}
[38;5;161m[0355a924][0m[38;5;86m[HTTP][0m <-- GET /wd/hub/session/0355a924-f971-4c08-b743-d059b788f822/window/rect 200 13 ms - 50 
[38;5;161m[0355a924][0m[38;5;86m[HTTP][0m [37m-->[39m [37mPOST[39m [37m/wd/hub/session/0355a924-f971-4c08-b743-d059b788f822/elements[39m {"using":"xpath","value":"//*[@class = 'android.view.View' and (@text = 'My Stay' or . = 'My Stay')]"}
[38;5;161m[0355a924][0m[38;5;86m[HTTP][0m <-- POST /wd/hub/session/0355a924-f971-4c08-b743-d059b788f822/elements 200 74 ms - 139 
[38;5;161m[0355a924][0m[38;5;86m[HTTP][0m [37m-->[39m [37mGET[39m [37m/wd/hub/session/0355a924-f971-4c08-b743-d059b788f822/element/00000000-0000-009d-0000-011c00000007/rect[39m {}
[38;5;161m[0355a924][0m[38;5;-166m[AndroidUiautomator2Driver@12db][0m Driver proxy active, passing request on via HTTP proxy
[38;5;161m[0355a924][0m[38;5;-166m[AndroidUiautomator2Driver@12db][0m Replacing sessionId be044dc0-ecfa-4d3f-8989-58796796a695 with 0355a924-f971-4c08-b743-d059b788f822
[38;5;161m[0355a924][0m[38;5;86m[HTTP][0m <-- GET /wd/hub/session/0355a924-f971-4c08-b743-d059b788f822/element/00000000-0000-009d-0000-011c00000007/rect 200 5 ms - 104 
[38;5;161m[0355a924][0m[38;5;86m[HTTP][0m [37m-->[39m [37mPOST[39m [37m/wd/hub/session/0355a924-f971-4c08-b743-d059b788f822/timeouts[39m {"implicit":30000}
[38;5;161m[0355a924][0m[38;5;86m[HTTP][0m <-- POST /wd/hub/session/0355a924-f971-4c08-b743-d059b788f822/timeouts 200 0 ms - 14 
[38;5;161m[0355a924][0m[38;5;86m[HTTP][0m [37m-->[39m [37mPOST[39m [37m/wd/hub/session/0355a924-f971-4c08-b743-d059b788f822/timeouts[39m {"implicit":50}
[38;5;161m[0355a924][0m[38;5;86m[HTTP][0m <-- POST /wd/hub/session/0355a924-f971-4c08-b743-d059b788f822/timeouts 200 2 ms - 14 
[38;5;161m[0355a924][0m[38;5;86m[HTTP][0m [37m-->[39m [37mGET[39m [37m/wd/hub/session/0355a924-f971-4c08-b743-d059b788f822/window/rect[39m {}
[38;5;161m[0355a924][0m[38;5;86m[HTTP][0m <-- GET /wd/hub/session/0355a924-f971-4c08-b743-d059b788f822/window/rect 200 9 ms - 50 
[38;5;161m[0355a924][0m[38;5;86m[HTTP][0m [37m-->[39m [37mPOST[39m [37m/wd/hub/session/0355a924-f971-4c08-b743-d059b788f822/elements[39m {"using":"xpath","value":"//*[@class = 'android.view.View' and (@text = 'My Account' or . = 'My Account')]"}
[38;5;161m[0355a924][0m[38;5;86m[HTTP][0m <-- POST /wd/hub/session/0355a924-f971-4c08-b743-d059b788f822/elements 200 64 ms - 139 
[38;5;161m[0355a924][0m[38;5;86m[HTTP][0m [37m-->[39m [37mGET[39m [37m/wd/hub/session/0355a924-f971-4c08-b743-d059b788f822/element/00000000-0000-009d-0000-012000000007/rect[39m {}
[38;5;161m[0355a924][0m[38;5;-166m[AndroidUiautomator2Driver@12db][0m Driver proxy active, passing request on via HTTP proxy
[38;5;161m[0355a924][0m[38;5;-166m[AndroidUiautomator2Driver@12db][0m Replacing sessionId be044dc0-ecfa-4d3f-8989-58796796a695 with 0355a924-f971-4c08-b743-d059b788f822
[38;5;161m[0355a924][0m[38;5;86m[HTTP][0m <-- GET /wd/hub/session/0355a924-f971-4c08-b743-d059b788f822/element/00000000-0000-009d-0000-012000000007/rect 200 6 ms - 104 
[38;5;161m[0355a924][0m[38;5;86m[HTTP][0m [37m-->[39m [37mPOST[39m [37m/wd/hub/session/0355a924-f971-4c08-b743-d059b788f822/timeouts[39m {"implicit":30000}
[38;5;161m[0355a924][0m[38;5;86m[HTTP][0m <-- POST /wd/hub/session/0355a924-f971-4c08-b743-d059b788f822/timeouts 200 0 ms - 14 
[38;5;161m[0355a924][0m[38;5;86m[HTTP][0m [37m-->[39m [37mPOST[39m [37m/wd/hub/session/0355a924-f971-4c08-b743-d059b788f822/timeouts[39m {"implicit":50}
[38;5;161m[0355a924][0m[38;5;86m[HTTP][0m <-- POST /wd/hub/session/0355a924-f971-4c08-b743-d059b788f822/timeouts 200 1 ms - 14 
[38;5;161m[0355a924][0m[38;5;86m[HTTP][0m [37m-->[39m [37mGET[39m [37m/wd/hub/session/0355a924-f971-4c08-b743-d059b788f822/window/rect[39m {}
[38;5;161m[0355a924][0m[38;5;86m[HTTP][0m <-- GET /wd/hub/session/0355a924-f971-4c08-b743-d059b788f822/window/rect 200 9 ms - 50 
[38;5;161m[0355a924][0m[38;5;86m[HTTP][0m [37m-->[39m [37mPOST[39m [37m/wd/hub/session/0355a924-f971-4c08-b743-d059b788f822/elements[39m {"using":"xpath","value":"//*[@class = 'android.view.View' and (@text = 'Home' or . = 'Home')]"}
[38;5;161m[0355a924][0m[38;5;86m[HTTP][0m <-- POST /wd/hub/session/0355a924-f971-4c08-b743-d059b788f822/elements 200 61 ms - 139 
[38;5;161m[0355a924][0m[38;5;86m[HTTP][0m [37m-->[39m [37mGET[39m [37m/wd/hub/session/0355a924-f971-4c08-b743-d059b788f822/element/00000000-0000-009d-0000-00a200000007/rect[39m {}
[38;5;161m[0355a924][0m[38;5;-166m[AndroidUiautomator2Driver@12db][0m Driver proxy active, passing request on via HTTP proxy
[38;5;161m[0355a924][0m[38;5;-166m[AndroidUiautomator2Driver@12db][0m Replacing sessionId be044dc0-ecfa-4d3f-8989-58796796a695 with 0355a924-f971-4c08-b743-d059b788f822
[38;5;161m[0355a924][0m[38;5;86m[HTTP][0m <-- GET /wd/hub/session/0355a924-f971-4c08-b743-d059b788f822/element/00000000-0000-009d-0000-00a200000007/rect 200 5 ms - 104 
[38;5;161m[0355a924][0m[38;5;86m[HTTP][0m [37m-->[39m [37mPOST[39m [37m/wd/hub/session/0355a924-f971-4c08-b743-d059b788f822/timeouts[39m {"implicit":30000}
[38;5;161m[0355a924][0m[38;5;86m[HTTP][0m <-- POST /wd/hub/session/0355a924-f971-4c08-b743-d059b788f822/timeouts 200 1 ms - 14 
[38;5;161m[0355a924][0m[38;5;86m[HTTP][0m [37m-->[39m [37mPOST[39m [37m/wd/hub/session/0355a924-f971-4c08-b743-d059b788f822/timeouts[39m {"implicit":50}
[38;5;161m[0355a924][0m[38;5;86m[HTTP][0m <-- POST /wd/hub/session/0355a924-f971-4c08-b743-d059b788f822/timeouts 200 1 ms - 14 
[38;5;161m[0355a924][0m[38;5;86m[HTTP][0m [37m-->[39m [37mGET[39m [37m/wd/hub/session/0355a924-f971-4c08-b743-d059b788f822/window/rect[39m {}
[38;5;161m[0355a924][0m[38;5;86m[HTTP][0m <-- GET /wd/hub/session/0355a924-f971-4c08-b743-d059b788f822/window/rect 200 12 ms - 50 
[38;5;161m[0355a924][0m[38;5;86m[HTTP][0m [37m-->[39m [37mPOST[39m [37m/wd/hub/session/0355a924-f971-4c08-b743-d059b788f822/elements[39m {"using":"xpath","value":"//*[@class = 'android.view.View' and (@text = 'My Stay' or . = 'My Stay')]"}
[38;5;161m[0355a924][0m[38;5;86m[HTTP][0m <-- POST /wd/hub/session/0355a924-f971-4c08-b743-d059b788f822/elements 200 61 ms - 139 
[38;5;161m[0355a924][0m[38;5;86m[HTTP][0m [37m-->[39m [37mGET[39m [37m/wd/hub/session/0355a924-f971-4c08-b743-d059b788f822/element/00000000-0000-009d-0000-011c00000007/rect[39m {}
[38;5;161m[0355a924][0m[38;5;-166m[AndroidUiautomator2Driver@12db][0m Driver proxy active, passing request on via HTTP proxy
[38;5;161m[0355a924][0m[38;5;-166m[AndroidUiautomator2Driver@12db][0m Replacing sessionId be044dc0-ecfa-4d3f-8989-58796796a695 with 0355a924-f971-4c08-b743-d059b788f822
[38;5;161m[0355a924][0m[38;5;86m[HTTP][0m <-- GET /wd/hub/session/0355a924-f971-4c08-b743-d059b788f822/element/00000000-0000-009d-0000-011c00000007/rect 200 4 ms - 104 
[38;5;161m[0355a924][0m[38;5;86m[HTTP][0m [37m-->[39m [37mPOST[39m [37m/wd/hub/session/0355a924-f971-4c08-b743-d059b788f822/timeouts[39m {"implicit":30000}
[38;5;161m[0355a924][0m[38;5;86m[HTTP][0m <-- POST /wd/hub/session/0355a924-f971-4c08-b743-d059b788f822/timeouts 200 0 ms - 14 
[38;5;161m[0355a924][0m[38;5;86m[HTTP][0m [37m-->[39m [37mGET[39m [37m/wd/hub/session/0355a924-f971-4c08-b743-d059b788f822/element/00000000-0000-009d-0000-011c00000007/text[39m {}
[38;5;161m[0355a924][0m[38;5;-166m[AndroidUiautomator2Driver@12db][0m Driver proxy active, passing request on via HTTP proxy
[38;5;161m[0355a924][0m[38;5;-166m[AndroidUiautomator2Driver@12db][0m Replacing sessionId be044dc0-ecfa-4d3f-8989-58796796a695 with 0355a924-f971-4c08-b743-d059b788f822
[38;5;161m[0355a924][0m[38;5;86m[HTTP][0m <-- GET /wd/hub/session/0355a924-f971-4c08-b743-d059b788f822/element/00000000-0000-009d-0000-011c00000007/text 200 4 ms - 70 
[38;5;161m[0355a924][0m[38;5;86m[HTTP][0m [37m-->[39m [37mPOST[39m [37m/wd/hub/session/0355a924-f971-4c08-b743-d059b788f822/timeouts[39m {"implicit":50}
[38;5;161m[0355a924][0m[38;5;86m[HTTP][0m <-- POST /wd/hub/session/0355a924-f971-4c08-b743-d059b788f822/timeouts 200 0 ms - 14 
[38;5;161m[0355a924][0m[38;5;86m[HTTP][0m [37m-->[39m [37mGET[39m [37m/wd/hub/session/0355a924-f971-4c08-b743-d059b788f822/window/rect[39m {}
[38;5;161m[0355a924][0m[38;5;86m[HTTP][0m <-- GET /wd/hub/session/0355a924-f971-4c08-b743-d059b788f822/window/rect 200 3 ms - 50 
[38;5;161m[0355a924][0m[38;5;86m[HTTP][0m [37m-->[39m [37mPOST[39m [37m/wd/hub/session/0355a924-f971-4c08-b743-d059b788f822/elements[39m {"using":"xpath","value":"//*[@class = 'android.view.View' and (@text = 'My Account' or . = 'My Account')]"}
[38;5;161m[0355a924][0m[38;5;86m[HTTP][0m <-- POST /wd/hub/session/0355a924-f971-4c08-b743-d059b788f822/elements 200 29 ms - 139 
[38;5;161m[0355a924][0m[38;5;86m[HTTP][0m [37m-->[39m [37mGET[39m [37m/wd/hub/session/0355a924-f971-4c08-b743-d059b788f822/element/00000000-0000-009d-0000-012000000007/rect[39m {}
[38;5;161m[0355a924][0m[38;5;-166m[AndroidUiautomator2Driver@12db][0m Driver proxy active, passing request on via HTTP proxy
[38;5;161m[0355a924][0m[38;5;-166m[AndroidUiautomator2Driver@12db][0m Replacing sessionId be044dc0-ecfa-4d3f-8989-58796796a695 with 0355a924-f971-4c08-b743-d059b788f822
[38;5;161m[0355a924][0m[38;5;86m[HTTP][0m <-- GET /wd/hub/session/0355a924-f971-4c08-b743-d059b788f822/element/00000000-0000-009d-0000-012000000007/rect 200 3 ms - 104 
[38;5;161m[0355a924][0m[38;5;86m[HTTP][0m [37m-->[39m [37mPOST[39m [37m/wd/hub/session/0355a924-f971-4c08-b743-d059b788f822/timeouts[39m {"implicit":30000}
[38;5;161m[0355a924][0m[38;5;86m[HTTP][0m <-- POST /wd/hub/session/0355a924-f971-4c08-b743-d059b788f822/timeouts 200 0 ms - 14 
[38;5;161m[0355a924][0m[38;5;86m[HTTP][0m [37m-->[39m [37mGET[39m [37m/wd/hub/session/0355a924-f971-4c08-b743-d059b788f822/element/00000000-0000-009d-0000-012000000007/text[39m {}
[38;5;161m[0355a924][0m[38;5;-166m[AndroidUiautomator2Driver@12db][0m Driver proxy active, passing request on via HTTP proxy
[38;5;161m[0355a924][0m[38;5;-166m[AndroidUiautomator2Driver@12db][0m Replacing sessionId be044dc0-ecfa-4d3f-8989-58796796a695 with 0355a924-f971-4c08-b743-d059b788f822
[38;5;161m[0355a924][0m[38;5;86m[HTTP][0m <-- GET /wd/hub/session/0355a924-f971-4c08-b743-d059b788f822/element/00000000-0000-009d-0000-012000000007/text 200 3 ms - 73 
[38;5;161m[0355a924][0m[38;5;86m[HTTP][0m [37m-->[39m [37mPOST[39m [37m/wd/hub/session/0355a924-f971-4c08-b743-d059b788f822/timeouts[39m {"implicit":50}
[38;5;161m[0355a924][0m[38;5;86m[HTTP][0m <-- POST /wd/hub/session/0355a924-f971-4c08-b743-d059b788f822/timeouts 200 0 ms - 14 
[38;5;161m[0355a924][0m[38;5;86m[HTTP][0m [37m-->[39m [37mGET[39m [37m/wd/hub/session/0355a924-f971-4c08-b743-d059b788f822/window/rect[39m {}
[38;5;161m[0355a924][0m[38;5;86m[HTTP][0m <-- GET /wd/hub/session/0355a924-f971-4c08-b743-d059b788f822/window/rect 200 3 ms - 50 
[38;5;161m[0355a924][0m[38;5;86m[HTTP][0m [37m-->[39m [37mPOST[39m [37m/wd/hub/session/0355a924-f971-4c08-b743-d059b788f822/elements[39m {"using":"xpath","value":"//*[@class = 'android.view.View' and (@text = 'Home' or . = 'Home')]"}
[38;5;161m[0355a924][0m[38;5;86m[HTTP][0m <-- POST /wd/hub/session/0355a924-f971-4c08-b743-d059b788f822/elements 200 29 ms - 139 
[38;5;161m[0355a924][0m[38;5;86m[HTTP][0m [37m-->[39m [37mGET[39m [37m/wd/hub/session/0355a924-f971-4c08-b743-d059b788f822/element/00000000-0000-009d-0000-00a200000007/rect[39m {}
[38;5;161m[0355a924][0m[38;5;-166m[AndroidUiautomator2Driver@12db][0m Driver proxy active, passing request on via HTTP proxy
[38;5;161m[0355a924][0m[38;5;-166m[AndroidUiautomator2Driver@12db][0m Replacing sessionId be044dc0-ecfa-4d3f-8989-58796796a695 with 0355a924-f971-4c08-b743-d059b788f822
[38;5;161m[0355a924][0m[38;5;86m[HTTP][0m <-- GET /wd/hub/session/0355a924-f971-4c08-b743-d059b788f822/element/00000000-0000-009d-0000-00a200000007/rect 200 4 ms - 104 
[38;5;161m[0355a924][0m[38;5;86m[HTTP][0m [37m-->[39m [37mPOST[39m [37m/wd/hub/session/0355a924-f971-4c08-b743-d059b788f822/timeouts[39m {"implicit":30000}
[38;5;161m[0355a924][0m[38;5;86m[HTTP][0m <-- POST /wd/hub/session/0355a924-f971-4c08-b743-d059b788f822/timeouts 200 0 ms - 14 
[38;5;161m[0355a924][0m[38;5;86m[HTTP][0m [37m-->[39m [37mGET[39m [37m/wd/hub/session/0355a924-f971-4c08-b743-d059b788f822/element/00000000-0000-009d-0000-00a200000007/text[39m {}
[38;5;161m[0355a924][0m[38;5;-166m[AndroidUiautomator2Driver@12db][0m Driver proxy active, passing request on via HTTP proxy
[38;5;161m[0355a924][0m[38;5;-166m[AndroidUiautomator2Driver@12db][0m Replacing sessionId be044dc0-ecfa-4d3f-8989-58796796a695 with 0355a924-f971-4c08-b743-d059b788f822
[38;5;161m[0355a924][0m[38;5;86m[HTTP][0m <-- GET /wd/hub/session/0355a924-f971-4c08-b743-d059b788f822/element/00000000-0000-009d-0000-00a200000007/text 200 3 ms - 67 
[38;5;161m[0355a924][0m[38;5;86m[HTTP][0m [37m-->[39m [37mPOST[39m [37m/wd/hub/session/0355a924-f971-4c08-b743-d059b788f822/timeouts[39m {"implicit":50}
[38;5;161m[0355a924][0m[38;5;86m[HTTP][0m <-- POST /wd/hub/session/0355a924-f971-4c08-b743-d059b788f822/timeouts 200 0 ms - 14 
[38;5;161m[0355a924][0m[38;5;86m[HTTP][0m [37m-->[39m [37mGET[39m [37m/wd/hub/session/0355a924-f971-4c08-b743-d059b788f822/window/rect[39m {}
[38;5;161m[0355a924][0m[38;5;86m[HTTP][0m <-- GET /wd/hub/session/0355a924-f971-4c08-b743-d059b788f822/window/rect 200 2 ms - 50 
[38;5;161m[0355a924][0m[38;5;86m[HTTP][0m [37m-->[39m [37mPOST[39m [37m/wd/hub/session/0355a924-f971-4c08-b743-d059b788f822/elements[39m {"using":"xpath","value":"//*[@class = 'android.view.View' and (@text = 'Home' or . = 'Home')]"}
[38;5;161m[0355a924][0m[38;5;86m[HTTP][0m <-- POST /wd/hub/session/0355a924-f971-4c08-b743-d059b788f822/elements 200 25 ms - 139 
[38;5;161m[0355a924][0m[38;5;86m[HTTP][0m [37m-->[39m [37mGET[39m [37m/wd/hub/session/0355a924-f971-4c08-b743-d059b788f822/element/00000000-0000-009d-0000-00a200000007/rect[39m {}
[38;5;161m[0355a924][0m[38;5;-166m[AndroidUiautomator2Driver@12db][0m Driver proxy active, passing request on via HTTP proxy
[38;5;161m[0355a924][0m[38;5;-166m[AndroidUiautomator2Driver@12db][0m Replacing sessionId be044dc0-ecfa-4d3f-8989-58796796a695 with 0355a924-f971-4c08-b743-d059b788f822
[38;5;161m[0355a924][0m[38;5;86m[HTTP][0m <-- GET /wd/hub/session/0355a924-f971-4c08-b743-d059b788f822/element/00000000-0000-009d-0000-00a200000007/rect 200 4 ms - 104 
[38;5;161m[0355a924][0m[38;5;86m[HTTP][0m [37m-->[39m [37mPOST[39m [37m/wd/hub/session/0355a924-f971-4c08-b743-d059b788f822/timeouts[39m {"implicit":30000}
[38;5;161m[0355a924][0m[38;5;86m[HTTP][0m <-- POST /wd/hub/session/0355a924-f971-4c08-b743-d059b788f822/timeouts 200 0 ms - 14 
[38;5;161m[0355a924][0m[38;5;86m[HTTP][0m [37m-->[39m [37mPOST[39m [37m/wd/hub/session/0355a924-f971-4c08-b743-d059b788f822/element/00000000-0000-009d-0000-00a200000007/click[39m {"id":"00000000-0000-009d-0000-00a200000007"}
[38;5;161m[0355a924][0m[38;5;86m[HTTP][0m <-- POST /wd/hub/session/0355a924-f971-4c08-b743-d059b788f822/element/00000000-0000-009d-0000-00a200000007/click 200 35 ms - 14 
[38;5;161m[0355a924][0m[38;5;86m[HTTP][0m [37m-->[39m [37mPOST[39m [37m/wd/hub/session/0355a924-f971-4c08-b743-d059b788f822/timeouts[39m {"implicit":50}
[38;5;161m[0355a924][0m[38;5;86m[HTTP][0m <-- POST /wd/hub/session/0355a924-f971-4c08-b743-d059b788f822/timeouts 200 1 ms - 14 
[38;5;161m[0355a924][0m[38;5;86m[HTTP][0m [37m-->[39m [37mGET[39m [37m/wd/hub/session/0355a924-f971-4c08-b743-d059b788f822/window/rect[39m {}
[38;5;161m[0355a924][0m[38;5;86m[HTTP][0m <-- GET /wd/hub/session/0355a924-f971-4c08-b743-d059b788f822/window/rect 200 10 ms - 50 
[38;5;161m[0355a924][0m[38;5;86m[HTTP][0m [37m-->[39m [37mPOST[39m [37m/wd/hub/session/0355a924-f971-4c08-b743-d059b788f822/elements[39m {"using":"xpath","value":"//*[@class = 'android.widget.Button' and (@text = 'menu' or . = 'menu')]"}
[38;5;161m[0355a924][0m[38;5;86m[HTTP][0m <-- POST /wd/hub/session/0355a924-f971-4c08-b743-d059b788f822/elements 200 74 ms - 139 
[38;5;161m[0355a924][0m[38;5;86m[HTTP][0m [37m-->[39m [37mGET[39m [37m/wd/hub/session/0355a924-f971-4c08-b743-d059b788f822/element/00000000-0000-009d-0000-013400000007/rect[39m {}
[38;5;161m[0355a924][0m[38;5;-166m[AndroidUiautomator2Driver@12db][0m Driver proxy active, passing request on via HTTP proxy
[38;5;161m[0355a924][0m[38;5;-166m[AndroidUiautomator2Driver@12db][0m Replacing sessionId be044dc0-ecfa-4d3f-8989-58796796a695 with 0355a924-f971-4c08-b743-d059b788f822
[38;5;161m[0355a924][0m[38;5;86m[HTTP][0m <-- GET /wd/hub/session/0355a924-f971-4c08-b743-d059b788f822/element/00000000-0000-009d-0000-013400000007/rect 200 4 ms - 99 
[38;5;161m[0355a924][0m[38;5;86m[HTTP][0m [37m-->[39m [37mPOST[39m [37m/wd/hub/session/0355a924-f971-4c08-b743-d059b788f822/timeouts[39m {"implicit":30000}
[38;5;161m[0355a924][0m[38;5;86m[HTTP][0m <-- POST /wd/hub/session/0355a924-f971-4c08-b743-d059b788f822/timeouts 200 0 ms - 14 
[38;5;161m[0355a924][0m[38;5;86m[HTTP][0m [37m-->[39m [37mPOST[39m [37m/wd/hub/session/0355a924-f971-4c08-b743-d059b788f822/element/00000000-0000-009d-0000-013400000007/click[39m {"id":"00000000-0000-009d-0000-013400000007"}
[38;5;161m[0355a924][0m[38;5;86m[HTTP][0m <-- POST /wd/hub/session/0355a924-f971-4c08-b743-d059b788f822/element/00000000-0000-009d-0000-013400000007/click 200 34 ms - 14 
[38;5;161m[0355a924][0m[38;5;86m[HTTP][0m [37m-->[39m [37mPOST[39m [37m/wd/hub/session/0355a924-f971-4c08-b743-d059b788f822/timeouts[39m {"implicit":50}
[38;5;161m[0355a924][0m[38;5;86m[HTTP][0m <-- POST /wd/hub/session/0355a924-f971-4c08-b743-d059b788f822/timeouts 200 1 ms - 14 
[38;5;161m[0355a924][0m[38;5;86m[HTTP][0m [37m-->[39m [37mGET[39m [37m/wd/hub/session/0355a924-f971-4c08-b743-d059b788f822/window/rect[39m {}
[38;5;161m[0355a924][0m[38;5;86m[HTTP][0m <-- GET /wd/hub/session/0355a924-f971-4c08-b743-d059b788f822/window/rect 200 4 ms - 50 
[38;5;161m[0355a924][0m[38;5;86m[HTTP][0m [37m-->[39m [37mPOST[39m [37m/wd/hub/session/0355a924-f971-4c08-b743-d059b788f822/elements[39m {"using":"xpath","value":"//android.widget.TabWidget[@index='1' and @package='com.westgate.rewrite2']"}
[38;5;161m[0355a924][0m[38;5;86m[HTTP][0m <-- POST /wd/hub/session/0355a924-f971-4c08-b743-d059b788f822/elements 200 33 ms - 139 
[38;5;161m[0355a924][0m[38;5;86m[HTTP][0m [37m-->[39m [37mGET[39m [37m/wd/hub/session/0355a924-f971-4c08-b743-d059b788f822/element/00000000-0000-009d-0000-010300000007/rect[39m {}
[38;5;161m[0355a924][0m[38;5;-166m[AndroidUiautomator2Driver@12db][0m Driver proxy active, passing request on via HTTP proxy
[38;5;161m[0355a924][0m[38;5;-166m[AndroidUiautomator2Driver@12db][0m Replacing sessionId be044dc0-ecfa-4d3f-8989-58796796a695 with 0355a924-f971-4c08-b743-d059b788f822
[38;5;161m[0355a924][0m[38;5;86m[HTTP][0m <-- GET /wd/hub/session/0355a924-f971-4c08-b743-d059b788f822/element/00000000-0000-009d-0000-010300000007/rect 200 5 ms - 103 
[38;5;161m[0355a924][0m[38;5;86m[HTTP][0m [37m-->[39m [37mPOST[39m [37m/wd/hub/session/0355a924-f971-4c08-b743-d059b788f822/timeouts[39m {"implicit":30000}
[38;5;161m[0355a924][0m[38;5;86m[HTTP][0m <-- POST /wd/hub/session/0355a924-f971-4c08-b743-d059b788f822/timeouts 200 0 ms - 14 
[38;5;161m[0355a924][0m[38;5;86m[HTTP][0m [37m-->[39m [37mPOST[39m [37m/wd/hub/session/0355a924-f971-4c08-b743-d059b788f822/element/00000000-0000-009d-0000-010300000007/click[39m {"id":"00000000-0000-009d-0000-010300000007"}
[38;5;161m[0355a924][0m[38;5;86m[HTTP][0m <-- POST /wd/hub/session/0355a924-f971-4c08-b743-d059b788f822/element/00000000-0000-009d-0000-010300000007/click 200 48 ms - 14 
[38;5;161m[0355a924][0m[38;5;86m[HTTP][0m [37m-->[39m [37mPOST[39m [37m/wd/hub/session/0355a924-f971-4c08-b743-d059b788f822/timeouts[39m {"implicit":50}
[38;5;161m[0355a924][0m[38;5;86m[HTTP][0m <-- POST /wd/hub/session/0355a924-f971-4c08-b743-d059b788f822/timeouts 200 1 ms - 14 
[38;5;161m[0355a924][0m[38;5;86m[HTTP][0m [37m-->[39m [37mGET[39m [37m/wd/hub/session/0355a924-f971-4c08-b743-d059b788f822/window/rect[39m {}
[38;5;161m[0355a924][0m[38;5;86m[HTTP][0m <-- GET /wd/hub/session/0355a924-f971-4c08-b743-d059b788f822/window/rect 200 11 ms - 50 
[38;5;161m[0355a924][0m[38;5;86m[HTTP][0m [37m-->[39m [37mPOST[39m [37m/wd/hub/session/0355a924-f971-4c08-b743-d059b788f822/elements[39m {"using":"xpath","value":"//*[@class = 'android.widget.Button' and (@text = 'Version 2.81.111' or . = 'Version 2.81.111')]"}
[38;5;161m[0355a924][0m[38;5;86m[HTTP][0m <-- POST /wd/hub/session/0355a924-f971-4c08-b743-d059b788f822/elements 200 47 ms - 139 
[38;5;161m[0355a924][0m[38;5;86m[HTTP][0m [37m-->[39m [37mGET[39m [37m/wd/hub/session/0355a924-f971-4c08-b743-d059b788f822/element/00000000-0000-009d-0000-027800000007/rect[39m {}
[38;5;161m[0355a924][0m[38;5;-166m[AndroidUiautomator2Driver@12db][0m Driver proxy active, passing request on via HTTP proxy
[38;5;161m[0355a924][0m[38;5;-166m[AndroidUiautomator2Driver@12db][0m Replacing sessionId be044dc0-ecfa-4d3f-8989-58796796a695 with 0355a924-f971-4c08-b743-d059b788f822
[38;5;161m[0355a924][0m[38;5;86m[HTTP][0m <-- GET /wd/hub/session/0355a924-f971-4c08-b743-d059b788f822/element/00000000-0000-009d-0000-027800000007/rect 200 6 ms - 102 
[38;5;161m[0355a924][0m[38;5;86m[HTTP][0m [37m-->[39m [37mPOST[39m [37m/wd/hub/session/0355a924-f971-4c08-b743-d059b788f822/timeouts[39m {"implicit":30000}
[38;5;161m[0355a924][0m[38;5;86m[HTTP][0m <-- POST /wd/hub/session/0355a924-f971-4c08-b743-d059b788f822/timeouts 200 1 ms - 14 
[38;5;161m[0355a924][0m[38;5;86m[HTTP][0m [37m-->[39m [37mGET[39m [37m/wd/hub/session/0355a924-f971-4c08-b743-d059b788f822/element/00000000-0000-009d-0000-027800000007/text[39m {}
[38;5;161m[0355a924][0m[38;5;-166m[AndroidUiautomator2Driver@12db][0m Driver proxy active, passing request on via HTTP proxy
[38;5;161m[0355a924][0m[38;5;-166m[AndroidUiautomator2Driver@12db][0m Replacing sessionId be044dc0-ecfa-4d3f-8989-58796796a695 with 0355a924-f971-4c08-b743-d059b788f822
[38;5;161m[0355a924][0m[38;5;86m[HTTP][0m <-- GET /wd/hub/session/0355a924-f971-4c08-b743-d059b788f822/element/00000000-0000-009d-0000-027800000007/text 200 5 ms - 79 
[38;5;161m[0355a924][0m[38;5;86m[HTTP][0m [37m-->[39m [37mPOST[39m [37m/wd/hub/session/0355a924-f971-4c08-b743-d059b788f822/timeouts[39m {"implicit":50}
[38;5;161m[0355a924][0m[38;5;86m[HTTP][0m <-- POST /wd/hub/session/0355a924-f971-4c08-b743-d059b788f822/timeouts 200 0 ms - 14 
[38;5;161m[0355a924][0m[38;5;86m[HTTP][0m [37m-->[39m [37mGET[39m [37m/wd/hub/session/0355a924-f971-4c08-b743-d059b788f822/window/rect[39m {}
[38;5;161m[0355a924][0m[38;5;86m[HTTP][0m <-- GET /wd/hub/session/0355a924-f971-4c08-b743-d059b788f822/window/rect 200 4 ms - 50 
[38;5;161m[0355a924][0m[38;5;86m[HTTP][0m [37m-->[39m [37mPOST[39m [37m/wd/hub/session/0355a924-f971-4c08-b743-d059b788f822/elements[39m {"using":"xpath","value":"//*[@class = 'android.widget.Button' and (@text = 'Version 2.81.111' or . = 'Version 2.81.111')]"}
[38;5;161m[0355a924][0m[38;5;86m[HTTP][0m <-- POST /wd/hub/session/0355a924-f971-4c08-b743-d059b788f822/elements 200 25 ms - 139 
[38;5;161m[0355a924][0m[38;5;86m[HTTP][0m [37m-->[39m [37mGET[39m [37m/wd/hub/session/0355a924-f971-4c08-b743-d059b788f822/element/00000000-0000-009d-0000-027800000007/rect[39m {}
[38;5;161m[0355a924][0m[38;5;-166m[AndroidUiautomator2Driver@12db][0m Driver proxy active, passing request on via HTTP proxy
[38;5;161m[0355a924][0m[38;5;-166m[AndroidUiautomator2Driver@12db][0m Replacing sessionId be044dc0-ecfa-4d3f-8989-58796796a695 with 0355a924-f971-4c08-b743-d059b788f822
[38;5;161m[0355a924][0m[38;5;86m[HTTP][0m <-- GET /wd/hub/session/0355a924-f971-4c08-b743-d059b788f822/element/00000000-0000-009d-0000-027800000007/rect 200 4 ms - 102 
[38;5;161m[0355a924][0m[38;5;86m[HTTP][0m [37m-->[39m [37mPOST[39m [37m/wd/hub/session/0355a924-f971-4c08-b743-d059b788f822/timeouts[39m {"implicit":30000}
[38;5;161m[0355a924][0m[38;5;86m[HTTP][0m <-- POST /wd/hub/session/0355a924-f971-4c08-b743-d059b788f822/timeouts 200 0 ms - 14 
[38;5;161m[0355a924][0m[38;5;86m[HTTP][0m [37m-->[39m [37mGET[39m [37m/wd/hub/session/0355a924-f971-4c08-b743-d059b788f822/context[39m {}
[38;5;161m[0355a924][0m[38;5;86m[HTTP][0m <-- GET /wd/hub/session/0355a924-f971-4c08-b743-d059b788f822/context 200 0 ms - 22 
[38;5;161m[0355a924][0m[38;5;86m[HTTP][0m [37m-->[39m [37mGET[39m [37m/wd/hub/session/0355a924-f971-4c08-b743-d059b788f822/contexts[39m {}
[38;5;161m[0355a924][0m[38;5;86m[HTTP][0m <-- GET /wd/hub/session/0355a924-f971-4c08-b743-d059b788f822/contexts 200 128 ms - 41 
[38;5;161m[0355a924][0m[38;5;86m[HTTP][0m [37m-->[39m [37mPOST[39m [37m/wd/hub/session/0355a924-f971-4c08-b743-d059b788f822/context[39m {"name":"NATIVE_APP"}
[38;5;161m[0355a924][0m[38;5;86m[HTTP][0m <-- POST /wd/hub/session/0355a924-f971-4c08-b743-d059b788f822/context 200 0 ms - 14 
[38;5;161m[0355a924][0m[38;5;86m[HTTP][0m [37m-->[39m [37mPOST[39m [37m/wd/hub/session/0355a924-f971-4c08-b743-d059b788f822/execute/sync[39m {"args":[],"script":"mobile: getCurrentPackage"}
[38;5;161m[0355a924][0m[38;5;86m[HTTP][0m <-- POST /wd/hub/session/0355a924-f971-4c08-b743-d059b788f822/execute/sync 200 51 ms - 33 
[38;5;161m[0355a924][0m[38;5;86m[HTTP][0m [37m-->[39m [37mPOST[39m [37m/wd/hub/session/0355a924-f971-4c08-b743-d059b788f822/execute/sync[39m {"args":[{"appId":"com.westgate.rewrite2","bundleId":"com.westgate.rewrite2"}],"script":"mobile: terminateApp"}
[38;5;161m[0355a924][0m[38;5;123m[BaseDriver][0m The following script arguments are not known and will be ignored: bundleId
[38;5;161m[0355a924][0m[38;5;-166m[AndroidUiautomator2Driver@12db][0m Terminating 'com.westgate.rewrite2'
[38;5;161m[0355a924][0m[38;5;-166m[AndroidUiautomator2Driver@12db][0m Querying the state of 'com.westgate.rewrite2'
[38;5;161m[0355a924][0m[38;5;-166m[AndroidUiautomator2Driver@12db][0m 'com.westgate.rewrite2' has been successfully terminated
[38;5;161m[0355a924][0m[38;5;86m[HTTP][0m <-- POST /wd/hub/session/0355a924-f971-4c08-b743-d059b788f822/execute/sync 200 270 ms - 14 
[38;5;161m[0355a924][0m[38;5;86m[HTTP][0m [37m-->[39m [37mPOST[39m [37m/wd/hub/session/0355a924-f971-4c08-b743-d059b788f822/context[39m {"name":"NATIVE_APP"}
[38;5;161m[0355a924][0m[38;5;86m[HTTP][0m <-- POST /wd/hub/session/0355a924-f971-4c08-b743-d059b788f822/context 200 0 ms - 14 
[38;5;161m[0355a924][0m[38;5;86m[HTTP][0m [37m-->[39m [37mDELETE[39m [37m/wd/hub/session/0355a924-f971-4c08-b743-d059b788f822[39m {}
[38;5;161m[0355a924][0m[38;5;81m[AppiumDriver@21bb][0m Removing session 0355a924-f971-4c08-b743-d059b788f822 from our master session list
[38;5;161m[0355a924][0m[38;5;229m[ADB][0m com.westgate.rewrite2 was successfully uninstalled
[38;5;161m[0355a924][0m[38;5;-166m[AndroidUiautomator2Driver@12db][0m Restoring hidden api policy to the device default configuration
[38;5;161m[0355a924][0m[38;5;86m[HTTP][0m <-- DELETE /wd/hub/session/0355a924-f971-4c08-b743-d059b788f822 200 1031 ms - 14 
[38;5;112m[Appium][0m Received SIGTERM - shutting down
[38;5;81m[AppiumDriver@21bb][0m Ending session, cause was 'The process has received SIGTERM signal'
[38;5;81m[AppiumDriver@21bb][0m Removing session '82605108-8f16-4f30-a7be-77de991e90ee' from our master session list
[38;5;-53m[AndroidUiautomator2Driver@024f][0m Did not get the confirmation of UiAutomator2 server session deletion. Original error: An unknown server-side error occurred while processing the command. Original error: 'DELETE /' cannot be proxied to UiAutomator2 server because the instrumentation process is not running (probably crashed). Check the server log and/or the logcat output for more details
[38;5;229m[ADB][0m com.westgate.rewrite2 was not uninstalled, because it was not present on the device
[38;5;-53m[AndroidUiautomator2Driver@024f][0m Restoring hidden api policy to the device default configuration
[38;5;86m[HTTP][0m Closing Appium HTTP server
[38;5;86m[HTTP][0m Appium HTTP server has been succesfully closed after 0ms
