[38;5;112m[Appium][0m Welcome to Appium v2.16.0 (REV f1041842141f20bc701b522d4371d7843d905580)
[38;5;112m[Appium][0m Non-default server args:
[38;5;112m[Appium][0m { basePath: [32m'/wd/hub'[39m, loglevel: [32m'info'[39m, port: [33m53088[39m }
[38;5;112m[Appium][0m Attempting to load driver uiautomator2...
[38;5;112m[Appium][0m Appium REST http interface listener started on http://0.0.0.0:53088/wd/hub
[38;5;112m[Appium][0m You can provide the following URLs in your client code to connect to this server:
	http://127.0.0.1:53088/wd/hub (only accessible from the same host)
	http://192.168.0.106:53088/wd/hub
[38;5;112m[Appium][0m Available drivers:
[38;5;112m[Appium][0m   - uiautomator2@4.1.5 (automationName 'UiAutomator2')
[38;5;112m[Appium][0m No plugins have been installed. Use the "appium plugin" command to install the one(s) you want to use.
[38;5;86m[HTTP][0m [37m-->[39m [37mGET[39m [37m/wd/hub/status[39m {}
[38;5;86m[HTTP][0m <-- GET /wd/hub/status 200 2 ms - 200 
[38;5;86m[HTTP][0m [37m-->[39m [37mPOST[39m [37m/wd/hub/session[39m {"capabilities":{"firstMatch":[{"appium:app":"/Users/gv.vignesh/Downloads/WGR-Android-Automation/App Folder/universal.apk","appium:autoGrantPermissions":true,"appium:automationName":"uiautomator2","appium:deviceId":"","appium:deviceName":"emulator-5554 (sdk_gphone64_arm64 - Android 16)","appium:fullReset":true,"appium:newCommandTimeout":1800,"appium:noReset":false,"appium:platformName":"ANDROID","appium:platformVersion":"16","appium:systemPort":53087,"appium:udid":"emulator-5554","platformName":"ANDROID"}]},"desiredCapabilities":{"appium:app":"/Users/gv.vignesh/Downloads/WGR-Android-Automation/App Folder/universal.apk","appium:autoGrantPermissions":true,"appium:automationName":"uiautomator2","appium:deviceId":"","appium:deviceName":"emulator-5554 (sdk_gphone64_arm64 - Android 16)","appium:fullReset":true,"appium:newCommandTimeout":1800,"appium:noReset":false,"appium:platformName":"ANDROID","appium:platformVersion":"16","appium:systemPort":53087,"appium:udid":"emulator-5554"}}
[38;5;123m[BaseDriver][0m Ignoring capability 'appium:platformName=ANDROID' and using capability 'platformName=ANDROID'
[38;5;123m[BaseDriver][0m The capabilities ["platformName"] are standard capabilities and do not require "appium:" prefix
[38;5;112m[Appium][0m Attempting to find matching driver for automationName 'uiautomator2' and platformName 'ANDROID'
[38;5;112m[Appium][0m The 'uiautomator2' driver was installed and matched caps.
[38;5;112m[Appium][0m Will require it at /Users/gv.vignesh/.appium/node_modules/appium-uiautomator2-driver
[38;5;186m[AppiumDriver@d9a4][0m Appium v2.16.0 creating new AndroidUiautomator2Driver (v4.1.5) session
[38;5;186m[AppiumDriver@d9a4][0m Checking BaseDriver versions for Appium and AndroidUiautomator2Driver
[38;5;186m[AppiumDriver@d9a4][0m Appium's BaseDriver version is 9.16.4
[38;5;186m[AppiumDriver@d9a4][0m AndroidUiautomator2Driver's BaseDriver version is 9.16.4
[38;5;-27m[AndroidUiautomator2Driver@336d][0m The following provided capabilities were not recognized by this driver:
[38;5;-27m[AndroidUiautomator2Driver@336d][0m   deviceId
[38;5;25m[4adbc2e8][0m[38;5;-27m[AndroidUiautomator2Driver@336d][0m Session created with session id: 4adbc2e8-cea6-45ff-95f5-5943958d88a2
[38;5;25m[4adbc2e8][0m[38;5;229m[ADB][0m Found 1 'build-tools' folders under '/Users/gv.vignesh/.katalon/tools/android_sdk' (newest first):
[38;5;25m[4adbc2e8][0m[38;5;229m[ADB][0m     /Users/gv.vignesh/.katalon/tools/android_sdk/build-tools/29.0.3
[38;5;25m[4adbc2e8][0m[38;5;229m[ADB][0m Using 'adb' from '/Users/gv.vignesh/.katalon/tools/android_sdk/platform-tools/adb'
[38;5;25m[4adbc2e8][0m[38;5;-27m[AndroidUiautomator2Driver@336d][0m Retrieving device list
[38;5;25m[4adbc2e8][0m[38;5;-27m[AndroidUiautomator2Driver@336d][0m Using device: emulator-5554
[38;5;25m[4adbc2e8][0m[38;5;229m[ADB][0m Using 'adb' from '/Users/gv.vignesh/.katalon/tools/android_sdk/platform-tools/adb'
[38;5;25m[4adbc2e8][0m[38;5;123m[BaseDriver][0m Using local app '/Users/gv.vignesh/Downloads/WGR-Android-Automation/App Folder/universal.apk'
[38;5;25m[4adbc2e8][0m[38;5;229m[ADB][0m Getting device platform version
[38;5;25m[4adbc2e8][0m[38;5;-27m[AndroidUiautomator2Driver@336d][0m Relaxing hidden api policy
[38;5;25m[4adbc2e8][0m[38;5;229m[ADB][0m Using 'aapt2' from '/Users/gv.vignesh/.katalon/tools/android_sdk/build-tools/29.0.3/aapt2'
[38;5;25m[4adbc2e8][0m[38;5;229m[ADB][0m Package name: 'com.westgate.rewrite2'
[38;5;25m[4adbc2e8][0m[38;5;229m[ADB][0m Main activity name: 'com.westgate.rewrite2.MainActivity'
[38;5;25m[4adbc2e8][0m[38;5;229m[ADB][0m Using 'apksigner.jar' from '/Users/gv.vignesh/.katalon/tools/android_sdk/build-tools/29.0.3/lib/apksigner.jar'
[38;5;25m[4adbc2e8][0m[38;5;-27m[AndroidUiautomator2Driver@336d][0m Server packages are not going to be (re)installed
[38;5;25m[4adbc2e8][0m[38;5;229m[ADB][0m Adding packages ["io.appium.settings","io.appium.uiautomator2.server","io.appium.uiautomator2.server.test"] to Doze whitelist
[38;5;25m[4adbc2e8][0m[38;5;229m[ADB][0m '/Users/gv.vignesh/Downloads/WGR-Android-Automation/App Folder/universal.apk' is signed with a non-default certificate
[38;5;25m[4adbc2e8][0m[38;5;229m[ADB][0m com.westgate.rewrite2 was not uninstalled, because it was not present on the device
[38;5;25m[4adbc2e8][0m[38;5;229m[ADB][0m The application at '/Users/gv.vignesh/Downloads/WGR-Android-Automation/App Folder/universal.apk' will not be cached, because the device under test has confirmed the support of streamed installs
[38;5;25m[4adbc2e8][0m[38;5;229m[ADB][0m The installation of 'universal.apk' took 688ms
[38;5;25m[4adbc2e8][0m[38;5;-27m[AndroidUiautomator2Driver@336d][0m Starting UIAutomator2 server 7.3.0
[38;5;25m[4adbc2e8][0m[38;5;-27m[AndroidUiautomator2Driver@336d][0m Using UIAutomator2 server from '/Users/gv.vignesh/.appium/node_modules/appium-uiautomator2-driver/node_modules/appium-uiautomator2-server/apks/appium-uiautomator2-server-v7.3.0.apk' and test from '/Users/gv.vignesh/.appium/node_modules/appium-uiautomator2-driver/node_modules/appium-uiautomator2-server/apks/appium-uiautomator2-server-debug-androidTest.apk'
[38;5;25m[4adbc2e8][0m[38;5;-27m[AndroidUiautomator2Driver@336d][0m Waiting up to 30000ms for UiAutomator2 to be online...
[38;5;25m[4adbc2e8][0m[38;5;-27m[AndroidUiautomator2Driver@336d][0m socket hang up
[38;5;25m[4adbc2e8][0m[38;5;-27m[AndroidUiautomator2Driver@336d][0m socket hang up
[38;5;25m[4adbc2e8][0m[38;5;-27m[AndroidUiautomator2Driver@336d][0m Determined the downstream protocol as 'W3C'
[38;5;25m[4adbc2e8][0m[38;5;-27m[AndroidUiautomator2Driver@336d][0m Screen already unlocked, doing nothing
[38;5;25m[4adbc2e8][0m[38;5;-27m[AndroidUiautomator2Driver@336d][0m Starting 'com.westgate.rewrite2/com.westgate.rewrite2.MainActivity' and waiting for 'com.westgate.rewrite2/com.westgate.rewrite2.MainActivity'
[38;5;25m[4adbc2e8][0m[38;5;186m[AppiumDriver@d9a4][0m New AndroidUiautomator2Driver session created successfully, session 4adbc2e8-cea6-45ff-95f5-5943958d88a2 added to master session list
[38;5;25m[4adbc2e8][0m[38;5;86m[HTTP][0m <-- POST /wd/hub/session 200 8143 ms - 1350 
[38;5;86m[HTTP][0m [37m-->[39m [37mGET[39m [37m/wd/hub/status[39m {}
[38;5;86m[HTTP][0m <-- GET /wd/hub/status 200 1 ms - 200 
[38;5;25m[4adbc2e8][0m[38;5;86m[HTTP][0m [37m-->[39m [37mPOST[39m [37m/wd/hub/session/4adbc2e8-cea6-45ff-95f5-5943958d88a2/timeouts[39m {"implicit":30000}
[38;5;25m[4adbc2e8][0m[38;5;86m[HTTP][0m <-- POST /wd/hub/session/4adbc2e8-cea6-45ff-95f5-5943958d88a2/timeouts 200 2 ms - 14 
[38;5;25m[4adbc2e8][0m[38;5;86m[HTTP][0m [37m-->[39m [37mPOST[39m [37m/wd/hub/session/4adbc2e8-cea6-45ff-95f5-5943958d88a2/execute/sync[39m {"args":[],"script":"mobile: getSystemBars"}
[38;5;25m[4adbc2e8][0m[38;5;-27m[AndroidUiautomator2Driver@336d][0m No windows have been found whose title matches to 'NavigationBar'. Assuming it is invisible. Only the following windows are available: ScreenDecorOverlayBottom,ScreenDecorOverlay,EdgeBackGestureHandler0,Taskbar,NotificationShade,StatusBar,ShellDropTarget,InputMethod
[38;5;25m[4adbc2e8][0m[38;5;86m[HTTP][0m <-- POST /wd/hub/session/4adbc2e8-cea6-45ff-95f5-5943958d88a2/execute/sync 200 102 ms - 144 
[38;5;25m[4adbc2e8][0m[38;5;86m[HTTP][0m [37m-->[39m [37mPOST[39m [37m/wd/hub/session/4adbc2e8-cea6-45ff-95f5-5943958d88a2/timeouts[39m {"implicit":50}
[38;5;25m[4adbc2e8][0m[38;5;86m[HTTP][0m <-- POST /wd/hub/session/4adbc2e8-cea6-45ff-95f5-5943958d88a2/timeouts 200 1 ms - 14 
[38;5;25m[4adbc2e8][0m[38;5;86m[HTTP][0m [37m-->[39m [37mGET[39m [37m/wd/hub/session/4adbc2e8-cea6-45ff-95f5-5943958d88a2/window/rect[39m {}
[38;5;25m[4adbc2e8][0m[38;5;86m[HTTP][0m <-- GET /wd/hub/session/4adbc2e8-cea6-45ff-95f5-5943958d88a2/window/rect 200 9 ms - 50 
[38;5;25m[4adbc2e8][0m[38;5;86m[HTTP][0m [37m-->[39m [37mPOST[39m [37m/wd/hub/session/4adbc2e8-cea6-45ff-95f5-5943958d88a2/elements[39m {"value":"//*[@class = 'android.widget.Button' and (@text = 'Login or Sign Up' or . = 'Login or Sign Up')]","using":"xpath"}
[38;5;25m[4adbc2e8][0m[38;5;86m[HTTP][0m <-- POST /wd/hub/session/4adbc2e8-cea6-45ff-95f5-5943958d88a2/elements 200 156 ms - 139 
[38;5;25m[4adbc2e8][0m[38;5;86m[HTTP][0m [37m-->[39m [37mGET[39m [37m/wd/hub/session/4adbc2e8-cea6-45ff-95f5-5943958d88a2/element/00000000-0000-001a-0000-00ab00000007/rect[39m {}
[38;5;25m[4adbc2e8][0m[38;5;-27m[AndroidUiautomator2Driver@336d][0m Driver proxy active, passing request on via HTTP proxy
[38;5;25m[4adbc2e8][0m[38;5;-27m[AndroidUiautomator2Driver@336d][0m Replacing sessionId 0e796e72-adb8-41ad-a68e-89e2219edf13 with 4adbc2e8-cea6-45ff-95f5-5943958d88a2
[38;5;25m[4adbc2e8][0m[38;5;86m[HTTP][0m <-- GET /wd/hub/session/4adbc2e8-cea6-45ff-95f5-5943958d88a2/element/00000000-0000-001a-0000-00ab00000007/rect 200 8 ms - 103 
[38;5;25m[4adbc2e8][0m[38;5;86m[HTTP][0m [37m-->[39m [37mPOST[39m [37m/wd/hub/session/4adbc2e8-cea6-45ff-95f5-5943958d88a2/timeouts[39m {"implicit":30000}
[38;5;25m[4adbc2e8][0m[38;5;86m[HTTP][0m <-- POST /wd/hub/session/4adbc2e8-cea6-45ff-95f5-5943958d88a2/timeouts 200 1 ms - 14 
[38;5;25m[4adbc2e8][0m[38;5;86m[HTTP][0m [37m-->[39m [37mPOST[39m [37m/wd/hub/session/4adbc2e8-cea6-45ff-95f5-5943958d88a2/element/00000000-0000-001a-0000-00ab00000007/click[39m {"id":"00000000-0000-001a-0000-00ab00000007"}
[38;5;25m[4adbc2e8][0m[38;5;86m[HTTP][0m <-- POST /wd/hub/session/4adbc2e8-cea6-45ff-95f5-5943958d88a2/element/00000000-0000-001a-0000-00ab00000007/click 200 59 ms - 14 
[38;5;25m[4adbc2e8][0m[38;5;86m[HTTP][0m [37m-->[39m [37mPOST[39m [37m/wd/hub/session/4adbc2e8-cea6-45ff-95f5-5943958d88a2/timeouts[39m {"implicit":50}
[38;5;25m[4adbc2e8][0m[38;5;86m[HTTP][0m <-- POST /wd/hub/session/4adbc2e8-cea6-45ff-95f5-5943958d88a2/timeouts 200 1 ms - 14 
[38;5;25m[4adbc2e8][0m[38;5;86m[HTTP][0m [37m-->[39m [37mGET[39m [37m/wd/hub/session/4adbc2e8-cea6-45ff-95f5-5943958d88a2/window/rect[39m {}
[38;5;25m[4adbc2e8][0m[38;5;86m[HTTP][0m <-- GET /wd/hub/session/4adbc2e8-cea6-45ff-95f5-5943958d88a2/window/rect 200 11 ms - 50 
[38;5;25m[4adbc2e8][0m[38;5;86m[HTTP][0m [37m-->[39m [37mPOST[39m [37m/wd/hub/session/4adbc2e8-cea6-45ff-95f5-5943958d88a2/elements[39m {"value":"//*[@class = 'android.widget.EditText' and (@text = '' or . = '')]","using":"xpath"}
[38;5;25m[4adbc2e8][0m[38;5;86m[HTTP][0m <-- POST /wd/hub/session/4adbc2e8-cea6-45ff-95f5-5943958d88a2/elements 200 57 ms - 139 
[38;5;25m[4adbc2e8][0m[38;5;86m[HTTP][0m [37m-->[39m [37mGET[39m [37m/wd/hub/session/4adbc2e8-cea6-45ff-95f5-5943958d88a2/element/00000000-0000-001a-0000-00e400000007/rect[39m {}
[38;5;25m[4adbc2e8][0m[38;5;-27m[AndroidUiautomator2Driver@336d][0m Driver proxy active, passing request on via HTTP proxy
[38;5;25m[4adbc2e8][0m[38;5;-27m[AndroidUiautomator2Driver@336d][0m Replacing sessionId 0e796e72-adb8-41ad-a68e-89e2219edf13 with 4adbc2e8-cea6-45ff-95f5-5943958d88a2
[38;5;25m[4adbc2e8][0m[38;5;86m[HTTP][0m <-- GET /wd/hub/session/4adbc2e8-cea6-45ff-95f5-5943958d88a2/element/00000000-0000-001a-0000-00e400000007/rect 200 6 ms - 103 
[38;5;25m[4adbc2e8][0m[38;5;86m[HTTP][0m [37m-->[39m [37mPOST[39m [37m/wd/hub/session/4adbc2e8-cea6-45ff-95f5-5943958d88a2/timeouts[39m {"implicit":30000}
[38;5;25m[4adbc2e8][0m[38;5;86m[HTTP][0m <-- POST /wd/hub/session/4adbc2e8-cea6-45ff-95f5-5943958d88a2/timeouts 200 0 ms - 14 
[38;5;25m[4adbc2e8][0m[38;5;86m[HTTP][0m [37m-->[39m [37mPOST[39m [37m/wd/hub/session/4adbc2e8-cea6-45ff-95f5-5943958d88a2/element/00000000-0000-001a-0000-00e400000007/clear[39m {"id":"00000000-0000-001a-0000-00e400000007"}
[38;5;25m[4adbc2e8][0m[38;5;86m[HTTP][0m <-- POST /wd/hub/session/4adbc2e8-cea6-45ff-95f5-5943958d88a2/element/00000000-0000-001a-0000-00e400000007/clear 200 6 ms - 14 
[38;5;25m[4adbc2e8][0m[38;5;86m[HTTP][0m [37m-->[39m [37mPOST[39m [37m/wd/hub/session/4adbc2e8-cea6-45ff-95f5-5943958d88a2/element/00000000-0000-001a-0000-00e400000007/click[39m {"id":"00000000-0000-001a-0000-00e400000007"}
[38;5;25m[4adbc2e8][0m[38;5;86m[HTTP][0m <-- POST /wd/hub/session/4adbc2e8-cea6-45ff-95f5-5943958d88a2/element/00000000-0000-001a-0000-00e400000007/click 200 47 ms - 14 
[38;5;25m[4adbc2e8][0m[38;5;86m[HTTP][0m [37m-->[39m [37mPOST[39m [37m/wd/hub/session/4adbc2e8-cea6-45ff-95f5-5943958d88a2/element/00000000-0000-001a-0000-00e400000007/value[39m {"id":"00000000-0000-001a-0000-00e400000007","value":["s","m","i","t","h","1","@","y","o","p","m","a","i","l",".","c","o","m"],"text":"smith1@yopmail.com"}
[38;5;25m[4adbc2e8][0m[38;5;86m[HTTP][0m <-- POST /wd/hub/session/4adbc2e8-cea6-45ff-95f5-5943958d88a2/element/00000000-0000-001a-0000-00e400000007/value 200 14 ms - 14 
[38;5;25m[4adbc2e8][0m[38;5;86m[HTTP][0m [37m-->[39m [37mGET[39m [37m/wd/hub/session/4adbc2e8-cea6-45ff-95f5-5943958d88a2/context[39m {}
[38;5;25m[4adbc2e8][0m[38;5;86m[HTTP][0m <-- GET /wd/hub/session/4adbc2e8-cea6-45ff-95f5-5943958d88a2/context 200 1 ms - 22 
[38;5;25m[4adbc2e8][0m[38;5;86m[HTTP][0m [37m-->[39m [37mGET[39m [37m/wd/hub/session/4adbc2e8-cea6-45ff-95f5-5943958d88a2/contexts[39m {}
[38;5;25m[4adbc2e8][0m[38;5;86m[HTTP][0m <-- GET /wd/hub/session/4adbc2e8-cea6-45ff-95f5-5943958d88a2/contexts 200 273 ms - 24 
[38;5;25m[4adbc2e8][0m[38;5;86m[HTTP][0m [37m-->[39m [37mPOST[39m [37m/wd/hub/session/4adbc2e8-cea6-45ff-95f5-5943958d88a2/context[39m {"name":"NATIVE_APP"}
[38;5;25m[4adbc2e8][0m[38;5;86m[HTTP][0m <-- POST /wd/hub/session/4adbc2e8-cea6-45ff-95f5-5943958d88a2/context 200 1 ms - 14 
[38;5;25m[4adbc2e8][0m[38;5;86m[HTTP][0m [37m-->[39m [37mPOST[39m [37m/wd/hub/session/4adbc2e8-cea6-45ff-95f5-5943958d88a2/execute/sync[39m {"args":[],"script":"mobile: hideKeyboard"}
[38;5;25m[4adbc2e8][0m[38;5;86m[HTTP][0m <-- POST /wd/hub/session/4adbc2e8-cea6-45ff-95f5-5943958d88a2/execute/sync 200 1179 ms - 14 
[38;5;25m[4adbc2e8][0m[38;5;86m[HTTP][0m [37m-->[39m [37mPOST[39m [37m/wd/hub/session/4adbc2e8-cea6-45ff-95f5-5943958d88a2/context[39m {"name":"NATIVE_APP"}
[38;5;25m[4adbc2e8][0m[38;5;86m[HTTP][0m <-- POST /wd/hub/session/4adbc2e8-cea6-45ff-95f5-5943958d88a2/context 200 0 ms - 14 
[38;5;25m[4adbc2e8][0m[38;5;86m[HTTP][0m [37m-->[39m [37mPOST[39m [37m/wd/hub/session/4adbc2e8-cea6-45ff-95f5-5943958d88a2/timeouts[39m {"implicit":50}
[38;5;25m[4adbc2e8][0m[38;5;86m[HTTP][0m <-- POST /wd/hub/session/4adbc2e8-cea6-45ff-95f5-5943958d88a2/timeouts 200 2 ms - 14 
[38;5;25m[4adbc2e8][0m[38;5;86m[HTTP][0m [37m-->[39m [37mGET[39m [37m/wd/hub/session/4adbc2e8-cea6-45ff-95f5-5943958d88a2/window/rect[39m {}
[38;5;25m[4adbc2e8][0m[38;5;86m[HTTP][0m <-- GET /wd/hub/session/4adbc2e8-cea6-45ff-95f5-5943958d88a2/window/rect 200 6 ms - 50 
[38;5;25m[4adbc2e8][0m[38;5;86m[HTTP][0m [37m-->[39m [37mPOST[39m [37m/wd/hub/session/4adbc2e8-cea6-45ff-95f5-5943958d88a2/elements[39m {"value":"//*[@class = 'android.widget.Button' and (@text = 'Next' or . = 'Next')]","using":"xpath"}
[38;5;25m[4adbc2e8][0m[38;5;86m[HTTP][0m <-- POST /wd/hub/session/4adbc2e8-cea6-45ff-95f5-5943958d88a2/elements 200 54 ms - 139 
[38;5;25m[4adbc2e8][0m[38;5;86m[HTTP][0m [37m-->[39m [37mGET[39m [37m/wd/hub/session/4adbc2e8-cea6-45ff-95f5-5943958d88a2/element/00000000-0000-001a-0000-00eb00000007/rect[39m {}
[38;5;25m[4adbc2e8][0m[38;5;-27m[AndroidUiautomator2Driver@336d][0m Driver proxy active, passing request on via HTTP proxy
[38;5;25m[4adbc2e8][0m[38;5;-27m[AndroidUiautomator2Driver@336d][0m Replacing sessionId 0e796e72-adb8-41ad-a68e-89e2219edf13 with 4adbc2e8-cea6-45ff-95f5-5943958d88a2
[38;5;25m[4adbc2e8][0m[38;5;86m[HTTP][0m <-- GET /wd/hub/session/4adbc2e8-cea6-45ff-95f5-5943958d88a2/element/00000000-0000-001a-0000-00eb00000007/rect 200 6 ms - 103 
[38;5;25m[4adbc2e8][0m[38;5;86m[HTTP][0m [37m-->[39m [37mPOST[39m [37m/wd/hub/session/4adbc2e8-cea6-45ff-95f5-5943958d88a2/timeouts[39m {"implicit":30000}
[38;5;25m[4adbc2e8][0m[38;5;86m[HTTP][0m <-- POST /wd/hub/session/4adbc2e8-cea6-45ff-95f5-5943958d88a2/timeouts 200 0 ms - 14 
[38;5;25m[4adbc2e8][0m[38;5;86m[HTTP][0m [37m-->[39m [37mPOST[39m [37m/wd/hub/session/4adbc2e8-cea6-45ff-95f5-5943958d88a2/element/00000000-0000-001a-0000-00eb00000007/click[39m {"id":"00000000-0000-001a-0000-00eb00000007"}
[38;5;25m[4adbc2e8][0m[38;5;86m[HTTP][0m <-- POST /wd/hub/session/4adbc2e8-cea6-45ff-95f5-5943958d88a2/element/00000000-0000-001a-0000-00eb00000007/click 200 46 ms - 14 
[38;5;25m[4adbc2e8][0m[38;5;86m[HTTP][0m [37m-->[39m [37mPOST[39m [37m/wd/hub/session/4adbc2e8-cea6-45ff-95f5-5943958d88a2/timeouts[39m {"implicit":50}
[38;5;25m[4adbc2e8][0m[38;5;86m[HTTP][0m <-- POST /wd/hub/session/4adbc2e8-cea6-45ff-95f5-5943958d88a2/timeouts 200 1 ms - 14 
[38;5;25m[4adbc2e8][0m[38;5;86m[HTTP][0m [37m-->[39m [37mGET[39m [37m/wd/hub/session/4adbc2e8-cea6-45ff-95f5-5943958d88a2/window/rect[39m {}
[38;5;25m[4adbc2e8][0m[38;5;86m[HTTP][0m <-- GET /wd/hub/session/4adbc2e8-cea6-45ff-95f5-5943958d88a2/window/rect 200 5 ms - 50 
[38;5;25m[4adbc2e8][0m[38;5;86m[HTTP][0m [37m-->[39m [37mPOST[39m [37m/wd/hub/session/4adbc2e8-cea6-45ff-95f5-5943958d88a2/elements[39m {"value":"//*[@class = 'android.widget.EditText' and @resource-id = 'ion-input-2' and (@text = '' or . = '')]","using":"xpath"}
[38;5;25m[4adbc2e8][0m[38;5;86m[HTTP][0m <-- POST /wd/hub/session/4adbc2e8-cea6-45ff-95f5-5943958d88a2/elements 200 43 ms - 139 
[38;5;25m[4adbc2e8][0m[38;5;86m[HTTP][0m [37m-->[39m [37mGET[39m [37m/wd/hub/session/4adbc2e8-cea6-45ff-95f5-5943958d88a2/element/00000000-0000-001a-0000-014500000007/rect[39m {}
[38;5;25m[4adbc2e8][0m[38;5;-27m[AndroidUiautomator2Driver@336d][0m Driver proxy active, passing request on via HTTP proxy
[38;5;25m[4adbc2e8][0m[38;5;-27m[AndroidUiautomator2Driver@336d][0m Replacing sessionId 0e796e72-adb8-41ad-a68e-89e2219edf13 with 4adbc2e8-cea6-45ff-95f5-5943958d88a2
[38;5;25m[4adbc2e8][0m[38;5;86m[HTTP][0m <-- GET /wd/hub/session/4adbc2e8-cea6-45ff-95f5-5943958d88a2/element/00000000-0000-001a-0000-014500000007/rect 200 5 ms - 103 
[38;5;25m[4adbc2e8][0m[38;5;86m[HTTP][0m [37m-->[39m [37mPOST[39m [37m/wd/hub/session/4adbc2e8-cea6-45ff-95f5-5943958d88a2/timeouts[39m {"implicit":30000}
[38;5;25m[4adbc2e8][0m[38;5;86m[HTTP][0m <-- POST /wd/hub/session/4adbc2e8-cea6-45ff-95f5-5943958d88a2/timeouts 200 0 ms - 14 
[38;5;25m[4adbc2e8][0m[38;5;86m[HTTP][0m [37m-->[39m [37mPOST[39m [37m/wd/hub/session/4adbc2e8-cea6-45ff-95f5-5943958d88a2/element/00000000-0000-001a-0000-014500000007/clear[39m {"id":"00000000-0000-001a-0000-014500000007"}
[38;5;25m[4adbc2e8][0m[38;5;86m[HTTP][0m <-- POST /wd/hub/session/4adbc2e8-cea6-45ff-95f5-5943958d88a2/element/00000000-0000-001a-0000-014500000007/clear 200 5 ms - 14 
[38;5;25m[4adbc2e8][0m[38;5;86m[HTTP][0m [37m-->[39m [37mPOST[39m [37m/wd/hub/session/4adbc2e8-cea6-45ff-95f5-5943958d88a2/element/00000000-0000-001a-0000-014500000007/click[39m {"id":"00000000-0000-001a-0000-014500000007"}
[38;5;25m[4adbc2e8][0m[38;5;86m[HTTP][0m <-- POST /wd/hub/session/4adbc2e8-cea6-45ff-95f5-5943958d88a2/element/00000000-0000-001a-0000-014500000007/click 200 41 ms - 14 
[38;5;25m[4adbc2e8][0m[38;5;86m[HTTP][0m [37m-->[39m [37mPOST[39m [37m/wd/hub/session/4adbc2e8-cea6-45ff-95f5-5943958d88a2/element/00000000-0000-001a-0000-014500000007/value[39m {"id":"00000000-0000-001a-0000-014500000007","value":["s","m","i","t","h","1","@","y","o","p","m","a","i","l",".","c","o","m"],"text":"smith1@yopmail.com"}
[38;5;25m[4adbc2e8][0m[38;5;86m[HTTP][0m <-- POST /wd/hub/session/4adbc2e8-cea6-45ff-95f5-5943958d88a2/element/00000000-0000-001a-0000-014500000007/value 200 9 ms - 14 
[38;5;25m[4adbc2e8][0m[38;5;86m[HTTP][0m [37m-->[39m [37mGET[39m [37m/wd/hub/session/4adbc2e8-cea6-45ff-95f5-5943958d88a2/context[39m {}
[38;5;25m[4adbc2e8][0m[38;5;86m[HTTP][0m <-- GET /wd/hub/session/4adbc2e8-cea6-45ff-95f5-5943958d88a2/context 200 0 ms - 22 
[38;5;25m[4adbc2e8][0m[38;5;86m[HTTP][0m [37m-->[39m [37mGET[39m [37m/wd/hub/session/4adbc2e8-cea6-45ff-95f5-5943958d88a2/contexts[39m {}
[38;5;25m[4adbc2e8][0m[38;5;86m[HTTP][0m <-- GET /wd/hub/session/4adbc2e8-cea6-45ff-95f5-5943958d88a2/contexts 200 265 ms - 24 
[38;5;25m[4adbc2e8][0m[38;5;86m[HTTP][0m [37m-->[39m [37mPOST[39m [37m/wd/hub/session/4adbc2e8-cea6-45ff-95f5-5943958d88a2/context[39m {"name":"NATIVE_APP"}
[38;5;25m[4adbc2e8][0m[38;5;86m[HTTP][0m <-- POST /wd/hub/session/4adbc2e8-cea6-45ff-95f5-5943958d88a2/context 200 0 ms - 14 
[38;5;25m[4adbc2e8][0m[38;5;86m[HTTP][0m [37m-->[39m [37mPOST[39m [37m/wd/hub/session/4adbc2e8-cea6-45ff-95f5-5943958d88a2/execute/sync[39m {"args":[],"script":"mobile: hideKeyboard"}
[38;5;25m[4adbc2e8][0m[38;5;86m[HTTP][0m <-- POST /wd/hub/session/4adbc2e8-cea6-45ff-95f5-5943958d88a2/execute/sync 200 905 ms - 14 
[38;5;25m[4adbc2e8][0m[38;5;86m[HTTP][0m [37m-->[39m [37mPOST[39m [37m/wd/hub/session/4adbc2e8-cea6-45ff-95f5-5943958d88a2/context[39m {"name":"NATIVE_APP"}
[38;5;25m[4adbc2e8][0m[38;5;86m[HTTP][0m <-- POST /wd/hub/session/4adbc2e8-cea6-45ff-95f5-5943958d88a2/context 200 1 ms - 14 
[38;5;25m[4adbc2e8][0m[38;5;86m[HTTP][0m [37m-->[39m [37mPOST[39m [37m/wd/hub/session/4adbc2e8-cea6-45ff-95f5-5943958d88a2/timeouts[39m {"implicit":50}
[38;5;25m[4adbc2e8][0m[38;5;86m[HTTP][0m <-- POST /wd/hub/session/4adbc2e8-cea6-45ff-95f5-5943958d88a2/timeouts 200 1 ms - 14 
[38;5;25m[4adbc2e8][0m[38;5;86m[HTTP][0m [37m-->[39m [37mGET[39m [37m/wd/hub/session/4adbc2e8-cea6-45ff-95f5-5943958d88a2/window/rect[39m {}
[38;5;25m[4adbc2e8][0m[38;5;86m[HTTP][0m <-- GET /wd/hub/session/4adbc2e8-cea6-45ff-95f5-5943958d88a2/window/rect 200 6 ms - 50 
[38;5;25m[4adbc2e8][0m[38;5;86m[HTTP][0m [37m-->[39m [37mPOST[39m [37m/wd/hub/session/4adbc2e8-cea6-45ff-95f5-5943958d88a2/elements[39m {"value":"//*[@class = 'android.widget.Button' and (@text = 'Next' or . = 'Next')]","using":"xpath"}
[38;5;25m[4adbc2e8][0m[38;5;86m[HTTP][0m <-- POST /wd/hub/session/4adbc2e8-cea6-45ff-95f5-5943958d88a2/elements 200 45 ms - 139 
[38;5;25m[4adbc2e8][0m[38;5;86m[HTTP][0m [37m-->[39m [37mGET[39m [37m/wd/hub/session/4adbc2e8-cea6-45ff-95f5-5943958d88a2/element/00000000-0000-001a-0000-014b00000007/rect[39m {}
[38;5;25m[4adbc2e8][0m[38;5;-27m[AndroidUiautomator2Driver@336d][0m Driver proxy active, passing request on via HTTP proxy
[38;5;25m[4adbc2e8][0m[38;5;-27m[AndroidUiautomator2Driver@336d][0m Replacing sessionId 0e796e72-adb8-41ad-a68e-89e2219edf13 with 4adbc2e8-cea6-45ff-95f5-5943958d88a2
[38;5;25m[4adbc2e8][0m[38;5;86m[HTTP][0m <-- GET /wd/hub/session/4adbc2e8-cea6-45ff-95f5-5943958d88a2/element/00000000-0000-001a-0000-014b00000007/rect 200 5 ms - 103 
[38;5;25m[4adbc2e8][0m[38;5;86m[HTTP][0m [37m-->[39m [37mPOST[39m [37m/wd/hub/session/4adbc2e8-cea6-45ff-95f5-5943958d88a2/timeouts[39m {"implicit":30000}
[38;5;25m[4adbc2e8][0m[38;5;86m[HTTP][0m <-- POST /wd/hub/session/4adbc2e8-cea6-45ff-95f5-5943958d88a2/timeouts 200 1 ms - 14 
[38;5;25m[4adbc2e8][0m[38;5;86m[HTTP][0m [37m-->[39m [37mPOST[39m [37m/wd/hub/session/4adbc2e8-cea6-45ff-95f5-5943958d88a2/element/00000000-0000-001a-0000-014b00000007/click[39m {"id":"00000000-0000-001a-0000-014b00000007"}
[38;5;25m[4adbc2e8][0m[38;5;86m[HTTP][0m <-- POST /wd/hub/session/4adbc2e8-cea6-45ff-95f5-5943958d88a2/element/00000000-0000-001a-0000-014b00000007/click 200 47 ms - 14 
[38;5;25m[4adbc2e8][0m[38;5;86m[HTTP][0m [37m-->[39m [37mPOST[39m [37m/wd/hub/session/4adbc2e8-cea6-45ff-95f5-5943958d88a2/timeouts[39m {"implicit":50}
[38;5;25m[4adbc2e8][0m[38;5;86m[HTTP][0m <-- POST /wd/hub/session/4adbc2e8-cea6-45ff-95f5-5943958d88a2/timeouts 200 1 ms - 14 
[38;5;25m[4adbc2e8][0m[38;5;86m[HTTP][0m [37m-->[39m [37mGET[39m [37m/wd/hub/session/4adbc2e8-cea6-45ff-95f5-5943958d88a2/window/rect[39m {}
[38;5;25m[4adbc2e8][0m[38;5;86m[HTTP][0m <-- GET /wd/hub/session/4adbc2e8-cea6-45ff-95f5-5943958d88a2/window/rect 200 8 ms - 50 
[38;5;25m[4adbc2e8][0m[38;5;86m[HTTP][0m [37m-->[39m [37mPOST[39m [37m/wd/hub/session/4adbc2e8-cea6-45ff-95f5-5943958d88a2/elements[39m {"value":"//*[@class = 'android.widget.EditText' and @resource-id = 'ion-input-3' and (@text = '' or . = '')]","using":"xpath"}
[38;5;25m[4adbc2e8][0m[38;5;86m[HTTP][0m <-- POST /wd/hub/session/4adbc2e8-cea6-45ff-95f5-5943958d88a2/elements 200 44 ms - 139 
[38;5;25m[4adbc2e8][0m[38;5;86m[HTTP][0m [37m-->[39m [37mGET[39m [37m/wd/hub/session/4adbc2e8-cea6-45ff-95f5-5943958d88a2/element/00000000-0000-001a-0000-018100000007/rect[39m {}
[38;5;25m[4adbc2e8][0m[38;5;-27m[AndroidUiautomator2Driver@336d][0m Driver proxy active, passing request on via HTTP proxy
[38;5;25m[4adbc2e8][0m[38;5;-27m[AndroidUiautomator2Driver@336d][0m Replacing sessionId 0e796e72-adb8-41ad-a68e-89e2219edf13 with 4adbc2e8-cea6-45ff-95f5-5943958d88a2
[38;5;25m[4adbc2e8][0m[38;5;86m[HTTP][0m <-- GET /wd/hub/session/4adbc2e8-cea6-45ff-95f5-5943958d88a2/element/00000000-0000-001a-0000-018100000007/rect 200 5 ms - 102 
[38;5;25m[4adbc2e8][0m[38;5;86m[HTTP][0m [37m-->[39m [37mPOST[39m [37m/wd/hub/session/4adbc2e8-cea6-45ff-95f5-5943958d88a2/timeouts[39m {"implicit":30000}
[38;5;25m[4adbc2e8][0m[38;5;86m[HTTP][0m <-- POST /wd/hub/session/4adbc2e8-cea6-45ff-95f5-5943958d88a2/timeouts 200 1 ms - 14 
[38;5;25m[4adbc2e8][0m[38;5;86m[HTTP][0m [37m-->[39m [37mPOST[39m [37m/wd/hub/session/4adbc2e8-cea6-45ff-95f5-5943958d88a2/element/00000000-0000-001a-0000-018100000007/clear[39m {"id":"00000000-0000-001a-0000-018100000007"}
[38;5;25m[4adbc2e8][0m[38;5;86m[HTTP][0m <-- POST /wd/hub/session/4adbc2e8-cea6-45ff-95f5-5943958d88a2/element/00000000-0000-001a-0000-018100000007/clear 200 5 ms - 14 
[38;5;25m[4adbc2e8][0m[38;5;86m[HTTP][0m [37m-->[39m [37mPOST[39m [37m/wd/hub/session/4adbc2e8-cea6-45ff-95f5-5943958d88a2/element/00000000-0000-001a-0000-018100000007/click[39m {"id":"00000000-0000-001a-0000-018100000007"}
[38;5;25m[4adbc2e8][0m[38;5;86m[HTTP][0m <-- POST /wd/hub/session/4adbc2e8-cea6-45ff-95f5-5943958d88a2/element/00000000-0000-001a-0000-018100000007/click 200 36 ms - 14 
[38;5;25m[4adbc2e8][0m[38;5;86m[HTTP][0m [37m-->[39m [37mPOST[39m [37m/wd/hub/session/4adbc2e8-cea6-45ff-95f5-5943958d88a2/element/00000000-0000-001a-0000-018100000007/value[39m {"id":"00000000-0000-001a-0000-018100000007","value":["s","t","e","v","e"],"text":"steve"}
[38;5;25m[4adbc2e8][0m[38;5;86m[HTTP][0m <-- POST /wd/hub/session/4adbc2e8-cea6-45ff-95f5-5943958d88a2/element/00000000-0000-001a-0000-018100000007/value 200 11 ms - 14 
[38;5;25m[4adbc2e8][0m[38;5;86m[HTTP][0m [37m-->[39m [37mGET[39m [37m/wd/hub/session/4adbc2e8-cea6-45ff-95f5-5943958d88a2/context[39m {}
[38;5;25m[4adbc2e8][0m[38;5;86m[HTTP][0m <-- GET /wd/hub/session/4adbc2e8-cea6-45ff-95f5-5943958d88a2/context 200 1 ms - 22 
[38;5;25m[4adbc2e8][0m[38;5;86m[HTTP][0m [37m-->[39m [37mGET[39m [37m/wd/hub/session/4adbc2e8-cea6-45ff-95f5-5943958d88a2/contexts[39m {}
[38;5;25m[4adbc2e8][0m[38;5;86m[HTTP][0m <-- GET /wd/hub/session/4adbc2e8-cea6-45ff-95f5-5943958d88a2/contexts 200 279 ms - 24 
[38;5;25m[4adbc2e8][0m[38;5;86m[HTTP][0m [37m-->[39m [37mPOST[39m [37m/wd/hub/session/4adbc2e8-cea6-45ff-95f5-5943958d88a2/context[39m {"name":"NATIVE_APP"}
[38;5;25m[4adbc2e8][0m[38;5;86m[HTTP][0m <-- POST /wd/hub/session/4adbc2e8-cea6-45ff-95f5-5943958d88a2/context 200 0 ms - 14 
[38;5;25m[4adbc2e8][0m[38;5;86m[HTTP][0m [37m-->[39m [37mPOST[39m [37m/wd/hub/session/4adbc2e8-cea6-45ff-95f5-5943958d88a2/execute/sync[39m {"args":[],"script":"mobile: hideKeyboard"}
[38;5;25m[4adbc2e8][0m[38;5;86m[HTTP][0m <-- POST /wd/hub/session/4adbc2e8-cea6-45ff-95f5-5943958d88a2/execute/sync 200 937 ms - 14 
[38;5;25m[4adbc2e8][0m[38;5;86m[HTTP][0m [37m-->[39m [37mPOST[39m [37m/wd/hub/session/4adbc2e8-cea6-45ff-95f5-5943958d88a2/context[39m {"name":"NATIVE_APP"}
[38;5;25m[4adbc2e8][0m[38;5;86m[HTTP][0m <-- POST /wd/hub/session/4adbc2e8-cea6-45ff-95f5-5943958d88a2/context 200 1 ms - 14 
[38;5;25m[4adbc2e8][0m[38;5;86m[HTTP][0m [37m-->[39m [37mPOST[39m [37m/wd/hub/session/4adbc2e8-cea6-45ff-95f5-5943958d88a2/timeouts[39m {"implicit":50}
[38;5;25m[4adbc2e8][0m[38;5;86m[HTTP][0m <-- POST /wd/hub/session/4adbc2e8-cea6-45ff-95f5-5943958d88a2/timeouts 200 1 ms - 14 
[38;5;25m[4adbc2e8][0m[38;5;86m[HTTP][0m [37m-->[39m [37mGET[39m [37m/wd/hub/session/4adbc2e8-cea6-45ff-95f5-5943958d88a2/window/rect[39m {}
[38;5;25m[4adbc2e8][0m[38;5;86m[HTTP][0m <-- GET /wd/hub/session/4adbc2e8-cea6-45ff-95f5-5943958d88a2/window/rect 200 8 ms - 50 
[38;5;25m[4adbc2e8][0m[38;5;86m[HTTP][0m [37m-->[39m [37mPOST[39m [37m/wd/hub/session/4adbc2e8-cea6-45ff-95f5-5943958d88a2/elements[39m {"value":"//*[@class = 'android.widget.EditText' and @resource-id = 'ion-input-4' and (@text = '' or . = '')]","using":"xpath"}
[38;5;25m[4adbc2e8][0m[38;5;86m[HTTP][0m <-- POST /wd/hub/session/4adbc2e8-cea6-45ff-95f5-5943958d88a2/elements 200 49 ms - 139 
[38;5;25m[4adbc2e8][0m[38;5;86m[HTTP][0m [37m-->[39m [37mGET[39m [37m/wd/hub/session/4adbc2e8-cea6-45ff-95f5-5943958d88a2/element/00000000-0000-001a-0000-018200000007/rect[39m {}
[38;5;25m[4adbc2e8][0m[38;5;-27m[AndroidUiautomator2Driver@336d][0m Driver proxy active, passing request on via HTTP proxy
[38;5;25m[4adbc2e8][0m[38;5;-27m[AndroidUiautomator2Driver@336d][0m Replacing sessionId 0e796e72-adb8-41ad-a68e-89e2219edf13 with 4adbc2e8-cea6-45ff-95f5-5943958d88a2
[38;5;25m[4adbc2e8][0m[38;5;86m[HTTP][0m <-- GET /wd/hub/session/4adbc2e8-cea6-45ff-95f5-5943958d88a2/element/00000000-0000-001a-0000-018200000007/rect 200 4 ms - 103 
[38;5;25m[4adbc2e8][0m[38;5;86m[HTTP][0m [37m-->[39m [37mPOST[39m [37m/wd/hub/session/4adbc2e8-cea6-45ff-95f5-5943958d88a2/timeouts[39m {"implicit":30000}
[38;5;25m[4adbc2e8][0m[38;5;86m[HTTP][0m <-- POST /wd/hub/session/4adbc2e8-cea6-45ff-95f5-5943958d88a2/timeouts 200 0 ms - 14 
[38;5;25m[4adbc2e8][0m[38;5;86m[HTTP][0m [37m-->[39m [37mPOST[39m [37m/wd/hub/session/4adbc2e8-cea6-45ff-95f5-5943958d88a2/element/00000000-0000-001a-0000-018200000007/clear[39m {"id":"00000000-0000-001a-0000-018200000007"}
[38;5;25m[4adbc2e8][0m[38;5;86m[HTTP][0m <-- POST /wd/hub/session/4adbc2e8-cea6-45ff-95f5-5943958d88a2/element/00000000-0000-001a-0000-018200000007/clear 200 5 ms - 14 
[38;5;25m[4adbc2e8][0m[38;5;86m[HTTP][0m [37m-->[39m [37mPOST[39m [37m/wd/hub/session/4adbc2e8-cea6-45ff-95f5-5943958d88a2/element/00000000-0000-001a-0000-018200000007/click[39m {"id":"00000000-0000-001a-0000-018200000007"}
[38;5;25m[4adbc2e8][0m[38;5;86m[HTTP][0m <-- POST /wd/hub/session/4adbc2e8-cea6-45ff-95f5-5943958d88a2/element/00000000-0000-001a-0000-018200000007/click 200 46 ms - 14 
[38;5;25m[4adbc2e8][0m[38;5;86m[HTTP][0m [37m-->[39m [37mPOST[39m [37m/wd/hub/session/4adbc2e8-cea6-45ff-95f5-5943958d88a2/element/00000000-0000-001a-0000-018200000007/value[39m {"id":"00000000-0000-001a-0000-018200000007","value":["s","m","i","t","h"],"text":"smith"}
[38;5;25m[4adbc2e8][0m[38;5;86m[HTTP][0m <-- POST /wd/hub/session/4adbc2e8-cea6-45ff-95f5-5943958d88a2/element/00000000-0000-001a-0000-018200000007/value 200 16 ms - 14 
[38;5;25m[4adbc2e8][0m[38;5;86m[HTTP][0m [37m-->[39m [37mGET[39m [37m/wd/hub/session/4adbc2e8-cea6-45ff-95f5-5943958d88a2/context[39m {}
[38;5;25m[4adbc2e8][0m[38;5;86m[HTTP][0m <-- GET /wd/hub/session/4adbc2e8-cea6-45ff-95f5-5943958d88a2/context 200 1 ms - 22 
[38;5;25m[4adbc2e8][0m[38;5;86m[HTTP][0m [37m-->[39m [37mGET[39m [37m/wd/hub/session/4adbc2e8-cea6-45ff-95f5-5943958d88a2/contexts[39m {}
[38;5;25m[4adbc2e8][0m[38;5;86m[HTTP][0m <-- GET /wd/hub/session/4adbc2e8-cea6-45ff-95f5-5943958d88a2/contexts 200 254 ms - 24 
[38;5;25m[4adbc2e8][0m[38;5;86m[HTTP][0m [37m-->[39m [37mPOST[39m [37m/wd/hub/session/4adbc2e8-cea6-45ff-95f5-5943958d88a2/context[39m {"name":"NATIVE_APP"}
[38;5;25m[4adbc2e8][0m[38;5;86m[HTTP][0m <-- POST /wd/hub/session/4adbc2e8-cea6-45ff-95f5-5943958d88a2/context 200 1 ms - 14 
[38;5;25m[4adbc2e8][0m[38;5;86m[HTTP][0m [37m-->[39m [37mPOST[39m [37m/wd/hub/session/4adbc2e8-cea6-45ff-95f5-5943958d88a2/execute/sync[39m {"args":[],"script":"mobile: hideKeyboard"}
[38;5;25m[4adbc2e8][0m[38;5;86m[HTTP][0m <-- POST /wd/hub/session/4adbc2e8-cea6-45ff-95f5-5943958d88a2/execute/sync 200 904 ms - 14 
[38;5;25m[4adbc2e8][0m[38;5;86m[HTTP][0m [37m-->[39m [37mPOST[39m [37m/wd/hub/session/4adbc2e8-cea6-45ff-95f5-5943958d88a2/context[39m {"name":"NATIVE_APP"}
[38;5;25m[4adbc2e8][0m[38;5;86m[HTTP][0m <-- POST /wd/hub/session/4adbc2e8-cea6-45ff-95f5-5943958d88a2/context 200 0 ms - 14 
[38;5;25m[4adbc2e8][0m[38;5;86m[HTTP][0m [37m-->[39m [37mPOST[39m [37m/wd/hub/session/4adbc2e8-cea6-45ff-95f5-5943958d88a2/timeouts[39m {"implicit":50}
[38;5;25m[4adbc2e8][0m[38;5;86m[HTTP][0m <-- POST /wd/hub/session/4adbc2e8-cea6-45ff-95f5-5943958d88a2/timeouts 200 1 ms - 14 
[38;5;25m[4adbc2e8][0m[38;5;86m[HTTP][0m [37m-->[39m [37mGET[39m [37m/wd/hub/session/4adbc2e8-cea6-45ff-95f5-5943958d88a2/window/rect[39m {}
[38;5;25m[4adbc2e8][0m[38;5;86m[HTTP][0m <-- GET /wd/hub/session/4adbc2e8-cea6-45ff-95f5-5943958d88a2/window/rect 200 17 ms - 50 
[38;5;25m[4adbc2e8][0m[38;5;86m[HTTP][0m [37m-->[39m [37mPOST[39m [37m/wd/hub/session/4adbc2e8-cea6-45ff-95f5-5943958d88a2/elements[39m {"value":"//android.widget.EditText[@resource-id='ion-input-5']","using":"xpath"}
[38;5;25m[4adbc2e8][0m[38;5;86m[HTTP][0m <-- POST /wd/hub/session/4adbc2e8-cea6-45ff-95f5-5943958d88a2/elements 200 31 ms - 139 
[38;5;25m[4adbc2e8][0m[38;5;86m[HTTP][0m [37m-->[39m [37mGET[39m [37m/wd/hub/session/4adbc2e8-cea6-45ff-95f5-5943958d88a2/element/00000000-0000-001a-0000-017b00000007/rect[39m {}
[38;5;25m[4adbc2e8][0m[38;5;-27m[AndroidUiautomator2Driver@336d][0m Driver proxy active, passing request on via HTTP proxy
[38;5;25m[4adbc2e8][0m[38;5;-27m[AndroidUiautomator2Driver@336d][0m Replacing sessionId 0e796e72-adb8-41ad-a68e-89e2219edf13 with 4adbc2e8-cea6-45ff-95f5-5943958d88a2
[38;5;25m[4adbc2e8][0m[38;5;86m[HTTP][0m <-- GET /wd/hub/session/4adbc2e8-cea6-45ff-95f5-5943958d88a2/element/00000000-0000-001a-0000-017b00000007/rect 200 5 ms - 103 
[38;5;25m[4adbc2e8][0m[38;5;86m[HTTP][0m [37m-->[39m [37mPOST[39m [37m/wd/hub/session/4adbc2e8-cea6-45ff-95f5-5943958d88a2/timeouts[39m {"implicit":30000}
[38;5;25m[4adbc2e8][0m[38;5;86m[HTTP][0m <-- POST /wd/hub/session/4adbc2e8-cea6-45ff-95f5-5943958d88a2/timeouts 200 0 ms - 14 
[38;5;25m[4adbc2e8][0m[38;5;86m[HTTP][0m [37m-->[39m [37mPOST[39m [37m/wd/hub/session/4adbc2e8-cea6-45ff-95f5-5943958d88a2/element/00000000-0000-001a-0000-017b00000007/value[39m {"id":"00000000-0000-001a-0000-017b00000007","value":["p","a","s","s","w","o","r","d"],"text":"password"}
[38;5;25m[4adbc2e8][0m[38;5;86m[HTTP][0m <-- POST /wd/hub/session/4adbc2e8-cea6-45ff-95f5-5943958d88a2/element/00000000-0000-001a-0000-017b00000007/value 200 7 ms - 14 
[38;5;86m[HTTP][0m [37m-->[39m [37mGET[39m [37m/wd/hub/status[39m {}
[38;5;86m[HTTP][0m <-- GET /wd/hub/status 200 1 ms - 200 
[38;5;86m[HTTP][0m [37m-->[39m [37mPOST[39m [37m/wd/hub/session[39m {"capabilities":{"firstMatch":[{"appium:app":"/Users/gv.vignesh/Downloads/WGR-Android-Automation/App Folder/universal.apk","appium:autoGrantPermissions":true,"appium:automationName":"uiautomator2","appium:deviceId":"","appium:deviceName":"emulator-5554 (sdk_gphone64_arm64 - Android 16)","appium:fullReset":true,"appium:newCommandTimeout":1800,"appium:noReset":false,"appium:platformName":"ANDROID","appium:platformVersion":"16","appium:systemPort":53301,"appium:udid":"emulator-5554","platformName":"ANDROID"}]},"desiredCapabilities":{"appium:app":"/Users/gv.vignesh/Downloads/WGR-Android-Automation/App Folder/universal.apk","appium:autoGrantPermissions":true,"appium:automationName":"uiautomator2","appium:deviceId":"","appium:deviceName":"emulator-5554 (sdk_gphone64_arm64 - Android 16)","appium:fullReset":true,"appium:newCommandTimeout":1800,"appium:noReset":false,"appium:platformName":"ANDROID","appium:platformVersion":"16","appium:systemPort":53301,"appium:udid":"emulator-5554"}}
[38;5;123m[BaseDriver][0m Ignoring capability 'appium:platformName=ANDROID' and using capability 'platformName=ANDROID'
[38;5;123m[BaseDriver][0m The capabilities ["platformName"] are standard capabilities and do not require "appium:" prefix
[38;5;112m[Appium][0m Attempting to find matching driver for automationName 'uiautomator2' and platformName 'ANDROID'
[38;5;112m[Appium][0m The 'uiautomator2' driver was installed and matched caps.
[38;5;112m[Appium][0m Will require it at /Users/gv.vignesh/.appium/node_modules/appium-uiautomator2-driver
[38;5;186m[AppiumDriver@d9a4][0m Appium v2.16.0 creating new AndroidUiautomator2Driver (v4.1.5) session
[38;5;186m[AppiumDriver@d9a4][0m Checking BaseDriver versions for Appium and AndroidUiautomator2Driver
[38;5;186m[AppiumDriver@d9a4][0m Appium's BaseDriver version is 9.16.4
[38;5;186m[AppiumDriver@d9a4][0m AndroidUiautomator2Driver's BaseDriver version is 9.16.4
[38;5;-87m[AndroidUiautomator2Driver@820d][0m The following provided capabilities were not recognized by this driver:
[38;5;-87m[AndroidUiautomator2Driver@820d][0m   deviceId
[38;5;193m[0583d9c9][0m[38;5;-87m[AndroidUiautomator2Driver@820d][0m Session created with session id: 0583d9c9-c4f6-4205-90d3-c2ff8ad3bc11
[38;5;193m[0583d9c9][0m[38;5;229m[ADB][0m Using 'adb' from '/Users/gv.vignesh/.katalon/tools/android_sdk/platform-tools/adb'
[38;5;193m[0583d9c9][0m[38;5;-87m[AndroidUiautomator2Driver@820d][0m Retrieving device list
[38;5;193m[0583d9c9][0m[38;5;-87m[AndroidUiautomator2Driver@820d][0m Using device: emulator-5554
[38;5;193m[0583d9c9][0m[38;5;229m[ADB][0m Using 'adb' from '/Users/gv.vignesh/.katalon/tools/android_sdk/platform-tools/adb'
[38;5;193m[0583d9c9][0m[38;5;123m[BaseDriver][0m Using local app '/Users/gv.vignesh/Downloads/WGR-Android-Automation/App Folder/universal.apk'
[38;5;193m[0583d9c9][0m[38;5;229m[ADB][0m Getting device platform version
[38;5;193m[0583d9c9][0m[38;5;-87m[AndroidUiautomator2Driver@820d][0m Relaxing hidden api policy
[38;5;193m[0583d9c9][0m[38;5;229m[ADB][0m Using 'aapt2' from '/Users/gv.vignesh/.katalon/tools/android_sdk/build-tools/29.0.3/aapt2'
[38;5;193m[0583d9c9][0m[38;5;229m[ADB][0m Package name: 'com.westgate.rewrite2'
[38;5;193m[0583d9c9][0m[38;5;229m[ADB][0m Main activity name: 'com.westgate.rewrite2.MainActivity'
[38;5;193m[0583d9c9][0m[38;5;-87m[AndroidUiautomator2Driver@820d][0m Server packages are not going to be (re)installed
[38;5;193m[0583d9c9][0m[38;5;229m[ADB][0m Adding packages ["io.appium.settings","io.appium.uiautomator2.server","io.appium.uiautomator2.server.test"] to Doze whitelist
[38;5;193m[0583d9c9][0m[38;5;229m[ADB][0m com.westgate.rewrite2 was successfully uninstalled
[38;5;193m[0583d9c9][0m[38;5;229m[ADB][0m The application at '/Users/gv.vignesh/Downloads/WGR-Android-Automation/App Folder/universal.apk' will not be cached, because the device under test has confirmed the support of streamed installs
[38;5;193m[0583d9c9][0m[38;5;229m[ADB][0m The installation of 'universal.apk' took 1735ms
[38;5;193m[0583d9c9][0m[38;5;-87m[AndroidUiautomator2Driver@820d][0m Starting UIAutomator2 server 7.3.0
[38;5;193m[0583d9c9][0m[38;5;-87m[AndroidUiautomator2Driver@820d][0m Using UIAutomator2 server from '/Users/gv.vignesh/.appium/node_modules/appium-uiautomator2-driver/node_modules/appium-uiautomator2-server/apks/appium-uiautomator2-server-v7.3.0.apk' and test from '/Users/gv.vignesh/.appium/node_modules/appium-uiautomator2-driver/node_modules/appium-uiautomator2-server/apks/appium-uiautomator2-server-debug-androidTest.apk'
[38;5;193m[0583d9c9][0m[38;5;-87m[AndroidUiautomator2Driver@820d][0m Waiting up to 30000ms for UiAutomator2 to be online...
[38;5;193m[0583d9c9][0m[38;5;-87m[AndroidUiautomator2Driver@820d][0m socket hang up
[38;5;193m[0583d9c9][0m[38;5;-87m[AndroidUiautomator2Driver@820d][0m socket hang up
[38;5;193m[0583d9c9][0m[38;5;-87m[AndroidUiautomator2Driver@820d][0m Determined the downstream protocol as 'W3C'
[38;5;193m[0583d9c9][0m[38;5;-87m[AndroidUiautomator2Driver@820d][0m Screen already unlocked, doing nothing
[38;5;193m[0583d9c9][0m[38;5;-87m[AndroidUiautomator2Driver@820d][0m Starting 'com.westgate.rewrite2/com.westgate.rewrite2.MainActivity' and waiting for 'com.westgate.rewrite2/com.westgate.rewrite2.MainActivity'
[38;5;193m[0583d9c9][0m[38;5;186m[AppiumDriver@d9a4][0m New AndroidUiautomator2Driver session created successfully, session 0583d9c9-c4f6-4205-90d3-c2ff8ad3bc11 added to master session list
[38;5;193m[0583d9c9][0m[38;5;86m[HTTP][0m <-- POST /wd/hub/session 200 6575 ms - 1350 
[38;5;86m[HTTP][0m [37m-->[39m [37mGET[39m [37m/wd/hub/status[39m {}
[38;5;86m[HTTP][0m <-- GET /wd/hub/status 200 0 ms - 200 
[38;5;193m[0583d9c9][0m[38;5;86m[HTTP][0m [37m-->[39m [37mPOST[39m [37m/wd/hub/session/0583d9c9-c4f6-4205-90d3-c2ff8ad3bc11/timeouts[39m {"implicit":30000}
[38;5;193m[0583d9c9][0m[38;5;86m[HTTP][0m <-- POST /wd/hub/session/0583d9c9-c4f6-4205-90d3-c2ff8ad3bc11/timeouts 200 1 ms - 14 
[38;5;193m[0583d9c9][0m[38;5;86m[HTTP][0m [37m-->[39m [37mPOST[39m [37m/wd/hub/session/0583d9c9-c4f6-4205-90d3-c2ff8ad3bc11/execute/sync[39m {"args":[],"script":"mobile: getSystemBars"}
[38;5;193m[0583d9c9][0m[38;5;-87m[AndroidUiautomator2Driver@820d][0m No windows have been found whose title matches to 'NavigationBar'. Assuming it is invisible. Only the following windows are available: ScreenDecorOverlayBottom,ScreenDecorOverlay,EdgeBackGestureHandler0,Taskbar,NotificationShade,StatusBar,ShellDropTarget,InputMethod
[38;5;193m[0583d9c9][0m[38;5;86m[HTTP][0m <-- POST /wd/hub/session/0583d9c9-c4f6-4205-90d3-c2ff8ad3bc11/execute/sync 200 65 ms - 144 
[38;5;193m[0583d9c9][0m[38;5;86m[HTTP][0m [37m-->[39m [37mPOST[39m [37m/wd/hub/session/0583d9c9-c4f6-4205-90d3-c2ff8ad3bc11/timeouts[39m {"implicit":50}
[38;5;193m[0583d9c9][0m[38;5;86m[HTTP][0m <-- POST /wd/hub/session/0583d9c9-c4f6-4205-90d3-c2ff8ad3bc11/timeouts 200 1 ms - 14 
[38;5;193m[0583d9c9][0m[38;5;86m[HTTP][0m [37m-->[39m [37mGET[39m [37m/wd/hub/session/0583d9c9-c4f6-4205-90d3-c2ff8ad3bc11/window/rect[39m {}
[38;5;193m[0583d9c9][0m[38;5;86m[HTTP][0m <-- GET /wd/hub/session/0583d9c9-c4f6-4205-90d3-c2ff8ad3bc11/window/rect 200 6 ms - 50 
[38;5;193m[0583d9c9][0m[38;5;86m[HTTP][0m [37m-->[39m [37mPOST[39m [37m/wd/hub/session/0583d9c9-c4f6-4205-90d3-c2ff8ad3bc11/elements[39m {"value":"//*[@class = 'android.widget.Button' and (@text = 'Login or Sign Up' or . = 'Login or Sign Up')]","using":"xpath"}
[38;5;193m[0583d9c9][0m[38;5;86m[HTTP][0m <-- POST /wd/hub/session/0583d9c9-c4f6-4205-90d3-c2ff8ad3bc11/elements 200 152 ms - 139 
[38;5;193m[0583d9c9][0m[38;5;86m[HTTP][0m [37m-->[39m [37mGET[39m [37m/wd/hub/session/0583d9c9-c4f6-4205-90d3-c2ff8ad3bc11/element/00000000-0000-0025-0000-00a300000007/rect[39m {}
[38;5;193m[0583d9c9][0m[38;5;-87m[AndroidUiautomator2Driver@820d][0m Driver proxy active, passing request on via HTTP proxy
[38;5;193m[0583d9c9][0m[38;5;-87m[AndroidUiautomator2Driver@820d][0m Replacing sessionId 42195927-499c-4c8a-948a-096a1652fa0d with 0583d9c9-c4f6-4205-90d3-c2ff8ad3bc11
[38;5;193m[0583d9c9][0m[38;5;86m[HTTP][0m <-- GET /wd/hub/session/0583d9c9-c4f6-4205-90d3-c2ff8ad3bc11/element/00000000-0000-0025-0000-00a300000007/rect 200 8 ms - 103 
[38;5;193m[0583d9c9][0m[38;5;86m[HTTP][0m [37m-->[39m [37mPOST[39m [37m/wd/hub/session/0583d9c9-c4f6-4205-90d3-c2ff8ad3bc11/timeouts[39m {"implicit":30000}
[38;5;193m[0583d9c9][0m[38;5;86m[HTTP][0m <-- POST /wd/hub/session/0583d9c9-c4f6-4205-90d3-c2ff8ad3bc11/timeouts 200 0 ms - 14 
[38;5;193m[0583d9c9][0m[38;5;86m[HTTP][0m [37m-->[39m [37mPOST[39m [37m/wd/hub/session/0583d9c9-c4f6-4205-90d3-c2ff8ad3bc11/element/00000000-0000-0025-0000-00a300000007/click[39m {"id":"00000000-0000-0025-0000-00a300000007"}
[38;5;193m[0583d9c9][0m[38;5;86m[HTTP][0m <-- POST /wd/hub/session/0583d9c9-c4f6-4205-90d3-c2ff8ad3bc11/element/00000000-0000-0025-0000-00a300000007/click 200 39 ms - 14 
[38;5;193m[0583d9c9][0m[38;5;86m[HTTP][0m [37m-->[39m [37mPOST[39m [37m/wd/hub/session/0583d9c9-c4f6-4205-90d3-c2ff8ad3bc11/timeouts[39m {"implicit":50}
[38;5;193m[0583d9c9][0m[38;5;86m[HTTP][0m <-- POST /wd/hub/session/0583d9c9-c4f6-4205-90d3-c2ff8ad3bc11/timeouts 200 1 ms - 14 
[38;5;193m[0583d9c9][0m[38;5;86m[HTTP][0m [37m-->[39m [37mGET[39m [37m/wd/hub/session/0583d9c9-c4f6-4205-90d3-c2ff8ad3bc11/window/rect[39m {}
[38;5;193m[0583d9c9][0m[38;5;86m[HTTP][0m <-- GET /wd/hub/session/0583d9c9-c4f6-4205-90d3-c2ff8ad3bc11/window/rect 200 5 ms - 50 
[38;5;193m[0583d9c9][0m[38;5;86m[HTTP][0m [37m-->[39m [37mPOST[39m [37m/wd/hub/session/0583d9c9-c4f6-4205-90d3-c2ff8ad3bc11/elements[39m {"value":"//*[@class = 'android.widget.EditText' and (@text = '' or . = '')]","using":"xpath"}
[38;5;193m[0583d9c9][0m[38;5;86m[HTTP][0m <-- POST /wd/hub/session/0583d9c9-c4f6-4205-90d3-c2ff8ad3bc11/elements 200 57 ms - 139 
[38;5;193m[0583d9c9][0m[38;5;86m[HTTP][0m [37m-->[39m [37mGET[39m [37m/wd/hub/session/0583d9c9-c4f6-4205-90d3-c2ff8ad3bc11/element/00000000-0000-0025-0000-00dc00000007/rect[39m {}
[38;5;193m[0583d9c9][0m[38;5;-87m[AndroidUiautomator2Driver@820d][0m Driver proxy active, passing request on via HTTP proxy
[38;5;193m[0583d9c9][0m[38;5;-87m[AndroidUiautomator2Driver@820d][0m Replacing sessionId 42195927-499c-4c8a-948a-096a1652fa0d with 0583d9c9-c4f6-4205-90d3-c2ff8ad3bc11
[38;5;193m[0583d9c9][0m[38;5;86m[HTTP][0m <-- GET /wd/hub/session/0583d9c9-c4f6-4205-90d3-c2ff8ad3bc11/element/00000000-0000-0025-0000-00dc00000007/rect 200 6 ms - 103 
[38;5;193m[0583d9c9][0m[38;5;86m[HTTP][0m [37m-->[39m [37mPOST[39m [37m/wd/hub/session/0583d9c9-c4f6-4205-90d3-c2ff8ad3bc11/timeouts[39m {"implicit":30000}
[38;5;193m[0583d9c9][0m[38;5;86m[HTTP][0m <-- POST /wd/hub/session/0583d9c9-c4f6-4205-90d3-c2ff8ad3bc11/timeouts 200 0 ms - 14 
[38;5;193m[0583d9c9][0m[38;5;86m[HTTP][0m [37m-->[39m [37mPOST[39m [37m/wd/hub/session/0583d9c9-c4f6-4205-90d3-c2ff8ad3bc11/element/00000000-0000-0025-0000-00dc00000007/clear[39m {"id":"00000000-0000-0025-0000-00dc00000007"}
[38;5;193m[0583d9c9][0m[38;5;86m[HTTP][0m <-- POST /wd/hub/session/0583d9c9-c4f6-4205-90d3-c2ff8ad3bc11/element/00000000-0000-0025-0000-00dc00000007/clear 200 6 ms - 14 
[38;5;193m[0583d9c9][0m[38;5;86m[HTTP][0m [37m-->[39m [37mPOST[39m [37m/wd/hub/session/0583d9c9-c4f6-4205-90d3-c2ff8ad3bc11/element/00000000-0000-0025-0000-00dc00000007/click[39m {"id":"00000000-0000-0025-0000-00dc00000007"}
[38;5;193m[0583d9c9][0m[38;5;86m[HTTP][0m <-- POST /wd/hub/session/0583d9c9-c4f6-4205-90d3-c2ff8ad3bc11/element/00000000-0000-0025-0000-00dc00000007/click 200 41 ms - 14 
[38;5;193m[0583d9c9][0m[38;5;86m[HTTP][0m [37m-->[39m [37mPOST[39m [37m/wd/hub/session/0583d9c9-c4f6-4205-90d3-c2ff8ad3bc11/element/00000000-0000-0025-0000-00dc00000007/value[39m {"id":"00000000-0000-0025-0000-00dc00000007","value":["s","m","i","t","h","1","@","y","o","p","m","a","i","l",".","c","o","m"],"text":"smith1@yopmail.com"}
[38;5;193m[0583d9c9][0m[38;5;86m[HTTP][0m <-- POST /wd/hub/session/0583d9c9-c4f6-4205-90d3-c2ff8ad3bc11/element/00000000-0000-0025-0000-00dc00000007/value 200 9 ms - 14 
[38;5;193m[0583d9c9][0m[38;5;86m[HTTP][0m [37m-->[39m [37mGET[39m [37m/wd/hub/session/0583d9c9-c4f6-4205-90d3-c2ff8ad3bc11/context[39m {}
[38;5;193m[0583d9c9][0m[38;5;86m[HTTP][0m <-- GET /wd/hub/session/0583d9c9-c4f6-4205-90d3-c2ff8ad3bc11/context 200 0 ms - 22 
[38;5;193m[0583d9c9][0m[38;5;86m[HTTP][0m [37m-->[39m [37mGET[39m [37m/wd/hub/session/0583d9c9-c4f6-4205-90d3-c2ff8ad3bc11/contexts[39m {}
[38;5;193m[0583d9c9][0m[38;5;86m[HTTP][0m <-- GET /wd/hub/session/0583d9c9-c4f6-4205-90d3-c2ff8ad3bc11/contexts 200 282 ms - 24 
[38;5;193m[0583d9c9][0m[38;5;86m[HTTP][0m [37m-->[39m [37mPOST[39m [37m/wd/hub/session/0583d9c9-c4f6-4205-90d3-c2ff8ad3bc11/context[39m {"name":"NATIVE_APP"}
[38;5;193m[0583d9c9][0m[38;5;86m[HTTP][0m <-- POST /wd/hub/session/0583d9c9-c4f6-4205-90d3-c2ff8ad3bc11/context 200 1 ms - 14 
[38;5;193m[0583d9c9][0m[38;5;86m[HTTP][0m [37m-->[39m [37mPOST[39m [37m/wd/hub/session/0583d9c9-c4f6-4205-90d3-c2ff8ad3bc11/execute/sync[39m {"args":[],"script":"mobile: hideKeyboard"}
[38;5;193m[0583d9c9][0m[38;5;86m[HTTP][0m <-- POST /wd/hub/session/0583d9c9-c4f6-4205-90d3-c2ff8ad3bc11/execute/sync 200 1031 ms - 14 
[38;5;193m[0583d9c9][0m[38;5;86m[HTTP][0m [37m-->[39m [37mPOST[39m [37m/wd/hub/session/0583d9c9-c4f6-4205-90d3-c2ff8ad3bc11/context[39m {"name":"NATIVE_APP"}
[38;5;193m[0583d9c9][0m[38;5;86m[HTTP][0m <-- POST /wd/hub/session/0583d9c9-c4f6-4205-90d3-c2ff8ad3bc11/context 200 0 ms - 14 
[38;5;193m[0583d9c9][0m[38;5;86m[HTTP][0m [37m-->[39m [37mPOST[39m [37m/wd/hub/session/0583d9c9-c4f6-4205-90d3-c2ff8ad3bc11/timeouts[39m {"implicit":50}
[38;5;193m[0583d9c9][0m[38;5;86m[HTTP][0m <-- POST /wd/hub/session/0583d9c9-c4f6-4205-90d3-c2ff8ad3bc11/timeouts 200 1 ms - 14 
[38;5;193m[0583d9c9][0m[38;5;86m[HTTP][0m [37m-->[39m [37mGET[39m [37m/wd/hub/session/0583d9c9-c4f6-4205-90d3-c2ff8ad3bc11/window/rect[39m {}
[38;5;193m[0583d9c9][0m[38;5;86m[HTTP][0m <-- GET /wd/hub/session/0583d9c9-c4f6-4205-90d3-c2ff8ad3bc11/window/rect 200 6 ms - 50 
[38;5;193m[0583d9c9][0m[38;5;86m[HTTP][0m [37m-->[39m [37mPOST[39m [37m/wd/hub/session/0583d9c9-c4f6-4205-90d3-c2ff8ad3bc11/elements[39m {"value":"//*[@class = 'android.widget.Button' and (@text = 'Next' or . = 'Next')]","using":"xpath"}
[38;5;193m[0583d9c9][0m[38;5;86m[HTTP][0m <-- POST /wd/hub/session/0583d9c9-c4f6-4205-90d3-c2ff8ad3bc11/elements 200 52 ms - 139 
[38;5;193m[0583d9c9][0m[38;5;86m[HTTP][0m [37m-->[39m [37mGET[39m [37m/wd/hub/session/0583d9c9-c4f6-4205-90d3-c2ff8ad3bc11/element/00000000-0000-0025-0000-00e300000007/rect[39m {}
[38;5;193m[0583d9c9][0m[38;5;-87m[AndroidUiautomator2Driver@820d][0m Driver proxy active, passing request on via HTTP proxy
[38;5;193m[0583d9c9][0m[38;5;-87m[AndroidUiautomator2Driver@820d][0m Replacing sessionId 42195927-499c-4c8a-948a-096a1652fa0d with 0583d9c9-c4f6-4205-90d3-c2ff8ad3bc11
[38;5;193m[0583d9c9][0m[38;5;86m[HTTP][0m <-- GET /wd/hub/session/0583d9c9-c4f6-4205-90d3-c2ff8ad3bc11/element/00000000-0000-0025-0000-00e300000007/rect 200 5 ms - 103 
[38;5;193m[0583d9c9][0m[38;5;86m[HTTP][0m [37m-->[39m [37mPOST[39m [37m/wd/hub/session/0583d9c9-c4f6-4205-90d3-c2ff8ad3bc11/timeouts[39m {"implicit":30000}
[38;5;193m[0583d9c9][0m[38;5;86m[HTTP][0m <-- POST /wd/hub/session/0583d9c9-c4f6-4205-90d3-c2ff8ad3bc11/timeouts 200 0 ms - 14 
[38;5;193m[0583d9c9][0m[38;5;86m[HTTP][0m [37m-->[39m [37mPOST[39m [37m/wd/hub/session/0583d9c9-c4f6-4205-90d3-c2ff8ad3bc11/element/00000000-0000-0025-0000-00e300000007/click[39m {"id":"00000000-0000-0025-0000-00e300000007"}
[38;5;193m[0583d9c9][0m[38;5;86m[HTTP][0m <-- POST /wd/hub/session/0583d9c9-c4f6-4205-90d3-c2ff8ad3bc11/element/00000000-0000-0025-0000-00e300000007/click 200 37 ms - 14 
[38;5;25m[4adbc2e8][0m[38;5;-27m[AndroidUiautomator2Driver@336d][0m Shutting down because we waited 1800 seconds for a command
[38;5;25m[4adbc2e8][0m[38;5;186m[AppiumDriver@d9a4][0m Ending session, cause was 'New Command Timeout of 1800 seconds expired. Try customizing the timeout using the 'newCommandTimeout' desired capability'
[38;5;25m[4adbc2e8][0m[38;5;186m[AppiumDriver@d9a4][0m Removing session '4adbc2e8-cea6-45ff-95f5-5943958d88a2' from our master session list
[38;5;25m[4adbc2e8][0m[38;5;-27m[AndroidUiautomator2Driver@336d][0m Did not get the confirmation of UiAutomator2 server session deletion. Original error: An unknown server-side error occurred while processing the command. Original error: 'DELETE /' cannot be proxied to UiAutomator2 server because the instrumentation process is not running (probably crashed). Check the server log and/or the logcat output for more details
[38;5;25m[4adbc2e8][0m[38;5;229m[ADB][0m com.westgate.rewrite2 was not uninstalled, because it was not present on the device
[38;5;25m[4adbc2e8][0m[38;5;-27m[AndroidUiautomator2Driver@336d][0m Unable to remove system port forward: Error executing adbExec. Original error: 'Command '/Users/gv.vignesh/.katalon/tools/android_sdk/platform-tools/adb -P 5037 -s emulator-5554 forward --remove tcp\:53087' exited with code 1'; Command output: adb: error: listener 'tcp:53087' not found

[38;5;25m[4adbc2e8][0m[38;5;-27m[AndroidUiautomator2Driver@336d][0m Restoring hidden api policy to the device default configuration
[38;5;193m[0583d9c9][0m[38;5;-87m[AndroidUiautomator2Driver@820d][0m Shutting down because we waited 1800 seconds for a command
[38;5;193m[0583d9c9][0m[38;5;186m[AppiumDriver@d9a4][0m Ending session, cause was 'New Command Timeout of 1800 seconds expired. Try customizing the timeout using the 'newCommandTimeout' desired capability'
[38;5;193m[0583d9c9][0m[38;5;186m[AppiumDriver@d9a4][0m Removing session '0583d9c9-c4f6-4205-90d3-c2ff8ad3bc11' from our master session list
[38;5;193m[0583d9c9][0m[38;5;-87m[AndroidUiautomator2Driver@820d][0m Did not get the confirmation of UiAutomator2 server session deletion. Original error: An unknown server-side error occurred while processing the command. Original error: 'DELETE /' cannot be proxied to UiAutomator2 server because the instrumentation process is not running (probably crashed). Check the server log and/or the logcat output for more details
[38;5;193m[0583d9c9][0m[38;5;229m[ADB][0m com.westgate.rewrite2 was not uninstalled, because it was not present on the device
[38;5;193m[0583d9c9][0m[38;5;-87m[AndroidUiautomator2Driver@820d][0m Unable to remove system port forward: Error executing adbExec. Original error: 'Command '/Users/gv.vignesh/.katalon/tools/android_sdk/platform-tools/adb -P 5037 -s emulator-5554 forward --remove tcp\:53301' exited with code 1'; Command output: adb: error: listener 'tcp:53301' not found

[38;5;193m[0583d9c9][0m[38;5;-87m[AndroidUiautomator2Driver@820d][0m Restoring hidden api policy to the device default configuration
[38;5;112m[Appium][0m Received SIGTERM - shutting down
[38;5;86m[HTTP][0m Closing Appium HTTP server
[38;5;86m[HTTP][0m Appium HTTP server has been succesfully closed after 4ms
