[38;5;112m[Appium][0m Welcome to Appium v2.16.0 (REV f1041842141f20bc701b522d4371d7843d905580)
[38;5;112m[Appium][0m Non-default server args:
[38;5;112m[Appium][0m { basePath: [32m'/wd/hub'[39m, loglevel: [32m'info'[39m, port: [33m55018[39m }
[38;5;112m[Appium][0m Attempting to load driver uiautomator2...
[38;5;112m[Appium][0m Appium REST http interface listener started on http://0.0.0.0:55018/wd/hub
[38;5;112m[Appium][0m You can provide the following URLs in your client code to connect to this server:
	http://127.0.0.1:55018/wd/hub (only accessible from the same host)
	http://192.168.0.102:55018/wd/hub
[38;5;112m[Appium][0m Available drivers:
[38;5;112m[Appium][0m   - uiautomator2@4.1.5 (automationName 'UiAutomator2')
[38;5;112m[Appium][0m No plugins have been installed. Use the "appium plugin" command to install the one(s) you want to use.
[38;5;86m[HTTP][0m [37m-->[39m [37mGET[39m [37m/wd/hub/status[39m {}
[38;5;86m[HTTP][0m <-- GET /wd/hub/status 200 5 ms - 200 
[38;5;86m[HTTP][0m [37m-->[39m [37mPOST[39m [37m/wd/hub/session[39m {"capabilities":{"firstMatch":[{"appium:app":"/Users/gv.vignesh/Downloads/WGR-Android-Automation/App Folder/universal.apk","appium:autoGrantPermissions":true,"appium:automationName":"uiautomator2","appium:deviceId":"","appium:deviceName":"Xiaomi 23076PC4BI (Android 15)","appium:fullReset":true,"appium:newCommandTimeout":1800,"appium:noReset":false,"appium:platformName":"ANDROID","appium:platformVersion":"15","appium:systemPort":55017,"appium:udid":"adb-a6e538dc5180-rpwVK8._adb-tls-connect._tcp","platformName":"ANDROID"}]},"desiredCapabilities":{"appium:app":"/Users/gv.vignesh/Downloads/WGR-Android-Automation/App Folder/universal.apk","appium:autoGrantPermissions":true,"appium:automationName":"uiautomator2","appium:deviceId":"","appium:deviceName":"Xiaomi 23076PC4BI (Android 15)","appium:fullReset":true,"appium:newCommandTimeout":1800,"appium:noReset":false,"appium:platformName":"ANDROID","appium:platformVersion":"15","appium:systemPort":55017,"appium:udid":"adb-a6e538dc5180-rpwVK8._adb-tls-connect._tcp"}}
[38;5;123m[BaseDriver][0m Ignoring capability 'appium:platformName=ANDROID' and using capability 'platformName=ANDROID'
[38;5;123m[BaseDriver][0m The capabilities ["platformName"] are standard capabilities and do not require "appium:" prefix
[38;5;112m[Appium][0m Attempting to find matching driver for automationName 'uiautomator2' and platformName 'ANDROID'
[38;5;112m[Appium][0m The 'uiautomator2' driver was installed and matched caps.
[38;5;112m[Appium][0m Will require it at /Users/gv.vignesh/.appium/node_modules/appium-uiautomator2-driver
[38;5;43m[AppiumDriver@fec9][0m Appium v2.16.0 creating new AndroidUiautomator2Driver (v4.1.5) session
[38;5;43m[AppiumDriver@fec9][0m Checking BaseDriver versions for Appium and AndroidUiautomator2Driver
[38;5;43m[AppiumDriver@fec9][0m Appium's BaseDriver version is 9.16.4
[38;5;43m[AppiumDriver@fec9][0m AndroidUiautomator2Driver's BaseDriver version is 9.16.4
[38;5;-82m[AndroidUiautomator2Driver@83f6][0m The following provided capabilities were not recognized by this driver:
[38;5;-82m[AndroidUiautomator2Driver@83f6][0m   deviceId
[38;5;76m[876f5608][0m[38;5;-82m[AndroidUiautomator2Driver@83f6][0m Session created with session id: 876f5608-771c-452b-a0c0-0ffe198ea4e6
[38;5;76m[876f5608][0m[38;5;229m[ADB][0m Found 1 'build-tools' folders under '/Users/gv.vignesh/.katalon/tools/android_sdk' (newest first):
[38;5;76m[876f5608][0m[38;5;229m[ADB][0m     /Users/gv.vignesh/.katalon/tools/android_sdk/build-tools/29.0.3
[38;5;76m[876f5608][0m[38;5;229m[ADB][0m Using 'adb' from '/Users/gv.vignesh/.katalon/tools/android_sdk/platform-tools/adb'
[38;5;76m[876f5608][0m[38;5;-82m[AndroidUiautomator2Driver@83f6][0m Retrieving device list
[38;5;76m[876f5608][0m[38;5;-82m[AndroidUiautomator2Driver@83f6][0m Using device: adb-a6e538dc5180-rpwVK8._adb-tls-connect._tcp
[38;5;76m[876f5608][0m[38;5;229m[ADB][0m Using 'adb' from '/Users/gv.vignesh/.katalon/tools/android_sdk/platform-tools/adb'
[38;5;76m[876f5608][0m[38;5;123m[BaseDriver][0m Using local app '/Users/gv.vignesh/Downloads/WGR-Android-Automation/App Folder/universal.apk'
[38;5;76m[876f5608][0m[38;5;229m[ADB][0m Getting device platform version
[38;5;76m[876f5608][0m[38;5;-82m[AndroidUiautomator2Driver@83f6][0m Relaxing hidden api policy
[38;5;76m[876f5608][0m[38;5;229m[ADB][0m Using 'aapt2' from '/Users/gv.vignesh/.katalon/tools/android_sdk/build-tools/29.0.3/aapt2'
[38;5;76m[876f5608][0m[38;5;229m[ADB][0m Package name: 'com.westgate.rewrite2'
[38;5;76m[876f5608][0m[38;5;229m[ADB][0m Main activity name: 'com.westgate.rewrite2.MainActivity'
[38;5;76m[876f5608][0m[38;5;-82m[AndroidUiautomator2Driver@83f6][0m Restoring hidden api policy to the device default configuration
[38;5;76m[876f5608][0m[38;5;86m[HTTP][0m <-- POST /wd/hub/session 500 925 ms - 10204 
[38;5;86m[HTTP][0m [37m-->[39m [37mGET[39m [37m/wd/hub/status[39m {}
[38;5;86m[HTTP][0m <-- GET /wd/hub/status 200 0 ms - 200 
[38;5;86m[HTTP][0m [37m-->[39m [37mPOST[39m [37m/wd/hub/session[39m {"capabilities":{"firstMatch":[{"appium:app":"/Users/gv.vignesh/Downloads/WGR-Android-Automation/App Folder/universal.apk","appium:autoGrantPermissions":true,"appium:automationName":"uiautomator2","appium:deviceId":"","appium:deviceName":"Xiaomi 23076PC4BI (Android 15)","appium:fullReset":true,"appium:newCommandTimeout":1800,"appium:noReset":false,"appium:platformName":"ANDROID","appium:platformVersion":"15","appium:systemPort":55065,"appium:udid":"adb-a6e538dc5180-rpwVK8._adb-tls-connect._tcp","platformName":"ANDROID"}]},"desiredCapabilities":{"appium:app":"/Users/gv.vignesh/Downloads/WGR-Android-Automation/App Folder/universal.apk","appium:autoGrantPermissions":true,"appium:automationName":"uiautomator2","appium:deviceId":"","appium:deviceName":"Xiaomi 23076PC4BI (Android 15)","appium:fullReset":true,"appium:newCommandTimeout":1800,"appium:noReset":false,"appium:platformName":"ANDROID","appium:platformVersion":"15","appium:systemPort":55065,"appium:udid":"adb-a6e538dc5180-rpwVK8._adb-tls-connect._tcp"}}
[38;5;123m[BaseDriver][0m Ignoring capability 'appium:platformName=ANDROID' and using capability 'platformName=ANDROID'
[38;5;123m[BaseDriver][0m The capabilities ["platformName"] are standard capabilities and do not require "appium:" prefix
[38;5;112m[Appium][0m Attempting to find matching driver for automationName 'uiautomator2' and platformName 'ANDROID'
[38;5;112m[Appium][0m The 'uiautomator2' driver was installed and matched caps.
[38;5;112m[Appium][0m Will require it at /Users/gv.vignesh/.appium/node_modules/appium-uiautomator2-driver
[38;5;43m[AppiumDriver@fec9][0m Appium v2.16.0 creating new AndroidUiautomator2Driver (v4.1.5) session
[38;5;43m[AppiumDriver@fec9][0m Checking BaseDriver versions for Appium and AndroidUiautomator2Driver
[38;5;43m[AppiumDriver@fec9][0m Appium's BaseDriver version is 9.16.4
[38;5;43m[AppiumDriver@fec9][0m AndroidUiautomator2Driver's BaseDriver version is 9.16.4
[38;5;-9m[AndroidUiautomator2Driver@8fd6][0m The following provided capabilities were not recognized by this driver:
[38;5;-9m[AndroidUiautomator2Driver@8fd6][0m   deviceId
[38;5;130m[837166d9][0m[38;5;-9m[AndroidUiautomator2Driver@8fd6][0m Session created with session id: 837166d9-ccd2-4e06-a56c-49799c8c8a68
[38;5;130m[837166d9][0m[38;5;229m[ADB][0m Using 'adb' from '/Users/gv.vignesh/.katalon/tools/android_sdk/platform-tools/adb'
[38;5;130m[837166d9][0m[38;5;-9m[AndroidUiautomator2Driver@8fd6][0m Retrieving device list
[38;5;130m[837166d9][0m[38;5;-9m[AndroidUiautomator2Driver@8fd6][0m Using device: adb-a6e538dc5180-rpwVK8._adb-tls-connect._tcp
[38;5;130m[837166d9][0m[38;5;229m[ADB][0m Using 'adb' from '/Users/gv.vignesh/.katalon/tools/android_sdk/platform-tools/adb'
[38;5;130m[837166d9][0m[38;5;123m[BaseDriver][0m Using local app '/Users/gv.vignesh/Downloads/WGR-Android-Automation/App Folder/universal.apk'
[38;5;130m[837166d9][0m[38;5;229m[ADB][0m Getting device platform version
[38;5;130m[837166d9][0m[38;5;-9m[AndroidUiautomator2Driver@8fd6][0m Relaxing hidden api policy
[38;5;130m[837166d9][0m[38;5;229m[ADB][0m Using 'aapt2' from '/Users/gv.vignesh/.katalon/tools/android_sdk/build-tools/29.0.3/aapt2'
[38;5;130m[837166d9][0m[38;5;229m[ADB][0m Package name: 'com.westgate.rewrite2'
[38;5;130m[837166d9][0m[38;5;229m[ADB][0m Main activity name: 'com.westgate.rewrite2.MainActivity'
[38;5;130m[837166d9][0m[38;5;-9m[AndroidUiautomator2Driver@8fd6][0m Restoring hidden api policy to the device default configuration
[38;5;130m[837166d9][0m[38;5;86m[HTTP][0m <-- POST /wd/hub/session 500 1000 ms - 10390 
[38;5;86m[HTTP][0m [37m-->[39m [37mGET[39m [37m/wd/hub/status[39m {}
[38;5;86m[HTTP][0m <-- GET /wd/hub/status 200 0 ms - 200 
[38;5;86m[HTTP][0m [37m-->[39m [37mPOST[39m [37m/wd/hub/session[39m {"capabilities":{"firstMatch":[{"appium:app":"/Users/gv.vignesh/Downloads/WGR-Android-Automation/App Folder/universal.apk","appium:autoGrantPermissions":true,"appium:automationName":"uiautomator2","appium:deviceId":"","appium:deviceName":"Xiaomi 23076PC4BI (Android 15)","appium:fullReset":true,"appium:newCommandTimeout":1800,"appium:noReset":false,"appium:platformName":"ANDROID","appium:platformVersion":"15","appium:systemPort":55100,"appium:udid":"adb-a6e538dc5180-rpwVK8._adb-tls-connect._tcp","platformName":"ANDROID"}]},"desiredCapabilities":{"appium:app":"/Users/gv.vignesh/Downloads/WGR-Android-Automation/App Folder/universal.apk","appium:autoGrantPermissions":true,"appium:automationName":"uiautomator2","appium:deviceId":"","appium:deviceName":"Xiaomi 23076PC4BI (Android 15)","appium:fullReset":true,"appium:newCommandTimeout":1800,"appium:noReset":false,"appium:platformName":"ANDROID","appium:platformVersion":"15","appium:systemPort":55100,"appium:udid":"adb-a6e538dc5180-rpwVK8._adb-tls-connect._tcp"}}
[38;5;123m[BaseDriver][0m Ignoring capability 'appium:platformName=ANDROID' and using capability 'platformName=ANDROID'
[38;5;123m[BaseDriver][0m The capabilities ["platformName"] are standard capabilities and do not require "appium:" prefix
[38;5;112m[Appium][0m Attempting to find matching driver for automationName 'uiautomator2' and platformName 'ANDROID'
[38;5;112m[Appium][0m The 'uiautomator2' driver was installed and matched caps.
[38;5;112m[Appium][0m Will require it at /Users/gv.vignesh/.appium/node_modules/appium-uiautomator2-driver
[38;5;43m[AppiumDriver@fec9][0m Appium v2.16.0 creating new AndroidUiautomator2Driver (v4.1.5) session
[38;5;43m[AppiumDriver@fec9][0m Checking BaseDriver versions for Appium and AndroidUiautomator2Driver
[38;5;43m[AppiumDriver@fec9][0m Appium's BaseDriver version is 9.16.4
[38;5;43m[AppiumDriver@fec9][0m AndroidUiautomator2Driver's BaseDriver version is 9.16.4
[38;5;-191m[AndroidUiautomator2Driver@4e9f][0m The following provided capabilities were not recognized by this driver:
[38;5;-191m[AndroidUiautomator2Driver@4e9f][0m   deviceId
[38;5;139m[8126f4fd][0m[38;5;-191m[AndroidUiautomator2Driver@4e9f][0m Session created with session id: 8126f4fd-94b7-43e3-b000-b54bdd8cc192
[38;5;139m[8126f4fd][0m[38;5;229m[ADB][0m Using 'adb' from '/Users/gv.vignesh/.katalon/tools/android_sdk/platform-tools/adb'
[38;5;139m[8126f4fd][0m[38;5;-191m[AndroidUiautomator2Driver@4e9f][0m Retrieving device list
[38;5;139m[8126f4fd][0m[38;5;-191m[AndroidUiautomator2Driver@4e9f][0m Using device: adb-a6e538dc5180-rpwVK8._adb-tls-connect._tcp
[38;5;139m[8126f4fd][0m[38;5;229m[ADB][0m Using 'adb' from '/Users/gv.vignesh/.katalon/tools/android_sdk/platform-tools/adb'
[38;5;139m[8126f4fd][0m[38;5;123m[BaseDriver][0m Using local app '/Users/gv.vignesh/Downloads/WGR-Android-Automation/App Folder/universal.apk'
[38;5;139m[8126f4fd][0m[38;5;229m[ADB][0m Getting device platform version
[38;5;139m[8126f4fd][0m[38;5;-191m[AndroidUiautomator2Driver@4e9f][0m Relaxing hidden api policy
[38;5;139m[8126f4fd][0m[38;5;229m[ADB][0m Using 'aapt2' from '/Users/gv.vignesh/.katalon/tools/android_sdk/build-tools/29.0.3/aapt2'
[38;5;139m[8126f4fd][0m[38;5;229m[ADB][0m Package name: 'com.westgate.rewrite2'
[38;5;139m[8126f4fd][0m[38;5;229m[ADB][0m Main activity name: 'com.westgate.rewrite2.MainActivity'
[38;5;139m[8126f4fd][0m[38;5;-191m[AndroidUiautomator2Driver@4e9f][0m Restoring hidden api policy to the device default configuration
[38;5;139m[8126f4fd][0m[38;5;86m[HTTP][0m <-- POST /wd/hub/session 500 2305 ms - 10204 
[38;5;86m[HTTP][0m [37m-->[39m [37mGET[39m [37m/wd/hub/status[39m {}
[38;5;86m[HTTP][0m <-- GET /wd/hub/status 200 0 ms - 200 
[38;5;86m[HTTP][0m [37m-->[39m [37mPOST[39m [37m/wd/hub/session[39m {"capabilities":{"firstMatch":[{"appium:app":"/Users/gv.vignesh/Downloads/WGR-Android-Automation/App Folder/universal.apk","appium:autoGrantPermissions":true,"appium:automationName":"uiautomator2","appium:deviceId":"","appium:deviceName":"Xiaomi 23076PC4BI (Android 15)","appium:fullReset":true,"appium:newCommandTimeout":1800,"appium:noReset":false,"appium:platformName":"ANDROID","appium:platformVersion":"15","appium:systemPort":55142,"appium:udid":"adb-a6e538dc5180-rpwVK8._adb-tls-connect._tcp","platformName":"ANDROID"}]},"desiredCapabilities":{"appium:app":"/Users/gv.vignesh/Downloads/WGR-Android-Automation/App Folder/universal.apk","appium:autoGrantPermissions":true,"appium:automationName":"uiautomator2","appium:deviceId":"","appium:deviceName":"Xiaomi 23076PC4BI (Android 15)","appium:fullReset":true,"appium:newCommandTimeout":1800,"appium:noReset":false,"appium:platformName":"ANDROID","appium:platformVersion":"15","appium:systemPort":55142,"appium:udid":"adb-a6e538dc5180-rpwVK8._adb-tls-connect._tcp"}}
[38;5;123m[BaseDriver][0m Ignoring capability 'appium:platformName=ANDROID' and using capability 'platformName=ANDROID'
[38;5;123m[BaseDriver][0m The capabilities ["platformName"] are standard capabilities and do not require "appium:" prefix
[38;5;112m[Appium][0m Attempting to find matching driver for automationName 'uiautomator2' and platformName 'ANDROID'
[38;5;112m[Appium][0m The 'uiautomator2' driver was installed and matched caps.
[38;5;112m[Appium][0m Will require it at /Users/gv.vignesh/.appium/node_modules/appium-uiautomator2-driver
[38;5;43m[AppiumDriver@fec9][0m Appium v2.16.0 creating new AndroidUiautomator2Driver (v4.1.5) session
[38;5;43m[AppiumDriver@fec9][0m Checking BaseDriver versions for Appium and AndroidUiautomator2Driver
[38;5;43m[AppiumDriver@fec9][0m Appium's BaseDriver version is 9.16.4
[38;5;43m[AppiumDriver@fec9][0m AndroidUiautomator2Driver's BaseDriver version is 9.16.4
[38;5;9m[AndroidUiautomator2Driver@385b][0m The following provided capabilities were not recognized by this driver:
[38;5;9m[AndroidUiautomator2Driver@385b][0m   deviceId
[38;5;165m[a55fa82e][0m[38;5;9m[AndroidUiautomator2Driver@385b][0m Session created with session id: a55fa82e-7043-43f7-a7ad-2cf9123ea811
[38;5;165m[a55fa82e][0m[38;5;229m[ADB][0m Using 'adb' from '/Users/gv.vignesh/.katalon/tools/android_sdk/platform-tools/adb'
[38;5;165m[a55fa82e][0m[38;5;9m[AndroidUiautomator2Driver@385b][0m Retrieving device list
[38;5;165m[a55fa82e][0m[38;5;9m[AndroidUiautomator2Driver@385b][0m Using device: adb-a6e538dc5180-rpwVK8._adb-tls-connect._tcp
[38;5;165m[a55fa82e][0m[38;5;229m[ADB][0m Using 'adb' from '/Users/gv.vignesh/.katalon/tools/android_sdk/platform-tools/adb'
[38;5;165m[a55fa82e][0m[38;5;123m[BaseDriver][0m Using local app '/Users/gv.vignesh/Downloads/WGR-Android-Automation/App Folder/universal.apk'
[38;5;165m[a55fa82e][0m[38;5;229m[ADB][0m Getting device platform version
[38;5;165m[a55fa82e][0m[38;5;9m[AndroidUiautomator2Driver@385b][0m Relaxing hidden api policy
[38;5;165m[a55fa82e][0m[38;5;229m[ADB][0m Using 'aapt2' from '/Users/gv.vignesh/.katalon/tools/android_sdk/build-tools/29.0.3/aapt2'
[38;5;165m[a55fa82e][0m[38;5;229m[ADB][0m Package name: 'com.westgate.rewrite2'
[38;5;165m[a55fa82e][0m[38;5;229m[ADB][0m Main activity name: 'com.westgate.rewrite2.MainActivity'
[38;5;165m[a55fa82e][0m[38;5;9m[AndroidUiautomator2Driver@385b][0m Restoring hidden api policy to the device default configuration
[38;5;165m[a55fa82e][0m[38;5;86m[HTTP][0m <-- POST /wd/hub/session 500 1411 ms - 10204 
[38;5;86m[HTTP][0m [37m-->[39m [37mGET[39m [37m/wd/hub/status[39m {}
[38;5;86m[HTTP][0m <-- GET /wd/hub/status 200 1 ms - 200 
[38;5;86m[HTTP][0m [37m-->[39m [37mPOST[39m [37m/wd/hub/session[39m {"capabilities":{"firstMatch":[{"appium:app":"/Users/gv.vignesh/Downloads/WGR-Android-Automation/App Folder/universal.apk","appium:autoGrantPermissions":true,"appium:automationName":"uiautomator2","appium:deviceId":"","appium:deviceName":"Xiaomi 23076PC4BI (Android 15)","appium:fullReset":true,"appium:newCommandTimeout":1800,"appium:noReset":false,"appium:platformName":"ANDROID","appium:platformVersion":"15","appium:systemPort":55186,"appium:udid":"adb-a6e538dc5180-rpwVK8._adb-tls-connect._tcp","platformName":"ANDROID"}]},"desiredCapabilities":{"appium:app":"/Users/gv.vignesh/Downloads/WGR-Android-Automation/App Folder/universal.apk","appium:autoGrantPermissions":true,"appium:automationName":"uiautomator2","appium:deviceId":"","appium:deviceName":"Xiaomi 23076PC4BI (Android 15)","appium:fullReset":true,"appium:newCommandTimeout":1800,"appium:noReset":false,"appium:platformName":"ANDROID","appium:platformVersion":"15","appium:systemPort":55186,"appium:udid":"adb-a6e538dc5180-rpwVK8._adb-tls-connect._tcp"}}
[38;5;123m[BaseDriver][0m Ignoring capability 'appium:platformName=ANDROID' and using capability 'platformName=ANDROID'
[38;5;123m[BaseDriver][0m The capabilities ["platformName"] are standard capabilities and do not require "appium:" prefix
[38;5;112m[Appium][0m Attempting to find matching driver for automationName 'uiautomator2' and platformName 'ANDROID'
[38;5;112m[Appium][0m The 'uiautomator2' driver was installed and matched caps.
[38;5;112m[Appium][0m Will require it at /Users/gv.vignesh/.appium/node_modules/appium-uiautomator2-driver
[38;5;43m[AppiumDriver@fec9][0m Appium v2.16.0 creating new AndroidUiautomator2Driver (v4.1.5) session
[38;5;43m[AppiumDriver@fec9][0m Checking BaseDriver versions for Appium and AndroidUiautomator2Driver
[38;5;43m[AppiumDriver@fec9][0m Appium's BaseDriver version is 9.16.4
[38;5;43m[AppiumDriver@fec9][0m AndroidUiautomator2Driver's BaseDriver version is 9.16.4
[38;5;-160m[AndroidUiautomator2Driver@6b3b][0m The following provided capabilities were not recognized by this driver:
[38;5;-160m[AndroidUiautomator2Driver@6b3b][0m   deviceId
[38;5;126m[7fdf30b8][0m[38;5;-160m[AndroidUiautomator2Driver@6b3b][0m Session created with session id: 7fdf30b8-f378-42b9-9250-7b425bbb221a
[38;5;126m[7fdf30b8][0m[38;5;229m[ADB][0m Using 'adb' from '/Users/gv.vignesh/.katalon/tools/android_sdk/platform-tools/adb'
[38;5;126m[7fdf30b8][0m[38;5;-160m[AndroidUiautomator2Driver@6b3b][0m Retrieving device list
[38;5;126m[7fdf30b8][0m[38;5;-160m[AndroidUiautomator2Driver@6b3b][0m Using device: adb-a6e538dc5180-rpwVK8._adb-tls-connect._tcp
[38;5;126m[7fdf30b8][0m[38;5;229m[ADB][0m Using 'adb' from '/Users/gv.vignesh/.katalon/tools/android_sdk/platform-tools/adb'
[38;5;126m[7fdf30b8][0m[38;5;123m[BaseDriver][0m Using local app '/Users/gv.vignesh/Downloads/WGR-Android-Automation/App Folder/universal.apk'
[38;5;126m[7fdf30b8][0m[38;5;229m[ADB][0m Getting device platform version
[38;5;126m[7fdf30b8][0m[38;5;-160m[AndroidUiautomator2Driver@6b3b][0m Relaxing hidden api policy
[38;5;126m[7fdf30b8][0m[38;5;229m[ADB][0m Using 'aapt2' from '/Users/gv.vignesh/.katalon/tools/android_sdk/build-tools/29.0.3/aapt2'
[38;5;86m[HTTP][0m <-- POST /wd/hub/session - - ms - - 
[38;5;126m[7fdf30b8][0m[38;5;229m[ADB][0m Package name: 'com.westgate.rewrite2'
[38;5;126m[7fdf30b8][0m[38;5;229m[ADB][0m Main activity name: 'com.westgate.rewrite2.MainActivity'
[38;5;126m[7fdf30b8][0m[38;5;-160m[AndroidUiautomator2Driver@6b3b][0m Restoring hidden api policy to the device default configuration
[38;5;112m[Appium][0m Received SIGTERM - shutting down
[38;5;86m[HTTP][0m Closing Appium HTTP server
[38;5;86m[HTTP][0m Appium HTTP server has been succesfully closed after 2ms
