[38;5;112m[Appium][0m Welcome to Appium v2.17.1 (REV 12a3d4a6f1eedf483855716b989d828443438f79)
[38;5;112m[Appium][0m Non-default server args:
[38;5;112m[Appium][0m { basePath: [32m'/wd/hub'[39m, loglevel: [32m'info'[39m, port: [33m61017[39m }
[38;5;112m[Appium][0m Attempting to load driver uiautomator2...
[38;5;112m[Appium][0m Attempting to load driver mac2...
[38;5;112m[Appium][0m Attempting to load driver chromium...
[38;5;112m[Appium][0m Attempting to load driver espresso...
[38;5;112m[Appium][0m Appium REST http interface listener started on http://0.0.0.0:61017/wd/hub
[38;5;112m[Appium][0m You can provide the following URLs in your client code to connect to this server:
	http://127.0.0.1:61017/wd/hub (only accessible from the same host)
	http://192.168.0.106:61017/wd/hub
[38;5;112m[Appium][0m Available drivers:
[38;5;112m[Appium][0m   - uiautomator2@4.2.2 (automationName 'UiAutomator2')
[38;5;112m[Appium][0m   - mac2@2.2.2 (automationName 'Mac2')
[38;5;112m[Appium][0m   - chromium@1.5.1 (automationName 'Chromium')
[38;5;112m[Appium][0m   - espresso@4.1.4 (automationName 'Espresso')
[38;5;112m[Appium][0m No plugins have been installed. Use the "appium plugin" command to install the one(s) you want to use.
[38;5;86m[HTTP][0m [37m-->[39m [37mGET[39m [37m/wd/hub/status[39m {}
[38;5;86m[HTTP][0m <-- GET /wd/hub/status 200 3 ms - 200 
[38;5;86m[HTTP][0m [37m-->[39m [37mPOST[39m [37m/wd/hub/session[39m {"capabilities":{"firstMatch":[{"appium:app":"/Users/gv.vignesh/Downloads/WGR-Android-Automation/App Folder/app-debug-2.99.75.apk","appium:autoGrantPermissions":true,"appium:automationName":"uiautomator2","appium:deviceId":"","appium:deviceName":"emulator-5554 (sdk_gphone64_arm64 - Android 16)","appium:fullReset":true,"appium:newCommandTimeout":1800,"appium:noReset":false,"appium:platformName":"ANDROID","appium:platformVersion":"16","appium:systemPort":61016,"appium:udid":"emulator-5554","appium:uiautomator2ServerInstallTimeout":0,"platformName":"ANDROID"}]},"desiredCapabilities":{"appium:app":"/Users/gv.vignesh/Downloads/WGR-Android-Automation/App Folder/app-debug-2.99.75.apk","appium:autoGrantPermissions":true,"appium:automationName":"uiautomator2","appium:deviceId":"","appium:deviceName":"emulator-5554 (sdk_gphone64_arm64 - Android 16)","appium:fullReset":true,"appium:newCommandTimeout":1800,"appium:noReset":false,"appium:platformName":"ANDROID","appium:platformVersion":"16","appium:systemPort":61016,"a...
[38;5;123m[BaseDriver][0m Ignoring capability 'appium:platformName=ANDROID' and using capability 'platformName=ANDROID'
[38;5;123m[BaseDriver][0m The capabilities ["platformName"] are standard capabilities and do not require "appium:" prefix
[38;5;112m[Appium][0m Attempting to find matching driver for automationName 'uiautomator2' and platformName 'ANDROID'
[38;5;112m[Appium][0m The 'uiautomator2' driver was installed and matched caps.
[38;5;112m[Appium][0m Will require it at /Users/gv.vignesh/.appium/node_modules/appium-uiautomator2-driver
[38;5;41m[AppiumDriver@df89][0m Appium v2.17.1 creating new AndroidUiautomator2Driver (v4.2.2) session
[38;5;41m[AppiumDriver@df89][0m Checking BaseDriver versions for Appium and AndroidUiautomator2Driver
[38;5;41m[AppiumDriver@df89][0m Appium's BaseDriver version is 9.16.4
[38;5;41m[AppiumDriver@df89][0m AndroidUiautomator2Driver's BaseDriver version is 9.16.4
[38;5;-69m[AndroidUiautomator2Driver@c61d][0m The following provided capabilities were not recognized by this driver:
[38;5;-69m[AndroidUiautomator2Driver@c61d][0m   deviceId
[38;5;153m[6143dcd6][0m[38;5;-69m[AndroidUiautomator2Driver@c61d][0m Session created with session id: 6143dcd6-e026-40b6-b539-ad8d4ce32960
[38;5;153m[6143dcd6][0m[38;5;229m[ADB][0m Found 1 'build-tools' folders under '/Users/gv.vignesh/.katalon/tools/android_sdk' (newest first):
[38;5;153m[6143dcd6][0m[38;5;229m[ADB][0m     /Users/gv.vignesh/.katalon/tools/android_sdk/build-tools/29.0.3
[38;5;153m[6143dcd6][0m[38;5;229m[ADB][0m Using 'adb' from '/Users/gv.vignesh/.katalon/tools/android_sdk/platform-tools/adb'
[38;5;153m[6143dcd6][0m[38;5;-69m[AndroidUiautomator2Driver@c61d][0m Retrieving device list
[38;5;153m[6143dcd6][0m[38;5;-69m[AndroidUiautomator2Driver@c61d][0m Using device: emulator-5554
[38;5;153m[6143dcd6][0m[38;5;229m[ADB][0m Using 'adb' from '/Users/gv.vignesh/.katalon/tools/android_sdk/platform-tools/adb'
[38;5;153m[6143dcd6][0m[38;5;123m[BaseDriver][0m Using local app '/Users/gv.vignesh/Downloads/WGR-Android-Automation/App Folder/app-debug-2.99.75.apk'
[38;5;153m[6143dcd6][0m[38;5;229m[ADB][0m Getting device platform version
[38;5;153m[6143dcd6][0m[38;5;-69m[AndroidUiautomator2Driver@c61d][0m Relaxing hidden api policy
[38;5;153m[6143dcd6][0m[38;5;229m[ADB][0m Using 'aapt2' from '/Users/gv.vignesh/.katalon/tools/android_sdk/build-tools/29.0.3/aapt2'
[38;5;153m[6143dcd6][0m[38;5;229m[ADB][0m Package name: 'westgate_xamarin.android.debug'
[38;5;153m[6143dcd6][0m[38;5;229m[ADB][0m Main activity name: 'westgate_xamarin.android.MainActivity'
[38;5;153m[6143dcd6][0m[38;5;229m[ADB][0m Using 'apksigner.jar' from '/Users/gv.vignesh/.katalon/tools/android_sdk/build-tools/29.0.3/lib/apksigner.jar'
[38;5;153m[6143dcd6][0m[38;5;-69m[AndroidUiautomator2Driver@c61d][0m Server packages are not going to be (re)installed
[38;5;153m[6143dcd6][0m[38;5;229m[ADB][0m Adding packages ["io.appium.settings","io.appium.uiautomator2.server","io.appium.uiautomator2.server.test"] to Doze whitelist
[38;5;153m[6143dcd6][0m[38;5;229m[ADB][0m '/Users/gv.vignesh/Downloads/WGR-Android-Automation/App Folder/app-debug-2.99.75.apk' is signed with a non-default certificate
[38;5;153m[6143dcd6][0m[38;5;229m[ADB][0m westgate_xamarin.android.debug was not uninstalled, because it was not present on the device
[38;5;153m[6143dcd6][0m[38;5;229m[ADB][0m The application at '/Users/gv.vignesh/Downloads/WGR-Android-Automation/App Folder/app-debug-2.99.75.apk' will not be cached, because the device under test has confirmed the support of streamed installs
[38;5;153m[6143dcd6][0m[38;5;229m[ADB][0m The installation of 'app-debug-2.99.75.apk' took 314ms
[38;5;153m[6143dcd6][0m[38;5;-69m[AndroidUiautomator2Driver@c61d][0m Starting UIAutomator2 server 7.4.1
[38;5;153m[6143dcd6][0m[38;5;-69m[AndroidUiautomator2Driver@c61d][0m Using UIAutomator2 server from '/Users/gv.vignesh/.appium/node_modules/appium-uiautomator2-driver/node_modules/appium-uiautomator2-server/apks/appium-uiautomator2-server-v7.4.1.apk' and test from '/Users/gv.vignesh/.appium/node_modules/appium-uiautomator2-driver/node_modules/appium-uiautomator2-server/apks/appium-uiautomator2-server-debug-androidTest.apk'
[38;5;153m[6143dcd6][0m[38;5;-69m[AndroidUiautomator2Driver@c61d][0m Waiting up to 30000ms for UiAutomator2 to be online...
[38;5;153m[6143dcd6][0m[38;5;-69m[AndroidUiautomator2Driver@c61d][0m socket hang up
[38;5;153m[6143dcd6][0m[38;5;-69m[AndroidUiautomator2Driver@c61d][0m Determined the downstream protocol as 'W3C'
[38;5;153m[6143dcd6][0m[38;5;-69m[AndroidUiautomator2Driver@c61d][0m Screen already unlocked, doing nothing
[38;5;153m[6143dcd6][0m[38;5;-69m[AndroidUiautomator2Driver@c61d][0m Starting 'westgate_xamarin.android.debug/westgate_xamarin.android.MainActivity' and waiting for 'westgate_xamarin.android.debug/westgate_xamarin.android.MainActivity'
[38;5;153m[6143dcd6][0m[38;5;41m[AppiumDriver@df89][0m New AndroidUiautomator2Driver session created successfully, session 6143dcd6-e026-40b6-b539-ad8d4ce32960 added to master session list
[38;5;153m[6143dcd6][0m[38;5;86m[HTTP][0m <-- POST /wd/hub/session 200 4164 ms - 1448 
[38;5;86m[HTTP][0m [37m-->[39m [37mGET[39m [37m/wd/hub/status[39m {}
[38;5;86m[HTTP][0m <-- GET /wd/hub/status 200 1 ms - 200 
[38;5;153m[6143dcd6][0m[38;5;86m[HTTP][0m [37m-->[39m [37mPOST[39m [37m/wd/hub/session/6143dcd6-e026-40b6-b539-ad8d4ce32960/timeouts[39m {"implicit":30000}
[38;5;153m[6143dcd6][0m[38;5;86m[HTTP][0m <-- POST /wd/hub/session/6143dcd6-e026-40b6-b539-ad8d4ce32960/timeouts 200 1 ms - 14 
[38;5;153m[6143dcd6][0m[38;5;86m[HTTP][0m [37m-->[39m [37mPOST[39m [37m/wd/hub/session/6143dcd6-e026-40b6-b539-ad8d4ce32960/execute/sync[39m {"script":"mobile: getSystemBars","args":[]}
[38;5;153m[6143dcd6][0m[38;5;-69m[AndroidUiautomator2Driver@c61d][0m No windows have been found whose title matches to 'NavigationBar'. Assuming it is invisible. Only the following windows are available: ScreenDecorOverlayBottom,ScreenDecorOverlay,EdgeBackGestureHandler0,Taskbar,NotificationShade,StatusBar,ShellDropTarget,InputMethod
[38;5;153m[6143dcd6][0m[38;5;86m[HTTP][0m <-- POST /wd/hub/session/6143dcd6-e026-40b6-b539-ad8d4ce32960/execute/sync 200 79 ms - 144 
[38;5;153m[6143dcd6][0m[38;5;86m[HTTP][0m [37m-->[39m [37mPOST[39m [37m/wd/hub/session/6143dcd6-e026-40b6-b539-ad8d4ce32960/timeouts[39m {"implicit":50}
[38;5;153m[6143dcd6][0m[38;5;86m[HTTP][0m <-- POST /wd/hub/session/6143dcd6-e026-40b6-b539-ad8d4ce32960/timeouts 200 2 ms - 14 
[38;5;153m[6143dcd6][0m[38;5;86m[HTTP][0m [37m-->[39m [37mGET[39m [37m/wd/hub/session/6143dcd6-e026-40b6-b539-ad8d4ce32960/window/rect[39m {}
[38;5;153m[6143dcd6][0m[38;5;86m[HTTP][0m <-- GET /wd/hub/session/6143dcd6-e026-40b6-b539-ad8d4ce32960/window/rect 200 11 ms - 50 
[38;5;153m[6143dcd6][0m[38;5;86m[HTTP][0m [37m-->[39m [37mPOST[39m [37m/wd/hub/session/6143dcd6-e026-40b6-b539-ad8d4ce32960/elements[39m {"using":"xpath","value":"//*[@class = 'android.widget.TextView' and (@text = 'Continue as a Guest' or . = 'Continue as a Guest')]"}
[38;5;153m[6143dcd6][0m[38;5;86m[HTTP][0m <-- POST /wd/hub/session/6143dcd6-e026-40b6-b539-ad8d4ce32960/elements 200 158 ms - 139 
[38;5;153m[6143dcd6][0m[38;5;86m[HTTP][0m [37m-->[39m [37mGET[39m [37m/wd/hub/session/6143dcd6-e026-40b6-b539-ad8d4ce32960/element/00000000-0000-0015-0000-009800000007/rect[39m {}
[38;5;153m[6143dcd6][0m[38;5;-69m[AndroidUiautomator2Driver@c61d][0m Driver proxy active, passing request on via HTTP proxy
[38;5;153m[6143dcd6][0m[38;5;-69m[AndroidUiautomator2Driver@c61d][0m Replacing sessionId f2218903-d454-484e-a5e4-da440132d124 with 6143dcd6-e026-40b6-b539-ad8d4ce32960
[38;5;153m[6143dcd6][0m[38;5;86m[HTTP][0m <-- GET /wd/hub/session/6143dcd6-e026-40b6-b539-ad8d4ce32960/element/00000000-0000-0015-0000-009800000007/rect 200 14 ms - 103 
[38;5;153m[6143dcd6][0m[38;5;86m[HTTP][0m [37m-->[39m [37mPOST[39m [37m/wd/hub/session/6143dcd6-e026-40b6-b539-ad8d4ce32960/timeouts[39m {"implicit":30000}
[38;5;153m[6143dcd6][0m[38;5;86m[HTTP][0m <-- POST /wd/hub/session/6143dcd6-e026-40b6-b539-ad8d4ce32960/timeouts 200 1 ms - 14 
[38;5;153m[6143dcd6][0m[38;5;86m[HTTP][0m [37m-->[39m [37mPOST[39m [37m/wd/hub/session/6143dcd6-e026-40b6-b539-ad8d4ce32960/element/00000000-0000-0015-0000-009800000007/click[39m {"id":"00000000-0000-0015-0000-009800000007"}
[38;5;153m[6143dcd6][0m[38;5;86m[HTTP][0m <-- POST /wd/hub/session/6143dcd6-e026-40b6-b539-ad8d4ce32960/element/00000000-0000-0015-0000-009800000007/click 200 49 ms - 14 
[38;5;153m[6143dcd6][0m[38;5;-69m[AndroidUiautomator2Driver@c61d][0m Shutting down because we waited 1800 seconds for a command
[38;5;153m[6143dcd6][0m[38;5;41m[AppiumDriver@df89][0m Ending session, cause was 'New Command Timeout of 1800 seconds expired. Try customizing the timeout using the 'newCommandTimeout' desired capability'
[38;5;153m[6143dcd6][0m[38;5;41m[AppiumDriver@df89][0m Removing session '6143dcd6-e026-40b6-b539-ad8d4ce32960' from our master session list
[38;5;153m[6143dcd6][0m[38;5;-69m[AndroidUiautomator2Driver@c61d][0m Did not get the confirmation of UiAutomator2 server session deletion. Original error: An unknown server-side error occurred while processing the command. Original error: 'DELETE /' cannot be proxied to UiAutomator2 server because the instrumentation process is not running (probably crashed). Check the server log and/or the logcat output for more details
[38;5;153m[6143dcd6][0m[38;5;-69m[AndroidUiautomator2Driver@c61d][0m The UIA2 server did has not been terminated within 5000ms timeout. Continuing anyway
[38;5;153m[6143dcd6][0m[38;5;229m[ADB][0m westgate_xamarin.android.debug was successfully uninstalled
[38;5;153m[6143dcd6][0m[38;5;-69m[AndroidUiautomator2Driver@c61d][0m Unable to remove system port forward: Error executing adbExec. Original error: 'Command '/Users/gv.vignesh/.katalon/tools/android_sdk/platform-tools/adb -P 5037 -s emulator-5554 forward --remove tcp\:61016' exited with code 1'; Command output: adb: error: listener 'tcp:61016' not found

[38;5;153m[6143dcd6][0m[38;5;-69m[AndroidUiautomator2Driver@c61d][0m Restoring hidden api policy to the device default configuration
[38;5;112m[Appium][0m Received SIGTERM - shutting down
[38;5;86m[HTTP][0m Closing Appium HTTP server
[38;5;86m[HTTP][0m Appium HTTP server has been succesfully closed after 2ms
