[38;5;112m[Appium][0m Welcome to Appium v2.16.0 (REV f1041842141f20bc701b522d4371d7843d905580)
[38;5;112m[Appium][0m Non-default server args:
[38;5;112m[Appium][0m { basePath: [32m'/wd/hub'[39m, loglevel: [32m'info'[39m, port: [33m57275[39m }
[38;5;112m[Appium][0m Attempting to load driver uiautomator2...
[38;5;112m[Appium][0m Appium REST http interface listener started on http://0.0.0.0:57275/wd/hub
[38;5;112m[Appium][0m You can provide the following URLs in your client code to connect to this server:
	http://127.0.0.1:57275/wd/hub (only accessible from the same host)
	http://192.168.0.106:57275/wd/hub
[38;5;112m[Appium][0m Available drivers:
[38;5;112m[Appium][0m   - uiautomator2@4.1.5 (automationName 'UiAutomator2')
[38;5;112m[Appium][0m No plugins have been installed. Use the "appium plugin" command to install the one(s) you want to use.
[38;5;86m[HTTP][0m [37m-->[39m [37mGET[39m [37m/wd/hub/status[39m {}
[38;5;86m[HTTP][0m <-- GET /wd/hub/status 200 2 ms - 200 
[38;5;86m[HTTP][0m [37m-->[39m [37mPOST[39m [37m/wd/hub/session[39m {"capabilities":{"firstMatch":[{"appium:app":"/Users/gv.vignesh/Downloads/WGR-Android-Automation/App Folder/app-debug.apk","appium:autoGrantPermissions":true,"appium:automationName":"uiautomator2","appium:deviceId":"","appium:deviceName":"emulator-5554 (sdk_gphone64_arm64 - Android 15)","appium:fullReset":true,"appium:newCommandTimeout":1800,"appium:noReset":false,"appium:platformName":"ANDROID","appium:platformVersion":"15","appium:systemPort":57274,"appium:udid":"emulator-5554","platformName":"ANDROID"}]},"desiredCapabilities":{"appium:app":"/Users/gv.vignesh/Downloads/WGR-Android-Automation/App Folder/app-debug.apk","appium:autoGrantPermissions":true,"appium:automationName":"uiautomator2","appium:deviceId":"","appium:deviceName":"emulator-5554 (sdk_gphone64_arm64 - Android 15)","appium:fullReset":true,"appium:newCommandTimeout":1800,"appium:noReset":false,"appium:platformName":"ANDROID","appium:platformVersion":"15","appium:systemPort":57274,"appium:udid":"emulator-5554"}}
[38;5;123m[BaseDriver][0m Ignoring capability 'appium:platformName=ANDROID' and using capability 'platformName=ANDROID'
[38;5;123m[BaseDriver][0m The capabilities ["platformName"] are standard capabilities and do not require "appium:" prefix
[38;5;112m[Appium][0m Attempting to find matching driver for automationName 'uiautomator2' and platformName 'ANDROID'
[38;5;112m[Appium][0m The 'uiautomator2' driver was installed and matched caps.
[38;5;112m[Appium][0m Will require it at /Users/gv.vignesh/.appium/node_modules/appium-uiautomator2-driver
[38;5;212m[AppiumDriver@3092][0m Appium v2.16.0 creating new AndroidUiautomator2Driver (v4.1.5) session
[38;5;212m[AppiumDriver@3092][0m Checking BaseDriver versions for Appium and AndroidUiautomator2Driver
[38;5;212m[AppiumDriver@3092][0m Appium's BaseDriver version is 9.16.4
[38;5;212m[AppiumDriver@3092][0m AndroidUiautomator2Driver's BaseDriver version is 9.16.4
[38;5;-18m[AndroidUiautomator2Driver@59fa][0m The following provided capabilities were not recognized by this driver:
[38;5;-18m[AndroidUiautomator2Driver@59fa][0m   deviceId
[38;5;149m[4f112a7c][0m[38;5;-18m[AndroidUiautomator2Driver@59fa][0m Session created with session id: 4f112a7c-c13f-46b1-b1d2-b4206b68e67c
[38;5;149m[4f112a7c][0m[38;5;229m[ADB][0m Found 1 'build-tools' folders under '/Users/gv.vignesh/.katalon/tools/android_sdk' (newest first):
[38;5;149m[4f112a7c][0m[38;5;229m[ADB][0m     /Users/gv.vignesh/.katalon/tools/android_sdk/build-tools/29.0.3
[38;5;149m[4f112a7c][0m[38;5;229m[ADB][0m Using 'adb' from '/Users/gv.vignesh/.katalon/tools/android_sdk/platform-tools/adb'
[38;5;149m[4f112a7c][0m[38;5;-18m[AndroidUiautomator2Driver@59fa][0m Retrieving device list
[38;5;149m[4f112a7c][0m[38;5;-18m[AndroidUiautomator2Driver@59fa][0m Using device: emulator-5554
[38;5;149m[4f112a7c][0m[38;5;229m[ADB][0m Using 'adb' from '/Users/gv.vignesh/.katalon/tools/android_sdk/platform-tools/adb'
[38;5;149m[4f112a7c][0m[38;5;123m[BaseDriver][0m Using local app '/Users/gv.vignesh/Downloads/WGR-Android-Automation/App Folder/app-debug.apk'
[38;5;149m[4f112a7c][0m[38;5;229m[ADB][0m Getting device platform version
[38;5;149m[4f112a7c][0m[38;5;-18m[AndroidUiautomator2Driver@59fa][0m Relaxing hidden api policy
[38;5;149m[4f112a7c][0m[38;5;229m[ADB][0m Using 'aapt2' from '/Users/gv.vignesh/.katalon/tools/android_sdk/build-tools/29.0.3/aapt2'
[38;5;149m[4f112a7c][0m[38;5;229m[ADB][0m Package name: 'com.westgate.rewrite2'
[38;5;149m[4f112a7c][0m[38;5;229m[ADB][0m Main activity name: 'com.westgate.rewrite2.MainActivity'
[38;5;149m[4f112a7c][0m[38;5;-18m[AndroidUiautomator2Driver@59fa][0m Server packages are not going to be (re)installed
[38;5;149m[4f112a7c][0m[38;5;229m[ADB][0m Using 'apksigner.jar' from '/Users/gv.vignesh/.katalon/tools/android_sdk/build-tools/29.0.3/lib/apksigner.jar'
[38;5;149m[4f112a7c][0m[38;5;229m[ADB][0m Adding packages ["io.appium.settings","io.appium.uiautomator2.server","io.appium.uiautomator2.server.test"] to Doze whitelist
[38;5;149m[4f112a7c][0m[38;5;229m[ADB][0m '/Users/gv.vignesh/Downloads/WGR-Android-Automation/App Folder/app-debug.apk' is signed with a non-default certificate
[38;5;149m[4f112a7c][0m[38;5;229m[ADB][0m com.westgate.rewrite2 was not uninstalled, because it was not present on the device
[38;5;149m[4f112a7c][0m[38;5;229m[ADB][0m The application at '/Users/gv.vignesh/Downloads/WGR-Android-Automation/App Folder/app-debug.apk' will not be cached, because the device under test has confirmed the support of streamed installs
[38;5;149m[4f112a7c][0m[38;5;229m[ADB][0m The installation of 'app-debug.apk' took 436ms
[38;5;149m[4f112a7c][0m[38;5;-18m[AndroidUiautomator2Driver@59fa][0m Starting UIAutomator2 server 7.3.0
[38;5;149m[4f112a7c][0m[38;5;-18m[AndroidUiautomator2Driver@59fa][0m Using UIAutomator2 server from '/Users/gv.vignesh/.appium/node_modules/appium-uiautomator2-driver/node_modules/appium-uiautomator2-server/apks/appium-uiautomator2-server-v7.3.0.apk' and test from '/Users/gv.vignesh/.appium/node_modules/appium-uiautomator2-driver/node_modules/appium-uiautomator2-server/apks/appium-uiautomator2-server-debug-androidTest.apk'
[38;5;149m[4f112a7c][0m[38;5;-18m[AndroidUiautomator2Driver@59fa][0m Waiting up to 30000ms for UiAutomator2 to be online...
[38;5;149m[4f112a7c][0m[38;5;-18m[AndroidUiautomator2Driver@59fa][0m socket hang up
[38;5;149m[4f112a7c][0m[38;5;-18m[AndroidUiautomator2Driver@59fa][0m Determined the downstream protocol as 'W3C'
[38;5;149m[4f112a7c][0m[38;5;-18m[AndroidUiautomator2Driver@59fa][0m Screen already unlocked, doing nothing
[38;5;149m[4f112a7c][0m[38;5;-18m[AndroidUiautomator2Driver@59fa][0m Starting 'com.westgate.rewrite2/com.westgate.rewrite2.MainActivity' and waiting for 'com.westgate.rewrite2/com.westgate.rewrite2.MainActivity'
[38;5;149m[4f112a7c][0m[38;5;212m[AppiumDriver@3092][0m New AndroidUiautomator2Driver session created successfully, session 4f112a7c-c13f-46b1-b1d2-b4206b68e67c added to master session list
[38;5;149m[4f112a7c][0m[38;5;86m[HTTP][0m <-- POST /wd/hub/session 200 4913 ms - 1350 
[38;5;86m[HTTP][0m [37m-->[39m [37mGET[39m [37m/wd/hub/status[39m {}
[38;5;86m[HTTP][0m <-- GET /wd/hub/status 200 0 ms - 200 
[38;5;149m[4f112a7c][0m[38;5;86m[HTTP][0m [37m-->[39m [37mPOST[39m [37m/wd/hub/session/4f112a7c-c13f-46b1-b1d2-b4206b68e67c/timeouts[39m {"implicit":30000}
[38;5;149m[4f112a7c][0m[38;5;86m[HTTP][0m <-- POST /wd/hub/session/4f112a7c-c13f-46b1-b1d2-b4206b68e67c/timeouts 200 3 ms - 14 
[38;5;149m[4f112a7c][0m[38;5;86m[HTTP][0m [37m-->[39m [37mPOST[39m [37m/wd/hub/session/4f112a7c-c13f-46b1-b1d2-b4206b68e67c/execute/sync[39m {"script":"mobile: getSystemBars","args":[]}
[38;5;149m[4f112a7c][0m[38;5;-18m[AndroidUiautomator2Driver@59fa][0m No windows have been found whose title matches to 'NavigationBar'. Assuming it is invisible. Only the following windows are available: ScreenDecorOverlayBottom,ScreenDecorOverlay,EdgeBackGestureHandler0,Taskbar,NotificationShade,StatusBar,ShellDropTarget,InputMethod
[38;5;149m[4f112a7c][0m[38;5;86m[HTTP][0m <-- POST /wd/hub/session/4f112a7c-c13f-46b1-b1d2-b4206b68e67c/execute/sync 200 67 ms - 144 
[38;5;149m[4f112a7c][0m[38;5;86m[HTTP][0m [37m-->[39m [37mPOST[39m [37m/wd/hub/session/4f112a7c-c13f-46b1-b1d2-b4206b68e67c/timeouts[39m {"implicit":50}
[38;5;149m[4f112a7c][0m[38;5;86m[HTTP][0m <-- POST /wd/hub/session/4f112a7c-c13f-46b1-b1d2-b4206b68e67c/timeouts 200 3 ms - 14 
[38;5;149m[4f112a7c][0m[38;5;86m[HTTP][0m [37m-->[39m [37mGET[39m [37m/wd/hub/session/4f112a7c-c13f-46b1-b1d2-b4206b68e67c/window/rect[39m {}
[38;5;149m[4f112a7c][0m[38;5;86m[HTTP][0m <-- GET /wd/hub/session/4f112a7c-c13f-46b1-b1d2-b4206b68e67c/window/rect 200 18 ms - 50 
[38;5;149m[4f112a7c][0m[38;5;86m[HTTP][0m [37m-->[39m [37mPOST[39m [37m/wd/hub/session/4f112a7c-c13f-46b1-b1d2-b4206b68e67c/elements[39m {"using":"xpath","value":"//*[@class = 'android.view.View' and (@text = 'Home' or . = 'Home')]"}
[38;5;149m[4f112a7c][0m[38;5;86m[HTTP][0m <-- POST /wd/hub/session/4f112a7c-c13f-46b1-b1d2-b4206b68e67c/elements 200 223 ms - 139 
[38;5;149m[4f112a7c][0m[38;5;86m[HTTP][0m [37m-->[39m [37mGET[39m [37m/wd/hub/session/4f112a7c-c13f-46b1-b1d2-b4206b68e67c/element/00000000-0000-0039-0000-00ef00000007/rect[39m {}
[38;5;149m[4f112a7c][0m[38;5;-18m[AndroidUiautomator2Driver@59fa][0m Driver proxy active, passing request on via HTTP proxy
[38;5;149m[4f112a7c][0m[38;5;-18m[AndroidUiautomator2Driver@59fa][0m Replacing sessionId e2ae182a-0a6a-4a68-888f-77f73c96a01b with 4f112a7c-c13f-46b1-b1d2-b4206b68e67c
[38;5;149m[4f112a7c][0m[38;5;86m[HTTP][0m <-- GET /wd/hub/session/4f112a7c-c13f-46b1-b1d2-b4206b68e67c/element/00000000-0000-0039-0000-00ef00000007/rect 200 13 ms - 104 
[38;5;149m[4f112a7c][0m[38;5;86m[HTTP][0m [37m-->[39m [37mPOST[39m [37m/wd/hub/session/4f112a7c-c13f-46b1-b1d2-b4206b68e67c/timeouts[39m {"implicit":30000}
[38;5;149m[4f112a7c][0m[38;5;86m[HTTP][0m <-- POST /wd/hub/session/4f112a7c-c13f-46b1-b1d2-b4206b68e67c/timeouts 200 1 ms - 14 
[38;5;149m[4f112a7c][0m[38;5;86m[HTTP][0m [37m-->[39m [37mPOST[39m [37m/wd/hub/session/4f112a7c-c13f-46b1-b1d2-b4206b68e67c/timeouts[39m {"implicit":50}
[38;5;149m[4f112a7c][0m[38;5;86m[HTTP][0m <-- POST /wd/hub/session/4f112a7c-c13f-46b1-b1d2-b4206b68e67c/timeouts 200 2 ms - 14 
[38;5;149m[4f112a7c][0m[38;5;86m[HTTP][0m [37m-->[39m [37mGET[39m [37m/wd/hub/session/4f112a7c-c13f-46b1-b1d2-b4206b68e67c/window/rect[39m {}
[38;5;149m[4f112a7c][0m[38;5;86m[HTTP][0m <-- GET /wd/hub/session/4f112a7c-c13f-46b1-b1d2-b4206b68e67c/window/rect 200 10 ms - 50 
[38;5;149m[4f112a7c][0m[38;5;86m[HTTP][0m [37m-->[39m [37mPOST[39m [37m/wd/hub/session/4f112a7c-c13f-46b1-b1d2-b4206b68e67c/elements[39m {"using":"xpath","value":"//*[@class = 'android.view.View' and (@text = 'Home' or . = 'Home')]"}
[38;5;149m[4f112a7c][0m[38;5;86m[HTTP][0m <-- POST /wd/hub/session/4f112a7c-c13f-46b1-b1d2-b4206b68e67c/elements 200 63 ms - 139 
[38;5;149m[4f112a7c][0m[38;5;86m[HTTP][0m [37m-->[39m [37mGET[39m [37m/wd/hub/session/4f112a7c-c13f-46b1-b1d2-b4206b68e67c/element/00000000-0000-0039-0000-00ef00000007/rect[39m {}
[38;5;149m[4f112a7c][0m[38;5;-18m[AndroidUiautomator2Driver@59fa][0m Driver proxy active, passing request on via HTTP proxy
[38;5;149m[4f112a7c][0m[38;5;-18m[AndroidUiautomator2Driver@59fa][0m Replacing sessionId e2ae182a-0a6a-4a68-888f-77f73c96a01b with 4f112a7c-c13f-46b1-b1d2-b4206b68e67c
[38;5;149m[4f112a7c][0m[38;5;86m[HTTP][0m <-- GET /wd/hub/session/4f112a7c-c13f-46b1-b1d2-b4206b68e67c/element/00000000-0000-0039-0000-00ef00000007/rect 200 6 ms - 104 
[38;5;149m[4f112a7c][0m[38;5;86m[HTTP][0m [37m-->[39m [37mPOST[39m [37m/wd/hub/session/4f112a7c-c13f-46b1-b1d2-b4206b68e67c/timeouts[39m {"implicit":30000}
[38;5;149m[4f112a7c][0m[38;5;86m[HTTP][0m <-- POST /wd/hub/session/4f112a7c-c13f-46b1-b1d2-b4206b68e67c/timeouts 200 0 ms - 14 
[38;5;149m[4f112a7c][0m[38;5;86m[HTTP][0m [37m-->[39m [37mPOST[39m [37m/wd/hub/session/4f112a7c-c13f-46b1-b1d2-b4206b68e67c/element/00000000-0000-0039-0000-00ef00000007/click[39m {"id":"00000000-0000-0039-0000-00ef00000007"}
[38;5;149m[4f112a7c][0m[38;5;86m[HTTP][0m <-- POST /wd/hub/session/4f112a7c-c13f-46b1-b1d2-b4206b68e67c/element/00000000-0000-0039-0000-00ef00000007/click 200 59 ms - 14 
[38;5;149m[4f112a7c][0m[38;5;86m[HTTP][0m [37m-->[39m [37mPOST[39m [37m/wd/hub/session/4f112a7c-c13f-46b1-b1d2-b4206b68e67c/timeouts[39m {"implicit":50}
[38;5;149m[4f112a7c][0m[38;5;86m[HTTP][0m <-- POST /wd/hub/session/4f112a7c-c13f-46b1-b1d2-b4206b68e67c/timeouts 200 2 ms - 14 
[38;5;149m[4f112a7c][0m[38;5;86m[HTTP][0m [37m-->[39m [37mGET[39m [37m/wd/hub/session/4f112a7c-c13f-46b1-b1d2-b4206b68e67c/window/rect[39m {}
[38;5;149m[4f112a7c][0m[38;5;86m[HTTP][0m <-- GET /wd/hub/session/4f112a7c-c13f-46b1-b1d2-b4206b68e67c/window/rect 500 3 ms - 1149 
[38;5;149m[4f112a7c][0m[38;5;86m[HTTP][0m [37m-->[39m [37mPOST[39m [37m/wd/hub/session/4f112a7c-c13f-46b1-b1d2-b4206b68e67c/timeouts[39m {"implicit":30000}
[38;5;149m[4f112a7c][0m[38;5;86m[HTTP][0m <-- POST /wd/hub/session/4f112a7c-c13f-46b1-b1d2-b4206b68e67c/timeouts 200 1 ms - 14 
[38;5;149m[4f112a7c][0m[38;5;86m[HTTP][0m [37m-->[39m [37mGET[39m [37m/wd/hub/session/4f112a7c-c13f-46b1-b1d2-b4206b68e67c/context[39m {}
[38;5;149m[4f112a7c][0m[38;5;86m[HTTP][0m <-- GET /wd/hub/session/4f112a7c-c13f-46b1-b1d2-b4206b68e67c/context 200 1 ms - 22 
[38;5;149m[4f112a7c][0m[38;5;86m[HTTP][0m [37m-->[39m [37mGET[39m [37m/wd/hub/session/4f112a7c-c13f-46b1-b1d2-b4206b68e67c/contexts[39m {}
[38;5;149m[4f112a7c][0m[38;5;86m[HTTP][0m <-- GET /wd/hub/session/4f112a7c-c13f-46b1-b1d2-b4206b68e67c/contexts 200 260 ms - 24 
[38;5;149m[4f112a7c][0m[38;5;86m[HTTP][0m [37m-->[39m [37mPOST[39m [37m/wd/hub/session/4f112a7c-c13f-46b1-b1d2-b4206b68e67c/context[39m {"name":"NATIVE_APP"}
[38;5;149m[4f112a7c][0m[38;5;86m[HTTP][0m <-- POST /wd/hub/session/4f112a7c-c13f-46b1-b1d2-b4206b68e67c/context 200 1 ms - 14 
[38;5;149m[4f112a7c][0m[38;5;86m[HTTP][0m [37m-->[39m [37mGET[39m [37m/wd/hub/session/4f112a7c-c13f-46b1-b1d2-b4206b68e67c/screenshot[39m {}
[38;5;149m[4f112a7c][0m[38;5;86m[HTTP][0m <-- GET /wd/hub/session/4f112a7c-c13f-46b1-b1d2-b4206b68e67c/screenshot 500 3 ms - 986 
[38;5;149m[4f112a7c][0m[38;5;86m[HTTP][0m [37m-->[39m [37mPOST[39m [37m/wd/hub/session/4f112a7c-c13f-46b1-b1d2-b4206b68e67c/context[39m {"name":"NATIVE_APP"}
[38;5;149m[4f112a7c][0m[38;5;86m[HTTP][0m <-- POST /wd/hub/session/4f112a7c-c13f-46b1-b1d2-b4206b68e67c/context 200 1 ms - 14 
[38;5;86m[HTTP][0m [37m-->[39m [37mGET[39m [37m/wd/hub/status[39m {}
[38;5;86m[HTTP][0m <-- GET /wd/hub/status 200 0 ms - 200 
[38;5;86m[HTTP][0m [37m-->[39m [37mPOST[39m [37m/wd/hub/session[39m {"capabilities":{"firstMatch":[{"appium:app":"/Users/gv.vignesh/Downloads/WGR-Android-Automation/App Folder/app-debug.apk","appium:autoGrantPermissions":true,"appium:automationName":"uiautomator2","appium:deviceId":"","appium:deviceName":"emulator-5554 (sdk_gphone64_arm64 - Android 15)","appium:fullReset":true,"appium:newCommandTimeout":1800,"appium:noReset":false,"appium:platformName":"ANDROID","appium:platformVersion":"15","appium:systemPort":57470,"appium:udid":"emulator-5554","platformName":"ANDROID"}]},"desiredCapabilities":{"appium:app":"/Users/gv.vignesh/Downloads/WGR-Android-Automation/App Folder/app-debug.apk","appium:autoGrantPermissions":true,"appium:automationName":"uiautomator2","appium:deviceId":"","appium:deviceName":"emulator-5554 (sdk_gphone64_arm64 - Android 15)","appium:fullReset":true,"appium:newCommandTimeout":1800,"appium:noReset":false,"appium:platformName":"ANDROID","appium:platformVersion":"15","appium:systemPort":57470,"appium:udid":"emulator-5554"}}
[38;5;123m[BaseDriver][0m Ignoring capability 'appium:platformName=ANDROID' and using capability 'platformName=ANDROID'
[38;5;123m[BaseDriver][0m The capabilities ["platformName"] are standard capabilities and do not require "appium:" prefix
[38;5;112m[Appium][0m Attempting to find matching driver for automationName 'uiautomator2' and platformName 'ANDROID'
[38;5;112m[Appium][0m The 'uiautomator2' driver was installed and matched caps.
[38;5;112m[Appium][0m Will require it at /Users/gv.vignesh/.appium/node_modules/appium-uiautomator2-driver
[38;5;212m[AppiumDriver@3092][0m Appium v2.16.0 creating new AndroidUiautomator2Driver (v4.1.5) session
[38;5;212m[AppiumDriver@3092][0m Checking BaseDriver versions for Appium and AndroidUiautomator2Driver
[38;5;212m[AppiumDriver@3092][0m Appium's BaseDriver version is 9.16.4
[38;5;212m[AppiumDriver@3092][0m AndroidUiautomator2Driver's BaseDriver version is 9.16.4
[38;5;-123m[AndroidUiautomator2Driver@3c75][0m The following provided capabilities were not recognized by this driver:
[38;5;-123m[AndroidUiautomator2Driver@3c75][0m   deviceId
[38;5;24m[e482bb14][0m[38;5;-123m[AndroidUiautomator2Driver@3c75][0m Session created with session id: e482bb14-8ca8-4f2c-9548-503baaeabf43
[38;5;24m[e482bb14][0m[38;5;229m[ADB][0m Using 'adb' from '/Users/gv.vignesh/.katalon/tools/android_sdk/platform-tools/adb'
[38;5;24m[e482bb14][0m[38;5;-123m[AndroidUiautomator2Driver@3c75][0m Retrieving device list
[38;5;24m[e482bb14][0m[38;5;-123m[AndroidUiautomator2Driver@3c75][0m Using device: emulator-5554
[38;5;24m[e482bb14][0m[38;5;229m[ADB][0m Using 'adb' from '/Users/gv.vignesh/.katalon/tools/android_sdk/platform-tools/adb'
[38;5;24m[e482bb14][0m[38;5;123m[BaseDriver][0m Using local app '/Users/gv.vignesh/Downloads/WGR-Android-Automation/App Folder/app-debug.apk'
[38;5;24m[e482bb14][0m[38;5;229m[ADB][0m Getting device platform version
[38;5;24m[e482bb14][0m[38;5;-123m[AndroidUiautomator2Driver@3c75][0m Relaxing hidden api policy
[38;5;24m[e482bb14][0m[38;5;229m[ADB][0m Using 'aapt2' from '/Users/gv.vignesh/.katalon/tools/android_sdk/build-tools/29.0.3/aapt2'
[38;5;24m[e482bb14][0m[38;5;229m[ADB][0m Package name: 'com.westgate.rewrite2'
[38;5;24m[e482bb14][0m[38;5;229m[ADB][0m Main activity name: 'com.westgate.rewrite2.MainActivity'
[38;5;24m[e482bb14][0m[38;5;-123m[AndroidUiautomator2Driver@3c75][0m Server packages are not going to be (re)installed
[38;5;24m[e482bb14][0m[38;5;229m[ADB][0m Adding packages ["io.appium.settings","io.appium.uiautomator2.server","io.appium.uiautomator2.server.test"] to Doze whitelist
[38;5;24m[e482bb14][0m[38;5;229m[ADB][0m com.westgate.rewrite2 was not uninstalled, because it was not present on the device
[38;5;24m[e482bb14][0m[38;5;229m[ADB][0m The application at '/Users/gv.vignesh/Downloads/WGR-Android-Automation/App Folder/app-debug.apk' will not be cached, because the device under test has confirmed the support of streamed installs
[38;5;24m[e482bb14][0m[38;5;229m[ADB][0m The installation of 'app-debug.apk' took 358ms
[38;5;24m[e482bb14][0m[38;5;-123m[AndroidUiautomator2Driver@3c75][0m Starting UIAutomator2 server 7.3.0
[38;5;24m[e482bb14][0m[38;5;-123m[AndroidUiautomator2Driver@3c75][0m Using UIAutomator2 server from '/Users/gv.vignesh/.appium/node_modules/appium-uiautomator2-driver/node_modules/appium-uiautomator2-server/apks/appium-uiautomator2-server-v7.3.0.apk' and test from '/Users/gv.vignesh/.appium/node_modules/appium-uiautomator2-driver/node_modules/appium-uiautomator2-server/apks/appium-uiautomator2-server-debug-androidTest.apk'
[38;5;24m[e482bb14][0m[38;5;-123m[AndroidUiautomator2Driver@3c75][0m Waiting up to 30000ms for UiAutomator2 to be online...
[38;5;24m[e482bb14][0m[38;5;-123m[AndroidUiautomator2Driver@3c75][0m socket hang up
[38;5;24m[e482bb14][0m[38;5;-123m[AndroidUiautomator2Driver@3c75][0m Determined the downstream protocol as 'W3C'
[38;5;24m[e482bb14][0m[38;5;-123m[AndroidUiautomator2Driver@3c75][0m Screen already unlocked, doing nothing
[38;5;24m[e482bb14][0m[38;5;-123m[AndroidUiautomator2Driver@3c75][0m Starting 'com.westgate.rewrite2/com.westgate.rewrite2.MainActivity' and waiting for 'com.westgate.rewrite2/com.westgate.rewrite2.MainActivity'
[38;5;24m[e482bb14][0m[38;5;212m[AppiumDriver@3092][0m New AndroidUiautomator2Driver session created successfully, session e482bb14-8ca8-4f2c-9548-503baaeabf43 added to master session list
[38;5;24m[e482bb14][0m[38;5;86m[HTTP][0m <-- POST /wd/hub/session 200 3721 ms - 1350 
[38;5;86m[HTTP][0m [37m-->[39m [37mGET[39m [37m/wd/hub/status[39m {}
[38;5;86m[HTTP][0m <-- GET /wd/hub/status 200 1 ms - 200 
[38;5;24m[e482bb14][0m[38;5;86m[HTTP][0m [37m-->[39m [37mPOST[39m [37m/wd/hub/session/e482bb14-8ca8-4f2c-9548-503baaeabf43/timeouts[39m {"implicit":30000}
[38;5;24m[e482bb14][0m[38;5;86m[HTTP][0m <-- POST /wd/hub/session/e482bb14-8ca8-4f2c-9548-503baaeabf43/timeouts 200 1 ms - 14 
[38;5;24m[e482bb14][0m[38;5;86m[HTTP][0m [37m-->[39m [37mPOST[39m [37m/wd/hub/session/e482bb14-8ca8-4f2c-9548-503baaeabf43/execute/sync[39m {"script":"mobile: getSystemBars","args":[]}
[38;5;24m[e482bb14][0m[38;5;-123m[AndroidUiautomator2Driver@3c75][0m No windows have been found whose title matches to 'NavigationBar'. Assuming it is invisible. Only the following windows are available: ScreenDecorOverlayBottom,ScreenDecorOverlay,EdgeBackGestureHandler0,Taskbar,NotificationShade,StatusBar,ShellDropTarget,InputMethod
[38;5;24m[e482bb14][0m[38;5;86m[HTTP][0m <-- POST /wd/hub/session/e482bb14-8ca8-4f2c-9548-503baaeabf43/execute/sync 200 89 ms - 144 
[38;5;24m[e482bb14][0m[38;5;86m[HTTP][0m [37m-->[39m [37mPOST[39m [37m/wd/hub/session/e482bb14-8ca8-4f2c-9548-503baaeabf43/timeouts[39m {"implicit":50}
[38;5;24m[e482bb14][0m[38;5;86m[HTTP][0m <-- POST /wd/hub/session/e482bb14-8ca8-4f2c-9548-503baaeabf43/timeouts 200 2 ms - 14 
[38;5;24m[e482bb14][0m[38;5;86m[HTTP][0m [37m-->[39m [37mGET[39m [37m/wd/hub/session/e482bb14-8ca8-4f2c-9548-503baaeabf43/window/rect[39m {}
[38;5;24m[e482bb14][0m[38;5;86m[HTTP][0m <-- GET /wd/hub/session/e482bb14-8ca8-4f2c-9548-503baaeabf43/window/rect 200 8 ms - 50 
[38;5;24m[e482bb14][0m[38;5;86m[HTTP][0m [37m-->[39m [37mPOST[39m [37m/wd/hub/session/e482bb14-8ca8-4f2c-9548-503baaeabf43/elements[39m {"using":"xpath","value":"//*[@class = 'android.view.View' and (@text = 'Home' or . = 'Home')]"}
[38;5;24m[e482bb14][0m[38;5;86m[HTTP][0m <-- POST /wd/hub/session/e482bb14-8ca8-4f2c-9548-503baaeabf43/elements 200 172 ms - 139 
[38;5;24m[e482bb14][0m[38;5;86m[HTTP][0m [37m-->[39m [37mGET[39m [37m/wd/hub/session/e482bb14-8ca8-4f2c-9548-503baaeabf43/element/00000000-0000-0045-0000-00ed00000007/rect[39m {}
[38;5;24m[e482bb14][0m[38;5;-123m[AndroidUiautomator2Driver@3c75][0m Driver proxy active, passing request on via HTTP proxy
[38;5;24m[e482bb14][0m[38;5;-123m[AndroidUiautomator2Driver@3c75][0m Replacing sessionId 0cc618ae-46be-4d8c-87dd-a59f64e4c496 with e482bb14-8ca8-4f2c-9548-503baaeabf43
[38;5;24m[e482bb14][0m[38;5;86m[HTTP][0m <-- GET /wd/hub/session/e482bb14-8ca8-4f2c-9548-503baaeabf43/element/00000000-0000-0045-0000-00ed00000007/rect 200 14 ms - 104 
[38;5;24m[e482bb14][0m[38;5;86m[HTTP][0m [37m-->[39m [37mPOST[39m [37m/wd/hub/session/e482bb14-8ca8-4f2c-9548-503baaeabf43/timeouts[39m {"implicit":30000}
[38;5;24m[e482bb14][0m[38;5;86m[HTTP][0m <-- POST /wd/hub/session/e482bb14-8ca8-4f2c-9548-503baaeabf43/timeouts 200 1 ms - 14 
[38;5;24m[e482bb14][0m[38;5;86m[HTTP][0m [37m-->[39m [37mPOST[39m [37m/wd/hub/session/e482bb14-8ca8-4f2c-9548-503baaeabf43/timeouts[39m {"implicit":50}
[38;5;24m[e482bb14][0m[38;5;86m[HTTP][0m <-- POST /wd/hub/session/e482bb14-8ca8-4f2c-9548-503baaeabf43/timeouts 200 2 ms - 14 
[38;5;24m[e482bb14][0m[38;5;86m[HTTP][0m [37m-->[39m [37mGET[39m [37m/wd/hub/session/e482bb14-8ca8-4f2c-9548-503baaeabf43/window/rect[39m {}
[38;5;24m[e482bb14][0m[38;5;86m[HTTP][0m <-- GET /wd/hub/session/e482bb14-8ca8-4f2c-9548-503baaeabf43/window/rect 200 10 ms - 50 
[38;5;24m[e482bb14][0m[38;5;86m[HTTP][0m [37m-->[39m [37mPOST[39m [37m/wd/hub/session/e482bb14-8ca8-4f2c-9548-503baaeabf43/elements[39m {"using":"xpath","value":"//*[@class = 'android.view.View' and (@text = 'Home' or . = 'Home')]"}
[38;5;24m[e482bb14][0m[38;5;86m[HTTP][0m <-- POST /wd/hub/session/e482bb14-8ca8-4f2c-9548-503baaeabf43/elements 200 63 ms - 139 
[38;5;24m[e482bb14][0m[38;5;86m[HTTP][0m [37m-->[39m [37mGET[39m [37m/wd/hub/session/e482bb14-8ca8-4f2c-9548-503baaeabf43/element/00000000-0000-0045-0000-00ed00000007/rect[39m {}
[38;5;24m[e482bb14][0m[38;5;-123m[AndroidUiautomator2Driver@3c75][0m Driver proxy active, passing request on via HTTP proxy
[38;5;24m[e482bb14][0m[38;5;-123m[AndroidUiautomator2Driver@3c75][0m Replacing sessionId 0cc618ae-46be-4d8c-87dd-a59f64e4c496 with e482bb14-8ca8-4f2c-9548-503baaeabf43
[38;5;24m[e482bb14][0m[38;5;86m[HTTP][0m <-- GET /wd/hub/session/e482bb14-8ca8-4f2c-9548-503baaeabf43/element/00000000-0000-0045-0000-00ed00000007/rect 200 6 ms - 104 
[38;5;24m[e482bb14][0m[38;5;86m[HTTP][0m [37m-->[39m [37mPOST[39m [37m/wd/hub/session/e482bb14-8ca8-4f2c-9548-503baaeabf43/timeouts[39m {"implicit":30000}
[38;5;24m[e482bb14][0m[38;5;86m[HTTP][0m <-- POST /wd/hub/session/e482bb14-8ca8-4f2c-9548-503baaeabf43/timeouts 200 1 ms - 14 
[38;5;24m[e482bb14][0m[38;5;86m[HTTP][0m [37m-->[39m [37mPOST[39m [37m/wd/hub/session/e482bb14-8ca8-4f2c-9548-503baaeabf43/element/00000000-0000-0045-0000-00ed00000007/click[39m {"id":"00000000-0000-0045-0000-00ed00000007"}
[38;5;24m[e482bb14][0m[38;5;86m[HTTP][0m <-- POST /wd/hub/session/e482bb14-8ca8-4f2c-9548-503baaeabf43/element/00000000-0000-0045-0000-00ed00000007/click 200 57 ms - 14 
[38;5;24m[e482bb14][0m[38;5;86m[HTTP][0m [37m-->[39m [37mPOST[39m [37m/wd/hub/session/e482bb14-8ca8-4f2c-9548-503baaeabf43/timeouts[39m {"implicit":50}
[38;5;24m[e482bb14][0m[38;5;86m[HTTP][0m <-- POST /wd/hub/session/e482bb14-8ca8-4f2c-9548-503baaeabf43/timeouts 200 2 ms - 14 
[38;5;24m[e482bb14][0m[38;5;86m[HTTP][0m [37m-->[39m [37mGET[39m [37m/wd/hub/session/e482bb14-8ca8-4f2c-9548-503baaeabf43/window/rect[39m {}
[38;5;24m[e482bb14][0m[38;5;86m[HTTP][0m <-- GET /wd/hub/session/e482bb14-8ca8-4f2c-9548-503baaeabf43/window/rect 200 10 ms - 50 
[38;5;24m[e482bb14][0m[38;5;86m[HTTP][0m [37m-->[39m [37mPOST[39m [37m/wd/hub/session/e482bb14-8ca8-4f2c-9548-503baaeabf43/elements[39m {"using":"xpath","value":"//*[@class = 'android.view.View' and (@text = 'Home' or . = 'Home')]"}
[38;5;24m[e482bb14][0m[38;5;86m[HTTP][0m <-- POST /wd/hub/session/e482bb14-8ca8-4f2c-9548-503baaeabf43/elements 200 73 ms - 139 
[38;5;24m[e482bb14][0m[38;5;86m[HTTP][0m [37m-->[39m [37mGET[39m [37m/wd/hub/session/e482bb14-8ca8-4f2c-9548-503baaeabf43/element/00000000-0000-0045-0000-00ed00000007/rect[39m {}
[38;5;24m[e482bb14][0m[38;5;-123m[AndroidUiautomator2Driver@3c75][0m Driver proxy active, passing request on via HTTP proxy
[38;5;24m[e482bb14][0m[38;5;-123m[AndroidUiautomator2Driver@3c75][0m Replacing sessionId 0cc618ae-46be-4d8c-87dd-a59f64e4c496 with e482bb14-8ca8-4f2c-9548-503baaeabf43
[38;5;24m[e482bb14][0m[38;5;86m[HTTP][0m <-- GET /wd/hub/session/e482bb14-8ca8-4f2c-9548-503baaeabf43/element/00000000-0000-0045-0000-00ed00000007/rect 200 4 ms - 104 
[38;5;24m[e482bb14][0m[38;5;86m[HTTP][0m [37m-->[39m [37mPOST[39m [37m/wd/hub/session/e482bb14-8ca8-4f2c-9548-503baaeabf43/timeouts[39m {"implicit":30000}
[38;5;24m[e482bb14][0m[38;5;86m[HTTP][0m <-- POST /wd/hub/session/e482bb14-8ca8-4f2c-9548-503baaeabf43/timeouts 200 0 ms - 14 
[38;5;24m[e482bb14][0m[38;5;86m[HTTP][0m [37m-->[39m [37mPOST[39m [37m/wd/hub/session/e482bb14-8ca8-4f2c-9548-503baaeabf43/timeouts[39m {"implicit":50}
[38;5;24m[e482bb14][0m[38;5;86m[HTTP][0m <-- POST /wd/hub/session/e482bb14-8ca8-4f2c-9548-503baaeabf43/timeouts 200 1 ms - 14 
[38;5;24m[e482bb14][0m[38;5;86m[HTTP][0m [37m-->[39m [37mGET[39m [37m/wd/hub/session/e482bb14-8ca8-4f2c-9548-503baaeabf43/window/rect[39m {}
[38;5;24m[e482bb14][0m[38;5;86m[HTTP][0m <-- GET /wd/hub/session/e482bb14-8ca8-4f2c-9548-503baaeabf43/window/rect 200 11 ms - 50 
[38;5;24m[e482bb14][0m[38;5;86m[HTTP][0m [37m-->[39m [37mPOST[39m [37m/wd/hub/session/e482bb14-8ca8-4f2c-9548-503baaeabf43/elements[39m {"using":"xpath","value":"//*[@class = 'android.widget.TextView' and (@text = '' or . = '')]"}
[38;5;24m[e482bb14][0m[38;5;86m[HTTP][0m <-- POST /wd/hub/session/e482bb14-8ca8-4f2c-9548-503baaeabf43/elements 200 71 ms - 2443 
[38;5;24m[e482bb14][0m[38;5;86m[HTTP][0m [37m-->[39m [37mGET[39m [37m/wd/hub/session/e482bb14-8ca8-4f2c-9548-503baaeabf43/element/00000000-0000-0045-0000-018700000007/rect[39m {}
[38;5;24m[e482bb14][0m[38;5;-123m[AndroidUiautomator2Driver@3c75][0m Driver proxy active, passing request on via HTTP proxy
[38;5;24m[e482bb14][0m[38;5;-123m[AndroidUiautomator2Driver@3c75][0m Replacing sessionId 0cc618ae-46be-4d8c-87dd-a59f64e4c496 with e482bb14-8ca8-4f2c-9548-503baaeabf43
[38;5;24m[e482bb14][0m[38;5;86m[HTTP][0m <-- GET /wd/hub/session/e482bb14-8ca8-4f2c-9548-503baaeabf43/element/00000000-0000-0045-0000-018700000007/rect 200 5 ms - 100 
[38;5;24m[e482bb14][0m[38;5;86m[HTTP][0m [37m-->[39m [37mPOST[39m [37m/wd/hub/session/e482bb14-8ca8-4f2c-9548-503baaeabf43/timeouts[39m {"implicit":30000}
[38;5;24m[e482bb14][0m[38;5;86m[HTTP][0m <-- POST /wd/hub/session/e482bb14-8ca8-4f2c-9548-503baaeabf43/timeouts 200 1 ms - 14 
[38;5;24m[e482bb14][0m[38;5;86m[HTTP][0m [37m-->[39m [37mGET[39m [37m/wd/hub/session/e482bb14-8ca8-4f2c-9548-503baaeabf43/context[39m {}
[38;5;24m[e482bb14][0m[38;5;86m[HTTP][0m <-- GET /wd/hub/session/e482bb14-8ca8-4f2c-9548-503baaeabf43/context 200 0 ms - 22 
[38;5;24m[e482bb14][0m[38;5;86m[HTTP][0m [37m-->[39m [37mGET[39m [37m/wd/hub/session/e482bb14-8ca8-4f2c-9548-503baaeabf43/contexts[39m {}
[38;5;24m[e482bb14][0m[38;5;86m[HTTP][0m <-- GET /wd/hub/session/e482bb14-8ca8-4f2c-9548-503baaeabf43/contexts 200 236 ms - 56 
[38;5;24m[e482bb14][0m[38;5;86m[HTTP][0m [37m-->[39m [37mPOST[39m [37m/wd/hub/session/e482bb14-8ca8-4f2c-9548-503baaeabf43/context[39m {"name":"NATIVE_APP"}
[38;5;24m[e482bb14][0m[38;5;86m[HTTP][0m <-- POST /wd/hub/session/e482bb14-8ca8-4f2c-9548-503baaeabf43/context 200 0 ms - 14 
[38;5;24m[e482bb14][0m[38;5;86m[HTTP][0m [37m-->[39m [37mPOST[39m [37m/wd/hub/session/e482bb14-8ca8-4f2c-9548-503baaeabf43/actions[39m {"actions":[{"id":"finger","type":"pointer","parameters":{"pointerType":"touch"},"actions":[{"duration":0,"type":"pause"},{"duration":0,"x":1000,"y":2000,"type":"pointerMove","origin":"viewport"},{"button":0,"type":"pointerDown"},{"duration":50,"type":"pause"},{"duration":500,"x":200,"y":1000,"type":"pointerMove","origin":"viewport"},{"button":0,"type":"pointerUp"}]}]}
[38;5;24m[e482bb14][0m[38;5;86m[HTTP][0m <-- POST /wd/hub/session/e482bb14-8ca8-4f2c-9548-503baaeabf43/actions 200 603 ms - 14 
[38;5;24m[e482bb14][0m[38;5;86m[HTTP][0m [37m-->[39m [37mPOST[39m [37m/wd/hub/session/e482bb14-8ca8-4f2c-9548-503baaeabf43/context[39m {"name":"NATIVE_APP"}
[38;5;24m[e482bb14][0m[38;5;86m[HTTP][0m <-- POST /wd/hub/session/e482bb14-8ca8-4f2c-9548-503baaeabf43/context 200 2 ms - 14 
[38;5;24m[e482bb14][0m[38;5;86m[HTTP][0m [37m-->[39m [37mPOST[39m [37m/wd/hub/session/e482bb14-8ca8-4f2c-9548-503baaeabf43/timeouts[39m {"implicit":50}
[38;5;24m[e482bb14][0m[38;5;86m[HTTP][0m <-- POST /wd/hub/session/e482bb14-8ca8-4f2c-9548-503baaeabf43/timeouts 200 1 ms - 14 
[38;5;24m[e482bb14][0m[38;5;86m[HTTP][0m [37m-->[39m [37mGET[39m [37m/wd/hub/session/e482bb14-8ca8-4f2c-9548-503baaeabf43/window/rect[39m {}
[38;5;24m[e482bb14][0m[38;5;86m[HTTP][0m <-- GET /wd/hub/session/e482bb14-8ca8-4f2c-9548-503baaeabf43/window/rect 200 13 ms - 50 
[38;5;24m[e482bb14][0m[38;5;86m[HTTP][0m [37m-->[39m [37mPOST[39m [37m/wd/hub/session/e482bb14-8ca8-4f2c-9548-503baaeabf43/elements[39m {"using":"xpath","value":"//*[@class = 'android.view.View' and (@text = 'Home' or . = 'Home')]"}
[38;5;24m[e482bb14][0m[38;5;86m[HTTP][0m <-- POST /wd/hub/session/e482bb14-8ca8-4f2c-9548-503baaeabf43/elements 200 69 ms - 139 
[38;5;24m[e482bb14][0m[38;5;86m[HTTP][0m [37m-->[39m [37mGET[39m [37m/wd/hub/session/e482bb14-8ca8-4f2c-9548-503baaeabf43/element/00000000-0000-0045-0000-00ed00000007/rect[39m {}
[38;5;24m[e482bb14][0m[38;5;-123m[AndroidUiautomator2Driver@3c75][0m Driver proxy active, passing request on via HTTP proxy
[38;5;24m[e482bb14][0m[38;5;-123m[AndroidUiautomator2Driver@3c75][0m Replacing sessionId 0cc618ae-46be-4d8c-87dd-a59f64e4c496 with e482bb14-8ca8-4f2c-9548-503baaeabf43
[38;5;24m[e482bb14][0m[38;5;86m[HTTP][0m <-- GET /wd/hub/session/e482bb14-8ca8-4f2c-9548-503baaeabf43/element/00000000-0000-0045-0000-00ed00000007/rect 200 5 ms - 104 
[38;5;24m[e482bb14][0m[38;5;86m[HTTP][0m [37m-->[39m [37mPOST[39m [37m/wd/hub/session/e482bb14-8ca8-4f2c-9548-503baaeabf43/timeouts[39m {"implicit":30000}
[38;5;24m[e482bb14][0m[38;5;86m[HTTP][0m <-- POST /wd/hub/session/e482bb14-8ca8-4f2c-9548-503baaeabf43/timeouts 200 0 ms - 14 
[38;5;24m[e482bb14][0m[38;5;86m[HTTP][0m [37m-->[39m [37mGET[39m [37m/wd/hub/session/e482bb14-8ca8-4f2c-9548-503baaeabf43/element/00000000-0000-0045-0000-00ed00000007/text[39m {}
[38;5;24m[e482bb14][0m[38;5;-123m[AndroidUiautomator2Driver@3c75][0m Driver proxy active, passing request on via HTTP proxy
[38;5;24m[e482bb14][0m[38;5;-123m[AndroidUiautomator2Driver@3c75][0m Replacing sessionId 0cc618ae-46be-4d8c-87dd-a59f64e4c496 with e482bb14-8ca8-4f2c-9548-503baaeabf43
[38;5;24m[e482bb14][0m[38;5;86m[HTTP][0m <-- GET /wd/hub/session/e482bb14-8ca8-4f2c-9548-503baaeabf43/element/00000000-0000-0045-0000-00ed00000007/text 200 4 ms - 67 
[38;5;24m[e482bb14][0m[38;5;86m[HTTP][0m [37m-->[39m [37mPOST[39m [37m/wd/hub/session/e482bb14-8ca8-4f2c-9548-503baaeabf43/timeouts[39m {"implicit":50}
[38;5;24m[e482bb14][0m[38;5;86m[HTTP][0m <-- POST /wd/hub/session/e482bb14-8ca8-4f2c-9548-503baaeabf43/timeouts 200 1 ms - 14 
[38;5;24m[e482bb14][0m[38;5;86m[HTTP][0m [37m-->[39m [37mGET[39m [37m/wd/hub/session/e482bb14-8ca8-4f2c-9548-503baaeabf43/window/rect[39m {}
[38;5;24m[e482bb14][0m[38;5;86m[HTTP][0m <-- GET /wd/hub/session/e482bb14-8ca8-4f2c-9548-503baaeabf43/window/rect 200 11 ms - 50 
[38;5;24m[e482bb14][0m[38;5;86m[HTTP][0m [37m-->[39m [37mPOST[39m [37m/wd/hub/session/e482bb14-8ca8-4f2c-9548-503baaeabf43/elements[39m {"using":"xpath","value":"//*[@class = 'android.view.View' and (@text = 'My Account' or . = 'My Account')]"}
[38;5;24m[e482bb14][0m[38;5;86m[HTTP][0m <-- POST /wd/hub/session/e482bb14-8ca8-4f2c-9548-503baaeabf43/elements 200 59 ms - 139 
[38;5;24m[e482bb14][0m[38;5;86m[HTTP][0m [37m-->[39m [37mGET[39m [37m/wd/hub/session/e482bb14-8ca8-4f2c-9548-503baaeabf43/element/00000000-0000-0045-0000-00f200000007/rect[39m {}
[38;5;24m[e482bb14][0m[38;5;-123m[AndroidUiautomator2Driver@3c75][0m Driver proxy active, passing request on via HTTP proxy
[38;5;24m[e482bb14][0m[38;5;-123m[AndroidUiautomator2Driver@3c75][0m Replacing sessionId 0cc618ae-46be-4d8c-87dd-a59f64e4c496 with e482bb14-8ca8-4f2c-9548-503baaeabf43
[38;5;24m[e482bb14][0m[38;5;86m[HTTP][0m <-- GET /wd/hub/session/e482bb14-8ca8-4f2c-9548-503baaeabf43/element/00000000-0000-0045-0000-00f200000007/rect 200 6 ms - 104 
[38;5;24m[e482bb14][0m[38;5;86m[HTTP][0m [37m-->[39m [37mPOST[39m [37m/wd/hub/session/e482bb14-8ca8-4f2c-9548-503baaeabf43/timeouts[39m {"implicit":30000}
[38;5;24m[e482bb14][0m[38;5;86m[HTTP][0m <-- POST /wd/hub/session/e482bb14-8ca8-4f2c-9548-503baaeabf43/timeouts 200 0 ms - 14 
[38;5;24m[e482bb14][0m[38;5;86m[HTTP][0m [37m-->[39m [37mPOST[39m [37m/wd/hub/session/e482bb14-8ca8-4f2c-9548-503baaeabf43/timeouts[39m {"implicit":50}
[38;5;24m[e482bb14][0m[38;5;86m[HTTP][0m <-- POST /wd/hub/session/e482bb14-8ca8-4f2c-9548-503baaeabf43/timeouts 200 1 ms - 14 
[38;5;24m[e482bb14][0m[38;5;86m[HTTP][0m [37m-->[39m [37mGET[39m [37m/wd/hub/session/e482bb14-8ca8-4f2c-9548-503baaeabf43/window/rect[39m {}
[38;5;24m[e482bb14][0m[38;5;86m[HTTP][0m <-- GET /wd/hub/session/e482bb14-8ca8-4f2c-9548-503baaeabf43/window/rect 200 10 ms - 50 
[38;5;24m[e482bb14][0m[38;5;86m[HTTP][0m [37m-->[39m [37mPOST[39m [37m/wd/hub/session/e482bb14-8ca8-4f2c-9548-503baaeabf43/elements[39m {"using":"xpath","value":"//*[@class = 'android.view.View' and (@text = 'My Account' or . = 'My Account')]"}
[38;5;24m[e482bb14][0m[38;5;86m[HTTP][0m <-- POST /wd/hub/session/e482bb14-8ca8-4f2c-9548-503baaeabf43/elements 200 69 ms - 139 
[38;5;24m[e482bb14][0m[38;5;86m[HTTP][0m [37m-->[39m [37mGET[39m [37m/wd/hub/session/e482bb14-8ca8-4f2c-9548-503baaeabf43/element/00000000-0000-0045-0000-00f200000007/rect[39m {}
[38;5;24m[e482bb14][0m[38;5;-123m[AndroidUiautomator2Driver@3c75][0m Driver proxy active, passing request on via HTTP proxy
[38;5;24m[e482bb14][0m[38;5;-123m[AndroidUiautomator2Driver@3c75][0m Replacing sessionId 0cc618ae-46be-4d8c-87dd-a59f64e4c496 with e482bb14-8ca8-4f2c-9548-503baaeabf43
[38;5;24m[e482bb14][0m[38;5;86m[HTTP][0m <-- GET /wd/hub/session/e482bb14-8ca8-4f2c-9548-503baaeabf43/element/00000000-0000-0045-0000-00f200000007/rect 200 5 ms - 104 
[38;5;24m[e482bb14][0m[38;5;86m[HTTP][0m [37m-->[39m [37mPOST[39m [37m/wd/hub/session/e482bb14-8ca8-4f2c-9548-503baaeabf43/timeouts[39m {"implicit":30000}
[38;5;24m[e482bb14][0m[38;5;86m[HTTP][0m <-- POST /wd/hub/session/e482bb14-8ca8-4f2c-9548-503baaeabf43/timeouts 200 1 ms - 14 
[38;5;24m[e482bb14][0m[38;5;86m[HTTP][0m [37m-->[39m [37mGET[39m [37m/wd/hub/session/e482bb14-8ca8-4f2c-9548-503baaeabf43/element/00000000-0000-0045-0000-00f200000007/text[39m {}
[38;5;24m[e482bb14][0m[38;5;-123m[AndroidUiautomator2Driver@3c75][0m Driver proxy active, passing request on via HTTP proxy
[38;5;24m[e482bb14][0m[38;5;-123m[AndroidUiautomator2Driver@3c75][0m Replacing sessionId 0cc618ae-46be-4d8c-87dd-a59f64e4c496 with e482bb14-8ca8-4f2c-9548-503baaeabf43
[38;5;24m[e482bb14][0m[38;5;86m[HTTP][0m <-- GET /wd/hub/session/e482bb14-8ca8-4f2c-9548-503baaeabf43/element/00000000-0000-0045-0000-00f200000007/text 200 5 ms - 73 
[38;5;24m[e482bb14][0m[38;5;86m[HTTP][0m [37m-->[39m [37mGET[39m [37m/wd/hub/session/e482bb14-8ca8-4f2c-9548-503baaeabf43/context[39m {}
[38;5;24m[e482bb14][0m[38;5;86m[HTTP][0m <-- GET /wd/hub/session/e482bb14-8ca8-4f2c-9548-503baaeabf43/context 200 0 ms - 22 
[38;5;24m[e482bb14][0m[38;5;86m[HTTP][0m [37m-->[39m [37mGET[39m [37m/wd/hub/session/e482bb14-8ca8-4f2c-9548-503baaeabf43/contexts[39m {}
[38;5;24m[e482bb14][0m[38;5;86m[HTTP][0m <-- GET /wd/hub/session/e482bb14-8ca8-4f2c-9548-503baaeabf43/contexts 200 244 ms - 24 
[38;5;24m[e482bb14][0m[38;5;86m[HTTP][0m [37m-->[39m [37mPOST[39m [37m/wd/hub/session/e482bb14-8ca8-4f2c-9548-503baaeabf43/context[39m {"name":"NATIVE_APP"}
[38;5;24m[e482bb14][0m[38;5;86m[HTTP][0m <-- POST /wd/hub/session/e482bb14-8ca8-4f2c-9548-503baaeabf43/context 200 1 ms - 14 
[38;5;24m[e482bb14][0m[38;5;86m[HTTP][0m [37m-->[39m [37mPOST[39m [37m/wd/hub/session/e482bb14-8ca8-4f2c-9548-503baaeabf43/element[39m {"using":"-android uiautomator","value":"new UiScrollable(new UiSelector().scrollable(true).instance(0)).scrollIntoView(new UiSelector().textContains(\"Recommended for you\"))"}
[38;5;24m[e482bb14][0m[38;5;86m[HTTP][0m <-- POST /wd/hub/session/e482bb14-8ca8-4f2c-9548-503baaeabf43/element 500 7 ms - 2148 
[38;5;24m[e482bb14][0m[38;5;86m[HTTP][0m [37m-->[39m [37mPOST[39m [37m/wd/hub/session/e482bb14-8ca8-4f2c-9548-503baaeabf43/context[39m {"name":"NATIVE_APP"}
[38;5;24m[e482bb14][0m[38;5;86m[HTTP][0m <-- POST /wd/hub/session/e482bb14-8ca8-4f2c-9548-503baaeabf43/context 200 1 ms - 14 
[38;5;24m[e482bb14][0m[38;5;86m[HTTP][0m [37m-->[39m [37mGET[39m [37m/wd/hub/session/e482bb14-8ca8-4f2c-9548-503baaeabf43/context[39m {}
[38;5;24m[e482bb14][0m[38;5;86m[HTTP][0m <-- GET /wd/hub/session/e482bb14-8ca8-4f2c-9548-503baaeabf43/context 200 0 ms - 22 
[38;5;24m[e482bb14][0m[38;5;86m[HTTP][0m [37m-->[39m [37mGET[39m [37m/wd/hub/session/e482bb14-8ca8-4f2c-9548-503baaeabf43/contexts[39m {}
[38;5;24m[e482bb14][0m[38;5;86m[HTTP][0m <-- GET /wd/hub/session/e482bb14-8ca8-4f2c-9548-503baaeabf43/contexts 200 257 ms - 24 
[38;5;24m[e482bb14][0m[38;5;86m[HTTP][0m [37m-->[39m [37mPOST[39m [37m/wd/hub/session/e482bb14-8ca8-4f2c-9548-503baaeabf43/context[39m {"name":"NATIVE_APP"}
[38;5;24m[e482bb14][0m[38;5;86m[HTTP][0m <-- POST /wd/hub/session/e482bb14-8ca8-4f2c-9548-503baaeabf43/context 200 1 ms - 14 
[38;5;24m[e482bb14][0m[38;5;86m[HTTP][0m [37m-->[39m [37mGET[39m [37m/wd/hub/session/e482bb14-8ca8-4f2c-9548-503baaeabf43/screenshot[39m {}
[38;5;24m[e482bb14][0m[38;5;86m[HTTP][0m <-- GET /wd/hub/session/e482bb14-8ca8-4f2c-9548-503baaeabf43/screenshot 500 1 ms - 986 
[38;5;24m[e482bb14][0m[38;5;86m[HTTP][0m [37m-->[39m [37mPOST[39m [37m/wd/hub/session/e482bb14-8ca8-4f2c-9548-503baaeabf43/context[39m {"name":"NATIVE_APP"}
[38;5;24m[e482bb14][0m[38;5;86m[HTTP][0m <-- POST /wd/hub/session/e482bb14-8ca8-4f2c-9548-503baaeabf43/context 200 1 ms - 14 
[38;5;86m[HTTP][0m [37m-->[39m [37mGET[39m [37m/wd/hub/status[39m {}
[38;5;86m[HTTP][0m <-- GET /wd/hub/status 200 0 ms - 200 
[38;5;86m[HTTP][0m [37m-->[39m [37mPOST[39m [37m/wd/hub/session[39m {"capabilities":{"firstMatch":[{"appium:app":"/Users/gv.vignesh/Downloads/WGR-Android-Automation/App Folder/app-debug.apk","appium:autoGrantPermissions":true,"appium:automationName":"uiautomator2","appium:deviceId":"","appium:deviceName":"emulator-5554 (sdk_gphone64_arm64 - Android 15)","appium:fullReset":true,"appium:newCommandTimeout":1800,"appium:noReset":false,"appium:platformName":"ANDROID","appium:platformVersion":"15","appium:systemPort":57689,"appium:udid":"emulator-5554","platformName":"ANDROID"}]},"desiredCapabilities":{"appium:app":"/Users/gv.vignesh/Downloads/WGR-Android-Automation/App Folder/app-debug.apk","appium:autoGrantPermissions":true,"appium:automationName":"uiautomator2","appium:deviceId":"","appium:deviceName":"emulator-5554 (sdk_gphone64_arm64 - Android 15)","appium:fullReset":true,"appium:newCommandTimeout":1800,"appium:noReset":false,"appium:platformName":"ANDROID","appium:platformVersion":"15","appium:systemPort":57689,"appium:udid":"emulator-5554"}}
[38;5;123m[BaseDriver][0m Ignoring capability 'appium:platformName=ANDROID' and using capability 'platformName=ANDROID'
[38;5;123m[BaseDriver][0m The capabilities ["platformName"] are standard capabilities and do not require "appium:" prefix
[38;5;112m[Appium][0m Attempting to find matching driver for automationName 'uiautomator2' and platformName 'ANDROID'
[38;5;112m[Appium][0m The 'uiautomator2' driver was installed and matched caps.
[38;5;112m[Appium][0m Will require it at /Users/gv.vignesh/.appium/node_modules/appium-uiautomator2-driver
[38;5;212m[AppiumDriver@3092][0m Appium v2.16.0 creating new AndroidUiautomator2Driver (v4.1.5) session
[38;5;212m[AppiumDriver@3092][0m Checking BaseDriver versions for Appium and AndroidUiautomator2Driver
[38;5;212m[AppiumDriver@3092][0m Appium's BaseDriver version is 9.16.4
[38;5;212m[AppiumDriver@3092][0m AndroidUiautomator2Driver's BaseDriver version is 9.16.4
[38;5;-126m[AndroidUiautomator2Driver@5e5d][0m The following provided capabilities were not recognized by this driver:
[38;5;-126m[AndroidUiautomator2Driver@5e5d][0m   deviceId
[38;5;173m[d78e8ea1][0m[38;5;-126m[AndroidUiautomator2Driver@5e5d][0m Session created with session id: d78e8ea1-cc96-4c4b-b88e-7fb7b78033f0
[38;5;173m[d78e8ea1][0m[38;5;229m[ADB][0m Using 'adb' from '/Users/gv.vignesh/.katalon/tools/android_sdk/platform-tools/adb'
[38;5;173m[d78e8ea1][0m[38;5;-126m[AndroidUiautomator2Driver@5e5d][0m Retrieving device list
[38;5;173m[d78e8ea1][0m[38;5;-126m[AndroidUiautomator2Driver@5e5d][0m Using device: emulator-5554
[38;5;173m[d78e8ea1][0m[38;5;229m[ADB][0m Using 'adb' from '/Users/gv.vignesh/.katalon/tools/android_sdk/platform-tools/adb'
[38;5;173m[d78e8ea1][0m[38;5;123m[BaseDriver][0m Using local app '/Users/gv.vignesh/Downloads/WGR-Android-Automation/App Folder/app-debug.apk'
[38;5;173m[d78e8ea1][0m[38;5;229m[ADB][0m Getting device platform version
[38;5;173m[d78e8ea1][0m[38;5;-126m[AndroidUiautomator2Driver@5e5d][0m Relaxing hidden api policy
[38;5;173m[d78e8ea1][0m[38;5;229m[ADB][0m Using 'aapt2' from '/Users/gv.vignesh/.katalon/tools/android_sdk/build-tools/29.0.3/aapt2'
[38;5;173m[d78e8ea1][0m[38;5;229m[ADB][0m Package name: 'com.westgate.rewrite2'
[38;5;173m[d78e8ea1][0m[38;5;229m[ADB][0m Main activity name: 'com.westgate.rewrite2.MainActivity'
[38;5;173m[d78e8ea1][0m[38;5;-126m[AndroidUiautomator2Driver@5e5d][0m Server packages are not going to be (re)installed
[38;5;173m[d78e8ea1][0m[38;5;229m[ADB][0m Adding packages ["io.appium.settings","io.appium.uiautomator2.server","io.appium.uiautomator2.server.test"] to Doze whitelist
[38;5;173m[d78e8ea1][0m[38;5;229m[ADB][0m com.westgate.rewrite2 was not uninstalled, because it was not present on the device
[38;5;173m[d78e8ea1][0m[38;5;229m[ADB][0m The application at '/Users/gv.vignesh/Downloads/WGR-Android-Automation/App Folder/app-debug.apk' will not be cached, because the device under test has confirmed the support of streamed installs
[38;5;173m[d78e8ea1][0m[38;5;229m[ADB][0m The installation of 'app-debug.apk' took 426ms
[38;5;173m[d78e8ea1][0m[38;5;-126m[AndroidUiautomator2Driver@5e5d][0m Starting UIAutomator2 server 7.3.0
[38;5;173m[d78e8ea1][0m[38;5;-126m[AndroidUiautomator2Driver@5e5d][0m Using UIAutomator2 server from '/Users/gv.vignesh/.appium/node_modules/appium-uiautomator2-driver/node_modules/appium-uiautomator2-server/apks/appium-uiautomator2-server-v7.3.0.apk' and test from '/Users/gv.vignesh/.appium/node_modules/appium-uiautomator2-driver/node_modules/appium-uiautomator2-server/apks/appium-uiautomator2-server-debug-androidTest.apk'
[38;5;173m[d78e8ea1][0m[38;5;-126m[AndroidUiautomator2Driver@5e5d][0m Waiting up to 30000ms for UiAutomator2 to be online...
[38;5;173m[d78e8ea1][0m[38;5;-126m[AndroidUiautomator2Driver@5e5d][0m socket hang up
[38;5;173m[d78e8ea1][0m[38;5;-126m[AndroidUiautomator2Driver@5e5d][0m Determined the downstream protocol as 'W3C'
[38;5;173m[d78e8ea1][0m[38;5;-126m[AndroidUiautomator2Driver@5e5d][0m Screen already unlocked, doing nothing
[38;5;173m[d78e8ea1][0m[38;5;-126m[AndroidUiautomator2Driver@5e5d][0m Starting 'com.westgate.rewrite2/com.westgate.rewrite2.MainActivity' and waiting for 'com.westgate.rewrite2/com.westgate.rewrite2.MainActivity'
[38;5;173m[d78e8ea1][0m[38;5;212m[AppiumDriver@3092][0m New AndroidUiautomator2Driver session created successfully, session d78e8ea1-cc96-4c4b-b88e-7fb7b78033f0 added to master session list
[38;5;173m[d78e8ea1][0m[38;5;86m[HTTP][0m <-- POST /wd/hub/session 200 3713 ms - 1350 
[38;5;86m[HTTP][0m [37m-->[39m [37mGET[39m [37m/wd/hub/status[39m {}
[38;5;86m[HTTP][0m <-- GET /wd/hub/status 200 0 ms - 200 
[38;5;173m[d78e8ea1][0m[38;5;86m[HTTP][0m [37m-->[39m [37mPOST[39m [37m/wd/hub/session/d78e8ea1-cc96-4c4b-b88e-7fb7b78033f0/timeouts[39m {"implicit":30000}
[38;5;173m[d78e8ea1][0m[38;5;86m[HTTP][0m <-- POST /wd/hub/session/d78e8ea1-cc96-4c4b-b88e-7fb7b78033f0/timeouts 200 1 ms - 14 
[38;5;173m[d78e8ea1][0m[38;5;86m[HTTP][0m [37m-->[39m [37mPOST[39m [37m/wd/hub/session/d78e8ea1-cc96-4c4b-b88e-7fb7b78033f0/execute/sync[39m {"script":"mobile: getSystemBars","args":[]}
[38;5;173m[d78e8ea1][0m[38;5;-126m[AndroidUiautomator2Driver@5e5d][0m No windows have been found whose title matches to 'NavigationBar'. Assuming it is invisible. Only the following windows are available: ScreenDecorOverlayBottom,ScreenDecorOverlay,EdgeBackGestureHandler0,Taskbar,NotificationShade,StatusBar,ShellDropTarget,InputMethod
[38;5;173m[d78e8ea1][0m[38;5;86m[HTTP][0m <-- POST /wd/hub/session/d78e8ea1-cc96-4c4b-b88e-7fb7b78033f0/execute/sync 200 77 ms - 144 
[38;5;173m[d78e8ea1][0m[38;5;86m[HTTP][0m [37m-->[39m [37mPOST[39m [37m/wd/hub/session/d78e8ea1-cc96-4c4b-b88e-7fb7b78033f0/timeouts[39m {"implicit":50}
[38;5;173m[d78e8ea1][0m[38;5;86m[HTTP][0m <-- POST /wd/hub/session/d78e8ea1-cc96-4c4b-b88e-7fb7b78033f0/timeouts 200 2 ms - 14 
[38;5;173m[d78e8ea1][0m[38;5;86m[HTTP][0m [37m-->[39m [37mGET[39m [37m/wd/hub/session/d78e8ea1-cc96-4c4b-b88e-7fb7b78033f0/window/rect[39m {}
[38;5;173m[d78e8ea1][0m[38;5;86m[HTTP][0m <-- GET /wd/hub/session/d78e8ea1-cc96-4c4b-b88e-7fb7b78033f0/window/rect 200 14 ms - 50 
[38;5;173m[d78e8ea1][0m[38;5;86m[HTTP][0m [37m-->[39m [37mPOST[39m [37m/wd/hub/session/d78e8ea1-cc96-4c4b-b88e-7fb7b78033f0/elements[39m {"using":"xpath","value":"//*[@class = 'android.view.View' and (@text = 'Home' or . = 'Home')]"}
[38;5;173m[d78e8ea1][0m[38;5;86m[HTTP][0m <-- POST /wd/hub/session/d78e8ea1-cc96-4c4b-b88e-7fb7b78033f0/elements 200 184 ms - 139 
[38;5;173m[d78e8ea1][0m[38;5;86m[HTTP][0m [37m-->[39m [37mGET[39m [37m/wd/hub/session/d78e8ea1-cc96-4c4b-b88e-7fb7b78033f0/element/00000000-0000-0051-0000-00ef00000007/rect[39m {}
[38;5;173m[d78e8ea1][0m[38;5;-126m[AndroidUiautomator2Driver@5e5d][0m Driver proxy active, passing request on via HTTP proxy
[38;5;173m[d78e8ea1][0m[38;5;-126m[AndroidUiautomator2Driver@5e5d][0m Replacing sessionId eab2c2ee-0e16-43b0-b3b9-fbab5a0f2fda with d78e8ea1-cc96-4c4b-b88e-7fb7b78033f0
[38;5;173m[d78e8ea1][0m[38;5;86m[HTTP][0m <-- GET /wd/hub/session/d78e8ea1-cc96-4c4b-b88e-7fb7b78033f0/element/00000000-0000-0051-0000-00ef00000007/rect 200 15 ms - 104 
[38;5;173m[d78e8ea1][0m[38;5;86m[HTTP][0m [37m-->[39m [37mPOST[39m [37m/wd/hub/session/d78e8ea1-cc96-4c4b-b88e-7fb7b78033f0/timeouts[39m {"implicit":30000}
[38;5;173m[d78e8ea1][0m[38;5;86m[HTTP][0m <-- POST /wd/hub/session/d78e8ea1-cc96-4c4b-b88e-7fb7b78033f0/timeouts 200 1 ms - 14 
[38;5;173m[d78e8ea1][0m[38;5;86m[HTTP][0m [37m-->[39m [37mPOST[39m [37m/wd/hub/session/d78e8ea1-cc96-4c4b-b88e-7fb7b78033f0/timeouts[39m {"implicit":50}
[38;5;173m[d78e8ea1][0m[38;5;86m[HTTP][0m <-- POST /wd/hub/session/d78e8ea1-cc96-4c4b-b88e-7fb7b78033f0/timeouts 200 2 ms - 14 
[38;5;173m[d78e8ea1][0m[38;5;86m[HTTP][0m [37m-->[39m [37mGET[39m [37m/wd/hub/session/d78e8ea1-cc96-4c4b-b88e-7fb7b78033f0/window/rect[39m {}
[38;5;173m[d78e8ea1][0m[38;5;86m[HTTP][0m <-- GET /wd/hub/session/d78e8ea1-cc96-4c4b-b88e-7fb7b78033f0/window/rect 200 12 ms - 50 
[38;5;173m[d78e8ea1][0m[38;5;86m[HTTP][0m [37m-->[39m [37mPOST[39m [37m/wd/hub/session/d78e8ea1-cc96-4c4b-b88e-7fb7b78033f0/elements[39m {"using":"xpath","value":"//*[@class = 'android.view.View' and (@text = 'Home' or . = 'Home')]"}
[38;5;173m[d78e8ea1][0m[38;5;86m[HTTP][0m <-- POST /wd/hub/session/d78e8ea1-cc96-4c4b-b88e-7fb7b78033f0/elements 200 50 ms - 139 
[38;5;173m[d78e8ea1][0m[38;5;86m[HTTP][0m [37m-->[39m [37mGET[39m [37m/wd/hub/session/d78e8ea1-cc96-4c4b-b88e-7fb7b78033f0/element/00000000-0000-0051-0000-00ef00000007/rect[39m {}
[38;5;173m[d78e8ea1][0m[38;5;-126m[AndroidUiautomator2Driver@5e5d][0m Driver proxy active, passing request on via HTTP proxy
[38;5;173m[d78e8ea1][0m[38;5;-126m[AndroidUiautomator2Driver@5e5d][0m Replacing sessionId eab2c2ee-0e16-43b0-b3b9-fbab5a0f2fda with d78e8ea1-cc96-4c4b-b88e-7fb7b78033f0
[38;5;173m[d78e8ea1][0m[38;5;86m[HTTP][0m <-- GET /wd/hub/session/d78e8ea1-cc96-4c4b-b88e-7fb7b78033f0/element/00000000-0000-0051-0000-00ef00000007/rect 200 7 ms - 104 
[38;5;173m[d78e8ea1][0m[38;5;86m[HTTP][0m [37m-->[39m [37mPOST[39m [37m/wd/hub/session/d78e8ea1-cc96-4c4b-b88e-7fb7b78033f0/timeouts[39m {"implicit":30000}
[38;5;173m[d78e8ea1][0m[38;5;86m[HTTP][0m <-- POST /wd/hub/session/d78e8ea1-cc96-4c4b-b88e-7fb7b78033f0/timeouts 200 0 ms - 14 
[38;5;173m[d78e8ea1][0m[38;5;86m[HTTP][0m [37m-->[39m [37mPOST[39m [37m/wd/hub/session/d78e8ea1-cc96-4c4b-b88e-7fb7b78033f0/element/00000000-0000-0051-0000-00ef00000007/click[39m {"id":"00000000-0000-0051-0000-00ef00000007"}
[38;5;173m[d78e8ea1][0m[38;5;86m[HTTP][0m <-- POST /wd/hub/session/d78e8ea1-cc96-4c4b-b88e-7fb7b78033f0/element/00000000-0000-0051-0000-00ef00000007/click 200 66 ms - 14 
[38;5;173m[d78e8ea1][0m[38;5;86m[HTTP][0m [37m-->[39m [37mPOST[39m [37m/wd/hub/session/d78e8ea1-cc96-4c4b-b88e-7fb7b78033f0/timeouts[39m {"implicit":50}
[38;5;173m[d78e8ea1][0m[38;5;86m[HTTP][0m <-- POST /wd/hub/session/d78e8ea1-cc96-4c4b-b88e-7fb7b78033f0/timeouts 200 1 ms - 14 
[38;5;173m[d78e8ea1][0m[38;5;86m[HTTP][0m [37m-->[39m [37mGET[39m [37m/wd/hub/session/d78e8ea1-cc96-4c4b-b88e-7fb7b78033f0/window/rect[39m {}
[38;5;173m[d78e8ea1][0m[38;5;86m[HTTP][0m <-- GET /wd/hub/session/d78e8ea1-cc96-4c4b-b88e-7fb7b78033f0/window/rect 200 11 ms - 50 
[38;5;173m[d78e8ea1][0m[38;5;86m[HTTP][0m [37m-->[39m [37mPOST[39m [37m/wd/hub/session/d78e8ea1-cc96-4c4b-b88e-7fb7b78033f0/elements[39m {"using":"xpath","value":"//*[@class = 'android.view.View' and (@text = 'Home' or . = 'Home')]"}
[38;5;173m[d78e8ea1][0m[38;5;86m[HTTP][0m <-- POST /wd/hub/session/d78e8ea1-cc96-4c4b-b88e-7fb7b78033f0/elements 200 72 ms - 139 
[38;5;173m[d78e8ea1][0m[38;5;86m[HTTP][0m [37m-->[39m [37mGET[39m [37m/wd/hub/session/d78e8ea1-cc96-4c4b-b88e-7fb7b78033f0/element/00000000-0000-0051-0000-00ef00000007/rect[39m {}
[38;5;173m[d78e8ea1][0m[38;5;-126m[AndroidUiautomator2Driver@5e5d][0m Driver proxy active, passing request on via HTTP proxy
[38;5;173m[d78e8ea1][0m[38;5;-126m[AndroidUiautomator2Driver@5e5d][0m Replacing sessionId eab2c2ee-0e16-43b0-b3b9-fbab5a0f2fda with d78e8ea1-cc96-4c4b-b88e-7fb7b78033f0
[38;5;173m[d78e8ea1][0m[38;5;86m[HTTP][0m <-- GET /wd/hub/session/d78e8ea1-cc96-4c4b-b88e-7fb7b78033f0/element/00000000-0000-0051-0000-00ef00000007/rect 200 4 ms - 104 
[38;5;173m[d78e8ea1][0m[38;5;86m[HTTP][0m [37m-->[39m [37mPOST[39m [37m/wd/hub/session/d78e8ea1-cc96-4c4b-b88e-7fb7b78033f0/timeouts[39m {"implicit":30000}
[38;5;173m[d78e8ea1][0m[38;5;86m[HTTP][0m <-- POST /wd/hub/session/d78e8ea1-cc96-4c4b-b88e-7fb7b78033f0/timeouts 200 0 ms - 14 
[38;5;173m[d78e8ea1][0m[38;5;86m[HTTP][0m [37m-->[39m [37mPOST[39m [37m/wd/hub/session/d78e8ea1-cc96-4c4b-b88e-7fb7b78033f0/timeouts[39m {"implicit":50}
[38;5;173m[d78e8ea1][0m[38;5;86m[HTTP][0m <-- POST /wd/hub/session/d78e8ea1-cc96-4c4b-b88e-7fb7b78033f0/timeouts 200 2 ms - 14 
[38;5;173m[d78e8ea1][0m[38;5;86m[HTTP][0m [37m-->[39m [37mGET[39m [37m/wd/hub/session/d78e8ea1-cc96-4c4b-b88e-7fb7b78033f0/window/rect[39m {}
[38;5;173m[d78e8ea1][0m[38;5;86m[HTTP][0m <-- GET /wd/hub/session/d78e8ea1-cc96-4c4b-b88e-7fb7b78033f0/window/rect 200 9 ms - 50 
[38;5;173m[d78e8ea1][0m[38;5;86m[HTTP][0m [37m-->[39m [37mPOST[39m [37m/wd/hub/session/d78e8ea1-cc96-4c4b-b88e-7fb7b78033f0/elements[39m {"using":"xpath","value":"//*[@class = 'android.widget.TextView' and (@text = '' or . = '')]"}
[38;5;173m[d78e8ea1][0m[38;5;86m[HTTP][0m <-- POST /wd/hub/session/d78e8ea1-cc96-4c4b-b88e-7fb7b78033f0/elements 200 70 ms - 2443 
[38;5;173m[d78e8ea1][0m[38;5;86m[HTTP][0m [37m-->[39m [37mGET[39m [37m/wd/hub/session/d78e8ea1-cc96-4c4b-b88e-7fb7b78033f0/element/00000000-0000-0051-0000-018800000007/rect[39m {}
[38;5;173m[d78e8ea1][0m[38;5;-126m[AndroidUiautomator2Driver@5e5d][0m Driver proxy active, passing request on via HTTP proxy
[38;5;173m[d78e8ea1][0m[38;5;-126m[AndroidUiautomator2Driver@5e5d][0m Replacing sessionId eab2c2ee-0e16-43b0-b3b9-fbab5a0f2fda with d78e8ea1-cc96-4c4b-b88e-7fb7b78033f0
[38;5;173m[d78e8ea1][0m[38;5;86m[HTTP][0m <-- GET /wd/hub/session/d78e8ea1-cc96-4c4b-b88e-7fb7b78033f0/element/00000000-0000-0051-0000-018800000007/rect 200 9 ms - 100 
[38;5;173m[d78e8ea1][0m[38;5;86m[HTTP][0m [37m-->[39m [37mPOST[39m [37m/wd/hub/session/d78e8ea1-cc96-4c4b-b88e-7fb7b78033f0/timeouts[39m {"implicit":30000}
[38;5;173m[d78e8ea1][0m[38;5;86m[HTTP][0m <-- POST /wd/hub/session/d78e8ea1-cc96-4c4b-b88e-7fb7b78033f0/timeouts 200 0 ms - 14 
[38;5;173m[d78e8ea1][0m[38;5;86m[HTTP][0m [37m-->[39m [37mGET[39m [37m/wd/hub/session/d78e8ea1-cc96-4c4b-b88e-7fb7b78033f0/context[39m {}
[38;5;173m[d78e8ea1][0m[38;5;86m[HTTP][0m <-- GET /wd/hub/session/d78e8ea1-cc96-4c4b-b88e-7fb7b78033f0/context 200 0 ms - 22 
[38;5;173m[d78e8ea1][0m[38;5;86m[HTTP][0m [37m-->[39m [37mGET[39m [37m/wd/hub/session/d78e8ea1-cc96-4c4b-b88e-7fb7b78033f0/contexts[39m {}
[38;5;173m[d78e8ea1][0m[38;5;86m[HTTP][0m <-- GET /wd/hub/session/d78e8ea1-cc96-4c4b-b88e-7fb7b78033f0/contexts 200 228 ms - 56 
[38;5;173m[d78e8ea1][0m[38;5;86m[HTTP][0m [37m-->[39m [37mPOST[39m [37m/wd/hub/session/d78e8ea1-cc96-4c4b-b88e-7fb7b78033f0/context[39m {"name":"NATIVE_APP"}
[38;5;173m[d78e8ea1][0m[38;5;86m[HTTP][0m <-- POST /wd/hub/session/d78e8ea1-cc96-4c4b-b88e-7fb7b78033f0/context 200 0 ms - 14 
[38;5;173m[d78e8ea1][0m[38;5;86m[HTTP][0m [37m-->[39m [37mPOST[39m [37m/wd/hub/session/d78e8ea1-cc96-4c4b-b88e-7fb7b78033f0/actions[39m {"actions":[{"id":"finger","type":"pointer","parameters":{"pointerType":"touch"},"actions":[{"duration":0,"type":"pause"},{"duration":0,"x":1000,"y":2000,"type":"pointerMove","origin":"viewport"},{"button":0,"type":"pointerDown"},{"duration":50,"type":"pause"},{"duration":500,"x":200,"y":1000,"type":"pointerMove","origin":"viewport"},{"button":0,"type":"pointerUp"}]}]}
[38;5;173m[d78e8ea1][0m[38;5;86m[HTTP][0m <-- POST /wd/hub/session/d78e8ea1-cc96-4c4b-b88e-7fb7b78033f0/actions 200 589 ms - 14 
[38;5;173m[d78e8ea1][0m[38;5;86m[HTTP][0m [37m-->[39m [37mPOST[39m [37m/wd/hub/session/d78e8ea1-cc96-4c4b-b88e-7fb7b78033f0/context[39m {"name":"NATIVE_APP"}
[38;5;173m[d78e8ea1][0m[38;5;86m[HTTP][0m <-- POST /wd/hub/session/d78e8ea1-cc96-4c4b-b88e-7fb7b78033f0/context 200 1 ms - 14 
[38;5;173m[d78e8ea1][0m[38;5;86m[HTTP][0m [37m-->[39m [37mPOST[39m [37m/wd/hub/session/d78e8ea1-cc96-4c4b-b88e-7fb7b78033f0/timeouts[39m {"implicit":50}
[38;5;173m[d78e8ea1][0m[38;5;86m[HTTP][0m <-- POST /wd/hub/session/d78e8ea1-cc96-4c4b-b88e-7fb7b78033f0/timeouts 200 1 ms - 14 
[38;5;173m[d78e8ea1][0m[38;5;86m[HTTP][0m [37m-->[39m [37mGET[39m [37m/wd/hub/session/d78e8ea1-cc96-4c4b-b88e-7fb7b78033f0/window/rect[39m {}
[38;5;173m[d78e8ea1][0m[38;5;86m[HTTP][0m <-- GET /wd/hub/session/d78e8ea1-cc96-4c4b-b88e-7fb7b78033f0/window/rect 200 8 ms - 50 
[38;5;173m[d78e8ea1][0m[38;5;86m[HTTP][0m [37m-->[39m [37mPOST[39m [37m/wd/hub/session/d78e8ea1-cc96-4c4b-b88e-7fb7b78033f0/elements[39m {"using":"xpath","value":"//*[@class = 'android.view.View' and (@text = 'Home' or . = 'Home')]"}
[38;5;173m[d78e8ea1][0m[38;5;86m[HTTP][0m <-- POST /wd/hub/session/d78e8ea1-cc96-4c4b-b88e-7fb7b78033f0/elements 200 70 ms - 139 
[38;5;173m[d78e8ea1][0m[38;5;86m[HTTP][0m [37m-->[39m [37mGET[39m [37m/wd/hub/session/d78e8ea1-cc96-4c4b-b88e-7fb7b78033f0/element/00000000-0000-0051-0000-00ef00000007/rect[39m {}
[38;5;173m[d78e8ea1][0m[38;5;-126m[AndroidUiautomator2Driver@5e5d][0m Driver proxy active, passing request on via HTTP proxy
[38;5;173m[d78e8ea1][0m[38;5;-126m[AndroidUiautomator2Driver@5e5d][0m Replacing sessionId eab2c2ee-0e16-43b0-b3b9-fbab5a0f2fda with d78e8ea1-cc96-4c4b-b88e-7fb7b78033f0
[38;5;173m[d78e8ea1][0m[38;5;86m[HTTP][0m <-- GET /wd/hub/session/d78e8ea1-cc96-4c4b-b88e-7fb7b78033f0/element/00000000-0000-0051-0000-00ef00000007/rect 200 5 ms - 104 
[38;5;173m[d78e8ea1][0m[38;5;86m[HTTP][0m [37m-->[39m [37mPOST[39m [37m/wd/hub/session/d78e8ea1-cc96-4c4b-b88e-7fb7b78033f0/timeouts[39m {"implicit":30000}
[38;5;173m[d78e8ea1][0m[38;5;86m[HTTP][0m <-- POST /wd/hub/session/d78e8ea1-cc96-4c4b-b88e-7fb7b78033f0/timeouts 200 0 ms - 14 
[38;5;173m[d78e8ea1][0m[38;5;86m[HTTP][0m [37m-->[39m [37mGET[39m [37m/wd/hub/session/d78e8ea1-cc96-4c4b-b88e-7fb7b78033f0/element/00000000-0000-0051-0000-00ef00000007/text[39m {}
[38;5;173m[d78e8ea1][0m[38;5;-126m[AndroidUiautomator2Driver@5e5d][0m Driver proxy active, passing request on via HTTP proxy
[38;5;173m[d78e8ea1][0m[38;5;-126m[AndroidUiautomator2Driver@5e5d][0m Replacing sessionId eab2c2ee-0e16-43b0-b3b9-fbab5a0f2fda with d78e8ea1-cc96-4c4b-b88e-7fb7b78033f0
[38;5;173m[d78e8ea1][0m[38;5;86m[HTTP][0m <-- GET /wd/hub/session/d78e8ea1-cc96-4c4b-b88e-7fb7b78033f0/element/00000000-0000-0051-0000-00ef00000007/text 200 4 ms - 67 
[38;5;173m[d78e8ea1][0m[38;5;86m[HTTP][0m [37m-->[39m [37mPOST[39m [37m/wd/hub/session/d78e8ea1-cc96-4c4b-b88e-7fb7b78033f0/timeouts[39m {"implicit":50}
[38;5;173m[d78e8ea1][0m[38;5;86m[HTTP][0m <-- POST /wd/hub/session/d78e8ea1-cc96-4c4b-b88e-7fb7b78033f0/timeouts 200 0 ms - 14 
[38;5;173m[d78e8ea1][0m[38;5;86m[HTTP][0m [37m-->[39m [37mGET[39m [37m/wd/hub/session/d78e8ea1-cc96-4c4b-b88e-7fb7b78033f0/window/rect[39m {}
[38;5;173m[d78e8ea1][0m[38;5;86m[HTTP][0m <-- GET /wd/hub/session/d78e8ea1-cc96-4c4b-b88e-7fb7b78033f0/window/rect 500 1 ms - 1149 
[38;5;173m[d78e8ea1][0m[38;5;86m[HTTP][0m [37m-->[39m [37mPOST[39m [37m/wd/hub/session/d78e8ea1-cc96-4c4b-b88e-7fb7b78033f0/timeouts[39m {"implicit":30000}
[38;5;173m[d78e8ea1][0m[38;5;86m[HTTP][0m <-- POST /wd/hub/session/d78e8ea1-cc96-4c4b-b88e-7fb7b78033f0/timeouts 200 1 ms - 14 
[38;5;173m[d78e8ea1][0m[38;5;86m[HTTP][0m [37m-->[39m [37mGET[39m [37m/wd/hub/session/d78e8ea1-cc96-4c4b-b88e-7fb7b78033f0/context[39m {}
[38;5;173m[d78e8ea1][0m[38;5;86m[HTTP][0m <-- GET /wd/hub/session/d78e8ea1-cc96-4c4b-b88e-7fb7b78033f0/context 200 1 ms - 22 
[38;5;173m[d78e8ea1][0m[38;5;86m[HTTP][0m [37m-->[39m [37mGET[39m [37m/wd/hub/session/d78e8ea1-cc96-4c4b-b88e-7fb7b78033f0/contexts[39m {}
[38;5;173m[d78e8ea1][0m[38;5;86m[HTTP][0m <-- GET /wd/hub/session/d78e8ea1-cc96-4c4b-b88e-7fb7b78033f0/contexts 200 262 ms - 24 
[38;5;173m[d78e8ea1][0m[38;5;86m[HTTP][0m [37m-->[39m [37mPOST[39m [37m/wd/hub/session/d78e8ea1-cc96-4c4b-b88e-7fb7b78033f0/context[39m {"name":"NATIVE_APP"}
[38;5;173m[d78e8ea1][0m[38;5;86m[HTTP][0m <-- POST /wd/hub/session/d78e8ea1-cc96-4c4b-b88e-7fb7b78033f0/context 200 1 ms - 14 
[38;5;173m[d78e8ea1][0m[38;5;86m[HTTP][0m [37m-->[39m [37mGET[39m [37m/wd/hub/session/d78e8ea1-cc96-4c4b-b88e-7fb7b78033f0/screenshot[39m {}
[38;5;173m[d78e8ea1][0m[38;5;86m[HTTP][0m <-- GET /wd/hub/session/d78e8ea1-cc96-4c4b-b88e-7fb7b78033f0/screenshot 500 1 ms - 986 
[38;5;173m[d78e8ea1][0m[38;5;86m[HTTP][0m [37m-->[39m [37mPOST[39m [37m/wd/hub/session/d78e8ea1-cc96-4c4b-b88e-7fb7b78033f0/context[39m {"name":"NATIVE_APP"}
[38;5;173m[d78e8ea1][0m[38;5;86m[HTTP][0m <-- POST /wd/hub/session/d78e8ea1-cc96-4c4b-b88e-7fb7b78033f0/context 200 1 ms - 14 
[38;5;86m[HTTP][0m [37m-->[39m [37mGET[39m [37m/wd/hub/status[39m {}
[38;5;86m[HTTP][0m <-- GET /wd/hub/status 200 0 ms - 200 
[38;5;86m[HTTP][0m [37m-->[39m [37mPOST[39m [37m/wd/hub/session[39m {"capabilities":{"firstMatch":[{"appium:app":"/Users/gv.vignesh/Downloads/WGR-Android-Automation/App Folder/app-debug.apk","appium:autoGrantPermissions":true,"appium:automationName":"uiautomator2","appium:deviceId":"","appium:deviceName":"emulator-5554 (sdk_gphone64_arm64 - Android 15)","appium:fullReset":true,"appium:newCommandTimeout":1800,"appium:noReset":false,"appium:platformName":"ANDROID","appium:platformVersion":"15","appium:systemPort":57894,"appium:udid":"emulator-5554","platformName":"ANDROID"}]},"desiredCapabilities":{"appium:app":"/Users/gv.vignesh/Downloads/WGR-Android-Automation/App Folder/app-debug.apk","appium:autoGrantPermissions":true,"appium:automationName":"uiautomator2","appium:deviceId":"","appium:deviceName":"emulator-5554 (sdk_gphone64_arm64 - Android 15)","appium:fullReset":true,"appium:newCommandTimeout":1800,"appium:noReset":false,"appium:platformName":"ANDROID","appium:platformVersion":"15","appium:systemPort":57894,"appium:udid":"emulator-5554"}}
[38;5;123m[BaseDriver][0m Ignoring capability 'appium:platformName=ANDROID' and using capability 'platformName=ANDROID'
[38;5;123m[BaseDriver][0m The capabilities ["platformName"] are standard capabilities and do not require "appium:" prefix
[38;5;112m[Appium][0m Attempting to find matching driver for automationName 'uiautomator2' and platformName 'ANDROID'
[38;5;112m[Appium][0m The 'uiautomator2' driver was installed and matched caps.
[38;5;112m[Appium][0m Will require it at /Users/gv.vignesh/.appium/node_modules/appium-uiautomator2-driver
[38;5;212m[AppiumDriver@3092][0m Appium v2.16.0 creating new AndroidUiautomator2Driver (v4.1.5) session
[38;5;212m[AppiumDriver@3092][0m Checking BaseDriver versions for Appium and AndroidUiautomator2Driver
[38;5;212m[AppiumDriver@3092][0m Appium's BaseDriver version is 9.16.4
[38;5;212m[AppiumDriver@3092][0m AndroidUiautomator2Driver's BaseDriver version is 9.16.4
[38;5;-146m[AndroidUiautomator2Driver@1680][0m The following provided capabilities were not recognized by this driver:
[38;5;-146m[AndroidUiautomator2Driver@1680][0m   deviceId
[38;5;92m[405299c6][0m[38;5;-146m[AndroidUiautomator2Driver@1680][0m Session created with session id: 405299c6-2cb7-4e9b-82f2-647c7ee89ffc
[38;5;92m[405299c6][0m[38;5;229m[ADB][0m Using 'adb' from '/Users/gv.vignesh/.katalon/tools/android_sdk/platform-tools/adb'
[38;5;92m[405299c6][0m[38;5;-146m[AndroidUiautomator2Driver@1680][0m Retrieving device list
[38;5;92m[405299c6][0m[38;5;-146m[AndroidUiautomator2Driver@1680][0m Using device: emulator-5554
[38;5;92m[405299c6][0m[38;5;229m[ADB][0m Using 'adb' from '/Users/gv.vignesh/.katalon/tools/android_sdk/platform-tools/adb'
[38;5;92m[405299c6][0m[38;5;123m[BaseDriver][0m Using local app '/Users/gv.vignesh/Downloads/WGR-Android-Automation/App Folder/app-debug.apk'
[38;5;92m[405299c6][0m[38;5;229m[ADB][0m Getting device platform version
[38;5;92m[405299c6][0m[38;5;-146m[AndroidUiautomator2Driver@1680][0m Relaxing hidden api policy
[38;5;92m[405299c6][0m[38;5;229m[ADB][0m Using 'aapt2' from '/Users/gv.vignesh/.katalon/tools/android_sdk/build-tools/29.0.3/aapt2'
[38;5;92m[405299c6][0m[38;5;229m[ADB][0m Package name: 'com.westgate.rewrite2'
[38;5;92m[405299c6][0m[38;5;229m[ADB][0m Main activity name: 'com.westgate.rewrite2.MainActivity'
[38;5;92m[405299c6][0m[38;5;-146m[AndroidUiautomator2Driver@1680][0m Server packages are not going to be (re)installed
[38;5;92m[405299c6][0m[38;5;229m[ADB][0m Adding packages ["io.appium.settings","io.appium.uiautomator2.server","io.appium.uiautomator2.server.test"] to Doze whitelist
[38;5;92m[405299c6][0m[38;5;229m[ADB][0m com.westgate.rewrite2 was not uninstalled, because it was not present on the device
[38;5;92m[405299c6][0m[38;5;229m[ADB][0m The application at '/Users/gv.vignesh/Downloads/WGR-Android-Automation/App Folder/app-debug.apk' will not be cached, because the device under test has confirmed the support of streamed installs
[38;5;92m[405299c6][0m[38;5;229m[ADB][0m The installation of 'app-debug.apk' took 443ms
[38;5;92m[405299c6][0m[38;5;-146m[AndroidUiautomator2Driver@1680][0m Starting UIAutomator2 server 7.3.0
[38;5;92m[405299c6][0m[38;5;-146m[AndroidUiautomator2Driver@1680][0m Using UIAutomator2 server from '/Users/gv.vignesh/.appium/node_modules/appium-uiautomator2-driver/node_modules/appium-uiautomator2-server/apks/appium-uiautomator2-server-v7.3.0.apk' and test from '/Users/gv.vignesh/.appium/node_modules/appium-uiautomator2-driver/node_modules/appium-uiautomator2-server/apks/appium-uiautomator2-server-debug-androidTest.apk'
[38;5;92m[405299c6][0m[38;5;-146m[AndroidUiautomator2Driver@1680][0m Waiting up to 30000ms for UiAutomator2 to be online...
[38;5;92m[405299c6][0m[38;5;-146m[AndroidUiautomator2Driver@1680][0m socket hang up
[38;5;92m[405299c6][0m[38;5;-146m[AndroidUiautomator2Driver@1680][0m Determined the downstream protocol as 'W3C'
[38;5;92m[405299c6][0m[38;5;-146m[AndroidUiautomator2Driver@1680][0m Screen already unlocked, doing nothing
[38;5;92m[405299c6][0m[38;5;-146m[AndroidUiautomator2Driver@1680][0m Starting 'com.westgate.rewrite2/com.westgate.rewrite2.MainActivity' and waiting for 'com.westgate.rewrite2/com.westgate.rewrite2.MainActivity'
[38;5;92m[405299c6][0m[38;5;212m[AppiumDriver@3092][0m New AndroidUiautomator2Driver session created successfully, session 405299c6-2cb7-4e9b-82f2-647c7ee89ffc added to master session list
[38;5;92m[405299c6][0m[38;5;86m[HTTP][0m <-- POST /wd/hub/session 200 3744 ms - 1350 
[38;5;86m[HTTP][0m [37m-->[39m [37mGET[39m [37m/wd/hub/status[39m {}
[38;5;86m[HTTP][0m <-- GET /wd/hub/status 200 0 ms - 200 
[38;5;92m[405299c6][0m[38;5;86m[HTTP][0m [37m-->[39m [37mPOST[39m [37m/wd/hub/session/405299c6-2cb7-4e9b-82f2-647c7ee89ffc/timeouts[39m {"implicit":30000}
[38;5;92m[405299c6][0m[38;5;86m[HTTP][0m <-- POST /wd/hub/session/405299c6-2cb7-4e9b-82f2-647c7ee89ffc/timeouts 200 1 ms - 14 
[38;5;92m[405299c6][0m[38;5;86m[HTTP][0m [37m-->[39m [37mPOST[39m [37m/wd/hub/session/405299c6-2cb7-4e9b-82f2-647c7ee89ffc/execute/sync[39m {"script":"mobile: getSystemBars","args":[]}
[38;5;92m[405299c6][0m[38;5;-146m[AndroidUiautomator2Driver@1680][0m No windows have been found whose title matches to 'NavigationBar'. Assuming it is invisible. Only the following windows are available: ScreenDecorOverlayBottom,ScreenDecorOverlay,EdgeBackGestureHandler0,Taskbar,NotificationShade,StatusBar,ShellDropTarget,InputMethod
[38;5;92m[405299c6][0m[38;5;86m[HTTP][0m <-- POST /wd/hub/session/405299c6-2cb7-4e9b-82f2-647c7ee89ffc/execute/sync 200 95 ms - 144 
[38;5;149m[4f112a7c][0m[38;5;-18m[AndroidUiautomator2Driver@59fa][0m Shutting down because we waited 1800 seconds for a command
[38;5;149m[4f112a7c][0m[38;5;212m[AppiumDriver@3092][0m Ending session, cause was 'New Command Timeout of 1800 seconds expired. Try customizing the timeout using the 'newCommandTimeout' desired capability'
[38;5;149m[4f112a7c][0m[38;5;212m[AppiumDriver@3092][0m Removing session '4f112a7c-c13f-46b1-b1d2-b4206b68e67c' from our master session list
[38;5;149m[4f112a7c][0m[38;5;-18m[AndroidUiautomator2Driver@59fa][0m Did not get the confirmation of UiAutomator2 server session deletion. Original error: An unknown server-side error occurred while processing the command. Original error: 'DELETE /' cannot be proxied to UiAutomator2 server because the instrumentation process is not running (probably crashed). Check the server log and/or the logcat output for more details
[38;5;149m[4f112a7c][0m[38;5;-18m[AndroidUiautomator2Driver@59fa][0m The UIA2 server did has not been terminated within 5000ms timeout. Continuing anyway
[38;5;149m[4f112a7c][0m[38;5;229m[ADB][0m com.westgate.rewrite2 was successfully uninstalled
[38;5;149m[4f112a7c][0m[38;5;-18m[AndroidUiautomator2Driver@59fa][0m Unable to remove system port forward: Error executing adbExec. Original error: 'Command '/Users/gv.vignesh/.katalon/tools/android_sdk/platform-tools/adb -P 5037 -s emulator-5554 forward --remove tcp\:57274' exited with code 1'; Command output: adb: error: listener 'tcp:57274' not found

[38;5;149m[4f112a7c][0m[38;5;-18m[AndroidUiautomator2Driver@59fa][0m Restoring hidden api policy to the device default configuration
[38;5;24m[e482bb14][0m[38;5;-123m[AndroidUiautomator2Driver@3c75][0m Shutting down because we waited 1800 seconds for a command
[38;5;24m[e482bb14][0m[38;5;212m[AppiumDriver@3092][0m Ending session, cause was 'New Command Timeout of 1800 seconds expired. Try customizing the timeout using the 'newCommandTimeout' desired capability'
[38;5;24m[e482bb14][0m[38;5;212m[AppiumDriver@3092][0m Removing session 'e482bb14-8ca8-4f2c-9548-503baaeabf43' from our master session list
[38;5;24m[e482bb14][0m[38;5;-123m[AndroidUiautomator2Driver@3c75][0m Did not get the confirmation of UiAutomator2 server session deletion. Original error: An unknown server-side error occurred while processing the command. Original error: 'DELETE /' cannot be proxied to UiAutomator2 server because the instrumentation process is not running (probably crashed). Check the server log and/or the logcat output for more details
[38;5;24m[e482bb14][0m[38;5;-123m[AndroidUiautomator2Driver@3c75][0m The UIA2 server did has not been terminated within 5000ms timeout. Continuing anyway
[38;5;24m[e482bb14][0m[38;5;229m[ADB][0m com.westgate.rewrite2 was successfully uninstalled
[38;5;24m[e482bb14][0m[38;5;-123m[AndroidUiautomator2Driver@3c75][0m Unable to remove system port forward: Error executing adbExec. Original error: 'Command '/Users/gv.vignesh/.katalon/tools/android_sdk/platform-tools/adb -P 5037 -s emulator-5554 forward --remove tcp\:57470' exited with code 1'; Command output: adb: error: listener 'tcp:57470' not found

[38;5;24m[e482bb14][0m[38;5;-123m[AndroidUiautomator2Driver@3c75][0m Restoring hidden api policy to the device default configuration
[38;5;173m[d78e8ea1][0m[38;5;-126m[AndroidUiautomator2Driver@5e5d][0m Shutting down because we waited 1800 seconds for a command
[38;5;173m[d78e8ea1][0m[38;5;212m[AppiumDriver@3092][0m Ending session, cause was 'New Command Timeout of 1800 seconds expired. Try customizing the timeout using the 'newCommandTimeout' desired capability'
[38;5;173m[d78e8ea1][0m[38;5;212m[AppiumDriver@3092][0m Removing session 'd78e8ea1-cc96-4c4b-b88e-7fb7b78033f0' from our master session list
[38;5;173m[d78e8ea1][0m[38;5;-126m[AndroidUiautomator2Driver@5e5d][0m Did not get the confirmation of UiAutomator2 server session deletion. Original error: An unknown server-side error occurred while processing the command. Original error: 'DELETE /' cannot be proxied to UiAutomator2 server because the instrumentation process is not running (probably crashed). Check the server log and/or the logcat output for more details
[38;5;92m[405299c6][0m[38;5;-146m[AndroidUiautomator2Driver@1680][0m Shutting down because we waited 1800 seconds for a command
[38;5;92m[405299c6][0m[38;5;212m[AppiumDriver@3092][0m Ending session, cause was 'New Command Timeout of 1800 seconds expired. Try customizing the timeout using the 'newCommandTimeout' desired capability'
[38;5;92m[405299c6][0m[38;5;212m[AppiumDriver@3092][0m Removing session '405299c6-2cb7-4e9b-82f2-647c7ee89ffc' from our master session list
[38;5;92m[405299c6][0m[38;5;-146m[AndroidUiautomator2Driver@1680][0m Did not get the confirmation of UiAutomator2 server session deletion. Original error: An unknown server-side error occurred while processing the command. Original error: 'DELETE /' cannot be proxied to UiAutomator2 server because the instrumentation process is not running (probably crashed). Check the server log and/or the logcat output for more details
[38;5;173m[d78e8ea1][0m[38;5;-126m[AndroidUiautomator2Driver@5e5d][0m The UIA2 server did has not been terminated within 5000ms timeout. Continuing anyway
[38;5;173m[d78e8ea1][0m[38;5;229m[ADB][0m com.westgate.rewrite2 was successfully uninstalled
[38;5;173m[d78e8ea1][0m[38;5;-126m[AndroidUiautomator2Driver@5e5d][0m Unable to remove system port forward: Error executing adbExec. Original error: 'Command '/Users/gv.vignesh/.katalon/tools/android_sdk/platform-tools/adb -P 5037 -s emulator-5554 forward --remove tcp\:57689' exited with code 1'; Command output: adb: error: listener 'tcp:57689' not found

[38;5;173m[d78e8ea1][0m[38;5;-126m[AndroidUiautomator2Driver@5e5d][0m Restoring hidden api policy to the device default configuration
[38;5;92m[405299c6][0m[38;5;229m[ADB][0m com.westgate.rewrite2 was not uninstalled, because it was not present on the device
[38;5;92m[405299c6][0m[38;5;-146m[AndroidUiautomator2Driver@1680][0m Unable to remove system port forward: Error executing adbExec. Original error: 'Command '/Users/gv.vignesh/.katalon/tools/android_sdk/platform-tools/adb -P 5037 -s emulator-5554 forward --remove tcp\:57894' exited with code 1'; Command output: adb: error: listener 'tcp:57894' not found

[38;5;92m[405299c6][0m[38;5;-146m[AndroidUiautomator2Driver@1680][0m Restoring hidden api policy to the device default configuration
[38;5;112m[Appium][0m Received SIGTERM - shutting down
[38;5;86m[HTTP][0m Closing Appium HTTP server
[38;5;86m[HTTP][0m Appium HTTP server has been succesfully closed after 2ms
