[38;5;112m[Appium][0m Welcome to Appium v2.17.1 (REV 9b1efcd944408db0bd85f82fe4724ccae04a812f)
[38;5;112m[Appium][0m Non-default server args:
[38;5;112m[Appium][0m { basePath: [32m'/wd/hub'[39m, loglevel: [32m'info'[39m, port: [33m50559[39m }
[38;5;112m[Appium][0m Attempting to load driver uiautomator2...
[38;5;112m[Appium][0m Attempting to load driver mac2...
[38;5;112m[Appium][0m Attempting to load driver chromium...
[38;5;112m[Appium][0m Attempting to load driver espresso...
[38;5;112m[Appium][0m Appium REST http interface listener started on http://0.0.0.0:50559/wd/hub
[38;5;112m[Appium][0m You can provide the following URLs in your client code to connect to this server:
	http://127.0.0.1:50559/wd/hub (only accessible from the same host)
	http://192.168.0.105:50559/wd/hub
[38;5;112m[Appium][0m Available drivers:
[38;5;112m[Appium][0m   - uiautomator2@4.2.2 (automationName 'UiAutomator2')
[38;5;112m[Appium][0m   - mac2@2.2.2 (automationName 'Mac2')
[38;5;112m[Appium][0m   - chromium@1.5.1 (automationName 'Chromium')
[38;5;112m[Appium][0m   - espresso@4.1.4 (automationName 'Espresso')
[38;5;112m[Appium][0m No plugins have been installed. Use the "appium plugin" command to install the one(s) you want to use.
[38;5;86m[HTTP][0m [37m-->[39m [37mGET[39m [37m/wd/hub/status[39m {}
[38;5;86m[HTTP][0m <-- GET /wd/hub/status 200 2 ms - 200 
[38;5;86m[HTTP][0m [37m-->[39m [37mPOST[39m [37m/wd/hub/session[39m {"capabilities":{"firstMatch":[{"appium:app":"/Users/gv.vignesh/Downloads/WGR-Android-Automation/App Folder/app-debug-Version 2.99.68.apk","appium:autoGrantPermissions":true,"appium:automationName":"uiautomator2","appium:deviceId":"","appium:deviceName":"Xiaomi 23076PC4BI (Android 15)","appium:fullReset":true,"appium:newCommandTimeout":1800,"appium:noReset":false,"appium:platformName":"ANDROID","appium:platformVersion":"15","appium:systemPort":50558,"appium:udid":"a6e538dc5180","appium:uiautomator2ServerInstallTimeout":0,"platformName":"ANDROID"}]},"desiredCapabilities":{"appium:app":"/Users/gv.vignesh/Downloads/WGR-Android-Automation/App Folder/app-debug-Version 2.99.68.apk","appium:autoGrantPermissions":true,"appium:automationName":"uiautomator2","appium:deviceId":"","appium:deviceName":"Xiaomi 23076PC4BI (Android 15)","appium:fullReset":true,"appium:newCommandTimeout":1800,"appium:noReset":false,"appium:platformName":"ANDROID","appium:platformVersion":"15","appium:systemPort":50558,"appium:udid":"a6e538...
[38;5;123m[BaseDriver][0m Ignoring capability 'appium:platformName=ANDROID' and using capability 'platformName=ANDROID'
[38;5;123m[BaseDriver][0m The capabilities ["platformName"] are standard capabilities and do not require "appium:" prefix
[38;5;112m[Appium][0m Attempting to find matching driver for automationName 'uiautomator2' and platformName 'ANDROID'
[38;5;112m[Appium][0m The 'uiautomator2' driver was installed and matched caps.
[38;5;112m[Appium][0m Will require it at /Users/gv.vignesh/.appium/node_modules/appium-uiautomator2-driver
[38;5;65m[AppiumDriver@67a5][0m Appium v2.17.1 creating new AndroidUiautomator2Driver (v4.2.2) session
[38;5;65m[AppiumDriver@67a5][0m Checking BaseDriver versions for Appium and AndroidUiautomator2Driver
[38;5;65m[AppiumDriver@67a5][0m Appium's BaseDriver version is 9.16.4
[38;5;65m[AppiumDriver@67a5][0m AndroidUiautomator2Driver's BaseDriver version is 9.16.4
[38;5;-29m[AndroidUiautomator2Driver@f2db][0m The following provided capabilities were not recognized by this driver:
[38;5;-29m[AndroidUiautomator2Driver@f2db][0m   deviceId
[38;5;37m[8b548297][0m[38;5;-29m[AndroidUiautomator2Driver@f2db][0m Session created with session id: 8b548297-855f-4ed9-b2a2-599716286d86
[38;5;37m[8b548297][0m[38;5;229m[ADB][0m Found 1 'build-tools' folders under '/Users/gv.vignesh/.katalon/tools/android_sdk' (newest first):
[38;5;37m[8b548297][0m[38;5;229m[ADB][0m     /Users/gv.vignesh/.katalon/tools/android_sdk/build-tools/29.0.3
[38;5;37m[8b548297][0m[38;5;229m[ADB][0m Using 'adb' from '/Users/gv.vignesh/.katalon/tools/android_sdk/platform-tools/adb'
[38;5;37m[8b548297][0m[38;5;-29m[AndroidUiautomator2Driver@f2db][0m Retrieving device list
[38;5;37m[8b548297][0m[38;5;-29m[AndroidUiautomator2Driver@f2db][0m Using device: a6e538dc5180
[38;5;37m[8b548297][0m[38;5;229m[ADB][0m Using 'adb' from '/Users/gv.vignesh/.katalon/tools/android_sdk/platform-tools/adb'
[38;5;37m[8b548297][0m[38;5;123m[BaseDriver][0m Using local app '/Users/gv.vignesh/Downloads/WGR-Android-Automation/App Folder/app-debug-Version 2.99.68.apk'
[38;5;37m[8b548297][0m[38;5;229m[ADB][0m Getting device platform version
[38;5;37m[8b548297][0m[38;5;-29m[AndroidUiautomator2Driver@f2db][0m Relaxing hidden api policy
[38;5;37m[8b548297][0m[38;5;229m[ADB][0m Using 'aapt2' from '/Users/gv.vignesh/.katalon/tools/android_sdk/build-tools/29.0.3/aapt2'
[38;5;37m[8b548297][0m[38;5;229m[ADB][0m Package name: 'westgate_xamarin.android.debug'
[38;5;37m[8b548297][0m[38;5;229m[ADB][0m Main activity name: 'westgate_xamarin.android.MainActivity'
[38;5;37m[8b548297][0m[38;5;229m[ADB][0m Using 'apksigner.jar' from '/Users/gv.vignesh/.katalon/tools/android_sdk/build-tools/29.0.3/lib/apksigner.jar'
[38;5;37m[8b548297][0m[38;5;-29m[AndroidUiautomator2Driver@f2db][0m Server packages are not going to be (re)installed
[38;5;37m[8b548297][0m[38;5;229m[ADB][0m Adding packages ["io.appium.settings","io.appium.uiautomator2.server","io.appium.uiautomator2.server.test"] to Doze whitelist
[38;5;37m[8b548297][0m[38;5;229m[ADB][0m '/Users/gv.vignesh/Downloads/WGR-Android-Automation/App Folder/app-debug-Version 2.99.68.apk' is signed with a non-default certificate
[38;5;37m[8b548297][0m[38;5;229m[ADB][0m westgate_xamarin.android.debug was not uninstalled, because it was not present on the device
[38;5;37m[8b548297][0m[38;5;229m[ADB][0m The application at '/Users/gv.vignesh/Downloads/WGR-Android-Automation/App Folder/app-debug-Version 2.99.68.apk' will not be cached, because the device under test has confirmed the support of streamed installs
[38;5;37m[8b548297][0m[38;5;229m[ADB][0m The installation of 'app-debug-Version 2.99.68.apk' took 6563ms
[38;5;37m[8b548297][0m[38;5;-29m[AndroidUiautomator2Driver@f2db][0m Starting UIAutomator2 server 7.4.1
[38;5;37m[8b548297][0m[38;5;-29m[AndroidUiautomator2Driver@f2db][0m Using UIAutomator2 server from '/Users/gv.vignesh/.appium/node_modules/appium-uiautomator2-driver/node_modules/appium-uiautomator2-server/apks/appium-uiautomator2-server-v7.4.1.apk' and test from '/Users/gv.vignesh/.appium/node_modules/appium-uiautomator2-driver/node_modules/appium-uiautomator2-server/apks/appium-uiautomator2-server-debug-androidTest.apk'
[38;5;37m[8b548297][0m[38;5;-29m[AndroidUiautomator2Driver@f2db][0m Waiting up to 30000ms for UiAutomator2 to be online...
[38;5;37m[8b548297][0m[38;5;-29m[AndroidUiautomator2Driver@f2db][0m socket hang up
[38;5;37m[8b548297][0m[38;5;-29m[AndroidUiautomator2Driver@f2db][0m socket hang up
[38;5;37m[8b548297][0m[38;5;-29m[AndroidUiautomator2Driver@f2db][0m socket hang up
[38;5;37m[8b548297][0m[38;5;-29m[AndroidUiautomator2Driver@f2db][0m socket hang up
[38;5;37m[8b548297][0m[38;5;-29m[AndroidUiautomator2Driver@f2db][0m Determined the downstream protocol as 'W3C'
[38;5;37m[8b548297][0m[38;5;-29m[AndroidUiautomator2Driver@f2db][0m Screen already unlocked, doing nothing
[38;5;37m[8b548297][0m[38;5;-29m[AndroidUiautomator2Driver@f2db][0m Starting 'westgate_xamarin.android.debug/westgate_xamarin.android.MainActivity' and waiting for 'westgate_xamarin.android.debug/westgate_xamarin.android.MainActivity'
[38;5;37m[8b548297][0m[38;5;65m[AppiumDriver@67a5][0m New AndroidUiautomator2Driver session created successfully, session 8b548297-855f-4ed9-b2a2-599716286d86 added to master session list
[38;5;37m[8b548297][0m[38;5;86m[HTTP][0m <-- POST /wd/hub/session 200 17318 ms - 1440 
[38;5;86m[HTTP][0m [37m-->[39m [37mGET[39m [37m/wd/hub/status[39m {}
[38;5;86m[HTTP][0m <-- GET /wd/hub/status 200 1 ms - 200 
[38;5;37m[8b548297][0m[38;5;86m[HTTP][0m [37m-->[39m [37mPOST[39m [37m/wd/hub/session/8b548297-855f-4ed9-b2a2-599716286d86/timeouts[39m {"implicit":30000}
[38;5;37m[8b548297][0m[38;5;86m[HTTP][0m <-- POST /wd/hub/session/8b548297-855f-4ed9-b2a2-599716286d86/timeouts 200 3 ms - 14 
[38;5;37m[8b548297][0m[38;5;86m[HTTP][0m [37m-->[39m [37mPOST[39m [37m/wd/hub/session/8b548297-855f-4ed9-b2a2-599716286d86/execute/sync[39m {"script":"mobile: getSystemBars","args":[]}
[38;5;37m[8b548297][0m[38;5;86m[HTTP][0m <-- POST /wd/hub/session/8b548297-855f-4ed9-b2a2-599716286d86/execute/sync 200 239 ms - 152 
[38;5;37m[8b548297][0m[38;5;86m[HTTP][0m [37m-->[39m [37mPOST[39m [37m/wd/hub/session/8b548297-855f-4ed9-b2a2-599716286d86/timeouts[39m {"implicit":50}
[38;5;37m[8b548297][0m[38;5;86m[HTTP][0m <-- POST /wd/hub/session/8b548297-855f-4ed9-b2a2-599716286d86/timeouts 200 3 ms - 14 
[38;5;37m[8b548297][0m[38;5;86m[HTTP][0m [37m-->[39m [37mGET[39m [37m/wd/hub/session/8b548297-855f-4ed9-b2a2-599716286d86/window/rect[39m {}
[38;5;37m[8b548297][0m[38;5;86m[HTTP][0m <-- GET /wd/hub/session/8b548297-855f-4ed9-b2a2-599716286d86/window/rect 200 24 ms - 50 
[38;5;37m[8b548297][0m[38;5;86m[HTTP][0m [37m-->[39m [37mPOST[39m [37m/wd/hub/session/8b548297-855f-4ed9-b2a2-599716286d86/elements[39m {"using":"xpath","value":"//*[@class = 'android.widget.Button' and (@text = 'Login or Sign Up' or . = 'Login or Sign Up')]"}
[38;5;37m[8b548297][0m[38;5;86m[HTTP][0m <-- POST /wd/hub/session/8b548297-855f-4ed9-b2a2-599716286d86/elements 200 498 ms - 139 
[38;5;37m[8b548297][0m[38;5;86m[HTTP][0m [37m-->[39m [37mGET[39m [37m/wd/hub/session/8b548297-855f-4ed9-b2a2-599716286d86/element/00000000-0000-0642-0000-00b900000007/rect[39m {}
[38;5;37m[8b548297][0m[38;5;-29m[AndroidUiautomator2Driver@f2db][0m Driver proxy active, passing request on via HTTP proxy
[38;5;37m[8b548297][0m[38;5;-29m[AndroidUiautomator2Driver@f2db][0m Replacing sessionId 999029a7-0065-4ee5-8021-e2d3b3e576af with 8b548297-855f-4ed9-b2a2-599716286d86
[38;5;37m[8b548297][0m[38;5;86m[HTTP][0m <-- GET /wd/hub/session/8b548297-855f-4ed9-b2a2-599716286d86/element/00000000-0000-0642-0000-00b900000007/rect 200 476 ms - 103 
[38;5;37m[8b548297][0m[38;5;86m[HTTP][0m [37m-->[39m [37mPOST[39m [37m/wd/hub/session/8b548297-855f-4ed9-b2a2-599716286d86/timeouts[39m {"implicit":30000}
[38;5;37m[8b548297][0m[38;5;86m[HTTP][0m <-- POST /wd/hub/session/8b548297-855f-4ed9-b2a2-599716286d86/timeouts 200 2 ms - 14 
[38;5;37m[8b548297][0m[38;5;86m[HTTP][0m [37m-->[39m [37mPOST[39m [37m/wd/hub/session/8b548297-855f-4ed9-b2a2-599716286d86/element/00000000-0000-0642-0000-00b900000007/click[39m {"id":"00000000-0000-0642-0000-00b900000007"}
[38;5;37m[8b548297][0m[38;5;86m[HTTP][0m <-- POST /wd/hub/session/8b548297-855f-4ed9-b2a2-599716286d86/element/00000000-0000-0642-0000-00b900000007/click 200 110 ms - 14 
[38;5;37m[8b548297][0m[38;5;86m[HTTP][0m [37m-->[39m [37mPOST[39m [37m/wd/hub/session/8b548297-855f-4ed9-b2a2-599716286d86/timeouts[39m {"implicit":50}
[38;5;37m[8b548297][0m[38;5;86m[HTTP][0m <-- POST /wd/hub/session/8b548297-855f-4ed9-b2a2-599716286d86/timeouts 200 1 ms - 14 
[38;5;37m[8b548297][0m[38;5;86m[HTTP][0m [37m-->[39m [37mGET[39m [37m/wd/hub/session/8b548297-855f-4ed9-b2a2-599716286d86/window/rect[39m {}
[38;5;37m[8b548297][0m[38;5;86m[HTTP][0m <-- GET /wd/hub/session/8b548297-855f-4ed9-b2a2-599716286d86/window/rect 200 11 ms - 50 
[38;5;37m[8b548297][0m[38;5;86m[HTTP][0m [37m-->[39m [37mPOST[39m [37m/wd/hub/session/8b548297-855f-4ed9-b2a2-599716286d86/elements[39m {"using":"xpath","value":"//*[@class = 'android.widget.EditText' and @resource-id = 'ion-input-1' and (@text = '' or . = '')]"}
[38;5;37m[8b548297][0m[38;5;86m[HTTP][0m <-- POST /wd/hub/session/8b548297-855f-4ed9-b2a2-599716286d86/elements 200 359 ms - 12 
[38;5;37m[8b548297][0m[38;5;86m[HTTP][0m [37m-->[39m [37mPOST[39m [37m/wd/hub/session/8b548297-855f-4ed9-b2a2-599716286d86/elements[39m {"using":"xpath","value":"//*[@class = 'android.widget.EditText' and @resource-id = 'ion-input-1' and (@text = '' or . = '')]"}
[38;5;37m[8b548297][0m[38;5;86m[HTTP][0m <-- POST /wd/hub/session/8b548297-855f-4ed9-b2a2-599716286d86/elements 200 341 ms - 12 
[38;5;37m[8b548297][0m[38;5;86m[HTTP][0m [37m-->[39m [37mPOST[39m [37m/wd/hub/session/8b548297-855f-4ed9-b2a2-599716286d86/elements[39m {"using":"xpath","value":"//*[@class = 'android.widget.EditText' and @resource-id = 'ion-input-1' and (@text = '' or . = '')]"}
[38;5;37m[8b548297][0m[38;5;86m[HTTP][0m <-- POST /wd/hub/session/8b548297-855f-4ed9-b2a2-599716286d86/elements 200 255 ms - 12 
[38;5;37m[8b548297][0m[38;5;86m[HTTP][0m [37m-->[39m [37mPOST[39m [37m/wd/hub/session/8b548297-855f-4ed9-b2a2-599716286d86/elements[39m {"using":"xpath","value":"//*[@class = 'android.widget.EditText' and @resource-id = 'ion-input-1' and (@text = '' or . = '')]"}
[38;5;37m[8b548297][0m[38;5;86m[HTTP][0m <-- POST /wd/hub/session/8b548297-855f-4ed9-b2a2-599716286d86/elements 200 380 ms - 12 
[38;5;37m[8b548297][0m[38;5;86m[HTTP][0m [37m-->[39m [37mPOST[39m [37m/wd/hub/session/8b548297-855f-4ed9-b2a2-599716286d86/elements[39m {"using":"xpath","value":"//*[@class = 'android.widget.EditText' and @resource-id = 'ion-input-1' and (@text = '' or . = '')]"}
[38;5;37m[8b548297][0m[38;5;86m[HTTP][0m <-- POST /wd/hub/session/8b548297-855f-4ed9-b2a2-599716286d86/elements 200 856 ms - 12 
[38;5;37m[8b548297][0m[38;5;86m[HTTP][0m [37m-->[39m [37mPOST[39m [37m/wd/hub/session/8b548297-855f-4ed9-b2a2-599716286d86/elements[39m {"using":"xpath","value":"//*[@class = 'android.widget.EditText' and @resource-id = 'ion-input-1' and (@text = '' or . = '')]"}
[38;5;37m[8b548297][0m[38;5;86m[HTTP][0m <-- POST /wd/hub/session/8b548297-855f-4ed9-b2a2-599716286d86/elements 200 329 ms - 12 
[38;5;37m[8b548297][0m[38;5;86m[HTTP][0m [37m-->[39m [37mPOST[39m [37m/wd/hub/session/8b548297-855f-4ed9-b2a2-599716286d86/elements[39m {"using":"xpath","value":"//*[@class = 'android.widget.EditText' and @resource-id = 'ion-input-1' and (@text = '' or . = '')]"}
[38;5;37m[8b548297][0m[38;5;86m[HTTP][0m <-- POST /wd/hub/session/8b548297-855f-4ed9-b2a2-599716286d86/elements 200 268 ms - 12 
[38;5;37m[8b548297][0m[38;5;86m[HTTP][0m [37m-->[39m [37mPOST[39m [37m/wd/hub/session/8b548297-855f-4ed9-b2a2-599716286d86/elements[39m {"using":"xpath","value":"//*[@class = 'android.widget.EditText' and @resource-id = 'ion-input-1' and (@text = '' or . = '')]"}
[38;5;37m[8b548297][0m[38;5;86m[HTTP][0m <-- POST /wd/hub/session/8b548297-855f-4ed9-b2a2-599716286d86/elements 200 170 ms - 12 
[38;5;37m[8b548297][0m[38;5;86m[HTTP][0m [37m-->[39m [37mPOST[39m [37m/wd/hub/session/8b548297-855f-4ed9-b2a2-599716286d86/elements[39m {"using":"xpath","value":"//*[@class = 'android.widget.EditText' and @resource-id = 'ion-input-1' and (@text = '' or . = '')]"}
[38;5;37m[8b548297][0m[38;5;86m[HTTP][0m <-- POST /wd/hub/session/8b548297-855f-4ed9-b2a2-599716286d86/elements 200 261 ms - 12 
[38;5;37m[8b548297][0m[38;5;86m[HTTP][0m [37m-->[39m [37mPOST[39m [37m/wd/hub/session/8b548297-855f-4ed9-b2a2-599716286d86/elements[39m {"using":"xpath","value":"//*[@class = 'android.widget.EditText' and @resource-id = 'ion-input-1' and (@text = '' or . = '')]"}
[38;5;37m[8b548297][0m[38;5;86m[HTTP][0m <-- POST /wd/hub/session/8b548297-855f-4ed9-b2a2-599716286d86/elements 200 260 ms - 12 
[38;5;37m[8b548297][0m[38;5;86m[HTTP][0m [37m-->[39m [37mPOST[39m [37m/wd/hub/session/8b548297-855f-4ed9-b2a2-599716286d86/elements[39m {"using":"xpath","value":"//*[@class = 'android.widget.EditText' and @resource-id = 'ion-input-1' and (@text = '' or . = '')]"}
[38;5;37m[8b548297][0m[38;5;86m[HTTP][0m <-- POST /wd/hub/session/8b548297-855f-4ed9-b2a2-599716286d86/elements 200 251 ms - 12 
[38;5;37m[8b548297][0m[38;5;86m[HTTP][0m [37m-->[39m [37mPOST[39m [37m/wd/hub/session/8b548297-855f-4ed9-b2a2-599716286d86/elements[39m {"using":"xpath","value":"//*[@class = 'android.widget.EditText' and @resource-id = 'ion-input-1' and (@text = '' or . = '')]"}
[38;5;37m[8b548297][0m[38;5;86m[HTTP][0m <-- POST /wd/hub/session/8b548297-855f-4ed9-b2a2-599716286d86/elements 200 267 ms - 12 
[38;5;37m[8b548297][0m[38;5;86m[HTTP][0m [37m-->[39m [37mPOST[39m [37m/wd/hub/session/8b548297-855f-4ed9-b2a2-599716286d86/elements[39m {"using":"xpath","value":"//*[@class = 'android.widget.EditText' and @resource-id = 'ion-input-1' and (@text = '' or . = '')]"}
[38;5;37m[8b548297][0m[38;5;86m[HTTP][0m <-- POST /wd/hub/session/8b548297-855f-4ed9-b2a2-599716286d86/elements 200 294 ms - 12 
[38;5;37m[8b548297][0m[38;5;86m[HTTP][0m [37m-->[39m [37mPOST[39m [37m/wd/hub/session/8b548297-855f-4ed9-b2a2-599716286d86/elements[39m {"using":"xpath","value":"//*[@class = 'android.widget.EditText' and @resource-id = 'ion-input-1' and (@text = '' or . = '')]"}
[38;5;37m[8b548297][0m[38;5;86m[HTTP][0m <-- POST /wd/hub/session/8b548297-855f-4ed9-b2a2-599716286d86/elements 200 304 ms - 12 
[38;5;37m[8b548297][0m[38;5;86m[HTTP][0m [37m-->[39m [37mPOST[39m [37m/wd/hub/session/8b548297-855f-4ed9-b2a2-599716286d86/elements[39m {"using":"xpath","value":"//*[@class = 'android.widget.EditText' and @resource-id = 'ion-input-1' and (@text = '' or . = '')]"}
[38;5;37m[8b548297][0m[38;5;86m[HTTP][0m <-- POST /wd/hub/session/8b548297-855f-4ed9-b2a2-599716286d86/elements 200 267 ms - 12 
[38;5;37m[8b548297][0m[38;5;86m[HTTP][0m [37m-->[39m [37mPOST[39m [37m/wd/hub/session/8b548297-855f-4ed9-b2a2-599716286d86/elements[39m {"using":"xpath","value":"//*[@class = 'android.widget.EditText' and @resource-id = 'ion-input-1' and (@text = '' or . = '')]"}
[38;5;37m[8b548297][0m[38;5;86m[HTTP][0m <-- POST /wd/hub/session/8b548297-855f-4ed9-b2a2-599716286d86/elements 200 1315 ms - 12 
[38;5;37m[8b548297][0m[38;5;86m[HTTP][0m [37m-->[39m [37mPOST[39m [37m/wd/hub/session/8b548297-855f-4ed9-b2a2-599716286d86/elements[39m {"using":"xpath","value":"//*[@class = 'android.widget.EditText' and @resource-id = 'ion-input-1' and (@text = '' or . = '')]"}
[38;5;37m[8b548297][0m[38;5;86m[HTTP][0m <-- POST /wd/hub/session/8b548297-855f-4ed9-b2a2-599716286d86/elements 200 271 ms - 12 
[38;5;37m[8b548297][0m[38;5;86m[HTTP][0m [37m-->[39m [37mPOST[39m [37m/wd/hub/session/8b548297-855f-4ed9-b2a2-599716286d86/elements[39m {"using":"xpath","value":"//*[@class = 'android.widget.EditText' and @resource-id = 'ion-input-1' and (@text = '' or . = '')]"}
[38;5;37m[8b548297][0m[38;5;86m[HTTP][0m <-- POST /wd/hub/session/8b548297-855f-4ed9-b2a2-599716286d86/elements 200 285 ms - 12 
[38;5;37m[8b548297][0m[38;5;86m[HTTP][0m [37m-->[39m [37mPOST[39m [37m/wd/hub/session/8b548297-855f-4ed9-b2a2-599716286d86/elements[39m {"using":"xpath","value":"//*[@class = 'android.widget.EditText' and @resource-id = 'ion-input-1' and (@text = '' or . = '')]"}
[38;5;37m[8b548297][0m[38;5;86m[HTTP][0m <-- POST /wd/hub/session/8b548297-855f-4ed9-b2a2-599716286d86/elements 200 313 ms - 12 
[38;5;37m[8b548297][0m[38;5;86m[HTTP][0m [37m-->[39m [37mPOST[39m [37m/wd/hub/session/8b548297-855f-4ed9-b2a2-599716286d86/elements[39m {"using":"xpath","value":"//*[@class = 'android.widget.EditText' and @resource-id = 'ion-input-1' and (@text = '' or . = '')]"}
[38;5;37m[8b548297][0m[38;5;86m[HTTP][0m <-- POST /wd/hub/session/8b548297-855f-4ed9-b2a2-599716286d86/elements 200 280 ms - 12 
[38;5;37m[8b548297][0m[38;5;86m[HTTP][0m [37m-->[39m [37mPOST[39m [37m/wd/hub/session/8b548297-855f-4ed9-b2a2-599716286d86/elements[39m {"using":"xpath","value":"//*[@class = 'android.widget.EditText' and @resource-id = 'ion-input-1' and (@text = '' or . = '')]"}
[38;5;37m[8b548297][0m[38;5;86m[HTTP][0m <-- POST /wd/hub/session/8b548297-855f-4ed9-b2a2-599716286d86/elements 200 311 ms - 12 
[38;5;37m[8b548297][0m[38;5;86m[HTTP][0m [37m-->[39m [37mPOST[39m [37m/wd/hub/session/8b548297-855f-4ed9-b2a2-599716286d86/elements[39m {"using":"xpath","value":"//*[@class = 'android.widget.EditText' and @resource-id = 'ion-input-1' and (@text = '' or . = '')]"}
[38;5;37m[8b548297][0m[38;5;86m[HTTP][0m <-- POST /wd/hub/session/8b548297-855f-4ed9-b2a2-599716286d86/elements 200 286 ms - 12 
[38;5;37m[8b548297][0m[38;5;86m[HTTP][0m [37m-->[39m [37mPOST[39m [37m/wd/hub/session/8b548297-855f-4ed9-b2a2-599716286d86/elements[39m {"using":"xpath","value":"//*[@class = 'android.widget.EditText' and @resource-id = 'ion-input-1' and (@text = '' or . = '')]"}
[38;5;37m[8b548297][0m[38;5;86m[HTTP][0m <-- POST /wd/hub/session/8b548297-855f-4ed9-b2a2-599716286d86/elements 200 754 ms - 12 
[38;5;37m[8b548297][0m[38;5;86m[HTTP][0m [37m-->[39m [37mPOST[39m [37m/wd/hub/session/8b548297-855f-4ed9-b2a2-599716286d86/elements[39m {"using":"xpath","value":"//*[@class = 'android.widget.EditText' and @resource-id = 'ion-input-1' and (@text = '' or . = '')]"}
[38;5;37m[8b548297][0m[38;5;86m[HTTP][0m <-- POST /wd/hub/session/8b548297-855f-4ed9-b2a2-599716286d86/elements 200 286 ms - 12 
[38;5;37m[8b548297][0m[38;5;86m[HTTP][0m [37m-->[39m [37mPOST[39m [37m/wd/hub/session/8b548297-855f-4ed9-b2a2-599716286d86/elements[39m {"using":"xpath","value":"//*[@class = 'android.widget.EditText' and @resource-id = 'ion-input-1' and (@text = '' or . = '')]"}
[38;5;37m[8b548297][0m[38;5;86m[HTTP][0m <-- POST /wd/hub/session/8b548297-855f-4ed9-b2a2-599716286d86/elements 200 252 ms - 12 
[38;5;37m[8b548297][0m[38;5;86m[HTTP][0m [37m-->[39m [37mPOST[39m [37m/wd/hub/session/8b548297-855f-4ed9-b2a2-599716286d86/elements[39m {"using":"xpath","value":"//*[@class = 'android.widget.EditText' and @resource-id = 'ion-input-1' and (@text = '' or . = '')]"}
[38;5;37m[8b548297][0m[38;5;86m[HTTP][0m <-- POST /wd/hub/session/8b548297-855f-4ed9-b2a2-599716286d86/elements 200 809 ms - 12 
[38;5;37m[8b548297][0m[38;5;86m[HTTP][0m [37m-->[39m [37mPOST[39m [37m/wd/hub/session/8b548297-855f-4ed9-b2a2-599716286d86/elements[39m {"using":"xpath","value":"//*[@class = 'android.widget.EditText' and @resource-id = 'ion-input-1' and (@text = '' or . = '')]"}
[38;5;37m[8b548297][0m[38;5;86m[HTTP][0m <-- POST /wd/hub/session/8b548297-855f-4ed9-b2a2-599716286d86/elements 200 246 ms - 12 
[38;5;37m[8b548297][0m[38;5;86m[HTTP][0m [37m-->[39m [37mPOST[39m [37m/wd/hub/session/8b548297-855f-4ed9-b2a2-599716286d86/elements[39m {"using":"xpath","value":"//*[@class = 'android.widget.EditText' and @resource-id = 'ion-input-1' and (@text = '' or . = '')]"}
[38;5;37m[8b548297][0m[38;5;86m[HTTP][0m <-- POST /wd/hub/session/8b548297-855f-4ed9-b2a2-599716286d86/elements 200 274 ms - 12 
[38;5;37m[8b548297][0m[38;5;86m[HTTP][0m [37m-->[39m [37mPOST[39m [37m/wd/hub/session/8b548297-855f-4ed9-b2a2-599716286d86/elements[39m {"using":"xpath","value":"//*[@class = 'android.widget.EditText' and @resource-id = 'ion-input-1' and (@text = '' or . = '')]"}
[38;5;37m[8b548297][0m[38;5;86m[HTTP][0m <-- POST /wd/hub/session/8b548297-855f-4ed9-b2a2-599716286d86/elements 200 257 ms - 12 
[38;5;37m[8b548297][0m[38;5;86m[HTTP][0m [37m-->[39m [37mPOST[39m [37m/wd/hub/session/8b548297-855f-4ed9-b2a2-599716286d86/elements[39m {"using":"xpath","value":"//*[@class = 'android.widget.EditText' and @resource-id = 'ion-input-1' and (@text = '' or . = '')]"}
[38;5;37m[8b548297][0m[38;5;86m[HTTP][0m <-- POST /wd/hub/session/8b548297-855f-4ed9-b2a2-599716286d86/elements 200 260 ms - 12 
[38;5;37m[8b548297][0m[38;5;86m[HTTP][0m [37m-->[39m [37mPOST[39m [37m/wd/hub/session/8b548297-855f-4ed9-b2a2-599716286d86/elements[39m {"using":"xpath","value":"//*[@class = 'android.widget.EditText' and @resource-id = 'ion-input-1' and (@text = '' or . = '')]"}
[38;5;37m[8b548297][0m[38;5;86m[HTTP][0m <-- POST /wd/hub/session/8b548297-855f-4ed9-b2a2-599716286d86/elements 200 230 ms - 12 
[38;5;37m[8b548297][0m[38;5;86m[HTTP][0m [37m-->[39m [37mPOST[39m [37m/wd/hub/session/8b548297-855f-4ed9-b2a2-599716286d86/elements[39m {"using":"xpath","value":"//*[@class = 'android.widget.EditText' and @resource-id = 'ion-input-1' and (@text = '' or . = '')]"}
[38;5;37m[8b548297][0m[38;5;86m[HTTP][0m <-- POST /wd/hub/session/8b548297-855f-4ed9-b2a2-599716286d86/elements 200 260 ms - 12 
[38;5;37m[8b548297][0m[38;5;86m[HTTP][0m [37m-->[39m [37mPOST[39m [37m/wd/hub/session/8b548297-855f-4ed9-b2a2-599716286d86/elements[39m {"using":"xpath","value":"//*[@class = 'android.widget.EditText' and @resource-id = 'ion-input-1' and (@text = '' or . = '')]"}
[38;5;37m[8b548297][0m[38;5;86m[HTTP][0m <-- POST /wd/hub/session/8b548297-855f-4ed9-b2a2-599716286d86/elements 200 258 ms - 12 
[38;5;37m[8b548297][0m[38;5;86m[HTTP][0m [37m-->[39m [37mPOST[39m [37m/wd/hub/session/8b548297-855f-4ed9-b2a2-599716286d86/elements[39m {"using":"xpath","value":"//*[@class = 'android.widget.EditText' and @resource-id = 'ion-input-1' and (@text = '' or . = '')]"}
[38;5;37m[8b548297][0m[38;5;86m[HTTP][0m <-- POST /wd/hub/session/8b548297-855f-4ed9-b2a2-599716286d86/elements 200 256 ms - 12 
[38;5;37m[8b548297][0m[38;5;86m[HTTP][0m [37m-->[39m [37mPOST[39m [37m/wd/hub/session/8b548297-855f-4ed9-b2a2-599716286d86/elements[39m {"using":"xpath","value":"//*[@class = 'android.widget.EditText' and @resource-id = 'ion-input-1' and (@text = '' or . = '')]"}
[38;5;37m[8b548297][0m[38;5;86m[HTTP][0m <-- POST /wd/hub/session/8b548297-855f-4ed9-b2a2-599716286d86/elements 200 248 ms - 12 
[38;5;37m[8b548297][0m[38;5;86m[HTTP][0m [37m-->[39m [37mPOST[39m [37m/wd/hub/session/8b548297-855f-4ed9-b2a2-599716286d86/elements[39m {"using":"xpath","value":"//*[@class = 'android.widget.EditText' and @resource-id = 'ion-input-1' and (@text = '' or . = '')]"}
[38;5;37m[8b548297][0m[38;5;86m[HTTP][0m <-- POST /wd/hub/session/8b548297-855f-4ed9-b2a2-599716286d86/elements 200 248 ms - 12 
[38;5;37m[8b548297][0m[38;5;86m[HTTP][0m [37m-->[39m [37mPOST[39m [37m/wd/hub/session/8b548297-855f-4ed9-b2a2-599716286d86/elements[39m {"using":"xpath","value":"//*[@class = 'android.widget.EditText' and @resource-id = 'ion-input-1' and (@text = '' or . = '')]"}
[38;5;37m[8b548297][0m[38;5;86m[HTTP][0m <-- POST /wd/hub/session/8b548297-855f-4ed9-b2a2-599716286d86/elements 200 226 ms - 12 
[38;5;37m[8b548297][0m[38;5;86m[HTTP][0m [37m-->[39m [37mPOST[39m [37m/wd/hub/session/8b548297-855f-4ed9-b2a2-599716286d86/elements[39m {"using":"xpath","value":"//*[@class = 'android.widget.EditText' and @resource-id = 'ion-input-1' and (@text = '' or . = '')]"}
[38;5;37m[8b548297][0m[38;5;86m[HTTP][0m <-- POST /wd/hub/session/8b548297-855f-4ed9-b2a2-599716286d86/elements 200 274 ms - 12 
[38;5;37m[8b548297][0m[38;5;86m[HTTP][0m [37m-->[39m [37mPOST[39m [37m/wd/hub/session/8b548297-855f-4ed9-b2a2-599716286d86/elements[39m {"using":"xpath","value":"//*[@class = 'android.widget.EditText' and @resource-id = 'ion-input-1' and (@text = '' or . = '')]"}
[38;5;37m[8b548297][0m[38;5;86m[HTTP][0m <-- POST /wd/hub/session/8b548297-855f-4ed9-b2a2-599716286d86/elements 200 289 ms - 12 
[38;5;37m[8b548297][0m[38;5;86m[HTTP][0m [37m-->[39m [37mPOST[39m [37m/wd/hub/session/8b548297-855f-4ed9-b2a2-599716286d86/elements[39m {"using":"xpath","value":"//*[@class = 'android.widget.EditText' and @resource-id = 'ion-input-1' and (@text = '' or . = '')]"}
[38;5;37m[8b548297][0m[38;5;86m[HTTP][0m <-- POST /wd/hub/session/8b548297-855f-4ed9-b2a2-599716286d86/elements 200 694 ms - 12 
[38;5;37m[8b548297][0m[38;5;86m[HTTP][0m [37m-->[39m [37mPOST[39m [37m/wd/hub/session/8b548297-855f-4ed9-b2a2-599716286d86/elements[39m {"using":"xpath","value":"//*[@class = 'android.widget.EditText' and @resource-id = 'ion-input-1' and (@text = '' or . = '')]"}
[38;5;37m[8b548297][0m[38;5;86m[HTTP][0m <-- POST /wd/hub/session/8b548297-855f-4ed9-b2a2-599716286d86/elements 200 278 ms - 12 
[38;5;37m[8b548297][0m[38;5;86m[HTTP][0m [37m-->[39m [37mPOST[39m [37m/wd/hub/session/8b548297-855f-4ed9-b2a2-599716286d86/elements[39m {"using":"xpath","value":"//*[@class = 'android.widget.EditText' and @resource-id = 'ion-input-1' and (@text = '' or . = '')]"}
[38;5;37m[8b548297][0m[38;5;86m[HTTP][0m <-- POST /wd/hub/session/8b548297-855f-4ed9-b2a2-599716286d86/elements 200 259 ms - 12 
[38;5;37m[8b548297][0m[38;5;86m[HTTP][0m [37m-->[39m [37mPOST[39m [37m/wd/hub/session/8b548297-855f-4ed9-b2a2-599716286d86/elements[39m {"using":"xpath","value":"//*[@class = 'android.widget.EditText' and @resource-id = 'ion-input-1' and (@text = '' or . = '')]"}
[38;5;37m[8b548297][0m[38;5;86m[HTTP][0m <-- POST /wd/hub/session/8b548297-855f-4ed9-b2a2-599716286d86/elements 200 205 ms - 12 
[38;5;37m[8b548297][0m[38;5;86m[HTTP][0m [37m-->[39m [37mPOST[39m [37m/wd/hub/session/8b548297-855f-4ed9-b2a2-599716286d86/elements[39m {"using":"xpath","value":"//*[@class = 'android.widget.EditText' and @resource-id = 'ion-input-1' and (@text = '' or . = '')]"}
[38;5;37m[8b548297][0m[38;5;86m[HTTP][0m <-- POST /wd/hub/session/8b548297-855f-4ed9-b2a2-599716286d86/elements 200 255 ms - 12 
[38;5;37m[8b548297][0m[38;5;86m[HTTP][0m [37m-->[39m [37mPOST[39m [37m/wd/hub/session/8b548297-855f-4ed9-b2a2-599716286d86/elements[39m {"using":"xpath","value":"//*[@class = 'android.widget.EditText' and @resource-id = 'ion-input-1' and (@text = '' or . = '')]"}
[38;5;37m[8b548297][0m[38;5;86m[HTTP][0m <-- POST /wd/hub/session/8b548297-855f-4ed9-b2a2-599716286d86/elements 200 266 ms - 12 
[38;5;37m[8b548297][0m[38;5;86m[HTTP][0m [37m-->[39m [37mPOST[39m [37m/wd/hub/session/8b548297-855f-4ed9-b2a2-599716286d86/elements[39m {"using":"xpath","value":"//*[@class = 'android.widget.EditText' and @resource-id = 'ion-input-1' and (@text = '' or . = '')]"}
[38;5;37m[8b548297][0m[38;5;86m[HTTP][0m <-- POST /wd/hub/session/8b548297-855f-4ed9-b2a2-599716286d86/elements 200 238 ms - 12 
[38;5;37m[8b548297][0m[38;5;86m[HTTP][0m [37m-->[39m [37mPOST[39m [37m/wd/hub/session/8b548297-855f-4ed9-b2a2-599716286d86/elements[39m {"using":"xpath","value":"//*[@class = 'android.widget.EditText' and @resource-id = 'ion-input-1' and (@text = '' or . = '')]"}
[38;5;37m[8b548297][0m[38;5;86m[HTTP][0m <-- POST /wd/hub/session/8b548297-855f-4ed9-b2a2-599716286d86/elements 200 270 ms - 12 
[38;5;37m[8b548297][0m[38;5;86m[HTTP][0m [37m-->[39m [37mPOST[39m [37m/wd/hub/session/8b548297-855f-4ed9-b2a2-599716286d86/elements[39m {"using":"xpath","value":"//*[@class = 'android.widget.EditText' and @resource-id = 'ion-input-1' and (@text = '' or . = '')]"}
[38;5;37m[8b548297][0m[38;5;86m[HTTP][0m <-- POST /wd/hub/session/8b548297-855f-4ed9-b2a2-599716286d86/elements 200 267 ms - 12 
[38;5;37m[8b548297][0m[38;5;86m[HTTP][0m [37m-->[39m [37mPOST[39m [37m/wd/hub/session/8b548297-855f-4ed9-b2a2-599716286d86/elements[39m {"using":"xpath","value":"//*[@class = 'android.widget.EditText' and @resource-id = 'ion-input-1' and (@text = '' or . = '')]"}
[38;5;37m[8b548297][0m[38;5;86m[HTTP][0m <-- POST /wd/hub/session/8b548297-855f-4ed9-b2a2-599716286d86/elements 200 155 ms - 12 
[38;5;37m[8b548297][0m[38;5;86m[HTTP][0m [37m-->[39m [37mPOST[39m [37m/wd/hub/session/8b548297-855f-4ed9-b2a2-599716286d86/elements[39m {"using":"xpath","value":"//*[@class = 'android.widget.EditText' and @resource-id = 'ion-input-1' and (@text = '' or . = '')]"}
[38;5;37m[8b548297][0m[38;5;86m[HTTP][0m <-- POST /wd/hub/session/8b548297-855f-4ed9-b2a2-599716286d86/elements 200 268 ms - 12 
[38;5;37m[8b548297][0m[38;5;86m[HTTP][0m [37m-->[39m [37mPOST[39m [37m/wd/hub/session/8b548297-855f-4ed9-b2a2-599716286d86/elements[39m {"using":"xpath","value":"//*[@class = 'android.widget.EditText' and @resource-id = 'ion-input-1' and (@text = '' or . = '')]"}
[38;5;37m[8b548297][0m[38;5;86m[HTTP][0m <-- POST /wd/hub/session/8b548297-855f-4ed9-b2a2-599716286d86/elements 200 260 ms - 12 
[38;5;37m[8b548297][0m[38;5;86m[HTTP][0m [37m-->[39m [37mPOST[39m [37m/wd/hub/session/8b548297-855f-4ed9-b2a2-599716286d86/elements[39m {"using":"xpath","value":"//*[@class = 'android.widget.EditText' and @resource-id = 'ion-input-1' and (@text = '' or . = '')]"}
[38;5;37m[8b548297][0m[38;5;86m[HTTP][0m <-- POST /wd/hub/session/8b548297-855f-4ed9-b2a2-599716286d86/elements 200 289 ms - 12 
[38;5;37m[8b548297][0m[38;5;86m[HTTP][0m [37m-->[39m [37mPOST[39m [37m/wd/hub/session/8b548297-855f-4ed9-b2a2-599716286d86/elements[39m {"using":"xpath","value":"//*[@class = 'android.widget.EditText' and @resource-id = 'ion-input-1' and (@text = '' or . = '')]"}
[38;5;37m[8b548297][0m[38;5;86m[HTTP][0m <-- POST /wd/hub/session/8b548297-855f-4ed9-b2a2-599716286d86/elements 200 921 ms - 12 
[38;5;37m[8b548297][0m[38;5;86m[HTTP][0m [37m-->[39m [37mPOST[39m [37m/wd/hub/session/8b548297-855f-4ed9-b2a2-599716286d86/elements[39m {"using":"xpath","value":"//*[@class = 'android.widget.EditText' and @resource-id = 'ion-input-1' and (@text = '' or . = '')]"}
[38;5;37m[8b548297][0m[38;5;86m[HTTP][0m <-- POST /wd/hub/session/8b548297-855f-4ed9-b2a2-599716286d86/elements 200 245 ms - 12 
[38;5;37m[8b548297][0m[38;5;86m[HTTP][0m [37m-->[39m [37mPOST[39m [37m/wd/hub/session/8b548297-855f-4ed9-b2a2-599716286d86/elements[39m {"using":"xpath","value":"//*[@class = 'android.widget.EditText' and @resource-id = 'ion-input-1' and (@text = '' or . = '')]"}
[38;5;37m[8b548297][0m[38;5;86m[HTTP][0m <-- POST /wd/hub/session/8b548297-855f-4ed9-b2a2-599716286d86/elements 200 276 ms - 12 
[38;5;37m[8b548297][0m[38;5;86m[HTTP][0m [37m-->[39m [37mPOST[39m [37m/wd/hub/session/8b548297-855f-4ed9-b2a2-599716286d86/elements[39m {"using":"xpath","value":"//*[@class = 'android.widget.EditText' and @resource-id = 'ion-input-1' and (@text = '' or . = '')]"}
[38;5;37m[8b548297][0m[38;5;86m[HTTP][0m <-- POST /wd/hub/session/8b548297-855f-4ed9-b2a2-599716286d86/elements 200 264 ms - 12 
[38;5;37m[8b548297][0m[38;5;86m[HTTP][0m [37m-->[39m [37mPOST[39m [37m/wd/hub/session/8b548297-855f-4ed9-b2a2-599716286d86/elements[39m {"using":"xpath","value":"//*[@class = 'android.widget.EditText' and @resource-id = 'ion-input-1' and (@text = '' or . = '')]"}
[38;5;37m[8b548297][0m[38;5;86m[HTTP][0m <-- POST /wd/hub/session/8b548297-855f-4ed9-b2a2-599716286d86/elements 200 229 ms - 12 
[38;5;37m[8b548297][0m[38;5;86m[HTTP][0m [37m-->[39m [37mPOST[39m [37m/wd/hub/session/8b548297-855f-4ed9-b2a2-599716286d86/elements[39m {"using":"xpath","value":"//*[@class = 'android.widget.EditText' and @resource-id = 'ion-input-1' and (@text = '' or . = '')]"}
[38;5;37m[8b548297][0m[38;5;86m[HTTP][0m <-- POST /wd/hub/session/8b548297-855f-4ed9-b2a2-599716286d86/elements 200 255 ms - 12 
[38;5;37m[8b548297][0m[38;5;86m[HTTP][0m [37m-->[39m [37mPOST[39m [37m/wd/hub/session/8b548297-855f-4ed9-b2a2-599716286d86/elements[39m {"using":"xpath","value":"//*[@class = 'android.widget.EditText' and @resource-id = 'ion-input-1' and (@text = '' or . = '')]"}
[38;5;37m[8b548297][0m[38;5;86m[HTTP][0m <-- POST /wd/hub/session/8b548297-855f-4ed9-b2a2-599716286d86/elements 200 275 ms - 12 
[38;5;37m[8b548297][0m[38;5;86m[HTTP][0m [37m-->[39m [37mPOST[39m [37m/wd/hub/session/8b548297-855f-4ed9-b2a2-599716286d86/elements[39m {"using":"xpath","value":"//*[@class = 'android.widget.EditText' and @resource-id = 'ion-input-1' and (@text = '' or . = '')]"}
[38;5;37m[8b548297][0m[38;5;86m[HTTP][0m <-- POST /wd/hub/session/8b548297-855f-4ed9-b2a2-599716286d86/elements 200 279 ms - 12 
[38;5;37m[8b548297][0m[38;5;86m[HTTP][0m [37m-->[39m [37mPOST[39m [37m/wd/hub/session/8b548297-855f-4ed9-b2a2-599716286d86/elements[39m {"using":"xpath","value":"//*[@class = 'android.widget.EditText' and @resource-id = 'ion-input-1' and (@text = '' or . = '')]"}
[38;5;37m[8b548297][0m[38;5;86m[HTTP][0m <-- POST /wd/hub/session/8b548297-855f-4ed9-b2a2-599716286d86/elements 200 276 ms - 12 
[38;5;37m[8b548297][0m[38;5;86m[HTTP][0m [37m-->[39m [37mPOST[39m [37m/wd/hub/session/8b548297-855f-4ed9-b2a2-599716286d86/elements[39m {"using":"xpath","value":"//*[@class = 'android.widget.EditText' and @resource-id = 'ion-input-1' and (@text = '' or . = '')]"}
[38;5;37m[8b548297][0m[38;5;86m[HTTP][0m <-- POST /wd/hub/session/8b548297-855f-4ed9-b2a2-599716286d86/elements 200 247 ms - 12 
[38;5;37m[8b548297][0m[38;5;86m[HTTP][0m [37m-->[39m [37mPOST[39m [37m/wd/hub/session/8b548297-855f-4ed9-b2a2-599716286d86/elements[39m {"using":"xpath","value":"//*[@class = 'android.widget.EditText' and @resource-id = 'ion-input-1' and (@text = '' or . = '')]"}
[38;5;37m[8b548297][0m[38;5;86m[HTTP][0m <-- POST /wd/hub/session/8b548297-855f-4ed9-b2a2-599716286d86/elements 200 271 ms - 12 
[38;5;37m[8b548297][0m[38;5;86m[HTTP][0m [37m-->[39m [37mPOST[39m [37m/wd/hub/session/8b548297-855f-4ed9-b2a2-599716286d86/elements[39m {"using":"xpath","value":"//*[@class = 'android.widget.EditText' and @resource-id = 'ion-input-1' and (@text = '' or . = '')]"}
[38;5;37m[8b548297][0m[38;5;86m[HTTP][0m <-- POST /wd/hub/session/8b548297-855f-4ed9-b2a2-599716286d86/elements 200 219 ms - 12 
[38;5;37m[8b548297][0m[38;5;86m[HTTP][0m [37m-->[39m [37mPOST[39m [37m/wd/hub/session/8b548297-855f-4ed9-b2a2-599716286d86/elements[39m {"using":"xpath","value":"//*[@class = 'android.widget.EditText' and @resource-id = 'ion-input-1' and (@text = '' or . = '')]"}
[38;5;37m[8b548297][0m[38;5;86m[HTTP][0m <-- POST /wd/hub/session/8b548297-855f-4ed9-b2a2-599716286d86/elements 200 203 ms - 12 
[38;5;37m[8b548297][0m[38;5;86m[HTTP][0m [37m-->[39m [37mPOST[39m [37m/wd/hub/session/8b548297-855f-4ed9-b2a2-599716286d86/elements[39m {"using":"xpath","value":"//*[@class = 'android.widget.EditText' and @resource-id = 'ion-input-1' and (@text = '' or . = '')]"}
[38;5;37m[8b548297][0m[38;5;86m[HTTP][0m <-- POST /wd/hub/session/8b548297-855f-4ed9-b2a2-599716286d86/elements 200 286 ms - 12 
[38;5;37m[8b548297][0m[38;5;86m[HTTP][0m [37m-->[39m [37mPOST[39m [37m/wd/hub/session/8b548297-855f-4ed9-b2a2-599716286d86/elements[39m {"using":"xpath","value":"//*[@class = 'android.widget.EditText' and @resource-id = 'ion-input-1' and (@text = '' or . = '')]"}
[38;5;37m[8b548297][0m[38;5;86m[HTTP][0m <-- POST /wd/hub/session/8b548297-855f-4ed9-b2a2-599716286d86/elements 200 217 ms - 12 
[38;5;37m[8b548297][0m[38;5;86m[HTTP][0m [37m-->[39m [37mPOST[39m [37m/wd/hub/session/8b548297-855f-4ed9-b2a2-599716286d86/elements[39m {"using":"xpath","value":"//*[@class = 'android.widget.EditText' and @resource-id = 'ion-input-1' and (@text = '' or . = '')]"}
[38;5;37m[8b548297][0m[38;5;86m[HTTP][0m <-- POST /wd/hub/session/8b548297-855f-4ed9-b2a2-599716286d86/elements 200 252 ms - 12 
[38;5;37m[8b548297][0m[38;5;86m[HTTP][0m [37m-->[39m [37mPOST[39m [37m/wd/hub/session/8b548297-855f-4ed9-b2a2-599716286d86/elements[39m {"using":"xpath","value":"//*[@class = 'android.widget.EditText' and @resource-id = 'ion-input-1' and (@text = '' or . = '')]"}
[38;5;37m[8b548297][0m[38;5;86m[HTTP][0m <-- POST /wd/hub/session/8b548297-855f-4ed9-b2a2-599716286d86/elements 200 228 ms - 12 
[38;5;37m[8b548297][0m[38;5;86m[HTTP][0m [37m-->[39m [37mPOST[39m [37m/wd/hub/session/8b548297-855f-4ed9-b2a2-599716286d86/elements[39m {"using":"xpath","value":"//*[@class = 'android.widget.EditText' and @resource-id = 'ion-input-1' and (@text = '' or . = '')]"}
[38;5;37m[8b548297][0m[38;5;86m[HTTP][0m <-- POST /wd/hub/session/8b548297-855f-4ed9-b2a2-599716286d86/elements 200 256 ms - 12 
[38;5;37m[8b548297][0m[38;5;86m[HTTP][0m [37m-->[39m [37mPOST[39m [37m/wd/hub/session/8b548297-855f-4ed9-b2a2-599716286d86/elements[39m {"using":"xpath","value":"//*[@class = 'android.widget.EditText' and @resource-id = 'ion-input-1' and (@text = '' or . = '')]"}
[38;5;37m[8b548297][0m[38;5;86m[HTTP][0m <-- POST /wd/hub/session/8b548297-855f-4ed9-b2a2-599716286d86/elements 200 248 ms - 12 
[38;5;37m[8b548297][0m[38;5;86m[HTTP][0m [37m-->[39m [37mPOST[39m [37m/wd/hub/session/8b548297-855f-4ed9-b2a2-599716286d86/elements[39m {"using":"xpath","value":"//*[@class = 'android.widget.EditText' and @resource-id = 'ion-input-1' and (@text = '' or . = '')]"}
[38;5;37m[8b548297][0m[38;5;86m[HTTP][0m <-- POST /wd/hub/session/8b548297-855f-4ed9-b2a2-599716286d86/elements 200 239 ms - 12 
[38;5;37m[8b548297][0m[38;5;86m[HTTP][0m [37m-->[39m [37mPOST[39m [37m/wd/hub/session/8b548297-855f-4ed9-b2a2-599716286d86/elements[39m {"using":"xpath","value":"//*[@class = 'android.widget.EditText' and @resource-id = 'ion-input-1' and (@text = '' or . = '')]"}
[38;5;37m[8b548297][0m[38;5;86m[HTTP][0m <-- POST /wd/hub/session/8b548297-855f-4ed9-b2a2-599716286d86/elements 200 245 ms - 12 
[38;5;37m[8b548297][0m[38;5;86m[HTTP][0m [37m-->[39m [37mPOST[39m [37m/wd/hub/session/8b548297-855f-4ed9-b2a2-599716286d86/elements[39m {"using":"xpath","value":"//*[@class = 'android.widget.EditText' and @resource-id = 'ion-input-1' and (@text = '' or . = '')]"}
[38;5;37m[8b548297][0m[38;5;86m[HTTP][0m <-- POST /wd/hub/session/8b548297-855f-4ed9-b2a2-599716286d86/elements 200 114 ms - 12 
[38;5;37m[8b548297][0m[38;5;86m[HTTP][0m [37m-->[39m [37mPOST[39m [37m/wd/hub/session/8b548297-855f-4ed9-b2a2-599716286d86/elements[39m {"using":"xpath","value":"//*[@class = 'android.widget.EditText' and @resource-id = 'ion-input-1' and (@text = '' or . = '')]"}
[38;5;37m[8b548297][0m[38;5;86m[HTTP][0m <-- POST /wd/hub/session/8b548297-855f-4ed9-b2a2-599716286d86/elements 200 632 ms - 12 
[38;5;37m[8b548297][0m[38;5;86m[HTTP][0m [37m-->[39m [37mPOST[39m [37m/wd/hub/session/8b548297-855f-4ed9-b2a2-599716286d86/elements[39m {"using":"xpath","value":"//*[@class = 'android.widget.EditText' and @resource-id = 'ion-input-1' and (@text = '' or . = '')]"}
[38;5;37m[8b548297][0m[38;5;86m[HTTP][0m <-- POST /wd/hub/session/8b548297-855f-4ed9-b2a2-599716286d86/elements 200 265 ms - 12 
[38;5;37m[8b548297][0m[38;5;86m[HTTP][0m [37m-->[39m [37mPOST[39m [37m/wd/hub/session/8b548297-855f-4ed9-b2a2-599716286d86/elements[39m {"using":"xpath","value":"//*[@class = 'android.widget.EditText' and @resource-id = 'ion-input-1' and (@text = '' or . = '')]"}
[38;5;37m[8b548297][0m[38;5;86m[HTTP][0m <-- POST /wd/hub/session/8b548297-855f-4ed9-b2a2-599716286d86/elements 200 271 ms - 12 
[38;5;37m[8b548297][0m[38;5;86m[HTTP][0m [37m-->[39m [37mPOST[39m [37m/wd/hub/session/8b548297-855f-4ed9-b2a2-599716286d86/elements[39m {"using":"xpath","value":"//*[@class = 'android.widget.EditText' and @resource-id = 'ion-input-1' and (@text = '' or . = '')]"}
[38;5;37m[8b548297][0m[38;5;86m[HTTP][0m <-- POST /wd/hub/session/8b548297-855f-4ed9-b2a2-599716286d86/elements 200 250 ms - 12 
[38;5;37m[8b548297][0m[38;5;86m[HTTP][0m [37m-->[39m [37mPOST[39m [37m/wd/hub/session/8b548297-855f-4ed9-b2a2-599716286d86/elements[39m {"using":"xpath","value":"//*[@class = 'android.widget.EditText' and @resource-id = 'ion-input-1' and (@text = '' or . = '')]"}
[38;5;37m[8b548297][0m[38;5;86m[HTTP][0m <-- POST /wd/hub/session/8b548297-855f-4ed9-b2a2-599716286d86/elements 200 265 ms - 12 
[38;5;37m[8b548297][0m[38;5;86m[HTTP][0m [37m-->[39m [37mPOST[39m [37m/wd/hub/session/8b548297-855f-4ed9-b2a2-599716286d86/elements[39m {"using":"xpath","value":"//*[@class = 'android.widget.EditText' and @resource-id = 'ion-input-1' and (@text = '' or . = '')]"}
[38;5;37m[8b548297][0m[38;5;86m[HTTP][0m <-- POST /wd/hub/session/8b548297-855f-4ed9-b2a2-599716286d86/elements 200 258 ms - 12 
[38;5;37m[8b548297][0m[38;5;86m[HTTP][0m [37m-->[39m [37mPOST[39m [37m/wd/hub/session/8b548297-855f-4ed9-b2a2-599716286d86/elements[39m {"using":"xpath","value":"//*[@class = 'android.widget.EditText' and @resource-id = 'ion-input-1' and (@text = '' or . = '')]"}
[38;5;37m[8b548297][0m[38;5;86m[HTTP][0m <-- POST /wd/hub/session/8b548297-855f-4ed9-b2a2-599716286d86/elements 200 268 ms - 12 
[38;5;37m[8b548297][0m[38;5;86m[HTTP][0m [37m-->[39m [37mPOST[39m [37m/wd/hub/session/8b548297-855f-4ed9-b2a2-599716286d86/elements[39m {"using":"xpath","value":"//*[@class = 'android.widget.EditText' and @resource-id = 'ion-input-1' and (@text = '' or . = '')]"}
[38;5;37m[8b548297][0m[38;5;86m[HTTP][0m <-- POST /wd/hub/session/8b548297-855f-4ed9-b2a2-599716286d86/elements 200 284 ms - 12 
[38;5;37m[8b548297][0m[38;5;86m[HTTP][0m [37m-->[39m [37mPOST[39m [37m/wd/hub/session/8b548297-855f-4ed9-b2a2-599716286d86/elements[39m {"using":"xpath","value":"//*[@class = 'android.widget.EditText' and @resource-id = 'ion-input-1' and (@text = '' or . = '')]"}
[38;5;37m[8b548297][0m[38;5;86m[HTTP][0m <-- POST /wd/hub/session/8b548297-855f-4ed9-b2a2-599716286d86/elements 200 240 ms - 12 
[38;5;37m[8b548297][0m[38;5;86m[HTTP][0m [37m-->[39m [37mPOST[39m [37m/wd/hub/session/8b548297-855f-4ed9-b2a2-599716286d86/elements[39m {"using":"xpath","value":"//*[@class = 'android.widget.EditText' and @resource-id = 'ion-input-1' and (@text = '' or . = '')]"}
[38;5;37m[8b548297][0m[38;5;86m[HTTP][0m <-- POST /wd/hub/session/8b548297-855f-4ed9-b2a2-599716286d86/elements 200 253 ms - 12 
[38;5;37m[8b548297][0m[38;5;86m[HTTP][0m [37m-->[39m [37mPOST[39m [37m/wd/hub/session/8b548297-855f-4ed9-b2a2-599716286d86/elements[39m {"using":"xpath","value":"//*[@class = 'android.widget.EditText' and @resource-id = 'ion-input-1' and (@text = '' or . = '')]"}
[38;5;37m[8b548297][0m[38;5;86m[HTTP][0m <-- POST /wd/hub/session/8b548297-855f-4ed9-b2a2-599716286d86/elements 200 246 ms - 12 
[38;5;37m[8b548297][0m[38;5;86m[HTTP][0m [37m-->[39m [37mPOST[39m [37m/wd/hub/session/8b548297-855f-4ed9-b2a2-599716286d86/elements[39m {"using":"xpath","value":"//*[@class = 'android.widget.EditText' and @resource-id = 'ion-input-1' and (@text = '' or . = '')]"}
[38;5;37m[8b548297][0m[38;5;86m[HTTP][0m <-- POST /wd/hub/session/8b548297-855f-4ed9-b2a2-599716286d86/elements 200 142 ms - 12 
[38;5;37m[8b548297][0m[38;5;86m[HTTP][0m [37m-->[39m [37mPOST[39m [37m/wd/hub/session/8b548297-855f-4ed9-b2a2-599716286d86/elements[39m {"using":"xpath","value":"//*[@class = 'android.widget.EditText' and @resource-id = 'ion-input-1' and (@text = '' or . = '')]"}
[38;5;37m[8b548297][0m[38;5;86m[HTTP][0m <-- POST /wd/hub/session/8b548297-855f-4ed9-b2a2-599716286d86/elements 200 288 ms - 12 
[38;5;37m[8b548297][0m[38;5;86m[HTTP][0m [37m-->[39m [37mPOST[39m [37m/wd/hub/session/8b548297-855f-4ed9-b2a2-599716286d86/elements[39m {"using":"xpath","value":"//*[@class = 'android.widget.EditText' and @resource-id = 'ion-input-1' and (@text = '' or . = '')]"}
[38;5;37m[8b548297][0m[38;5;86m[HTTP][0m <-- POST /wd/hub/session/8b548297-855f-4ed9-b2a2-599716286d86/elements 200 261 ms - 12 
[38;5;37m[8b548297][0m[38;5;86m[HTTP][0m [37m-->[39m [37mPOST[39m [37m/wd/hub/session/8b548297-855f-4ed9-b2a2-599716286d86/elements[39m {"using":"xpath","value":"//*[@class = 'android.widget.EditText' and @resource-id = 'ion-input-1' and (@text = '' or . = '')]"}
[38;5;37m[8b548297][0m[38;5;86m[HTTP][0m <-- POST /wd/hub/session/8b548297-855f-4ed9-b2a2-599716286d86/elements 200 264 ms - 12 
[38;5;37m[8b548297][0m[38;5;86m[HTTP][0m [37m-->[39m [37mPOST[39m [37m/wd/hub/session/8b548297-855f-4ed9-b2a2-599716286d86/elements[39m {"using":"xpath","value":"//*[@class = 'android.widget.EditText' and @resource-id = 'ion-input-1' and (@text = '' or . = '')]"}
[38;5;37m[8b548297][0m[38;5;86m[HTTP][0m <-- POST /wd/hub/session/8b548297-855f-4ed9-b2a2-599716286d86/elements 200 244 ms - 12 
[38;5;37m[8b548297][0m[38;5;86m[HTTP][0m [37m-->[39m [37mPOST[39m [37m/wd/hub/session/8b548297-855f-4ed9-b2a2-599716286d86/elements[39m {"using":"xpath","value":"//*[@class = 'android.widget.EditText' and @resource-id = 'ion-input-1' and (@text = '' or . = '')]"}
[38;5;37m[8b548297][0m[38;5;86m[HTTP][0m <-- POST /wd/hub/session/8b548297-855f-4ed9-b2a2-599716286d86/elements 200 258 ms - 12 
[38;5;37m[8b548297][0m[38;5;86m[HTTP][0m [37m-->[39m [37mPOST[39m [37m/wd/hub/session/8b548297-855f-4ed9-b2a2-599716286d86/elements[39m {"using":"xpath","value":"//*[@class = 'android.widget.EditText' and @resource-id = 'ion-input-1' and (@text = '' or . = '')]"}
[38;5;37m[8b548297][0m[38;5;86m[HTTP][0m <-- POST /wd/hub/session/8b548297-855f-4ed9-b2a2-599716286d86/elements 200 238 ms - 12 
[38;5;37m[8b548297][0m[38;5;86m[HTTP][0m [37m-->[39m [37mPOST[39m [37m/wd/hub/session/8b548297-855f-4ed9-b2a2-599716286d86/elements[39m {"using":"xpath","value":"//*[@class = 'android.widget.EditText' and @resource-id = 'ion-input-1' and (@text = '' or . = '')]"}
[38;5;37m[8b548297][0m[38;5;86m[HTTP][0m <-- POST /wd/hub/session/8b548297-855f-4ed9-b2a2-599716286d86/elements 200 263 ms - 12 
[38;5;37m[8b548297][0m[38;5;86m[HTTP][0m [37m-->[39m [37mPOST[39m [37m/wd/hub/session/8b548297-855f-4ed9-b2a2-599716286d86/elements[39m {"using":"xpath","value":"//*[@class = 'android.widget.EditText' and @resource-id = 'ion-input-1' and (@text = '' or . = '')]"}
[38;5;37m[8b548297][0m[38;5;86m[HTTP][0m <-- POST /wd/hub/session/8b548297-855f-4ed9-b2a2-599716286d86/elements 200 247 ms - 12 
[38;5;37m[8b548297][0m[38;5;86m[HTTP][0m [37m-->[39m [37mPOST[39m [37m/wd/hub/session/8b548297-855f-4ed9-b2a2-599716286d86/elements[39m {"using":"xpath","value":"//*[@class = 'android.widget.EditText' and @resource-id = 'ion-input-1' and (@text = '' or . = '')]"}
[38;5;37m[8b548297][0m[38;5;86m[HTTP][0m <-- POST /wd/hub/session/8b548297-855f-4ed9-b2a2-599716286d86/elements 200 260 ms - 12 
[38;5;37m[8b548297][0m[38;5;86m[HTTP][0m [37m-->[39m [37mPOST[39m [37m/wd/hub/session/8b548297-855f-4ed9-b2a2-599716286d86/elements[39m {"using":"xpath","value":"//*[@class = 'android.widget.EditText' and @resource-id = 'ion-input-1' and (@text = '' or . = '')]"}
[38;5;37m[8b548297][0m[38;5;86m[HTTP][0m <-- POST /wd/hub/session/8b548297-855f-4ed9-b2a2-599716286d86/elements 200 695 ms - 12 
[38;5;37m[8b548297][0m[38;5;86m[HTTP][0m [37m-->[39m [37mPOST[39m [37m/wd/hub/session/8b548297-855f-4ed9-b2a2-599716286d86/elements[39m {"using":"xpath","value":"//*[@class = 'android.widget.EditText' and @resource-id = 'ion-input-1' and (@text = '' or . = '')]"}
[38;5;37m[8b548297][0m[38;5;86m[HTTP][0m <-- POST /wd/hub/session/8b548297-855f-4ed9-b2a2-599716286d86/elements 200 195 ms - 12 
[38;5;37m[8b548297][0m[38;5;86m[HTTP][0m [37m-->[39m [37mPOST[39m [37m/wd/hub/session/8b548297-855f-4ed9-b2a2-599716286d86/elements[39m {"using":"xpath","value":"//*[@class = 'android.widget.EditText' and @resource-id = 'ion-input-1' and (@text = '' or . = '')]"}
[38;5;37m[8b548297][0m[38;5;86m[HTTP][0m <-- POST /wd/hub/session/8b548297-855f-4ed9-b2a2-599716286d86/elements 200 159 ms - 12 
[38;5;37m[8b548297][0m[38;5;86m[HTTP][0m [37m-->[39m [37mPOST[39m [37m/wd/hub/session/8b548297-855f-4ed9-b2a2-599716286d86/timeouts[39m {"implicit":30000}
[38;5;37m[8b548297][0m[38;5;86m[HTTP][0m <-- POST /wd/hub/session/8b548297-855f-4ed9-b2a2-599716286d86/timeouts 200 1 ms - 14 
[38;5;37m[8b548297][0m[38;5;86m[HTTP][0m [37m-->[39m [37mGET[39m [37m/wd/hub/session/8b548297-855f-4ed9-b2a2-599716286d86/context[39m {}
[38;5;37m[8b548297][0m[38;5;86m[HTTP][0m <-- GET /wd/hub/session/8b548297-855f-4ed9-b2a2-599716286d86/context 200 2 ms - 22 
[38;5;37m[8b548297][0m[38;5;86m[HTTP][0m [37m-->[39m [37mGET[39m [37m/wd/hub/session/8b548297-855f-4ed9-b2a2-599716286d86/contexts[39m {}
[38;5;37m[8b548297][0m[38;5;-29m[AndroidUiautomator2Driver@f2db][0m CDP data for 'WEBVIEW_stetho_com.google.android.apps.messaging' cannot be collected. Original error: socket hang up
[38;5;37m[8b548297][0m[38;5;-29m[AndroidUiautomator2Driver@f2db][0m Skipping the webview 'WEBVIEW_stetho_com.google.android.apps.messaging' at '@stetho_com.google.android.apps.messaging_devtools_remote' since it has reported having zero pages
[38;5;37m[8b548297][0m[38;5;86m[HTTP][0m <-- GET /wd/hub/session/8b548297-855f-4ed9-b2a2-599716286d86/contexts 200 682 ms - 65 
[38;5;37m[8b548297][0m[38;5;86m[HTTP][0m [37m-->[39m [37mPOST[39m [37m/wd/hub/session/8b548297-855f-4ed9-b2a2-599716286d86/context[39m {"name":"NATIVE_APP"}
[38;5;37m[8b548297][0m[38;5;86m[HTTP][0m <-- POST /wd/hub/session/8b548297-855f-4ed9-b2a2-599716286d86/context 200 1 ms - 14 
[38;5;37m[8b548297][0m[38;5;86m[HTTP][0m [37m-->[39m [37mGET[39m [37m/wd/hub/session/8b548297-855f-4ed9-b2a2-599716286d86/screenshot[39m {}
[38;5;37m[8b548297][0m[38;5;86m[HTTP][0m <-- GET /wd/hub/session/8b548297-855f-4ed9-b2a2-599716286d86/screenshot 200 2176 ms - 2009952 
[38;5;37m[8b548297][0m[38;5;86m[HTTP][0m [37m-->[39m [37mPOST[39m [37m/wd/hub/session/8b548297-855f-4ed9-b2a2-599716286d86/context[39m {"name":"NATIVE_APP"}
[38;5;37m[8b548297][0m[38;5;86m[HTTP][0m <-- POST /wd/hub/session/8b548297-855f-4ed9-b2a2-599716286d86/context 200 1 ms - 14 
[38;5;37m[8b548297][0m[38;5;86m[HTTP][0m [37m-->[39m [37mGET[39m [37m/wd/hub/session/8b548297-855f-4ed9-b2a2-599716286d86/context[39m {}
[38;5;37m[8b548297][0m[38;5;86m[HTTP][0m <-- GET /wd/hub/session/8b548297-855f-4ed9-b2a2-599716286d86/context 200 0 ms - 22 
[38;5;37m[8b548297][0m[38;5;86m[HTTP][0m [37m-->[39m [37mGET[39m [37m/wd/hub/session/8b548297-855f-4ed9-b2a2-599716286d86/contexts[39m {}
[38;5;37m[8b548297][0m[38;5;-29m[AndroidUiautomator2Driver@f2db][0m CDP data for 'WEBVIEW_stetho_com.google.android.apps.messaging' cannot be collected. Original error: socket hang up
[38;5;37m[8b548297][0m[38;5;-29m[AndroidUiautomator2Driver@f2db][0m Skipping the webview 'WEBVIEW_stetho_com.google.android.apps.messaging' at '@stetho_com.google.android.apps.messaging_devtools_remote' since it has reported having zero pages
[38;5;37m[8b548297][0m[38;5;86m[HTTP][0m <-- GET /wd/hub/session/8b548297-855f-4ed9-b2a2-599716286d86/contexts 200 501 ms - 65 
[38;5;37m[8b548297][0m[38;5;86m[HTTP][0m [37m-->[39m [37mPOST[39m [37m/wd/hub/session/8b548297-855f-4ed9-b2a2-599716286d86/context[39m {"name":"NATIVE_APP"}
[38;5;37m[8b548297][0m[38;5;86m[HTTP][0m <-- POST /wd/hub/session/8b548297-855f-4ed9-b2a2-599716286d86/context 200 0 ms - 14 
[38;5;37m[8b548297][0m[38;5;86m[HTTP][0m [37m-->[39m [37mGET[39m [37m/wd/hub/session/8b548297-855f-4ed9-b2a2-599716286d86/screenshot[39m {}
[38;5;37m[8b548297][0m[38;5;86m[HTTP][0m <-- GET /wd/hub/session/8b548297-855f-4ed9-b2a2-599716286d86/screenshot 200 1485 ms - 2010012 
[38;5;37m[8b548297][0m[38;5;86m[HTTP][0m [37m-->[39m [37mPOST[39m [37m/wd/hub/session/8b548297-855f-4ed9-b2a2-599716286d86/context[39m {"name":"NATIVE_APP"}
[38;5;37m[8b548297][0m[38;5;86m[HTTP][0m <-- POST /wd/hub/session/8b548297-855f-4ed9-b2a2-599716286d86/context 200 0 ms - 14 
[38;5;37m[8b548297][0m[38;5;-29m[AndroidUiautomator2Driver@f2db][0m Shutting down because we waited 1800 seconds for a command
[38;5;37m[8b548297][0m[38;5;65m[AppiumDriver@67a5][0m Ending session, cause was 'New Command Timeout of 1800 seconds expired. Try customizing the timeout using the 'newCommandTimeout' desired capability'
[38;5;37m[8b548297][0m[38;5;65m[AppiumDriver@67a5][0m Removing session '8b548297-855f-4ed9-b2a2-599716286d86' from our master session list
[38;5;37m[8b548297][0m[38;5;-29m[AndroidUiautomator2Driver@f2db][0m Did not get the confirmation of UiAutomator2 server session deletion. Original error: An unknown server-side error occurred while processing the command. Original error: 'DELETE /' cannot be proxied to UiAutomator2 server because the instrumentation process is not running (probably crashed). Check the server log and/or the logcat output for more details
[38;5;37m[8b548297][0m[38;5;229m[ADB][0m Error sending command, reconnecting device and retrying: shell,pgrep --help; echo $?
[38;5;37m[8b548297][0m[38;5;229m[ADB][0m Error sending command, reconnecting device and retrying: shell,am,force-stop,io.appium.uiautomator2.server.test
[38;5;37m[8b548297][0m[38;5;229m[ADB][0m Error sending command, reconnecting device and retrying: shell,am,force-stop,io.appium.uiautomator2.server
[38;5;37m[8b548297][0m[38;5;229m[ADB][0m Error sending command, reconnecting device and retrying: shell,am,force-stop,westgate_xamarin.android.debug
[38;5;37m[8b548297][0m[38;5;229m[ADB][0m Error sending command, reconnecting device and retrying: shell,dumpsys,activity,services,io.appium.settings/.recorder.RecorderService
[38;5;37m[8b548297][0m[38;5;-29m[AndroidUiautomator2Driver@f2db][0m Unable to force stop app: Could not find a connected Android device in 20000ms
[38;5;37m[8b548297][0m[38;5;229m[ADB][0m Error sending command, reconnecting device and retrying: shell,cmd,package,list,packages
[38;5;37m[8b548297][0m[38;5;-29m[AndroidUiautomator2Driver@f2db][0m Unable to uninstall app: Could not find a connected Android device in 20000ms
[38;5;37m[8b548297][0m[38;5;229m[ADB][0m Error sending command, reconnecting device and retrying: forward,--remove,tcp:50558
[38;5;37m[8b548297][0m[38;5;-29m[AndroidUiautomator2Driver@f2db][0m Unable to remove system port forward: Could not find a connected Android device in 20000ms
[38;5;37m[8b548297][0m[38;5;-29m[AndroidUiautomator2Driver@f2db][0m Restoring hidden api policy to the device default configuration
[38;5;37m[8b548297][0m[38;5;229m[ADB][0m Error sending command, reconnecting device and retrying: shell,settings delete global hidden_api_policy_pre_p_apps;settings delete global hidden_api_policy_p_apps;settings delete global hidden_api_policy
