[38;5;112m[Appium][0m Welcome to Appium v2.17.1 (REV 9b1efcd944408db0bd85f82fe4724ccae04a812f)
[38;5;112m[Appium][0m Non-default server args:
[38;5;112m[Appium][0m { basePath: [32m'/wd/hub'[39m, loglevel: [32m'info'[39m, port: [33m50735[39m }
[38;5;112m[Appium][0m Attempting to load driver uiautomator2...
[38;5;112m[Appium][0m Attempting to load driver mac2...
[38;5;112m[Appium][0m Attempting to load driver chromium...
[38;5;112m[Appium][0m Attempting to load driver espresso...
[38;5;112m[Appium][0m Appium REST http interface listener started on http://0.0.0.0:50735/wd/hub
[38;5;112m[Appium][0m You can provide the following URLs in your client code to connect to this server:
	http://127.0.0.1:50735/wd/hub (only accessible from the same host)
	http://192.168.0.105:50735/wd/hub
[38;5;112m[Appium][0m Available drivers:
[38;5;112m[Appium][0m   - uiautomator2@4.2.2 (automationName 'UiAutomator2')
[38;5;112m[Appium][0m   - mac2@2.2.2 (automationName 'Mac2')
[38;5;112m[Appium][0m   - chromium@1.5.1 (automationName 'Chromium')
[38;5;112m[Appium][0m   - espresso@4.1.4 (automationName 'Espresso')
[38;5;112m[Appium][0m No plugins have been installed. Use the "appium plugin" command to install the one(s) you want to use.
[38;5;86m[HTTP][0m [37m-->[39m [37mGET[39m [37m/wd/hub/status[39m {}
[38;5;86m[HTTP][0m <-- GET /wd/hub/status 200 5 ms - 200 
[38;5;86m[HTTP][0m [37m-->[39m [37mPOST[39m [37m/wd/hub/session[39m {"capabilities":{"firstMatch":[{"appium:app":"/Users/gv.vignesh/Downloads/WGR-Android-Automation/App Folder/app-debug-Version 2.99.68.apk","appium:autoGrantPermissions":true,"appium:automationName":"uiautomator2","appium:deviceId":"","appium:deviceName":"Xiaomi 23076PC4BI (Android 15)","appium:fullReset":true,"appium:newCommandTimeout":1800,"appium:noReset":false,"appium:platformName":"ANDROID","appium:platformVersion":"15","appium:systemPort":50734,"appium:udid":"a6e538dc5180","appium:uiautomator2ServerInstallTimeout":0,"platformName":"ANDROID"}]},"desiredCapabilities":{"appium:app":"/Users/gv.vignesh/Downloads/WGR-Android-Automation/App Folder/app-debug-Version 2.99.68.apk","appium:autoGrantPermissions":true,"appium:automationName":"uiautomator2","appium:deviceId":"","appium:deviceName":"Xiaomi 23076PC4BI (Android 15)","appium:fullReset":true,"appium:newCommandTimeout":1800,"appium:noReset":false,"appium:platformName":"ANDROID","appium:platformVersion":"15","appium:systemPort":50734,"appium:udid":"a6e538...
[38;5;123m[BaseDriver][0m Ignoring capability 'appium:platformName=ANDROID' and using capability 'platformName=ANDROID'
[38;5;123m[BaseDriver][0m The capabilities ["platformName"] are standard capabilities and do not require "appium:" prefix
[38;5;112m[Appium][0m Attempting to find matching driver for automationName 'uiautomator2' and platformName 'ANDROID'
[38;5;112m[Appium][0m The 'uiautomator2' driver was installed and matched caps.
[38;5;112m[Appium][0m Will require it at /Users/gv.vignesh/.appium/node_modules/appium-uiautomator2-driver
[38;5;115m[AppiumDriver@dd92][0m Appium v2.17.1 creating new AndroidUiautomator2Driver (v4.2.2) session
[38;5;115m[AppiumDriver@dd92][0m Checking BaseDriver versions for Appium and AndroidUiautomator2Driver
[38;5;115m[AppiumDriver@dd92][0m Appium's BaseDriver version is 9.16.4
[38;5;115m[AppiumDriver@dd92][0m AndroidUiautomator2Driver's BaseDriver version is 9.16.4
[38;5;6m[AndroidUiautomator2Driver@fe97][0m The following provided capabilities were not recognized by this driver:
[38;5;6m[AndroidUiautomator2Driver@fe97][0m   deviceId
[38;5;161m[d4053db3][0m[38;5;6m[AndroidUiautomator2Driver@fe97][0m Session created with session id: d4053db3-f546-49c1-bff8-13b2bac3535f
[38;5;161m[d4053db3][0m[38;5;229m[ADB][0m Found 1 'build-tools' folders under '/Users/gv.vignesh/.katalon/tools/android_sdk' (newest first):
[38;5;161m[d4053db3][0m[38;5;229m[ADB][0m     /Users/gv.vignesh/.katalon/tools/android_sdk/build-tools/29.0.3
[38;5;161m[d4053db3][0m[38;5;229m[ADB][0m Using 'adb' from '/Users/gv.vignesh/.katalon/tools/android_sdk/platform-tools/adb'
[38;5;161m[d4053db3][0m[38;5;6m[AndroidUiautomator2Driver@fe97][0m Retrieving device list
[38;5;161m[d4053db3][0m[38;5;6m[AndroidUiautomator2Driver@fe97][0m Using device: a6e538dc5180
[38;5;161m[d4053db3][0m[38;5;229m[ADB][0m Using 'adb' from '/Users/gv.vignesh/.katalon/tools/android_sdk/platform-tools/adb'
[38;5;161m[d4053db3][0m[38;5;123m[BaseDriver][0m Using local app '/Users/gv.vignesh/Downloads/WGR-Android-Automation/App Folder/app-debug-Version 2.99.68.apk'
[38;5;161m[d4053db3][0m[38;5;229m[ADB][0m Getting device platform version
[38;5;161m[d4053db3][0m[38;5;6m[AndroidUiautomator2Driver@fe97][0m Relaxing hidden api policy
[38;5;161m[d4053db3][0m[38;5;229m[ADB][0m Using 'aapt2' from '/Users/gv.vignesh/.katalon/tools/android_sdk/build-tools/29.0.3/aapt2'
[38;5;161m[d4053db3][0m[38;5;229m[ADB][0m Package name: 'westgate_xamarin.android.debug'
[38;5;161m[d4053db3][0m[38;5;229m[ADB][0m Main activity name: 'westgate_xamarin.android.MainActivity'
[38;5;161m[d4053db3][0m[38;5;229m[ADB][0m Using 'apksigner.jar' from '/Users/gv.vignesh/.katalon/tools/android_sdk/build-tools/29.0.3/lib/apksigner.jar'
[38;5;161m[d4053db3][0m[38;5;6m[AndroidUiautomator2Driver@fe97][0m Server packages are not going to be (re)installed
[38;5;161m[d4053db3][0m[38;5;229m[ADB][0m Adding packages ["io.appium.settings","io.appium.uiautomator2.server","io.appium.uiautomator2.server.test"] to Doze whitelist
[38;5;161m[d4053db3][0m[38;5;229m[ADB][0m '/Users/gv.vignesh/Downloads/WGR-Android-Automation/App Folder/app-debug-Version 2.99.68.apk' is signed with a non-default certificate
[38;5;161m[d4053db3][0m[38;5;229m[ADB][0m westgate_xamarin.android.debug was successfully uninstalled
[38;5;161m[d4053db3][0m[38;5;229m[ADB][0m The application at '/Users/gv.vignesh/Downloads/WGR-Android-Automation/App Folder/app-debug-Version 2.99.68.apk' will not be cached, because the device under test has confirmed the support of streamed installs
[38;5;161m[d4053db3][0m[38;5;6m[AndroidUiautomator2Driver@fe97][0m Did not get the confirmation of UiAutomator2 server session deletion. Original error: An unknown server-side error occurred while processing the command. Original error: Session ID is not set, but saw a URL that requires it (/)
[38;5;161m[d4053db3][0m[38;5;6m[AndroidUiautomator2Driver@fe97][0m The UIA2 server did has not been terminated within 5000ms timeout. Continuing anyway
[38;5;161m[d4053db3][0m[38;5;229m[ADB][0m westgate_xamarin.android.debug was not uninstalled, because it was not present on the device
[38;5;161m[d4053db3][0m[38;5;6m[AndroidUiautomator2Driver@fe97][0m Restoring hidden api policy to the device default configuration
[38;5;161m[d4053db3][0m[38;5;86m[HTTP][0m <-- POST /wd/hub/session 500 20430 ms - 1444 
[38;5;86m[HTTP][0m [37m-->[39m [37mGET[39m [37m/wd/hub/status[39m {}
[38;5;86m[HTTP][0m <-- GET /wd/hub/status 200 1 ms - 200 
[38;5;86m[HTTP][0m [37m-->[39m [37mPOST[39m [37m/wd/hub/session[39m {"capabilities":{"firstMatch":[{"appium:app":"/Users/gv.vignesh/Downloads/WGR-Android-Automation/App Folder/app-debug-Version 2.99.68.apk","appium:autoGrantPermissions":true,"appium:automationName":"uiautomator2","appium:deviceId":"","appium:deviceName":"Xiaomi 23076PC4BI (Android 15)","appium:fullReset":true,"appium:newCommandTimeout":1800,"appium:noReset":false,"appium:platformName":"ANDROID","appium:platformVersion":"15","appium:systemPort":50877,"appium:udid":"a6e538dc5180","appium:uiautomator2ServerInstallTimeout":0,"platformName":"ANDROID"}]},"desiredCapabilities":{"appium:app":"/Users/gv.vignesh/Downloads/WGR-Android-Automation/App Folder/app-debug-Version 2.99.68.apk","appium:autoGrantPermissions":true,"appium:automationName":"uiautomator2","appium:deviceId":"","appium:deviceName":"Xiaomi 23076PC4BI (Android 15)","appium:fullReset":true,"appium:newCommandTimeout":1800,"appium:noReset":false,"appium:platformName":"ANDROID","appium:platformVersion":"15","appium:systemPort":50877,"appium:udid":"a6e538...
[38;5;123m[BaseDriver][0m Ignoring capability 'appium:platformName=ANDROID' and using capability 'platformName=ANDROID'
[38;5;123m[BaseDriver][0m The capabilities ["platformName"] are standard capabilities and do not require "appium:" prefix
[38;5;112m[Appium][0m Attempting to find matching driver for automationName 'uiautomator2' and platformName 'ANDROID'
[38;5;112m[Appium][0m The 'uiautomator2' driver was installed and matched caps.
[38;5;112m[Appium][0m Will require it at /Users/gv.vignesh/.appium/node_modules/appium-uiautomator2-driver
[38;5;115m[AppiumDriver@dd92][0m Appium v2.17.1 creating new AndroidUiautomator2Driver (v4.2.2) session
[38;5;115m[AppiumDriver@dd92][0m Checking BaseDriver versions for Appium and AndroidUiautomator2Driver
[38;5;115m[AppiumDriver@dd92][0m Appium's BaseDriver version is 9.16.4
[38;5;115m[AppiumDriver@dd92][0m AndroidUiautomator2Driver's BaseDriver version is 9.16.4
[38;5;-8m[AndroidUiautomator2Driver@ce54][0m The following provided capabilities were not recognized by this driver:
[38;5;-8m[AndroidUiautomator2Driver@ce54][0m   deviceId
[38;5;28m[e8140369][0m[38;5;-8m[AndroidUiautomator2Driver@ce54][0m Session created with session id: e8140369-35e6-4d80-821b-d1111cae5fc4
[38;5;28m[e8140369][0m[38;5;229m[ADB][0m Using 'adb' from '/Users/gv.vignesh/.katalon/tools/android_sdk/platform-tools/adb'
[38;5;28m[e8140369][0m[38;5;-8m[AndroidUiautomator2Driver@ce54][0m Retrieving device list
[38;5;28m[e8140369][0m[38;5;-8m[AndroidUiautomator2Driver@ce54][0m Using device: a6e538dc5180
[38;5;28m[e8140369][0m[38;5;229m[ADB][0m Using 'adb' from '/Users/gv.vignesh/.katalon/tools/android_sdk/platform-tools/adb'
[38;5;28m[e8140369][0m[38;5;123m[BaseDriver][0m Using local app '/Users/gv.vignesh/Downloads/WGR-Android-Automation/App Folder/app-debug-Version 2.99.68.apk'
[38;5;28m[e8140369][0m[38;5;229m[ADB][0m Getting device platform version
[38;5;28m[e8140369][0m[38;5;-8m[AndroidUiautomator2Driver@ce54][0m Relaxing hidden api policy
[38;5;28m[e8140369][0m[38;5;229m[ADB][0m Using 'aapt2' from '/Users/gv.vignesh/.katalon/tools/android_sdk/build-tools/29.0.3/aapt2'
[38;5;28m[e8140369][0m[38;5;229m[ADB][0m Package name: 'westgate_xamarin.android.debug'
[38;5;28m[e8140369][0m[38;5;229m[ADB][0m Main activity name: 'westgate_xamarin.android.MainActivity'
[38;5;28m[e8140369][0m[38;5;-8m[AndroidUiautomator2Driver@ce54][0m Server packages are not going to be (re)installed
[38;5;28m[e8140369][0m[38;5;229m[ADB][0m westgate_xamarin.android.debug was not uninstalled, because it was not present on the device
[38;5;28m[e8140369][0m[38;5;229m[ADB][0m Adding packages ["io.appium.settings","io.appium.uiautomator2.server","io.appium.uiautomator2.server.test"] to Doze whitelist
[38;5;28m[e8140369][0m[38;5;229m[ADB][0m The application at '/Users/gv.vignesh/Downloads/WGR-Android-Automation/App Folder/app-debug-Version 2.99.68.apk' will not be cached, because the device under test has confirmed the support of streamed installs
[38;5;86m[HTTP][0m <-- POST /wd/hub/session - - ms - - 
[38;5;28m[e8140369][0m[38;5;-8m[AndroidUiautomator2Driver@ce54][0m Did not get the confirmation of UiAutomator2 server session deletion. Original error: An unknown server-side error occurred while processing the command. Original error: Session ID is not set, but saw a URL that requires it (/)
[38;5;28m[e8140369][0m[38;5;229m[ADB][0m westgate_xamarin.android.debug was not uninstalled, because it was not present on the device
[38;5;28m[e8140369][0m[38;5;-8m[AndroidUiautomator2Driver@ce54][0m Restoring hidden api policy to the device default configuration
[38;5;112m[Appium][0m Received SIGTERM - shutting down
[38;5;86m[HTTP][0m Closing Appium HTTP server
[38;5;86m[HTTP][0m Appium HTTP server has been succesfully closed after 9ms
