[38;5;205m[8fbf1e8e][0m[38;5;-52m[AndroidUiautomator2Driver@4733][0m Hidden API policy (https://developer.android.com/guide/app-compatibility/restrictions-non-sdk-interfaces) cannot be enabled. This might be happening because the device under test is not configured properly. Please check https://github.com/appium/appium/issues/13802 for more details. You could also set the "appium:ignoreHiddenApiPolicyError" capability to true in order to ignore this error, which might later lead to unexpected crashes or behavior of the automation server. Original error: Error executing adbExec. Original error: 'Command '/Users/gv.vignesh/.katalon/tools/android_sdk/platform-tools/adb -P 5037 -s adb-a6e538dc5180-rpwVK8._adb-tls-connect._tcp shell 'settings put global hidden_api_policy_pre_p_apps 1;settings put global hidden_api_policy_p_apps 1;settings put global hidden_api_policy 1'' exited with code 255'; Command output: 
Exception occurred while executing 'put':
java.lang.SecurityException: Permission denial, must have one of: [android.permission.WRITE_SECURE_SETTINGS]
	at com.android.providers.settings.SettingsProvider.enforceHasAtLeastOnePermission(SettingsProvider.java:2479)
	at com.android.providers.settings.SettingsProvider.mutateGlobalSetting(SettingsProvider.java:1555)
	at com.android.providers.settings.SettingsProvider.insertGlobalSetting(SettingsProvider.java:1509)
	at com.android.providers.settings.SettingsProvider.call(SettingsProvider.java:480)
	at android.content.ContentProvider.call(ContentProvider.java:2736)
	at android.content.ContentProvider$Transport.call(ContentProvider.java:639)
	at com.android.providers.settings.SettingsService$MyShellCommand.putForUser(SettingsService.java:382)
	at com.android.providers.settings.SettingsService$MyShellCommand.onCommand(SettingsService.java:278)
	at com.android.modules.utils.BasicShellCommandHandler.exec(BasicShellCommandHandler.java:97)
	at android.os.ShellCommand.exec(ShellCommand.java:38)
	at com.android.providers.settings.SettingsService.onShellCommand(SettingsService.java:50)
	at android.os.Binder.shellCommand(Binder.java:1237)
	at android.os.Binder.onTransact(Binder.java:1050)
	at android.os.Binder.execTransactInternal(Binder.java:1512)
	at android.os.Binder.execTransact(Binder.java:1451)

Exception occurred while executing 'put':
java.lang.SecurityException: Permission denial, must have one of: [android.permission.WRITE_SECURE_SETTINGS]
	at com.android.providers.settings.SettingsProvider.enforceHasAtLeastOnePermission(SettingsProvider.java:2479)
	at com.android.providers.settings.SettingsProvider.mutateGlobalSetting(SettingsProvider.java:1555)
	at com.android.providers.settings.SettingsProvider.insertGlobalSetting(SettingsProvider.java:1509)
	at com.android.providers.settings.SettingsProvider.call(SettingsProvider.java:480)
	at android.content.ContentProvider.call(ContentProvider.java:2736)
	at android.content.ContentProvider$Transport.call(ContentProvider.java:639)
	at com.android.providers.settings.SettingsService$MyShellCommand.putForUser(SettingsService.java:382)
	at com.android.providers.settings.SettingsService$MyShellCommand.onCommand(SettingsService.java:278)
	at com.android.modules.utils.BasicShellCommandHandler.exec(BasicShellCommandHandler.java:97)
	at android.os.ShellCommand.exec(ShellCommand.java:38)
	at com.android.providers.settings.SettingsService.onShellCommand(SettingsService.java:50)
	at android.os.Binder.shellCommand(Binder.java:1237)
	at android.os.Binder.onTransact(Binder.java:1050)
	at android.os.Binder.execTransactInternal(Binder.java:1512)
	at android.os.Binder.execTransact(Binder.java:1451)

Exception occurred while executing 'put':
java.lang.SecurityException: Permission denial, must have one of: [android.permission.WRITE_SECURE_SETTINGS]
	at com.android.providers.settings.SettingsProvider.enforceHasAtLeastOnePermission(SettingsProvider.java:2479)
	at com.android.providers.settings.SettingsProvider.mutateGlobalSetting(SettingsProvider.java:1555)
	at com.android.providers.settings.SettingsProvider.insertGlobalSetting(SettingsProvider.java:1509)
	at com.android.providers.settings.SettingsProvider.call(SettingsProvider.java:480)
	at android.content.ContentProvider.call(ContentProvider.java:2736)
	at android.content.ContentProvider$Transport.call(ContentProvider.java:639)
	at com.android.providers.settings.SettingsService$MyShellCommand.putForUser(SettingsService.java:382)
	at com.android.providers.settings.SettingsService$MyShellCommand.onCommand(SettingsService.java:278)
	at com.android.modules.utils.BasicShellCommandHandler.exec(BasicShellCommandHandler.java:97)
	at android.os.ShellCommand.exec(ShellCommand.java:38)
	at com.android.providers.settings.SettingsService.onShellCommand(SettingsService.java:50)
	at android.os.Binder.shellCommand(Binder.java:1237)
	at android.os.Binder.onTransact(Binder.java:1050)
	at android.os.Binder.execTransactInternal(Binder.java:1512)
	at android.os.Binder.execTransact(Binder.java:1451)

[38;5;74m[7aef3efc][0m[38;5;-137m[AndroidUiautomator2Driver@5304][0m Hidden API policy (https://developer.android.com/guide/app-compatibility/restrictions-non-sdk-interfaces) cannot be enabled. This might be happening because the device under test is not configured properly. Please check https://github.com/appium/appium/issues/13802 for more details. You could also set the "appium:ignoreHiddenApiPolicyError" capability to true in order to ignore this error, which might later lead to unexpected crashes or behavior of the automation server. Original error: Error executing adbExec. Original error: 'Command '/Users/gv.vignesh/.katalon/tools/android_sdk/platform-tools/adb -P 5037 -s adb-a6e538dc5180-rpwVK8._adb-tls-connect._tcp shell 'settings put global hidden_api_policy_pre_p_apps 1;settings put global hidden_api_policy_p_apps 1;settings put global hidden_api_policy 1'' exited with code 255'; Command output: 
Exception occurred while executing 'put':
java.lang.SecurityException: Permission denial, must have one of: [android.permission.WRITE_SECURE_SETTINGS]
	at com.android.providers.settings.SettingsProvider.enforceHasAtLeastOnePermission(SettingsProvider.java:2479)
	at com.android.providers.settings.SettingsProvider.mutateGlobalSetting(SettingsProvider.java:1555)
	at com.android.providers.settings.SettingsProvider.insertGlobalSetting(SettingsProvider.java:1509)
	at com.android.providers.settings.SettingsProvider.call(SettingsProvider.java:480)
	at android.content.ContentProvider.call(ContentProvider.java:2736)
	at android.content.ContentProvider$Transport.call(ContentProvider.java:639)
	at com.android.providers.settings.SettingsService$MyShellCommand.putForUser(SettingsService.java:382)
	at com.android.providers.settings.SettingsService$MyShellCommand.onCommand(SettingsService.java:278)
	at com.android.modules.utils.BasicShellCommandHandler.exec(BasicShellCommandHandler.java:97)
	at android.os.ShellCommand.exec(ShellCommand.java:38)
	at com.android.providers.settings.SettingsService.onShellCommand(SettingsService.java:50)
	at android.os.Binder.shellCommand(Binder.java:1237)
	at android.os.Binder.onTransact(Binder.java:1050)
	at android.os.Binder.execTransactInternal(Binder.java:1512)
	at android.os.Binder.execTransact(Binder.java:1451)

Exception occurred while executing 'put':
java.lang.SecurityException: Permission denial, must have one of: [android.permission.WRITE_SECURE_SETTINGS]
	at com.android.providers.settings.SettingsProvider.enforceHasAtLeastOnePermission(SettingsProvider.java:2479)
	at com.android.providers.settings.SettingsProvider.mutateGlobalSetting(SettingsProvider.java:1555)
	at com.android.providers.settings.SettingsProvider.insertGlobalSetting(SettingsProvider.java:1509)
	at com.android.providers.settings.SettingsProvider.call(SettingsProvider.java:480)
	at android.content.ContentProvider.call(ContentProvider.java:2736)
	at android.content.ContentProvider$Transport.call(ContentProvider.java:639)
	at com.android.providers.settings.SettingsService$MyShellCommand.putForUser(SettingsService.java:382)
	at com.android.providers.settings.SettingsService$MyShellCommand.onCommand(SettingsService.java:278)
	at com.android.modules.utils.BasicShellCommandHandler.exec(BasicShellCommandHandler.java:97)
	at android.os.ShellCommand.exec(ShellCommand.java:38)
	at com.android.providers.settings.SettingsService.onShellCommand(SettingsService.java:50)
	at android.os.Binder.shellCommand(Binder.java:1237)
	at android.os.Binder.onTransact(Binder.java:1050)
	at android.os.Binder.execTransactInternal(Binder.java:1512)
	at android.os.Binder.execTransact(Binder.java:1451)

Exception occurred while executing 'put':
java.lang.SecurityException: Permission denial, must have one of: [android.permission.WRITE_SECURE_SETTINGS]
	at com.android.providers.settings.SettingsProvider.enforceHasAtLeastOnePermission(SettingsProvider.java:2479)
	at com.android.providers.settings.SettingsProvider.mutateGlobalSetting(SettingsProvider.java:1555)
	at com.android.providers.settings.SettingsProvider.insertGlobalSetting(SettingsProvider.java:1509)
	at com.android.providers.settings.SettingsProvider.call(SettingsProvider.java:480)
	at android.content.ContentProvider.call(ContentProvider.java:2736)
	at android.content.ContentProvider$Transport.call(ContentProvider.java:639)
	at com.android.providers.settings.SettingsService$MyShellCommand.putForUser(SettingsService.java:382)
	at com.android.providers.settings.SettingsService$MyShellCommand.onCommand(SettingsService.java:278)
	at com.android.modules.utils.BasicShellCommandHandler.exec(BasicShellCommandHandler.java:97)
	at android.os.ShellCommand.exec(ShellCommand.java:38)
	at com.android.providers.settings.SettingsService.onShellCommand(SettingsService.java:50)
	at android.os.Binder.shellCommand(Binder.java:1237)
	at android.os.Binder.onTransact(Binder.java:1050)
	at android.os.Binder.execTransactInternal(Binder.java:1512)
	at android.os.Binder.execTransact(Binder.java:1451)

[38;5;143m[1a9bbf5a][0m[38;5;-157m[AndroidUiautomator2Driver@dbdf][0m Hidden API policy (https://developer.android.com/guide/app-compatibility/restrictions-non-sdk-interfaces) cannot be enabled. This might be happening because the device under test is not configured properly. Please check https://github.com/appium/appium/issues/13802 for more details. You could also set the "appium:ignoreHiddenApiPolicyError" capability to true in order to ignore this error, which might later lead to unexpected crashes or behavior of the automation server. Original error: Error executing adbExec. Original error: 'Command '/Users/gv.vignesh/.katalon/tools/android_sdk/platform-tools/adb -P 5037 -s adb-a6e538dc5180-rpwVK8._adb-tls-connect._tcp shell 'settings put global hidden_api_policy_pre_p_apps 1;settings put global hidden_api_policy_p_apps 1;settings put global hidden_api_policy 1'' exited with code 255'; Command output: 
Exception occurred while executing 'put':
java.lang.SecurityException: Permission denial, must have one of: [android.permission.WRITE_SECURE_SETTINGS]
	at com.android.providers.settings.SettingsProvider.enforceHasAtLeastOnePermission(SettingsProvider.java:2479)
	at com.android.providers.settings.SettingsProvider.mutateGlobalSetting(SettingsProvider.java:1555)
	at com.android.providers.settings.SettingsProvider.insertGlobalSetting(SettingsProvider.java:1509)
	at com.android.providers.settings.SettingsProvider.call(SettingsProvider.java:480)
	at android.content.ContentProvider.call(ContentProvider.java:2736)
	at android.content.ContentProvider$Transport.call(ContentProvider.java:639)
	at com.android.providers.settings.SettingsService$MyShellCommand.putForUser(SettingsService.java:382)
	at com.android.providers.settings.SettingsService$MyShellCommand.onCommand(SettingsService.java:278)
	at com.android.modules.utils.BasicShellCommandHandler.exec(BasicShellCommandHandler.java:97)
	at android.os.ShellCommand.exec(ShellCommand.java:38)
	at com.android.providers.settings.SettingsService.onShellCommand(SettingsService.java:50)
	at android.os.Binder.shellCommand(Binder.java:1237)
	at android.os.Binder.onTransact(Binder.java:1050)
	at android.os.Binder.execTransactInternal(Binder.java:1512)
	at android.os.Binder.execTransact(Binder.java:1451)

Exception occurred while executing 'put':
java.lang.SecurityException: Permission denial, must have one of: [android.permission.WRITE_SECURE_SETTINGS]
	at com.android.providers.settings.SettingsProvider.enforceHasAtLeastOnePermission(SettingsProvider.java:2479)
	at com.android.providers.settings.SettingsProvider.mutateGlobalSetting(SettingsProvider.java:1555)
	at com.android.providers.settings.SettingsProvider.insertGlobalSetting(SettingsProvider.java:1509)
	at com.android.providers.settings.SettingsProvider.call(SettingsProvider.java:480)
	at android.content.ContentProvider.call(ContentProvider.java:2736)
	at android.content.ContentProvider$Transport.call(ContentProvider.java:639)
	at com.android.providers.settings.SettingsService$MyShellCommand.putForUser(SettingsService.java:382)
	at com.android.providers.settings.SettingsService$MyShellCommand.onCommand(SettingsService.java:278)
	at com.android.modules.utils.BasicShellCommandHandler.exec(BasicShellCommandHandler.java:97)
	at android.os.ShellCommand.exec(ShellCommand.java:38)
	at com.android.providers.settings.SettingsService.onShellCommand(SettingsService.java:50)
	at android.os.Binder.shellCommand(Binder.java:1237)
	at android.os.Binder.onTransact(Binder.java:1050)
	at android.os.Binder.execTransactInternal(Binder.java:1512)
	at android.os.Binder.execTransact(Binder.java:1451)

Exception occurred while executing 'put':
java.lang.SecurityException: Permission denial, must have one of: [android.permission.WRITE_SECURE_SETTINGS]
	at com.android.providers.settings.SettingsProvider.enforceHasAtLeastOnePermission(SettingsProvider.java:2479)
	at com.android.providers.settings.SettingsProvider.mutateGlobalSetting(SettingsProvider.java:1555)
	at com.android.providers.settings.SettingsProvider.insertGlobalSetting(SettingsProvider.java:1509)
	at com.android.providers.settings.SettingsProvider.call(SettingsProvider.java:480)
	at android.content.ContentProvider.call(ContentProvider.java:2736)
	at android.content.ContentProvider$Transport.call(ContentProvider.java:639)
	at com.android.providers.settings.SettingsService$MyShellCommand.putForUser(SettingsService.java:382)
	at com.android.providers.settings.SettingsService$MyShellCommand.onCommand(SettingsService.java:278)
	at com.android.modules.utils.BasicShellCommandHandler.exec(BasicShellCommandHandler.java:97)
	at android.os.ShellCommand.exec(ShellCommand.java:38)
	at com.android.providers.settings.SettingsService.onShellCommand(SettingsService.java:50)
	at android.os.Binder.shellCommand(Binder.java:1237)
	at android.os.Binder.onTransact(Binder.java:1050)
	at android.os.Binder.execTransactInternal(Binder.java:1512)
	at android.os.Binder.execTransact(Binder.java:1451)

[38;5;137m[24dbedd2][0m[38;5;-163m[AndroidUiautomator2Driver@b18a][0m Hidden API policy (https://developer.android.com/guide/app-compatibility/restrictions-non-sdk-interfaces) cannot be enabled. This might be happening because the device under test is not configured properly. Please check https://github.com/appium/appium/issues/13802 for more details. You could also set the "appium:ignoreHiddenApiPolicyError" capability to true in order to ignore this error, which might later lead to unexpected crashes or behavior of the automation server. Original error: Error executing adbExec. Original error: 'Command '/Users/gv.vignesh/.katalon/tools/android_sdk/platform-tools/adb -P 5037 -s adb-a6e538dc5180-rpwVK8._adb-tls-connect._tcp shell 'settings put global hidden_api_policy_pre_p_apps 1;settings put global hidden_api_policy_p_apps 1;settings put global hidden_api_policy 1'' exited with code 255'; Command output: 
Exception occurred while executing 'put':
java.lang.SecurityException: Permission denial, must have one of: [android.permission.WRITE_SECURE_SETTINGS]
	at com.android.providers.settings.SettingsProvider.enforceHasAtLeastOnePermission(SettingsProvider.java:2479)
	at com.android.providers.settings.SettingsProvider.mutateGlobalSetting(SettingsProvider.java:1555)
	at com.android.providers.settings.SettingsProvider.insertGlobalSetting(SettingsProvider.java:1509)
	at com.android.providers.settings.SettingsProvider.call(SettingsProvider.java:480)
	at android.content.ContentProvider.call(ContentProvider.java:2736)
	at android.content.ContentProvider$Transport.call(ContentProvider.java:639)
	at com.android.providers.settings.SettingsService$MyShellCommand.putForUser(SettingsService.java:382)
	at com.android.providers.settings.SettingsService$MyShellCommand.onCommand(SettingsService.java:278)
	at com.android.modules.utils.BasicShellCommandHandler.exec(BasicShellCommandHandler.java:97)
	at android.os.ShellCommand.exec(ShellCommand.java:38)
	at com.android.providers.settings.SettingsService.onShellCommand(SettingsService.java:50)
	at android.os.Binder.shellCommand(Binder.java:1237)
	at android.os.Binder.onTransact(Binder.java:1050)
	at android.os.Binder.execTransactInternal(Binder.java:1512)
	at android.os.Binder.execTransact(Binder.java:1451)

Exception occurred while executing 'put':
java.lang.SecurityException: Permission denial, must have one of: [android.permission.WRITE_SECURE_SETTINGS]
	at com.android.providers.settings.SettingsProvider.enforceHasAtLeastOnePermission(SettingsProvider.java:2479)
	at com.android.providers.settings.SettingsProvider.mutateGlobalSetting(SettingsProvider.java:1555)
	at com.android.providers.settings.SettingsProvider.insertGlobalSetting(SettingsProvider.java:1509)
	at com.android.providers.settings.SettingsProvider.call(SettingsProvider.java:480)
	at android.content.ContentProvider.call(ContentProvider.java:2736)
	at android.content.ContentProvider$Transport.call(ContentProvider.java:639)
	at com.android.providers.settings.SettingsService$MyShellCommand.putForUser(SettingsService.java:382)
	at com.android.providers.settings.SettingsService$MyShellCommand.onCommand(SettingsService.java:278)
	at com.android.modules.utils.BasicShellCommandHandler.exec(BasicShellCommandHandler.java:97)
	at android.os.ShellCommand.exec(ShellCommand.java:38)
	at com.android.providers.settings.SettingsService.onShellCommand(SettingsService.java:50)
	at android.os.Binder.shellCommand(Binder.java:1237)
	at android.os.Binder.onTransact(Binder.java:1050)
	at android.os.Binder.execTransactInternal(Binder.java:1512)
	at android.os.Binder.execTransact(Binder.java:1451)

Exception occurred while executing 'put':
java.lang.SecurityException: Permission denial, must have one of: [android.permission.WRITE_SECURE_SETTINGS]
	at com.android.providers.settings.SettingsProvider.enforceHasAtLeastOnePermission(SettingsProvider.java:2479)
	at com.android.providers.settings.SettingsProvider.mutateGlobalSetting(SettingsProvider.java:1555)
	at com.android.providers.settings.SettingsProvider.insertGlobalSetting(SettingsProvider.java:1509)
	at com.android.providers.settings.SettingsProvider.call(SettingsProvider.java:480)
	at android.content.ContentProvider.call(ContentProvider.java:2736)
	at android.content.ContentProvider$Transport.call(ContentProvider.java:639)
	at com.android.providers.settings.SettingsService$MyShellCommand.putForUser(SettingsService.java:382)
	at com.android.providers.settings.SettingsService$MyShellCommand.onCommand(SettingsService.java:278)
	at com.android.modules.utils.BasicShellCommandHandler.exec(BasicShellCommandHandler.java:97)
	at android.os.ShellCommand.exec(ShellCommand.java:38)
	at com.android.providers.settings.SettingsService.onShellCommand(SettingsService.java:50)
	at android.os.Binder.shellCommand(Binder.java:1237)
	at android.os.Binder.onTransact(Binder.java:1050)
	at android.os.Binder.execTransactInternal(Binder.java:1512)
	at android.os.Binder.execTransact(Binder.java:1451)

[38;5;214m[4350236e][0m[38;5;-32m[AndroidUiautomator2Driver@cc2e][0m Hidden API policy (https://developer.android.com/guide/app-compatibility/restrictions-non-sdk-interfaces) cannot be enabled. This might be happening because the device under test is not configured properly. Please check https://github.com/appium/appium/issues/13802 for more details. You could also set the "appium:ignoreHiddenApiPolicyError" capability to true in order to ignore this error, which might later lead to unexpected crashes or behavior of the automation server. Original error: Error executing adbExec. Original error: 'Command '/Users/gv.vignesh/.katalon/tools/android_sdk/platform-tools/adb -P 5037 -s adb-a6e538dc5180-rpwVK8._adb-tls-connect._tcp shell 'settings put global hidden_api_policy_pre_p_apps 1;settings put global hidden_api_policy_p_apps 1;settings put global hidden_api_policy 1'' exited with code 255'; Command output: 
Exception occurred while executing 'put':
java.lang.SecurityException: Permission denial, must have one of: [android.permission.WRITE_SECURE_SETTINGS]
	at com.android.providers.settings.SettingsProvider.enforceHasAtLeastOnePermission(SettingsProvider.java:2479)
	at com.android.providers.settings.SettingsProvider.mutateGlobalSetting(SettingsProvider.java:1555)
	at com.android.providers.settings.SettingsProvider.insertGlobalSetting(SettingsProvider.java:1509)
	at com.android.providers.settings.SettingsProvider.call(SettingsProvider.java:480)
	at android.content.ContentProvider.call(ContentProvider.java:2736)
	at android.content.ContentProvider$Transport.call(ContentProvider.java:639)
	at com.android.providers.settings.SettingsService$MyShellCommand.putForUser(SettingsService.java:382)
	at com.android.providers.settings.SettingsService$MyShellCommand.onCommand(SettingsService.java:278)
	at com.android.modules.utils.BasicShellCommandHandler.exec(BasicShellCommandHandler.java:97)
	at android.os.ShellCommand.exec(ShellCommand.java:38)
	at com.android.providers.settings.SettingsService.onShellCommand(SettingsService.java:50)
	at android.os.Binder.shellCommand(Binder.java:1237)
	at android.os.Binder.onTransact(Binder.java:1050)
	at android.os.Binder.execTransactInternal(Binder.java:1512)
	at android.os.Binder.execTransact(Binder.java:1451)

Exception occurred while executing 'put':
java.lang.SecurityException: Permission denial, must have one of: [android.permission.WRITE_SECURE_SETTINGS]
	at com.android.providers.settings.SettingsProvider.enforceHasAtLeastOnePermission(SettingsProvider.java:2479)
	at com.android.providers.settings.SettingsProvider.mutateGlobalSetting(SettingsProvider.java:1555)
	at com.android.providers.settings.SettingsProvider.insertGlobalSetting(SettingsProvider.java:1509)
	at com.android.providers.settings.SettingsProvider.call(SettingsProvider.java:480)
	at android.content.ContentProvider.call(ContentProvider.java:2736)
	at android.content.ContentProvider$Transport.call(ContentProvider.java:639)
	at com.android.providers.settings.SettingsService$MyShellCommand.putForUser(SettingsService.java:382)
	at com.android.providers.settings.SettingsService$MyShellCommand.onCommand(SettingsService.java:278)
	at com.android.modules.utils.BasicShellCommandHandler.exec(BasicShellCommandHandler.java:97)
	at android.os.ShellCommand.exec(ShellCommand.java:38)
	at com.android.providers.settings.SettingsService.onShellCommand(SettingsService.java:50)
	at android.os.Binder.shellCommand(Binder.java:1237)
	at android.os.Binder.onTransact(Binder.java:1050)
	at android.os.Binder.execTransactInternal(Binder.java:1512)
	at android.os.Binder.execTransact(Binder.java:1451)

Exception occurred while executing 'put':
java.lang.SecurityException: Permission denial, must have one of: [android.permission.WRITE_SECURE_SETTINGS]
	at com.android.providers.settings.SettingsProvider.enforceHasAtLeastOnePermission(SettingsProvider.java:2479)
	at com.android.providers.settings.SettingsProvider.mutateGlobalSetting(SettingsProvider.java:1555)
	at com.android.providers.settings.SettingsProvider.insertGlobalSetting(SettingsProvider.java:1509)
	at com.android.providers.settings.SettingsProvider.call(SettingsProvider.java:480)
	at android.content.ContentProvider.call(ContentProvider.java:2736)
	at android.content.ContentProvider$Transport.call(ContentProvider.java:639)
	at com.android.providers.settings.SettingsService$MyShellCommand.putForUser(SettingsService.java:382)
	at com.android.providers.settings.SettingsService$MyShellCommand.onCommand(SettingsService.java:278)
	at com.android.modules.utils.BasicShellCommandHandler.exec(BasicShellCommandHandler.java:97)
	at android.os.ShellCommand.exec(ShellCommand.java:38)
	at com.android.providers.settings.SettingsService.onShellCommand(SettingsService.java:50)
	at android.os.Binder.shellCommand(Binder.java:1237)
	at android.os.Binder.onTransact(Binder.java:1050)
	at android.os.Binder.execTransactInternal(Binder.java:1512)
	at android.os.Binder.execTransact(Binder.java:1451)

[38;5;162m[52ec81d6][0m[38;5;-60m[AndroidUiautomator2Driver@93af][0m Hidden API policy (https://developer.android.com/guide/app-compatibility/restrictions-non-sdk-interfaces) cannot be enabled. This might be happening because the device under test is not configured properly. Please check https://github.com/appium/appium/issues/13802 for more details. You could also set the "appium:ignoreHiddenApiPolicyError" capability to true in order to ignore this error, which might later lead to unexpected crashes or behavior of the automation server. Original error: Error executing adbExec. Original error: 'Command '/Users/gv.vignesh/.katalon/tools/android_sdk/platform-tools/adb -P 5037 -s adb-a6e538dc5180-rpwVK8._adb-tls-connect._tcp shell 'settings put global hidden_api_policy_pre_p_apps 1;settings put global hidden_api_policy_p_apps 1;settings put global hidden_api_policy 1'' exited with code 255'; Command output: 
Exception occurred while executing 'put':
java.lang.SecurityException: Permission denial, must have one of: [android.permission.WRITE_SECURE_SETTINGS]
	at com.android.providers.settings.SettingsProvider.enforceHasAtLeastOnePermission(SettingsProvider.java:2479)
	at com.android.providers.settings.SettingsProvider.mutateGlobalSetting(SettingsProvider.java:1555)
	at com.android.providers.settings.SettingsProvider.insertGlobalSetting(SettingsProvider.java:1509)
	at com.android.providers.settings.SettingsProvider.call(SettingsProvider.java:480)
	at android.content.ContentProvider.call(ContentProvider.java:2736)
	at android.content.ContentProvider$Transport.call(ContentProvider.java:639)
	at com.android.providers.settings.SettingsService$MyShellCommand.putForUser(SettingsService.java:382)
	at com.android.providers.settings.SettingsService$MyShellCommand.onCommand(SettingsService.java:278)
	at com.android.modules.utils.BasicShellCommandHandler.exec(BasicShellCommandHandler.java:97)
	at android.os.ShellCommand.exec(ShellCommand.java:38)
	at com.android.providers.settings.SettingsService.onShellCommand(SettingsService.java:50)
	at android.os.Binder.shellCommand(Binder.java:1237)
	at android.os.Binder.onTransact(Binder.java:1050)
	at android.os.Binder.execTransactInternal(Binder.java:1512)
	at android.os.Binder.execTransact(Binder.java:1451)

Exception occurred while executing 'put':
java.lang.SecurityException: Permission denial, must have one of: [android.permission.WRITE_SECURE_SETTINGS]
	at com.android.providers.settings.SettingsProvider.enforceHasAtLeastOnePermission(SettingsProvider.java:2479)
	at com.android.providers.settings.SettingsProvider.mutateGlobalSetting(SettingsProvider.java:1555)
	at com.android.providers.settings.SettingsProvider.insertGlobalSetting(SettingsProvider.java:1509)
	at com.android.providers.settings.SettingsProvider.call(SettingsProvider.java:480)
	at android.content.ContentProvider.call(ContentProvider.java:2736)
	at android.content.ContentProvider$Transport.call(ContentProvider.java:639)
	at com.android.providers.settings.SettingsService$MyShellCommand.putForUser(SettingsService.java:382)
	at com.android.providers.settings.SettingsService$MyShellCommand.onCommand(SettingsService.java:278)
	at com.android.modules.utils.BasicShellCommandHandler.exec(BasicShellCommandHandler.java:97)
	at android.os.ShellCommand.exec(ShellCommand.java:38)
	at com.android.providers.settings.SettingsService.onShellCommand(SettingsService.java:50)
	at android.os.Binder.shellCommand(Binder.java:1237)
	at android.os.Binder.onTransact(Binder.java:1050)
	at android.os.Binder.execTransactInternal(Binder.java:1512)
	at android.os.Binder.execTransact(Binder.java:1451)

Exception occurred while executing 'put':
java.lang.SecurityException: Permission denial, must have one of: [android.permission.WRITE_SECURE_SETTINGS]
	at com.android.providers.settings.SettingsProvider.enforceHasAtLeastOnePermission(SettingsProvider.java:2479)
	at com.android.providers.settings.SettingsProvider.mutateGlobalSetting(SettingsProvider.java:1555)
	at com.android.providers.settings.SettingsProvider.insertGlobalSetting(SettingsProvider.java:1509)
	at com.android.providers.settings.SettingsProvider.call(SettingsProvider.java:480)
	at android.content.ContentProvider.call(ContentProvider.java:2736)
	at android.content.ContentProvider$Transport.call(ContentProvider.java:639)
	at com.android.providers.settings.SettingsService$MyShellCommand.putForUser(SettingsService.java:382)
	at com.android.providers.settings.SettingsService$MyShellCommand.onCommand(SettingsService.java:278)
	at com.android.modules.utils.BasicShellCommandHandler.exec(BasicShellCommandHandler.java:97)
	at android.os.ShellCommand.exec(ShellCommand.java:38)
	at com.android.providers.settings.SettingsService.onShellCommand(SettingsService.java:50)
	at android.os.Binder.shellCommand(Binder.java:1237)
	at android.os.Binder.onTransact(Binder.java:1050)
	at android.os.Binder.execTransactInternal(Binder.java:1512)
	at android.os.Binder.execTransact(Binder.java:1451)

[38;5;116m[f6915652][0m[38;5;-113m[AndroidUiautomator2Driver@5cbd][0m Hidden API policy (https://developer.android.com/guide/app-compatibility/restrictions-non-sdk-interfaces) cannot be enabled. This might be happening because the device under test is not configured properly. Please check https://github.com/appium/appium/issues/13802 for more details. You could also set the "appium:ignoreHiddenApiPolicyError" capability to true in order to ignore this error, which might later lead to unexpected crashes or behavior of the automation server. Original error: Error executing adbExec. Original error: 'Command '/Users/gv.vignesh/.katalon/tools/android_sdk/platform-tools/adb -P 5037 -s adb-a6e538dc5180-rpwVK8._adb-tls-connect._tcp shell 'settings put global hidden_api_policy_pre_p_apps 1;settings put global hidden_api_policy_p_apps 1;settings put global hidden_api_policy 1'' exited with code 255'; Command output: 
Exception occurred while executing 'put':
java.lang.SecurityException: Permission denial, must have one of: [android.permission.WRITE_SECURE_SETTINGS]
	at com.android.providers.settings.SettingsProvider.enforceHasAtLeastOnePermission(SettingsProvider.java:2479)
	at com.android.providers.settings.SettingsProvider.mutateGlobalSetting(SettingsProvider.java:1555)
	at com.android.providers.settings.SettingsProvider.insertGlobalSetting(SettingsProvider.java:1509)
	at com.android.providers.settings.SettingsProvider.call(SettingsProvider.java:480)
	at android.content.ContentProvider.call(ContentProvider.java:2736)
	at android.content.ContentProvider$Transport.call(ContentProvider.java:639)
	at com.android.providers.settings.SettingsService$MyShellCommand.putForUser(SettingsService.java:382)
	at com.android.providers.settings.SettingsService$MyShellCommand.onCommand(SettingsService.java:278)
	at com.android.modules.utils.BasicShellCommandHandler.exec(BasicShellCommandHandler.java:97)
	at android.os.ShellCommand.exec(ShellCommand.java:38)
	at com.android.providers.settings.SettingsService.onShellCommand(SettingsService.java:50)
	at android.os.Binder.shellCommand(Binder.java:1237)
	at android.os.Binder.onTransact(Binder.java:1050)
	at android.os.Binder.execTransactInternal(Binder.java:1512)
	at android.os.Binder.execTransact(Binder.java:1451)

Exception occurred while executing 'put':
java.lang.SecurityException: Permission denial, must have one of: [android.permission.WRITE_SECURE_SETTINGS]
	at com.android.providers.settings.SettingsProvider.enforceHasAtLeastOnePermission(SettingsProvider.java:2479)
	at com.android.providers.settings.SettingsProvider.mutateGlobalSetting(SettingsProvider.java:1555)
	at com.android.providers.settings.SettingsProvider.insertGlobalSetting(SettingsProvider.java:1509)
	at com.android.providers.settings.SettingsProvider.call(SettingsProvider.java:480)
	at android.content.ContentProvider.call(ContentProvider.java:2736)
	at android.content.ContentProvider$Transport.call(ContentProvider.java:639)
	at com.android.providers.settings.SettingsService$MyShellCommand.putForUser(SettingsService.java:382)
	at com.android.providers.settings.SettingsService$MyShellCommand.onCommand(SettingsService.java:278)
	at com.android.modules.utils.BasicShellCommandHandler.exec(BasicShellCommandHandler.java:97)
	at android.os.ShellCommand.exec(ShellCommand.java:38)
	at com.android.providers.settings.SettingsService.onShellCommand(SettingsService.java:50)
	at android.os.Binder.shellCommand(Binder.java:1237)
	at android.os.Binder.onTransact(Binder.java:1050)
	at android.os.Binder.execTransactInternal(Binder.java:1512)
	at android.os.Binder.execTransact(Binder.java:1451)

Exception occurred while executing 'put':
java.lang.SecurityException: Permission denial, must have one of: [android.permission.WRITE_SECURE_SETTINGS]
	at com.android.providers.settings.SettingsProvider.enforceHasAtLeastOnePermission(SettingsProvider.java:2479)
	at com.android.providers.settings.SettingsProvider.mutateGlobalSetting(SettingsProvider.java:1555)
	at com.android.providers.settings.SettingsProvider.insertGlobalSetting(SettingsProvider.java:1509)
	at com.android.providers.settings.SettingsProvider.call(SettingsProvider.java:480)
	at android.content.ContentProvider.call(ContentProvider.java:2736)
	at android.content.ContentProvider$Transport.call(ContentProvider.java:639)
	at com.android.providers.settings.SettingsService$MyShellCommand.putForUser(SettingsService.java:382)
	at com.android.providers.settings.SettingsService$MyShellCommand.onCommand(SettingsService.java:278)
	at com.android.modules.utils.BasicShellCommandHandler.exec(BasicShellCommandHandler.java:97)
	at android.os.ShellCommand.exec(ShellCommand.java:38)
	at com.android.providers.settings.SettingsService.onShellCommand(SettingsService.java:50)
	at android.os.Binder.shellCommand(Binder.java:1237)
	at android.os.Binder.onTransact(Binder.java:1050)
	at android.os.Binder.execTransactInternal(Binder.java:1512)
	at android.os.Binder.execTransact(Binder.java:1451)

[38;5;84m[0ce4e57c][0m[38;5;-122m[AndroidUiautomator2Driver@a185][0m Hidden API policy (https://developer.android.com/guide/app-compatibility/restrictions-non-sdk-interfaces) cannot be enabled. This might be happening because the device under test is not configured properly. Please check https://github.com/appium/appium/issues/13802 for more details. You could also set the "appium:ignoreHiddenApiPolicyError" capability to true in order to ignore this error, which might later lead to unexpected crashes or behavior of the automation server. Original error: Error executing adbExec. Original error: 'Command '/Users/gv.vignesh/.katalon/tools/android_sdk/platform-tools/adb -P 5037 -s adb-a6e538dc5180-rpwVK8._adb-tls-connect._tcp shell 'settings put global hidden_api_policy_pre_p_apps 1;settings put global hidden_api_policy_p_apps 1;settings put global hidden_api_policy 1'' exited with code 255'; Command output: 
Exception occurred while executing 'put':
java.lang.SecurityException: Permission denial, must have one of: [android.permission.WRITE_SECURE_SETTINGS]
	at com.android.providers.settings.SettingsProvider.enforceHasAtLeastOnePermission(SettingsProvider.java:2479)
	at com.android.providers.settings.SettingsProvider.mutateGlobalSetting(SettingsProvider.java:1555)
	at com.android.providers.settings.SettingsProvider.insertGlobalSetting(SettingsProvider.java:1509)
	at com.android.providers.settings.SettingsProvider.call(SettingsProvider.java:480)
	at android.content.ContentProvider.call(ContentProvider.java:2736)
	at android.content.ContentProvider$Transport.call(ContentProvider.java:639)
	at com.android.providers.settings.SettingsService$MyShellCommand.putForUser(SettingsService.java:382)
	at com.android.providers.settings.SettingsService$MyShellCommand.onCommand(SettingsService.java:278)
	at com.android.modules.utils.BasicShellCommandHandler.exec(BasicShellCommandHandler.java:97)
	at android.os.ShellCommand.exec(ShellCommand.java:38)
	at com.android.providers.settings.SettingsService.onShellCommand(SettingsService.java:50)
	at android.os.Binder.shellCommand(Binder.java:1237)
	at android.os.Binder.onTransact(Binder.java:1050)
	at android.os.Binder.execTransactInternal(Binder.java:1512)
	at android.os.Binder.execTransact(Binder.java:1451)

Exception occurred while executing 'put':
java.lang.SecurityException: Permission denial, must have one of: [android.permission.WRITE_SECURE_SETTINGS]
	at com.android.providers.settings.SettingsProvider.enforceHasAtLeastOnePermission(SettingsProvider.java:2479)
	at com.android.providers.settings.SettingsProvider.mutateGlobalSetting(SettingsProvider.java:1555)
	at com.android.providers.settings.SettingsProvider.insertGlobalSetting(SettingsProvider.java:1509)
	at com.android.providers.settings.SettingsProvider.call(SettingsProvider.java:480)
	at android.content.ContentProvider.call(ContentProvider.java:2736)
	at android.content.ContentProvider$Transport.call(ContentProvider.java:639)
	at com.android.providers.settings.SettingsService$MyShellCommand.putForUser(SettingsService.java:382)
	at com.android.providers.settings.SettingsService$MyShellCommand.onCommand(SettingsService.java:278)
	at com.android.modules.utils.BasicShellCommandHandler.exec(BasicShellCommandHandler.java:97)
	at android.os.ShellCommand.exec(ShellCommand.java:38)
	at com.android.providers.settings.SettingsService.onShellCommand(SettingsService.java:50)
	at android.os.Binder.shellCommand(Binder.java:1237)
	at android.os.Binder.onTransact(Binder.java:1050)
	at android.os.Binder.execTransactInternal(Binder.java:1512)
	at android.os.Binder.execTransact(Binder.java:1451)

Exception occurred while executing 'put':
java.lang.SecurityException: Permission denial, must have one of: [android.permission.WRITE_SECURE_SETTINGS]
	at com.android.providers.settings.SettingsProvider.enforceHasAtLeastOnePermission(SettingsProvider.java:2479)
	at com.android.providers.settings.SettingsProvider.mutateGlobalSetting(SettingsProvider.java:1555)
	at com.android.providers.settings.SettingsProvider.insertGlobalSetting(SettingsProvider.java:1509)
	at com.android.providers.settings.SettingsProvider.call(SettingsProvider.java:480)
	at android.content.ContentProvider.call(ContentProvider.java:2736)
	at android.content.ContentProvider$Transport.call(ContentProvider.java:639)
	at com.android.providers.settings.SettingsService$MyShellCommand.putForUser(SettingsService.java:382)
	at com.android.providers.settings.SettingsService$MyShellCommand.onCommand(SettingsService.java:278)
	at com.android.modules.utils.BasicShellCommandHandler.exec(BasicShellCommandHandler.java:97)
	at android.os.ShellCommand.exec(ShellCommand.java:38)
	at com.android.providers.settings.SettingsService.onShellCommand(SettingsService.java:50)
	at android.os.Binder.shellCommand(Binder.java:1237)
	at android.os.Binder.onTransact(Binder.java:1050)
	at android.os.Binder.execTransactInternal(Binder.java:1512)
	at android.os.Binder.execTransact(Binder.java:1451)

[38;5;217m[3d9c403e][0m[38;5;-121m[AndroidUiautomator2Driver@6840][0m Hidden API policy (https://developer.android.com/guide/app-compatibility/restrictions-non-sdk-interfaces) cannot be enabled. This might be happening because the device under test is not configured properly. Please check https://github.com/appium/appium/issues/13802 for more details. You could also set the "appium:ignoreHiddenApiPolicyError" capability to true in order to ignore this error, which might later lead to unexpected crashes or behavior of the automation server. Original error: Error executing adbExec. Original error: 'Command '/Users/gv.vignesh/.katalon/tools/android_sdk/platform-tools/adb -P 5037 -s adb-a6e538dc5180-rpwVK8._adb-tls-connect._tcp shell 'settings put global hidden_api_policy_pre_p_apps 1;settings put global hidden_api_policy_p_apps 1;settings put global hidden_api_policy 1'' exited with code 255'; Command output: 
Exception occurred while executing 'put':
java.lang.SecurityException: Permission denial, must have one of: [android.permission.WRITE_SECURE_SETTINGS]
	at com.android.providers.settings.SettingsProvider.enforceHasAtLeastOnePermission(SettingsProvider.java:2479)
	at com.android.providers.settings.SettingsProvider.mutateGlobalSetting(SettingsProvider.java:1555)
	at com.android.providers.settings.SettingsProvider.insertGlobalSetting(SettingsProvider.java:1509)
	at com.android.providers.settings.SettingsProvider.call(SettingsProvider.java:480)
	at android.content.ContentProvider.call(ContentProvider.java:2736)
	at android.content.ContentProvider$Transport.call(ContentProvider.java:639)
	at com.android.providers.settings.SettingsService$MyShellCommand.putForUser(SettingsService.java:382)
	at com.android.providers.settings.SettingsService$MyShellCommand.onCommand(SettingsService.java:278)
	at com.android.modules.utils.BasicShellCommandHandler.exec(BasicShellCommandHandler.java:97)
	at android.os.ShellCommand.exec(ShellCommand.java:38)
	at com.android.providers.settings.SettingsService.onShellCommand(SettingsService.java:50)
	at android.os.Binder.shellCommand(Binder.java:1237)
	at android.os.Binder.onTransact(Binder.java:1050)
	at android.os.Binder.execTransactInternal(Binder.java:1512)
	at android.os.Binder.execTransact(Binder.java:1451)

Exception occurred while executing 'put':
java.lang.SecurityException: Permission denial, must have one of: [android.permission.WRITE_SECURE_SETTINGS]
	at com.android.providers.settings.SettingsProvider.enforceHasAtLeastOnePermission(SettingsProvider.java:2479)
	at com.android.providers.settings.SettingsProvider.mutateGlobalSetting(SettingsProvider.java:1555)
	at com.android.providers.settings.SettingsProvider.insertGlobalSetting(SettingsProvider.java:1509)
	at com.android.providers.settings.SettingsProvider.call(SettingsProvider.java:480)
	at android.content.ContentProvider.call(ContentProvider.java:2736)
	at android.content.ContentProvider$Transport.call(ContentProvider.java:639)
	at com.android.providers.settings.SettingsService$MyShellCommand.putForUser(SettingsService.java:382)
	at com.android.providers.settings.SettingsService$MyShellCommand.onCommand(SettingsService.java:278)
	at com.android.modules.utils.BasicShellCommandHandler.exec(BasicShellCommandHandler.java:97)
	at android.os.ShellCommand.exec(ShellCommand.java:38)
	at com.android.providers.settings.SettingsService.onShellCommand(SettingsService.java:50)
	at android.os.Binder.shellCommand(Binder.java:1237)
	at android.os.Binder.onTransact(Binder.java:1050)
	at android.os.Binder.execTransactInternal(Binder.java:1512)
	at android.os.Binder.execTransact(Binder.java:1451)

Exception occurred while executing 'put':
java.lang.SecurityException: Permission denial, must have one of: [android.permission.WRITE_SECURE_SETTINGS]
	at com.android.providers.settings.SettingsProvider.enforceHasAtLeastOnePermission(SettingsProvider.java:2479)
	at com.android.providers.settings.SettingsProvider.mutateGlobalSetting(SettingsProvider.java:1555)
	at com.android.providers.settings.SettingsProvider.insertGlobalSetting(SettingsProvider.java:1509)
	at com.android.providers.settings.SettingsProvider.call(SettingsProvider.java:480)
	at android.content.ContentProvider.call(ContentProvider.java:2736)
	at android.content.ContentProvider$Transport.call(ContentProvider.java:639)
	at com.android.providers.settings.SettingsService$MyShellCommand.putForUser(SettingsService.java:382)
	at com.android.providers.settings.SettingsService$MyShellCommand.onCommand(SettingsService.java:278)
	at com.android.modules.utils.BasicShellCommandHandler.exec(BasicShellCommandHandler.java:97)
	at android.os.ShellCommand.exec(ShellCommand.java:38)
	at com.android.providers.settings.SettingsService.onShellCommand(SettingsService.java:50)
	at android.os.Binder.shellCommand(Binder.java:1237)
	at android.os.Binder.onTransact(Binder.java:1050)
	at android.os.Binder.execTransactInternal(Binder.java:1512)
	at android.os.Binder.execTransact(Binder.java:1451)

[38;5;150m[b407a743][0m[38;5;-162m[AndroidUiautomator2Driver@1dc5][0m Hidden API policy (https://developer.android.com/guide/app-compatibility/restrictions-non-sdk-interfaces) cannot be enabled. This might be happening because the device under test is not configured properly. Please check https://github.com/appium/appium/issues/13802 for more details. You could also set the "appium:ignoreHiddenApiPolicyError" capability to true in order to ignore this error, which might later lead to unexpected crashes or behavior of the automation server. Original error: Error executing adbExec. Original error: 'Command '/Users/gv.vignesh/.katalon/tools/android_sdk/platform-tools/adb -P 5037 -s adb-a6e538dc5180-rpwVK8._adb-tls-connect._tcp shell 'settings put global hidden_api_policy_pre_p_apps 1;settings put global hidden_api_policy_p_apps 1;settings put global hidden_api_policy 1'' exited with code 255'; Command output: 
Exception occurred while executing 'put':
java.lang.SecurityException: Permission denial, must have one of: [android.permission.WRITE_SECURE_SETTINGS]
	at com.android.providers.settings.SettingsProvider.enforceHasAtLeastOnePermission(SettingsProvider.java:2479)
	at com.android.providers.settings.SettingsProvider.mutateGlobalSetting(SettingsProvider.java:1555)
	at com.android.providers.settings.SettingsProvider.insertGlobalSetting(SettingsProvider.java:1509)
	at com.android.providers.settings.SettingsProvider.call(SettingsProvider.java:480)
	at android.content.ContentProvider.call(ContentProvider.java:2736)
	at android.content.ContentProvider$Transport.call(ContentProvider.java:639)
	at com.android.providers.settings.SettingsService$MyShellCommand.putForUser(SettingsService.java:382)
	at com.android.providers.settings.SettingsService$MyShellCommand.onCommand(SettingsService.java:278)
	at com.android.modules.utils.BasicShellCommandHandler.exec(BasicShellCommandHandler.java:97)
	at android.os.ShellCommand.exec(ShellCommand.java:38)
	at com.android.providers.settings.SettingsService.onShellCommand(SettingsService.java:50)
	at android.os.Binder.shellCommand(Binder.java:1237)
	at android.os.Binder.onTransact(Binder.java:1050)
	at android.os.Binder.execTransactInternal(Binder.java:1512)
	at android.os.Binder.execTransact(Binder.java:1451)

Exception occurred while executing 'put':
java.lang.SecurityException: Permission denial, must have one of: [android.permission.WRITE_SECURE_SETTINGS]
	at com.android.providers.settings.SettingsProvider.enforceHasAtLeastOnePermission(SettingsProvider.java:2479)
	at com.android.providers.settings.SettingsProvider.mutateGlobalSetting(SettingsProvider.java:1555)
	at com.android.providers.settings.SettingsProvider.insertGlobalSetting(SettingsProvider.java:1509)
	at com.android.providers.settings.SettingsProvider.call(SettingsProvider.java:480)
	at android.content.ContentProvider.call(ContentProvider.java:2736)
	at android.content.ContentProvider$Transport.call(ContentProvider.java:639)
	at com.android.providers.settings.SettingsService$MyShellCommand.putForUser(SettingsService.java:382)
	at com.android.providers.settings.SettingsService$MyShellCommand.onCommand(SettingsService.java:278)
	at com.android.modules.utils.BasicShellCommandHandler.exec(BasicShellCommandHandler.java:97)
	at android.os.ShellCommand.exec(ShellCommand.java:38)
	at com.android.providers.settings.SettingsService.onShellCommand(SettingsService.java:50)
	at android.os.Binder.shellCommand(Binder.java:1237)
	at android.os.Binder.onTransact(Binder.java:1050)
	at android.os.Binder.execTransactInternal(Binder.java:1512)
	at android.os.Binder.execTransact(Binder.java:1451)

Exception occurred while executing 'put':
java.lang.SecurityException: Permission denial, must have one of: [android.permission.WRITE_SECURE_SETTINGS]
	at com.android.providers.settings.SettingsProvider.enforceHasAtLeastOnePermission(SettingsProvider.java:2479)
	at com.android.providers.settings.SettingsProvider.mutateGlobalSetting(SettingsProvider.java:1555)
	at com.android.providers.settings.SettingsProvider.insertGlobalSetting(SettingsProvider.java:1509)
	at com.android.providers.settings.SettingsProvider.call(SettingsProvider.java:480)
	at android.content.ContentProvider.call(ContentProvider.java:2736)
	at android.content.ContentProvider$Transport.call(ContentProvider.java:639)
	at com.android.providers.settings.SettingsService$MyShellCommand.putForUser(SettingsService.java:382)
	at com.android.providers.settings.SettingsService$MyShellCommand.onCommand(SettingsService.java:278)
	at com.android.modules.utils.BasicShellCommandHandler.exec(BasicShellCommandHandler.java:97)
	at android.os.ShellCommand.exec(ShellCommand.java:38)
	at com.android.providers.settings.SettingsService.onShellCommand(SettingsService.java:50)
	at android.os.Binder.shellCommand(Binder.java:1237)
	at android.os.Binder.onTransact(Binder.java:1050)
	at android.os.Binder.execTransactInternal(Binder.java:1512)
	at android.os.Binder.execTransact(Binder.java:1451)

[38;5;60m[6d08b5de][0m[38;5;-138m[AndroidUiautomator2Driver@0e11][0m Hidden API policy (https://developer.android.com/guide/app-compatibility/restrictions-non-sdk-interfaces) cannot be enabled. This might be happening because the device under test is not configured properly. Please check https://github.com/appium/appium/issues/13802 for more details. You could also set the "appium:ignoreHiddenApiPolicyError" capability to true in order to ignore this error, which might later lead to unexpected crashes or behavior of the automation server. Original error: Error executing adbExec. Original error: 'Command '/Users/gv.vignesh/.katalon/tools/android_sdk/platform-tools/adb -P 5037 -s adb-a6e538dc5180-rpwVK8._adb-tls-connect._tcp shell 'settings put global hidden_api_policy_pre_p_apps 1;settings put global hidden_api_policy_p_apps 1;settings put global hidden_api_policy 1'' exited with code 255'; Command output: 
Exception occurred while executing 'put':
java.lang.SecurityException: Permission denial, must have one of: [android.permission.WRITE_SECURE_SETTINGS]
	at com.android.providers.settings.SettingsProvider.enforceHasAtLeastOnePermission(SettingsProvider.java:2479)
	at com.android.providers.settings.SettingsProvider.mutateGlobalSetting(SettingsProvider.java:1555)
	at com.android.providers.settings.SettingsProvider.insertGlobalSetting(SettingsProvider.java:1509)
	at com.android.providers.settings.SettingsProvider.call(SettingsProvider.java:480)
	at android.content.ContentProvider.call(ContentProvider.java:2736)
	at android.content.ContentProvider$Transport.call(ContentProvider.java:639)
	at com.android.providers.settings.SettingsService$MyShellCommand.putForUser(SettingsService.java:382)
	at com.android.providers.settings.SettingsService$MyShellCommand.onCommand(SettingsService.java:278)
	at com.android.modules.utils.BasicShellCommandHandler.exec(BasicShellCommandHandler.java:97)
	at android.os.ShellCommand.exec(ShellCommand.java:38)
	at com.android.providers.settings.SettingsService.onShellCommand(SettingsService.java:50)
	at android.os.Binder.shellCommand(Binder.java:1237)
	at android.os.Binder.onTransact(Binder.java:1050)
	at android.os.Binder.execTransactInternal(Binder.java:1512)
	at android.os.Binder.execTransact(Binder.java:1451)

Exception occurred while executing 'put':
java.lang.SecurityException: Permission denial, must have one of: [android.permission.WRITE_SECURE_SETTINGS]
	at com.android.providers.settings.SettingsProvider.enforceHasAtLeastOnePermission(SettingsProvider.java:2479)
	at com.android.providers.settings.SettingsProvider.mutateGlobalSetting(SettingsProvider.java:1555)
	at com.android.providers.settings.SettingsProvider.insertGlobalSetting(SettingsProvider.java:1509)
	at com.android.providers.settings.SettingsProvider.call(SettingsProvider.java:480)
	at android.content.ContentProvider.call(ContentProvider.java:2736)
	at android.content.ContentProvider$Transport.call(ContentProvider.java:639)
	at com.android.providers.settings.SettingsService$MyShellCommand.putForUser(SettingsService.java:382)
	at com.android.providers.settings.SettingsService$MyShellCommand.onCommand(SettingsService.java:278)
	at com.android.modules.utils.BasicShellCommandHandler.exec(BasicShellCommandHandler.java:97)
	at android.os.ShellCommand.exec(ShellCommand.java:38)
	at com.android.providers.settings.SettingsService.onShellCommand(SettingsService.java:50)
	at android.os.Binder.shellCommand(Binder.java:1237)
	at android.os.Binder.onTransact(Binder.java:1050)
	at android.os.Binder.execTransactInternal(Binder.java:1512)
	at android.os.Binder.execTransact(Binder.java:1451)

Exception occurred while executing 'put':
java.lang.SecurityException: Permission denial, must have one of: [android.permission.WRITE_SECURE_SETTINGS]
	at com.android.providers.settings.SettingsProvider.enforceHasAtLeastOnePermission(SettingsProvider.java:2479)
	at com.android.providers.settings.SettingsProvider.mutateGlobalSetting(SettingsProvider.java:1555)
	at com.android.providers.settings.SettingsProvider.insertGlobalSetting(SettingsProvider.java:1509)
	at com.android.providers.settings.SettingsProvider.call(SettingsProvider.java:480)
	at android.content.ContentProvider.call(ContentProvider.java:2736)
	at android.content.ContentProvider$Transport.call(ContentProvider.java:639)
	at com.android.providers.settings.SettingsService$MyShellCommand.putForUser(SettingsService.java:382)
	at com.android.providers.settings.SettingsService$MyShellCommand.onCommand(SettingsService.java:278)
	at com.android.modules.utils.BasicShellCommandHandler.exec(BasicShellCommandHandler.java:97)
	at android.os.ShellCommand.exec(ShellCommand.java:38)
	at com.android.providers.settings.SettingsService.onShellCommand(SettingsService.java:50)
	at android.os.Binder.shellCommand(Binder.java:1237)
	at android.os.Binder.onTransact(Binder.java:1050)
	at android.os.Binder.execTransactInternal(Binder.java:1512)
	at android.os.Binder.execTransact(Binder.java:1451)

[38;5;186m[bac912a5][0m[38;5;0m[AndroidUiautomator2Driver@7091][0m Hidden API policy (https://developer.android.com/guide/app-compatibility/restrictions-non-sdk-interfaces) cannot be enabled. This might be happening because the device under test is not configured properly. Please check https://github.com/appium/appium/issues/13802 for more details. You could also set the "appium:ignoreHiddenApiPolicyError" capability to true in order to ignore this error, which might later lead to unexpected crashes or behavior of the automation server. Original error: Error executing adbExec. Original error: 'Command '/Users/gv.vignesh/.katalon/tools/android_sdk/platform-tools/adb -P 5037 -s adb-a6e538dc5180-rpwVK8._adb-tls-connect._tcp shell 'settings put global hidden_api_policy_pre_p_apps 1;settings put global hidden_api_policy_p_apps 1;settings put global hidden_api_policy 1'' exited with code 255'; Command output: 
Exception occurred while executing 'put':
java.lang.SecurityException: Permission denial, must have one of: [android.permission.WRITE_SECURE_SETTINGS]
	at com.android.providers.settings.SettingsProvider.enforceHasAtLeastOnePermission(SettingsProvider.java:2479)
	at com.android.providers.settings.SettingsProvider.mutateGlobalSetting(SettingsProvider.java:1555)
	at com.android.providers.settings.SettingsProvider.insertGlobalSetting(SettingsProvider.java:1509)
	at com.android.providers.settings.SettingsProvider.call(SettingsProvider.java:480)
	at android.content.ContentProvider.call(ContentProvider.java:2736)
	at android.content.ContentProvider$Transport.call(ContentProvider.java:639)
	at com.android.providers.settings.SettingsService$MyShellCommand.putForUser(SettingsService.java:382)
	at com.android.providers.settings.SettingsService$MyShellCommand.onCommand(SettingsService.java:278)
	at com.android.modules.utils.BasicShellCommandHandler.exec(BasicShellCommandHandler.java:97)
	at android.os.ShellCommand.exec(ShellCommand.java:38)
	at com.android.providers.settings.SettingsService.onShellCommand(SettingsService.java:50)
	at android.os.Binder.shellCommand(Binder.java:1237)
	at android.os.Binder.onTransact(Binder.java:1050)
	at android.os.Binder.execTransactInternal(Binder.java:1512)
	at android.os.Binder.execTransact(Binder.java:1451)

Exception occurred while executing 'put':
java.lang.SecurityException: Permission denial, must have one of: [android.permission.WRITE_SECURE_SETTINGS]
	at com.android.providers.settings.SettingsProvider.enforceHasAtLeastOnePermission(SettingsProvider.java:2479)
	at com.android.providers.settings.SettingsProvider.mutateGlobalSetting(SettingsProvider.java:1555)
	at com.android.providers.settings.SettingsProvider.insertGlobalSetting(SettingsProvider.java:1509)
	at com.android.providers.settings.SettingsProvider.call(SettingsProvider.java:480)
	at android.content.ContentProvider.call(ContentProvider.java:2736)
	at android.content.ContentProvider$Transport.call(ContentProvider.java:639)
	at com.android.providers.settings.SettingsService$MyShellCommand.putForUser(SettingsService.java:382)
	at com.android.providers.settings.SettingsService$MyShellCommand.onCommand(SettingsService.java:278)
	at com.android.modules.utils.BasicShellCommandHandler.exec(BasicShellCommandHandler.java:97)
	at android.os.ShellCommand.exec(ShellCommand.java:38)
	at com.android.providers.settings.SettingsService.onShellCommand(SettingsService.java:50)
	at android.os.Binder.shellCommand(Binder.java:1237)
	at android.os.Binder.onTransact(Binder.java:1050)
	at android.os.Binder.execTransactInternal(Binder.java:1512)
	at android.os.Binder.execTransact(Binder.java:1451)

Exception occurred while executing 'put':
java.lang.SecurityException: Permission denial, must have one of: [android.permission.WRITE_SECURE_SETTINGS]
	at com.android.providers.settings.SettingsProvider.enforceHasAtLeastOnePermission(SettingsProvider.java:2479)
	at com.android.providers.settings.SettingsProvider.mutateGlobalSetting(SettingsProvider.java:1555)
	at com.android.providers.settings.SettingsProvider.insertGlobalSetting(SettingsProvider.java:1509)
	at com.android.providers.settings.SettingsProvider.call(SettingsProvider.java:480)
	at android.content.ContentProvider.call(ContentProvider.java:2736)
	at android.content.ContentProvider$Transport.call(ContentProvider.java:639)
	at com.android.providers.settings.SettingsService$MyShellCommand.putForUser(SettingsService.java:382)
	at com.android.providers.settings.SettingsService$MyShellCommand.onCommand(SettingsService.java:278)
	at com.android.modules.utils.BasicShellCommandHandler.exec(BasicShellCommandHandler.java:97)
	at android.os.ShellCommand.exec(ShellCommand.java:38)
	at com.android.providers.settings.SettingsService.onShellCommand(SettingsService.java:50)
	at android.os.Binder.shellCommand(Binder.java:1237)
	at android.os.Binder.onTransact(Binder.java:1050)
	at android.os.Binder.execTransactInternal(Binder.java:1512)
	at android.os.Binder.execTransact(Binder.java:1451)

